0 errors cleared
t=0 V=4.17229 A=0.00967625 W=0.0403721 mAh_cumul=0 Wh_cumul=0 
t=2 V=4.17229 A=0.0096769 W=0.0403748 mAh_cumul=0.00537606 Wh_cumul=2.24305e-05 
t=3 V=4.18354 A=0.500686 W=2.09464 mAh_cumul=0.144455 Wh_cumul=0.000604275 
t=4 V=4.18461 A=0.500499 W=2.09439 mAh_cumul=0.283483 Wh_cumul=0.00118605 
t=5 V=4.18526 A=0.500464 W=2.09457 mAh_cumul=0.422501 Wh_cumul=0.00176788 
t=6 V=4.18587 A=0.500459 W=2.09486 mAh_cumul=0.561517 Wh_cumul=0.00234978 
t=7 V=4.18635 A=0.500458 W=2.09509 mAh_cumul=0.700533 Wh_cumul=0.00293175 
t=8 V=4.18679 A=0.500437 W=2.09522 mAh_cumul=0.839544 Wh_cumul=0.00351376 
t=9 V=4.18722 A=0.500433 W=2.09542 mAh_cumul=0.978553 Wh_cumul=0.00409582 
t=10 V=4.18758 A=0.500432 W=2.0956 mAh_cumul=1.11756 Wh_cumul=0.00467793 
t=11 V=4.18799 A=0.500424 W=2.09577 mAh_cumul=1.25657 Wh_cumul=0.00526009 
t=12 V=4.18833 A=0.500424 W=2.09594 mAh_cumul=1.39557 Wh_cumul=0.00584229 
t=13 V=4.18867 A=0.500437 W=2.09617 mAh_cumul=1.53459 Wh_cumul=0.00642456 
t=14 V=4.189 A=0.50042 W=2.09626 mAh_cumul=1.67359 Wh_cumul=0.00700686 
t=15 V=4.18934 A=0.500417 W=2.09642 mAh_cumul=1.8126 Wh_cumul=0.0075892 
t=16 V=4.18962 A=0.500422 W=2.09658 mAh_cumul=1.9516 Wh_cumul=0.00817158 
t=17 V=4.18991 A=0.500414 W=2.09669 mAh_cumul=2.09061 Wh_cumul=0.00875399 
t=18 V=4.19017 A=0.500409 W=2.0968 mAh_cumul=2.22961 Wh_cumul=0.00933644 
t=19 V=4.19044 A=0.500413 W=2.09695 mAh_cumul=2.36861 Wh_cumul=0.00991892 
t=20 V=4.19069 A=0.500417 W=2.09709 mAh_cumul=2.50762 Wh_cumul=0.0105014 
t=21 V=4.19099 A=0.500412 W=2.09722 mAh_cumul=2.64662 Wh_cumul=0.011084 
t=22 V=4.19126 A=0.500417 W=2.09738 mAh_cumul=2.78562 Wh_cumul=0.0116666 
t=23 V=4.19151 A=0.500415 W=2.09749 mAh_cumul=2.92463 Wh_cumul=0.0122493 
t=24 V=4.19176 A=0.500423 W=2.09765 mAh_cumul=3.06363 Wh_cumul=0.0128319 
t=25 V=4.192 A=0.500413 W=2.09773 mAh_cumul=3.20264 Wh_cumul=0.0134146 
t=26 V=4.19222 A=0.500422 W=2.09788 mAh_cumul=3.34164 Wh_cumul=0.0139974 
t=27 V=4.19248 A=0.500415 W=2.09798 mAh_cumul=3.48065 Wh_cumul=0.0145802 
t=28 V=4.19271 A=0.50042 W=2.09812 mAh_cumul=3.61965 Wh_cumul=0.015163 
t=29 V=4.1929 A=0.500413 W=2.09818 mAh_cumul=3.75866 Wh_cumul=0.0157458 
t=30 V=4.19315 A=0.500413 W=2.09831 mAh_cumul=3.89766 Wh_cumul=0.0163287 
t=31 V=4.19337 A=0.50041 W=2.0984 mAh_cumul=4.03666 Wh_cumul=0.0169115 
t=32 V=4.1936 A=0.500413 W=2.09853 mAh_cumul=4.17567 Wh_cumul=0.0174945 
t=33 V=4.19387 A=0.500416 W=2.09868 mAh_cumul=4.31467 Wh_cumul=0.0180774 
t=34 V=4.19406 A=0.500408 W=2.09874 mAh_cumul=4.45367 Wh_cumul=0.0186604 
t=35 V=4.19427 A=0.500406 W=2.09884 mAh_cumul=4.59268 Wh_cumul=0.0192434 
t=36 V=4.1945 A=0.500414 W=2.09899 mAh_cumul=4.73168 Wh_cumul=0.0198265 
t=37 V=4.19471 A=0.500404 W=2.09905 mAh_cumul=4.87068 Wh_cumul=0.0204096 
t=38 V=4.19495 A=0.500413 W=2.09921 mAh_cumul=5.00968 Wh_cumul=0.0209927 
t=39 V=4.19509 A=0.500394 W=2.0992 mAh_cumul=5.14868 Wh_cumul=0.0215758 
t=40 V=4.19532 A=0.500401 W=2.09934 mAh_cumul=5.28768 Wh_cumul=0.0221589 
t=41 V=4.1955 A=0.500403 W=2.09944 mAh_cumul=5.42668 Wh_cumul=0.0227421 
t=42 V=4.1957 A=0.500406 W=2.09955 mAh_cumul=5.56569 Wh_cumul=0.0233253 
t=43 V=4.19589 A=0.500406 W=2.09965 mAh_cumul=5.70469 Wh_cumul=0.0239085 
t=44 V=4.1961 A=0.500411 W=2.09977 mAh_cumul=5.84369 Wh_cumul=0.0244918 
t=45 V=4.19628 A=0.500404 W=2.09984 mAh_cumul=5.98269 Wh_cumul=0.0250751 
t=46 V=4.19647 A=0.5004 W=2.09991 mAh_cumul=6.12169 Wh_cumul=0.0256584 
t=47 V=4.19667 A=0.500407 W=2.10004 mAh_cumul=6.26069 Wh_cumul=0.0262418 
t=48 V=4.19684 A=0.500402 W=2.10011 mAh_cumul=6.39969 Wh_cumul=0.0268251 
t=49 V=4.19705 A=0.500421 W=2.10029 mAh_cumul=6.5387 Wh_cumul=0.0274085 
t=50 V=4.19725 A=0.500392 W=2.10027 mAh_cumul=6.6777 Wh_cumul=0.0279919 
t=51 V=4.19741 A=0.500407 W=2.10041 mAh_cumul=6.8167 Wh_cumul=0.0285754 
t=52 V=4.19762 A=0.500401 W=2.10049 mAh_cumul=6.9557 Wh_cumul=0.0291589 
t=53 V=4.1978 A=0.500406 W=2.1006 mAh_cumul=7.0947 Wh_cumul=0.0297424 
t=54 V=4.19799 A=0.500401 W=2.10068 mAh_cumul=7.2337 Wh_cumul=0.0303259 
t=55 V=4.19818 A=0.500409 W=2.10081 mAh_cumul=7.3727 Wh_cumul=0.0309094 
t=56 V=4.19836 A=0.500408 W=2.10089 mAh_cumul=7.51171 Wh_cumul=0.031493 
t=57 V=4.19852 A=0.500409 W=2.10098 mAh_cumul=7.65071 Wh_cumul=0.0320766 
t=58 V=4.19874 A=0.500415 W=2.10111 mAh_cumul=7.78971 Wh_cumul=0.0326603 
t=59 V=4.19894 A=0.500401 W=2.10115 mAh_cumul=7.92871 Wh_cumul=0.0332439 
t=60 V=4.19911 A=0.500412 W=2.10129 mAh_cumul=8.06772 Wh_cumul=0.0338276 
t=61 V=4.1993 A=0.500414 W=2.10139 mAh_cumul=8.20672 Wh_cumul=0.0344113 
t=62 V=4.1995 A=0.500411 W=2.10148 mAh_cumul=8.34572 Wh_cumul=0.0349951 
t=63 V=4.1997 A=0.500411 W=2.10158 mAh_cumul=8.48473 Wh_cumul=0.0355789 
t=64 V=4.19982 A=0.500416 W=2.10166 mAh_cumul=8.62373 Wh_cumul=0.0361626 
t=65 V=4.20001 A=0.50042 W=2.10177 mAh_cumul=8.76274 Wh_cumul=0.0367465 
t=66 V=4.20019 A=0.500404 W=2.10179 mAh_cumul=8.90174 Wh_cumul=0.0373303 
t=67 V=4.20037 A=0.50041 W=2.10191 mAh_cumul=9.04074 Wh_cumul=0.0379142 
t=68 V=4.20052 A=0.500405 W=2.10196 mAh_cumul=9.17974 Wh_cumul=0.038498 
t=69 V=4.2007 A=0.500415 W=2.10209 mAh_cumul=9.31875 Wh_cumul=0.039082 
t=70 V=4.20084 A=0.500411 W=2.10215 mAh_cumul=9.45775 Wh_cumul=0.0396659 
t=71 V=4.20106 A=0.500408 W=2.10224 mAh_cumul=9.59675 Wh_cumul=0.0402498 
t=72 V=4.2012 A=0.500412 W=2.10233 mAh_cumul=9.73576 Wh_cumul=0.0408338 
t=73 V=4.20141 A=0.500407 W=2.10241 mAh_cumul=9.87476 Wh_cumul=0.0414178 
t=74 V=4.20158 A=0.500413 W=2.10253 mAh_cumul=10.0138 Wh_cumul=0.0420019 
t=75 V=4.20173 A=0.500408 W=2.10258 mAh_cumul=10.1528 Wh_cumul=0.0425859 
t=76 V=4.20192 A=0.50041 W=2.10268 mAh_cumul=10.2918 Wh_cumul=0.04317 
t=77 V=4.20206 A=0.500413 W=2.10277 mAh_cumul=10.4308 Wh_cumul=0.0437541 
t=78 V=4.20216 A=0.491202 W=2.06411 mAh_cumul=10.5672 Wh_cumul=0.0443275 
t=79 V=4.20216 A=0.485087 W=2.03841 mAh_cumul=10.702 Wh_cumul=0.0448937 
t=80 V=4.20217 A=0.477779 W=2.00771 mAh_cumul=10.8347 Wh_cumul=0.0454514 
t=81 V=4.20215 A=0.469735 W=1.9739 mAh_cumul=10.9652 Wh_cumul=0.0459997 
t=82 V=4.20217 A=0.463551 W=1.94792 mAh_cumul=11.0939 Wh_cumul=0.0465408 
t=83 V=4.20213 A=0.457666 W=1.92317 mAh_cumul=11.2211 Wh_cumul=0.047075 
t=84 V=4.20214 A=0.453134 W=1.90413 mAh_cumul=11.3469 Wh_cumul=0.0476039 
t=85 V=4.20215 A=0.447906 W=1.88217 mAh_cumul=11.4713 Wh_cumul=0.0481267 
t=86 V=4.20216 A=0.442563 W=1.85972 mAh_cumul=11.5943 Wh_cumul=0.0486433 
t=87 V=4.20217 A=0.43766 W=1.83912 mAh_cumul=11.7158 Wh_cumul=0.0491542 
t=88 V=4.20215 A=0.432246 W=1.81636 mAh_cumul=11.8359 Wh_cumul=0.0496587 
t=89 V=4.20218 A=0.427879 W=1.79802 mAh_cumul=11.9548 Wh_cumul=0.0501582 
t=90 V=4.20216 A=0.423172 W=1.77824 mAh_cumul=12.0723 Wh_cumul=0.0506521 
t=91 V=4.20216 A=0.419873 W=1.76437 mAh_cumul=12.189 Wh_cumul=0.0511422 
t=92 V=4.20216 A=0.416211 W=1.74899 mAh_cumul=12.3046 Wh_cumul=0.0516281 
t=93 V=4.20216 A=0.41142 W=1.72885 mAh_cumul=12.4188 Wh_cumul=0.0521083 
t=94 V=4.20215 A=0.407139 W=1.71086 mAh_cumul=12.5319 Wh_cumul=0.0525836 
t=95 V=4.20216 A=0.40319 W=1.69427 mAh_cumul=12.6439 Wh_cumul=0.0530542 
t=96 V=4.20215 A=0.398682 W=1.67532 mAh_cumul=12.7547 Wh_cumul=0.0535196 
t=97 V=4.2022 A=0.395314 W=1.66119 mAh_cumul=12.8645 Wh_cumul=0.053981 
t=98 V=4.20217 A=0.391339 W=1.64447 mAh_cumul=12.9732 Wh_cumul=0.0544378 
t=99 V=4.20215 A=0.387313 W=1.62755 mAh_cumul=13.0808 Wh_cumul=0.0548899 
t=100 V=4.20215 A=0.384 W=1.61363 mAh_cumul=13.1875 Wh_cumul=0.0553381 
t=101 V=4.20215 A=0.37986 W=1.59623 mAh_cumul=13.293 Wh_cumul=0.0557815 
t=102 V=4.20216 A=0.375847 W=1.57937 mAh_cumul=13.3974 Wh_cumul=0.0562202 
t=103 V=4.20217 A=0.37231 W=1.56451 mAh_cumul=13.5008 Wh_cumul=0.0566548 
t=104 V=4.20216 A=0.368695 W=1.54932 mAh_cumul=13.6032 Wh_cumul=0.0570852 
t=105 V=4.20218 A=0.365232 W=1.53477 mAh_cumul=13.7047 Wh_cumul=0.0575115 
t=106 V=4.20217 A=0.362187 W=1.52197 mAh_cumul=13.8053 Wh_cumul=0.0579343 
t=107 V=4.20217 A=0.359355 W=1.51007 mAh_cumul=13.9051 Wh_cumul=0.0583537 
t=108 V=4.20218 A=0.356091 W=1.49636 mAh_cumul=14.004 Wh_cumul=0.0587694 
t=109 V=4.20217 A=0.352737 W=1.48226 mAh_cumul=14.102 Wh_cumul=0.0591811 
t=110 V=4.20217 A=0.349315 W=1.46788 mAh_cumul=14.199 Wh_cumul=0.0595889 
t=111 V=4.20218 A=0.346367 W=1.4555 mAh_cumul=14.2952 Wh_cumul=0.0599932 
t=112 V=4.20215 A=0.34283 W=1.44062 mAh_cumul=14.3905 Wh_cumul=0.0603934 
t=113 V=4.20214 A=0.338848 W=1.42389 mAh_cumul=14.4846 Wh_cumul=0.0607889 
t=114 V=4.20218 A=0.336538 W=1.41419 mAh_cumul=14.5781 Wh_cumul=0.0611817 
t=115 V=4.20216 A=0.333615 W=1.4019 mAh_cumul=14.6707 Wh_cumul=0.0615711 
t=116 V=4.20215 A=0.330613 W=1.38929 mAh_cumul=14.7626 Wh_cumul=0.061957 
t=117 V=4.20219 A=0.328906 W=1.38213 mAh_cumul=14.8539 Wh_cumul=0.062341 
t=118 V=4.20218 A=0.325374 W=1.36728 mAh_cumul=14.9443 Wh_cumul=0.0627208 
t=119 V=4.20219 A=0.322491 W=1.35517 mAh_cumul=15.0339 Wh_cumul=0.0630972 
t=120 V=4.20214 A=0.319766 W=1.3437 mAh_cumul=15.1227 Wh_cumul=0.0634705 
t=121 V=4.20216 A=0.316725 W=1.33093 mAh_cumul=15.2107 Wh_cumul=0.0638402 
t=122 V=4.20217 A=0.314472 W=1.32146 mAh_cumul=15.2981 Wh_cumul=0.0642072 
t=123 V=4.20217 A=0.312232 W=1.31205 mAh_cumul=15.3848 Wh_cumul=0.0645717 
t=124 V=4.20217 A=0.309919 W=1.30233 mAh_cumul=15.4709 Wh_cumul=0.0649334 
t=125 V=4.20218 A=0.307431 W=1.29188 mAh_cumul=15.5563 Wh_cumul=0.0652923 
t=126 V=4.20218 A=0.304617 W=1.28006 mAh_cumul=15.6409 Wh_cumul=0.0656479 
t=127 V=4.2022 A=0.302266 W=1.27018 mAh_cumul=15.7249 Wh_cumul=0.0660007 
t=128 V=4.20216 A=0.299196 W=1.25727 mAh_cumul=15.808 Wh_cumul=0.0663499 
t=129 V=4.20214 A=0.296608 W=1.24639 mAh_cumul=15.8904 Wh_cumul=0.0666962 
t=130 V=4.20218 A=0.295277 W=1.24081 mAh_cumul=15.9724 Wh_cumul=0.0670408 
t=131 V=4.20217 A=0.29244 W=1.22888 mAh_cumul=16.0536 Wh_cumul=0.0673822 
t=132 V=4.20219 A=0.289779 W=1.21771 mAh_cumul=16.1341 Wh_cumul=0.0677204 
t=133 V=4.20218 A=0.287743 W=1.20915 mAh_cumul=16.214 Wh_cumul=0.0680563 
t=134 V=4.20218 A=0.285008 W=1.19765 mAh_cumul=16.2932 Wh_cumul=0.068389 
t=135 V=4.20219 A=0.282941 W=1.18897 mAh_cumul=16.3718 Wh_cumul=0.0687193 
t=136 V=4.20217 A=0.280335 W=1.17802 mAh_cumul=16.4497 Wh_cumul=0.0690465 
t=137 V=4.20215 A=0.278071 W=1.1685 mAh_cumul=16.5269 Wh_cumul=0.0693711 
t=138 V=4.20219 A=0.275996 W=1.15979 mAh_cumul=16.6036 Wh_cumul=0.0696932 
t=139 V=4.20217 A=0.273556 W=1.14953 mAh_cumul=16.6796 Wh_cumul=0.0700125 
t=140 V=4.20216 A=0.271924 W=1.14267 mAh_cumul=16.7551 Wh_cumul=0.07033 
t=141 V=4.20218 A=0.270255 W=1.13566 mAh_cumul=16.8302 Wh_cumul=0.0706454 
t=142 V=4.20222 A=0.268181 W=1.12696 mAh_cumul=16.9047 Wh_cumul=0.0709585 
t=143 V=4.20219 A=0.266202 W=1.11863 mAh_cumul=16.9786 Wh_cumul=0.0712692 
t=144 V=4.20223 A=0.264053 W=1.10961 mAh_cumul=17.052 Wh_cumul=0.0715774 
t=145 V=4.20221 A=0.261926 W=1.10067 mAh_cumul=17.1247 Wh_cumul=0.0718832 
t=146 V=4.2022 A=0.259613 W=1.09095 mAh_cumul=17.1968 Wh_cumul=0.0721862 
t=147 V=4.20219 A=0.256365 W=1.07729 mAh_cumul=17.268 Wh_cumul=0.0724854 
t=148 V=4.20219 A=0.255161 W=1.07224 mAh_cumul=17.3389 Wh_cumul=0.0727833 
t=149 V=4.2022 A=0.253686 W=1.06604 mAh_cumul=17.4094 Wh_cumul=0.0730794 
t=150 V=4.2022 A=0.252399 W=1.06063 mAh_cumul=17.4795 Wh_cumul=0.073374 
t=151 V=4.20222 A=0.249633 W=1.04901 mAh_cumul=17.5488 Wh_cumul=0.0736654 
t=152 V=4.20219 A=0.247337 W=1.03936 mAh_cumul=17.6175 Wh_cumul=0.0739541 
t=153 V=4.20222 A=0.245644 W=1.03225 mAh_cumul=17.6858 Wh_cumul=0.0742409 
t=154 V=4.20218 A=0.243763 W=1.02434 mAh_cumul=17.7535 Wh_cumul=0.0745254 
t=155 V=4.20217 A=0.241404 W=1.01442 mAh_cumul=17.8205 Wh_cumul=0.0748072 
t=156 V=4.20217 A=0.239153 W=1.00496 mAh_cumul=17.887 Wh_cumul=0.0750863 
t=157 V=4.20216 A=0.236326 W=0.99308 mAh_cumul=17.9526 Wh_cumul=0.0753622 
t=158 V=4.20214 A=0.234765 W=0.986515 mAh_cumul=18.0178 Wh_cumul=0.0756362 
t=159 V=4.20215 A=0.232819 W=0.97834 mAh_cumul=18.0825 Wh_cumul=0.075908 
t=160 V=4.20217 A=0.231653 W=0.973445 mAh_cumul=18.1469 Wh_cumul=0.0761784 
t=161 V=4.20216 A=0.2295 W=0.964396 mAh_cumul=18.2106 Wh_cumul=0.0764463 
t=162 V=4.20214 A=0.22801 W=0.95813 mAh_cumul=18.2739 Wh_cumul=0.0767124 
t=163 V=4.20216 A=0.226789 W=0.953004 mAh_cumul=18.3369 Wh_cumul=0.0769772 
t=164 V=4.20217 A=0.225474 W=0.94748 mAh_cumul=18.3996 Wh_cumul=0.0772403 
t=165 V=4.20219 A=0.224332 W=0.942686 mAh_cumul=18.4619 Wh_cumul=0.0775022 
t=166 V=4.2022 A=0.222835 W=0.936397 mAh_cumul=18.5238 Wh_cumul=0.0777623 
t=167 V=4.20219 A=0.221715 W=0.931689 mAh_cumul=18.5854 Wh_cumul=0.0780211 
t=168 V=4.20217 A=0.220248 W=0.92552 mAh_cumul=18.6466 Wh_cumul=0.0782782 
t=169 V=4.20218 A=0.218152 W=0.916714 mAh_cumul=18.7071 Wh_cumul=0.0785328 
t=170 V=4.20217 A=0.216564 W=0.910039 mAh_cumul=18.7673 Wh_cumul=0.0787856 
t=171 V=4.20218 A=0.21501 W=0.903511 mAh_cumul=18.827 Wh_cumul=0.0790366 
t=172 V=4.20217 A=0.213373 W=0.89663 mAh_cumul=18.8863 Wh_cumul=0.0792857 
t=173 V=4.20218 A=0.211751 W=0.889816 mAh_cumul=18.9451 Wh_cumul=0.0795328 
t=174 V=4.20218 A=0.21087 W=0.886114 mAh_cumul=19.0037 Wh_cumul=0.079779 
t=175 V=4.2022 A=0.209082 W=0.878604 mAh_cumul=19.0618 Wh_cumul=0.080023 
t=176 V=4.20218 A=0.207488 W=0.871902 mAh_cumul=19.1194 Wh_cumul=0.0802652 
t=177 V=4.20218 A=0.206177 W=0.866393 mAh_cumul=19.1767 Wh_cumul=0.0805059 
t=178 V=4.20217 A=0.204821 W=0.860693 mAh_cumul=19.2336 Wh_cumul=0.080745 
t=179 V=4.20217 A=0.203049 W=0.853246 mAh_cumul=19.29 Wh_cumul=0.080982 
t=180 V=4.20218 A=0.201558 W=0.846983 mAh_cumul=19.346 Wh_cumul=0.0812173 
t=181 V=4.20217 A=0.199717 W=0.839245 mAh_cumul=19.4014 Wh_cumul=0.0814504 
t=182 V=4.20214 A=0.197974 W=0.831914 mAh_cumul=19.4564 Wh_cumul=0.0816815 
t=183 V=4.20216 A=0.197067 W=0.828107 mAh_cumul=19.5112 Wh_cumul=0.0819115 
t=184 V=4.20215 A=0.196216 W=0.824529 mAh_cumul=19.5657 Wh_cumul=0.0821405 
t=185 V=4.20215 A=0.195208 W=0.820293 mAh_cumul=19.6199 Wh_cumul=0.0823684 
t=186 V=4.20217 A=0.193809 W=0.814418 mAh_cumul=19.6737 Wh_cumul=0.0825946 
t=187 V=4.20217 A=0.191957 W=0.806636 mAh_cumul=19.7271 Wh_cumul=0.0828187 
t=188 V=4.20217 A=0.191516 W=0.804783 mAh_cumul=19.7803 Wh_cumul=0.0830423 
t=189 V=4.20218 A=0.190105 W=0.798855 mAh_cumul=19.8331 Wh_cumul=0.0832642 
t=190 V=4.20219 A=0.18888 W=0.79371 mAh_cumul=19.8855 Wh_cumul=0.0834846 
t=191 V=4.20221 A=0.187938 W=0.789755 mAh_cumul=19.9377 Wh_cumul=0.083704 
t=192 V=4.20217 A=0.186721 W=0.784633 mAh_cumul=19.9896 Wh_cumul=0.083922 
t=193 V=4.2022 A=0.185812 W=0.780819 mAh_cumul=20.0412 Wh_cumul=0.0841389 
t=194 V=4.2022 A=0.184199 W=0.774041 mAh_cumul=20.0924 Wh_cumul=0.0843539 
t=195 V=4.20219 A=0.182809 W=0.768198 mAh_cumul=20.1432 Wh_cumul=0.0845673 
t=196 V=4.20216 A=0.181004 W=0.760608 mAh_cumul=20.1934 Wh_cumul=0.0847785 
t=197 V=4.2022 A=0.179775 W=0.755451 mAh_cumul=20.2434 Wh_cumul=0.0849884 
t=198 V=4.20218 A=0.178478 W=0.749997 mAh_cumul=20.293 Wh_cumul=0.0851967 
t=199 V=4.2022 A=0.176815 W=0.743012 mAh_cumul=20.3421 Wh_cumul=0.0854031 
t=200 V=4.2022 A=0.175268 W=0.736511 mAh_cumul=20.3908 Wh_cumul=0.0856077 
t=201 V=4.20218 A=0.174041 W=0.731352 mAh_cumul=20.4391 Wh_cumul=0.0858108 
t=202 V=4.20219 A=0.172879 W=0.72647 mAh_cumul=20.4871 Wh_cumul=0.0860126 
t=203 V=4.2022 A=0.171479 W=0.720589 mAh_cumul=20.5348 Wh_cumul=0.0862128 
t=204 V=4.20219 A=0.170414 W=0.716112 mAh_cumul=20.5821 Wh_cumul=0.0864117 
t=205 V=4.20217 A=0.169184 W=0.71094 mAh_cumul=20.6291 Wh_cumul=0.0866092 
t=206 V=4.20222 A=0.168013 W=0.706028 mAh_cumul=20.6758 Wh_cumul=0.0868053 
t=207 V=4.20219 A=0.166683 W=0.700434 mAh_cumul=20.7221 Wh_cumul=0.0869999 
t=208 V=4.20217 A=0.16556 W=0.695711 mAh_cumul=20.7681 Wh_cumul=0.0871931 
t=209 V=4.20219 A=0.16473 W=0.692227 mAh_cumul=20.8138 Wh_cumul=0.0873854 
t=210 V=4.2022 A=0.163395 W=0.686618 mAh_cumul=20.8592 Wh_cumul=0.0875762 
t=211 V=4.20215 A=0.161969 W=0.680618 mAh_cumul=20.9042 Wh_cumul=0.0877652 
t=212 V=4.20217 A=0.16034 W=0.673776 mAh_cumul=20.9487 Wh_cumul=0.0879524 
t=213 V=4.20217 A=0.15997 W=0.672221 mAh_cumul=20.9932 Wh_cumul=0.0881391 
t=214 V=4.20217 A=0.158671 W=0.666763 mAh_cumul=21.0372 Wh_cumul=0.0883243 
t=215 V=4.20218 A=0.157892 W=0.663491 mAh_cumul=21.0811 Wh_cumul=0.0885086 
t=216 V=4.20216 A=0.156686 W=0.65842 mAh_cumul=21.1246 Wh_cumul=0.0886915 
t=217 V=4.20218 A=0.156116 W=0.656028 mAh_cumul=21.168 Wh_cumul=0.0888737 
t=218 V=4.20218 A=0.154686 W=0.650018 mAh_cumul=21.211 Wh_cumul=0.0890543 
t=219 V=4.20217 A=0.153453 W=0.644836 mAh_cumul=21.2536 Wh_cumul=0.0892334 
t=220 V=4.20217 A=0.152644 W=0.641436 mAh_cumul=21.296 Wh_cumul=0.0894116 
t=221 V=4.20218 A=0.151624 W=0.637151 mAh_cumul=21.3381 Wh_cumul=0.0895886 
t=222 V=4.20219 A=0.151517 W=0.636703 mAh_cumul=21.3802 Wh_cumul=0.0897655 
t=223 V=4.20222 A=0.149991 W=0.630295 mAh_cumul=21.4219 Wh_cumul=0.0899405 
t=224 V=4.20217 A=0.147972 W=0.621803 mAh_cumul=21.463 Wh_cumul=0.0901133 
t=225 V=4.20219 A=0.147142 W=0.618319 mAh_cumul=21.5038 Wh_cumul=0.090285 
t=226 V=4.2022 A=0.147166 W=0.618421 mAh_cumul=21.5447 Wh_cumul=0.0904568 
t=227 V=4.20217 A=0.14562 W=0.61192 mAh_cumul=21.5852 Wh_cumul=0.0906268 
t=228 V=4.20217 A=0.144989 W=0.609268 mAh_cumul=21.6254 Wh_cumul=0.090796 
t=229 V=4.2022 A=0.143713 W=0.603911 mAh_cumul=21.6654 Wh_cumul=0.0909638 
t=230 V=4.20221 A=0.142325 W=0.59808 mAh_cumul=21.7049 Wh_cumul=0.0911299 
t=231 V=4.20218 A=0.141831 W=0.595999 mAh_cumul=21.7443 Wh_cumul=0.0912955 
t=232 V=4.20219 A=0.14072 W=0.591332 mAh_cumul=21.7834 Wh_cumul=0.0914597 
t=233 V=4.2022 A=0.139566 W=0.586484 mAh_cumul=21.8221 Wh_cumul=0.0916226 
t=234 V=4.2022 A=0.138367 W=0.581446 mAh_cumul=21.8606 Wh_cumul=0.0917841 
t=235 V=4.20218 A=0.137129 W=0.576241 mAh_cumul=21.8987 Wh_cumul=0.0919442 
t=236 V=4.20217 A=0.136302 W=0.572764 mAh_cumul=21.9365 Wh_cumul=0.0921033 
t=237 V=4.20217 A=0.135626 W=0.569924 mAh_cumul=21.9742 Wh_cumul=0.0922616 
t=238 V=4.20219 A=0.135114 W=0.567775 mAh_cumul=22.0117 Wh_cumul=0.0924193 
t=239 V=4.2022 A=0.134299 W=0.564351 mAh_cumul=22.049 Wh_cumul=0.0925761 
t=240 V=4.2022 A=0.133847 W=0.562452 mAh_cumul=22.0862 Wh_cumul=0.0927323 
t=241 V=4.20221 A=0.132781 W=0.557974 mAh_cumul=22.1231 Wh_cumul=0.0928873 
t=242 V=4.20218 A=0.130171 W=0.547002 mAh_cumul=22.1593 Wh_cumul=0.0930393 
t=243 V=4.20217 A=0.129705 W=0.545042 mAh_cumul=22.1953 Wh_cumul=0.0931907 
t=244 V=4.20217 A=0.129116 W=0.542567 mAh_cumul=22.2312 Wh_cumul=0.0933414 
t=245 V=4.20219 A=0.129076 W=0.542402 mAh_cumul=22.267 Wh_cumul=0.0934921 
t=246 V=4.20219 A=0.128519 W=0.540061 mAh_cumul=22.3027 Wh_cumul=0.0936421 
t=247 V=4.20221 A=0.127859 W=0.53729 mAh_cumul=22.3382 Wh_cumul=0.0937913 
t=248 V=4.20223 A=0.12755 W=0.535994 mAh_cumul=22.3737 Wh_cumul=0.0939402 
t=249 V=4.2022 A=0.126807 W=0.532868 mAh_cumul=22.4089 Wh_cumul=0.0940882 
t=250 V=4.20219 A=0.12586 W=0.528888 mAh_cumul=22.4438 Wh_cumul=0.0942351 
t=251 V=4.20222 A=0.124607 W=0.523626 mAh_cumul=22.4785 Wh_cumul=0.0943806 
t=252 V=4.20221 A=0.123976 W=0.520973 mAh_cumul=22.5129 Wh_cumul=0.0945253 
t=253 V=4.20219 A=0.122508 W=0.514802 mAh_cumul=22.5469 Wh_cumul=0.0946683 
t=254 V=4.2022 A=0.122135 W=0.513236 mAh_cumul=22.5809 Wh_cumul=0.0948109 
t=255 V=4.20221 A=0.121383 W=0.510077 mAh_cumul=22.6146 Wh_cumul=0.0949526 
t=256 V=4.20219 A=0.120532 W=0.506498 mAh_cumul=22.6481 Wh_cumul=0.0950933 
t=257 V=4.20219 A=0.120032 W=0.504397 mAh_cumul=22.6814 Wh_cumul=0.0952334 
t=258 V=4.2022 A=0.119425 W=0.501848 mAh_cumul=22.7146 Wh_cumul=0.0953728 
t=259 V=4.20223 A=0.118875 W=0.49954 mAh_cumul=22.7476 Wh_cumul=0.0955115 
t=260 V=4.20221 A=0.117978 W=0.495768 mAh_cumul=22.7804 Wh_cumul=0.0956492 
t=261 V=4.20221 A=0.116443 W=0.489318 mAh_cumul=22.8127 Wh_cumul=0.0957852 
t=262 V=4.20222 A=0.115781 W=0.486537 mAh_cumul=22.8449 Wh_cumul=0.0959203 
t=263 V=4.2022 A=0.115041 W=0.483425 mAh_cumul=22.8768 Wh_cumul=0.0960546 
t=264 V=4.20218 A=0.11371 W=0.47783 mAh_cumul=22.9084 Wh_cumul=0.0961873 
t=265 V=4.20219 A=0.113601 W=0.477373 mAh_cumul=22.94 Wh_cumul=0.0963199 
t=266 V=4.20219 A=0.113046 W=0.475041 mAh_cumul=22.9714 Wh_cumul=0.0964519 
t=267 V=4.20219 A=0.112076 W=0.470965 mAh_cumul=23.0025 Wh_cumul=0.0965827 
t=268 V=4.2022 A=0.111365 W=0.467978 mAh_cumul=23.0334 Wh_cumul=0.0967127 
t=269 V=4.20219 A=0.110021 W=0.462329 mAh_cumul=23.064 Wh_cumul=0.0968411 
t=270 V=4.20221 A=0.109235 W=0.459028 mAh_cumul=23.0943 Wh_cumul=0.0969686 
t=271 V=4.20218 A=0.107787 W=0.45294 mAh_cumul=23.1243 Wh_cumul=0.0970945 
t=272 V=4.20217 A=0.107347 W=0.45109 mAh_cumul=23.1541 Wh_cumul=0.0972198 
t=273 V=4.20217 A=0.107361 W=0.451149 mAh_cumul=23.1839 Wh_cumul=0.0973451 
t=274 V=4.20219 A=0.107638 W=0.452315 mAh_cumul=23.2138 Wh_cumul=0.0974707 
t=275 V=4.20217 A=0.106799 W=0.448788 mAh_cumul=23.2435 Wh_cumul=0.0975954 
t=276 V=4.20219 A=0.106232 W=0.446407 mAh_cumul=23.273 Wh_cumul=0.0977194 
t=277 V=4.2022 A=0.105584 W=0.443685 mAh_cumul=23.3023 Wh_cumul=0.0978426 
t=278 V=4.20221 A=0.105113 W=0.441707 mAh_cumul=23.3315 Wh_cumul=0.0979653 
t=279 V=4.2022 A=0.104503 W=0.439143 mAh_cumul=23.3606 Wh_cumul=0.0980873 
t=280 V=4.20222 A=0.103347 W=0.434287 mAh_cumul=23.3893 Wh_cumul=0.0982079 
t=281 V=4.20218 A=0.103202 W=0.433673 mAh_cumul=23.4179 Wh_cumul=0.0983284 
t=282 V=4.20219 A=0.102431 W=0.430435 mAh_cumul=23.4464 Wh_cumul=0.098448 
t=283 V=4.20221 A=0.102243 W=0.429647 mAh_cumul=23.4748 Wh_cumul=0.0985673 
t=284 V=4.2022 A=0.102172 W=0.429347 mAh_cumul=23.5032 Wh_cumul=0.0986866 
t=285 V=4.20223 A=0.100923 W=0.424102 mAh_cumul=23.5312 Wh_cumul=0.0988044 
t=286 V=4.20223 A=0.100267 W=0.421345 mAh_cumul=23.559 Wh_cumul=0.0989214 
t=287 V=4.20221 A=0.099567 W=0.418401 mAh_cumul=23.5867 Wh_cumul=0.0990377 
t=288 V=4.2022 A=0.0984748 W=0.413811 mAh_cumul=23.6141 Wh_cumul=0.0991526 
t=289 V=4.20223 A=0.0980356 W=0.411968 mAh_cumul=23.6413 Wh_cumul=0.099267 
t=290 V=4.20222 A=0.0970314 W=0.407747 mAh_cumul=23.6682 Wh_cumul=0.0993803 
t=291 V=4.2022 A=0.0960141 W=0.40347 mAh_cumul=23.6949 Wh_cumul=0.0994924 
t=292 V=4.20217 A=0.0951006 W=0.399629 mAh_cumul=23.7213 Wh_cumul=0.0996034 
t=293 V=4.2022 A=0.0941863 W=0.39579 mAh_cumul=23.7475 Wh_cumul=0.0997133 
t=294 V=4.20217 A=0.0941111 W=0.395471 mAh_cumul=23.7736 Wh_cumul=0.0998232 
t=295 V=4.20217 A=0.0942025 W=0.395855 mAh_cumul=23.7998 Wh_cumul=0.0999331 
t=296 V=4.20218 A=0.0944835 W=0.397037 mAh_cumul=23.8261 Wh_cumul=0.100043 
t=297 V=4.20221 A=0.0941134 W=0.395484 mAh_cumul=23.8522 Wh_cumul=0.100153 
t=298 V=4.20219 A=0.0930298 W=0.390929 mAh_cumul=23.878 Wh_cumul=0.100262 
t=299 V=4.2022 A=0.0929928 W=0.390774 mAh_cumul=23.9039 Wh_cumul=0.10037 
t=300 V=4.20218 A=0.0918562 W=0.385996 mAh_cumul=23.9294 Wh_cumul=0.100478 
t=301 V=4.20218 A=0.0913227 W=0.383754 mAh_cumul=23.9547 Wh_cumul=0.100584 
t=302 V=4.20221 A=0.0904003 W=0.379881 mAh_cumul=23.9799 Wh_cumul=0.10069 
t=303 V=4.2022 A=0.0900161 W=0.378266 mAh_cumul=24.0049 Wh_cumul=0.100795 
t=304 V=4.20215 A=0.0891461 W=0.374605 mAh_cumul=24.0296 Wh_cumul=0.100899 
t=305 V=4.20218 A=0.0886593 W=0.372562 mAh_cumul=24.0543 Wh_cumul=0.101002 
t=306 V=4.2022 A=0.0882823 W=0.37098 mAh_cumul=24.0788 Wh_cumul=0.101105 
t=307 V=4.20221 A=0.0869127 W=0.365225 mAh_cumul=24.1029 Wh_cumul=0.101207 
t=308 V=4.20219 A=0.0863022 W=0.362658 mAh_cumul=24.1269 Wh_cumul=0.101308 
t=309 V=4.2022 A=0.0861601 W=0.362062 mAh_cumul=24.1508 Wh_cumul=0.101408 
t=310 V=4.20219 A=0.0853858 W=0.358807 mAh_cumul=24.1745 Wh_cumul=0.101508 
t=311 V=4.20219 A=0.0849952 W=0.357166 mAh_cumul=24.1982 Wh_cumul=0.101607 
t=312 V=4.20217 A=0.084543 W=0.355264 mAh_cumul=24.2216 Wh_cumul=0.101706 
t=313 V=4.20217 A=0.0847338 W=0.356066 mAh_cumul=24.2452 Wh_cumul=0.101805 
t=314 V=4.20218 A=0.0841769 W=0.353726 mAh_cumul=24.2686 Wh_cumul=0.101903 
t=315 V=4.2022 A=0.0834634 W=0.35073 mAh_cumul=24.2917 Wh_cumul=0.102 
t=316 V=4.20219 A=0.0832986 W=0.350037 mAh_cumul=24.3149 Wh_cumul=0.102098 
t=317 V=4.20219 A=0.0833396 W=0.350209 mAh_cumul=24.338 Wh_cumul=0.102195 
t=318 V=4.20218 A=0.0831599 W=0.349453 mAh_cumul=24.3611 Wh_cumul=0.102292 
t=319 V=4.20223 A=0.0827599 W=0.347776 mAh_cumul=24.3841 Wh_cumul=0.102389 
t=320 V=4.20222 A=0.0821207 W=0.345089 mAh_cumul=24.4069 Wh_cumul=0.102484 
t=321 V=4.20222 A=0.0814904 W=0.342441 mAh_cumul=24.4296 Wh_cumul=0.10258 
t=322 V=4.20223 A=0.080698 W=0.339112 mAh_cumul=24.452 Wh_cumul=0.102674 
t=323 V=4.20223 A=0.080471 W=0.338158 mAh_cumul=24.4743 Wh_cumul=0.102768 
t=324 V=4.2022 A=0.0803186 W=0.337515 mAh_cumul=24.4966 Wh_cumul=0.102861 
t=325 V=4.20222 A=0.079726 W=0.335026 mAh_cumul=24.5188 Wh_cumul=0.102954 
t=326 V=4.20222 A=0.0792579 W=0.333059 mAh_cumul=24.5408 Wh_cumul=0.103047 
t=327 V=4.2022 A=0.0784773 W=0.329777 mAh_cumul=24.5626 Wh_cumul=0.103139 
t=328 V=4.20223 A=0.0779081 W=0.327388 mAh_cumul=24.5843 Wh_cumul=0.10323 
t=329 V=4.20221 A=0.0773237 W=0.32493 mAh_cumul=24.6057 Wh_cumul=0.10332 
t=330 V=4.20221 A=0.0774048 W=0.325271 mAh_cumul=24.6272 Wh_cumul=0.10341 
t=331 V=4.20219 A=0.0762827 W=0.320554 mAh_cumul=24.6484 Wh_cumul=0.103499 
t=332 V=4.2022 A=0.0758216 W=0.318618 mAh_cumul=24.6695 Wh_cumul=0.103588 
t=333 V=4.20219 A=0.0754415 W=0.31702 mAh_cumul=24.6904 Wh_cumul=0.103676 
t=334 V=4.20219 A=0.0748119 W=0.314374 mAh_cumul=24.7112 Wh_cumul=0.103763 
t=335 V=4.20221 A=0.0734022 W=0.308451 mAh_cumul=24.7316 Wh_cumul=0.103849 
t=336 V=4.20219 A=0.0736663 W=0.30956 mAh_cumul=24.7521 Wh_cumul=0.103935 
t=337 V=4.20217 A=0.0727799 W=0.305834 mAh_cumul=24.7723 Wh_cumul=0.10402 
t=338 V=4.20221 A=0.0727258 W=0.305609 mAh_cumul=24.7925 Wh_cumul=0.104105 
t=339 V=4.2022 A=0.0731 W=0.307181 mAh_cumul=24.8128 Wh_cumul=0.10419 
t=340 V=4.20219 A=0.0728694 W=0.306211 mAh_cumul=24.833 Wh_cumul=0.104275 
t=341 V=4.20222 A=0.0723317 W=0.303954 mAh_cumul=24.8531 Wh_cumul=0.104359 
t=342 V=4.20222 A=0.0712114 W=0.299246 mAh_cumul=24.8729 Wh_cumul=0.104443 
t=343 V=4.20218 A=0.0706683 W=0.296961 mAh_cumul=24.8925 Wh_cumul=0.104525 
t=344 V=4.20221 A=0.0712368 W=0.299352 mAh_cumul=24.9123 Wh_cumul=0.104608 
t=345 V=4.20221 A=0.0700619 W=0.294415 mAh_cumul=24.9318 Wh_cumul=0.10469 
t=346 V=4.20219 A=0.0701339 W=0.294716 mAh_cumul=24.9513 Wh_cumul=0.104772 
t=347 V=4.2022 A=0.069712 W=0.292944 mAh_cumul=24.9706 Wh_cumul=0.104853 
t=348 V=4.2022 A=0.068944 W=0.289716 mAh_cumul=24.9898 Wh_cumul=0.104934 
t=349 V=4.2022 A=0.0689209 W=0.289619 mAh_cumul=25.0089 Wh_cumul=0.105014 
t=350 V=4.20219 A=0.0687413 W=0.288864 mAh_cumul=25.028 Wh_cumul=0.105094 
t=351 V=4.20221 A=0.0677797 W=0.284825 mAh_cumul=25.0469 Wh_cumul=0.105173 
t=352 V=4.20219 A=0.06684 W=0.280874 mAh_cumul=25.0654 Wh_cumul=0.105252 
t=353 V=4.20216 A=0.0660005 W=0.277345 mAh_cumul=25.0838 Wh_cumul=0.105329 
t=354 V=4.20218 A=0.0660747 W=0.277658 mAh_cumul=25.1021 Wh_cumul=0.105406 
t=355 V=4.20217 A=0.0654916 W=0.275207 mAh_cumul=25.1203 Wh_cumul=0.105482 
t=356 V=4.20218 A=0.0654293 W=0.274946 mAh_cumul=25.1385 Wh_cumul=0.105558 
t=357 V=4.20217 A=0.0649904 W=0.273101 mAh_cumul=25.1565 Wh_cumul=0.105634 
t=358 V=4.20216 A=0.0656065 W=0.275689 mAh_cumul=25.1748 Wh_cumul=0.105711 
t=359 V=4.20219 A=0.0651552 W=0.273795 mAh_cumul=25.1929 Wh_cumul=0.105787 
t=360 V=4.20221 A=0.0647552 W=0.272115 mAh_cumul=25.2108 Wh_cumul=0.105863 
t=361 V=4.20221 A=0.0646432 W=0.271644 mAh_cumul=25.2288 Wh_cumul=0.105938 
t=362 V=4.20221 A=0.0644278 W=0.270739 mAh_cumul=25.2467 Wh_cumul=0.106013 
t=363 V=4.20221 A=0.0641477 W=0.269562 mAh_cumul=25.2645 Wh_cumul=0.106088 
t=364 V=4.20219 A=0.0636401 W=0.267428 mAh_cumul=25.2822 Wh_cumul=0.106162 
t=365 V=4.20223 A=0.0632392 W=0.265746 mAh_cumul=25.2998 Wh_cumul=0.106236 
t=366 V=4.20221 A=0.0630508 W=0.264953 mAh_cumul=25.3173 Wh_cumul=0.10631 
t=367 V=4.20221 A=0.0628626 W=0.264162 mAh_cumul=25.3347 Wh_cumul=0.106383 
t=368 V=4.20217 A=0.0621733 W=0.261263 mAh_cumul=25.352 Wh_cumul=0.106456 
END

