0 errors cleared
t=0 V=3.58837 A=0.00815923 W=0.0292783 mAh_cumul=0 Wh_cumul=0 
t=2 V=3.58838 A=0.00815466 W=0.029262 mAh_cumul=0.00453037 Wh_cumul=1.62567e-05 
t=3 V=3.59898 A=0.427836 W=1.53977 mAh_cumul=0.123374 Wh_cumul=0.000443971 
t=4 V=3.59898 A=0.403463 W=1.45206 mAh_cumul=0.235447 Wh_cumul=0.00084732 
t=5 V=3.59901 A=0.38893 W=1.39976 mAh_cumul=0.343483 Wh_cumul=0.00123614 
t=6 V=3.59898 A=0.375585 W=1.35172 mAh_cumul=0.447812 Wh_cumul=0.00161162 
t=7 V=3.59901 A=0.364775 W=1.31283 mAh_cumul=0.549138 Wh_cumul=0.0019763 
t=8 V=3.59898 A=0.354862 W=1.27714 mAh_cumul=0.647711 Wh_cumul=0.00233106 
t=9 V=3.59899 A=0.346236 W=1.2461 mAh_cumul=0.743888 Wh_cumul=0.0026772 
t=10 V=3.59901 A=0.338179 W=1.21711 mAh_cumul=0.837826 Wh_cumul=0.00301528 
t=11 V=3.59899 A=0.331987 W=1.19482 mAh_cumul=0.930045 Wh_cumul=0.00334718 
t=12 V=3.59903 A=0.324999 W=1.16968 mAh_cumul=1.02032 Wh_cumul=0.00367209 
t=13 V=3.59901 A=0.318136 W=1.14497 mAh_cumul=1.10869 Wh_cumul=0.00399014 
t=14 V=3.59902 A=0.311621 W=1.12153 mAh_cumul=1.19526 Wh_cumul=0.00430167 
t=15 V=3.59901 A=0.305056 W=1.0979 mAh_cumul=1.27999 Wh_cumul=0.00460664 
t=16 V=3.59896 A=0.298916 W=1.07579 mAh_cumul=1.36303 Wh_cumul=0.00490547 
t=17 V=3.59897 A=0.294428 W=1.05964 mAh_cumul=1.44481 Wh_cumul=0.00519982 
t=18 V=3.59898 A=0.290391 W=1.04511 mAh_cumul=1.52547 Wh_cumul=0.00549013 
t=19 V=3.59899 A=0.286261 W=1.03025 mAh_cumul=1.60499 Wh_cumul=0.00577631 
t=20 V=3.59902 A=0.282659 W=1.0173 mAh_cumul=1.68351 Wh_cumul=0.00605889 
t=21 V=3.59906 A=0.279137 W=1.00463 mAh_cumul=1.76105 Wh_cumul=0.00633795 
t=22 V=3.59905 A=0.275062 W=0.989962 mAh_cumul=1.83745 Wh_cumul=0.00661294 
t=23 V=3.59905 A=0.27184 W=0.978366 mAh_cumul=1.91296 Wh_cumul=0.00688471 
t=24 V=3.59904 A=0.26809 W=0.964867 mAh_cumul=1.98743 Wh_cumul=0.00715273 
t=25 V=3.59903 A=0.263216 W=0.947322 mAh_cumul=2.06055 Wh_cumul=0.00741588 
t=26 V=3.59903 A=0.259912 W=0.935431 mAh_cumul=2.13275 Wh_cumul=0.00767572 
t=27 V=3.59903 A=0.25698 W=0.924879 mAh_cumul=2.20413 Wh_cumul=0.00793263 
t=28 V=3.59904 A=0.254018 W=0.914221 mAh_cumul=2.27469 Wh_cumul=0.00818658 
t=29 V=3.59902 A=0.251392 W=0.904765 mAh_cumul=2.34452 Wh_cumul=0.0084379 
t=30 V=3.59901 A=0.247834 W=0.891957 mAh_cumul=2.41336 Wh_cumul=0.00868567 
t=31 V=3.599 A=0.243761 W=0.877296 mAh_cumul=2.48108 Wh_cumul=0.00892936 
t=32 V=3.59896 A=0.241193 W=0.868044 mAh_cumul=2.54807 Wh_cumul=0.00917048 
t=33 V=3.59899 A=0.238885 W=0.859745 mAh_cumul=2.61443 Wh_cumul=0.0094093 
t=34 V=3.59899 A=0.236718 W=0.851946 mAh_cumul=2.68019 Wh_cumul=0.00964595 
t=35 V=3.59902 A=0.235419 W=0.847278 mAh_cumul=2.74558 Wh_cumul=0.00988131 
t=36 V=3.599 A=0.234289 W=0.843206 mAh_cumul=2.81066 Wh_cumul=0.0101155 
t=37 V=3.59905 A=0.232034 W=0.835102 mAh_cumul=2.87511 Wh_cumul=0.0103475 
t=38 V=3.59904 A=0.229093 W=0.824515 mAh_cumul=2.93875 Wh_cumul=0.0105765 
t=39 V=3.59899 A=0.22719 W=0.817655 mAh_cumul=3.00186 Wh_cumul=0.0108037 
t=40 V=3.59902 A=0.22479 W=0.809024 mAh_cumul=3.0643 Wh_cumul=0.0110284 
t=41 V=3.59901 A=0.223553 W=0.804569 mAh_cumul=3.1264 Wh_cumul=0.0112519 
t=42 V=3.59899 A=0.221035 W=0.795503 mAh_cumul=3.1878 Wh_cumul=0.0114729 
t=43 V=3.59899 A=0.218928 W=0.78792 mAh_cumul=3.24861 Wh_cumul=0.0116917 
t=44 V=3.59897 A=0.216518 W=0.779242 mAh_cumul=3.30875 Wh_cumul=0.0119082 
t=45 V=3.59899 A=0.215351 W=0.775046 mAh_cumul=3.36857 Wh_cumul=0.0121235 
t=46 V=3.59897 A=0.213424 W=0.768107 mAh_cumul=3.42786 Wh_cumul=0.0123368 
t=47 V=3.59901 A=0.211821 W=0.762346 mAh_cumul=3.4867 Wh_cumul=0.0125486 
t=48 V=3.59896 A=0.210598 W=0.757934 mAh_cumul=3.5452 Wh_cumul=0.0127591 
t=49 V=3.59897 A=0.208767 W=0.751346 mAh_cumul=3.60319 Wh_cumul=0.0129678 
t=50 V=3.599 A=0.207183 W=0.745652 mAh_cumul=3.66074 Wh_cumul=0.013175 
t=51 V=3.59899 A=0.20583 W=0.74078 mAh_cumul=3.71791 Wh_cumul=0.0133807 
t=52 V=3.599 A=0.205011 W=0.737835 mAh_cumul=3.77486 Wh_cumul=0.0135857 
t=53 V=3.599 A=0.203665 W=0.73299 mAh_cumul=3.83144 Wh_cumul=0.0137893 
t=54 V=3.59902 A=0.202557 W=0.729007 mAh_cumul=3.8877 Wh_cumul=0.0139918 
t=55 V=3.59901 A=0.201474 W=0.725107 mAh_cumul=3.94367 Wh_cumul=0.0141932 
t=56 V=3.59898 A=0.200181 W=0.720447 mAh_cumul=3.99927 Wh_cumul=0.0143933 
t=57 V=3.59901 A=0.199109 W=0.716595 mAh_cumul=4.05458 Wh_cumul=0.0145924 
t=58 V=3.59904 A=0.198585 W=0.714715 mAh_cumul=4.10974 Wh_cumul=0.0147909 
t=59 V=3.59903 A=0.197539 W=0.710949 mAh_cumul=4.16461 Wh_cumul=0.0149884 
t=60 V=3.599 A=0.195825 W=0.704774 mAh_cumul=4.21901 Wh_cumul=0.0151842 
t=61 V=3.59902 A=0.195089 W=0.702129 mAh_cumul=4.2732 Wh_cumul=0.0153792 
t=62 V=3.59901 A=0.193357 W=0.695894 mAh_cumul=4.32691 Wh_cumul=0.0155725 
t=63 V=3.59902 A=0.191303 W=0.688503 mAh_cumul=4.38005 Wh_cumul=0.0157638 
t=64 V=3.59901 A=0.190489 W=0.685572 mAh_cumul=4.43297 Wh_cumul=0.0159542 
t=65 V=3.59905 A=0.189614 W=0.68243 mAh_cumul=4.48564 Wh_cumul=0.0161438 
t=66 V=3.599 A=0.18727 W=0.673985 mAh_cumul=4.53766 Wh_cumul=0.016331 
t=67 V=3.599 A=0.185738 W=0.668471 mAh_cumul=4.58925 Wh_cumul=0.0165167 
t=68 V=3.59899 A=0.184922 W=0.665532 mAh_cumul=4.64062 Wh_cumul=0.0167016 
t=69 V=3.59901 A=0.184339 W=0.663438 mAh_cumul=4.69182 Wh_cumul=0.0168858 
t=70 V=3.59898 A=0.182796 W=0.657879 mAh_cumul=4.7426 Wh_cumul=0.0170686 
t=71 V=3.59897 A=0.180924 W=0.65114 mAh_cumul=4.79285 Wh_cumul=0.0172495 
t=72 V=3.59898 A=0.180507 W=0.649641 mAh_cumul=4.843 Wh_cumul=0.0174299 
t=73 V=3.59897 A=0.178919 W=0.643924 mAh_cumul=4.8927 Wh_cumul=0.0176088 
t=74 V=3.59898 A=0.178207 W=0.641363 mAh_cumul=4.9422 Wh_cumul=0.0177869 
t=75 V=3.59898 A=0.177367 W=0.63834 mAh_cumul=4.99147 Wh_cumul=0.0179643 
t=76 V=3.59898 A=0.176329 W=0.634605 mAh_cumul=5.04045 Wh_cumul=0.0181405 
t=77 V=3.59898 A=0.175236 W=0.630671 mAh_cumul=5.08912 Wh_cumul=0.0183157 
t=78 V=3.59899 A=0.175092 W=0.630154 mAh_cumul=5.13776 Wh_cumul=0.0184908 
t=79 V=3.59899 A=0.174161 W=0.626804 mAh_cumul=5.18614 Wh_cumul=0.0186649 
t=80 V=3.59898 A=0.172812 W=0.621947 mAh_cumul=5.23414 Wh_cumul=0.0188376 
t=81 V=3.59901 A=0.17208 W=0.619318 mAh_cumul=5.28194 Wh_cumul=0.0190097 
t=82 V=3.59898 A=0.171508 W=0.617254 mAh_cumul=5.32958 Wh_cumul=0.0191811 
t=83 V=3.59899 A=0.17088 W=0.614995 mAh_cumul=5.37705 Wh_cumul=0.019352 
t=84 V=3.59899 A=0.17087 W=0.614959 mAh_cumul=5.42451 Wh_cumul=0.0195228 
t=85 V=3.59903 A=0.170378 W=0.613196 mAh_cumul=5.47184 Wh_cumul=0.0196931 
t=86 V=3.59902 A=0.169786 W=0.611063 mAh_cumul=5.519 Wh_cumul=0.0198629 
t=87 V=3.59901 A=0.167728 W=0.603655 mAh_cumul=5.56559 Wh_cumul=0.0200305 
t=88 V=3.599 A=0.166618 W=0.599658 mAh_cumul=5.61188 Wh_cumul=0.0201971 
t=89 V=3.59898 A=0.16524 W=0.594695 mAh_cumul=5.65778 Wh_cumul=0.0203623 
t=90 V=3.59898 A=0.164628 W=0.592493 mAh_cumul=5.70351 Wh_cumul=0.0205269 
t=91 V=3.599 A=0.163474 W=0.588343 mAh_cumul=5.74892 Wh_cumul=0.0206903 
t=92 V=3.599 A=0.162289 W=0.584078 mAh_cumul=5.794 Wh_cumul=0.0208526 
t=93 V=3.59897 A=0.161342 W=0.580665 mAh_cumul=5.83881 Wh_cumul=0.0210139 
t=94 V=3.59901 A=0.161827 W=0.582417 mAh_cumul=5.88377 Wh_cumul=0.0211756 
t=95 V=3.59901 A=0.161225 W=0.58025 mAh_cumul=5.92855 Wh_cumul=0.0213368 
t=96 V=3.59903 A=0.159973 W=0.575748 mAh_cumul=5.97299 Wh_cumul=0.0214967 
t=97 V=3.59901 A=0.159493 W=0.574017 mAh_cumul=6.01729 Wh_cumul=0.0216562 
t=98 V=3.59903 A=0.158927 W=0.571983 mAh_cumul=6.06144 Wh_cumul=0.0218151 
t=99 V=3.59902 A=0.15771 W=0.567601 mAh_cumul=6.10525 Wh_cumul=0.0219727 
t=100 V=3.59899 A=0.157006 W=0.565063 mAh_cumul=6.14886 Wh_cumul=0.0221297 
t=101 V=3.59902 A=0.156059 W=0.561659 mAh_cumul=6.19221 Wh_cumul=0.0222857 
t=102 V=3.59899 A=0.155293 W=0.558898 mAh_cumul=6.23534 Wh_cumul=0.022441 
t=103 V=3.59901 A=0.154757 W=0.556972 mAh_cumul=6.27833 Wh_cumul=0.0225957 
t=104 V=3.59902 A=0.154073 W=0.554512 mAh_cumul=6.32113 Wh_cumul=0.0227497 
t=105 V=3.599 A=0.152951 W=0.550471 mAh_cumul=6.36362 Wh_cumul=0.0229026 
t=106 V=3.59901 A=0.152561 W=0.549069 mAh_cumul=6.406 Wh_cumul=0.0230551 
t=107 V=3.59903 A=0.152206 W=0.547794 mAh_cumul=6.44827 Wh_cumul=0.0232073 
t=108 V=3.59902 A=0.150291 W=0.5409 mAh_cumul=6.49002 Wh_cumul=0.0233576 
t=109 V=3.59903 A=0.149753 W=0.538966 mAh_cumul=6.53162 Wh_cumul=0.0235073 
t=110 V=3.599 A=0.148873 W=0.535794 mAh_cumul=6.57297 Wh_cumul=0.0236561 
t=111 V=3.59902 A=0.1492 W=0.536974 mAh_cumul=6.61442 Wh_cumul=0.0238053 
t=112 V=3.59902 A=0.148362 W=0.533958 mAh_cumul=6.65563 Wh_cumul=0.0239536 
t=113 V=3.59899 A=0.147189 W=0.529732 mAh_cumul=6.69652 Wh_cumul=0.0241007 
t=114 V=3.599 A=0.145905 W=0.525112 mAh_cumul=6.73705 Wh_cumul=0.0242466 
t=115 V=3.599 A=0.145725 W=0.524464 mAh_cumul=6.77752 Wh_cumul=0.0243923 
t=116 V=3.599 A=0.146123 W=0.525897 mAh_cumul=6.81811 Wh_cumul=0.0245384 
t=117 V=3.59903 A=0.144398 W=0.519693 mAh_cumul=6.85822 Wh_cumul=0.0246827 
t=118 V=3.59903 A=0.143117 W=0.515082 mAh_cumul=6.89798 Wh_cumul=0.0248258 
t=119 V=3.599 A=0.142485 W=0.512804 mAh_cumul=6.93756 Wh_cumul=0.0249682 
t=120 V=3.59901 A=0.142631 W=0.51333 mAh_cumul=6.97718 Wh_cumul=0.0251108 
t=121 V=3.59901 A=0.141241 W=0.508328 mAh_cumul=7.01641 Wh_cumul=0.025252 
t=122 V=3.59903 A=0.140303 W=0.504955 mAh_cumul=7.05538 Wh_cumul=0.0253923 
t=123 V=3.59901 A=0.14004 W=0.504005 mAh_cumul=7.09428 Wh_cumul=0.0255323 
t=124 V=3.59903 A=0.140238 W=0.504721 mAh_cumul=7.13324 Wh_cumul=0.0256725 
t=125 V=3.59901 A=0.139525 W=0.502152 mAh_cumul=7.172 Wh_cumul=0.025812 
t=126 V=3.599 A=0.138337 W=0.497875 mAh_cumul=7.21042 Wh_cumul=0.0259503 
t=127 V=3.59903 A=0.138207 W=0.497411 mAh_cumul=7.24881 Wh_cumul=0.0260885 
t=128 V=3.59904 A=0.138304 W=0.497762 mAh_cumul=7.28723 Wh_cumul=0.0262267 
t=129 V=3.59906 A=0.137584 W=0.495173 mAh_cumul=7.32545 Wh_cumul=0.0263643 
t=130 V=3.59905 A=0.136753 W=0.492181 mAh_cumul=7.36344 Wh_cumul=0.026501 
t=131 V=3.59902 A=0.136767 W=0.492227 mAh_cumul=7.40143 Wh_cumul=0.0266377 
t=132 V=3.59902 A=0.135761 W=0.488607 mAh_cumul=7.43914 Wh_cumul=0.0267735 
t=133 V=3.59905 A=0.134776 W=0.485066 mAh_cumul=7.47658 Wh_cumul=0.0269082 
t=134 V=3.59903 A=0.13353 W=0.480578 mAh_cumul=7.51367 Wh_cumul=0.0270417 
t=135 V=3.59902 A=0.132447 W=0.476679 mAh_cumul=7.55046 Wh_cumul=0.0271741 
t=136 V=3.599 A=0.131907 W=0.474733 mAh_cumul=7.5871 Wh_cumul=0.027306 
t=137 V=3.59901 A=0.131354 W=0.472744 mAh_cumul=7.62359 Wh_cumul=0.0274373 
t=138 V=3.59899 A=0.130588 W=0.469985 mAh_cumul=7.65986 Wh_cumul=0.0275678 
t=139 V=3.59899 A=0.129986 W=0.467818 mAh_cumul=7.69597 Wh_cumul=0.0276978 
t=140 V=3.599 A=0.130066 W=0.468108 mAh_cumul=7.7321 Wh_cumul=0.0278278 
t=141 V=3.59901 A=0.129455 W=0.46591 mAh_cumul=7.76806 Wh_cumul=0.0279572 
t=142 V=3.59901 A=0.128759 W=0.463405 mAh_cumul=7.80382 Wh_cumul=0.028086 
t=143 V=3.59901 A=0.127525 W=0.458964 mAh_cumul=7.83925 Wh_cumul=0.0282134 
t=144 V=3.59899 A=0.126746 W=0.456158 mAh_cumul=7.87446 Wh_cumul=0.0283402 
t=145 V=3.59897 A=0.12561 W=0.452067 mAh_cumul=7.90935 Wh_cumul=0.0284657 
t=146 V=3.59898 A=0.124677 W=0.44871 mAh_cumul=7.94398 Wh_cumul=0.0285904 
t=147 V=3.59896 A=0.123885 W=0.445857 mAh_cumul=7.97839 Wh_cumul=0.0287142 
t=148 V=3.59894 A=0.122891 W=0.442277 mAh_cumul=8.01253 Wh_cumul=0.0288371 
t=149 V=3.59897 A=0.122822 W=0.442033 mAh_cumul=8.04665 Wh_cumul=0.0289599 
t=150 V=3.59896 A=0.122863 W=0.442179 mAh_cumul=8.08077 Wh_cumul=0.0290827 
t=151 V=3.59898 A=0.121805 W=0.438374 mAh_cumul=8.11461 Wh_cumul=0.0292045 
t=152 V=3.59895 A=0.121352 W=0.43674 mAh_cumul=8.14832 Wh_cumul=0.0293258 
t=153 V=3.59896 A=0.12045 W=0.433495 mAh_cumul=8.18178 Wh_cumul=0.0294462 
t=154 V=3.59894 A=0.119287 W=0.429307 mAh_cumul=8.21491 Wh_cumul=0.0295654 
t=155 V=3.59895 A=0.118391 W=0.426083 mAh_cumul=8.2478 Wh_cumul=0.0296838 
t=156 V=3.59896 A=0.11806 W=0.424893 mAh_cumul=8.28059 Wh_cumul=0.0298018 
t=157 V=3.59895 A=0.119389 W=0.429675 mAh_cumul=8.31376 Wh_cumul=0.0299212 
t=158 V=3.59897 A=0.118483 W=0.426417 mAh_cumul=8.34667 Wh_cumul=0.0300396 
t=159 V=3.59898 A=0.117814 W=0.42401 mAh_cumul=8.37939 Wh_cumul=0.0301574 
t=160 V=3.59894 A=0.117101 W=0.421439 mAh_cumul=8.41192 Wh_cumul=0.0302745 
t=161 V=3.59896 A=0.116689 W=0.419959 mAh_cumul=8.44434 Wh_cumul=0.0303911 
t=162 V=3.59898 A=0.115996 W=0.417467 mAh_cumul=8.47656 Wh_cumul=0.0305071 
t=163 V=3.59896 A=0.115226 W=0.414694 mAh_cumul=8.50856 Wh_cumul=0.0306223 
t=164 V=3.59895 A=0.115447 W=0.415488 mAh_cumul=8.54063 Wh_cumul=0.0307377 
t=165 V=3.59896 A=0.115449 W=0.415496 mAh_cumul=8.5727 Wh_cumul=0.0308531 
t=166 V=3.59896 A=0.114836 W=0.41329 mAh_cumul=8.6046 Wh_cumul=0.0309679 
t=167 V=3.59895 A=0.114481 W=0.412011 mAh_cumul=8.6364 Wh_cumul=0.0310824 
t=168 V=3.59898 A=0.114332 W=0.411479 mAh_cumul=8.66816 Wh_cumul=0.0311967 
t=169 V=3.59899 A=0.113929 W=0.410029 mAh_cumul=8.69981 Wh_cumul=0.0313106 
t=170 V=3.59895 A=0.112511 W=0.404921 mAh_cumul=8.73106 Wh_cumul=0.031423 
t=171 V=3.59896 A=0.111874 W=0.40263 mAh_cumul=8.76214 Wh_cumul=0.0315349 
t=172 V=3.59896 A=0.111884 W=0.402666 mAh_cumul=8.79322 Wh_cumul=0.0316467 
t=173 V=3.599 A=0.111645 W=0.40181 mAh_cumul=8.82423 Wh_cumul=0.0317584 
t=174 V=3.59897 A=0.111112 W=0.399889 mAh_cumul=8.85509 Wh_cumul=0.0318694 
t=175 V=3.599 A=0.111847 W=0.402537 mAh_cumul=8.88616 Wh_cumul=0.0319812 
t=176 V=3.59903 A=0.111933 W=0.40285 mAh_cumul=8.91725 Wh_cumul=0.0320932 
t=177 V=3.59902 A=0.111492 W=0.401262 mAh_cumul=8.94822 Wh_cumul=0.0322046 
t=178 V=3.59902 A=0.110913 W=0.399178 mAh_cumul=8.97903 Wh_cumul=0.0323155 
t=179 V=3.59902 A=0.109538 W=0.394229 mAh_cumul=9.00946 Wh_cumul=0.032425 
t=180 V=3.599 A=0.108686 W=0.391161 mAh_cumul=9.03965 Wh_cumul=0.0325337 
t=181 V=3.59899 A=0.108384 W=0.390073 mAh_cumul=9.06976 Wh_cumul=0.032642 
t=182 V=3.599 A=0.107813 W=0.388019 mAh_cumul=9.0997 Wh_cumul=0.0327498 
t=183 V=3.59896 A=0.107336 W=0.386298 mAh_cumul=9.12952 Wh_cumul=0.0328571 
t=184 V=3.59898 A=0.106918 W=0.384796 mAh_cumul=9.15922 Wh_cumul=0.032964 
t=185 V=3.59899 A=0.106937 W=0.384865 mAh_cumul=9.18892 Wh_cumul=0.0330709 
t=186 V=3.59901 A=0.107187 W=0.385767 mAh_cumul=9.2187 Wh_cumul=0.0331781 
t=187 V=3.599 A=0.106436 W=0.383063 mAh_cumul=9.24826 Wh_cumul=0.0332845 
t=188 V=3.59901 A=0.10513 W=0.378364 mAh_cumul=9.27747 Wh_cumul=0.0333896 
t=189 V=3.599 A=0.104828 W=0.377276 mAh_cumul=9.30659 Wh_cumul=0.0334944 
t=190 V=3.59898 A=0.103949 W=0.37411 mAh_cumul=9.33546 Wh_cumul=0.0335983 
t=191 V=3.59898 A=0.103875 W=0.373844 mAh_cumul=9.36431 Wh_cumul=0.0337021 
t=192 V=3.59898 A=0.104175 W=0.374924 mAh_cumul=9.39325 Wh_cumul=0.0338063 
t=193 V=3.59898 A=0.103666 W=0.373092 mAh_cumul=9.42205 Wh_cumul=0.0339099 
t=194 V=3.59898 A=0.10278 W=0.369903 mAh_cumul=9.4506 Wh_cumul=0.0340127 
t=195 V=3.59901 A=0.102841 W=0.370126 mAh_cumul=9.47917 Wh_cumul=0.0341155 
t=196 V=3.59902 A=0.102652 W=0.369447 mAh_cumul=9.50768 Wh_cumul=0.0342181 
t=197 V=3.59899 A=0.102517 W=0.368958 mAh_cumul=9.53616 Wh_cumul=0.0343206 
t=198 V=3.59896 A=0.101443 W=0.365089 mAh_cumul=9.56434 Wh_cumul=0.034422 
t=199 V=3.59899 A=0.100966 W=0.363376 mAh_cumul=9.59238 Wh_cumul=0.0345229 
t=200 V=3.599 A=0.100602 W=0.362067 mAh_cumul=9.62033 Wh_cumul=0.0346235 
t=201 V=3.59901 A=0.100567 W=0.361942 mAh_cumul=9.64826 Wh_cumul=0.034724 
t=202 V=3.599 A=0.099464 W=0.357971 mAh_cumul=9.67589 Wh_cumul=0.0348235 
t=203 V=3.59898 A=0.0995496 W=0.358277 mAh_cumul=9.70354 Wh_cumul=0.034923 
t=204 V=3.59899 A=0.0998055 W=0.359199 mAh_cumul=9.73127 Wh_cumul=0.0350228 
t=205 V=3.599 A=0.099594 W=0.358439 mAh_cumul=9.75893 Wh_cumul=0.0351224 
t=206 V=3.599 A=0.0993195 W=0.357451 mAh_cumul=9.78652 Wh_cumul=0.0352216 
t=207 V=3.59899 A=0.0984388 W=0.35428 mAh_cumul=9.81386 Wh_cumul=0.0353201 
t=208 V=3.59901 A=0.0976457 W=0.351428 mAh_cumul=9.84099 Wh_cumul=0.0354177 
t=209 V=3.599 A=0.0973932 W=0.350518 mAh_cumul=9.86804 Wh_cumul=0.035515 
t=210 V=3.59897 A=0.0965786 W=0.347583 mAh_cumul=9.89487 Wh_cumul=0.0356116 
t=211 V=3.59895 A=0.0966471 W=0.347828 mAh_cumul=9.92172 Wh_cumul=0.0357082 
t=212 V=3.59897 A=0.0962416 W=0.346371 mAh_cumul=9.94845 Wh_cumul=0.0358044 
t=213 V=3.599 A=0.0964025 W=0.346953 mAh_cumul=9.97523 Wh_cumul=0.0359008 
t=214 V=3.59899 A=0.0949989 W=0.3419 mAh_cumul=10.0016 Wh_cumul=0.0359958 
t=215 V=3.599 A=0.0949937 W=0.341882 mAh_cumul=10.028 Wh_cumul=0.0360907 
t=216 V=3.59898 A=0.0945305 W=0.340213 mAh_cumul=10.0543 Wh_cumul=0.0361852 
t=217 V=3.59901 A=0.0937968 W=0.337576 mAh_cumul=10.0803 Wh_cumul=0.036279 
t=218 V=3.59899 A=0.0941511 W=0.338849 mAh_cumul=10.1065 Wh_cumul=0.0363731 
t=219 V=3.59901 A=0.0931087 W=0.335099 mAh_cumul=10.1323 Wh_cumul=0.0364662 
t=220 V=3.59899 A=0.0927356 W=0.333754 mAh_cumul=10.1581 Wh_cumul=0.0365589 
t=221 V=3.59899 A=0.0935976 W=0.336857 mAh_cumul=10.1841 Wh_cumul=0.0366525 
t=222 V=3.59902 A=0.092406 W=0.332571 mAh_cumul=10.2098 Wh_cumul=0.0367449 
t=223 V=3.59896 A=0.0913956 W=0.328929 mAh_cumul=10.2351 Wh_cumul=0.0368363 
t=224 V=3.599 A=0.0917648 W=0.330262 mAh_cumul=10.2606 Wh_cumul=0.036928 
t=225 V=3.599 A=0.0916044 W=0.329684 mAh_cumul=10.2861 Wh_cumul=0.0370196 
t=226 V=3.59898 A=0.0902887 W=0.324947 mAh_cumul=10.3112 Wh_cumul=0.0371098 
t=227 V=3.599 A=0.0895997 W=0.322469 mAh_cumul=10.3361 Wh_cumul=0.0371994 
t=228 V=3.59897 A=0.0889679 W=0.320193 mAh_cumul=10.3608 Wh_cumul=0.0372883 
t=229 V=3.59897 A=0.0893686 W=0.321635 mAh_cumul=10.3856 Wh_cumul=0.0373777 
t=230 V=3.59899 A=0.0889923 W=0.320282 mAh_cumul=10.4103 Wh_cumul=0.0374667 
t=231 V=3.599 A=0.089441 W=0.321898 mAh_cumul=10.4352 Wh_cumul=0.0375561 
t=232 V=3.599 A=0.0892972 W=0.321381 mAh_cumul=10.46 Wh_cumul=0.0376453 
t=233 V=3.599 A=0.0891565 W=0.320874 mAh_cumul=10.4847 Wh_cumul=0.0377345 
t=234 V=3.59902 A=0.0890387 W=0.320452 mAh_cumul=10.5095 Wh_cumul=0.0378235 
t=235 V=3.59898 A=0.0874069 W=0.314576 mAh_cumul=10.5337 Wh_cumul=0.0379109 
t=236 V=3.599 A=0.0871554 W=0.313672 mAh_cumul=10.5579 Wh_cumul=0.037998 
t=237 V=3.59897 A=0.0864959 W=0.311296 mAh_cumul=10.582 Wh_cumul=0.0380845 
t=238 V=3.59897 A=0.0863964 W=0.310938 mAh_cumul=10.606 Wh_cumul=0.0381709 
t=239 V=3.59899 A=0.0868332 W=0.312512 mAh_cumul=10.6301 Wh_cumul=0.0382577 
t=240 V=3.599 A=0.0870299 W=0.313221 mAh_cumul=10.6543 Wh_cumul=0.0383447 
t=241 V=3.599 A=0.0874268 W=0.314649 mAh_cumul=10.6786 Wh_cumul=0.0384321 
t=242 V=3.59901 A=0.0862022 W=0.310243 mAh_cumul=10.7025 Wh_cumul=0.0385182 
t=243 V=3.59898 A=0.085392 W=0.307324 mAh_cumul=10.7262 Wh_cumul=0.0386036 
t=244 V=3.59899 A=0.0854915 W=0.307683 mAh_cumul=10.75 Wh_cumul=0.0386891 
t=245 V=3.59901 A=0.0856691 W=0.308324 mAh_cumul=10.7738 Wh_cumul=0.0387747 
t=246 V=3.59901 A=0.0854068 W=0.30738 mAh_cumul=10.7975 Wh_cumul=0.0388601 
t=247 V=3.59903 A=0.0845644 W=0.30435 mAh_cumul=10.821 Wh_cumul=0.0389447 
t=248 V=3.59902 A=0.0842334 W=0.303158 mAh_cumul=10.8444 Wh_cumul=0.0390289 
t=249 V=3.599 A=0.0841047 W=0.302693 mAh_cumul=10.8677 Wh_cumul=0.0391129 
t=250 V=3.59903 A=0.0839161 W=0.302017 mAh_cumul=10.8911 Wh_cumul=0.0391968 
t=251 V=3.599 A=0.0837065 W=0.30126 mAh_cumul=10.9143 Wh_cumul=0.0392805 
t=252 V=3.599 A=0.0829539 W=0.298551 mAh_cumul=10.9373 Wh_cumul=0.0393635 
t=253 V=3.59902 A=0.08253 W=0.297027 mAh_cumul=10.9603 Wh_cumul=0.039446 
t=254 V=3.59899 A=0.0821536 W=0.29567 mAh_cumul=10.9831 Wh_cumul=0.0395281 
t=255 V=3.599 A=0.0822688 W=0.296085 mAh_cumul=11.0059 Wh_cumul=0.0396103 
t=256 V=3.59901 A=0.0821566 W=0.295682 mAh_cumul=11.0288 Wh_cumul=0.0396925 
t=257 V=3.59903 A=0.0820687 W=0.295368 mAh_cumul=11.0516 Wh_cumul=0.0397745 
t=258 V=3.59901 A=0.0810469 W=0.291689 mAh_cumul=11.0741 Wh_cumul=0.0398555 
t=259 V=3.59898 A=0.0803826 W=0.289295 mAh_cumul=11.0964 Wh_cumul=0.0399359 
t=260 V=3.599 A=0.0800895 W=0.288242 mAh_cumul=11.1186 Wh_cumul=0.040016 
t=261 V=3.59897 A=0.079856 W=0.287399 mAh_cumul=11.1408 Wh_cumul=0.0400958 
t=262 V=3.59902 A=0.0800039 W=0.287936 mAh_cumul=11.1631 Wh_cumul=0.0401758 
t=263 V=3.599 A=0.0795467 W=0.286289 mAh_cumul=11.1852 Wh_cumul=0.0402553 
t=264 V=3.59899 A=0.0791488 W=0.284856 mAh_cumul=11.2071 Wh_cumul=0.0403344 
t=265 V=3.599 A=0.0787015 W=0.283247 mAh_cumul=11.229 Wh_cumul=0.0404131 
t=266 V=3.59899 A=0.0783253 W=0.281892 mAh_cumul=11.2508 Wh_cumul=0.0404914 
t=267 V=3.59899 A=0.0786532 W=0.283072 mAh_cumul=11.2726 Wh_cumul=0.04057 
t=268 V=3.599 A=0.0783874 W=0.282116 mAh_cumul=11.2944 Wh_cumul=0.0406484 
t=269 V=3.59901 A=0.0787451 W=0.283404 mAh_cumul=11.3163 Wh_cumul=0.0407271 
t=270 V=3.59903 A=0.0790258 W=0.284416 mAh_cumul=11.3382 Wh_cumul=0.0408061 
t=271 V=3.59903 A=0.0787127 W=0.283289 mAh_cumul=11.3601 Wh_cumul=0.0408848 
t=272 V=3.59901 A=0.0780757 W=0.280995 mAh_cumul=11.3818 Wh_cumul=0.0409629 
t=273 V=3.59901 A=0.0773928 W=0.278537 mAh_cumul=11.4033 Wh_cumul=0.0410403 
t=274 V=3.59901 A=0.0770851 W=0.27743 mAh_cumul=11.4247 Wh_cumul=0.0411173 
t=275 V=3.59899 A=0.0765415 W=0.275472 mAh_cumul=11.4459 Wh_cumul=0.0411938 
t=276 V=3.599 A=0.0759556 W=0.273364 mAh_cumul=11.467 Wh_cumul=0.0412698 
t=277 V=3.59898 A=0.0755799 W=0.272011 mAh_cumul=11.488 Wh_cumul=0.0413453 
t=278 V=3.599 A=0.0762641 W=0.274474 mAh_cumul=11.5092 Wh_cumul=0.0414216 
t=279 V=3.599 A=0.0758996 W=0.273163 mAh_cumul=11.5303 Wh_cumul=0.0414975 
t=280 V=3.59901 A=0.0748891 W=0.269527 mAh_cumul=11.5511 Wh_cumul=0.0415723 
t=281 V=3.59898 A=0.0748007 W=0.269206 mAh_cumul=11.5719 Wh_cumul=0.0416471 
t=282 V=3.599 A=0.0749752 W=0.269836 mAh_cumul=11.5927 Wh_cumul=0.0417221 
t=283 V=3.59899 A=0.0742837 W=0.267346 mAh_cumul=11.6133 Wh_cumul=0.0417963 
t=284 V=3.59902 A=0.0745716 W=0.268385 mAh_cumul=11.634 Wh_cumul=0.0418709 
t=285 V=3.59899 A=0.0735156 W=0.264582 mAh_cumul=11.6545 Wh_cumul=0.0419444 
t=286 V=3.59895 A=0.073471 W=0.264418 mAh_cumul=11.6749 Wh_cumul=0.0420178 
t=287 V=3.59898 A=0.073367 W=0.264046 mAh_cumul=11.6953 Wh_cumul=0.0420912 
t=288 V=3.59896 A=0.0730241 W=0.262811 mAh_cumul=11.7155 Wh_cumul=0.0421642 
t=289 V=3.59901 A=0.0726578 W=0.261496 mAh_cumul=11.7357 Wh_cumul=0.0422368 
t=290 V=3.59897 A=0.0725156 W=0.260981 mAh_cumul=11.7559 Wh_cumul=0.0423093 
t=291 V=3.59902 A=0.0727489 W=0.261825 mAh_cumul=11.7761 Wh_cumul=0.042382 
t=292 V=3.59898 A=0.0724099 W=0.260602 mAh_cumul=11.7962 Wh_cumul=0.0424544 
t=293 V=3.59904 A=0.0733121 W=0.263853 mAh_cumul=11.8166 Wh_cumul=0.0425277 
t=294 V=3.59902 A=0.0729488 W=0.262544 mAh_cumul=11.8368 Wh_cumul=0.0426006 
t=295 V=3.59901 A=0.0726191 W=0.261357 mAh_cumul=11.857 Wh_cumul=0.0426732 
t=296 V=3.59903 A=0.0724156 W=0.260626 mAh_cumul=11.8771 Wh_cumul=0.0427456 
t=297 V=3.599 A=0.0722321 W=0.259963 mAh_cumul=11.8972 Wh_cumul=0.0428178 
t=298 V=3.59902 A=0.0718893 W=0.258731 mAh_cumul=11.9171 Wh_cumul=0.0428897 
t=299 V=3.59903 A=0.0718108 W=0.258449 mAh_cumul=11.9371 Wh_cumul=0.0429615 
t=300 V=3.59902 A=0.0711243 W=0.255978 mAh_cumul=11.9568 Wh_cumul=0.0430326 
t=301 V=3.59901 A=0.0702294 W=0.252756 mAh_cumul=11.9763 Wh_cumul=0.0431028 
t=302 V=3.59901 A=0.0695662 W=0.250369 mAh_cumul=11.9957 Wh_cumul=0.0431724 
t=303 V=3.59899 A=0.0682117 W=0.245493 mAh_cumul=12.0146 Wh_cumul=0.0432406 
t=304 V=3.59898 A=0.0679467 W=0.244539 mAh_cumul=12.0335 Wh_cumul=0.0433085 
t=305 V=3.599 A=0.0682714 W=0.245709 mAh_cumul=12.0525 Wh_cumul=0.0433767 
t=306 V=3.59901 A=0.0686614 W=0.247113 mAh_cumul=12.0715 Wh_cumul=0.0434454 
t=307 V=3.59899 A=0.0682269 W=0.245548 mAh_cumul=12.0905 Wh_cumul=0.0435136 
t=308 V=3.59899 A=0.0678952 W=0.244354 mAh_cumul=12.1093 Wh_cumul=0.0435815 
t=309 V=3.599 A=0.0678247 W=0.244101 mAh_cumul=12.1282 Wh_cumul=0.0436493 
t=310 V=3.59901 A=0.0673983 W=0.242567 mAh_cumul=12.1469 Wh_cumul=0.0437167 
t=311 V=3.59897 A=0.0678475 W=0.244181 mAh_cumul=12.1658 Wh_cumul=0.0437845 
t=312 V=3.599 A=0.066972 W=0.241032 mAh_cumul=12.1844 Wh_cumul=0.0438514 
t=313 V=3.599 A=0.0663731 W=0.238877 mAh_cumul=12.2028 Wh_cumul=0.0439178 
t=314 V=3.59898 A=0.0663155 W=0.238668 mAh_cumul=12.2212 Wh_cumul=0.0439841 
t=315 V=3.59899 A=0.0662093 W=0.238287 mAh_cumul=12.2396 Wh_cumul=0.0440503 
t=316 V=3.59902 A=0.0661971 W=0.238245 mAh_cumul=12.258 Wh_cumul=0.0441165 
t=317 V=3.59901 A=0.0653742 W=0.235282 mAh_cumul=12.2762 Wh_cumul=0.0441818 
t=318 V=3.59899 A=0.0665661 W=0.239571 mAh_cumul=12.2946 Wh_cumul=0.0442484 
t=319 V=3.59902 A=0.0659532 W=0.237367 mAh_cumul=12.313 Wh_cumul=0.0443143 
t=320 V=3.59901 A=0.0651164 W=0.234355 mAh_cumul=12.331 Wh_cumul=0.0443794 
t=321 V=3.599 A=0.0645266 W=0.232231 mAh_cumul=12.349 Wh_cumul=0.0444439 
t=322 V=3.59898 A=0.0642725 W=0.231315 mAh_cumul=12.3668 Wh_cumul=0.0445082 
t=323 V=3.59898 A=0.0647232 W=0.232938 mAh_cumul=12.3848 Wh_cumul=0.0445729 
t=324 V=3.599 A=0.064673 W=0.232758 mAh_cumul=12.4028 Wh_cumul=0.0446375 
t=325 V=3.59901 A=0.0647695 W=0.233106 mAh_cumul=12.4208 Wh_cumul=0.0447023 
t=326 V=3.59901 A=0.0642588 W=0.231268 mAh_cumul=12.4386 Wh_cumul=0.0447665 
t=327 V=3.59901 A=0.064243 W=0.231211 mAh_cumul=12.4565 Wh_cumul=0.0448307 
t=328 V=3.59902 A=0.0637092 W=0.229291 mAh_cumul=12.4742 Wh_cumul=0.0448944 
t=329 V=3.59899 A=0.0630808 W=0.227027 mAh_cumul=12.4917 Wh_cumul=0.0449575 
t=330 V=3.59898 A=0.0636872 W=0.229209 mAh_cumul=12.5094 Wh_cumul=0.0450212 
t=331 V=3.59904 A=0.0636201 W=0.228971 mAh_cumul=12.527 Wh_cumul=0.0450848 
t=332 V=3.59903 A=0.0639709 W=0.230233 mAh_cumul=12.5448 Wh_cumul=0.0451487 
t=333 V=3.59904 A=0.0637864 W=0.22957 mAh_cumul=12.5625 Wh_cumul=0.0452125 
t=334 V=3.59903 A=0.0627287 W=0.225762 mAh_cumul=12.58 Wh_cumul=0.0452752 
t=335 V=3.59901 A=0.0620622 W=0.223362 mAh_cumul=12.5972 Wh_cumul=0.0453372 
END

