0 errors cleared
t=0 V=4.16656 A=0.00953903 W=0.0397449 mAh_cumul=0 Wh_cumul=0 
t=2 V=4.16655 A=0.00955282 W=0.0398023 mAh_cumul=0.00530712 Wh_cumul=2.21124e-05 
t=3 V=4.20205 A=0.520832 W=2.18856 mAh_cumul=0.149983 Wh_cumul=0.000630046 
t=4 V=4.19893 A=0.520453 W=2.18535 mAh_cumul=0.294553 Wh_cumul=0.00123709 
t=5 V=4.19958 A=0.520393 W=2.18543 mAh_cumul=0.439107 Wh_cumul=0.00184415 
t=6 V=4.20014 A=0.52038 W=2.18567 mAh_cumul=0.583657 Wh_cumul=0.00245128 
t=7 V=4.20061 A=0.520378 W=2.18591 mAh_cumul=0.728206 Wh_cumul=0.00305848 
t=8 V=4.20104 A=0.520376 W=2.18612 mAh_cumul=0.872755 Wh_cumul=0.00366573 
t=9 V=4.20146 A=0.520371 W=2.18632 mAh_cumul=1.0173 Wh_cumul=0.00427304 
t=10 V=4.20186 A=0.519247 W=2.1818 mAh_cumul=1.16154 Wh_cumul=0.0048791 
t=11 V=4.20202 A=0.512826 W=2.15491 mAh_cumul=1.30399 Wh_cumul=0.00547768 
t=12 V=4.20198 A=0.506788 W=2.12951 mAh_cumul=1.44476 Wh_cumul=0.00606922 
t=13 V=4.20203 A=0.501444 W=2.10708 mAh_cumul=1.58405 Wh_cumul=0.00665452 
t=14 V=4.20205 A=0.495837 W=2.08353 mAh_cumul=1.72179 Wh_cumul=0.00723328 
t=15 V=4.20202 A=0.49073 W=2.06206 mAh_cumul=1.8581 Wh_cumul=0.00780607 
t=16 V=4.20201 A=0.485773 W=2.04122 mAh_cumul=1.99304 Wh_cumul=0.00837308 
t=17 V=4.20201 A=0.480872 W=2.02063 mAh_cumul=2.12661 Wh_cumul=0.00893436 
t=18 V=4.20202 A=0.476181 W=2.00092 mAh_cumul=2.25889 Wh_cumul=0.00949017 
t=19 V=4.20204 A=0.471829 W=1.98264 mAh_cumul=2.38995 Wh_cumul=0.0100409 
t=20 V=4.20201 A=0.46767 W=1.96515 mAh_cumul=2.51986 Wh_cumul=0.0105868 
t=21 V=4.20204 A=0.463764 W=1.94875 mAh_cumul=2.64868 Wh_cumul=0.0111281 
t=22 V=4.20204 A=0.459783 W=1.93203 mAh_cumul=2.7764 Wh_cumul=0.0116648 
t=23 V=4.20205 A=0.456061 W=1.91639 mAh_cumul=2.90308 Wh_cumul=0.0121971 
t=24 V=4.20204 A=0.452462 W=1.90126 mAh_cumul=3.02877 Wh_cumul=0.0127252 
t=25 V=4.20205 A=0.449143 W=1.88732 mAh_cumul=3.15353 Wh_cumul=0.0132495 
t=26 V=4.20205 A=0.44617 W=1.87483 mAh_cumul=3.27746 Wh_cumul=0.0137703 
t=27 V=4.20211 A=0.442968 W=1.8614 mAh_cumul=3.40051 Wh_cumul=0.0142873 
t=28 V=4.20208 A=0.439714 W=1.84771 mAh_cumul=3.52265 Wh_cumul=0.0148006 
t=29 V=4.20209 A=0.436677 W=1.83496 mAh_cumul=3.64395 Wh_cumul=0.0153103 
t=30 V=4.20208 A=0.433422 W=1.82127 mAh_cumul=3.76435 Wh_cumul=0.0158162 
t=31 V=4.20205 A=0.430084 W=1.80723 mAh_cumul=3.88381 Wh_cumul=0.0163182 
t=32 V=4.20205 A=0.427402 W=1.79596 mAh_cumul=4.00254 Wh_cumul=0.0168171 
t=33 V=4.20205 A=0.424524 W=1.78387 mAh_cumul=4.12046 Wh_cumul=0.0173126 
t=34 V=4.20207 A=0.421733 W=1.77215 mAh_cumul=4.23761 Wh_cumul=0.0178049 
t=35 V=4.20207 A=0.419139 W=1.76125 mAh_cumul=4.35404 Wh_cumul=0.0182941 
t=36 V=4.20208 A=0.416395 W=1.74973 mAh_cumul=4.4697 Wh_cumul=0.0187802 
t=37 V=4.20202 A=0.413572 W=1.73784 mAh_cumul=4.58458 Wh_cumul=0.0192629 
t=38 V=4.20203 A=0.411033 W=1.72717 mAh_cumul=4.69876 Wh_cumul=0.0197427 
t=39 V=4.202 A=0.408779 W=1.71769 mAh_cumul=4.81231 Wh_cumul=0.0202198 
t=40 V=4.20202 A=0.406322 W=1.70737 mAh_cumul=4.92518 Wh_cumul=0.0206941 
t=41 V=4.20205 A=0.4039 W=1.69721 mAh_cumul=5.03737 Wh_cumul=0.0211655 
t=42 V=4.20203 A=0.401751 W=1.68817 mAh_cumul=5.14897 Wh_cumul=0.0216344 
t=43 V=4.20203 A=0.399489 W=1.67866 mAh_cumul=5.25994 Wh_cumul=0.0221007 
t=44 V=4.20201 A=0.397266 W=1.66932 mAh_cumul=5.37029 Wh_cumul=0.0225644 
t=45 V=4.202 A=0.395179 W=1.66054 mAh_cumul=5.48006 Wh_cumul=0.0230257 
t=46 V=4.20205 A=0.39308 W=1.65174 mAh_cumul=5.58925 Wh_cumul=0.0234845 
t=47 V=4.20204 A=0.390979 W=1.64291 mAh_cumul=5.69785 Wh_cumul=0.0239409 
t=48 V=4.20202 A=0.389011 W=1.63463 mAh_cumul=5.80591 Wh_cumul=0.0243949 
t=49 V=4.20203 A=0.386955 W=1.626 mAh_cumul=5.9134 Wh_cumul=0.0248466 
t=50 V=4.20203 A=0.385412 W=1.61951 mAh_cumul=6.02046 Wh_cumul=0.0252965 
t=51 V=4.20203 A=0.383587 W=1.61184 mAh_cumul=6.12701 Wh_cumul=0.0257442 
t=52 V=4.20207 A=0.382034 W=1.60533 mAh_cumul=6.23313 Wh_cumul=0.0261901 
t=53 V=4.20206 A=0.380204 W=1.59764 mAh_cumul=6.33874 Wh_cumul=0.0266339 
t=54 V=4.20208 A=0.378678 W=1.59124 mAh_cumul=6.44393 Wh_cumul=0.0270759 
t=55 V=4.20206 A=0.37671 W=1.58296 mAh_cumul=6.54857 Wh_cumul=0.0275156 
t=56 V=4.20207 A=0.374671 W=1.57439 mAh_cumul=6.65265 Wh_cumul=0.027953 
t=57 V=4.20204 A=0.372826 W=1.56663 mAh_cumul=6.75621 Wh_cumul=0.0283882 
t=58 V=4.20205 A=0.371129 W=1.5595 mAh_cumul=6.8593 Wh_cumul=0.0288213 
t=59 V=4.20206 A=0.369484 W=1.55259 mAh_cumul=6.96194 Wh_cumul=0.0292526 
t=60 V=4.20203 A=0.367691 W=1.54505 mAh_cumul=7.06407 Wh_cumul=0.0296818 
t=61 V=4.20203 A=0.366148 W=1.53856 mAh_cumul=7.16578 Wh_cumul=0.0301092 
t=62 V=4.20205 A=0.364356 W=1.53104 mAh_cumul=7.26699 Wh_cumul=0.0305345 
t=63 V=4.20202 A=0.362768 W=1.52436 mAh_cumul=7.36776 Wh_cumul=0.0309579 
t=64 V=4.20202 A=0.361316 W=1.51826 mAh_cumul=7.46813 Wh_cumul=0.0313796 
t=65 V=4.20207 A=0.359928 W=1.51244 mAh_cumul=7.56811 Wh_cumul=0.0317998 
t=66 V=4.20204 A=0.358262 W=1.50543 mAh_cumul=7.66762 Wh_cumul=0.0322179 
t=67 V=4.20203 A=0.356646 W=1.49864 mAh_cumul=7.76669 Wh_cumul=0.0326342 
t=68 V=4.202 A=0.354904 W=1.49131 mAh_cumul=7.86528 Wh_cumul=0.0330485 
t=69 V=4.20201 A=0.353428 W=1.48511 mAh_cumul=7.96345 Wh_cumul=0.033461 
t=70 V=4.20203 A=0.352404 W=1.48081 mAh_cumul=8.06134 Wh_cumul=0.0338723 
t=71 V=4.20204 A=0.351217 W=1.47583 mAh_cumul=8.1589 Wh_cumul=0.0342823 
t=72 V=4.20204 A=0.34995 W=1.4705 mAh_cumul=8.25611 Wh_cumul=0.0346908 
t=73 V=4.20208 A=0.348792 W=1.46565 mAh_cumul=8.353 Wh_cumul=0.0350979 
t=74 V=4.20205 A=0.347272 W=1.45925 mAh_cumul=8.44946 Wh_cumul=0.0355032 
t=75 V=4.20205 A=0.345696 W=1.45263 mAh_cumul=8.54549 Wh_cumul=0.0359068 
t=76 V=4.20204 A=0.344411 W=1.44723 mAh_cumul=8.64116 Wh_cumul=0.0363088 
t=77 V=4.20203 A=0.343065 W=1.44157 mAh_cumul=8.73645 Wh_cumul=0.0367092 
t=78 V=4.20202 A=0.341631 W=1.43554 mAh_cumul=8.83135 Wh_cumul=0.037108 
t=79 V=4.20204 A=0.340278 W=1.42986 mAh_cumul=8.92587 Wh_cumul=0.0375051 
t=80 V=4.20204 A=0.338987 W=1.42444 mAh_cumul=9.02004 Wh_cumul=0.0379008 
t=81 V=4.202 A=0.337757 W=1.41925 mAh_cumul=9.11386 Wh_cumul=0.0382951 
t=82 V=4.20201 A=0.336353 W=1.41336 mAh_cumul=9.20729 Wh_cumul=0.0386877 
t=83 V=4.20202 A=0.335215 W=1.40858 mAh_cumul=9.3004 Wh_cumul=0.0390789 
t=84 V=4.20205 A=0.334153 W=1.40413 mAh_cumul=9.39322 Wh_cumul=0.039469 
t=85 V=4.20203 A=0.333058 W=1.39952 mAh_cumul=9.48574 Wh_cumul=0.0398577 
t=86 V=4.20203 A=0.331841 W=1.39441 mAh_cumul=9.57792 Wh_cumul=0.0402451 
t=87 V=4.20201 A=0.330876 W=1.39034 mAh_cumul=9.66983 Wh_cumul=0.0406313 
t=88 V=4.20205 A=0.330091 W=1.38706 mAh_cumul=9.76152 Wh_cumul=0.0410166 
t=89 V=4.20206 A=0.329058 W=1.38272 mAh_cumul=9.85292 Wh_cumul=0.0414006 
t=90 V=4.20204 A=0.327759 W=1.37726 mAh_cumul=9.94397 Wh_cumul=0.0417832 
t=91 V=4.20205 A=0.326689 W=1.37276 mAh_cumul=10.0347 Wh_cumul=0.0421645 
t=92 V=4.20206 A=0.325871 W=1.36933 mAh_cumul=10.1252 Wh_cumul=0.0425449 
t=93 V=4.20209 A=0.324934 W=1.3654 mAh_cumul=10.2155 Wh_cumul=0.0429242 
t=94 V=4.20208 A=0.323807 W=1.36066 mAh_cumul=10.3054 Wh_cumul=0.0433022 
t=95 V=4.20209 A=0.32249 W=1.35513 mAh_cumul=10.395 Wh_cumul=0.0436786 
t=96 V=4.20202 A=0.321328 W=1.35023 mAh_cumul=10.4843 Wh_cumul=0.0440536 
t=97 V=4.20205 A=0.319663 W=1.34324 mAh_cumul=10.5731 Wh_cumul=0.0444268 
t=98 V=4.20201 A=0.318487 W=1.33829 mAh_cumul=10.6615 Wh_cumul=0.0447985 
t=99 V=4.20201 A=0.317326 W=1.33341 mAh_cumul=10.7497 Wh_cumul=0.0451689 
t=100 V=4.20202 A=0.31673 W=1.33091 mAh_cumul=10.8377 Wh_cumul=0.0455386 
t=101 V=4.20203 A=0.316108 W=1.3283 mAh_cumul=10.9255 Wh_cumul=0.0459076 
t=102 V=4.20204 A=0.315152 W=1.32428 mAh_cumul=11.013 Wh_cumul=0.0462754 
t=103 V=4.20207 A=0.314118 W=1.31995 mAh_cumul=11.1003 Wh_cumul=0.0466421 
t=104 V=4.20207 A=0.3131 W=1.31567 mAh_cumul=11.1872 Wh_cumul=0.0470075 
t=105 V=4.20205 A=0.312062 W=1.3113 mAh_cumul=11.2739 Wh_cumul=0.0473718 
t=106 V=4.20207 A=0.310918 W=1.3065 mAh_cumul=11.3603 Wh_cumul=0.0477347 
t=107 V=4.20205 A=0.31024 W=1.30364 mAh_cumul=11.4465 Wh_cumul=0.0480968 
t=108 V=4.20206 A=0.309332 W=1.29983 mAh_cumul=11.5324 Wh_cumul=0.0484579 
t=109 V=4.20205 A=0.308401 W=1.29592 mAh_cumul=11.6181 Wh_cumul=0.0488179 
t=110 V=4.20206 A=0.307472 W=1.29202 mAh_cumul=11.7035 Wh_cumul=0.0491768 
t=111 V=4.20207 A=0.306539 W=1.2881 mAh_cumul=11.7886 Wh_cumul=0.0495346 
t=112 V=4.20207 A=0.305611 W=1.2842 mAh_cumul=11.8735 Wh_cumul=0.0498913 
t=113 V=4.20206 A=0.304465 W=1.27938 mAh_cumul=11.9581 Wh_cumul=0.0502467 
t=114 V=4.20205 A=0.303371 W=1.27478 mAh_cumul=12.0424 Wh_cumul=0.0506008 
t=115 V=4.20202 A=0.302446 W=1.27088 mAh_cumul=12.1264 Wh_cumul=0.0509538 
t=116 V=4.20204 A=0.301408 W=1.26653 mAh_cumul=12.2101 Wh_cumul=0.0513056 
t=117 V=4.20204 A=0.300469 W=1.26258 mAh_cumul=12.2936 Wh_cumul=0.0516563 
t=118 V=4.20204 A=0.299648 W=1.25913 mAh_cumul=12.3768 Wh_cumul=0.0520061 
t=119 V=4.20205 A=0.298805 W=1.25559 mAh_cumul=12.4598 Wh_cumul=0.0523549 
t=120 V=4.20205 A=0.297909 W=1.25183 mAh_cumul=12.5426 Wh_cumul=0.0527026 
t=121 V=4.20202 A=0.297452 W=1.2499 mAh_cumul=12.6252 Wh_cumul=0.0530498 
t=122 V=4.20206 A=0.296491 W=1.24587 mAh_cumul=12.7075 Wh_cumul=0.0533959 
t=123 V=4.20206 A=0.295517 W=1.24178 mAh_cumul=12.7896 Wh_cumul=0.0537408 
t=124 V=4.20207 A=0.294429 W=1.23721 mAh_cumul=12.8714 Wh_cumul=0.0540845 
t=125 V=4.20201 A=0.293278 W=1.23236 mAh_cumul=12.9529 Wh_cumul=0.0544268 
t=126 V=4.20202 A=0.292328 W=1.22837 mAh_cumul=13.0341 Wh_cumul=0.054768 
t=127 V=4.20202 A=0.291667 W=1.22559 mAh_cumul=13.1151 Wh_cumul=0.0551085 
t=128 V=4.20203 A=0.291005 W=1.22281 mAh_cumul=13.1959 Wh_cumul=0.0554481 
t=129 V=4.20207 A=0.290409 W=1.22032 mAh_cumul=13.2766 Wh_cumul=0.0557871 
t=130 V=4.20206 A=0.289375 W=1.21597 mAh_cumul=13.357 Wh_cumul=0.0561249 
t=131 V=4.20206 A=0.288652 W=1.21293 mAh_cumul=13.4372 Wh_cumul=0.0564618 
t=132 V=4.20208 A=0.287914 W=1.20984 mAh_cumul=13.5171 Wh_cumul=0.0567979 
t=133 V=4.20211 A=0.286771 W=1.20504 mAh_cumul=13.5968 Wh_cumul=0.0571326 
t=134 V=4.20204 A=0.285741 W=1.2007 mAh_cumul=13.6762 Wh_cumul=0.0574661 
t=135 V=4.20205 A=0.284807 W=1.19677 mAh_cumul=13.7553 Wh_cumul=0.0577986 
t=136 V=4.20202 A=0.283795 W=1.19251 mAh_cumul=13.8341 Wh_cumul=0.0581298 
t=137 V=4.20203 A=0.282935 W=1.1889 mAh_cumul=13.9127 Wh_cumul=0.0584601 
t=138 V=4.20203 A=0.282166 W=1.18567 mAh_cumul=13.9911 Wh_cumul=0.0587894 
t=139 V=4.20203 A=0.281417 W=1.18252 mAh_cumul=14.0693 Wh_cumul=0.0591179 
t=140 V=4.20201 A=0.28049 W=1.17862 mAh_cumul=14.1472 Wh_cumul=0.0594453 
t=141 V=4.20201 A=0.279575 W=1.17478 mAh_cumul=14.2248 Wh_cumul=0.0597716 
t=142 V=4.20202 A=0.278939 W=1.17211 mAh_cumul=14.3023 Wh_cumul=0.0600972 
t=143 V=4.20202 A=0.278192 W=1.16897 mAh_cumul=14.3796 Wh_cumul=0.0604219 
t=144 V=4.20204 A=0.277553 W=1.16629 mAh_cumul=14.4567 Wh_cumul=0.0607459 
t=145 V=4.20206 A=0.27689 W=1.16351 mAh_cumul=14.5336 Wh_cumul=0.0610691 
t=146 V=4.20202 A=0.275944 W=1.15952 mAh_cumul=14.6103 Wh_cumul=0.0613912 
t=147 V=4.20202 A=0.274915 W=1.1552 mAh_cumul=14.6866 Wh_cumul=0.0617121 
t=148 V=4.20203 A=0.274032 W=1.15149 mAh_cumul=14.7627 Wh_cumul=0.0620319 
t=149 V=4.20201 A=0.273414 W=1.14889 mAh_cumul=14.8387 Wh_cumul=0.0623511 
t=150 V=4.20202 A=0.27256 W=1.1453 mAh_cumul=14.9144 Wh_cumul=0.0626692 
t=151 V=4.20198 A=0.271621 W=1.14135 mAh_cumul=14.9899 Wh_cumul=0.0629862 
t=152 V=4.202 A=0.271089 W=1.13912 mAh_cumul=15.0652 Wh_cumul=0.0633027 
t=153 V=4.20201 A=0.270142 W=1.13514 mAh_cumul=15.1402 Wh_cumul=0.063618 
t=154 V=4.20202 A=0.269693 W=1.13326 mAh_cumul=15.2151 Wh_cumul=0.0639328 
t=155 V=4.20204 A=0.268974 W=1.13024 mAh_cumul=15.2898 Wh_cumul=0.0642467 
t=156 V=4.20201 A=0.268131 W=1.12669 mAh_cumul=15.3643 Wh_cumul=0.0645597 
t=157 V=4.20203 A=0.26754 W=1.12421 mAh_cumul=15.4386 Wh_cumul=0.064872 
t=158 V=4.20203 A=0.266959 W=1.12177 mAh_cumul=15.5128 Wh_cumul=0.0651836 
t=159 V=4.20207 A=0.266461 W=1.11969 mAh_cumul=15.5868 Wh_cumul=0.0654946 
t=160 V=4.20204 A=0.26587 W=1.1172 mAh_cumul=15.6606 Wh_cumul=0.0658049 
t=161 V=4.20207 A=0.265079 W=1.11388 mAh_cumul=15.7343 Wh_cumul=0.0661143 
t=162 V=4.20204 A=0.264202 W=1.11019 mAh_cumul=15.8077 Wh_cumul=0.0664227 
t=163 V=4.20205 A=0.263159 W=1.10581 mAh_cumul=15.8808 Wh_cumul=0.0667299 
t=164 V=4.20201 A=0.262291 W=1.10215 mAh_cumul=15.9536 Wh_cumul=0.067036 
t=165 V=4.20202 A=0.261381 W=1.09833 mAh_cumul=16.0262 Wh_cumul=0.0673411 
t=166 V=4.20203 A=0.260837 W=1.09604 mAh_cumul=16.0987 Wh_cumul=0.0676456 
t=167 V=4.20203 A=0.259969 W=1.0924 mAh_cumul=16.1709 Wh_cumul=0.067949 
t=168 V=4.202 A=0.259127 W=1.08885 mAh_cumul=16.2429 Wh_cumul=0.0682515 
t=169 V=4.20199 A=0.258314 W=1.08543 mAh_cumul=16.3146 Wh_cumul=0.068553 
t=170 V=4.20201 A=0.257827 W=1.08339 mAh_cumul=16.3863 Wh_cumul=0.0688539 
t=171 V=4.20201 A=0.256944 W=1.07968 mAh_cumul=16.4576 Wh_cumul=0.0691539 
t=172 V=4.20201 A=0.25625 W=1.07677 mAh_cumul=16.5288 Wh_cumul=0.069453 
t=173 V=4.20202 A=0.25557 W=1.07391 mAh_cumul=16.5998 Wh_cumul=0.0697513 
t=174 V=4.20201 A=0.25482 W=1.07076 mAh_cumul=16.6706 Wh_cumul=0.0700487 
t=175 V=4.20201 A=0.25425 W=1.06836 mAh_cumul=16.7412 Wh_cumul=0.0703455 
t=176 V=4.20203 A=0.253748 W=1.06626 mAh_cumul=16.8117 Wh_cumul=0.0706417 
t=177 V=4.20206 A=0.253332 W=1.06452 mAh_cumul=16.8821 Wh_cumul=0.0709374 
t=178 V=4.20204 A=0.252872 W=1.06258 mAh_cumul=16.9523 Wh_cumul=0.0712325 
t=179 V=4.20205 A=0.252341 W=1.06035 mAh_cumul=17.0224 Wh_cumul=0.0715271 
t=180 V=4.20206 A=0.251679 W=1.05757 mAh_cumul=17.0923 Wh_cumul=0.0718208 
t=181 V=4.20205 A=0.250969 W=1.05458 mAh_cumul=17.162 Wh_cumul=0.0721138 
t=182 V=4.20207 A=0.250575 W=1.05293 mAh_cumul=17.2316 Wh_cumul=0.0724062 
t=183 V=4.20208 A=0.249958 W=1.05034 mAh_cumul=17.3011 Wh_cumul=0.072698 
t=184 V=4.20208 A=0.249142 W=1.04691 mAh_cumul=17.3703 Wh_cumul=0.0729888 
t=185 V=4.20206 A=0.248418 W=1.04387 mAh_cumul=17.4393 Wh_cumul=0.0732788 
t=186 V=4.20203 A=0.247147 W=1.03852 mAh_cumul=17.5079 Wh_cumul=0.0735673 
t=187 V=4.20203 A=0.246535 W=1.03595 mAh_cumul=17.5764 Wh_cumul=0.073855 
t=188 V=4.20202 A=0.245555 W=1.03183 mAh_cumul=17.6446 Wh_cumul=0.0741416 
t=189 V=4.20201 A=0.245155 W=1.03014 mAh_cumul=17.7127 Wh_cumul=0.0744278 
t=190 V=4.20204 A=0.244853 W=1.02888 mAh_cumul=17.7807 Wh_cumul=0.0747136 
t=191 V=4.20203 A=0.244195 W=1.02611 mAh_cumul=17.8486 Wh_cumul=0.0749986 
t=192 V=4.20204 A=0.243503 W=1.02321 mAh_cumul=17.9162 Wh_cumul=0.0752828 
t=193 V=4.20206 A=0.243008 W=1.02113 mAh_cumul=17.9837 Wh_cumul=0.0755665 
t=194 V=4.20206 A=0.242305 W=1.01818 mAh_cumul=18.051 Wh_cumul=0.0758493 
t=195 V=4.20202 A=0.241165 W=1.01338 mAh_cumul=18.118 Wh_cumul=0.0761308 
t=196 V=4.20204 A=0.240525 W=1.0107 mAh_cumul=18.1848 Wh_cumul=0.0764116 
t=197 V=4.20204 A=0.239935 W=1.00822 mAh_cumul=18.2515 Wh_cumul=0.0766916 
t=198 V=4.20203 A=0.239334 W=1.00569 mAh_cumul=18.3179 Wh_cumul=0.076971 
t=199 V=4.20202 A=0.238518 W=1.00226 mAh_cumul=18.3842 Wh_cumul=0.0772494 
t=200 V=4.20202 A=0.237987 W=1.00003 mAh_cumul=18.4503 Wh_cumul=0.0775272 
t=201 V=4.20202 A=0.237287 W=0.997085 mAh_cumul=18.5162 Wh_cumul=0.0778041 
t=202 V=4.20201 A=0.236451 W=0.993569 mAh_cumul=18.5819 Wh_cumul=0.0780801 
t=203 V=4.20197 A=0.235728 W=0.990522 mAh_cumul=18.6474 Wh_cumul=0.0783553 
t=204 V=4.20198 A=0.234977 W=0.987369 mAh_cumul=18.7126 Wh_cumul=0.0786295 
t=205 V=4.202 A=0.234659 W=0.986037 mAh_cumul=18.7778 Wh_cumul=0.0789034 
t=206 V=4.20199 A=0.234028 W=0.983383 mAh_cumul=18.8428 Wh_cumul=0.0791766 
t=207 V=4.20202 A=0.233412 W=0.980802 mAh_cumul=18.9077 Wh_cumul=0.0794491 
t=208 V=4.20199 A=0.232802 W=0.978232 mAh_cumul=18.9723 Wh_cumul=0.0797208 
t=209 V=4.20202 A=0.232146 W=0.975482 mAh_cumul=19.0368 Wh_cumul=0.0799918 
t=210 V=4.20199 A=0.231514 W=0.97282 mAh_cumul=19.1011 Wh_cumul=0.080262 
t=211 V=4.20201 A=0.230964 W=0.970513 mAh_cumul=19.1653 Wh_cumul=0.0805316 
t=212 V=4.20199 A=0.230226 W=0.967407 mAh_cumul=19.2292 Wh_cumul=0.0808003 
t=213 V=4.20201 A=0.229821 W=0.96571 mAh_cumul=19.2931 Wh_cumul=0.0810685 
t=214 V=4.20202 A=0.229228 W=0.963221 mAh_cumul=19.3568 Wh_cumul=0.0813361 
t=215 V=4.20201 A=0.228329 W=0.959441 mAh_cumul=19.4202 Wh_cumul=0.0816026 
t=216 V=4.20202 A=0.227986 W=0.958002 mAh_cumul=19.4835 Wh_cumul=0.0818687 
t=217 V=4.202 A=0.227281 W=0.955035 mAh_cumul=19.5466 Wh_cumul=0.082134 
t=218 V=4.20198 A=0.226867 W=0.953291 mAh_cumul=19.6097 Wh_cumul=0.0823988 
t=219 V=4.202 A=0.226387 W=0.951278 mAh_cumul=19.6726 Wh_cumul=0.0826631 
t=220 V=4.20204 A=0.226057 W=0.949901 mAh_cumul=19.7353 Wh_cumul=0.0829269 
t=221 V=4.20201 A=0.225718 W=0.948469 mAh_cumul=19.798 Wh_cumul=0.0831904 
t=222 V=4.20203 A=0.225211 W=0.946343 mAh_cumul=19.8606 Wh_cumul=0.0834533 
t=223 V=4.20203 A=0.224666 W=0.944053 mAh_cumul=19.923 Wh_cumul=0.0837155 
t=224 V=4.20204 A=0.223848 W=0.940618 mAh_cumul=19.9852 Wh_cumul=0.0839768 
t=225 V=4.202 A=0.222985 W=0.936983 mAh_cumul=20.0471 Wh_cumul=0.0842371 
t=226 V=4.20201 A=0.222204 W=0.933703 mAh_cumul=20.1089 Wh_cumul=0.0844964 
t=227 V=4.20201 A=0.221513 W=0.9308 mAh_cumul=20.1704 Wh_cumul=0.084755 
t=228 V=4.202 A=0.221056 W=0.928877 mAh_cumul=20.2318 Wh_cumul=0.085013 
t=229 V=4.202 A=0.2206 W=0.926961 mAh_cumul=20.2931 Wh_cumul=0.0852705 
t=230 V=4.20204 A=0.220484 W=0.926483 mAh_cumul=20.3543 Wh_cumul=0.0855278 
t=231 V=4.20202 A=0.219893 W=0.923995 mAh_cumul=20.4154 Wh_cumul=0.0857845 
t=232 V=4.20203 A=0.219142 W=0.920841 mAh_cumul=20.4763 Wh_cumul=0.0860403 
t=233 V=4.202 A=0.218278 W=0.917204 mAh_cumul=20.5369 Wh_cumul=0.0862951 
t=234 V=4.20199 A=0.21793 W=0.91574 mAh_cumul=20.5974 Wh_cumul=0.0865494 
t=235 V=4.20206 A=0.21745 W=0.913738 mAh_cumul=20.6578 Wh_cumul=0.0868033 
t=236 V=4.20203 A=0.217055 W=0.912072 mAh_cumul=20.7181 Wh_cumul=0.0870566 
t=237 V=4.20202 A=0.216786 W=0.910939 mAh_cumul=20.7784 Wh_cumul=0.0873097 
t=238 V=4.20204 A=0.216193 W=0.908452 mAh_cumul=20.8384 Wh_cumul=0.087562 
t=239 V=4.20203 A=0.215516 W=0.905605 mAh_cumul=20.8983 Wh_cumul=0.0878136 
t=240 V=4.20204 A=0.21485 W=0.902808 mAh_cumul=20.958 Wh_cumul=0.0880643 
t=241 V=4.20201 A=0.214139 W=0.899814 mAh_cumul=21.0174 Wh_cumul=0.0883143 
t=242 V=4.20199 A=0.213124 W=0.895545 mAh_cumul=21.0766 Wh_cumul=0.088563 
t=243 V=4.20199 A=0.212474 W=0.892814 mAh_cumul=21.1357 Wh_cumul=0.0888111 
t=244 V=4.20196 A=0.211981 W=0.890736 mAh_cumul=21.1945 Wh_cumul=0.0890585 
t=245 V=4.20197 A=0.21177 W=0.889851 mAh_cumul=21.2534 Wh_cumul=0.0893057 
t=246 V=4.20201 A=0.211591 W=0.889107 mAh_cumul=21.3121 Wh_cumul=0.0895526 
t=247 V=4.20202 A=0.21119 W=0.887425 mAh_cumul=21.3708 Wh_cumul=0.0897991 
t=248 V=4.20201 A=0.210808 W=0.885817 mAh_cumul=21.4294 Wh_cumul=0.0900452 
t=249 V=4.20202 A=0.210328 W=0.883802 mAh_cumul=21.4878 Wh_cumul=0.0902907 
t=250 V=4.202 A=0.20956 W=0.880571 mAh_cumul=21.546 Wh_cumul=0.0905353 
t=251 V=4.20204 A=0.209232 W=0.879201 mAh_cumul=21.6041 Wh_cumul=0.0907795 
t=252 V=4.20203 A=0.208603 W=0.876556 mAh_cumul=21.6621 Wh_cumul=0.091023 
t=253 V=4.20205 A=0.208104 W=0.874463 mAh_cumul=21.7199 Wh_cumul=0.0912659 
t=254 V=4.20204 A=0.207784 W=0.873117 mAh_cumul=21.7776 Wh_cumul=0.0915085 
t=255 V=4.20206 A=0.207501 W=0.871932 mAh_cumul=21.8352 Wh_cumul=0.0917507 
t=256 V=4.20201 A=0.207068 W=0.870102 mAh_cumul=21.8927 Wh_cumul=0.0919924 
t=257 V=4.20206 A=0.20673 W=0.868692 mAh_cumul=21.9502 Wh_cumul=0.0922337 
t=258 V=4.20205 A=0.205823 W=0.864879 mAh_cumul=22.0073 Wh_cumul=0.0924739 
t=259 V=4.20204 A=0.205235 W=0.862406 mAh_cumul=22.0644 Wh_cumul=0.0927135 
t=260 V=4.20203 A=0.204512 W=0.859366 mAh_cumul=22.1212 Wh_cumul=0.0929522 
t=261 V=4.20201 A=0.203905 W=0.856811 mAh_cumul=22.1778 Wh_cumul=0.0931902 
t=262 V=4.20206 A=0.203394 W=0.854674 mAh_cumul=22.2343 Wh_cumul=0.0934276 
t=263 V=4.20201 A=0.20298 W=0.852924 mAh_cumul=22.2907 Wh_cumul=0.0936645 
t=264 V=4.202 A=0.202588 W=0.851275 mAh_cumul=22.347 Wh_cumul=0.093901 
t=265 V=4.20204 A=0.201916 W=0.848459 mAh_cumul=22.403 Wh_cumul=0.0941367 
t=266 V=4.20206 A=0.201606 W=0.847161 mAh_cumul=22.459 Wh_cumul=0.094372 
t=267 V=4.20204 A=0.201366 W=0.846148 mAh_cumul=22.515 Wh_cumul=0.094607 
t=268 V=4.20206 A=0.201069 W=0.844904 mAh_cumul=22.5708 Wh_cumul=0.0948417 
t=269 V=4.20209 A=0.200728 W=0.843477 mAh_cumul=22.6266 Wh_cumul=0.095076 
t=270 V=4.20207 A=0.200032 W=0.840548 mAh_cumul=22.6822 Wh_cumul=0.0953095 
t=271 V=4.20205 A=0.199412 W=0.837939 mAh_cumul=22.7375 Wh_cumul=0.0955423 
t=272 V=4.20204 A=0.19885 W=0.835576 mAh_cumul=22.7928 Wh_cumul=0.0957744 
t=273 V=4.20205 A=0.198489 W=0.834061 mAh_cumul=22.8479 Wh_cumul=0.096006 
t=274 V=4.20207 A=0.198155 W=0.832661 mAh_cumul=22.903 Wh_cumul=0.0962373 
t=275 V=4.20209 A=0.197821 W=0.831262 mAh_cumul=22.9579 Wh_cumul=0.0964682 
t=276 V=4.20208 A=0.197196 W=0.828633 mAh_cumul=23.0127 Wh_cumul=0.0966984 
t=277 V=4.20207 A=0.196846 W=0.827161 mAh_cumul=23.0674 Wh_cumul=0.0969282 
t=278 V=4.2021 A=0.196209 W=0.82449 mAh_cumul=23.1219 Wh_cumul=0.0971572 
t=279 V=4.20207 A=0.195293 W=0.820635 mAh_cumul=23.1761 Wh_cumul=0.0973852 
t=280 V=4.20205 A=0.194738 W=0.818299 mAh_cumul=23.2302 Wh_cumul=0.0976125 
t=281 V=4.20205 A=0.194164 W=0.815887 mAh_cumul=23.2841 Wh_cumul=0.0978391 
t=282 V=4.20203 A=0.193537 W=0.813248 mAh_cumul=23.3379 Wh_cumul=0.098065 
t=283 V=4.20203 A=0.192703 W=0.809744 mAh_cumul=23.3914 Wh_cumul=0.0982899 
t=284 V=4.202 A=0.192154 W=0.807431 mAh_cumul=23.4448 Wh_cumul=0.0985142 
t=285 V=4.20198 A=0.191725 W=0.805625 mAh_cumul=23.4981 Wh_cumul=0.098738 
t=286 V=4.20204 A=0.191373 W=0.804157 mAh_cumul=23.5512 Wh_cumul=0.0989614 
t=287 V=4.202 A=0.191137 W=0.803158 mAh_cumul=23.6043 Wh_cumul=0.0991845 
t=288 V=4.20201 A=0.190807 W=0.801773 mAh_cumul=23.6573 Wh_cumul=0.0994072 
t=289 V=4.20201 A=0.190223 W=0.799319 mAh_cumul=23.7102 Wh_cumul=0.0996292 
t=290 V=4.20202 A=0.190058 W=0.798628 mAh_cumul=23.763 Wh_cumul=0.0998511 
t=291 V=4.20201 A=0.189816 W=0.797609 mAh_cumul=23.8157 Wh_cumul=0.100073 
t=292 V=4.20205 A=0.189736 W=0.79728 mAh_cumul=23.8684 Wh_cumul=0.100294 
t=293 V=4.20205 A=0.189512 W=0.796339 mAh_cumul=23.921 Wh_cumul=0.100515 
t=294 V=4.20205 A=0.188842 W=0.793524 mAh_cumul=23.9735 Wh_cumul=0.100736 
t=295 V=4.20207 A=0.188672 W=0.792813 mAh_cumul=24.0259 Wh_cumul=0.100956 
t=296 V=4.2021 A=0.18826 W=0.791087 mAh_cumul=24.0782 Wh_cumul=0.101176 
t=297 V=4.2021 A=0.187919 W=0.789654 mAh_cumul=24.1304 Wh_cumul=0.101395 
t=298 V=4.20208 A=0.187253 W=0.786852 mAh_cumul=24.1824 Wh_cumul=0.101614 
t=299 V=4.20207 A=0.186953 W=0.78559 mAh_cumul=24.2343 Wh_cumul=0.101832 
t=300 V=4.2021 A=0.186613 W=0.784166 mAh_cumul=24.2862 Wh_cumul=0.10205 
t=301 V=4.20204 A=0.186217 W=0.782491 mAh_cumul=24.3379 Wh_cumul=0.102267 
t=302 V=4.2021 A=0.185272 W=0.778531 mAh_cumul=24.3894 Wh_cumul=0.102483 
t=303 V=4.20205 A=0.184479 W=0.77519 mAh_cumul=24.4406 Wh_cumul=0.102699 
t=304 V=4.20204 A=0.183843 W=0.772516 mAh_cumul=24.4917 Wh_cumul=0.102913 
t=305 V=4.20198 A=0.183363 W=0.770488 mAh_cumul=24.5426 Wh_cumul=0.103127 
t=306 V=4.20201 A=0.182741 W=0.76788 mAh_cumul=24.5934 Wh_cumul=0.103341 
t=307 V=4.20201 A=0.182106 W=0.765211 mAh_cumul=24.644 Wh_cumul=0.103553 
t=308 V=4.20199 A=0.181975 W=0.764657 mAh_cumul=24.6945 Wh_cumul=0.103765 
t=309 V=4.20199 A=0.181493 W=0.762632 mAh_cumul=24.7449 Wh_cumul=0.103977 
t=310 V=4.20199 A=0.181069 W=0.76085 mAh_cumul=24.7952 Wh_cumul=0.104189 
t=311 V=4.202 A=0.180831 W=0.759852 mAh_cumul=24.8454 Wh_cumul=0.1044 
t=312 V=4.20203 A=0.180583 W=0.758815 mAh_cumul=24.8956 Wh_cumul=0.104611 
t=313 V=4.20201 A=0.180217 W=0.757274 mAh_cumul=24.9457 Wh_cumul=0.104821 
t=314 V=4.20203 A=0.179884 W=0.755878 mAh_cumul=24.9956 Wh_cumul=0.105031 
t=315 V=4.20204 A=0.17965 W=0.754896 mAh_cumul=25.0455 Wh_cumul=0.105241 
t=316 V=4.20202 A=0.178803 W=0.751334 mAh_cumul=25.0952 Wh_cumul=0.105449 
t=317 V=4.20202 A=0.178281 W=0.74914 mAh_cumul=25.1447 Wh_cumul=0.105657 
t=318 V=4.20201 A=0.177847 W=0.747315 mAh_cumul=25.1941 Wh_cumul=0.105865 
t=319 V=4.20202 A=0.177562 W=0.746119 mAh_cumul=25.2435 Wh_cumul=0.106072 
t=320 V=4.20202 A=0.1771 W=0.744178 mAh_cumul=25.2927 Wh_cumul=0.106279 
t=321 V=4.20203 A=0.177113 W=0.744234 mAh_cumul=25.3418 Wh_cumul=0.106486 
t=322 V=4.20209 A=0.177111 W=0.744236 mAh_cumul=25.391 Wh_cumul=0.106692 
t=323 V=4.20206 A=0.176728 W=0.742622 mAh_cumul=25.4401 Wh_cumul=0.106899 
t=324 V=4.20207 A=0.176168 W=0.74027 mAh_cumul=25.4891 Wh_cumul=0.107104 
t=325 V=4.20205 A=0.17555 W=0.73767 mAh_cumul=25.5378 Wh_cumul=0.107309 
t=326 V=4.20207 A=0.175103 W=0.735795 mAh_cumul=25.5865 Wh_cumul=0.107514 
t=327 V=4.20206 A=0.174716 W=0.734167 mAh_cumul=25.635 Wh_cumul=0.107718 
t=328 V=4.20205 A=0.174317 W=0.732489 mAh_cumul=25.6834 Wh_cumul=0.107921 
t=329 V=4.20206 A=0.173912 W=0.730789 mAh_cumul=25.7317 Wh_cumul=0.108124 
t=330 V=4.20201 A=0.173264 W=0.728057 mAh_cumul=25.7799 Wh_cumul=0.108326 
t=331 V=4.20204 A=0.172637 W=0.725428 mAh_cumul=25.8278 Wh_cumul=0.108528 
t=332 V=4.20203 A=0.171881 W=0.722249 mAh_cumul=25.8756 Wh_cumul=0.108728 
t=333 V=4.202 A=0.171345 W=0.719992 mAh_cumul=25.9232 Wh_cumul=0.108928 
t=334 V=4.202 A=0.170971 W=0.71842 mAh_cumul=25.9707 Wh_cumul=0.109128 
t=335 V=4.202 A=0.170551 W=0.716655 mAh_cumul=26.018 Wh_cumul=0.109327 
t=336 V=4.202 A=0.17043 W=0.716147 mAh_cumul=26.0654 Wh_cumul=0.109526 
t=337 V=4.20201 A=0.169794 W=0.713476 mAh_cumul=26.1125 Wh_cumul=0.109724 
t=338 V=4.20203 A=0.169299 W=0.711399 mAh_cumul=26.1596 Wh_cumul=0.109922 
t=339 V=4.20199 A=0.16868 W=0.708792 mAh_cumul=26.2064 Wh_cumul=0.110119 
t=340 V=4.20201 A=0.168289 W=0.707152 mAh_cumul=26.2532 Wh_cumul=0.110315 
t=341 V=4.20199 A=0.167976 W=0.705833 mAh_cumul=26.2998 Wh_cumul=0.110511 
t=342 V=4.202 A=0.167708 W=0.704709 mAh_cumul=26.3464 Wh_cumul=0.110707 
t=343 V=4.20202 A=0.167457 W=0.703658 mAh_cumul=26.3929 Wh_cumul=0.110902 
t=344 V=4.20202 A=0.167505 W=0.703859 mAh_cumul=26.4395 Wh_cumul=0.111098 
t=345 V=4.20205 A=0.166955 W=0.701553 mAh_cumul=26.4858 Wh_cumul=0.111293 
t=346 V=4.20204 A=0.16673 W=0.700606 mAh_cumul=26.5321 Wh_cumul=0.111487 
t=347 V=4.20203 A=0.16659 W=0.700016 mAh_cumul=26.5784 Wh_cumul=0.111682 
t=348 V=4.20205 A=0.166389 W=0.699175 mAh_cumul=26.6246 Wh_cumul=0.111876 
t=349 V=4.20204 A=0.166011 W=0.697585 mAh_cumul=26.6708 Wh_cumul=0.11207 
t=350 V=4.20207 A=0.165663 W=0.696128 mAh_cumul=26.7168 Wh_cumul=0.112263 
t=351 V=4.20205 A=0.165219 W=0.694258 mAh_cumul=26.7627 Wh_cumul=0.112456 
t=352 V=4.20205 A=0.164733 W=0.692216 mAh_cumul=26.8084 Wh_cumul=0.112648 
t=353 V=4.20207 A=0.164381 W=0.69074 mAh_cumul=26.8541 Wh_cumul=0.11284 
t=354 V=4.20204 A=0.164052 W=0.689353 mAh_cumul=26.8997 Wh_cumul=0.113032 
t=355 V=4.20206 A=0.163513 W=0.687091 mAh_cumul=26.9451 Wh_cumul=0.113222 
t=356 V=4.20204 A=0.16321 W=0.685815 mAh_cumul=26.9904 Wh_cumul=0.113413 
t=357 V=4.20207 A=0.163183 W=0.685706 mAh_cumul=27.0357 Wh_cumul=0.113603 
t=358 V=4.20207 A=0.162954 W=0.684744 mAh_cumul=27.081 Wh_cumul=0.113794 
t=359 V=4.20207 A=0.162554 W=0.683063 mAh_cumul=27.1262 Wh_cumul=0.113983 
t=360 V=4.20209 A=0.162383 W=0.682348 mAh_cumul=27.1713 Wh_cumul=0.114173 
t=361 V=4.20208 A=0.161905 W=0.680338 mAh_cumul=27.2162 Wh_cumul=0.114362 
t=362 V=4.20205 A=0.161478 W=0.678539 mAh_cumul=27.2611 Wh_cumul=0.11455 
t=363 V=4.20211 A=0.16116 W=0.677212 mAh_cumul=27.3059 Wh_cumul=0.114739 
t=364 V=4.20208 A=0.160579 W=0.674766 mAh_cumul=27.3505 Wh_cumul=0.114926 
t=365 V=4.20205 A=0.159909 W=0.671946 mAh_cumul=27.3949 Wh_cumul=0.115113 
t=366 V=4.20201 A=0.159342 W=0.669557 mAh_cumul=27.4392 Wh_cumul=0.115299 
t=367 V=4.20201 A=0.158754 W=0.667086 mAh_cumul=27.4832 Wh_cumul=0.115484 
t=368 V=4.20201 A=0.158337 W=0.665334 mAh_cumul=27.5272 Wh_cumul=0.115669 
t=369 V=4.20201 A=0.158169 W=0.664628 mAh_cumul=27.5712 Wh_cumul=0.115853 
t=370 V=4.20204 A=0.157654 W=0.662468 mAh_cumul=27.615 Wh_cumul=0.116037 
t=371 V=4.20199 A=0.157173 W=0.660439 mAh_cumul=27.6586 Wh_cumul=0.116221 
t=372 V=4.20198 A=0.15679 W=0.658828 mAh_cumul=27.7022 Wh_cumul=0.116404 
t=373 V=4.20204 A=0.156804 W=0.658897 mAh_cumul=27.7457 Wh_cumul=0.116587 
t=374 V=4.20203 A=0.156131 W=0.656067 mAh_cumul=27.7891 Wh_cumul=0.116769 
t=375 V=4.20204 A=0.155779 W=0.65459 mAh_cumul=27.8324 Wh_cumul=0.116951 
t=376 V=4.20199 A=0.155422 W=0.653082 mAh_cumul=27.8755 Wh_cumul=0.117132 
t=377 V=4.20204 A=0.155068 W=0.651602 mAh_cumul=27.9186 Wh_cumul=0.117313 
t=378 V=4.202 A=0.154806 W=0.650495 mAh_cumul=27.9616 Wh_cumul=0.117494 
t=379 V=4.20201 A=0.154499 W=0.649206 mAh_cumul=28.0045 Wh_cumul=0.117674 
t=380 V=4.20202 A=0.154228 W=0.648069 mAh_cumul=28.0474 Wh_cumul=0.117854 
t=381 V=4.20202 A=0.153627 W=0.645544 mAh_cumul=28.0901 Wh_cumul=0.118034 
t=382 V=4.202 A=0.153187 W=0.643692 mAh_cumul=28.1326 Wh_cumul=0.118212 
t=383 V=4.20199 A=0.15268 W=0.64156 mAh_cumul=28.175 Wh_cumul=0.118391 
t=384 V=4.202 A=0.152183 W=0.639473 mAh_cumul=28.2173 Wh_cumul=0.118568 
t=385 V=4.20199 A=0.152123 W=0.639219 mAh_cumul=28.2595 Wh_cumul=0.118746 
t=386 V=4.20203 A=0.152184 W=0.639482 mAh_cumul=28.3018 Wh_cumul=0.118924 
t=387 V=4.20207 A=0.152148 W=0.639337 mAh_cumul=28.3441 Wh_cumul=0.119101 
t=388 V=4.20209 A=0.151625 W=0.637142 mAh_cumul=28.3862 Wh_cumul=0.119278 
t=389 V=4.20205 A=0.151222 W=0.635442 mAh_cumul=28.4282 Wh_cumul=0.119455 
t=390 V=4.20201 A=0.150791 W=0.633625 mAh_cumul=28.4701 Wh_cumul=0.119631 
t=391 V=4.20205 A=0.150744 W=0.633434 mAh_cumul=28.512 Wh_cumul=0.119807 
t=392 V=4.20207 A=0.150422 W=0.632084 mAh_cumul=28.5537 Wh_cumul=0.119982 
t=393 V=4.20206 A=0.150172 W=0.631032 mAh_cumul=28.5955 Wh_cumul=0.120157 
t=394 V=4.20206 A=0.149644 W=0.628813 mAh_cumul=28.637 Wh_cumul=0.120332 
t=395 V=4.20205 A=0.149308 W=0.6274 mAh_cumul=28.6785 Wh_cumul=0.120506 
t=396 V=4.20206 A=0.149074 W=0.626418 mAh_cumul=28.7199 Wh_cumul=0.12068 
t=397 V=4.20206 A=0.14849 W=0.623964 mAh_cumul=28.7612 Wh_cumul=0.120854 
t=398 V=4.20205 A=0.14829 W=0.623122 mAh_cumul=28.8024 Wh_cumul=0.121027 
t=399 V=4.20211 A=0.148148 W=0.622534 mAh_cumul=28.8435 Wh_cumul=0.1212 
t=400 V=4.20204 A=0.147495 W=0.61978 mAh_cumul=28.8845 Wh_cumul=0.121372 
t=401 V=4.20202 A=0.146726 W=0.616546 mAh_cumul=28.9252 Wh_cumul=0.121543 
t=402 V=4.20201 A=0.146311 W=0.6148 mAh_cumul=28.9659 Wh_cumul=0.121714 
t=403 V=4.20202 A=0.146046 W=0.613688 mAh_cumul=29.0064 Wh_cumul=0.121884 
t=404 V=4.20203 A=0.145686 W=0.612177 mAh_cumul=29.0469 Wh_cumul=0.122054 
t=405 V=4.20203 A=0.145349 W=0.610761 mAh_cumul=29.0873 Wh_cumul=0.122224 
t=406 V=4.20204 A=0.145095 W=0.609695 mAh_cumul=29.1276 Wh_cumul=0.122393 
t=407 V=4.20203 A=0.144665 W=0.607887 mAh_cumul=29.1678 Wh_cumul=0.122562 
t=408 V=4.20204 A=0.144121 W=0.605602 mAh_cumul=29.2078 Wh_cumul=0.122731 
t=409 V=4.20202 A=0.143524 W=0.603091 mAh_cumul=29.2477 Wh_cumul=0.122898 
t=410 V=4.202 A=0.143231 W=0.601857 mAh_cumul=29.2875 Wh_cumul=0.123065 
t=411 V=4.20201 A=0.142616 W=0.599274 mAh_cumul=29.3271 Wh_cumul=0.123232 
t=412 V=4.20197 A=0.142689 W=0.599575 mAh_cumul=29.3667 Wh_cumul=0.123398 
t=413 V=4.20203 A=0.14266 W=0.599462 mAh_cumul=29.4063 Wh_cumul=0.123565 
t=414 V=4.20206 A=0.142721 W=0.599722 mAh_cumul=29.446 Wh_cumul=0.123731 
t=415 V=4.20205 A=0.142499 W=0.598788 mAh_cumul=29.4856 Wh_cumul=0.123898 
t=416 V=4.20205 A=0.142246 W=0.597725 mAh_cumul=29.5251 Wh_cumul=0.124064 
t=417 V=4.20206 A=0.141837 W=0.596008 mAh_cumul=29.5645 Wh_cumul=0.124229 
t=418 V=4.20205 A=0.141379 W=0.594082 mAh_cumul=29.6038 Wh_cumul=0.124394 
t=419 V=4.20203 A=0.140882 W=0.59199 mAh_cumul=29.6429 Wh_cumul=0.124559 
t=420 V=4.20203 A=0.140224 W=0.589225 mAh_cumul=29.6818 Wh_cumul=0.124722 
t=421 V=4.202 A=0.139756 W=0.587255 mAh_cumul=29.7207 Wh_cumul=0.124886 
t=422 V=4.20204 A=0.139593 W=0.586575 mAh_cumul=29.7594 Wh_cumul=0.125048 
t=423 V=4.20201 A=0.139717 W=0.587092 mAh_cumul=29.7982 Wh_cumul=0.125212 
t=424 V=4.20206 A=0.139624 W=0.586708 mAh_cumul=29.837 Wh_cumul=0.125375 
t=425 V=4.20205 A=0.139277 W=0.585249 mAh_cumul=29.8757 Wh_cumul=0.125537 
t=426 V=4.20204 A=0.138689 W=0.582777 mAh_cumul=29.9142 Wh_cumul=0.125699 
t=427 V=4.20201 A=0.13828 W=0.581054 mAh_cumul=29.9527 Wh_cumul=0.12586 
t=428 V=4.20205 A=0.138204 W=0.58074 mAh_cumul=29.991 Wh_cumul=0.126022 
t=429 V=4.20204 A=0.137735 W=0.578768 mAh_cumul=30.0293 Wh_cumul=0.126182 
t=430 V=4.20205 A=0.137629 W=0.578324 mAh_cumul=30.0675 Wh_cumul=0.126343 
t=431 V=4.20203 A=0.137449 W=0.577565 mAh_cumul=30.1057 Wh_cumul=0.126504 
t=432 V=4.20202 A=0.137316 W=0.577005 mAh_cumul=30.1439 Wh_cumul=0.126664 
t=433 V=4.20207 A=0.137238 W=0.576684 mAh_cumul=30.182 Wh_cumul=0.126824 
t=434 V=4.20207 A=0.137151 W=0.576318 mAh_cumul=30.2201 Wh_cumul=0.126984 
t=435 V=4.20209 A=0.136587 W=0.573951 mAh_cumul=30.258 Wh_cumul=0.127144 
t=436 V=4.20204 A=0.136095 W=0.571877 mAh_cumul=30.2958 Wh_cumul=0.127302 
t=437 V=4.20206 A=0.135833 W=0.570778 mAh_cumul=30.3336 Wh_cumul=0.127461 
t=438 V=4.20204 A=0.135633 W=0.569935 mAh_cumul=30.3712 Wh_cumul=0.127619 
t=439 V=4.20206 A=0.135236 W=0.56827 mAh_cumul=30.4088 Wh_cumul=0.127777 
t=440 V=4.20208 A=0.135104 W=0.567718 mAh_cumul=30.4463 Wh_cumul=0.127935 
t=441 V=4.20208 A=0.134735 W=0.566167 mAh_cumul=30.4838 Wh_cumul=0.128092 
t=442 V=4.20205 A=0.134607 W=0.565625 mAh_cumul=30.5211 Wh_cumul=0.128249 
t=443 V=4.20208 A=0.134592 W=0.565566 mAh_cumul=30.5585 Wh_cumul=0.128406 
t=444 V=4.20207 A=0.133949 W=0.562863 mAh_cumul=30.5957 Wh_cumul=0.128563 
t=445 V=4.20206 A=0.133782 W=0.56216 mAh_cumul=30.6329 Wh_cumul=0.128719 
t=446 V=4.20207 A=0.133507 W=0.561006 mAh_cumul=30.67 Wh_cumul=0.128875 
t=447 V=4.20208 A=0.132982 W=0.558801 mAh_cumul=30.7069 Wh_cumul=0.12903 
t=448 V=4.20207 A=0.132759 W=0.557863 mAh_cumul=30.7438 Wh_cumul=0.129185 
t=449 V=4.20203 A=0.132191 W=0.555471 mAh_cumul=30.7805 Wh_cumul=0.129339 
t=450 V=4.20205 A=0.131733 W=0.553549 mAh_cumul=30.8171 Wh_cumul=0.129493 
t=451 V=4.20202 A=0.13149 W=0.552524 mAh_cumul=30.8536 Wh_cumul=0.129646 
t=452 V=4.20206 A=0.131233 W=0.551449 mAh_cumul=30.8901 Wh_cumul=0.1298 
t=453 V=4.20206 A=0.131162 W=0.551151 mAh_cumul=30.9265 Wh_cumul=0.129953 
t=454 V=4.20205 A=0.130733 W=0.549347 mAh_cumul=30.9628 Wh_cumul=0.130105 
t=455 V=4.20206 A=0.130241 W=0.54728 mAh_cumul=30.999 Wh_cumul=0.130257 
t=456 V=4.20205 A=0.13005 W=0.546477 mAh_cumul=31.0351 Wh_cumul=0.130409 
t=457 V=4.20202 A=0.129747 W=0.545199 mAh_cumul=31.0712 Wh_cumul=0.130561 
t=458 V=4.20207 A=0.129197 W=0.542895 mAh_cumul=31.1071 Wh_cumul=0.130711 
t=459 V=4.20204 A=0.128824 W=0.541324 mAh_cumul=31.1429 Wh_cumul=0.130862 
t=460 V=4.20205 A=0.128549 W=0.540169 mAh_cumul=31.1786 Wh_cumul=0.131012 
t=461 V=4.20203 A=0.128613 W=0.540436 mAh_cumul=31.2143 Wh_cumul=0.131162 
t=462 V=4.20208 A=0.12839 W=0.539505 mAh_cumul=31.25 Wh_cumul=0.131312 
t=463 V=4.20202 A=0.1277 W=0.536598 mAh_cumul=31.2854 Wh_cumul=0.131461 
t=464 V=4.20201 A=0.127212 W=0.534546 mAh_cumul=31.3208 Wh_cumul=0.131609 
t=465 V=4.20201 A=0.126865 W=0.533088 mAh_cumul=31.356 Wh_cumul=0.131757 
t=466 V=4.20202 A=0.126595 W=0.531955 mAh_cumul=31.3912 Wh_cumul=0.131905 
t=467 V=4.20201 A=0.126299 W=0.53071 mAh_cumul=31.4263 Wh_cumul=0.132053 
t=468 V=4.20202 A=0.126025 W=0.52956 mAh_cumul=31.4613 Wh_cumul=0.1322 
t=469 V=4.20204 A=0.126258 W=0.530541 mAh_cumul=31.4963 Wh_cumul=0.132347 
t=470 V=4.20201 A=0.126071 W=0.529752 mAh_cumul=31.5313 Wh_cumul=0.132494 
t=471 V=4.20202 A=0.125606 W=0.527799 mAh_cumul=31.5662 Wh_cumul=0.132641 
t=472 V=4.20206 A=0.125401 W=0.526943 mAh_cumul=31.6011 Wh_cumul=0.132787 
t=473 V=4.20203 A=0.125005 W=0.525275 mAh_cumul=31.6358 Wh_cumul=0.132933 
t=474 V=4.202 A=0.124882 W=0.524754 mAh_cumul=31.6705 Wh_cumul=0.133079 
t=475 V=4.20206 A=0.124814 W=0.524476 mAh_cumul=31.7052 Wh_cumul=0.133224 
t=476 V=4.20205 A=0.124409 W=0.522773 mAh_cumul=31.7397 Wh_cumul=0.13337 
t=477 V=4.20202 A=0.123924 W=0.520731 mAh_cumul=31.7741 Wh_cumul=0.133514 
t=478 V=4.20202 A=0.12347 W=0.518823 mAh_cumul=31.8084 Wh_cumul=0.133658 
t=479 V=4.20201 A=0.123322 W=0.5182 mAh_cumul=31.8427 Wh_cumul=0.133802 
t=480 V=4.20201 A=0.122742 W=0.515763 mAh_cumul=31.8768 Wh_cumul=0.133946 
t=481 V=4.20201 A=0.122888 W=0.516377 mAh_cumul=31.9109 Wh_cumul=0.134089 
t=482 V=4.20204 A=0.123174 W=0.517582 mAh_cumul=31.9451 Wh_cumul=0.134233 
t=483 V=4.20209 A=0.122797 W=0.516004 mAh_cumul=31.9792 Wh_cumul=0.134376 
t=484 V=4.20206 A=0.122366 W=0.514189 mAh_cumul=32.0132 Wh_cumul=0.134519 
t=485 V=4.20205 A=0.121831 W=0.51194 mAh_cumul=32.0471 Wh_cumul=0.134661 
t=486 V=4.20197 A=0.121366 W=0.509976 mAh_cumul=32.0808 Wh_cumul=0.134803 
t=487 V=4.20201 A=0.121041 W=0.508615 mAh_cumul=32.1144 Wh_cumul=0.134944 
t=488 V=4.202 A=0.120807 W=0.507631 mAh_cumul=32.148 Wh_cumul=0.135085 
t=489 V=4.20203 A=0.120398 W=0.505916 mAh_cumul=32.1814 Wh_cumul=0.135226 
t=490 V=4.20197 A=0.120289 W=0.505451 mAh_cumul=32.2148 Wh_cumul=0.135366 
t=491 V=4.20203 A=0.120097 W=0.504651 mAh_cumul=32.2482 Wh_cumul=0.135506 
t=492 V=4.20202 A=0.119938 W=0.503982 mAh_cumul=32.2815 Wh_cumul=0.135646 
t=493 V=4.20201 A=0.119621 W=0.502649 mAh_cumul=32.3147 Wh_cumul=0.135786 
t=494 V=4.20201 A=0.119313 W=0.501354 mAh_cumul=32.3479 Wh_cumul=0.135925 
t=495 V=4.20203 A=0.119124 W=0.500563 mAh_cumul=32.381 Wh_cumul=0.136064 
t=496 V=4.20201 A=0.118928 W=0.499737 mAh_cumul=32.414 Wh_cumul=0.136203 
t=497 V=4.20205 A=0.118951 W=0.499838 mAh_cumul=32.447 Wh_cumul=0.136342 
t=498 V=4.20205 A=0.118969 W=0.499914 mAh_cumul=32.4801 Wh_cumul=0.136481 
t=499 V=4.20207 A=0.118475 W=0.49784 mAh_cumul=32.513 Wh_cumul=0.136619 
t=500 V=4.20204 A=0.11817 W=0.496555 mAh_cumul=32.5458 Wh_cumul=0.136757 
t=501 V=4.20204 A=0.117668 W=0.494446 mAh_cumul=32.5785 Wh_cumul=0.136894 
t=502 V=4.20202 A=0.117336 W=0.493048 mAh_cumul=32.6111 Wh_cumul=0.137031 
t=503 V=4.20203 A=0.117067 W=0.491919 mAh_cumul=32.6436 Wh_cumul=0.137168 
t=504 V=4.20201 A=0.117086 W=0.491997 mAh_cumul=32.6761 Wh_cumul=0.137305 
t=505 V=4.20201 A=0.116829 W=0.490917 mAh_cumul=32.7086 Wh_cumul=0.137441 
t=506 V=4.20204 A=0.116425 W=0.489223 mAh_cumul=32.7409 Wh_cumul=0.137577 
t=507 V=4.20203 A=0.116159 W=0.488104 mAh_cumul=32.7732 Wh_cumul=0.137712 
t=508 V=4.20202 A=0.115622 W=0.485846 mAh_cumul=32.8053 Wh_cumul=0.137847 
t=509 V=4.202 A=0.115663 W=0.486016 mAh_cumul=32.8375 Wh_cumul=0.137982 
t=510 V=4.20202 A=0.115462 W=0.485174 mAh_cumul=32.8695 Wh_cumul=0.138117 
t=511 V=4.20203 A=0.115177 W=0.483977 mAh_cumul=32.9015 Wh_cumul=0.138252 
t=512 V=4.20205 A=0.115285 W=0.484433 mAh_cumul=32.9335 Wh_cumul=0.138386 
t=513 V=4.20208 A=0.115219 W=0.484159 mAh_cumul=32.9655 Wh_cumul=0.138521 
t=514 V=4.20205 A=0.114818 W=0.482471 mAh_cumul=32.9974 Wh_cumul=0.138655 
t=515 V=4.20205 A=0.114675 W=0.48187 mAh_cumul=33.0293 Wh_cumul=0.138789 
t=516 V=4.20208 A=0.114626 W=0.481668 mAh_cumul=33.0611 Wh_cumul=0.138922 
t=517 V=4.20207 A=0.11434 W=0.480465 mAh_cumul=33.0929 Wh_cumul=0.139056 
t=518 V=4.20207 A=0.113925 W=0.478721 mAh_cumul=33.1245 Wh_cumul=0.139189 
t=519 V=4.202 A=0.113305 W=0.476108 mAh_cumul=33.156 Wh_cumul=0.139321 
t=520 V=4.20204 A=0.113068 W=0.475116 mAh_cumul=33.1874 Wh_cumul=0.139453 
t=521 V=4.20206 A=0.112633 W=0.473291 mAh_cumul=33.2187 Wh_cumul=0.139585 
t=522 V=4.202 A=0.112349 W=0.47209 mAh_cumul=33.2499 Wh_cumul=0.139716 
t=523 V=4.20204 A=0.112536 W=0.472881 mAh_cumul=33.2812 Wh_cumul=0.139847 
t=524 V=4.20208 A=0.112761 W=0.473831 mAh_cumul=33.3125 Wh_cumul=0.139979 
t=525 V=4.20208 A=0.112644 W=0.473339 mAh_cumul=33.3438 Wh_cumul=0.14011 
t=526 V=4.20211 A=0.112138 W=0.471216 mAh_cumul=33.3749 Wh_cumul=0.140241 
t=527 V=4.20208 A=0.111646 W=0.469145 mAh_cumul=33.406 Wh_cumul=0.140371 
t=528 V=4.20206 A=0.111396 W=0.468093 mAh_cumul=33.4369 Wh_cumul=0.140501 
t=529 V=4.20206 A=0.111019 W=0.466508 mAh_cumul=33.4677 Wh_cumul=0.140631 
t=530 V=4.20203 A=0.110829 W=0.465707 mAh_cumul=33.4985 Wh_cumul=0.14076 
t=531 V=4.20205 A=0.110801 W=0.465591 mAh_cumul=33.5293 Wh_cumul=0.14089 
t=532 V=4.20206 A=0.11034 W=0.463655 mAh_cumul=33.56 Wh_cumul=0.141018 
t=533 V=4.20205 A=0.110271 W=0.463364 mAh_cumul=33.5906 Wh_cumul=0.141147 
t=534 V=4.20205 A=0.109759 W=0.461213 mAh_cumul=33.6211 Wh_cumul=0.141275 
t=535 V=4.20203 A=0.109392 W=0.459668 mAh_cumul=33.6515 Wh_cumul=0.141403 
t=536 V=4.20205 A=0.109283 W=0.459213 mAh_cumul=33.6818 Wh_cumul=0.14153 
t=537 V=4.20202 A=0.108859 W=0.457428 mAh_cumul=33.7121 Wh_cumul=0.141658 
t=538 V=4.20204 A=0.108367 W=0.455362 mAh_cumul=33.7422 Wh_cumul=0.141784 
t=539 V=4.20203 A=0.108292 W=0.455046 mAh_cumul=33.7722 Wh_cumul=0.14191 
t=540 V=4.20202 A=0.108144 W=0.454423 mAh_cumul=33.8023 Wh_cumul=0.142037 
t=541 V=4.20202 A=0.107857 W=0.453217 mAh_cumul=33.8322 Wh_cumul=0.142163 
t=542 V=4.202 A=0.107605 W=0.452156 mAh_cumul=33.8621 Wh_cumul=0.142288 
t=543 V=4.20204 A=0.10749 W=0.451677 mAh_cumul=33.892 Wh_cumul=0.142414 
t=544 V=4.20203 A=0.107151 W=0.450252 mAh_cumul=33.9217 Wh_cumul=0.142539 
t=545 V=4.20201 A=0.106995 W=0.449594 mAh_cumul=33.9515 Wh_cumul=0.142664 
t=546 V=4.20201 A=0.106561 W=0.44777 mAh_cumul=33.9811 Wh_cumul=0.142788 
t=547 V=4.20199 A=0.106557 W=0.447751 mAh_cumul=34.0107 Wh_cumul=0.142912 
t=548 V=4.20203 A=0.106274 W=0.446567 mAh_cumul=34.0402 Wh_cumul=0.143036 
t=549 V=4.20202 A=0.106198 W=0.446246 mAh_cumul=34.0697 Wh_cumul=0.14316 
t=550 V=4.20204 A=0.106106 W=0.445862 mAh_cumul=34.0992 Wh_cumul=0.143284 
t=551 V=4.20202 A=0.105846 W=0.444767 mAh_cumul=34.1286 Wh_cumul=0.143408 
t=552 V=4.20203 A=0.105518 W=0.44339 mAh_cumul=34.1579 Wh_cumul=0.143531 
t=553 V=4.20203 A=0.105248 W=0.442255 mAh_cumul=34.1871 Wh_cumul=0.143654 
t=554 V=4.20205 A=0.105121 W=0.441724 mAh_cumul=34.2163 Wh_cumul=0.143776 
t=555 V=4.20201 A=0.104635 W=0.439677 mAh_cumul=34.2454 Wh_cumul=0.143899 
t=556 V=4.20199 A=0.104376 W=0.438587 mAh_cumul=34.2744 Wh_cumul=0.14402 
t=557 V=4.20199 A=0.103807 W=0.436196 mAh_cumul=34.3032 Wh_cumul=0.144142 
t=558 V=4.202 A=0.104001 W=0.437012 mAh_cumul=34.3321 Wh_cumul=0.144263 
t=559 V=4.20205 A=0.10421 W=0.437896 mAh_cumul=34.361 Wh_cumul=0.144385 
t=560 V=4.20207 A=0.104479 W=0.439028 mAh_cumul=34.3901 Wh_cumul=0.144507 
t=561 V=4.20205 A=0.104471 W=0.438992 mAh_cumul=34.4191 Wh_cumul=0.144629 
t=562 V=4.20209 A=0.104232 W=0.437992 mAh_cumul=34.448 Wh_cumul=0.14475 
t=563 V=4.20208 A=0.104411 W=0.438743 mAh_cumul=34.477 Wh_cumul=0.144872 
t=564 V=4.20212 A=0.104381 W=0.438621 mAh_cumul=34.506 Wh_cumul=0.144994 
t=565 V=4.2021 A=0.104079 W=0.43735 mAh_cumul=34.5349 Wh_cumul=0.145115 
t=566 V=4.2021 A=0.103883 W=0.436527 mAh_cumul=34.5638 Wh_cumul=0.145237 
t=567 V=4.20212 A=0.103311 W=0.434125 mAh_cumul=34.5925 Wh_cumul=0.145357 
t=568 V=4.2021 A=0.102574 W=0.431026 mAh_cumul=34.621 Wh_cumul=0.145477 
t=569 V=4.20204 A=0.102173 W=0.429335 mAh_cumul=34.6494 Wh_cumul=0.145596 
t=570 V=4.20204 A=0.101887 W=0.428133 mAh_cumul=34.6777 Wh_cumul=0.145715 
t=571 V=4.20203 A=0.101332 W=0.4258 mAh_cumul=34.7058 Wh_cumul=0.145833 
t=572 V=4.20201 A=0.101125 W=0.424928 mAh_cumul=34.7339 Wh_cumul=0.145951 
t=573 V=4.20204 A=0.100908 W=0.424019 mAh_cumul=34.7619 Wh_cumul=0.146069 
t=574 V=4.20202 A=0.100849 W=0.42377 mAh_cumul=34.79 Wh_cumul=0.146187 
t=575 V=4.20202 A=0.100873 W=0.42387 mAh_cumul=34.818 Wh_cumul=0.146305 
t=576 V=4.20205 A=0.100582 W=0.422651 mAh_cumul=34.8459 Wh_cumul=0.146422 
t=577 V=4.20202 A=0.10023 W=0.421168 mAh_cumul=34.8738 Wh_cumul=0.146539 
t=578 V=4.202 A=0.0999866 W=0.420144 mAh_cumul=34.9015 Wh_cumul=0.146656 
t=579 V=4.20203 A=0.0997455 W=0.419134 mAh_cumul=34.9292 Wh_cumul=0.146772 
t=580 V=4.202 A=0.0994127 W=0.417732 mAh_cumul=34.9569 Wh_cumul=0.146888 
t=581 V=4.20201 A=0.0991922 W=0.416807 mAh_cumul=34.9844 Wh_cumul=0.147004 
t=582 V=4.20199 A=0.0991092 W=0.416456 mAh_cumul=35.0119 Wh_cumul=0.14712 
t=583 V=4.20203 A=0.0991773 W=0.416746 mAh_cumul=35.0395 Wh_cumul=0.147235 
t=584 V=4.20204 A=0.0991532 W=0.416646 mAh_cumul=35.067 Wh_cumul=0.147351 
t=585 V=4.20206 A=0.0991061 W=0.41645 mAh_cumul=35.0946 Wh_cumul=0.147467 
t=586 V=4.20202 A=0.0982731 W=0.412946 mAh_cumul=35.1219 Wh_cumul=0.147582 
t=587 V=4.202 A=0.0979706 W=0.411672 mAh_cumul=35.1491 Wh_cumul=0.147696 
t=588 V=4.20202 A=0.0978057 W=0.410982 mAh_cumul=35.1762 Wh_cumul=0.14781 
t=589 V=4.20203 A=0.0977384 W=0.4107 mAh_cumul=35.2034 Wh_cumul=0.147924 
t=590 V=4.20206 A=0.0977971 W=0.410949 mAh_cumul=35.2306 Wh_cumul=0.148038 
t=591 V=4.20206 A=0.0973667 W=0.409141 mAh_cumul=35.2576 Wh_cumul=0.148152 
t=592 V=4.20204 A=0.0973361 W=0.40901 mAh_cumul=35.2846 Wh_cumul=0.148266 
t=593 V=4.20204 A=0.097271 W=0.408737 mAh_cumul=35.3117 Wh_cumul=0.148379 
t=594 V=4.20204 A=0.0971116 W=0.408067 mAh_cumul=35.3386 Wh_cumul=0.148492 
t=595 V=4.20206 A=0.0967884 W=0.406711 mAh_cumul=35.3655 Wh_cumul=0.148605 
t=596 V=4.20204 A=0.0969008 W=0.407181 mAh_cumul=35.3924 Wh_cumul=0.148719 
t=597 V=4.20207 A=0.0967071 W=0.40637 mAh_cumul=35.4193 Wh_cumul=0.148831 
t=598 V=4.20204 A=0.0963297 W=0.404781 mAh_cumul=35.4461 Wh_cumul=0.148944 
t=599 V=4.20202 A=0.095877 W=0.402877 mAh_cumul=35.4727 Wh_cumul=0.149056 
t=600 V=4.20202 A=0.0956908 W=0.402095 mAh_cumul=35.4993 Wh_cumul=0.149167 
t=601 V=4.20203 A=0.0951281 W=0.399731 mAh_cumul=35.5257 Wh_cumul=0.149279 
t=602 V=4.202 A=0.0948202 W=0.398434 mAh_cumul=35.552 Wh_cumul=0.149389 
t=603 V=4.20199 A=0.0946534 W=0.397733 mAh_cumul=35.5783 Wh_cumul=0.1495 
t=604 V=4.20203 A=0.0944737 W=0.396981 mAh_cumul=35.6046 Wh_cumul=0.14961 
t=605 V=4.20203 A=0.0946445 W=0.397699 mAh_cumul=35.6309 Wh_cumul=0.14972 
t=606 V=4.20205 A=0.0944326 W=0.396811 mAh_cumul=35.6571 Wh_cumul=0.149831 
t=607 V=4.20203 A=0.0943695 W=0.396543 mAh_cumul=35.6833 Wh_cumul=0.149941 
t=608 V=4.20202 A=0.0942362 W=0.395982 mAh_cumul=35.7095 Wh_cumul=0.150051 
t=609 V=4.20204 A=0.0940396 W=0.395158 mAh_cumul=35.7356 Wh_cumul=0.150161 
t=610 V=4.20201 A=0.0935333 W=0.393028 mAh_cumul=35.7616 Wh_cumul=0.15027 
t=611 V=4.20202 A=0.0935089 W=0.392926 mAh_cumul=35.7876 Wh_cumul=0.150379 
t=612 V=4.20204 A=0.0933605 W=0.392305 mAh_cumul=35.8135 Wh_cumul=0.150488 
t=613 V=4.20204 A=0.0932462 W=0.391824 mAh_cumul=35.8394 Wh_cumul=0.150597 
t=614 V=4.20201 A=0.0929627 W=0.39063 mAh_cumul=35.8652 Wh_cumul=0.150705 
t=615 V=4.20204 A=0.0927889 W=0.389903 mAh_cumul=35.891 Wh_cumul=0.150814 
t=616 V=4.20203 A=0.0926718 W=0.38941 mAh_cumul=35.9167 Wh_cumul=0.150922 
t=617 V=4.20205 A=0.0922531 W=0.387652 mAh_cumul=35.9424 Wh_cumul=0.151029 
t=618 V=4.20203 A=0.0921522 W=0.387226 mAh_cumul=35.968 Wh_cumul=0.151137 
t=619 V=4.20205 A=0.0920896 W=0.386965 mAh_cumul=35.9935 Wh_cumul=0.151244 
t=620 V=4.20203 A=0.0917449 W=0.385515 mAh_cumul=36.019 Wh_cumul=0.151352 
t=621 V=4.20202 A=0.0916422 W=0.385082 mAh_cumul=36.0445 Wh_cumul=0.151458 
t=622 V=4.20204 A=0.0915563 W=0.384723 mAh_cumul=36.0699 Wh_cumul=0.151565 
t=623 V=4.20205 A=0.0914621 W=0.384328 mAh_cumul=36.0953 Wh_cumul=0.151672 
t=624 V=4.20204 A=0.0910511 W=0.3826 mAh_cumul=36.1206 Wh_cumul=0.151778 
t=625 V=4.20203 A=0.0908732 W=0.381852 mAh_cumul=36.1459 Wh_cumul=0.151884 
t=626 V=4.20201 A=0.0908509 W=0.381756 mAh_cumul=36.1711 Wh_cumul=0.15199 
t=627 V=4.20203 A=0.0905956 W=0.380685 mAh_cumul=36.1963 Wh_cumul=0.152096 
t=628 V=4.20206 A=0.090602 W=0.380715 mAh_cumul=36.2214 Wh_cumul=0.152202 
t=629 V=4.20207 A=0.09057 W=0.380581 mAh_cumul=36.2466 Wh_cumul=0.152308 
t=630 V=4.20207 A=0.090514 W=0.380346 mAh_cumul=36.2717 Wh_cumul=0.152413 
t=631 V=4.20205 A=0.0905672 W=0.380568 mAh_cumul=36.2969 Wh_cumul=0.152519 
t=632 V=4.20208 A=0.090392 W=0.379834 mAh_cumul=36.322 Wh_cumul=0.152625 
t=633 V=4.20208 A=0.090129 W=0.378729 mAh_cumul=36.347 Wh_cumul=0.15273 
t=634 V=4.20207 A=0.0896529 W=0.376728 mAh_cumul=36.3719 Wh_cumul=0.152834 
t=635 V=4.20204 A=0.0891552 W=0.374634 mAh_cumul=36.3967 Wh_cumul=0.152939 
t=636 V=4.20205 A=0.0888466 W=0.373338 mAh_cumul=36.4214 Wh_cumul=0.153042 
t=637 V=4.20201 A=0.088246 W=0.370811 mAh_cumul=36.4459 Wh_cumul=0.153145 
t=638 V=4.20203 A=0.088105 W=0.37022 mAh_cumul=36.4704 Wh_cumul=0.153248 
t=639 V=4.20199 A=0.0879233 W=0.369453 mAh_cumul=36.4948 Wh_cumul=0.153351 
t=640 V=4.20202 A=0.0876924 W=0.368485 mAh_cumul=36.5191 Wh_cumul=0.153453 
t=641 V=4.20198 A=0.0874403 W=0.367422 mAh_cumul=36.5434 Wh_cumul=0.153555 
t=642 V=4.202 A=0.0873174 W=0.366908 mAh_cumul=36.5677 Wh_cumul=0.153657 
t=643 V=4.20199 A=0.0870734 W=0.365882 mAh_cumul=36.5919 Wh_cumul=0.153759 
t=644 V=4.202 A=0.0868683 W=0.365021 mAh_cumul=36.616 Wh_cumul=0.15386 
t=645 V=4.20201 A=0.0874136 W=0.367313 mAh_cumul=36.6403 Wh_cumul=0.153962 
t=646 V=4.20204 A=0.0873861 W=0.3672 mAh_cumul=36.6646 Wh_cumul=0.154064 
t=647 V=4.20204 A=0.0874322 W=0.367394 mAh_cumul=36.6888 Wh_cumul=0.154166 
t=648 V=4.20206 A=0.0873571 W=0.36708 mAh_cumul=36.7131 Wh_cumul=0.154268 
t=649 V=4.20204 A=0.0868347 W=0.364883 mAh_cumul=36.7372 Wh_cumul=0.154369 
t=650 V=4.20202 A=0.086576 W=0.363794 mAh_cumul=36.7613 Wh_cumul=0.154471 
t=651 V=4.20204 A=0.0865161 W=0.363544 mAh_cumul=36.7853 Wh_cumul=0.154571 
t=652 V=4.20205 A=0.0862212 W=0.362306 mAh_cumul=36.8093 Wh_cumul=0.154672 
t=653 V=4.20204 A=0.0858888 W=0.360908 mAh_cumul=36.8331 Wh_cumul=0.154772 
t=655 V=4.20203 A=0.0857993 W=0.360531 mAh_cumul=36.8808 Wh_cumul=0.154973 
t=656 V=4.20205 A=0.0859848 W=0.361312 mAh_cumul=36.9047 Wh_cumul=0.155073 
t=657 V=4.20207 A=0.0858805 W=0.360876 mAh_cumul=36.9285 Wh_cumul=0.155173 
t=658 V=4.20205 A=0.0856138 W=0.359753 mAh_cumul=36.9523 Wh_cumul=0.155273 
t=659 V=4.20208 A=0.0858663 W=0.360817 mAh_cumul=36.9762 Wh_cumul=0.155373 
t=660 V=4.20209 A=0.0856524 W=0.359919 mAh_cumul=37 Wh_cumul=0.155473 
t=661 V=4.20208 A=0.0853344 W=0.358582 mAh_cumul=37.0237 Wh_cumul=0.155573 
t=662 V=4.20205 A=0.084877 W=0.356657 mAh_cumul=37.0472 Wh_cumul=0.155672 
t=663 V=4.20207 A=0.0844992 W=0.355072 mAh_cumul=37.0707 Wh_cumul=0.155771 
t=664 V=4.20205 A=0.0843161 W=0.3543 mAh_cumul=37.0941 Wh_cumul=0.155869 
t=665 V=4.20203 A=0.0837618 W=0.35197 mAh_cumul=37.1174 Wh_cumul=0.155967 
t=666 V=4.20201 A=0.0835341 W=0.351011 mAh_cumul=37.1406 Wh_cumul=0.156064 
t=667 V=4.20204 A=0.0834813 W=0.350792 mAh_cumul=37.1638 Wh_cumul=0.156162 
t=668 V=4.20203 A=0.0833841 W=0.350382 mAh_cumul=37.187 Wh_cumul=0.156259 
t=669 V=4.20203 A=0.08353 W=0.350996 mAh_cumul=37.2102 Wh_cumul=0.156357 
t=670 V=4.20203 A=0.0834218 W=0.350541 mAh_cumul=37.2333 Wh_cumul=0.156454 
t=671 V=4.20203 A=0.0833709 W=0.350327 mAh_cumul=37.2565 Wh_cumul=0.156551 
t=672 V=4.20205 A=0.083224 W=0.349711 mAh_cumul=37.2796 Wh_cumul=0.156649 
t=673 V=4.20205 A=0.0831302 W=0.349317 mAh_cumul=37.3027 Wh_cumul=0.156746 
t=674 V=4.20206 A=0.0828518 W=0.348148 mAh_cumul=37.3257 Wh_cumul=0.156842 
t=675 V=4.20204 A=0.0823667 W=0.346108 mAh_cumul=37.3486 Wh_cumul=0.156938 
t=676 V=4.20203 A=0.0821764 W=0.345308 mAh_cumul=37.3714 Wh_cumul=0.157034 
t=677 V=4.20204 A=0.0822989 W=0.345823 mAh_cumul=37.3943 Wh_cumul=0.15713 
t=678 V=4.20203 A=0.0822225 W=0.345501 mAh_cumul=37.4171 Wh_cumul=0.157226 
t=679 V=4.20203 A=0.0818078 W=0.343759 mAh_cumul=37.4398 Wh_cumul=0.157322 
t=680 V=4.20204 A=0.0814858 W=0.342407 mAh_cumul=37.4625 Wh_cumul=0.157417 
t=681 V=4.20201 A=0.0814983 W=0.342457 mAh_cumul=37.4851 Wh_cumul=0.157512 
t=682 V=4.20203 A=0.0812059 W=0.34123 mAh_cumul=37.5077 Wh_cumul=0.157607 
t=683 V=4.20204 A=0.0808022 W=0.339534 mAh_cumul=37.5301 Wh_cumul=0.157701 
t=684 V=4.20201 A=0.0809369 W=0.340098 mAh_cumul=37.5526 Wh_cumul=0.157796 
t=685 V=4.20201 A=0.0807957 W=0.339504 mAh_cumul=37.575 Wh_cumul=0.15789 
t=686 V=4.20203 A=0.0808431 W=0.339705 mAh_cumul=37.5975 Wh_cumul=0.157984 
t=687 V=4.20204 A=0.0807284 W=0.339224 mAh_cumul=37.6199 Wh_cumul=0.158079 
t=688 V=4.20204 A=0.0803618 W=0.337683 mAh_cumul=37.6422 Wh_cumul=0.158172 
t=689 V=4.20203 A=0.0800106 W=0.336207 mAh_cumul=37.6645 Wh_cumul=0.158266 
t=690 V=4.20203 A=0.079683 W=0.33483 mAh_cumul=37.6866 Wh_cumul=0.158359 
t=691 V=4.20202 A=0.0797513 W=0.335117 mAh_cumul=37.7088 Wh_cumul=0.158452 
t=692 V=4.20203 A=0.0798007 W=0.335325 mAh_cumul=37.7309 Wh_cumul=0.158545 
t=693 V=4.20202 A=0.0794808 W=0.33398 mAh_cumul=37.753 Wh_cumul=0.158638 
t=694 V=4.20204 A=0.0793596 W=0.333472 mAh_cumul=37.775 Wh_cumul=0.15873 
t=695 V=4.20203 A=0.0792323 W=0.332937 mAh_cumul=37.7971 Wh_cumul=0.158823 
t=696 V=4.20201 A=0.078961 W=0.331795 mAh_cumul=37.819 Wh_cumul=0.158915 
t=697 V=4.20201 A=0.0787519 W=0.330916 mAh_cumul=37.8409 Wh_cumul=0.159007 
t=698 V=4.20201 A=0.078467 W=0.329719 mAh_cumul=37.8627 Wh_cumul=0.159099 
t=699 V=4.202 A=0.0782844 W=0.328951 mAh_cumul=37.8844 Wh_cumul=0.15919 
t=700 V=4.20202 A=0.0780077 W=0.32779 mAh_cumul=37.9061 Wh_cumul=0.159281 
t=701 V=4.20201 A=0.0779433 W=0.327519 mAh_cumul=37.9277 Wh_cumul=0.159372 
t=702 V=4.20204 A=0.0779151 W=0.327402 mAh_cumul=37.9494 Wh_cumul=0.159463 
t=703 V=4.20203 A=0.0778831 W=0.327267 mAh_cumul=37.971 Wh_cumul=0.159554 
t=704 V=4.20205 A=0.0778868 W=0.327284 mAh_cumul=37.9926 Wh_cumul=0.159645 
t=705 V=4.20201 A=0.0779289 W=0.327458 mAh_cumul=38.0143 Wh_cumul=0.159736 
t=706 V=4.20205 A=0.0778652 W=0.327193 mAh_cumul=38.0359 Wh_cumul=0.159827 
t=707 V=4.20202 A=0.0774769 W=0.325559 mAh_cumul=38.0574 Wh_cumul=0.159917 
t=708 V=4.20205 A=0.0775019 W=0.325667 mAh_cumul=38.079 Wh_cumul=0.160007 
t=709 V=4.20204 A=0.0773378 W=0.324977 mAh_cumul=38.1004 Wh_cumul=0.160098 
t=710 V=4.20204 A=0.0773756 W=0.325135 mAh_cumul=38.1219 Wh_cumul=0.160188 
t=711 V=4.20207 A=0.0771549 W=0.32421 mAh_cumul=38.1434 Wh_cumul=0.160278 
t=712 V=4.20202 A=0.0769733 W=0.323443 mAh_cumul=38.1648 Wh_cumul=0.160368 
t=713 V=4.20206 A=0.0766023 W=0.321887 mAh_cumul=38.186 Wh_cumul=0.160457 
t=714 V=4.20202 A=0.0763486 W=0.320818 mAh_cumul=38.2072 Wh_cumul=0.160546 
t=715 V=4.20205 A=0.0763658 W=0.320893 mAh_cumul=38.2285 Wh_cumul=0.160636 
t=716 V=4.20206 A=0.0759824 W=0.319283 mAh_cumul=38.2496 Wh_cumul=0.160724 
t=717 V=4.20199 A=0.0755967 W=0.317657 mAh_cumul=38.2706 Wh_cumul=0.160813 
t=718 V=4.20201 A=0.0751411 W=0.315744 mAh_cumul=38.2914 Wh_cumul=0.1609 
t=719 V=4.20198 A=0.0749833 W=0.315078 mAh_cumul=38.3123 Wh_cumul=0.160988 
t=720 V=4.20203 A=0.0751073 W=0.315603 mAh_cumul=38.3331 Wh_cumul=0.161075 
t=721 V=4.20204 A=0.0749229 W=0.314829 mAh_cumul=38.3539 Wh_cumul=0.161163 
t=722 V=4.20202 A=0.0743798 W=0.312545 mAh_cumul=38.3746 Wh_cumul=0.16125 
t=723 V=4.20198 A=0.0742152 W=0.311851 mAh_cumul=38.3952 Wh_cumul=0.161336 
t=724 V=4.20198 A=0.07414 W=0.311535 mAh_cumul=38.4158 Wh_cumul=0.161423 
t=725 V=4.20199 A=0.0741956 W=0.311769 mAh_cumul=38.4364 Wh_cumul=0.161509 
t=726 V=4.20202 A=0.0741828 W=0.311718 mAh_cumul=38.457 Wh_cumul=0.161596 
t=727 V=4.20202 A=0.0741134 W=0.311426 mAh_cumul=38.4776 Wh_cumul=0.161683 
t=728 V=4.20202 A=0.0741801 W=0.311706 mAh_cumul=38.4982 Wh_cumul=0.161769 
t=729 V=4.20204 A=0.0739408 W=0.310702 mAh_cumul=38.5188 Wh_cumul=0.161855 
t=730 V=4.20201 A=0.073745 W=0.309877 mAh_cumul=38.5392 Wh_cumul=0.161942 
t=731 V=4.20206 A=0.0737655 W=0.309967 mAh_cumul=38.5597 Wh_cumul=0.162028 
t=732 V=4.20206 A=0.0735905 W=0.309232 mAh_cumul=38.5802 Wh_cumul=0.162114 
t=733 V=4.20199 A=0.0731658 W=0.307442 mAh_cumul=38.6005 Wh_cumul=0.162199 
t=734 V=4.20204 A=0.0732227 W=0.307685 mAh_cumul=38.6208 Wh_cumul=0.162284 
t=735 V=4.20204 A=0.0732149 W=0.307652 mAh_cumul=38.6412 Wh_cumul=0.16237 
t=736 V=4.20201 A=0.0729052 W=0.306348 mAh_cumul=38.6614 Wh_cumul=0.162455 
t=737 V=4.20201 A=0.0723924 W=0.304194 mAh_cumul=38.6815 Wh_cumul=0.162539 
t=738 V=4.20201 A=0.0719934 W=0.302517 mAh_cumul=38.7015 Wh_cumul=0.162623 
t=739 V=4.20199 A=0.0719847 W=0.302479 mAh_cumul=38.7215 Wh_cumul=0.162708 
t=740 V=4.20201 A=0.0721887 W=0.303338 mAh_cumul=38.7416 Wh_cumul=0.162792 
t=741 V=4.202 A=0.0721463 W=0.303159 mAh_cumul=38.7616 Wh_cumul=0.162876 
t=742 V=4.20201 A=0.0719416 W=0.302299 mAh_cumul=38.7816 Wh_cumul=0.16296 
t=743 V=4.20201 A=0.0715718 W=0.300745 mAh_cumul=38.8015 Wh_cumul=0.163043 
t=744 V=4.20199 A=0.0712175 W=0.299255 mAh_cumul=38.8213 Wh_cumul=0.163127 
t=745 V=4.20202 A=0.0707905 W=0.297463 mAh_cumul=38.8409 Wh_cumul=0.163209 
t=746 V=4.20199 A=0.0706515 W=0.296877 mAh_cumul=38.8606 Wh_cumul=0.163292 
t=747 V=4.20203 A=0.0708615 W=0.297762 mAh_cumul=38.8802 Wh_cumul=0.163374 
t=748 V=4.20199 A=0.0706165 W=0.29673 mAh_cumul=38.8999 Wh_cumul=0.163457 
t=749 V=4.202 A=0.0705707 W=0.296538 mAh_cumul=38.9195 Wh_cumul=0.163539 
t=750 V=4.20202 A=0.0703282 W=0.295521 mAh_cumul=38.939 Wh_cumul=0.163621 
t=751 V=4.20199 A=0.0704367 W=0.295974 mAh_cumul=38.9586 Wh_cumul=0.163704 
t=752 V=4.20199 A=0.0704952 W=0.29622 mAh_cumul=38.9781 Wh_cumul=0.163786 
t=753 V=4.20202 A=0.0699979 W=0.294133 mAh_cumul=38.9976 Wh_cumul=0.163868 
t=754 V=4.20203 A=0.0700461 W=0.294336 mAh_cumul=39.017 Wh_cumul=0.163949 
t=755 V=4.20201 A=0.0696673 W=0.292743 mAh_cumul=39.0364 Wh_cumul=0.164031 
t=756 V=4.20201 A=0.0697037 W=0.292896 mAh_cumul=39.0558 Wh_cumul=0.164112 
t=757 V=4.20202 A=0.06964 W=0.292629 mAh_cumul=39.0751 Wh_cumul=0.164193 
t=758 V=4.20204 A=0.0695906 W=0.292422 mAh_cumul=39.0944 Wh_cumul=0.164274 
t=759 V=4.202 A=0.0694033 W=0.291633 mAh_cumul=39.1137 Wh_cumul=0.164355 
t=760 V=4.20203 A=0.0693258 W=0.291309 mAh_cumul=39.133 Wh_cumul=0.164436 
t=761 V=4.20204 A=0.0691136 W=0.290418 mAh_cumul=39.1522 Wh_cumul=0.164517 
t=762 V=4.20201 A=0.0690251 W=0.290044 mAh_cumul=39.1713 Wh_cumul=0.164598 
t=763 V=4.20202 A=0.068948 W=0.289721 mAh_cumul=39.1905 Wh_cumul=0.164678 
t=764 V=4.202 A=0.0687658 W=0.288954 mAh_cumul=39.2096 Wh_cumul=0.164758 
t=765 V=4.202 A=0.068801 W=0.289102 mAh_cumul=39.2287 Wh_cumul=0.164839 
t=766 V=4.20201 A=0.0686967 W=0.288664 mAh_cumul=39.2478 Wh_cumul=0.164919 
t=767 V=4.20202 A=0.068796 W=0.289082 mAh_cumul=39.2669 Wh_cumul=0.164999 
t=768 V=4.20202 A=0.0686341 W=0.288402 mAh_cumul=39.286 Wh_cumul=0.165079 
t=769 V=4.20202 A=0.0684099 W=0.28746 mAh_cumul=39.305 Wh_cumul=0.165159 
t=770 V=4.20204 A=0.0684876 W=0.287788 mAh_cumul=39.324 Wh_cumul=0.165239 
t=771 V=4.20203 A=0.0685884 W=0.288211 mAh_cumul=39.343 Wh_cumul=0.165319 
t=772 V=4.20206 A=0.068531 W=0.287971 mAh_cumul=39.3621 Wh_cumul=0.165399 
t=773 V=4.20205 A=0.0685798 W=0.288176 mAh_cumul=39.3811 Wh_cumul=0.165479 
t=774 V=4.20207 A=0.0686984 W=0.288675 mAh_cumul=39.4002 Wh_cumul=0.165559 
t=775 V=4.20206 A=0.0685575 W=0.288083 mAh_cumul=39.4193 Wh_cumul=0.165639 
t=776 V=4.20209 A=0.0682636 W=0.28685 mAh_cumul=39.4382 Wh_cumul=0.165719 
t=777 V=4.20209 A=0.0680225 W=0.285837 mAh_cumul=39.4571 Wh_cumul=0.165798 
t=778 V=4.20206 A=0.0679158 W=0.285386 mAh_cumul=39.476 Wh_cumul=0.165878 
t=779 V=4.20206 A=0.0678169 W=0.284971 mAh_cumul=39.4948 Wh_cumul=0.165957 
t=780 V=4.20207 A=0.0678804 W=0.285238 mAh_cumul=39.5137 Wh_cumul=0.166036 
t=781 V=4.20209 A=0.0676887 W=0.284434 mAh_cumul=39.5325 Wh_cumul=0.166115 
t=782 V=4.20207 A=0.0674673 W=0.283502 mAh_cumul=39.5512 Wh_cumul=0.166194 
t=783 V=4.20207 A=0.0668721 W=0.281001 mAh_cumul=39.5698 Wh_cumul=0.166272 
t=784 V=4.20204 A=0.066535 W=0.279583 mAh_cumul=39.5883 Wh_cumul=0.16635 
t=785 V=4.20204 A=0.0660137 W=0.277392 mAh_cumul=39.6066 Wh_cumul=0.166427 
t=786 V=4.20203 A=0.0660275 W=0.27745 mAh_cumul=39.6249 Wh_cumul=0.166504 
t=787 V=4.20201 A=0.0659064 W=0.276939 mAh_cumul=39.6433 Wh_cumul=0.166581 
t=788 V=4.20201 A=0.0659616 W=0.277171 mAh_cumul=39.6616 Wh_cumul=0.166658 
t=789 V=4.20205 A=0.066113 W=0.27781 mAh_cumul=39.6799 Wh_cumul=0.166735 
t=790 V=4.20204 A=0.0657393 W=0.276239 mAh_cumul=39.6982 Wh_cumul=0.166812 
t=791 V=4.20202 A=0.0657346 W=0.276218 mAh_cumul=39.7165 Wh_cumul=0.166888 
t=792 V=4.20203 A=0.06568 W=0.275989 mAh_cumul=39.7347 Wh_cumul=0.166965 
t=793 V=4.20201 A=0.065488 W=0.275181 mAh_cumul=39.7529 Wh_cumul=0.167041 
t=794 V=4.20203 A=0.0653276 W=0.274509 mAh_cumul=39.771 Wh_cumul=0.167118 
t=795 V=4.20203 A=0.0651361 W=0.273704 mAh_cumul=39.7891 Wh_cumul=0.167194 
t=796 V=4.20205 A=0.0651259 W=0.273662 mAh_cumul=39.8072 Wh_cumul=0.16727 
t=797 V=4.20207 A=0.0651734 W=0.273863 mAh_cumul=39.8253 Wh_cumul=0.167346 
t=798 V=4.20207 A=0.0651642 W=0.273825 mAh_cumul=39.8434 Wh_cumul=0.167422 
t=799 V=4.20205 A=0.0650429 W=0.273314 mAh_cumul=39.8615 Wh_cumul=0.167498 
t=800 V=4.20205 A=0.0649625 W=0.272976 mAh_cumul=39.8795 Wh_cumul=0.167574 
END

