0 errors cleared
t=0 V=3.98008 A=0.00912899 W=0.0363341 mAh_cumul=0 Wh_cumul=0 
t=2 V=3.98008 A=0.00912574 W=0.0363212 mAh_cumul=0.00506986 Wh_cumul=2.01784e-05 
t=3 V=3.99904 A=0.288719 W=1.1546 mAh_cumul=0.0852696 Wh_cumul=0.0003409 
t=4 V=3.99902 A=0.281162 W=1.12437 mAh_cumul=0.16337 Wh_cumul=0.000653226 
t=5 V=3.99903 A=0.276255 W=1.10475 mAh_cumul=0.240108 Wh_cumul=0.000960102 
t=6 V=3.99902 A=0.272148 W=1.08833 mAh_cumul=0.315704 Wh_cumul=0.00126241 
t=7 V=3.99905 A=0.268306 W=1.07297 mAh_cumul=0.390234 Wh_cumul=0.00156046 
t=8 V=3.99901 A=0.264593 W=1.05811 mAh_cumul=0.463732 Wh_cumul=0.00185438 
t=9 V=3.99902 A=0.26155 W=1.04594 mAh_cumul=0.536385 Wh_cumul=0.00214492 
t=10 V=3.99904 A=0.258702 W=1.03456 mAh_cumul=0.608246 Wh_cumul=0.0024323 
t=11 V=3.99907 A=0.256033 W=1.02389 mAh_cumul=0.679367 Wh_cumul=0.00271671 
t=12 V=3.99906 A=0.253282 W=1.01289 mAh_cumul=0.749723 Wh_cumul=0.00299807 
t=13 V=3.99907 A=0.250993 W=1.00374 mAh_cumul=0.819443 Wh_cumul=0.00327689 
t=14 V=3.99905 A=0.248823 W=0.995056 mAh_cumul=0.88856 Wh_cumul=0.00355329 
t=15 V=3.99907 A=0.246395 W=0.985351 mAh_cumul=0.957003 Wh_cumul=0.003827 
t=16 V=3.99908 A=0.243895 W=0.975356 mAh_cumul=1.02475 Wh_cumul=0.00409793 
t=17 V=3.99907 A=0.241983 W=0.967707 mAh_cumul=1.09197 Wh_cumul=0.00436674 
t=18 V=3.99906 A=0.239793 W=0.958947 mAh_cumul=1.15858 Wh_cumul=0.00463311 
t=19 V=3.99907 A=0.237686 W=0.950523 mAh_cumul=1.2246 Wh_cumul=0.00489715 
t=20 V=3.99905 A=0.235645 W=0.942356 mAh_cumul=1.29006 Wh_cumul=0.00515891 
t=21 V=3.99903 A=0.233708 W=0.934605 mAh_cumul=1.35498 Wh_cumul=0.00541853 
t=22 V=3.99902 A=0.23172 W=0.926653 mAh_cumul=1.41935 Wh_cumul=0.00567593 
t=23 V=3.99902 A=0.229706 W=0.918599 mAh_cumul=1.48315 Wh_cumul=0.0059311 
t=24 V=3.999 A=0.228076 W=0.912076 mAh_cumul=1.54651 Wh_cumul=0.00618445 
t=25 V=3.99902 A=0.226542 W=0.905946 mAh_cumul=1.60944 Wh_cumul=0.0064361 
t=26 V=3.99901 A=0.225028 W=0.899889 mAh_cumul=1.67194 Wh_cumul=0.00668607 
t=27 V=3.99903 A=0.223498 W=0.893775 mAh_cumul=1.73403 Wh_cumul=0.00693434 
t=28 V=3.99904 A=0.222022 W=0.887875 mAh_cumul=1.7957 Wh_cumul=0.00718097 
t=29 V=3.99904 A=0.220636 W=0.882332 mAh_cumul=1.85699 Wh_cumul=0.00742607 
t=30 V=3.99902 A=0.21924 W=0.876745 mAh_cumul=1.91789 Wh_cumul=0.00766961 
t=31 V=3.99904 A=0.218073 W=0.872083 mAh_cumul=1.97846 Wh_cumul=0.00791185 
t=32 V=3.99906 A=0.217039 W=0.867952 mAh_cumul=2.03875 Wh_cumul=0.00815295 
t=33 V=3.99904 A=0.216153 W=0.864404 mAh_cumul=2.09879 Wh_cumul=0.00839306 
t=34 V=3.99904 A=0.215012 W=0.859842 mAh_cumul=2.15852 Wh_cumul=0.00863191 
t=35 V=3.99906 A=0.213868 W=0.855271 mAh_cumul=2.21793 Wh_cumul=0.00886948 
t=36 V=3.9991 A=0.212713 W=0.850661 mAh_cumul=2.27701 Wh_cumul=0.00910578 
t=37 V=3.99909 A=0.211471 W=0.845692 mAh_cumul=2.33576 Wh_cumul=0.00934069 
t=38 V=3.9991 A=0.210307 W=0.841039 mAh_cumul=2.39417 Wh_cumul=0.00957431 
t=39 V=3.99905 A=0.208844 W=0.835178 mAh_cumul=2.45219 Wh_cumul=0.00980631 
t=40 V=3.99905 A=0.207818 W=0.831075 mAh_cumul=2.50991 Wh_cumul=0.0100372 
t=41 V=3.99908 A=0.207112 W=0.828257 mAh_cumul=2.56744 Wh_cumul=0.0102672 
t=42 V=3.99906 A=0.206314 W=0.825062 mAh_cumul=2.62475 Wh_cumul=0.0104964 
t=43 V=3.99909 A=0.205121 W=0.820297 mAh_cumul=2.68173 Wh_cumul=0.0107243 
t=44 V=3.99906 A=0.204152 W=0.816416 mAh_cumul=2.73844 Wh_cumul=0.0109511 
t=45 V=3.99908 A=0.203089 W=0.812169 mAh_cumul=2.79485 Wh_cumul=0.0111767 
t=46 V=3.99908 A=0.20196 W=0.807654 mAh_cumul=2.85095 Wh_cumul=0.011401 
t=47 V=3.99906 A=0.200793 W=0.802983 mAh_cumul=2.90673 Wh_cumul=0.0116241 
t=48 V=3.99906 A=0.200155 W=0.800432 mAh_cumul=2.96233 Wh_cumul=0.0118464 
t=49 V=3.99909 A=0.199362 W=0.797267 mAh_cumul=3.01771 Wh_cumul=0.0120679 
t=50 V=3.99905 A=0.19846 W=0.793651 mAh_cumul=3.07284 Wh_cumul=0.0122883 
t=51 V=3.99909 A=0.197219 W=0.788697 mAh_cumul=3.12762 Wh_cumul=0.0125074 
t=52 V=3.99905 A=0.196167 W=0.784482 mAh_cumul=3.18211 Wh_cumul=0.0127253 
t=53 V=3.99902 A=0.195199 W=0.780605 mAh_cumul=3.23633 Wh_cumul=0.0129422 
t=54 V=3.99904 A=0.194401 W=0.777417 mAh_cumul=3.29033 Wh_cumul=0.0131581 
t=55 V=3.99903 A=0.193464 W=0.773668 mAh_cumul=3.34407 Wh_cumul=0.013373 
t=56 V=3.99901 A=0.192867 W=0.771277 mAh_cumul=3.39765 Wh_cumul=0.0135873 
t=57 V=3.99904 A=0.192142 W=0.768384 mAh_cumul=3.45102 Wh_cumul=0.0138007 
t=58 V=3.99902 A=0.191375 W=0.765312 mAh_cumul=3.50418 Wh_cumul=0.0140133 
t=59 V=3.99903 A=0.190676 W=0.762519 mAh_cumul=3.55714 Wh_cumul=0.0142251 
t=60 V=3.99902 A=0.190004 W=0.75983 mAh_cumul=3.60992 Wh_cumul=0.0144362 
t=61 V=3.99905 A=0.189246 W=0.756804 mAh_cumul=3.66249 Wh_cumul=0.0146464 
t=62 V=3.99903 A=0.18853 W=0.753937 mAh_cumul=3.71486 Wh_cumul=0.0148558 
t=63 V=3.99905 A=0.18787 W=0.751302 mAh_cumul=3.76705 Wh_cumul=0.0150645 
t=64 V=3.99899 A=0.187245 W=0.748791 mAh_cumul=3.81906 Wh_cumul=0.0152725 
t=65 V=3.99903 A=0.186466 W=0.745683 mAh_cumul=3.87085 Wh_cumul=0.0154796 
t=66 V=3.99901 A=0.185899 W=0.743412 mAh_cumul=3.92249 Wh_cumul=0.0156861 
t=67 V=3.99902 A=0.185122 W=0.740307 mAh_cumul=3.97392 Wh_cumul=0.0158918 
t=68 V=3.99903 A=0.184641 W=0.738385 mAh_cumul=4.02521 Wh_cumul=0.0160969 
t=69 V=3.99905 A=0.184354 W=0.737241 mAh_cumul=4.07641 Wh_cumul=0.0163017 
t=70 V=3.99904 A=0.184102 W=0.736231 mAh_cumul=4.12755 Wh_cumul=0.0165062 
t=71 V=3.99908 A=0.183568 W=0.734103 mAh_cumul=4.17855 Wh_cumul=0.0167101 
t=72 V=3.99907 A=0.182913 W=0.731482 mAh_cumul=4.22935 Wh_cumul=0.0169133 
t=73 V=3.99905 A=0.182263 W=0.728879 mAh_cumul=4.27998 Wh_cumul=0.0171158 
t=74 V=3.99911 A=0.181984 W=0.727774 mAh_cumul=4.33053 Wh_cumul=0.0173179 
t=75 V=3.99909 A=0.181088 W=0.724187 mAh_cumul=4.38084 Wh_cumul=0.0175191 
t=76 V=3.99907 A=0.180591 W=0.722196 mAh_cumul=4.431 Wh_cumul=0.0177197 
t=77 V=3.99906 A=0.179647 W=0.718419 mAh_cumul=4.4809 Wh_cumul=0.0179192 
t=78 V=3.99902 A=0.178844 W=0.715201 mAh_cumul=4.53058 Wh_cumul=0.0181179 
t=79 V=3.99904 A=0.178233 W=0.712761 mAh_cumul=4.58009 Wh_cumul=0.0183159 
t=80 V=3.99903 A=0.177828 W=0.71114 mAh_cumul=4.62949 Wh_cumul=0.0185134 
t=81 V=3.99905 A=0.177299 W=0.709028 mAh_cumul=4.67874 Wh_cumul=0.0187104 
t=82 V=3.99904 A=0.176788 W=0.706982 mAh_cumul=4.72784 Wh_cumul=0.0189068 
t=83 V=3.99904 A=0.176439 W=0.705587 mAh_cumul=4.77686 Wh_cumul=0.0191028 
t=84 V=3.99903 A=0.175801 W=0.703033 mAh_cumul=4.82569 Wh_cumul=0.0192981 
t=85 V=3.99905 A=0.175549 W=0.702029 mAh_cumul=4.87445 Wh_cumul=0.0194931 
t=86 V=3.99906 A=0.174971 W=0.69972 mAh_cumul=4.92306 Wh_cumul=0.0196874 
t=87 V=3.99906 A=0.174431 W=0.69756 mAh_cumul=4.97151 Wh_cumul=0.0198812 
t=88 V=3.99907 A=0.174117 W=0.696306 mAh_cumul=5.01987 Wh_cumul=0.0200746 
t=89 V=3.99907 A=0.17334 W=0.693199 mAh_cumul=5.06802 Wh_cumul=0.0202672 
t=90 V=3.99908 A=0.172672 W=0.690529 mAh_cumul=5.11599 Wh_cumul=0.020459 
t=91 V=3.99906 A=0.172123 W=0.68833 mAh_cumul=5.1638 Wh_cumul=0.0206502 
t=92 V=3.99905 A=0.171449 W=0.685633 mAh_cumul=5.21143 Wh_cumul=0.0208406 
t=93 V=3.99902 A=0.170719 W=0.682709 mAh_cumul=5.25885 Wh_cumul=0.0210303 
t=94 V=3.99904 A=0.170508 W=0.681868 mAh_cumul=5.30621 Wh_cumul=0.0212197 
t=95 V=3.99902 A=0.170018 W=0.679905 mAh_cumul=5.35344 Wh_cumul=0.0214086 
t=96 V=3.99904 A=0.169312 W=0.677085 mAh_cumul=5.40047 Wh_cumul=0.0215966 
t=97 V=3.99903 A=0.169245 W=0.676816 mAh_cumul=5.44748 Wh_cumul=0.0217846 
t=98 V=3.99905 A=0.168598 W=0.674232 mAh_cumul=5.49431 Wh_cumul=0.0219719 
t=99 V=3.99902 A=0.167745 W=0.670816 mAh_cumul=5.54091 Wh_cumul=0.0221583 
t=100 V=3.99902 A=0.167269 W=0.668912 mAh_cumul=5.58737 Wh_cumul=0.0223441 
t=101 V=3.99905 A=0.16695 W=0.667641 mAh_cumul=5.63375 Wh_cumul=0.0225295 
t=102 V=3.99906 A=0.166425 W=0.665544 mAh_cumul=5.67998 Wh_cumul=0.0227144 
t=103 V=3.99901 A=0.166104 W=0.664252 mAh_cumul=5.72612 Wh_cumul=0.0228989 
t=104 V=3.99905 A=0.165884 W=0.663378 mAh_cumul=5.7722 Wh_cumul=0.0230832 
t=105 V=3.99905 A=0.165595 W=0.662223 mAh_cumul=5.8182 Wh_cumul=0.0232671 
t=106 V=3.99907 A=0.165272 W=0.660934 mAh_cumul=5.8641 Wh_cumul=0.0234507 
t=107 V=3.99906 A=0.164771 W=0.658929 mAh_cumul=5.90987 Wh_cumul=0.0236338 
t=108 V=3.99906 A=0.164295 W=0.657026 mAh_cumul=5.95551 Wh_cumul=0.0238163 
t=109 V=3.99903 A=0.163654 W=0.654457 mAh_cumul=6.00097 Wh_cumul=0.0239981 
t=110 V=3.99904 A=0.16334 W=0.653203 mAh_cumul=6.04634 Wh_cumul=0.0241795 
t=111 V=3.99905 A=0.163135 W=0.652385 mAh_cumul=6.09166 Wh_cumul=0.0243607 
t=112 V=3.99903 A=0.162884 W=0.651378 mAh_cumul=6.1369 Wh_cumul=0.0245417 
t=113 V=3.99905 A=0.162655 W=0.650465 mAh_cumul=6.18209 Wh_cumul=0.0247224 
t=114 V=3.99906 A=0.161839 W=0.647204 mAh_cumul=6.22704 Wh_cumul=0.0249021 
t=115 V=3.99907 A=0.161512 W=0.645898 mAh_cumul=6.27191 Wh_cumul=0.0250816 
t=116 V=3.99904 A=0.161226 W=0.644749 mAh_cumul=6.31669 Wh_cumul=0.0252607 
t=117 V=3.99906 A=0.160947 W=0.643637 mAh_cumul=6.3614 Wh_cumul=0.0254394 
t=118 V=3.99905 A=0.160458 W=0.64168 mAh_cumul=6.40597 Wh_cumul=0.0256177 
t=119 V=3.99905 A=0.160221 W=0.640732 mAh_cumul=6.45048 Wh_cumul=0.0257957 
t=120 V=3.99907 A=0.16002 W=0.639931 mAh_cumul=6.49493 Wh_cumul=0.0259734 
t=121 V=3.99909 A=0.159585 W=0.638195 mAh_cumul=6.53926 Wh_cumul=0.0261507 
t=122 V=3.99908 A=0.159028 W=0.635966 mAh_cumul=6.58343 Wh_cumul=0.0263274 
t=123 V=3.99905 A=0.15884 W=0.635209 mAh_cumul=6.62755 Wh_cumul=0.0265038 
t=124 V=3.99907 A=0.158467 W=0.633721 mAh_cumul=6.67157 Wh_cumul=0.0266798 
t=125 V=3.99906 A=0.15777 W=0.630932 mAh_cumul=6.7154 Wh_cumul=0.0268551 
t=126 V=3.99905 A=0.157238 W=0.628803 mAh_cumul=6.75907 Wh_cumul=0.0270298 
t=127 V=3.99905 A=0.156893 W=0.627423 mAh_cumul=6.80265 Wh_cumul=0.027204 
t=128 V=3.99902 A=0.156545 W=0.626027 mAh_cumul=6.84614 Wh_cumul=0.0273779 
t=129 V=3.99903 A=0.156161 W=0.624493 mAh_cumul=6.88952 Wh_cumul=0.0275514 
t=130 V=3.99906 A=0.155928 W=0.623565 mAh_cumul=6.93283 Wh_cumul=0.0277246 
t=131 V=3.99905 A=0.155452 W=0.62166 mAh_cumul=6.97601 Wh_cumul=0.0278973 
t=132 V=3.99905 A=0.155321 W=0.621136 mAh_cumul=7.01916 Wh_cumul=0.0280698 
t=133 V=3.99908 A=0.154814 W=0.619114 mAh_cumul=7.06216 Wh_cumul=0.0282418 
t=134 V=3.99906 A=0.154304 W=0.617071 mAh_cumul=7.10502 Wh_cumul=0.0284132 
t=135 V=3.99903 A=0.153879 W=0.615367 mAh_cumul=7.14777 Wh_cumul=0.0285842 
t=136 V=3.99903 A=0.153645 W=0.614431 mAh_cumul=7.19045 Wh_cumul=0.0287548 
t=137 V=3.99907 A=0.15324 W=0.612817 mAh_cumul=7.23301 Wh_cumul=0.0289251 
t=138 V=3.99906 A=0.153085 W=0.612196 mAh_cumul=7.27554 Wh_cumul=0.0290951 
t=139 V=3.99905 A=0.152648 W=0.610447 mAh_cumul=7.31794 Wh_cumul=0.0292647 
t=140 V=3.99908 A=0.152358 W=0.609292 mAh_cumul=7.36026 Wh_cumul=0.0294339 
t=141 V=3.99908 A=0.152119 W=0.608336 mAh_cumul=7.40252 Wh_cumul=0.0296029 
t=142 V=3.99909 A=0.151906 W=0.607486 mAh_cumul=7.44471 Wh_cumul=0.0297717 
t=143 V=3.99908 A=0.151404 W=0.605477 mAh_cumul=7.48677 Wh_cumul=0.0299399 
t=144 V=3.9991 A=0.151259 W=0.6049 mAh_cumul=7.52878 Wh_cumul=0.0301079 
t=145 V=3.99909 A=0.150619 W=0.602339 mAh_cumul=7.57062 Wh_cumul=0.0302752 
t=146 V=3.99906 A=0.150332 W=0.601187 mAh_cumul=7.61238 Wh_cumul=0.0304422 
t=147 V=3.99905 A=0.149975 W=0.599758 mAh_cumul=7.65404 Wh_cumul=0.0306088 
t=148 V=3.99907 A=0.149602 W=0.598269 mAh_cumul=7.6956 Wh_cumul=0.030775 
t=149 V=3.9991 A=0.149528 W=0.597977 mAh_cumul=7.73713 Wh_cumul=0.0309411 
t=150 V=3.99909 A=0.149219 W=0.59674 mAh_cumul=7.77858 Wh_cumul=0.0311068 
t=151 V=3.99906 A=0.148215 W=0.592721 mAh_cumul=7.81975 Wh_cumul=0.0312715 
t=152 V=3.99905 A=0.148011 W=0.591903 mAh_cumul=7.86087 Wh_cumul=0.0314359 
t=153 V=3.99905 A=0.147814 W=0.591116 mAh_cumul=7.90193 Wh_cumul=0.0316001 
t=154 V=3.99906 A=0.147452 W=0.589669 mAh_cumul=7.94289 Wh_cumul=0.0317639 
t=155 V=3.99905 A=0.14689 W=0.58742 mAh_cumul=7.98369 Wh_cumul=0.0319271 
t=156 V=3.99908 A=0.146414 W=0.585521 mAh_cumul=8.02436 Wh_cumul=0.0320897 
t=157 V=3.99905 A=0.146155 W=0.584481 mAh_cumul=8.06496 Wh_cumul=0.0322521 
t=158 V=3.99906 A=0.145638 W=0.582415 mAh_cumul=8.10541 Wh_cumul=0.0324139 
t=159 V=3.99909 A=0.145231 W=0.580792 mAh_cumul=8.14576 Wh_cumul=0.0325752 
t=160 V=3.99904 A=0.145011 W=0.579905 mAh_cumul=8.18604 Wh_cumul=0.0327363 
t=161 V=3.99903 A=0.144524 W=0.577956 mAh_cumul=8.22618 Wh_cumul=0.0328968 
t=162 V=3.99904 A=0.144315 W=0.577121 mAh_cumul=8.26627 Wh_cumul=0.0330571 
t=163 V=3.99906 A=0.143908 W=0.575497 mAh_cumul=8.30624 Wh_cumul=0.033217 
t=164 V=3.99902 A=0.143646 W=0.574443 mAh_cumul=8.34615 Wh_cumul=0.0333766 
t=165 V=3.99903 A=0.143182 W=0.572589 mAh_cumul=8.38592 Wh_cumul=0.0335356 
t=166 V=3.99905 A=0.143183 W=0.572596 mAh_cumul=8.42569 Wh_cumul=0.0336947 
t=167 V=3.99905 A=0.142837 W=0.571212 mAh_cumul=8.46537 Wh_cumul=0.0338533 
t=168 V=3.99903 A=0.142428 W=0.569574 mAh_cumul=8.50493 Wh_cumul=0.0340116 
t=169 V=3.99905 A=0.142277 W=0.568973 mAh_cumul=8.54445 Wh_cumul=0.0341696 
t=170 V=3.99904 A=0.141966 W=0.567728 mAh_cumul=8.58389 Wh_cumul=0.0343273 
t=171 V=3.99905 A=0.141497 W=0.565854 mAh_cumul=8.62319 Wh_cumul=0.0344845 
t=172 V=3.99904 A=0.140914 W=0.563521 mAh_cumul=8.66234 Wh_cumul=0.034641 
t=173 V=3.99903 A=0.140679 W=0.56258 mAh_cumul=8.70141 Wh_cumul=0.0347973 
t=174 V=3.99903 A=0.140459 W=0.5617 mAh_cumul=8.74043 Wh_cumul=0.0349533 
t=175 V=3.99904 A=0.140292 W=0.561033 mAh_cumul=8.7794 Wh_cumul=0.0351092 
t=176 V=3.99904 A=0.139863 W=0.559318 mAh_cumul=8.81825 Wh_cumul=0.0352645 
t=177 V=3.99904 A=0.139408 W=0.557498 mAh_cumul=8.85697 Wh_cumul=0.0354194 
t=178 V=3.99905 A=0.139326 W=0.557172 mAh_cumul=8.89568 Wh_cumul=0.0355742 
t=179 V=3.99904 A=0.13904 W=0.556027 mAh_cumul=8.9343 Wh_cumul=0.0357286 
t=180 V=3.99905 A=0.138714 W=0.554724 mAh_cumul=8.97283 Wh_cumul=0.0358827 
t=181 V=3.99906 A=0.138835 W=0.555209 mAh_cumul=9.0114 Wh_cumul=0.0360369 
t=182 V=3.99909 A=0.138721 W=0.554758 mAh_cumul=9.04993 Wh_cumul=0.036191 
t=183 V=3.99908 A=0.138281 W=0.552997 mAh_cumul=9.08834 Wh_cumul=0.0363446 
t=184 V=3.99908 A=0.138137 W=0.552421 mAh_cumul=9.12671 Wh_cumul=0.0364981 
t=185 V=3.99906 A=0.137859 W=0.551306 mAh_cumul=9.16501 Wh_cumul=0.0366512 
t=186 V=3.99908 A=0.137618 W=0.550345 mAh_cumul=9.20323 Wh_cumul=0.0368041 
t=187 V=3.99907 A=0.137386 W=0.549416 mAh_cumul=9.2414 Wh_cumul=0.0369567 
t=188 V=3.99908 A=0.136727 W=0.546782 mAh_cumul=9.27938 Wh_cumul=0.0371086 
t=189 V=3.99907 A=0.136315 W=0.545133 mAh_cumul=9.31724 Wh_cumul=0.03726 
t=190 V=3.99905 A=0.136179 W=0.544587 mAh_cumul=9.35507 Wh_cumul=0.0374113 
t=191 V=3.99905 A=0.135932 W=0.543599 mAh_cumul=9.39283 Wh_cumul=0.0375623 
t=192 V=3.99907 A=0.135741 W=0.542838 mAh_cumul=9.43053 Wh_cumul=0.0377131 
t=193 V=3.99904 A=0.135419 W=0.541546 mAh_cumul=9.46815 Wh_cumul=0.0378635 
t=194 V=3.99909 A=0.135159 W=0.540513 mAh_cumul=9.50569 Wh_cumul=0.0380137 
t=195 V=3.99911 A=0.135249 W=0.540876 mAh_cumul=9.54326 Wh_cumul=0.0381639 
t=196 V=3.9991 A=0.134928 W=0.539591 mAh_cumul=9.58074 Wh_cumul=0.0383138 
t=197 V=3.99909 A=0.13481 W=0.539117 mAh_cumul=9.61819 Wh_cumul=0.0384635 
t=198 V=3.99907 A=0.134127 W=0.536383 mAh_cumul=9.65545 Wh_cumul=0.0386125 
t=199 V=3.9991 A=0.13368 W=0.5346 mAh_cumul=9.69258 Wh_cumul=0.038761 
t=200 V=3.99908 A=0.133202 W=0.532685 mAh_cumul=9.72958 Wh_cumul=0.038909 
t=201 V=3.99906 A=0.133014 W=0.531931 mAh_cumul=9.76653 Wh_cumul=0.0390568 
t=202 V=3.99911 A=0.133203 W=0.532693 mAh_cumul=9.80353 Wh_cumul=0.0392047 
t=203 V=3.9991 A=0.133027 W=0.531988 mAh_cumul=9.84048 Wh_cumul=0.0393525 
t=204 V=3.99909 A=0.132769 W=0.530955 mAh_cumul=9.87736 Wh_cumul=0.0395 
t=205 V=3.9991 A=0.132503 W=0.529893 mAh_cumul=9.91417 Wh_cumul=0.0396472 
t=206 V=3.99909 A=0.132522 W=0.529967 mAh_cumul=9.95098 Wh_cumul=0.0397944 
t=207 V=3.9991 A=0.132182 W=0.528609 mAh_cumul=9.9877 Wh_cumul=0.0399412 
t=208 V=3.99911 A=0.131359 W=0.525319 mAh_cumul=10.0242 Wh_cumul=0.0400872 
t=209 V=3.99911 A=0.131202 W=0.524691 mAh_cumul=10.0606 Wh_cumul=0.0402329 
t=210 V=3.99908 A=0.131117 W=0.524347 mAh_cumul=10.0971 Wh_cumul=0.0403786 
t=211 V=3.9991 A=0.130953 W=0.523694 mAh_cumul=10.1334 Wh_cumul=0.040524 
t=212 V=3.99907 A=0.130372 W=0.521367 mAh_cumul=10.1696 Wh_cumul=0.0406689 
t=213 V=3.99908 A=0.129942 W=0.519648 mAh_cumul=10.2057 Wh_cumul=0.0408132 
t=214 V=3.99907 A=0.129641 W=0.518443 mAh_cumul=10.2417 Wh_cumul=0.0409572 
t=215 V=3.99906 A=0.129205 W=0.516699 mAh_cumul=10.2776 Wh_cumul=0.0411007 
t=216 V=3.99909 A=0.128803 W=0.515095 mAh_cumul=10.3134 Wh_cumul=0.0412438 
t=217 V=3.99906 A=0.128473 W=0.513771 mAh_cumul=10.3491 Wh_cumul=0.0413865 
t=218 V=3.99907 A=0.12832 W=0.513161 mAh_cumul=10.3847 Wh_cumul=0.0415291 
t=219 V=3.99903 A=0.127966 W=0.51174 mAh_cumul=10.4203 Wh_cumul=0.0416712 
t=220 V=3.99908 A=0.12782 W=0.511162 mAh_cumul=10.4558 Wh_cumul=0.0418132 
t=221 V=3.99908 A=0.12751 W=0.509923 mAh_cumul=10.4912 Wh_cumul=0.0419549 
t=222 V=3.99908 A=0.127121 W=0.508367 mAh_cumul=10.5265 Wh_cumul=0.0420961 
t=223 V=3.99906 A=0.12689 W=0.507441 mAh_cumul=10.5618 Wh_cumul=0.042237 
t=224 V=3.99907 A=0.126629 W=0.506398 mAh_cumul=10.597 Wh_cumul=0.0423777 
t=225 V=3.99905 A=0.126141 W=0.504444 mAh_cumul=10.632 Wh_cumul=0.0425178 
t=226 V=3.99907 A=0.126289 W=0.505039 mAh_cumul=10.6671 Wh_cumul=0.0426581 
t=227 V=3.99905 A=0.125615 W=0.502341 mAh_cumul=10.702 Wh_cumul=0.0427976 
t=228 V=3.99904 A=0.125298 W=0.501072 mAh_cumul=10.7368 Wh_cumul=0.0429368 
t=229 V=3.99903 A=0.124802 W=0.499087 mAh_cumul=10.7714 Wh_cumul=0.0430755 
t=230 V=3.99904 A=0.124568 W=0.498152 mAh_cumul=10.806 Wh_cumul=0.0432138 
t=231 V=3.99903 A=0.124359 W=0.497315 mAh_cumul=10.8406 Wh_cumul=0.043352 
t=232 V=3.99902 A=0.124136 W=0.496422 mAh_cumul=10.8751 Wh_cumul=0.0434899 
t=233 V=3.99905 A=0.12404 W=0.496042 mAh_cumul=10.9095 Wh_cumul=0.0436277 
t=234 V=3.99904 A=0.12374 W=0.494841 mAh_cumul=10.9439 Wh_cumul=0.0437651 
t=235 V=3.99905 A=0.123564 W=0.494139 mAh_cumul=10.9782 Wh_cumul=0.0439024 
t=236 V=3.99906 A=0.123098 W=0.492276 mAh_cumul=11.0124 Wh_cumul=0.0440391 
t=237 V=3.99906 A=0.122805 W=0.491105 mAh_cumul=11.0465 Wh_cumul=0.0441756 
t=238 V=3.99902 A=0.122711 W=0.490724 mAh_cumul=11.0806 Wh_cumul=0.0443119 
t=239 V=3.99904 A=0.122745 W=0.490862 mAh_cumul=11.1147 Wh_cumul=0.0444482 
t=240 V=3.99908 A=0.122655 W=0.490507 mAh_cumul=11.1488 Wh_cumul=0.0445845 
t=241 V=3.99905 A=0.122306 W=0.489108 mAh_cumul=11.1828 Wh_cumul=0.0447203 
t=242 V=3.99905 A=0.122121 W=0.488368 mAh_cumul=11.2167 Wh_cumul=0.044856 
t=243 V=3.99906 A=0.121543 W=0.486058 mAh_cumul=11.2504 Wh_cumul=0.044991 
t=244 V=3.99904 A=0.121149 W=0.48448 mAh_cumul=11.2841 Wh_cumul=0.0451256 
t=245 V=3.99902 A=0.120916 W=0.483546 mAh_cumul=11.3177 Wh_cumul=0.0452599 
t=246 V=3.99903 A=0.120593 W=0.482255 mAh_cumul=11.3512 Wh_cumul=0.0453939 
t=247 V=3.999 A=0.120192 W=0.480648 mAh_cumul=11.3846 Wh_cumul=0.0455274 
t=248 V=3.99901 A=0.119999 W=0.479877 mAh_cumul=11.4179 Wh_cumul=0.0456607 
t=249 V=3.99902 A=0.119927 W=0.47959 mAh_cumul=11.4512 Wh_cumul=0.0457939 
t=250 V=3.99902 A=0.119701 W=0.478687 mAh_cumul=11.4845 Wh_cumul=0.0459269 
t=251 V=3.99904 A=0.119447 W=0.477673 mAh_cumul=11.5176 Wh_cumul=0.0460595 
t=252 V=3.99905 A=0.119427 W=0.477595 mAh_cumul=11.5508 Wh_cumul=0.0461922 
t=253 V=3.99905 A=0.11923 W=0.476807 mAh_cumul=11.5839 Wh_cumul=0.0463247 
t=254 V=3.99905 A=0.118785 W=0.475027 mAh_cumul=11.6169 Wh_cumul=0.0464566 
t=255 V=3.99905 A=0.118186 W=0.472632 mAh_cumul=11.6498 Wh_cumul=0.0465879 
t=256 V=3.99898 A=0.117721 W=0.470764 mAh_cumul=11.6825 Wh_cumul=0.0467187 
t=257 V=3.99901 A=0.117658 W=0.470516 mAh_cumul=11.7151 Wh_cumul=0.0468494 
t=258 V=3.99903 A=0.117772 W=0.470974 mAh_cumul=11.7479 Wh_cumul=0.0469802 
t=259 V=3.99904 A=0.117777 W=0.470995 mAh_cumul=11.7806 Wh_cumul=0.047111 
t=260 V=3.99904 A=0.117609 W=0.470323 mAh_cumul=11.8132 Wh_cumul=0.0472417 
t=261 V=3.99905 A=0.117362 W=0.469337 mAh_cumul=11.8458 Wh_cumul=0.047372 
t=262 V=3.99903 A=0.116941 W=0.467651 mAh_cumul=11.8783 Wh_cumul=0.0475019 
t=263 V=3.99902 A=0.116895 W=0.467465 mAh_cumul=11.9108 Wh_cumul=0.0476318 
t=264 V=3.99903 A=0.116361 W=0.465331 mAh_cumul=11.9431 Wh_cumul=0.0477611 
t=265 V=3.99901 A=0.115918 W=0.463557 mAh_cumul=11.9753 Wh_cumul=0.0478898 
t=266 V=3.99901 A=0.115704 W=0.462701 mAh_cumul=12.0075 Wh_cumul=0.0480183 
t=267 V=3.99904 A=0.115717 W=0.462757 mAh_cumul=12.0396 Wh_cumul=0.0481469 
t=268 V=3.99902 A=0.115576 W=0.462191 mAh_cumul=12.0717 Wh_cumul=0.0482753 
t=269 V=3.99903 A=0.115594 W=0.462264 mAh_cumul=12.1038 Wh_cumul=0.0484037 
t=270 V=3.99908 A=0.115462 W=0.461742 mAh_cumul=12.1359 Wh_cumul=0.0485319 
t=271 V=3.99906 A=0.115399 W=0.461488 mAh_cumul=12.1679 Wh_cumul=0.0486601 
t=272 V=3.99906 A=0.115104 W=0.460308 mAh_cumul=12.1999 Wh_cumul=0.048788 
t=273 V=3.99905 A=0.114753 W=0.458903 mAh_cumul=12.2318 Wh_cumul=0.0489155 
t=274 V=3.99905 A=0.114531 W=0.458015 mAh_cumul=12.2636 Wh_cumul=0.0490427 
t=275 V=3.99904 A=0.114244 W=0.456866 mAh_cumul=12.2953 Wh_cumul=0.0491696 
t=276 V=3.99904 A=0.114028 W=0.456003 mAh_cumul=12.327 Wh_cumul=0.0492963 
t=277 V=3.99903 A=0.113837 W=0.455238 mAh_cumul=12.3586 Wh_cumul=0.0494227 
t=278 V=3.99906 A=0.113795 W=0.455073 mAh_cumul=12.3902 Wh_cumul=0.0495491 
t=279 V=3.99906 A=0.113575 W=0.454193 mAh_cumul=12.4218 Wh_cumul=0.0496753 
t=280 V=3.99903 A=0.112971 W=0.451774 mAh_cumul=12.4532 Wh_cumul=0.0498008 
t=281 V=3.99905 A=0.112857 W=0.451321 mAh_cumul=12.4845 Wh_cumul=0.0499262 
t=282 V=3.99907 A=0.112644 W=0.450471 mAh_cumul=12.5158 Wh_cumul=0.0500513 
t=283 V=3.99904 A=0.112602 W=0.4503 mAh_cumul=12.5471 Wh_cumul=0.0501764 
t=284 V=3.99905 A=0.112459 W=0.449729 mAh_cumul=12.5783 Wh_cumul=0.0503013 
t=285 V=3.99908 A=0.112153 W=0.448509 mAh_cumul=12.6095 Wh_cumul=0.0504259 
t=286 V=3.99908 A=0.111901 W=0.447501 mAh_cumul=12.6406 Wh_cumul=0.0505502 
t=287 V=3.99904 A=0.111508 W=0.445925 mAh_cumul=12.6715 Wh_cumul=0.0506741 
t=288 V=3.99907 A=0.111355 W=0.445316 mAh_cumul=12.7025 Wh_cumul=0.0507978 
t=289 V=3.99902 A=0.111017 W=0.443959 mAh_cumul=12.7333 Wh_cumul=0.0509211 
t=290 V=3.99904 A=0.110851 W=0.443298 mAh_cumul=12.7641 Wh_cumul=0.0510442 
t=291 V=3.99904 A=0.110768 W=0.442966 mAh_cumul=12.7949 Wh_cumul=0.0511673 
t=292 V=3.99906 A=0.110653 W=0.442508 mAh_cumul=12.8256 Wh_cumul=0.0512902 
t=293 V=3.99908 A=0.110771 W=0.442982 mAh_cumul=12.8564 Wh_cumul=0.0514132 
t=294 V=3.99907 A=0.110485 W=0.441837 mAh_cumul=12.8871 Wh_cumul=0.051536 
t=295 V=3.99905 A=0.110146 W=0.440479 mAh_cumul=12.9177 Wh_cumul=0.0516583 
t=296 V=3.99906 A=0.109796 W=0.439081 mAh_cumul=12.9482 Wh_cumul=0.0517803 
t=297 V=3.99905 A=0.109406 W=0.43752 mAh_cumul=12.9786 Wh_cumul=0.0519018 
t=298 V=3.99904 A=0.109532 W=0.438023 mAh_cumul=13.009 Wh_cumul=0.0520235 
t=299 V=3.99909 A=0.109401 W=0.437504 mAh_cumul=13.0394 Wh_cumul=0.052145 
t=300 V=3.99908 A=0.109332 W=0.437227 mAh_cumul=13.0697 Wh_cumul=0.0522665 
t=301 V=3.99907 A=0.108819 W=0.435175 mAh_cumul=13.1 Wh_cumul=0.0523874 
t=302 V=3.99906 A=0.108534 W=0.434034 mAh_cumul=13.1301 Wh_cumul=0.0525079 
t=303 V=3.99907 A=0.108248 W=0.432891 mAh_cumul=13.1602 Wh_cumul=0.0526282 
t=304 V=3.99903 A=0.107732 W=0.430823 mAh_cumul=13.1901 Wh_cumul=0.0527478 
t=305 V=3.99904 A=0.107411 W=0.429541 mAh_cumul=13.2199 Wh_cumul=0.0528672 
t=306 V=3.99901 A=0.107035 W=0.428034 mAh_cumul=13.2497 Wh_cumul=0.0529861 
t=307 V=3.99903 A=0.106714 W=0.426752 mAh_cumul=13.2793 Wh_cumul=0.0531046 
t=308 V=3.99901 A=0.106506 W=0.425919 mAh_cumul=13.3089 Wh_cumul=0.0532229 
t=309 V=3.99902 A=0.106739 W=0.426851 mAh_cumul=13.3386 Wh_cumul=0.0533415 
t=310 V=3.99904 A=0.106759 W=0.426934 mAh_cumul=13.3682 Wh_cumul=0.0534601 
t=311 V=3.99902 A=0.106115 W=0.424356 mAh_cumul=13.3977 Wh_cumul=0.053578 
t=312 V=3.99902 A=0.106209 W=0.424732 mAh_cumul=13.4272 Wh_cumul=0.0536959 
t=313 V=3.99903 A=0.106112 W=0.424345 mAh_cumul=13.4567 Wh_cumul=0.0538138 
t=314 V=3.99908 A=0.105993 W=0.423874 mAh_cumul=13.4861 Wh_cumul=0.0539315 
t=315 V=3.99907 A=0.106011 W=0.423945 mAh_cumul=13.5156 Wh_cumul=0.0540493 
t=316 V=3.99905 A=0.105759 W=0.422936 mAh_cumul=13.5449 Wh_cumul=0.0541668 
t=317 V=3.99906 A=0.105509 W=0.421937 mAh_cumul=13.5742 Wh_cumul=0.054284 
t=318 V=3.99907 A=0.10511 W=0.420342 mAh_cumul=13.6034 Wh_cumul=0.0544008 
t=319 V=3.99906 A=0.104849 W=0.419297 mAh_cumul=13.6326 Wh_cumul=0.0545172 
t=320 V=3.99903 A=0.104555 W=0.418119 mAh_cumul=13.6616 Wh_cumul=0.0546334 
t=321 V=3.99902 A=0.104684 W=0.418633 mAh_cumul=13.6907 Wh_cumul=0.0547497 
t=322 V=3.99903 A=0.104475 W=0.417799 mAh_cumul=13.7197 Wh_cumul=0.0548657 
t=323 V=3.99905 A=0.104155 W=0.416521 mAh_cumul=13.7486 Wh_cumul=0.0549814 
t=324 V=3.99907 A=0.104282 W=0.417031 mAh_cumul=13.7776 Wh_cumul=0.0550973 
t=325 V=3.99907 A=0.104078 W=0.416215 mAh_cumul=13.8065 Wh_cumul=0.0552129 
t=326 V=3.99903 A=0.103884 W=0.415435 mAh_cumul=13.8354 Wh_cumul=0.0553283 
t=327 V=3.99909 A=0.103429 W=0.413622 mAh_cumul=13.8641 Wh_cumul=0.0554432 
t=328 V=3.99905 A=0.10309 W=0.412262 mAh_cumul=13.8927 Wh_cumul=0.0555577 
t=329 V=3.99904 A=0.103092 W=0.412269 mAh_cumul=13.9214 Wh_cumul=0.0556722 
t=330 V=3.99903 A=0.102779 W=0.411016 mAh_cumul=13.9499 Wh_cumul=0.0557864 
t=331 V=3.99905 A=0.102895 W=0.411482 mAh_cumul=13.9785 Wh_cumul=0.0559007 
t=332 V=3.99908 A=0.102583 W=0.410238 mAh_cumul=14.007 Wh_cumul=0.0560146 
t=333 V=3.99906 A=0.10249 W=0.409864 mAh_cumul=14.0355 Wh_cumul=0.0561285 
t=334 V=3.99904 A=0.101961 W=0.407746 mAh_cumul=14.0638 Wh_cumul=0.0562417 
t=335 V=3.99906 A=0.10191 W=0.407544 mAh_cumul=14.0921 Wh_cumul=0.056355 
t=336 V=3.99908 A=0.101881 W=0.40743 mAh_cumul=14.1204 Wh_cumul=0.0564681 
t=337 V=3.99905 A=0.101625 W=0.406403 mAh_cumul=14.1486 Wh_cumul=0.056581 
t=338 V=3.99904 A=0.10146 W=0.405743 mAh_cumul=14.1768 Wh_cumul=0.0566937 
t=339 V=3.99908 A=0.101312 W=0.405155 mAh_cumul=14.205 Wh_cumul=0.0568063 
t=340 V=3.99906 A=0.100971 W=0.403789 mAh_cumul=14.233 Wh_cumul=0.0569184 
t=341 V=3.99904 A=0.100695 W=0.402683 mAh_cumul=14.261 Wh_cumul=0.0570303 
t=342 V=3.99903 A=0.100398 W=0.401495 mAh_cumul=14.2889 Wh_cumul=0.0571418 
t=343 V=3.99905 A=0.100528 W=0.402016 mAh_cumul=14.3168 Wh_cumul=0.0572535 
t=344 V=3.99908 A=0.100329 W=0.401224 mAh_cumul=14.3447 Wh_cumul=0.0573649 
t=345 V=3.99908 A=0.100271 W=0.400992 mAh_cumul=14.3725 Wh_cumul=0.0574763 
t=346 V=3.99905 A=0.100109 W=0.400341 mAh_cumul=14.4003 Wh_cumul=0.0575875 
t=347 V=3.99905 A=0.0997161 W=0.39877 mAh_cumul=14.428 Wh_cumul=0.0576983 
t=348 V=3.99905 A=0.0994366 W=0.397652 mAh_cumul=14.4556 Wh_cumul=0.0578088 
t=349 V=3.99903 A=0.0993958 W=0.397487 mAh_cumul=14.4832 Wh_cumul=0.0579192 
t=350 V=3.99906 A=0.0990389 W=0.396063 mAh_cumul=14.5108 Wh_cumul=0.0580292 
t=351 V=3.99901 A=0.0989046 W=0.39552 mAh_cumul=14.5382 Wh_cumul=0.0581391 
t=352 V=3.99905 A=0.0987838 W=0.395041 mAh_cumul=14.5657 Wh_cumul=0.0582488 
t=353 V=3.99907 A=0.0990243 W=0.396005 mAh_cumul=14.5932 Wh_cumul=0.0583588 
t=354 V=3.99907 A=0.0987515 W=0.394914 mAh_cumul=14.6206 Wh_cumul=0.0584685 
t=355 V=3.99907 A=0.0986769 W=0.394616 mAh_cumul=14.648 Wh_cumul=0.0585781 
t=356 V=3.99909 A=0.0987705 W=0.394992 mAh_cumul=14.6755 Wh_cumul=0.0586878 
t=357 V=3.99908 A=0.0985567 W=0.394136 mAh_cumul=14.7028 Wh_cumul=0.0587973 
t=358 V=3.99911 A=0.0983295 W=0.39323 mAh_cumul=14.7301 Wh_cumul=0.0589065 
t=359 V=3.99909 A=0.0978542 W=0.391328 mAh_cumul=14.7573 Wh_cumul=0.0590152 
t=360 V=3.99905 A=0.0975095 W=0.389945 mAh_cumul=14.7844 Wh_cumul=0.0591236 
t=361 V=3.99908 A=0.0971591 W=0.388547 mAh_cumul=14.8114 Wh_cumul=0.0592315 
t=362 V=3.99909 A=0.0968259 W=0.387215 mAh_cumul=14.8383 Wh_cumul=0.059339 
t=363 V=3.99906 A=0.0968998 W=0.387508 mAh_cumul=14.8652 Wh_cumul=0.0594467 
t=364 V=3.99907 A=0.0970213 W=0.387995 mAh_cumul=14.8922 Wh_cumul=0.0595545 
t=365 V=3.9991 A=0.0969907 W=0.387876 mAh_cumul=14.9191 Wh_cumul=0.0596622 
t=366 V=3.99912 A=0.0970482 W=0.388107 mAh_cumul=14.9461 Wh_cumul=0.05977 
t=367 V=3.99909 A=0.0962756 W=0.385015 mAh_cumul=14.9728 Wh_cumul=0.059877 
t=368 V=3.99907 A=0.0959236 W=0.383605 mAh_cumul=14.9995 Wh_cumul=0.0599835 
t=369 V=3.99903 A=0.0954498 W=0.381707 mAh_cumul=15.026 Wh_cumul=0.0600895 
t=370 V=3.99904 A=0.0952541 W=0.380925 mAh_cumul=15.0524 Wh_cumul=0.0601954 
t=371 V=3.99906 A=0.0952235 W=0.380804 mAh_cumul=15.0789 Wh_cumul=0.0603011 
t=372 V=3.99906 A=0.0953836 W=0.381445 mAh_cumul=15.1054 Wh_cumul=0.0604071 
t=373 V=3.9991 A=0.095146 W=0.380498 mAh_cumul=15.1318 Wh_cumul=0.0605128 
t=374 V=3.99905 A=0.0947687 W=0.378985 mAh_cumul=15.1581 Wh_cumul=0.0606181 
t=375 V=3.99908 A=0.0949704 W=0.379794 mAh_cumul=15.1845 Wh_cumul=0.0607236 
t=376 V=3.99911 A=0.0946686 W=0.37859 mAh_cumul=15.2108 Wh_cumul=0.0608287 
t=377 V=3.99907 A=0.0946328 W=0.378443 mAh_cumul=15.2371 Wh_cumul=0.0609339 
t=378 V=3.99909 A=0.0942158 W=0.376777 mAh_cumul=15.2633 Wh_cumul=0.0610385 
t=379 V=3.99904 A=0.0940179 W=0.375981 mAh_cumul=15.2894 Wh_cumul=0.061143 
t=380 V=3.99906 A=0.0937931 W=0.375084 mAh_cumul=15.3154 Wh_cumul=0.0612471 
t=381 V=3.99905 A=0.0937456 W=0.374893 mAh_cumul=15.3415 Wh_cumul=0.0613513 
t=382 V=3.99907 A=0.0936979 W=0.374704 mAh_cumul=15.3675 Wh_cumul=0.0614554 
t=383 V=3.99909 A=0.0934738 W=0.37381 mAh_cumul=15.3935 Wh_cumul=0.0615592 
t=384 V=3.99904 A=0.0929125 W=0.371561 mAh_cumul=15.4193 Wh_cumul=0.0616624 
t=385 V=3.99904 A=0.0924765 W=0.369817 mAh_cumul=15.445 Wh_cumul=0.0617651 
t=386 V=3.99901 A=0.0921956 W=0.368691 mAh_cumul=15.4706 Wh_cumul=0.0618676 
t=387 V=3.99901 A=0.0924353 W=0.36965 mAh_cumul=15.4963 Wh_cumul=0.0619702 
t=388 V=3.99903 A=0.0923524 W=0.36932 mAh_cumul=15.5219 Wh_cumul=0.0620728 
t=389 V=3.99905 A=0.0924735 W=0.369806 mAh_cumul=15.5476 Wh_cumul=0.0621755 
t=390 V=3.99905 A=0.0923772 W=0.369421 mAh_cumul=15.5733 Wh_cumul=0.0622782 
t=391 V=3.99905 A=0.0920554 W=0.368134 mAh_cumul=15.5988 Wh_cumul=0.0623804 
t=392 V=3.99906 A=0.0920454 W=0.368095 mAh_cumul=15.6244 Wh_cumul=0.0624827 
t=393 V=3.99907 A=0.0919728 W=0.367806 mAh_cumul=15.6499 Wh_cumul=0.0625848 
t=394 V=3.99908 A=0.0919382 W=0.367668 mAh_cumul=15.6755 Wh_cumul=0.062687 
t=395 V=3.99908 A=0.0917608 W=0.366959 mAh_cumul=15.701 Wh_cumul=0.0627889 
t=396 V=3.99907 A=0.0915753 W=0.366216 mAh_cumul=15.7264 Wh_cumul=0.0628906 
t=397 V=3.99907 A=0.0913864 W=0.365461 mAh_cumul=15.7518 Wh_cumul=0.0629921 
t=398 V=3.99908 A=0.0913411 W=0.36528 mAh_cumul=15.7772 Wh_cumul=0.0630936 
t=399 V=3.99908 A=0.0909892 W=0.363873 mAh_cumul=15.8024 Wh_cumul=0.0631947 
t=400 V=3.99908 A=0.0906974 W=0.362706 mAh_cumul=15.8276 Wh_cumul=0.0632954 
t=401 V=3.99904 A=0.0902669 W=0.360981 mAh_cumul=15.8527 Wh_cumul=0.0633957 
t=402 V=3.99903 A=0.0900197 W=0.359991 mAh_cumul=15.8777 Wh_cumul=0.0634957 
t=403 V=3.99905 A=0.0901759 W=0.360618 mAh_cumul=15.9028 Wh_cumul=0.0635959 
t=404 V=3.99906 A=0.0902472 W=0.360904 mAh_cumul=15.9278 Wh_cumul=0.0636961 
t=405 V=3.99907 A=0.0902768 W=0.361023 mAh_cumul=15.9529 Wh_cumul=0.0637964 
t=406 V=3.99911 A=0.0901929 W=0.360691 mAh_cumul=15.978 Wh_cumul=0.0638966 
t=407 V=3.99911 A=0.089955 W=0.35974 mAh_cumul=16.0029 Wh_cumul=0.0639965 
t=408 V=3.99911 A=0.0895555 W=0.358142 mAh_cumul=16.0278 Wh_cumul=0.064096 
t=409 V=3.99905 A=0.0892856 W=0.357058 mAh_cumul=16.0526 Wh_cumul=0.0641952 
t=410 V=3.99907 A=0.089147 W=0.356505 mAh_cumul=16.0774 Wh_cumul=0.0642942 
t=411 V=3.99907 A=0.0887277 W=0.354828 mAh_cumul=16.102 Wh_cumul=0.0643928 
t=412 V=3.99906 A=0.0885225 W=0.354007 mAh_cumul=16.1266 Wh_cumul=0.0644911 
t=413 V=3.99904 A=0.0884629 W=0.353767 mAh_cumul=16.1512 Wh_cumul=0.0645894 
t=414 V=3.99907 A=0.0882462 W=0.352903 mAh_cumul=16.1757 Wh_cumul=0.0646874 
t=415 V=3.99905 A=0.0879083 W=0.35155 mAh_cumul=16.2001 Wh_cumul=0.0647851 
t=416 V=3.99905 A=0.0875428 W=0.350088 mAh_cumul=16.2244 Wh_cumul=0.0648823 
t=417 V=3.99902 A=0.0872872 W=0.349063 mAh_cumul=16.2487 Wh_cumul=0.0649793 
t=418 V=3.99899 A=0.0871655 W=0.348574 mAh_cumul=16.2729 Wh_cumul=0.0650761 
t=419 V=3.99902 A=0.0870951 W=0.348295 mAh_cumul=16.2971 Wh_cumul=0.0651729 
t=420 V=3.99903 A=0.0871127 W=0.348366 mAh_cumul=16.3213 Wh_cumul=0.0652696 
t=421 V=3.99904 A=0.0872892 W=0.349073 mAh_cumul=16.3455 Wh_cumul=0.0653666 
t=422 V=3.99907 A=0.087276 W=0.349023 mAh_cumul=16.3698 Wh_cumul=0.0654635 
t=423 V=3.99906 A=0.086893 W=0.34749 mAh_cumul=16.3939 Wh_cumul=0.0655601 
t=424 V=3.99903 A=0.0865118 W=0.345963 mAh_cumul=16.418 Wh_cumul=0.0656562 
t=425 V=3.99902 A=0.0863179 W=0.345187 mAh_cumul=16.4419 Wh_cumul=0.0657521 
t=426 V=3.99902 A=0.0859727 W=0.343807 mAh_cumul=16.4658 Wh_cumul=0.0658476 
t=427 V=3.99901 A=0.0856762 W=0.34262 mAh_cumul=16.4896 Wh_cumul=0.0659427 
t=428 V=3.99902 A=0.0858972 W=0.343505 mAh_cumul=16.5135 Wh_cumul=0.0660382 
t=429 V=3.99905 A=0.0859322 W=0.343647 mAh_cumul=16.5373 Wh_cumul=0.0661336 
t=430 V=3.99906 A=0.0860521 W=0.344128 mAh_cumul=16.5612 Wh_cumul=0.0662292 
t=431 V=3.99906 A=0.0860793 W=0.344236 mAh_cumul=16.5852 Wh_cumul=0.0663248 
t=432 V=3.99906 A=0.085691 W=0.342683 mAh_cumul=16.609 Wh_cumul=0.06642 
t=433 V=3.99903 A=0.0854693 W=0.341794 mAh_cumul=16.6327 Wh_cumul=0.066515 
t=434 V=3.99905 A=0.0848961 W=0.339504 mAh_cumul=16.6563 Wh_cumul=0.0666093 
t=435 V=3.99904 A=0.0845918 W=0.338286 mAh_cumul=16.6798 Wh_cumul=0.0667032 
t=436 V=3.99904 A=0.0844376 W=0.337669 mAh_cumul=16.7032 Wh_cumul=0.066797 
t=437 V=3.99901 A=0.0845807 W=0.338239 mAh_cumul=16.7267 Wh_cumul=0.066891 
t=438 V=3.99904 A=0.0846395 W=0.338477 mAh_cumul=16.7502 Wh_cumul=0.066985 
t=439 V=3.99904 A=0.0847982 W=0.339111 mAh_cumul=16.7738 Wh_cumul=0.0670792 
t=440 V=3.99906 A=0.0847242 W=0.338817 mAh_cumul=16.7973 Wh_cumul=0.0671733 
t=441 V=3.99903 A=0.0845581 W=0.33815 mAh_cumul=16.8208 Wh_cumul=0.0672672 
t=442 V=3.99904 A=0.0845246 W=0.338017 mAh_cumul=16.8443 Wh_cumul=0.0673611 
t=443 V=3.99903 A=0.083995 W=0.335899 mAh_cumul=16.8676 Wh_cumul=0.0674544 
t=444 V=3.99903 A=0.0838203 W=0.3352 mAh_cumul=16.8909 Wh_cumul=0.0675476 
t=445 V=3.99904 A=0.0837709 W=0.335003 mAh_cumul=16.9142 Wh_cumul=0.0676406 
t=446 V=3.99903 A=0.0836823 W=0.334648 mAh_cumul=16.9374 Wh_cumul=0.0677336 
t=447 V=3.99905 A=0.0833599 W=0.33336 mAh_cumul=16.9606 Wh_cumul=0.0678262 
t=448 V=3.99907 A=0.0831146 W=0.332381 mAh_cumul=16.9837 Wh_cumul=0.0679185 
t=449 V=3.99904 A=0.0826957 W=0.330703 mAh_cumul=17.0066 Wh_cumul=0.0680104 
t=450 V=3.99904 A=0.0825012 W=0.329926 mAh_cumul=17.0296 Wh_cumul=0.068102 
t=451 V=3.999 A=0.0821892 W=0.328675 mAh_cumul=17.0524 Wh_cumul=0.0681933 
t=452 V=3.99899 A=0.082089 W=0.328273 mAh_cumul=17.0752 Wh_cumul=0.0682845 
t=453 V=3.99902 A=0.0822623 W=0.328969 mAh_cumul=17.098 Wh_cumul=0.0683759 
t=454 V=3.99906 A=0.0822811 W=0.329047 mAh_cumul=17.1209 Wh_cumul=0.0684673 
t=455 V=3.99905 A=0.0823504 W=0.329323 mAh_cumul=17.1438 Wh_cumul=0.0685588 
t=456 V=3.99903 A=0.0821036 W=0.328335 mAh_cumul=17.1666 Wh_cumul=0.06865 
t=457 V=3.99903 A=0.0818942 W=0.327497 mAh_cumul=17.1893 Wh_cumul=0.0687409 
t=458 V=3.99905 A=0.0819821 W=0.327851 mAh_cumul=17.2121 Wh_cumul=0.068832 
t=459 V=3.99904 A=0.0819768 W=0.327829 mAh_cumul=17.2349 Wh_cumul=0.0689231 
t=460 V=3.99906 A=0.0818147 W=0.327182 mAh_cumul=17.2576 Wh_cumul=0.0690139 
t=461 V=3.99907 A=0.0819822 W=0.327853 mAh_cumul=17.2804 Wh_cumul=0.069105 
t=462 V=3.99906 A=0.0818272 W=0.327232 mAh_cumul=17.3031 Wh_cumul=0.0691959 
t=463 V=3.99909 A=0.0816565 W=0.326552 mAh_cumul=17.3258 Wh_cumul=0.0692866 
t=464 V=3.9991 A=0.0812217 W=0.324814 mAh_cumul=17.3483 Wh_cumul=0.0693768 
t=465 V=3.99906 A=0.0811599 W=0.324563 mAh_cumul=17.3709 Wh_cumul=0.069467 
t=466 V=3.99905 A=0.0809399 W=0.323683 mAh_cumul=17.3934 Wh_cumul=0.0695569 
t=467 V=3.99907 A=0.0808628 W=0.323376 mAh_cumul=17.4158 Wh_cumul=0.0696467 
t=468 V=3.99903 A=0.0802251 W=0.320823 mAh_cumul=17.4381 Wh_cumul=0.0697359 
t=469 V=3.99904 A=0.0800091 W=0.31996 mAh_cumul=17.4603 Wh_cumul=0.0698247 
t=470 V=3.99905 A=0.0799955 W=0.319906 mAh_cumul=17.4826 Wh_cumul=0.0699136 
t=471 V=3.99902 A=0.0800944 W=0.320299 mAh_cumul=17.5048 Wh_cumul=0.0700026 
t=472 V=3.99902 A=0.0799827 W=0.319852 mAh_cumul=17.527 Wh_cumul=0.0700914 
t=473 V=3.99906 A=0.0798385 W=0.319279 mAh_cumul=17.5492 Wh_cumul=0.0701801 
t=474 V=3.99902 A=0.0796792 W=0.318639 mAh_cumul=17.5713 Wh_cumul=0.0702686 
t=475 V=3.99907 A=0.0795458 W=0.318109 mAh_cumul=17.5934 Wh_cumul=0.070357 
t=476 V=3.99909 A=0.0794567 W=0.317754 mAh_cumul=17.6155 Wh_cumul=0.0704452 
t=477 V=3.99905 A=0.0792355 W=0.316867 mAh_cumul=17.6375 Wh_cumul=0.0705333 
t=478 V=3.99906 A=0.0793371 W=0.317274 mAh_cumul=17.6596 Wh_cumul=0.0706214 
t=479 V=3.99909 A=0.079549 W=0.318124 mAh_cumul=17.6817 Wh_cumul=0.0707098 
t=480 V=3.99908 A=0.0793721 W=0.317415 mAh_cumul=17.7037 Wh_cumul=0.0707979 
t=481 V=3.99906 A=0.079055 W=0.316146 mAh_cumul=17.7257 Wh_cumul=0.0708858 
t=482 V=3.99908 A=0.0788466 W=0.315314 mAh_cumul=17.7476 Wh_cumul=0.0709733 
t=483 V=3.99904 A=0.0787047 W=0.314743 mAh_cumul=17.7694 Wh_cumul=0.0710608 
t=484 V=3.99906 A=0.0786381 W=0.314478 mAh_cumul=17.7913 Wh_cumul=0.0711481 
t=485 V=3.99906 A=0.078694 W=0.314702 mAh_cumul=17.8131 Wh_cumul=0.0712355 
t=486 V=3.99906 A=0.0783686 W=0.313401 mAh_cumul=17.8349 Wh_cumul=0.0713226 
t=487 V=3.99907 A=0.077848 W=0.31132 mAh_cumul=17.8565 Wh_cumul=0.0714091 
t=488 V=3.99904 A=0.0777047 W=0.310744 mAh_cumul=17.8781 Wh_cumul=0.0714954 
t=489 V=3.99906 A=0.0779834 W=0.31186 mAh_cumul=17.8998 Wh_cumul=0.071582 
t=490 V=3.99906 A=0.0779512 W=0.311732 mAh_cumul=17.9214 Wh_cumul=0.0716686 
t=491 V=3.99907 A=0.0776596 W=0.310566 mAh_cumul=17.943 Wh_cumul=0.0717549 
t=492 V=3.99907 A=0.0775625 W=0.310178 mAh_cumul=17.9645 Wh_cumul=0.071841 
t=493 V=3.99907 A=0.0775215 W=0.310014 mAh_cumul=17.9861 Wh_cumul=0.0719272 
t=494 V=3.99908 A=0.0774477 W=0.30972 mAh_cumul=18.0076 Wh_cumul=0.0720132 
t=495 V=3.99903 A=0.0768445 W=0.307303 mAh_cumul=18.0289 Wh_cumul=0.0720986 
t=496 V=3.99906 A=0.0770568 W=0.308155 mAh_cumul=18.0503 Wh_cumul=0.0721842 
t=497 V=3.99905 A=0.0763681 W=0.3054 mAh_cumul=18.0716 Wh_cumul=0.072269 
t=498 V=3.99902 A=0.0760688 W=0.304201 mAh_cumul=18.0927 Wh_cumul=0.0723535 
t=499 V=3.99902 A=0.0761396 W=0.304484 mAh_cumul=18.1138 Wh_cumul=0.0724381 
t=500 V=3.99902 A=0.0761112 W=0.30437 mAh_cumul=18.135 Wh_cumul=0.0725226 
t=501 V=3.99903 A=0.0761866 W=0.304672 mAh_cumul=18.1561 Wh_cumul=0.0726072 
t=502 V=3.99906 A=0.075889 W=0.303485 mAh_cumul=18.1772 Wh_cumul=0.0726915 
t=503 V=3.99906 A=0.0760974 W=0.304318 mAh_cumul=18.1984 Wh_cumul=0.0727761 
t=504 V=3.99908 A=0.0760703 W=0.304211 mAh_cumul=18.2195 Wh_cumul=0.0728606 
t=505 V=3.99907 A=0.0760415 W=0.304095 mAh_cumul=18.2406 Wh_cumul=0.0729451 
t=506 V=3.99908 A=0.0756637 W=0.302585 mAh_cumul=18.2616 Wh_cumul=0.0730291 
t=507 V=3.99909 A=0.0757149 W=0.302791 mAh_cumul=18.2827 Wh_cumul=0.0731132 
t=508 V=3.99907 A=0.0756215 W=0.302416 mAh_cumul=18.3037 Wh_cumul=0.0731972 
t=509 V=3.99909 A=0.0756937 W=0.302706 mAh_cumul=18.3247 Wh_cumul=0.0732813 
t=510 V=3.9991 A=0.0754002 W=0.301533 mAh_cumul=18.3456 Wh_cumul=0.0733651 
t=511 V=3.99909 A=0.0753933 W=0.301505 mAh_cumul=18.3666 Wh_cumul=0.0734488 
t=512 V=3.99906 A=0.0749682 W=0.299802 mAh_cumul=18.3874 Wh_cumul=0.0735321 
t=513 V=3.99909 A=0.0743613 W=0.297378 mAh_cumul=18.4081 Wh_cumul=0.0736147 
t=514 V=3.99901 A=0.0739706 W=0.295809 mAh_cumul=18.4286 Wh_cumul=0.0736969 
t=515 V=3.99902 A=0.073808 W=0.29516 mAh_cumul=18.4491 Wh_cumul=0.0737789 
t=516 V=3.99902 A=0.0735529 W=0.29414 mAh_cumul=18.4695 Wh_cumul=0.0738606 
t=517 V=3.99905 A=0.0734062 W=0.293555 mAh_cumul=18.4899 Wh_cumul=0.0739421 
t=518 V=3.99903 A=0.073332 W=0.293257 mAh_cumul=18.5103 Wh_cumul=0.0740236 
t=519 V=3.99904 A=0.0735176 W=0.294 mAh_cumul=18.5307 Wh_cumul=0.0741052 
t=520 V=3.99903 A=0.0737539 W=0.294944 mAh_cumul=18.5512 Wh_cumul=0.0741872 
t=521 V=3.99908 A=0.0740269 W=0.296039 mAh_cumul=18.5718 Wh_cumul=0.0742694 
t=522 V=3.99906 A=0.0741004 W=0.296332 mAh_cumul=18.5924 Wh_cumul=0.0743517 
t=523 V=3.9991 A=0.0738631 W=0.295386 mAh_cumul=18.6129 Wh_cumul=0.0744338 
t=524 V=3.9991 A=0.0737648 W=0.294993 mAh_cumul=18.6334 Wh_cumul=0.0745157 
t=525 V=3.99911 A=0.0735731 W=0.294227 mAh_cumul=18.6538 Wh_cumul=0.0745974 
t=526 V=3.99911 A=0.0736779 W=0.294646 mAh_cumul=18.6743 Wh_cumul=0.0746793 
t=527 V=3.99911 A=0.0734116 W=0.293581 mAh_cumul=18.6947 Wh_cumul=0.0747608 
t=528 V=3.99911 A=0.0732146 W=0.292793 mAh_cumul=18.715 Wh_cumul=0.0748422 
t=529 V=3.99907 A=0.0728013 W=0.291137 mAh_cumul=18.7352 Wh_cumul=0.074923 
t=530 V=3.99911 A=0.0727778 W=0.291046 mAh_cumul=18.7554 Wh_cumul=0.0750039 
t=531 V=3.99909 A=0.0728858 W=0.291477 mAh_cumul=18.7757 Wh_cumul=0.0750848 
t=532 V=3.9991 A=0.0726133 W=0.290388 mAh_cumul=18.7958 Wh_cumul=0.0751655 
t=533 V=3.99908 A=0.0723701 W=0.289414 mAh_cumul=18.816 Wh_cumul=0.0752459 
t=534 V=3.99905 A=0.0720047 W=0.28795 mAh_cumul=18.836 Wh_cumul=0.0753259 
t=535 V=3.99908 A=0.0722028 W=0.288745 mAh_cumul=18.856 Wh_cumul=0.0754061 
t=536 V=3.9991 A=0.0723051 W=0.289155 mAh_cumul=18.8761 Wh_cumul=0.0754864 
t=537 V=3.99909 A=0.0720454 W=0.288116 mAh_cumul=18.8961 Wh_cumul=0.0755664 
t=538 V=3.99908 A=0.0719533 W=0.287747 mAh_cumul=18.9161 Wh_cumul=0.0756464 
t=539 V=3.99907 A=0.0717531 W=0.286946 mAh_cumul=18.936 Wh_cumul=0.0757261 
t=540 V=3.99902 A=0.0711635 W=0.284584 mAh_cumul=18.9558 Wh_cumul=0.0758051 
t=541 V=3.99908 A=0.0712612 W=0.284979 mAh_cumul=18.9756 Wh_cumul=0.0758843 
t=542 V=3.99907 A=0.0712186 W=0.284808 mAh_cumul=18.9954 Wh_cumul=0.0759634 
t=543 V=3.99908 A=0.0712254 W=0.284836 mAh_cumul=19.0152 Wh_cumul=0.0760425 
t=544 V=3.99906 A=0.0708328 W=0.283265 mAh_cumul=19.0348 Wh_cumul=0.0761212 
t=545 V=3.99906 A=0.0707995 W=0.283131 mAh_cumul=19.0545 Wh_cumul=0.0761999 
t=546 V=3.99908 A=0.0707944 W=0.283112 mAh_cumul=19.0742 Wh_cumul=0.0762785 
t=547 V=3.99903 A=0.0703881 W=0.281484 mAh_cumul=19.0937 Wh_cumul=0.0763567 
t=548 V=3.99907 A=0.0701008 W=0.280338 mAh_cumul=19.1132 Wh_cumul=0.0764346 
t=549 V=3.99904 A=0.0699143 W=0.27959 mAh_cumul=19.1326 Wh_cumul=0.0765122 
t=550 V=3.99909 A=0.069901 W=0.27954 mAh_cumul=19.152 Wh_cumul=0.0765899 
t=551 V=3.99905 A=0.0698343 W=0.279271 mAh_cumul=19.1714 Wh_cumul=0.0766675 
t=552 V=3.99906 A=0.0696747 W=0.278633 mAh_cumul=19.1908 Wh_cumul=0.0767448 
t=553 V=3.99906 A=0.0695999 W=0.278334 mAh_cumul=19.2101 Wh_cumul=0.0768222 
t=554 V=3.99905 A=0.0695625 W=0.278184 mAh_cumul=19.2294 Wh_cumul=0.0768994 
t=555 V=3.99904 A=0.0691575 W=0.276564 mAh_cumul=19.2486 Wh_cumul=0.0769763 
t=556 V=3.99907 A=0.069099 W=0.276332 mAh_cumul=19.2678 Wh_cumul=0.077053 
t=557 V=3.99908 A=0.0691115 W=0.276382 mAh_cumul=19.287 Wh_cumul=0.0771298 
t=558 V=3.99907 A=0.0690372 W=0.276085 mAh_cumul=19.3062 Wh_cumul=0.0772065 
t=559 V=3.99906 A=0.0688317 W=0.275262 mAh_cumul=19.3253 Wh_cumul=0.0772829 
t=560 V=3.999 A=0.0684812 W=0.273856 mAh_cumul=19.3444 Wh_cumul=0.077359 
t=561 V=3.99903 A=0.0682747 W=0.273033 mAh_cumul=19.3633 Wh_cumul=0.0774349 
t=562 V=3.99903 A=0.0681274 W=0.272444 mAh_cumul=19.3822 Wh_cumul=0.0775105 
t=563 V=3.99906 A=0.0681047 W=0.272355 mAh_cumul=19.4012 Wh_cumul=0.0775862 
t=564 V=3.99902 A=0.0677565 W=0.27096 mAh_cumul=19.42 Wh_cumul=0.0776615 
t=565 V=3.99901 A=0.0679656 W=0.271795 mAh_cumul=19.4389 Wh_cumul=0.077737 
t=566 V=3.99905 A=0.0678531 W=0.271348 mAh_cumul=19.4577 Wh_cumul=0.0778123 
t=567 V=3.99904 A=0.0677744 W=0.271033 mAh_cumul=19.4765 Wh_cumul=0.0778876 
t=568 V=3.99902 A=0.0673872 W=0.269483 mAh_cumul=19.4953 Wh_cumul=0.0779625 
t=569 V=3.99902 A=0.0675142 W=0.269991 mAh_cumul=19.514 Wh_cumul=0.0780375 
t=570 V=3.99901 A=0.0674234 W=0.269627 mAh_cumul=19.5327 Wh_cumul=0.0781124 
t=571 V=3.99901 A=0.0670059 W=0.267957 mAh_cumul=19.5514 Wh_cumul=0.0781868 
t=572 V=3.99901 A=0.0668419 W=0.267301 mAh_cumul=19.5699 Wh_cumul=0.078261 
t=573 V=3.99903 A=0.0669917 W=0.267902 mAh_cumul=19.5885 Wh_cumul=0.0783355 
t=574 V=3.99904 A=0.0668441 W=0.267312 mAh_cumul=19.6071 Wh_cumul=0.0784097 
t=575 V=3.99902 A=0.066628 W=0.266447 mAh_cumul=19.6256 Wh_cumul=0.0784837 
t=576 V=3.99903 A=0.0664011 W=0.26554 mAh_cumul=19.644 Wh_cumul=0.0785575 
t=577 V=3.99901 A=0.0664336 W=0.265669 mAh_cumul=19.6625 Wh_cumul=0.0786313 
t=578 V=3.99901 A=0.0664406 W=0.265697 mAh_cumul=19.681 Wh_cumul=0.0787051 
t=579 V=3.99903 A=0.0662174 W=0.264805 mAh_cumul=19.6994 Wh_cumul=0.0787787 
t=580 V=3.99903 A=0.0658677 W=0.263407 mAh_cumul=19.7176 Wh_cumul=0.0788518 
t=581 V=3.999 A=0.0657033 W=0.262747 mAh_cumul=19.7359 Wh_cumul=0.0789248 
t=582 V=3.99899 A=0.065707 W=0.262762 mAh_cumul=19.7542 Wh_cumul=0.0789978 
t=583 V=3.999 A=0.0656916 W=0.262701 mAh_cumul=19.7724 Wh_cumul=0.0790708 
t=584 V=3.99904 A=0.0657379 W=0.262888 mAh_cumul=19.7907 Wh_cumul=0.0791438 
t=585 V=3.99905 A=0.0659866 W=0.263884 mAh_cumul=19.809 Wh_cumul=0.0792171 
t=586 V=3.99903 A=0.0658987 W=0.263531 mAh_cumul=19.8273 Wh_cumul=0.0792903 
t=587 V=3.99903 A=0.0657162 W=0.262801 mAh_cumul=19.8455 Wh_cumul=0.0793633 
t=588 V=3.99904 A=0.0656618 W=0.262584 mAh_cumul=19.8638 Wh_cumul=0.0794362 
t=589 V=3.99904 A=0.0656292 W=0.262454 mAh_cumul=19.882 Wh_cumul=0.0795091 
t=590 V=3.99906 A=0.0654547 W=0.261757 mAh_cumul=19.9002 Wh_cumul=0.0795819 
t=591 V=3.99905 A=0.0652525 W=0.260948 mAh_cumul=19.9183 Wh_cumul=0.0796543 
t=592 V=3.99906 A=0.0655007 W=0.261941 mAh_cumul=19.9365 Wh_cumul=0.0797271 
t=593 V=3.99907 A=0.0655966 W=0.262325 mAh_cumul=19.9547 Wh_cumul=0.0798 
t=594 V=3.99905 A=0.065307 W=0.261166 mAh_cumul=19.9729 Wh_cumul=0.0798725 
t=595 V=3.99905 A=0.0652103 W=0.260779 mAh_cumul=19.991 Wh_cumul=0.079945 
t=596 V=3.99907 A=0.0652723 W=0.261028 mAh_cumul=20.0091 Wh_cumul=0.0800175 
t=597 V=3.9991 A=0.0655105 W=0.261983 mAh_cumul=20.0273 Wh_cumul=0.0800902 
t=598 V=3.9991 A=0.0652968 W=0.261128 mAh_cumul=20.0455 Wh_cumul=0.0801628 
t=599 V=3.99908 A=0.0652159 W=0.260804 mAh_cumul=20.0636 Wh_cumul=0.0802352 
t=600 V=3.99908 A=0.0652578 W=0.260971 mAh_cumul=20.0817 Wh_cumul=0.0803077 
t=601 V=3.99909 A=0.0648623 W=0.25939 mAh_cumul=20.0997 Wh_cumul=0.0803798 
END

