0 errors cleared
t=0 V=3.58764 A=0.00824601 W=0.0295837 mAh_cumul=0 Wh_cumul=0 
t=2 V=3.58764 A=0.00823213 W=0.0295339 mAh_cumul=0.00457341 Wh_cumul=1.64077e-05 
t=3 V=3.59846 A=0.140041 W=0.503932 mAh_cumul=0.0434737 Wh_cumul=0.000156389 
t=4 V=3.59853 A=0.13745 W=0.494618 mAh_cumul=0.0816542 Wh_cumul=0.000293783 
t=5 V=3.59853 A=0.135486 W=0.48755 mAh_cumul=0.119289 Wh_cumul=0.000429213 
t=6 V=3.59852 A=0.133564 W=0.480633 mAh_cumul=0.15639 Wh_cumul=0.000562722 
t=7 V=3.59853 A=0.132007 W=0.475031 mAh_cumul=0.193059 Wh_cumul=0.000694676 
t=8 V=3.59855 A=0.130494 W=0.469589 mAh_cumul=0.229307 Wh_cumul=0.000825117 
t=9 V=3.59855 A=0.129076 W=0.464486 mAh_cumul=0.265162 Wh_cumul=0.000954141 
t=10 V=3.59854 A=0.127652 W=0.459361 mAh_cumul=0.300621 Wh_cumul=0.00108174 
t=11 V=3.59853 A=0.126507 W=0.455239 mAh_cumul=0.335761 Wh_cumul=0.0012082 
t=12 V=3.59853 A=0.125599 W=0.451972 mAh_cumul=0.37065 Wh_cumul=0.00133374 
t=13 V=3.59857 A=0.124593 W=0.448357 mAh_cumul=0.405259 Wh_cumul=0.00145829 
t=14 V=3.59856 A=0.123542 W=0.444573 mAh_cumul=0.439576 Wh_cumul=0.00158178 
t=15 V=3.59855 A=0.122452 W=0.44065 mAh_cumul=0.473591 Wh_cumul=0.00170418 
t=16 V=3.59854 A=0.121375 W=0.436773 mAh_cumul=0.507306 Wh_cumul=0.00182551 
t=17 V=3.59854 A=0.120364 W=0.433135 mAh_cumul=0.540741 Wh_cumul=0.00194582 
t=18 V=3.59855 A=0.11943 W=0.429775 mAh_cumul=0.573916 Wh_cumul=0.00206521 
t=19 V=3.59851 A=0.118495 W=0.426405 mAh_cumul=0.606831 Wh_cumul=0.00218365 
t=20 V=3.59852 A=0.117739 W=0.423686 mAh_cumul=0.639536 Wh_cumul=0.00230134 
t=21 V=3.59854 A=0.117276 W=0.422022 mAh_cumul=0.672113 Wh_cumul=0.00241857 
t=22 V=3.59857 A=0.116501 W=0.419237 mAh_cumul=0.704474 Wh_cumul=0.00253503 
t=23 V=3.59853 A=0.115839 W=0.41685 mAh_cumul=0.736652 Wh_cumul=0.00265082 
t=24 V=3.59855 A=0.114994 W=0.413812 mAh_cumul=0.768595 Wh_cumul=0.00276577 
t=25 V=3.59853 A=0.114502 W=0.412039 mAh_cumul=0.800401 Wh_cumul=0.00288022 
t=26 V=3.59852 A=0.113648 W=0.408965 mAh_cumul=0.83197 Wh_cumul=0.00299382 
t=27 V=3.59857 A=0.113118 W=0.407063 mAh_cumul=0.863391 Wh_cumul=0.00310689 
t=28 V=3.59852 A=0.112381 W=0.404405 mAh_cumul=0.894608 Wh_cumul=0.00321923 
t=29 V=3.59854 A=0.112012 W=0.40308 mAh_cumul=0.925723 Wh_cumul=0.0033312 
t=30 V=3.59853 A=0.111419 W=0.400945 mAh_cumul=0.956672 Wh_cumul=0.00344257 
t=31 V=3.59856 A=0.110668 W=0.398245 mAh_cumul=0.987413 Wh_cumul=0.00355319 
t=32 V=3.59852 A=0.110034 W=0.39596 mAh_cumul=1.01798 Wh_cumul=0.00366318 
t=33 V=3.59854 A=0.109572 W=0.394299 mAh_cumul=1.04842 Wh_cumul=0.00377271 
t=34 V=3.59853 A=0.108913 W=0.391927 mAh_cumul=1.07867 Wh_cumul=0.00388158 
t=35 V=3.59852 A=0.108381 W=0.390011 mAh_cumul=1.10877 Wh_cumul=0.00398991 
t=36 V=3.59851 A=0.10776 W=0.387775 mAh_cumul=1.13871 Wh_cumul=0.00409763 
t=37 V=3.59851 A=0.107469 W=0.386728 mAh_cumul=1.16856 Wh_cumul=0.00420505 
t=38 V=3.59853 A=0.107061 W=0.385262 mAh_cumul=1.1983 Wh_cumul=0.00431207 
t=39 V=3.59853 A=0.106772 W=0.384222 mAh_cumul=1.22796 Wh_cumul=0.0044188 
t=40 V=3.59853 A=0.106321 W=0.382599 mAh_cumul=1.25749 Wh_cumul=0.00452508 
t=41 V=3.59857 A=0.105895 W=0.381071 mAh_cumul=1.28691 Wh_cumul=0.00463093 
t=42 V=3.59855 A=0.105502 W=0.379654 mAh_cumul=1.31621 Wh_cumul=0.00473639 
t=43 V=3.59855 A=0.104947 W=0.377657 mAh_cumul=1.34537 Wh_cumul=0.00484129 
t=44 V=3.59854 A=0.104662 W=0.37663 mAh_cumul=1.37444 Wh_cumul=0.00494591 
t=45 V=3.59851 A=0.104332 W=0.37544 mAh_cumul=1.40342 Wh_cumul=0.0050502 
t=46 V=3.59856 A=0.104102 W=0.374617 mAh_cumul=1.43234 Wh_cumul=0.00515426 
t=47 V=3.59855 A=0.103445 W=0.372252 mAh_cumul=1.46107 Wh_cumul=0.00525767 
t=48 V=3.59851 A=0.102811 W=0.369966 mAh_cumul=1.48963 Wh_cumul=0.00536044 
t=49 V=3.5985 A=0.1027 W=0.369566 mAh_cumul=1.51816 Wh_cumul=0.00546309 
t=50 V=3.59855 A=0.102434 W=0.368614 mAh_cumul=1.54661 Wh_cumul=0.00556549 
t=51 V=3.59854 A=0.102234 W=0.367893 mAh_cumul=1.57501 Wh_cumul=0.00566768 
t=52 V=3.59853 A=0.101848 W=0.366503 mAh_cumul=1.6033 Wh_cumul=0.00576948 
t=53 V=3.59855 A=0.101415 W=0.364947 mAh_cumul=1.63147 Wh_cumul=0.00587086 
t=54 V=3.59855 A=0.10096 W=0.36331 mAh_cumul=1.65952 Wh_cumul=0.00597178 
t=55 V=3.59854 A=0.10053 W=0.361761 mAh_cumul=1.68744 Wh_cumul=0.00607227 
t=56 V=3.59852 A=0.100413 W=0.361338 mAh_cumul=1.71533 Wh_cumul=0.00617264 
t=57 V=3.59852 A=0.100037 W=0.359985 mAh_cumul=1.74312 Wh_cumul=0.00627263 
t=58 V=3.59853 A=0.0998512 W=0.359318 mAh_cumul=1.77086 Wh_cumul=0.00637245 
t=59 V=3.59853 A=0.0999793 W=0.359779 mAh_cumul=1.79863 Wh_cumul=0.00647238 
t=60 V=3.59857 A=0.0997431 W=0.358933 mAh_cumul=1.82634 Wh_cumul=0.00657209 
t=61 V=3.59857 A=0.0993765 W=0.357613 mAh_cumul=1.85394 Wh_cumul=0.00667142 
t=62 V=3.59856 A=0.0990567 W=0.356461 mAh_cumul=1.88146 Wh_cumul=0.00677044 
t=63 V=3.59856 A=0.0986646 W=0.35505 mAh_cumul=1.90886 Wh_cumul=0.00686907 
t=64 V=3.59854 A=0.0983926 W=0.35407 mAh_cumul=1.9362 Wh_cumul=0.00696742 
t=65 V=3.59849 A=0.0977341 W=0.351695 mAh_cumul=1.96334 Wh_cumul=0.00706511 
t=66 V=3.59851 A=0.097617 W=0.351276 mAh_cumul=1.99046 Wh_cumul=0.00716269 
t=67 V=3.59855 A=0.0973429 W=0.350293 mAh_cumul=2.0175 Wh_cumul=0.00725999 
t=68 V=3.59854 A=0.0971526 W=0.349608 mAh_cumul=2.04449 Wh_cumul=0.00735711 
t=69 V=3.59852 A=0.0971546 W=0.349613 mAh_cumul=2.07147 Wh_cumul=0.00745422 
t=70 V=3.59854 A=0.0969435 W=0.348855 mAh_cumul=2.0984 Wh_cumul=0.00755112 
t=71 V=3.59854 A=0.0965866 W=0.347571 mAh_cumul=2.12523 Wh_cumul=0.00764767 
t=72 V=3.59854 A=0.0960928 W=0.345794 mAh_cumul=2.15192 Wh_cumul=0.00774373 
t=73 V=3.59852 A=0.0956353 W=0.344146 mAh_cumul=2.17849 Wh_cumul=0.00783932 
t=74 V=3.59853 A=0.0954907 W=0.343626 mAh_cumul=2.20501 Wh_cumul=0.00793477 
t=75 V=3.59854 A=0.0953015 W=0.342946 mAh_cumul=2.23149 Wh_cumul=0.00803004 
t=76 V=3.59855 A=0.0953184 W=0.343008 mAh_cumul=2.25796 Wh_cumul=0.00812532 
t=77 V=3.59856 A=0.0951758 W=0.342496 mAh_cumul=2.2844 Wh_cumul=0.00822045 
t=78 V=3.59857 A=0.0950199 W=0.341936 mAh_cumul=2.3108 Wh_cumul=0.00831544 
t=79 V=3.59855 A=0.0950567 W=0.342066 mAh_cumul=2.3372 Wh_cumul=0.00841045 
t=80 V=3.59858 A=0.094807 W=0.341171 mAh_cumul=2.36354 Wh_cumul=0.00850522 
t=81 V=3.59858 A=0.0944007 W=0.339708 mAh_cumul=2.38976 Wh_cumul=0.00859959 
t=82 V=3.59858 A=0.0942226 W=0.339068 mAh_cumul=2.41593 Wh_cumul=0.00869377 
t=83 V=3.5986 A=0.0938936 W=0.337886 mAh_cumul=2.44201 Wh_cumul=0.00878763 
t=84 V=3.59857 A=0.0937998 W=0.337545 mAh_cumul=2.46807 Wh_cumul=0.00888139 
t=85 V=3.59856 A=0.0932309 W=0.335497 mAh_cumul=2.49397 Wh_cumul=0.00897459 
t=86 V=3.59855 A=0.0928569 W=0.33415 mAh_cumul=2.51976 Wh_cumul=0.00906741 
t=87 V=3.59852 A=0.0925946 W=0.333204 mAh_cumul=2.54548 Wh_cumul=0.00915996 
t=88 V=3.59853 A=0.0921189 W=0.331493 mAh_cumul=2.57107 Wh_cumul=0.00925204 
t=89 V=3.59854 A=0.0918282 W=0.330447 mAh_cumul=2.59658 Wh_cumul=0.00934383 
t=90 V=3.5985 A=0.0915927 W=0.329596 mAh_cumul=2.62202 Wh_cumul=0.00943539 
t=91 V=3.59849 A=0.0911962 W=0.328169 mAh_cumul=2.64735 Wh_cumul=0.00952655 
t=92 V=3.59849 A=0.0910337 W=0.327584 mAh_cumul=2.67264 Wh_cumul=0.00961754 
t=93 V=3.5985 A=0.0907785 W=0.326666 mAh_cumul=2.69786 Wh_cumul=0.00970828 
t=94 V=3.59848 A=0.0907469 W=0.326551 mAh_cumul=2.72306 Wh_cumul=0.00979899 
t=95 V=3.59849 A=0.0904107 W=0.325342 mAh_cumul=2.74818 Wh_cumul=0.00988936 
t=96 V=3.59851 A=0.0904803 W=0.325594 mAh_cumul=2.77331 Wh_cumul=0.00997981 
t=97 V=3.59853 A=0.0901596 W=0.324442 mAh_cumul=2.79835 Wh_cumul=0.0100699 
t=98 V=3.59849 A=0.0899372 W=0.323638 mAh_cumul=2.82334 Wh_cumul=0.0101598 
t=99 V=3.59848 A=0.0898607 W=0.323362 mAh_cumul=2.8483 Wh_cumul=0.0102497 
t=100 V=3.59848 A=0.089688 W=0.32274 mAh_cumul=2.87321 Wh_cumul=0.0103393 
t=101 V=3.59852 A=0.0894929 W=0.322042 mAh_cumul=2.89807 Wh_cumul=0.0104288 
t=102 V=3.59849 A=0.0892705 W=0.321239 mAh_cumul=2.92287 Wh_cumul=0.010518 
t=103 V=3.59849 A=0.0893247 W=0.321434 mAh_cumul=2.94768 Wh_cumul=0.0106073 
t=104 V=3.59847 A=0.0888472 W=0.319714 mAh_cumul=2.97236 Wh_cumul=0.0106961 
t=105 V=3.5985 A=0.0890332 W=0.320386 mAh_cumul=2.99709 Wh_cumul=0.0107851 
t=106 V=3.59852 A=0.0890841 W=0.320571 mAh_cumul=3.02184 Wh_cumul=0.0108741 
t=107 V=3.59852 A=0.0887156 W=0.319245 mAh_cumul=3.04648 Wh_cumul=0.0109628 
t=108 V=3.5985 A=0.0884512 W=0.318292 mAh_cumul=3.07105 Wh_cumul=0.0110512 
t=109 V=3.5985 A=0.0883602 W=0.317964 mAh_cumul=3.09559 Wh_cumul=0.0111395 
t=110 V=3.59851 A=0.0880718 W=0.316927 mAh_cumul=3.12006 Wh_cumul=0.0112276 
t=111 V=3.5985 A=0.0879031 W=0.316319 mAh_cumul=3.14448 Wh_cumul=0.0113155 
t=112 V=3.59852 A=0.0878352 W=0.316077 mAh_cumul=3.16888 Wh_cumul=0.0114032 
t=113 V=3.59853 A=0.0878403 W=0.316096 mAh_cumul=3.19328 Wh_cumul=0.0114911 
t=114 V=3.59851 A=0.0875484 W=0.315044 mAh_cumul=3.21759 Wh_cumul=0.0115786 
t=115 V=3.5985 A=0.0872931 W=0.314124 mAh_cumul=3.24184 Wh_cumul=0.0116658 
t=116 V=3.59849 A=0.0871093 W=0.313462 mAh_cumul=3.26604 Wh_cumul=0.0117529 
t=117 V=3.59852 A=0.0868349 W=0.312477 mAh_cumul=3.29016 Wh_cumul=0.0118397 
t=118 V=3.59847 A=0.0867049 W=0.312005 mAh_cumul=3.31425 Wh_cumul=0.0119264 
t=119 V=3.59851 A=0.0866861 W=0.311941 mAh_cumul=3.33832 Wh_cumul=0.012013 
t=120 V=3.59849 A=0.0867108 W=0.312028 mAh_cumul=3.36241 Wh_cumul=0.0120997 
t=121 V=3.59855 A=0.0867972 W=0.312344 mAh_cumul=3.38652 Wh_cumul=0.0121864 
t=122 V=3.59855 A=0.0867244 W=0.312082 mAh_cumul=3.41061 Wh_cumul=0.0122731 
t=123 V=3.59855 A=0.0866566 W=0.311838 mAh_cumul=3.43468 Wh_cumul=0.0123598 
t=124 V=3.59854 A=0.0865823 W=0.31157 mAh_cumul=3.45873 Wh_cumul=0.0124463 
t=125 V=3.59857 A=0.0860756 W=0.309749 mAh_cumul=3.48264 Wh_cumul=0.0125323 
t=126 V=3.59851 A=0.0859291 W=0.309217 mAh_cumul=3.50651 Wh_cumul=0.0126182 
t=128 V=3.59849 A=0.0851127 W=0.306277 mAh_cumul=3.5538 Wh_cumul=0.0127884 
t=129 V=3.5985 A=0.0851374 W=0.306367 mAh_cumul=3.57745 Wh_cumul=0.0128735 
t=130 V=3.59852 A=0.0850535 W=0.306067 mAh_cumul=3.60107 Wh_cumul=0.0129585 
t=131 V=3.59852 A=0.0850805 W=0.306164 mAh_cumul=3.62471 Wh_cumul=0.0130436 
t=132 V=3.59852 A=0.0849376 W=0.30565 mAh_cumul=3.6483 Wh_cumul=0.0131285 
t=133 V=3.59854 A=0.0848473 W=0.305326 mAh_cumul=3.67187 Wh_cumul=0.0132133 
t=134 V=3.59857 A=0.0850973 W=0.306229 mAh_cumul=3.69551 Wh_cumul=0.0132983 
t=135 V=3.59856 A=0.0851347 W=0.306362 mAh_cumul=3.71916 Wh_cumul=0.0133834 
t=136 V=3.59858 A=0.0850529 W=0.30607 mAh_cumul=3.74278 Wh_cumul=0.0134685 
t=137 V=3.59856 A=0.084951 W=0.305701 mAh_cumul=3.76638 Wh_cumul=0.0135534 
t=138 V=3.59857 A=0.084794 W=0.305137 mAh_cumul=3.78993 Wh_cumul=0.0136381 
t=139 V=3.59857 A=0.0845423 W=0.304231 mAh_cumul=3.81342 Wh_cumul=0.0137226 
t=140 V=3.59854 A=0.084122 W=0.302716 mAh_cumul=3.83678 Wh_cumul=0.0138067 
t=141 V=3.59855 A=0.0838039 W=0.301573 mAh_cumul=3.86006 Wh_cumul=0.0138905 
t=142 V=3.59852 A=0.0835939 W=0.300814 mAh_cumul=3.88328 Wh_cumul=0.0139741 
t=143 V=3.59853 A=0.0832527 W=0.299587 mAh_cumul=3.90641 Wh_cumul=0.0140573 
t=144 V=3.59852 A=0.0831408 W=0.299184 mAh_cumul=3.9295 Wh_cumul=0.0141404 
t=145 V=3.59851 A=0.083108 W=0.299065 mAh_cumul=3.95259 Wh_cumul=0.0142235 
t=146 V=3.59852 A=0.0829321 W=0.298433 mAh_cumul=3.97563 Wh_cumul=0.0143064 
t=147 V=3.59853 A=0.0827255 W=0.29769 mAh_cumul=3.9986 Wh_cumul=0.0143891 
t=148 V=3.59854 A=0.0826042 W=0.297255 mAh_cumul=4.02155 Wh_cumul=0.0144716 
t=149 V=3.59853 A=0.0824754 W=0.29679 mAh_cumul=4.04446 Wh_cumul=0.0145541 
t=150 V=3.59855 A=0.0824819 W=0.296815 mAh_cumul=4.06737 Wh_cumul=0.0146365 
t=151 V=3.59853 A=0.0821843 W=0.295743 mAh_cumul=4.0902 Wh_cumul=0.0147187 
t=152 V=3.59853 A=0.0817971 W=0.294349 mAh_cumul=4.11292 Wh_cumul=0.0148004 
t=153 V=3.59851 A=0.0814083 W=0.292949 mAh_cumul=4.13554 Wh_cumul=0.0148818 
t=154 V=3.5985 A=0.0810741 W=0.291745 mAh_cumul=4.15806 Wh_cumul=0.0149628 
t=155 V=3.5985 A=0.0814593 W=0.293131 mAh_cumul=4.18068 Wh_cumul=0.0150443 
t=156 V=3.59851 A=0.0815983 W=0.293632 mAh_cumul=4.20335 Wh_cumul=0.0151258 
t=157 V=3.59855 A=0.0817021 W=0.294009 mAh_cumul=4.22605 Wh_cumul=0.0152075 
t=158 V=3.59854 A=0.0815083 W=0.293311 mAh_cumul=4.24869 Wh_cumul=0.015289 
t=159 V=3.59854 A=0.0810862 W=0.291792 mAh_cumul=4.27121 Wh_cumul=0.01537 
t=160 V=3.59854 A=0.081089 W=0.291802 mAh_cumul=4.29374 Wh_cumul=0.0154511 
t=161 V=3.59854 A=0.0811104 W=0.291879 mAh_cumul=4.31627 Wh_cumul=0.0155322 
t=162 V=3.59854 A=0.0806529 W=0.290233 mAh_cumul=4.33867 Wh_cumul=0.0156128 
t=163 V=3.59853 A=0.0802855 W=0.28891 mAh_cumul=4.36097 Wh_cumul=0.015693 
t=164 V=3.59851 A=0.0801407 W=0.288387 mAh_cumul=4.38323 Wh_cumul=0.0157731 
t=165 V=3.5985 A=0.0798957 W=0.287505 mAh_cumul=4.40543 Wh_cumul=0.015853 
t=166 V=3.59853 A=0.0802246 W=0.288691 mAh_cumul=4.42771 Wh_cumul=0.0159332 
t=167 V=3.59852 A=0.0801518 W=0.288428 mAh_cumul=4.44997 Wh_cumul=0.0160133 
t=168 V=3.5985 A=0.0800367 W=0.288012 mAh_cumul=4.47221 Wh_cumul=0.0160933 
t=169 V=3.59852 A=0.080161 W=0.288461 mAh_cumul=4.49447 Wh_cumul=0.0161735 
t=170 V=3.59853 A=0.0801412 W=0.288391 mAh_cumul=4.51674 Wh_cumul=0.0162536 
t=171 V=3.59856 A=0.0798558 W=0.287366 mAh_cumul=4.53892 Wh_cumul=0.0163334 
t=172 V=3.59852 A=0.0794102 W=0.285759 mAh_cumul=4.56098 Wh_cumul=0.0164128 
t=173 V=3.59857 A=0.0794545 W=0.285923 mAh_cumul=4.58305 Wh_cumul=0.0164922 
t=174 V=3.59855 A=0.0792373 W=0.285139 mAh_cumul=4.60506 Wh_cumul=0.0165714 
t=175 V=3.59852 A=0.0790975 W=0.284634 mAh_cumul=4.62703 Wh_cumul=0.0166505 
t=176 V=3.59853 A=0.0791778 W=0.284924 mAh_cumul=4.64902 Wh_cumul=0.0167296 
t=177 V=3.59853 A=0.0787815 W=0.283498 mAh_cumul=4.67091 Wh_cumul=0.0168083 
t=178 V=3.59856 A=0.0788324 W=0.283683 mAh_cumul=4.6928 Wh_cumul=0.0168872 
t=179 V=3.59855 A=0.0787631 W=0.283433 mAh_cumul=4.71468 Wh_cumul=0.0169659 
t=180 V=3.59853 A=0.0786385 W=0.282983 mAh_cumul=4.73653 Wh_cumul=0.0170445 
t=181 V=3.59852 A=0.0784589 W=0.282336 mAh_cumul=4.75832 Wh_cumul=0.0171229 
t=182 V=3.59852 A=0.0784234 W=0.282208 mAh_cumul=4.7801 Wh_cumul=0.0172013 
t=183 V=3.59853 A=0.0783028 W=0.281775 mAh_cumul=4.80186 Wh_cumul=0.0172796 
t=184 V=3.59855 A=0.0782858 W=0.281715 mAh_cumul=4.8236 Wh_cumul=0.0173578 
t=185 V=3.59854 A=0.0781956 W=0.28139 mAh_cumul=4.84532 Wh_cumul=0.017436 
t=186 V=3.59857 A=0.0782288 W=0.281512 mAh_cumul=4.86705 Wh_cumul=0.0175142 
t=187 V=3.59854 A=0.0780929 W=0.28102 mAh_cumul=4.88875 Wh_cumul=0.0175923 
t=188 V=3.59853 A=0.0778439 W=0.280124 mAh_cumul=4.91037 Wh_cumul=0.0176701 
t=189 V=3.59856 A=0.0774876 W=0.278844 mAh_cumul=4.93189 Wh_cumul=0.0177475 
t=190 V=3.59852 A=0.0770728 W=0.277348 mAh_cumul=4.9533 Wh_cumul=0.0178246 
t=191 V=3.59852 A=0.0769721 W=0.276986 mAh_cumul=4.97468 Wh_cumul=0.0179015 
t=192 V=3.5985 A=0.0769943 W=0.277064 mAh_cumul=4.99607 Wh_cumul=0.0179785 
t=193 V=3.59855 A=0.0768724 W=0.276629 mAh_cumul=5.01742 Wh_cumul=0.0180553 
t=194 V=3.5985 A=0.0765672 W=0.275527 mAh_cumul=5.03869 Wh_cumul=0.0181318 
t=195 V=3.5985 A=0.0761404 W=0.273991 mAh_cumul=5.05984 Wh_cumul=0.018208 
t=196 V=3.59849 A=0.0760631 W=0.273712 mAh_cumul=5.08097 Wh_cumul=0.018284 
t=197 V=3.59849 A=0.0760275 W=0.273584 mAh_cumul=5.10209 Wh_cumul=0.01836 
t=198 V=3.59851 A=0.0759982 W=0.27348 mAh_cumul=5.1232 Wh_cumul=0.0184359 
t=199 V=3.59854 A=0.0761521 W=0.274036 mAh_cumul=5.14435 Wh_cumul=0.0185121 
t=200 V=3.59853 A=0.07642 W=0.275 mAh_cumul=5.16558 Wh_cumul=0.0185885 
t=201 V=3.59855 A=0.0763364 W=0.2747 mAh_cumul=5.18679 Wh_cumul=0.0186648 
t=202 V=3.59855 A=0.0761402 W=0.273994 mAh_cumul=5.20794 Wh_cumul=0.0187409 
t=203 V=3.59853 A=0.0758765 W=0.273044 mAh_cumul=5.22901 Wh_cumul=0.0188167 
t=204 V=3.59851 A=0.0757905 W=0.272733 mAh_cumul=5.25007 Wh_cumul=0.0188925 
t=205 V=3.59855 A=0.0758079 W=0.272799 mAh_cumul=5.27112 Wh_cumul=0.0189683 
t=206 V=3.5985 A=0.0755251 W=0.271777 mAh_cumul=5.2921 Wh_cumul=0.0190437 
t=207 V=3.59854 A=0.0750391 W=0.270031 mAh_cumul=5.31295 Wh_cumul=0.0191188 
t=208 V=3.59848 A=0.0752407 W=0.270752 mAh_cumul=5.33385 Wh_cumul=0.019194 
t=209 V=3.59855 A=0.0753615 W=0.271192 mAh_cumul=5.35478 Wh_cumul=0.0192693 
t=210 V=3.59853 A=0.0752429 W=0.270764 mAh_cumul=5.37568 Wh_cumul=0.0193445 
t=211 V=3.59857 A=0.0751139 W=0.270303 mAh_cumul=5.39655 Wh_cumul=0.0194196 
t=212 V=3.59854 A=0.0748065 W=0.269194 mAh_cumul=5.41733 Wh_cumul=0.0194944 
t=213 V=3.59852 A=0.0742456 W=0.267174 mAh_cumul=5.43795 Wh_cumul=0.0195686 
t=214 V=3.59851 A=0.0742096 W=0.267044 mAh_cumul=5.45856 Wh_cumul=0.0196428 
t=215 V=3.59852 A=0.0742651 W=0.267244 mAh_cumul=5.47919 Wh_cumul=0.019717 
t=216 V=3.59849 A=0.074539 W=0.268228 mAh_cumul=5.4999 Wh_cumul=0.0197915 
t=217 V=3.59852 A=0.0743438 W=0.267528 mAh_cumul=5.52055 Wh_cumul=0.0198658 
t=218 V=3.59852 A=0.0740059 W=0.266312 mAh_cumul=5.54111 Wh_cumul=0.0199398 
t=219 V=3.59853 A=0.0737614 W=0.265433 mAh_cumul=5.5616 Wh_cumul=0.0200135 
t=220 V=3.59851 A=0.07367 W=0.265102 mAh_cumul=5.58206 Wh_cumul=0.0200872 
t=221 V=3.59849 A=0.073642 W=0.265 mAh_cumul=5.60252 Wh_cumul=0.0201608 
t=222 V=3.59851 A=0.0732541 W=0.263606 mAh_cumul=5.62286 Wh_cumul=0.020234 
t=223 V=3.59851 A=0.0735302 W=0.264599 mAh_cumul=5.64329 Wh_cumul=0.0203075 
t=224 V=3.59852 A=0.0735691 W=0.26474 mAh_cumul=5.66373 Wh_cumul=0.020381 
t=225 V=3.59856 A=0.0734269 W=0.264231 mAh_cumul=5.68412 Wh_cumul=0.0204544 
t=226 V=3.59855 A=0.0734924 W=0.264466 mAh_cumul=5.70454 Wh_cumul=0.0205279 
t=227 V=3.59854 A=0.0734593 W=0.264346 mAh_cumul=5.72494 Wh_cumul=0.0206013 
t=228 V=3.59855 A=0.0734921 W=0.264465 mAh_cumul=5.74536 Wh_cumul=0.0206748 
t=229 V=3.59856 A=0.0731838 W=0.263356 mAh_cumul=5.76569 Wh_cumul=0.0207479 
t=230 V=3.59856 A=0.0730302 W=0.262804 mAh_cumul=5.78597 Wh_cumul=0.0208209 
t=231 V=3.59855 A=0.0728723 W=0.262235 mAh_cumul=5.80621 Wh_cumul=0.0208938 
t=232 V=3.59853 A=0.0728698 W=0.262224 mAh_cumul=5.82646 Wh_cumul=0.0209666 
t=233 V=3.59854 A=0.0726347 W=0.261379 mAh_cumul=5.84663 Wh_cumul=0.0210392 
t=234 V=3.59854 A=0.0727733 W=0.261878 mAh_cumul=5.86685 Wh_cumul=0.021112 
t=235 V=3.59855 A=0.0727176 W=0.261678 mAh_cumul=5.88705 Wh_cumul=0.0211847 
t=236 V=3.59855 A=0.072477 W=0.260812 mAh_cumul=5.90718 Wh_cumul=0.0212571 
t=237 V=3.59855 A=0.0726047 W=0.261272 mAh_cumul=5.92735 Wh_cumul=0.0213297 
t=238 V=3.59853 A=0.0723027 W=0.260183 mAh_cumul=5.94743 Wh_cumul=0.021402 
t=239 V=3.59854 A=0.0718805 W=0.258665 mAh_cumul=5.9674 Wh_cumul=0.0214738 
t=240 V=3.59853 A=0.0719214 W=0.258811 mAh_cumul=5.98738 Wh_cumul=0.0215457 
t=241 V=3.59852 A=0.0717568 W=0.258218 mAh_cumul=6.00731 Wh_cumul=0.0216174 
t=242 V=3.59854 A=0.0715201 W=0.257368 mAh_cumul=6.02717 Wh_cumul=0.0216889 
t=243 V=3.59853 A=0.0714312 W=0.257047 mAh_cumul=6.04702 Wh_cumul=0.0217603 
t=244 V=3.59852 A=0.0712599 W=0.25643 mAh_cumul=6.06681 Wh_cumul=0.0218316 
t=245 V=3.5985 A=0.0712085 W=0.256244 mAh_cumul=6.08659 Wh_cumul=0.0219027 
t=246 V=3.5985 A=0.0711961 W=0.256199 mAh_cumul=6.10637 Wh_cumul=0.0219739 
t=247 V=3.59852 A=0.0709444 W=0.255295 mAh_cumul=6.12607 Wh_cumul=0.0220448 
t=248 V=3.59849 A=0.0708789 W=0.255057 mAh_cumul=6.14576 Wh_cumul=0.0221157 
t=249 V=3.59853 A=0.07092 W=0.255208 mAh_cumul=6.16546 Wh_cumul=0.0221866 
t=250 V=3.59849 A=0.0707365 W=0.254545 mAh_cumul=6.18511 Wh_cumul=0.0222573 
t=251 V=3.5985 A=0.0708427 W=0.254927 mAh_cumul=6.20479 Wh_cumul=0.0223281 
t=252 V=3.59854 A=0.0708453 W=0.25494 mAh_cumul=6.22447 Wh_cumul=0.0223989 
t=253 V=3.59853 A=0.070911 W=0.255175 mAh_cumul=6.24417 Wh_cumul=0.0224698 
t=254 V=3.59856 A=0.0708524 W=0.254967 mAh_cumul=6.26385 Wh_cumul=0.0225406 
t=255 V=3.59852 A=0.070552 W=0.253883 mAh_cumul=6.28345 Wh_cumul=0.0226111 
t=256 V=3.59854 A=0.0706094 W=0.254091 mAh_cumul=6.30306 Wh_cumul=0.0226817 
t=257 V=3.59855 A=0.0704385 W=0.253476 mAh_cumul=6.32263 Wh_cumul=0.0227521 
t=258 V=3.59853 A=0.0700788 W=0.252181 mAh_cumul=6.34209 Wh_cumul=0.0228222 
t=259 V=3.59854 A=0.0702237 W=0.252703 mAh_cumul=6.3616 Wh_cumul=0.0228924 
t=260 V=3.59855 A=0.0701446 W=0.252419 mAh_cumul=6.38108 Wh_cumul=0.0229625 
t=261 V=3.59855 A=0.0702265 W=0.252714 mAh_cumul=6.40059 Wh_cumul=0.0230327 
t=262 V=3.59851 A=0.0700401 W=0.25204 mAh_cumul=6.42005 Wh_cumul=0.0231027 
t=263 V=3.59854 A=0.0696909 W=0.250785 mAh_cumul=6.43941 Wh_cumul=0.0231723 
t=264 V=3.59852 A=0.0694786 W=0.25002 mAh_cumul=6.4587 Wh_cumul=0.0232418 
t=265 V=3.59852 A=0.0694104 W=0.249775 mAh_cumul=6.47799 Wh_cumul=0.0233112 
t=266 V=3.59849 A=0.0690496 W=0.248474 mAh_cumul=6.49717 Wh_cumul=0.0233802 
t=267 V=3.5985 A=0.0691079 W=0.248685 mAh_cumul=6.51636 Wh_cumul=0.0234493 
t=268 V=3.59848 A=0.069031 W=0.248407 mAh_cumul=6.53554 Wh_cumul=0.0235183 
t=269 V=3.59853 A=0.0692343 W=0.249142 mAh_cumul=6.55477 Wh_cumul=0.0235875 
t=270 V=3.59855 A=0.0693795 W=0.249666 mAh_cumul=6.57404 Wh_cumul=0.0236568 
t=271 V=3.59855 A=0.0692698 W=0.249271 mAh_cumul=6.59328 Wh_cumul=0.0237261 
t=272 V=3.59853 A=0.0689872 W=0.248253 mAh_cumul=6.61245 Wh_cumul=0.023795 
t=273 V=3.59854 A=0.0690236 W=0.248384 mAh_cumul=6.63162 Wh_cumul=0.023864 
t=274 V=3.59856 A=0.0690007 W=0.248303 mAh_cumul=6.65079 Wh_cumul=0.023933 
t=275 V=3.59856 A=0.0688081 W=0.24761 mAh_cumul=6.6699 Wh_cumul=0.0240018 
t=276 V=3.59854 A=0.068885 W=0.247885 mAh_cumul=6.68903 Wh_cumul=0.0240706 
t=277 V=3.59857 A=0.0689185 W=0.248008 mAh_cumul=6.70818 Wh_cumul=0.0241395 
t=278 V=3.59859 A=0.0686105 W=0.246901 mAh_cumul=6.72724 Wh_cumul=0.0242081 
t=279 V=3.59857 A=0.0684995 W=0.2465 mAh_cumul=6.74626 Wh_cumul=0.0242766 
t=280 V=3.59855 A=0.0686304 W=0.24697 mAh_cumul=6.76533 Wh_cumul=0.0243452 
t=281 V=3.59856 A=0.0687541 W=0.247416 mAh_cumul=6.78443 Wh_cumul=0.0244139 
t=282 V=3.59857 A=0.0686141 W=0.246913 mAh_cumul=6.80349 Wh_cumul=0.0244825 
t=283 V=3.59857 A=0.0684719 W=0.246401 mAh_cumul=6.82251 Wh_cumul=0.024551 
t=284 V=3.59856 A=0.0681004 W=0.245063 mAh_cumul=6.84142 Wh_cumul=0.024619 
t=285 V=3.59854 A=0.0678404 W=0.244126 mAh_cumul=6.86027 Wh_cumul=0.0246868 
t=286 V=3.59852 A=0.0676452 W=0.243423 mAh_cumul=6.87906 Wh_cumul=0.0247545 
t=287 V=3.59855 A=0.0674915 W=0.242872 mAh_cumul=6.89781 Wh_cumul=0.0248219 
t=288 V=3.59855 A=0.0676516 W=0.243448 mAh_cumul=6.9166 Wh_cumul=0.0248895 
t=289 V=3.59852 A=0.0674392 W=0.242681 mAh_cumul=6.93533 Wh_cumul=0.024957 
t=290 V=3.59856 A=0.0674696 W=0.242793 mAh_cumul=6.95407 Wh_cumul=0.0250244 
t=291 V=3.59855 A=0.0673999 W=0.242542 mAh_cumul=6.97279 Wh_cumul=0.0250918 
t=292 V=3.59857 A=0.0673339 W=0.242306 mAh_cumul=6.9915 Wh_cumul=0.0251591 
t=293 V=3.59854 A=0.0673027 W=0.242191 mAh_cumul=7.01019 Wh_cumul=0.0252264 
t=294 V=3.59855 A=0.0668802 W=0.240672 mAh_cumul=7.02877 Wh_cumul=0.0252932 
t=295 V=3.59856 A=0.0667394 W=0.240166 mAh_cumul=7.04731 Wh_cumul=0.0253599 
t=296 V=3.59851 A=0.0664522 W=0.239129 mAh_cumul=7.06577 Wh_cumul=0.0254263 
t=297 V=3.59853 A=0.0662874 W=0.238537 mAh_cumul=7.08418 Wh_cumul=0.0254926 
t=298 V=3.59851 A=0.0663543 W=0.238777 mAh_cumul=7.10261 Wh_cumul=0.0255589 
t=299 V=3.59852 A=0.0663359 W=0.238711 mAh_cumul=7.12104 Wh_cumul=0.0256252 
t=300 V=3.59853 A=0.0663059 W=0.238604 mAh_cumul=7.13946 Wh_cumul=0.0256915 
t=301 V=3.59855 A=0.066481 W=0.239235 mAh_cumul=7.15793 Wh_cumul=0.025758 
t=302 V=3.59856 A=0.0665359 W=0.239433 mAh_cumul=7.17641 Wh_cumul=0.0258245 
t=303 V=3.59856 A=0.0665101 W=0.239341 mAh_cumul=7.19488 Wh_cumul=0.025891 
t=304 V=3.59857 A=0.0666524 W=0.239853 mAh_cumul=7.2134 Wh_cumul=0.0259576 
t=305 V=3.59857 A=0.0666184 W=0.239731 mAh_cumul=7.2319 Wh_cumul=0.0260242 
t=306 V=3.59859 A=0.0666059 W=0.239687 mAh_cumul=7.2504 Wh_cumul=0.0260908 
t=307 V=3.59859 A=0.0665491 W=0.239483 mAh_cumul=7.26889 Wh_cumul=0.0261573 
t=308 V=3.59861 A=0.0664848 W=0.239253 mAh_cumul=7.28736 Wh_cumul=0.0262237 
t=309 V=3.59858 A=0.0662518 W=0.238412 mAh_cumul=7.30576 Wh_cumul=0.02629 
t=310 V=3.59858 A=0.0661099 W=0.237902 mAh_cumul=7.32413 Wh_cumul=0.0263561 
t=311 V=3.59858 A=0.065938 W=0.237283 mAh_cumul=7.34244 Wh_cumul=0.026422 
t=312 V=3.59857 A=0.0659418 W=0.237296 mAh_cumul=7.36076 Wh_cumul=0.0264879 
t=313 V=3.59857 A=0.0659503 W=0.237327 mAh_cumul=7.37908 Wh_cumul=0.0265538 
t=314 V=3.59857 A=0.0655903 W=0.236031 mAh_cumul=7.3973 Wh_cumul=0.0266194 
t=315 V=3.59856 A=0.0652528 W=0.234816 mAh_cumul=7.41542 Wh_cumul=0.0266846 
t=316 V=3.59857 A=0.0651842 W=0.23457 mAh_cumul=7.43353 Wh_cumul=0.0267498 
t=317 V=3.59857 A=0.0652032 W=0.234638 mAh_cumul=7.45164 Wh_cumul=0.0268149 
t=318 V=3.59859 A=0.0654807 W=0.235638 mAh_cumul=7.46983 Wh_cumul=0.0268804 
t=319 V=3.59858 A=0.0653944 W=0.235327 mAh_cumul=7.488 Wh_cumul=0.0269458 
t=320 V=3.59858 A=0.0654674 W=0.23559 mAh_cumul=7.50618 Wh_cumul=0.0270112 
t=321 V=3.5986 A=0.0653172 W=0.23505 mAh_cumul=7.52433 Wh_cumul=0.0270765 
t=322 V=3.59859 A=0.0653647 W=0.235221 mAh_cumul=7.54248 Wh_cumul=0.0271418 
t=323 V=3.59859 A=0.0653086 W=0.235019 mAh_cumul=7.56062 Wh_cumul=0.0272071 
t=324 V=3.59856 A=0.0652109 W=0.234665 mAh_cumul=7.57874 Wh_cumul=0.0272723 
t=325 V=3.59858 A=0.064987 W=0.233861 mAh_cumul=7.59679 Wh_cumul=0.0273373 
END

