0 errors cleared
t=0 V=3.40461 A=0.00780691 W=0.0265795 mAh_cumul=0 Wh_cumul=0 
t=2 V=3.40462 A=0.00781277 W=0.0265995 mAh_cumul=0.00434043 Wh_cumul=1.47775e-05 
t=3 V=3.45149 A=0.428154 W=1.47777 mAh_cumul=0.123272 Wh_cumul=0.000425269 
t=4 V=3.45153 A=0.394506 W=1.36165 mAh_cumul=0.232857 Wh_cumul=0.000803505 
t=5 V=3.45153 A=0.378776 W=1.30736 mAh_cumul=0.338073 Wh_cumul=0.00116666 
t=6 V=3.45153 A=0.367392 W=1.26806 mAh_cumul=0.440126 Wh_cumul=0.0015189 
t=7 V=3.45151 A=0.35834 W=1.23681 mAh_cumul=0.539665 Wh_cumul=0.00186246 
t=8 V=3.45153 A=0.350497 W=1.20975 mAh_cumul=0.637025 Wh_cumul=0.0021985 
t=9 V=3.45153 A=0.343525 W=1.18569 mAh_cumul=0.732449 Wh_cumul=0.00252786 
t=10 V=3.45153 A=0.337557 W=1.16509 mAh_cumul=0.826215 Wh_cumul=0.00285149 
t=11 V=3.45153 A=0.331869 W=1.14546 mAh_cumul=0.9184 Wh_cumul=0.00316968 
t=12 V=3.45157 A=0.326569 W=1.12718 mAh_cumul=1.00911 Wh_cumul=0.00348278 
t=13 V=3.45152 A=0.321626 W=1.1101 mAh_cumul=1.09845 Wh_cumul=0.00379114 
t=14 V=3.45151 A=0.316979 W=1.09406 mAh_cumul=1.1865 Wh_cumul=0.00409505 
t=15 V=3.4515 A=0.31277 W=1.07953 mAh_cumul=1.27338 Wh_cumul=0.00439491 
t=16 V=3.45155 A=0.308771 W=1.06574 mAh_cumul=1.35915 Wh_cumul=0.00469095 
t=17 V=3.45152 A=0.304764 W=1.0519 mAh_cumul=1.44381 Wh_cumul=0.00498315 
t=18 V=3.4515 A=0.301165 W=1.03947 mAh_cumul=1.52747 Wh_cumul=0.00527189 
t=19 V=3.45148 A=0.297653 W=1.02734 mAh_cumul=1.61015 Wh_cumul=0.00555726 
t=20 V=3.45148 A=0.294149 W=1.01525 mAh_cumul=1.69186 Wh_cumul=0.00583928 
t=21 V=3.45151 A=0.290895 W=1.00403 mAh_cumul=1.77266 Wh_cumul=0.00611817 
t=22 V=3.45148 A=0.28782 W=0.993405 mAh_cumul=1.85261 Wh_cumul=0.00639412 
t=23 V=3.45149 A=0.284756 W=0.982832 mAh_cumul=1.93171 Wh_cumul=0.00666713 
t=24 V=3.45149 A=0.28175 W=0.972457 mAh_cumul=2.00997 Wh_cumul=0.00693725 
t=25 V=3.45152 A=0.279342 W=0.964154 mAh_cumul=2.08757 Wh_cumul=0.00720507 
t=26 V=3.4515 A=0.276525 W=0.954426 mAh_cumul=2.16438 Wh_cumul=0.00747019 
t=27 V=3.45152 A=0.274147 W=0.946224 mAh_cumul=2.24053 Wh_cumul=0.00773303 
t=28 V=3.45153 A=0.271641 W=0.937577 mAh_cumul=2.31599 Wh_cumul=0.00799347 
t=29 V=3.45149 A=0.269113 W=0.928841 mAh_cumul=2.39074 Wh_cumul=0.00825148 
t=30 V=3.45151 A=0.266569 W=0.920066 mAh_cumul=2.46479 Wh_cumul=0.00850706 
t=31 V=3.45152 A=0.264519 W=0.912993 mAh_cumul=2.53827 Wh_cumul=0.00876067 
t=32 V=3.4515 A=0.262254 W=0.90517 mAh_cumul=2.61112 Wh_cumul=0.0090121 
t=33 V=3.45152 A=0.2601 W=0.89774 mAh_cumul=2.68337 Wh_cumul=0.00926147 
t=34 V=3.45151 A=0.25778 W=0.88973 mAh_cumul=2.75497 Wh_cumul=0.00950862 
t=35 V=3.45147 A=0.255729 W=0.882641 mAh_cumul=2.82601 Wh_cumul=0.0097538 
t=36 V=3.45148 A=0.253756 W=0.875834 mAh_cumul=2.8965 Wh_cumul=0.00999709 
t=37 V=3.45152 A=0.252165 W=0.870353 mAh_cumul=2.96654 Wh_cumul=0.0102389 
t=38 V=3.45151 A=0.250354 W=0.864099 mAh_cumul=3.03608 Wh_cumul=0.0104789 
t=39 V=3.45154 A=0.248642 W=0.858198 mAh_cumul=3.10515 Wh_cumul=0.0107173 
t=40 V=3.45152 A=0.246827 W=0.851928 mAh_cumul=3.17371 Wh_cumul=0.0109539 
t=41 V=3.45149 A=0.244912 W=0.845311 mAh_cumul=3.24175 Wh_cumul=0.0111887 
t=42 V=3.45147 A=0.243218 W=0.83946 mAh_cumul=3.30931 Wh_cumul=0.0114219 
t=43 V=3.45151 A=0.241835 W=0.834696 mAh_cumul=3.37648 Wh_cumul=0.0116538 
t=44 V=3.45154 A=0.240313 W=0.82945 mAh_cumul=3.44324 Wh_cumul=0.0118842 
t=45 V=3.45151 A=0.238604 W=0.823544 mAh_cumul=3.50951 Wh_cumul=0.0121129 
t=46 V=3.45151 A=0.237019 W=0.818073 mAh_cumul=3.57535 Wh_cumul=0.0123402 
t=47 V=3.45152 A=0.235426 W=0.812578 mAh_cumul=3.64075 Wh_cumul=0.0125659 
t=48 V=3.45148 A=0.233999 W=0.807643 mAh_cumul=3.70575 Wh_cumul=0.0127902 
t=49 V=3.45151 A=0.232619 W=0.802887 mAh_cumul=3.77037 Wh_cumul=0.0130133 
t=50 V=3.45151 A=0.2315 W=0.799025 mAh_cumul=3.83467 Wh_cumul=0.0132352 
t=51 V=3.45155 A=0.230114 W=0.79425 mAh_cumul=3.89859 Wh_cumul=0.0134558 
t=52 V=3.45154 A=0.228935 W=0.790178 mAh_cumul=3.96218 Wh_cumul=0.0136753 
t=53 V=3.45156 A=0.227508 W=0.785258 mAh_cumul=4.02538 Wh_cumul=0.0138935 
t=54 V=3.45152 A=0.22613 W=0.780492 mAh_cumul=4.0882 Wh_cumul=0.0141103 
t=55 V=3.45151 A=0.224585 W=0.775157 mAh_cumul=4.15058 Wh_cumul=0.0143256 
t=56 V=3.45152 A=0.223095 W=0.770017 mAh_cumul=4.21255 Wh_cumul=0.0145395 
t=57 V=3.45149 A=0.221919 W=0.765951 mAh_cumul=4.2742 Wh_cumul=0.0147522 
t=58 V=3.45148 A=0.220604 W=0.76141 mAh_cumul=4.33547 Wh_cumul=0.0149637 
t=59 V=3.4515 A=0.219647 W=0.758112 mAh_cumul=4.39649 Wh_cumul=0.0151743 
t=60 V=3.45153 A=0.218649 W=0.754674 mAh_cumul=4.45722 Wh_cumul=0.015384 
t=61 V=3.45151 A=0.217548 W=0.750869 mAh_cumul=4.51765 Wh_cumul=0.0155925 
t=62 V=3.45152 A=0.216325 W=0.74665 mAh_cumul=4.57774 Wh_cumul=0.0157999 
t=63 V=3.45151 A=0.215065 W=0.742299 mAh_cumul=4.63748 Wh_cumul=0.0160061 
t=64 V=3.4515 A=0.214056 W=0.738814 mAh_cumul=4.69694 Wh_cumul=0.0162114 
t=65 V=3.45152 A=0.212995 W=0.735157 mAh_cumul=4.75611 Wh_cumul=0.0164156 
t=66 V=3.45151 A=0.211862 W=0.731244 mAh_cumul=4.81496 Wh_cumul=0.0166187 
t=67 V=3.45151 A=0.211148 W=0.728779 mAh_cumul=4.87361 Wh_cumul=0.0168211 
t=68 V=3.45153 A=0.210177 W=0.725432 mAh_cumul=4.93199 Wh_cumul=0.0170226 
t=69 V=3.45154 A=0.209068 W=0.721607 mAh_cumul=4.99007 Wh_cumul=0.0172231 
t=70 V=3.45151 A=0.208205 W=0.718622 mAh_cumul=5.0479 Wh_cumul=0.0174227 
t=71 V=3.45154 A=0.20732 W=0.715573 mAh_cumul=5.10549 Wh_cumul=0.0176215 
t=72 V=3.45155 A=0.206167 W=0.711596 mAh_cumul=5.16276 Wh_cumul=0.0178191 
t=73 V=3.45153 A=0.20531 W=0.708634 mAh_cumul=5.21979 Wh_cumul=0.018016 
t=74 V=3.45153 A=0.204396 W=0.705479 mAh_cumul=5.27657 Wh_cumul=0.0182119 
t=75 V=3.45155 A=0.203397 W=0.702035 mAh_cumul=5.33307 Wh_cumul=0.018407 
t=76 V=3.45153 A=0.202419 W=0.698655 mAh_cumul=5.38929 Wh_cumul=0.018601 
t=77 V=3.45152 A=0.20136 W=0.694998 mAh_cumul=5.44523 Wh_cumul=0.0187941 
t=78 V=3.45151 A=0.200453 W=0.691866 mAh_cumul=5.50091 Wh_cumul=0.0189863 
t=79 V=3.45151 A=0.199689 W=0.689229 mAh_cumul=5.55638 Wh_cumul=0.0191777 
t=80 V=3.45153 A=0.198876 W=0.686426 mAh_cumul=5.61162 Wh_cumul=0.0193684 
t=81 V=3.4515 A=0.197947 W=0.683214 mAh_cumul=5.66661 Wh_cumul=0.0195582 
t=82 V=3.45153 A=0.197286 W=0.680939 mAh_cumul=5.72141 Wh_cumul=0.0197473 
t=83 V=3.45154 A=0.196374 W=0.677793 mAh_cumul=5.77596 Wh_cumul=0.0199356 
t=84 V=3.45148 A=0.195528 W=0.674861 mAh_cumul=5.83027 Wh_cumul=0.0201231 
t=85 V=3.45153 A=0.194826 W=0.672448 mAh_cumul=5.88439 Wh_cumul=0.0203099 
t=86 V=3.45154 A=0.194121 W=0.670016 mAh_cumul=5.93831 Wh_cumul=0.020496 
t=87 V=3.45155 A=0.193377 W=0.66745 mAh_cumul=5.99203 Wh_cumul=0.0206814 
t=88 V=3.45155 A=0.192596 W=0.664755 mAh_cumul=6.04553 Wh_cumul=0.020866 
t=89 V=3.45153 A=0.191741 W=0.6618 mAh_cumul=6.09879 Wh_cumul=0.0210499 
t=90 V=3.45156 A=0.190978 W=0.659172 mAh_cumul=6.15184 Wh_cumul=0.021233 
t=91 V=3.45154 A=0.1901 W=0.656138 mAh_cumul=6.20464 Wh_cumul=0.0214152 
t=92 V=3.45149 A=0.18928 W=0.653298 mAh_cumul=6.25722 Wh_cumul=0.0215967 
t=93 V=3.45149 A=0.188571 W=0.650851 mAh_cumul=6.3096 Wh_cumul=0.0217775 
t=94 V=3.45152 A=0.187693 W=0.647826 mAh_cumul=6.36174 Wh_cumul=0.0219574 
t=95 V=3.4515 A=0.187221 W=0.646193 mAh_cumul=6.41374 Wh_cumul=0.0221369 
t=96 V=3.45151 A=0.186449 W=0.643531 mAh_cumul=6.46554 Wh_cumul=0.0223157 
t=97 V=3.45153 A=0.185739 W=0.641084 mAh_cumul=6.51713 Wh_cumul=0.0224938 
t=98 V=3.45151 A=0.185062 W=0.638743 mAh_cumul=6.56854 Wh_cumul=0.0226712 
t=99 V=3.45154 A=0.184494 W=0.636788 mAh_cumul=6.61978 Wh_cumul=0.0228481 
t=100 V=3.45154 A=0.183932 W=0.634849 mAh_cumul=6.67088 Wh_cumul=0.0230244 
t=101 V=3.45153 A=0.183301 W=0.632669 mAh_cumul=6.72179 Wh_cumul=0.0232002 
t=102 V=3.45153 A=0.182715 W=0.630646 mAh_cumul=6.77255 Wh_cumul=0.0233754 
t=103 V=3.45151 A=0.181827 W=0.627578 mAh_cumul=6.82305 Wh_cumul=0.0235497 
t=104 V=3.45149 A=0.180964 W=0.624595 mAh_cumul=6.87332 Wh_cumul=0.0237232 
t=105 V=3.4515 A=0.180191 W=0.621929 mAh_cumul=6.92338 Wh_cumul=0.0238959 
t=106 V=3.45148 A=0.17948 W=0.619472 mAh_cumul=6.97323 Wh_cumul=0.024068 
t=107 V=3.45145 A=0.179086 W=0.618106 mAh_cumul=7.02298 Wh_cumul=0.0242397 
t=108 V=3.4515 A=0.178643 W=0.616586 mAh_cumul=7.0726 Wh_cumul=0.024411 
t=109 V=3.45151 A=0.177878 W=0.613948 mAh_cumul=7.12201 Wh_cumul=0.0245815 
t=110 V=3.45149 A=0.177256 W=0.611797 mAh_cumul=7.17125 Wh_cumul=0.0247515 
t=111 V=3.45154 A=0.176647 W=0.609704 mAh_cumul=7.22032 Wh_cumul=0.0249208 
t=112 V=3.45152 A=0.175962 W=0.607336 mAh_cumul=7.2692 Wh_cumul=0.0250895 
t=113 V=3.45149 A=0.175132 W=0.604466 mAh_cumul=7.31784 Wh_cumul=0.0252574 
t=114 V=3.4515 A=0.174478 W=0.602211 mAh_cumul=7.36631 Wh_cumul=0.0254247 
t=115 V=3.45148 A=0.173879 W=0.60014 mAh_cumul=7.41461 Wh_cumul=0.0255914 
t=116 V=3.45147 A=0.173195 W=0.597777 mAh_cumul=7.46272 Wh_cumul=0.0257575 
t=117 V=3.45151 A=0.172675 W=0.595989 mAh_cumul=7.51068 Wh_cumul=0.025923 
t=118 V=3.45146 A=0.172118 W=0.594058 mAh_cumul=7.55849 Wh_cumul=0.026088 
t=119 V=3.45148 A=0.171514 W=0.591977 mAh_cumul=7.60614 Wh_cumul=0.0262525 
t=120 V=3.45151 A=0.171079 W=0.590481 mAh_cumul=7.65366 Wh_cumul=0.0264165 
t=121 V=3.45148 A=0.170512 W=0.588519 mAh_cumul=7.70102 Wh_cumul=0.02658 
t=122 V=3.45149 A=0.169842 W=0.586208 mAh_cumul=7.7482 Wh_cumul=0.0267428 
t=123 V=3.45148 A=0.169229 W=0.584091 mAh_cumul=7.79521 Wh_cumul=0.0269051 
t=124 V=3.45149 A=0.168663 W=0.582139 mAh_cumul=7.84206 Wh_cumul=0.0270668 
t=125 V=3.45145 A=0.16817 W=0.58043 mAh_cumul=7.88877 Wh_cumul=0.027228 
t=126 V=3.45147 A=0.167711 W=0.578849 mAh_cumul=7.93536 Wh_cumul=0.0273888 
t=127 V=3.45148 A=0.167264 W=0.577308 mAh_cumul=7.98182 Wh_cumul=0.0275492 
t=128 V=3.45147 A=0.166703 W=0.57537 mAh_cumul=8.02813 Wh_cumul=0.027709 
t=129 V=3.45151 A=0.166345 W=0.574141 mAh_cumul=8.07434 Wh_cumul=0.0278685 
t=130 V=3.45153 A=0.165919 W=0.572674 mAh_cumul=8.12043 Wh_cumul=0.0280275 
t=131 V=3.4515 A=0.165302 W=0.57054 mAh_cumul=8.16634 Wh_cumul=0.028186 
t=132 V=3.45152 A=0.164886 W=0.569107 mAh_cumul=8.21214 Wh_cumul=0.0283441 
t=133 V=3.45155 A=0.164415 W=0.567487 mAh_cumul=8.25782 Wh_cumul=0.0285017 
t=134 V=3.45155 A=0.163844 W=0.565516 mAh_cumul=8.30333 Wh_cumul=0.0286588 
t=135 V=3.45151 A=0.16346 W=0.564184 mAh_cumul=8.34873 Wh_cumul=0.0288156 
t=136 V=3.45153 A=0.16291 W=0.562289 mAh_cumul=8.39399 Wh_cumul=0.0289717 
t=137 V=3.45154 A=0.162386 W=0.560482 mAh_cumul=8.43909 Wh_cumul=0.0291274 
t=138 V=3.45154 A=0.161967 W=0.559036 mAh_cumul=8.48408 Wh_cumul=0.0292827 
t=139 V=3.45151 A=0.161219 W=0.556449 mAh_cumul=8.52887 Wh_cumul=0.0294373 
t=140 V=3.4515 A=0.160799 W=0.554998 mAh_cumul=8.57353 Wh_cumul=0.0295915 
t=141 V=3.4515 A=0.160041 W=0.552382 mAh_cumul=8.61799 Wh_cumul=0.0297449 
t=142 V=3.45148 A=0.159622 W=0.550932 mAh_cumul=8.66233 Wh_cumul=0.0298979 
t=143 V=3.45149 A=0.159081 W=0.549066 mAh_cumul=8.70652 Wh_cumul=0.0300505 
t=144 V=3.45147 A=0.158499 W=0.547055 mAh_cumul=8.75055 Wh_cumul=0.0302024 
t=145 V=3.45148 A=0.157963 W=0.545206 mAh_cumul=8.79442 Wh_cumul=0.0303539 
t=146 V=3.45147 A=0.157585 W=0.5439 mAh_cumul=8.8382 Wh_cumul=0.0305049 
t=147 V=3.45148 A=0.157064 W=0.542103 mAh_cumul=8.88183 Wh_cumul=0.0306555 
t=148 V=3.45146 A=0.156636 W=0.540623 mAh_cumul=8.92534 Wh_cumul=0.0308057 
t=149 V=3.45148 A=0.156144 W=0.538928 mAh_cumul=8.96871 Wh_cumul=0.0309554 
t=150 V=3.45146 A=0.155785 W=0.537686 mAh_cumul=9.01198 Wh_cumul=0.0311048 
t=151 V=3.45149 A=0.155271 W=0.535916 mAh_cumul=9.05511 Wh_cumul=0.0312536 
t=152 V=3.45147 A=0.154987 W=0.534933 mAh_cumul=9.09817 Wh_cumul=0.0314022 
t=153 V=3.4515 A=0.154511 W=0.533295 mAh_cumul=9.14109 Wh_cumul=0.0315504 
t=154 V=3.45146 A=0.153902 W=0.531187 mAh_cumul=9.18384 Wh_cumul=0.0316979 
t=155 V=3.45146 A=0.153607 W=0.530168 mAh_cumul=9.2265 Wh_cumul=0.0318452 
t=156 V=3.45149 A=0.153309 W=0.529144 mAh_cumul=9.26909 Wh_cumul=0.0319922 
t=157 V=3.45148 A=0.153022 W=0.528152 mAh_cumul=9.3116 Wh_cumul=0.0321389 
t=158 V=3.45147 A=0.152419 W=0.52607 mAh_cumul=9.35394 Wh_cumul=0.032285 
t=159 V=3.45148 A=0.15201 W=0.524659 mAh_cumul=9.39616 Wh_cumul=0.0324307 
t=160 V=3.45146 A=0.151622 W=0.523317 mAh_cumul=9.43828 Wh_cumul=0.0325761 
t=161 V=3.45149 A=0.151262 W=0.522079 mAh_cumul=9.48029 Wh_cumul=0.0327211 
t=162 V=3.45149 A=0.150762 W=0.520354 mAh_cumul=9.52217 Wh_cumul=0.0328657 
t=163 V=3.45147 A=0.15014 W=0.518204 mAh_cumul=9.56388 Wh_cumul=0.0330096 
t=164 V=3.45148 A=0.149731 W=0.516794 mAh_cumul=9.60547 Wh_cumul=0.0331532 
t=165 V=3.45148 A=0.14932 W=0.515375 mAh_cumul=9.64695 Wh_cumul=0.0332963 
t=166 V=3.45148 A=0.149069 W=0.514509 mAh_cumul=9.68836 Wh_cumul=0.0334392 
t=167 V=3.45149 A=0.148649 W=0.513061 mAh_cumul=9.72965 Wh_cumul=0.0335818 
t=168 V=3.45151 A=0.148362 W=0.512073 mAh_cumul=9.77086 Wh_cumul=0.033724 
t=169 V=3.45149 A=0.147958 W=0.510676 mAh_cumul=9.81196 Wh_cumul=0.0338659 
t=170 V=3.4515 A=0.147564 W=0.509317 mAh_cumul=9.85295 Wh_cumul=0.0340073 
t=171 V=3.45152 A=0.147195 W=0.508046 mAh_cumul=9.89384 Wh_cumul=0.0341485 
t=172 V=3.45151 A=0.146809 W=0.506713 mAh_cumul=9.93462 Wh_cumul=0.0342892 
t=173 V=3.45152 A=0.146358 W=0.505158 mAh_cumul=9.97527 Wh_cumul=0.0344295 
t=174 V=3.45152 A=0.145872 W=0.50348 mAh_cumul=10.0158 Wh_cumul=0.0345694 
t=175 V=3.4515 A=0.145398 W=0.501841 mAh_cumul=10.0562 Wh_cumul=0.0347088 
t=176 V=3.45151 A=0.145117 W=0.500873 mAh_cumul=10.0965 Wh_cumul=0.0348479 
t=177 V=3.45148 A=0.144702 W=0.499436 mAh_cumul=10.1367 Wh_cumul=0.0349867 
t=178 V=3.45151 A=0.144339 W=0.498188 mAh_cumul=10.1768 Wh_cumul=0.035125 
t=179 V=3.45152 A=0.14409 W=0.49733 mAh_cumul=10.2168 Wh_cumul=0.0352632 
t=180 V=3.45154 A=0.143725 W=0.496073 mAh_cumul=10.2567 Wh_cumul=0.035401 
t=181 V=3.45151 A=0.143251 W=0.494432 mAh_cumul=10.2965 Wh_cumul=0.0355383 
t=182 V=3.4515 A=0.142851 W=0.49305 mAh_cumul=10.3362 Wh_cumul=0.0356753 
t=183 V=3.45151 A=0.142416 W=0.49155 mAh_cumul=10.3758 Wh_cumul=0.0358118 
t=184 V=3.45153 A=0.142256 W=0.491001 mAh_cumul=10.4153 Wh_cumul=0.0359482 
t=185 V=3.45152 A=0.141915 W=0.489822 mAh_cumul=10.4547 Wh_cumul=0.0360843 
t=186 V=3.45149 A=0.14156 W=0.488593 mAh_cumul=10.494 Wh_cumul=0.03622 
t=187 V=3.45151 A=0.141082 W=0.486946 mAh_cumul=10.5332 Wh_cumul=0.0363553 
t=188 V=3.45151 A=0.140748 W=0.485793 mAh_cumul=10.5723 Wh_cumul=0.0364902 
t=189 V=3.45151 A=0.140434 W=0.484709 mAh_cumul=10.6113 Wh_cumul=0.0366248 
t=190 V=3.45151 A=0.139961 W=0.483077 mAh_cumul=10.6502 Wh_cumul=0.036759 
t=191 V=3.45152 A=0.139706 W=0.482198 mAh_cumul=10.689 Wh_cumul=0.036893 
t=192 V=3.45151 A=0.139335 W=0.480916 mAh_cumul=10.7277 Wh_cumul=0.0370266 
t=193 V=3.45153 A=0.138972 W=0.479666 mAh_cumul=10.7663 Wh_cumul=0.0371598 
t=194 V=3.45151 A=0.138611 W=0.478417 mAh_cumul=10.8048 Wh_cumul=0.0372927 
t=195 V=3.45148 A=0.138096 W=0.476636 mAh_cumul=10.8432 Wh_cumul=0.0374251 
t=196 V=3.45146 A=0.137648 W=0.475087 mAh_cumul=10.8814 Wh_cumul=0.0375571 
t=197 V=3.45146 A=0.137226 W=0.47363 mAh_cumul=10.9195 Wh_cumul=0.0376886 
t=198 V=3.45147 A=0.136909 W=0.472537 mAh_cumul=10.9576 Wh_cumul=0.0378199 
t=199 V=3.4515 A=0.136583 W=0.471416 mAh_cumul=10.9955 Wh_cumul=0.0379508 
t=200 V=3.45146 A=0.136315 W=0.470486 mAh_cumul=11.0334 Wh_cumul=0.0380815 
t=201 V=3.45148 A=0.136002 W=0.469408 mAh_cumul=11.0711 Wh_cumul=0.0382119 
t=202 V=3.4515 A=0.135786 W=0.468665 mAh_cumul=11.1089 Wh_cumul=0.0383421 
t=203 V=3.45148 A=0.135425 W=0.467417 mAh_cumul=11.1465 Wh_cumul=0.0384719 
t=204 V=3.45147 A=0.13505 W=0.466121 mAh_cumul=11.184 Wh_cumul=0.0386014 
t=205 V=3.45153 A=0.134983 W=0.465898 mAh_cumul=11.2215 Wh_cumul=0.0387308 
t=206 V=3.4515 A=0.134714 W=0.464965 mAh_cumul=11.2589 Wh_cumul=0.03886 
t=207 V=3.45151 A=0.134252 W=0.463372 mAh_cumul=11.2962 Wh_cumul=0.0389887 
t=208 V=3.45148 A=0.13411 W=0.462878 mAh_cumul=11.3334 Wh_cumul=0.0391173 
t=209 V=3.45152 A=0.133962 W=0.462373 mAh_cumul=11.3707 Wh_cumul=0.0392457 
t=210 V=3.45151 A=0.133505 W=0.460794 mAh_cumul=11.4077 Wh_cumul=0.0393737 
t=211 V=3.4515 A=0.133069 W=0.459288 mAh_cumul=11.4447 Wh_cumul=0.0395013 
t=212 V=3.45149 A=0.132711 W=0.458051 mAh_cumul=11.4816 Wh_cumul=0.0396285 
t=213 V=3.4515 A=0.132335 W=0.456754 mAh_cumul=11.5183 Wh_cumul=0.0397554 
t=214 V=3.45149 A=0.132148 W=0.456108 mAh_cumul=11.555 Wh_cumul=0.0398821 
t=215 V=3.4515 A=0.13191 W=0.455287 mAh_cumul=11.5917 Wh_cumul=0.0400086 
t=216 V=3.45152 A=0.131506 W=0.453896 mAh_cumul=11.6282 Wh_cumul=0.0401347 
t=217 V=3.45149 A=0.131237 W=0.452963 mAh_cumul=11.6647 Wh_cumul=0.0402605 
t=218 V=3.45149 A=0.130687 W=0.451065 mAh_cumul=11.701 Wh_cumul=0.0403858 
t=219 V=3.45147 A=0.130464 W=0.450293 mAh_cumul=11.7372 Wh_cumul=0.0405109 
t=220 V=3.45147 A=0.130243 W=0.44953 mAh_cumul=11.7734 Wh_cumul=0.0406357 
t=221 V=3.45148 A=0.129987 W=0.448648 mAh_cumul=11.8095 Wh_cumul=0.0407604 
t=222 V=3.45149 A=0.129631 W=0.44742 mAh_cumul=11.8455 Wh_cumul=0.0408846 
t=223 V=3.45148 A=0.129249 W=0.4461 mAh_cumul=11.8814 Wh_cumul=0.0410086 
t=224 V=3.45149 A=0.128895 W=0.44488 mAh_cumul=11.9172 Wh_cumul=0.0411321 
t=225 V=3.45145 A=0.128454 W=0.443353 mAh_cumul=11.9529 Wh_cumul=0.0412553 
t=226 V=3.45148 A=0.128238 W=0.442611 mAh_cumul=11.9885 Wh_cumul=0.0413782 
t=227 V=3.45148 A=0.128141 W=0.442276 mAh_cumul=12.0241 Wh_cumul=0.0415011 
t=228 V=3.45149 A=0.127953 W=0.441628 mAh_cumul=12.0597 Wh_cumul=0.0416238 
t=229 V=3.45151 A=0.127714 W=0.440806 mAh_cumul=12.0951 Wh_cumul=0.0417462 
t=230 V=3.45152 A=0.127576 W=0.440331 mAh_cumul=12.1306 Wh_cumul=0.0418685 
t=231 V=3.45152 A=0.12743 W=0.439827 mAh_cumul=12.166 Wh_cumul=0.0419907 
t=232 V=3.4515 A=0.127045 W=0.438496 mAh_cumul=12.2013 Wh_cumul=0.0421125 
t=233 V=3.45154 A=0.127015 W=0.438397 mAh_cumul=12.2365 Wh_cumul=0.0422343 
t=234 V=3.45152 A=0.126686 W=0.437259 mAh_cumul=12.2717 Wh_cumul=0.0423557 
t=235 V=3.45153 A=0.126191 W=0.435552 mAh_cumul=12.3068 Wh_cumul=0.0424767 
t=236 V=3.45151 A=0.125699 W=0.433851 mAh_cumul=12.3417 Wh_cumul=0.0425972 
t=237 V=3.4515 A=0.125369 W=0.432711 mAh_cumul=12.3765 Wh_cumul=0.0427174 
t=238 V=3.45148 A=0.125201 W=0.432129 mAh_cumul=12.4113 Wh_cumul=0.0428375 
t=239 V=3.45149 A=0.124918 W=0.431153 mAh_cumul=12.446 Wh_cumul=0.0429572 
t=240 V=3.45148 A=0.124655 W=0.430244 mAh_cumul=12.4806 Wh_cumul=0.0430768 
t=241 V=3.4515 A=0.124391 W=0.429336 mAh_cumul=12.5152 Wh_cumul=0.043196 
t=242 V=3.45152 A=0.124234 W=0.428796 mAh_cumul=12.5497 Wh_cumul=0.0433151 
t=243 V=3.45147 A=0.123743 W=0.427095 mAh_cumul=12.5841 Wh_cumul=0.0434338 
t=244 V=3.45149 A=0.123525 W=0.426345 mAh_cumul=12.6184 Wh_cumul=0.0435522 
t=245 V=3.4515 A=0.123405 W=0.425932 mAh_cumul=12.6527 Wh_cumul=0.0436705 
t=246 V=3.4515 A=0.123148 W=0.425045 mAh_cumul=12.6869 Wh_cumul=0.0437886 
t=247 V=3.45153 A=0.123139 W=0.425018 mAh_cumul=12.7211 Wh_cumul=0.0439066 
t=248 V=3.45152 A=0.123064 W=0.424758 mAh_cumul=12.7552 Wh_cumul=0.0440246 
t=249 V=3.45149 A=0.122385 W=0.422411 mAh_cumul=12.7892 Wh_cumul=0.044142 
t=250 V=3.45148 A=0.122096 W=0.421412 mAh_cumul=12.8232 Wh_cumul=0.044259 
t=251 V=3.45147 A=0.121813 W=0.420434 mAh_cumul=12.857 Wh_cumul=0.0443758 
t=252 V=3.45152 A=0.121746 W=0.420209 mAh_cumul=12.8908 Wh_cumul=0.0444925 
t=253 V=3.45151 A=0.121364 W=0.418889 mAh_cumul=12.9245 Wh_cumul=0.0446089 
t=254 V=3.45152 A=0.121177 W=0.418245 mAh_cumul=12.9582 Wh_cumul=0.0447251 
t=255 V=3.4515 A=0.120991 W=0.4176 mAh_cumul=12.9918 Wh_cumul=0.0448411 
t=256 V=3.4515 A=0.120735 W=0.416717 mAh_cumul=13.0253 Wh_cumul=0.0449568 
t=257 V=3.45149 A=0.12053 W=0.416008 mAh_cumul=13.0588 Wh_cumul=0.0450724 
t=258 V=3.45152 A=0.120351 W=0.415394 mAh_cumul=13.0922 Wh_cumul=0.0451878 
t=259 V=3.45151 A=0.120118 W=0.414588 mAh_cumul=13.1256 Wh_cumul=0.0453029 
t=260 V=3.45152 A=0.120058 W=0.414383 mAh_cumul=13.159 Wh_cumul=0.045418 
t=261 V=3.45153 A=0.119919 W=0.413904 mAh_cumul=13.1923 Wh_cumul=0.045533 
t=262 V=3.45154 A=0.119658 W=0.413004 mAh_cumul=13.2255 Wh_cumul=0.0456477 
t=263 V=3.45154 A=0.119387 W=0.412069 mAh_cumul=13.2587 Wh_cumul=0.0457622 
t=264 V=3.45155 A=0.119001 W=0.410738 mAh_cumul=13.2917 Wh_cumul=0.0458763 
t=265 V=3.45151 A=0.11862 W=0.409418 mAh_cumul=13.3247 Wh_cumul=0.04599 
t=266 V=3.4515 A=0.118227 W=0.40806 mAh_cumul=13.3575 Wh_cumul=0.0461034 
t=267 V=3.45149 A=0.117827 W=0.406679 mAh_cumul=13.3902 Wh_cumul=0.0462163 
t=268 V=3.45145 A=0.11775 W=0.406408 mAh_cumul=13.423 Wh_cumul=0.0463292 
t=269 V=3.45148 A=0.117476 W=0.405466 mAh_cumul=13.4556 Wh_cumul=0.0464419 
t=270 V=3.4515 A=0.117397 W=0.405196 mAh_cumul=13.4882 Wh_cumul=0.0465544 
t=271 V=3.4515 A=0.117188 W=0.404474 mAh_cumul=13.5208 Wh_cumul=0.0466668 
t=272 V=3.45148 A=0.116987 W=0.403778 mAh_cumul=13.5532 Wh_cumul=0.0467789 
t=273 V=3.45151 A=0.116778 W=0.40306 mAh_cumul=13.5857 Wh_cumul=0.0468909 
t=274 V=3.4515 A=0.116476 W=0.402017 mAh_cumul=13.618 Wh_cumul=0.0470026 
t=275 V=3.45151 A=0.116384 W=0.401701 mAh_cumul=13.6504 Wh_cumul=0.0471141 
t=276 V=3.45152 A=0.116225 W=0.401153 mAh_cumul=13.6827 Wh_cumul=0.0472256 
t=277 V=3.45151 A=0.116065 W=0.4006 mAh_cumul=13.7149 Wh_cumul=0.0473368 
t=278 V=3.45153 A=0.115845 W=0.399842 mAh_cumul=13.7471 Wh_cumul=0.0474479 
t=279 V=3.4515 A=0.115478 W=0.398572 mAh_cumul=13.7792 Wh_cumul=0.0475586 
t=280 V=3.45151 A=0.115406 W=0.398325 mAh_cumul=13.8112 Wh_cumul=0.0476693 
t=281 V=3.45152 A=0.115369 W=0.398198 mAh_cumul=13.8433 Wh_cumul=0.0477799 
t=282 V=3.45155 A=0.115246 W=0.397777 mAh_cumul=13.8753 Wh_cumul=0.0478904 
t=283 V=3.45156 A=0.114895 W=0.396567 mAh_cumul=13.9072 Wh_cumul=0.0480005 
t=284 V=3.45153 A=0.114724 W=0.395973 mAh_cumul=13.9391 Wh_cumul=0.0481105 
t=285 V=3.4515 A=0.114196 W=0.394147 mAh_cumul=13.9708 Wh_cumul=0.04822 
t=286 V=3.4515 A=0.113928 W=0.393222 mAh_cumul=14.0024 Wh_cumul=0.0483292 
t=287 V=3.45152 A=0.113732 W=0.392548 mAh_cumul=14.034 Wh_cumul=0.0484383 
t=288 V=3.4515 A=0.113508 W=0.391773 mAh_cumul=14.0655 Wh_cumul=0.0485471 
t=289 V=3.45148 A=0.113118 W=0.390425 mAh_cumul=14.097 Wh_cumul=0.0486556 
t=290 V=3.45148 A=0.113097 W=0.390352 mAh_cumul=14.1284 Wh_cumul=0.048764 
t=291 V=3.45149 A=0.112824 W=0.389411 mAh_cumul=14.1597 Wh_cumul=0.0488722 
t=292 V=3.45148 A=0.112576 W=0.388554 mAh_cumul=14.191 Wh_cumul=0.0489801 
t=293 V=3.45147 A=0.112435 W=0.388066 mAh_cumul=14.2222 Wh_cumul=0.0490879 
t=294 V=3.45147 A=0.112248 W=0.387421 mAh_cumul=14.2534 Wh_cumul=0.0491955 
t=295 V=3.45146 A=0.111972 W=0.386467 mAh_cumul=14.2845 Wh_cumul=0.0493029 
t=296 V=3.45148 A=0.11174 W=0.385668 mAh_cumul=14.3155 Wh_cumul=0.04941 
t=297 V=3.45152 A=0.111589 W=0.385152 mAh_cumul=14.3465 Wh_cumul=0.049517 
t=298 V=3.45147 A=0.111453 W=0.384677 mAh_cumul=14.3775 Wh_cumul=0.0496238 
t=299 V=3.45148 A=0.111205 W=0.383822 mAh_cumul=14.4084 Wh_cumul=0.0497304 
t=300 V=3.45149 A=0.11095 W=0.382943 mAh_cumul=14.4392 Wh_cumul=0.0498368 
t=301 V=3.45147 A=0.110802 W=0.38243 mAh_cumul=14.47 Wh_cumul=0.0499431 
t=302 V=3.45148 A=0.110641 W=0.381875 mAh_cumul=14.5007 Wh_cumul=0.0500491 
t=303 V=3.4515 A=0.11053 W=0.381494 mAh_cumul=14.5314 Wh_cumul=0.0501551 
t=304 V=3.45145 A=0.110162 W=0.380219 mAh_cumul=14.562 Wh_cumul=0.0502607 
t=305 V=3.45147 A=0.109905 W=0.379334 mAh_cumul=14.5926 Wh_cumul=0.0503661 
t=306 V=3.45148 A=0.109871 W=0.379218 mAh_cumul=14.6231 Wh_cumul=0.0504714 
t=307 V=3.45147 A=0.109615 W=0.378333 mAh_cumul=14.6535 Wh_cumul=0.0505765 
t=308 V=3.45148 A=0.109837 W=0.3791 mAh_cumul=14.684 Wh_cumul=0.0506818 
t=309 V=3.45153 A=0.109863 W=0.379195 mAh_cumul=14.7146 Wh_cumul=0.0507872 
t=310 V=3.45152 A=0.109697 W=0.378621 mAh_cumul=14.745 Wh_cumul=0.0508923 
t=311 V=3.45155 A=0.109525 W=0.378031 mAh_cumul=14.7754 Wh_cumul=0.0509973 
t=312 V=3.45155 A=0.109212 W=0.376951 mAh_cumul=14.8058 Wh_cumul=0.051102 
t=313 V=3.45152 A=0.108815 W=0.375577 mAh_cumul=14.836 Wh_cumul=0.0512064 
t=314 V=3.45154 A=0.108571 W=0.374737 mAh_cumul=14.8662 Wh_cumul=0.0513105 
t=315 V=3.45152 A=0.108419 W=0.37421 mAh_cumul=14.8963 Wh_cumul=0.0514144 
t=316 V=3.45152 A=0.108194 W=0.373434 mAh_cumul=14.9263 Wh_cumul=0.0515181 
t=317 V=3.45151 A=0.108075 W=0.373022 mAh_cumul=14.9564 Wh_cumul=0.0516218 
t=318 V=3.45152 A=0.107946 W=0.372578 mAh_cumul=14.9863 Wh_cumul=0.0517253 
t=319 V=3.45153 A=0.107691 W=0.371699 mAh_cumul=15.0163 Wh_cumul=0.0518285 
t=320 V=3.45149 A=0.107717 W=0.371784 mAh_cumul=15.0462 Wh_cumul=0.0519318 
t=321 V=3.4515 A=0.107239 W=0.370135 mAh_cumul=15.076 Wh_cumul=0.0520346 
t=322 V=3.45151 A=0.107105 W=0.369674 mAh_cumul=15.1057 Wh_cumul=0.0521373 
t=323 V=3.45151 A=0.106976 W=0.369229 mAh_cumul=15.1354 Wh_cumul=0.0522398 
t=324 V=3.45149 A=0.106987 W=0.369265 mAh_cumul=15.1652 Wh_cumul=0.0523424 
t=325 V=3.45152 A=0.106765 W=0.368502 mAh_cumul=15.1948 Wh_cumul=0.0524448 
t=326 V=3.4515 A=0.106261 W=0.36676 mAh_cumul=15.2243 Wh_cumul=0.0525467 
t=327 V=3.45149 A=0.106234 W=0.366666 mAh_cumul=15.2538 Wh_cumul=0.0526485 
t=328 V=3.45151 A=0.105977 W=0.365781 mAh_cumul=15.2833 Wh_cumul=0.0527501 
t=329 V=3.45149 A=0.105702 W=0.364829 mAh_cumul=15.3126 Wh_cumul=0.0528515 
t=330 V=3.45144 A=0.10551 W=0.364161 mAh_cumul=15.3419 Wh_cumul=0.0529526 
t=331 V=3.45151 A=0.105476 W=0.364051 mAh_cumul=15.3712 Wh_cumul=0.0530537 
t=332 V=3.4515 A=0.105309 W=0.363474 mAh_cumul=15.4005 Wh_cumul=0.0531547 
t=333 V=3.45151 A=0.105275 W=0.363358 mAh_cumul=15.4297 Wh_cumul=0.0532556 
t=334 V=3.45151 A=0.105155 W=0.362944 mAh_cumul=15.4589 Wh_cumul=0.0533565 
t=335 V=3.45148 A=0.104898 W=0.362053 mAh_cumul=15.4881 Wh_cumul=0.053457 
t=336 V=3.45151 A=0.104765 W=0.361597 mAh_cumul=15.5172 Wh_cumul=0.0535575 
t=337 V=3.45153 A=0.104471 W=0.360585 mAh_cumul=15.5462 Wh_cumul=0.0536576 
t=338 V=3.45148 A=0.10433 W=0.360093 mAh_cumul=15.5752 Wh_cumul=0.0537577 
t=339 V=3.45148 A=0.104194 W=0.359624 mAh_cumul=15.6041 Wh_cumul=0.0538575 
t=340 V=3.45151 A=0.104061 W=0.359168 mAh_cumul=15.633 Wh_cumul=0.0539573 
t=341 V=3.45153 A=0.104031 W=0.359066 mAh_cumul=15.6619 Wh_cumul=0.0540571 
t=342 V=3.4515 A=0.103882 W=0.358549 mAh_cumul=15.6908 Wh_cumul=0.0541567 
t=343 V=3.45149 A=0.103602 W=0.357581 mAh_cumul=15.7196 Wh_cumul=0.054256 
t=344 V=3.4515 A=0.103459 W=0.357089 mAh_cumul=15.7483 Wh_cumul=0.0543552 
t=345 V=3.45148 A=0.103268 W=0.356427 mAh_cumul=15.777 Wh_cumul=0.0544542 
t=346 V=3.45151 A=0.102948 W=0.355326 mAh_cumul=15.8056 Wh_cumul=0.0545529 
t=347 V=3.45148 A=0.102856 W=0.355005 mAh_cumul=15.8342 Wh_cumul=0.0546515 
t=348 V=3.45144 A=0.102649 W=0.354287 mAh_cumul=15.8627 Wh_cumul=0.0547499 
t=349 V=3.45145 A=0.102499 W=0.35377 mAh_cumul=15.8911 Wh_cumul=0.0548482 
t=350 V=3.45147 A=0.102566 W=0.354003 mAh_cumul=15.9196 Wh_cumul=0.0549465 
t=351 V=3.45147 A=0.102806 W=0.354832 mAh_cumul=15.9482 Wh_cumul=0.0550451 
t=352 V=3.45152 A=0.102509 W=0.353812 mAh_cumul=15.9767 Wh_cumul=0.0551434 
t=353 V=3.45152 A=0.102233 W=0.352859 mAh_cumul=16.0051 Wh_cumul=0.0552414 
t=354 V=3.45152 A=0.102067 W=0.352286 mAh_cumul=16.0334 Wh_cumul=0.0553392 
t=355 V=3.45153 A=0.101921 W=0.351783 mAh_cumul=16.0617 Wh_cumul=0.0554369 
t=356 V=3.45152 A=0.10172 W=0.351089 mAh_cumul=16.09 Wh_cumul=0.0555345 
t=357 V=3.45148 A=0.10152 W=0.350394 mAh_cumul=16.1182 Wh_cumul=0.0556318 
t=358 V=3.4515 A=0.101326 W=0.349727 mAh_cumul=16.1463 Wh_cumul=0.055729 
t=359 V=3.45148 A=0.101281 W=0.349569 mAh_cumul=16.1745 Wh_cumul=0.0558261 
t=360 V=3.45148 A=0.10095 W=0.348427 mAh_cumul=16.2025 Wh_cumul=0.0559228 
t=361 V=3.45147 A=0.100897 W=0.348243 mAh_cumul=16.2305 Wh_cumul=0.0560196 
t=362 V=3.45149 A=0.100887 W=0.34821 mAh_cumul=16.2586 Wh_cumul=0.0561163 
t=363 V=3.45151 A=0.100757 W=0.347764 mAh_cumul=16.2865 Wh_cumul=0.0562129 
t=364 V=3.45151 A=0.100601 W=0.347225 mAh_cumul=16.3145 Wh_cumul=0.0563094 
t=365 V=3.45154 A=0.10088 W=0.348191 mAh_cumul=16.3425 Wh_cumul=0.0564061 
t=366 V=3.45155 A=0.100852 W=0.348096 mAh_cumul=16.3705 Wh_cumul=0.0565028 
t=367 V=3.45153 A=0.100317 W=0.346247 mAh_cumul=16.3984 Wh_cumul=0.0565989 
t=368 V=3.45151 A=0.100058 W=0.345351 mAh_cumul=16.4262 Wh_cumul=0.0566949 
t=369 V=3.45152 A=0.09999 W=0.345117 mAh_cumul=16.454 Wh_cumul=0.0567907 
t=370 V=3.45154 A=0.0998379 W=0.344595 mAh_cumul=16.4817 Wh_cumul=0.0568865 
t=371 V=3.45152 A=0.0997444 W=0.34427 mAh_cumul=16.5094 Wh_cumul=0.0569821 
t=372 V=3.45152 A=0.0994711 W=0.343326 mAh_cumul=16.537 Wh_cumul=0.0570775 
t=373 V=3.45149 A=0.0992757 W=0.342649 mAh_cumul=16.5646 Wh_cumul=0.0571726 
t=374 V=3.45154 A=0.0993196 W=0.342806 mAh_cumul=16.5922 Wh_cumul=0.0572679 
t=375 V=3.45154 A=0.0993899 W=0.343048 mAh_cumul=16.6198 Wh_cumul=0.0573632 
t=376 V=3.45155 A=0.0992128 W=0.342438 mAh_cumul=16.6474 Wh_cumul=0.0574583 
t=377 V=3.45151 A=0.0987976 W=0.341001 mAh_cumul=16.6748 Wh_cumul=0.057553 
t=378 V=3.45149 A=0.0986392 W=0.340452 mAh_cumul=16.7022 Wh_cumul=0.0576476 
t=379 V=3.45148 A=0.0984491 W=0.339795 mAh_cumul=16.7296 Wh_cumul=0.057742 
t=380 V=3.45151 A=0.0983194 W=0.33935 mAh_cumul=16.7569 Wh_cumul=0.0578362 
t=381 V=3.45151 A=0.098065 W=0.338472 mAh_cumul=16.7841 Wh_cumul=0.0579302 
t=382 V=3.4515 A=0.0980883 W=0.338552 mAh_cumul=16.8114 Wh_cumul=0.0580243 
t=383 V=3.45152 A=0.0979435 W=0.338054 mAh_cumul=16.8386 Wh_cumul=0.0581182 
t=384 V=3.45151 A=0.0978761 W=0.33782 mAh_cumul=16.8657 Wh_cumul=0.058212 
t=385 V=3.45153 A=0.0978739 W=0.337815 mAh_cumul=16.8929 Wh_cumul=0.0583059 
t=386 V=3.45151 A=0.0979631 W=0.338121 mAh_cumul=16.9201 Wh_cumul=0.0583998 
t=387 V=3.45156 A=0.0979417 W=0.338052 mAh_cumul=16.9474 Wh_cumul=0.0584937 
t=388 V=3.45155 A=0.0976109 W=0.336909 mAh_cumul=16.9745 Wh_cumul=0.0585873 
t=389 V=3.45149 A=0.0970515 W=0.334972 mAh_cumul=17.0014 Wh_cumul=0.0586803 
t=390 V=3.45148 A=0.096787 W=0.334058 mAh_cumul=17.0283 Wh_cumul=0.0587731 
t=391 V=3.4515 A=0.0965751 W=0.333329 mAh_cumul=17.0551 Wh_cumul=0.0588657 
t=392 V=3.45147 A=0.096568 W=0.333302 mAh_cumul=17.082 Wh_cumul=0.0589583 
t=393 V=3.4515 A=0.0964359 W=0.332849 mAh_cumul=17.1088 Wh_cumul=0.0590508 
t=394 V=3.45149 A=0.0964334 W=0.332839 mAh_cumul=17.1355 Wh_cumul=0.0591432 
t=395 V=3.45149 A=0.0961959 W=0.332019 mAh_cumul=17.1623 Wh_cumul=0.0592354 
t=396 V=3.45149 A=0.0960814 W=0.331624 mAh_cumul=17.1889 Wh_cumul=0.0593276 
t=397 V=3.45149 A=0.0958698 W=0.330894 mAh_cumul=17.2156 Wh_cumul=0.0594195 
t=398 V=3.45149 A=0.0957908 W=0.330621 mAh_cumul=17.2422 Wh_cumul=0.0595113 
t=399 V=3.4515 A=0.0957246 W=0.330393 mAh_cumul=17.2688 Wh_cumul=0.0596031 
t=400 V=3.45148 A=0.095547 W=0.329779 mAh_cumul=17.2953 Wh_cumul=0.0596947 
t=401 V=3.4515 A=0.095538 W=0.329749 mAh_cumul=17.3219 Wh_cumul=0.0597863 
t=402 V=3.4515 A=0.0954036 W=0.329286 mAh_cumul=17.3484 Wh_cumul=0.0598778 
t=403 V=3.45152 A=0.0953656 W=0.329156 mAh_cumul=17.3748 Wh_cumul=0.0599692 
t=404 V=3.45151 A=0.0950384 W=0.328026 mAh_cumul=17.4012 Wh_cumul=0.0600603 
t=405 V=3.45151 A=0.0949844 W=0.32784 mAh_cumul=17.4276 Wh_cumul=0.0601514 
t=406 V=3.45152 A=0.0948102 W=0.327239 mAh_cumul=17.454 Wh_cumul=0.0602423 
t=407 V=3.4515 A=0.0948126 W=0.327246 mAh_cumul=17.4803 Wh_cumul=0.0603332 
t=408 V=3.45149 A=0.0946093 W=0.326543 mAh_cumul=17.5066 Wh_cumul=0.0604239 
t=409 V=3.4515 A=0.0945268 W=0.326259 mAh_cumul=17.5328 Wh_cumul=0.0605145 
t=410 V=3.4515 A=0.094309 W=0.325508 mAh_cumul=17.559 Wh_cumul=0.0606049 
t=411 V=3.45152 A=0.094272 W=0.325382 mAh_cumul=17.5852 Wh_cumul=0.0606953 
t=412 V=3.45147 A=0.0940617 W=0.324651 mAh_cumul=17.6114 Wh_cumul=0.0607855 
t=413 V=3.4515 A=0.093944 W=0.324248 mAh_cumul=17.6374 Wh_cumul=0.0608756 
t=414 V=3.45149 A=0.0938879 W=0.324053 mAh_cumul=17.6635 Wh_cumul=0.0609656 
t=415 V=3.45152 A=0.0936588 W=0.323265 mAh_cumul=17.6895 Wh_cumul=0.0610554 
t=416 V=3.45152 A=0.0936993 W=0.323405 mAh_cumul=17.7156 Wh_cumul=0.0611452 
t=417 V=3.45149 A=0.0935542 W=0.322901 mAh_cumul=17.7416 Wh_cumul=0.0612349 
t=418 V=3.45153 A=0.0936296 W=0.323165 mAh_cumul=17.7676 Wh_cumul=0.0613247 
t=419 V=3.4515 A=0.0933375 W=0.322154 mAh_cumul=17.7935 Wh_cumul=0.0614142 
t=420 V=3.45151 A=0.0930791 W=0.321263 mAh_cumul=17.8194 Wh_cumul=0.0615034 
t=421 V=3.45149 A=0.0931122 W=0.321376 mAh_cumul=17.8452 Wh_cumul=0.0615927 
t=422 V=3.4515 A=0.0930982 W=0.321328 mAh_cumul=17.8711 Wh_cumul=0.0616819 
t=423 V=3.45152 A=0.0927791 W=0.320229 mAh_cumul=17.8968 Wh_cumul=0.0617709 
t=424 V=3.45152 A=0.092761 W=0.320166 mAh_cumul=17.9226 Wh_cumul=0.0618598 
t=425 V=3.4515 A=0.0928104 W=0.320335 mAh_cumul=17.9484 Wh_cumul=0.0619488 
t=426 V=3.45151 A=0.0927017 W=0.319961 mAh_cumul=17.9741 Wh_cumul=0.0620377 
t=427 V=3.45149 A=0.0927341 W=0.320071 mAh_cumul=17.9999 Wh_cumul=0.0621266 
t=428 V=3.45153 A=0.0925735 W=0.31952 mAh_cumul=18.0256 Wh_cumul=0.0622153 
t=429 V=3.45155 A=0.0924797 W=0.319198 mAh_cumul=18.0513 Wh_cumul=0.062304 
t=430 V=3.4515 A=0.092438 W=0.31905 mAh_cumul=18.077 Wh_cumul=0.0623926 
t=431 V=3.45154 A=0.0922096 W=0.318265 mAh_cumul=18.1026 Wh_cumul=0.062481 
t=432 V=3.45153 A=0.092122 W=0.317962 mAh_cumul=18.1282 Wh_cumul=0.0625694 
t=433 V=3.45154 A=0.0917171 W=0.316565 mAh_cumul=18.1537 Wh_cumul=0.0626573 
t=434 V=3.45147 A=0.091694 W=0.316479 mAh_cumul=18.1791 Wh_cumul=0.0627452 
t=435 V=3.45151 A=0.0915196 W=0.315881 mAh_cumul=18.2046 Wh_cumul=0.0628329 
t=436 V=3.45152 A=0.0914793 W=0.315743 mAh_cumul=18.23 Wh_cumul=0.0629207 
t=437 V=3.45152 A=0.0912367 W=0.314905 mAh_cumul=18.2553 Wh_cumul=0.0630081 
t=438 V=3.45152 A=0.091164 W=0.314654 mAh_cumul=18.2806 Wh_cumul=0.0630955 
t=439 V=3.45149 A=0.091042 W=0.314231 mAh_cumul=18.3059 Wh_cumul=0.0631828 
t=440 V=3.45152 A=0.0912632 W=0.314997 mAh_cumul=18.3313 Wh_cumul=0.0632703 
t=441 V=3.45152 A=0.0910533 W=0.314272 mAh_cumul=18.3566 Wh_cumul=0.0633576 
t=442 V=3.45155 A=0.0908755 W=0.313661 mAh_cumul=18.3818 Wh_cumul=0.0634447 
t=443 V=3.45154 A=0.0906923 W=0.313028 mAh_cumul=18.407 Wh_cumul=0.0635317 
t=444 V=3.45151 A=0.090654 W=0.312893 mAh_cumul=18.4322 Wh_cumul=0.0636186 
t=445 V=3.45148 A=0.0906492 W=0.312874 mAh_cumul=18.4574 Wh_cumul=0.0637055 
t=446 V=3.45151 A=0.0904981 W=0.312355 mAh_cumul=18.4825 Wh_cumul=0.0637923 
t=447 V=3.45153 A=0.0904929 W=0.312339 mAh_cumul=18.5076 Wh_cumul=0.063879 
t=448 V=3.45153 A=0.0903806 W=0.311951 mAh_cumul=18.5327 Wh_cumul=0.0639657 
t=449 V=3.45157 A=0.0904205 W=0.312093 mAh_cumul=18.5579 Wh_cumul=0.0640524 
t=450 V=3.45157 A=0.090335 W=0.311798 mAh_cumul=18.583 Wh_cumul=0.064139 
t=451 V=3.45156 A=0.0900996 W=0.310984 mAh_cumul=18.608 Wh_cumul=0.0642254 
t=452 V=3.45153 A=0.0899189 W=0.310358 mAh_cumul=18.633 Wh_cumul=0.0643116 
t=453 V=3.45152 A=0.0899309 W=0.310398 mAh_cumul=18.6579 Wh_cumul=0.0643978 
t=454 V=3.45156 A=0.0901382 W=0.311117 mAh_cumul=18.683 Wh_cumul=0.0644842 
t=455 V=3.45154 A=0.0899882 W=0.310598 mAh_cumul=18.708 Wh_cumul=0.0645705 
t=456 V=3.45153 A=0.089855 W=0.310137 mAh_cumul=18.7329 Wh_cumul=0.0646567 
t=457 V=3.45152 A=0.0895052 W=0.308929 mAh_cumul=18.7578 Wh_cumul=0.0647425 
t=458 V=3.45151 A=0.0892419 W=0.308019 mAh_cumul=18.7826 Wh_cumul=0.064828 
t=459 V=3.45156 A=0.089225 W=0.307965 mAh_cumul=18.8074 Wh_cumul=0.0649136 
t=460 V=3.45153 A=0.0891074 W=0.307557 mAh_cumul=18.8321 Wh_cumul=0.064999 
t=461 V=3.4515 A=0.0890966 W=0.307517 mAh_cumul=18.8569 Wh_cumul=0.0650844 
t=462 V=3.45153 A=0.088854 W=0.306682 mAh_cumul=18.8816 Wh_cumul=0.0651696 
t=463 V=3.4515 A=0.0887522 W=0.306328 mAh_cumul=18.9062 Wh_cumul=0.0652547 
t=464 V=3.45153 A=0.0884705 W=0.305359 mAh_cumul=18.9308 Wh_cumul=0.0653395 
t=465 V=3.45151 A=0.088462 W=0.305327 mAh_cumul=18.9554 Wh_cumul=0.0654244 
t=466 V=3.4515 A=0.0882987 W=0.304763 mAh_cumul=18.9799 Wh_cumul=0.065509 
t=467 V=3.45154 A=0.088454 W=0.305303 mAh_cumul=19.0045 Wh_cumul=0.0655938 
t=468 V=3.45148 A=0.0882811 W=0.3047 mAh_cumul=19.029 Wh_cumul=0.0656785 
t=469 V=3.45153 A=0.0883152 W=0.304823 mAh_cumul=19.0535 Wh_cumul=0.0657631 
t=470 V=3.45154 A=0.0881689 W=0.304318 mAh_cumul=19.078 Wh_cumul=0.0658477 
t=471 V=3.4515 A=0.0879515 W=0.303565 mAh_cumul=19.1024 Wh_cumul=0.065932 
t=472 V=3.45152 A=0.0878783 W=0.303314 mAh_cumul=19.1268 Wh_cumul=0.0660162 
t=473 V=3.45152 A=0.0878483 W=0.30321 mAh_cumul=19.1512 Wh_cumul=0.0661005 
t=474 V=3.45151 A=0.0875424 W=0.302153 mAh_cumul=19.1756 Wh_cumul=0.0661844 
t=475 V=3.45149 A=0.0873187 W=0.30138 mAh_cumul=19.1998 Wh_cumul=0.0662681 
t=476 V=3.45147 A=0.0871962 W=0.300955 mAh_cumul=19.224 Wh_cumul=0.0663517 
t=477 V=3.45151 A=0.0870798 W=0.300557 mAh_cumul=19.2482 Wh_cumul=0.0664352 
t=478 V=3.45149 A=0.0870659 W=0.300507 mAh_cumul=19.2724 Wh_cumul=0.0665187 
t=479 V=3.45148 A=0.0870869 W=0.300579 mAh_cumul=19.2966 Wh_cumul=0.0666022 
t=480 V=3.45152 A=0.0871877 W=0.30093 mAh_cumul=19.3208 Wh_cumul=0.0666858 
t=481 V=3.45148 A=0.086995 W=0.300262 mAh_cumul=19.345 Wh_cumul=0.0667692 
t=482 V=3.45153 A=0.0869828 W=0.300224 mAh_cumul=19.3692 Wh_cumul=0.0668526 
t=483 V=3.45152 A=0.0868571 W=0.299789 mAh_cumul=19.3933 Wh_cumul=0.0669358 
t=484 V=3.45153 A=0.086752 W=0.299427 mAh_cumul=19.4174 Wh_cumul=0.067019 
t=485 V=3.45149 A=0.086741 W=0.299386 mAh_cumul=19.4415 Wh_cumul=0.0671022 
t=486 V=3.45151 A=0.0865415 W=0.298699 mAh_cumul=19.4655 Wh_cumul=0.0671851 
t=487 V=3.45151 A=0.0864413 W=0.298353 mAh_cumul=19.4895 Wh_cumul=0.067268 
t=488 V=3.4515 A=0.0864039 W=0.298223 mAh_cumul=19.5135 Wh_cumul=0.0673509 
t=489 V=3.4515 A=0.0863016 W=0.29787 mAh_cumul=19.5375 Wh_cumul=0.0674336 
t=490 V=3.4515 A=0.0861437 W=0.297325 mAh_cumul=19.5614 Wh_cumul=0.0675162 
t=491 V=3.45151 A=0.0861652 W=0.2974 mAh_cumul=19.5854 Wh_cumul=0.0675988 
t=492 V=3.45154 A=0.08609 W=0.297143 mAh_cumul=19.6093 Wh_cumul=0.0676813 
t=493 V=3.45153 A=0.0862143 W=0.297571 mAh_cumul=19.6332 Wh_cumul=0.067764 
t=494 V=3.45152 A=0.0861782 W=0.297446 mAh_cumul=19.6572 Wh_cumul=0.0678466 
t=495 V=3.45151 A=0.0858423 W=0.296286 mAh_cumul=19.681 Wh_cumul=0.0679289 
t=496 V=3.45153 A=0.0858316 W=0.29625 mAh_cumul=19.7048 Wh_cumul=0.0680112 
t=497 V=3.45151 A=0.0857578 W=0.295994 mAh_cumul=19.7287 Wh_cumul=0.0680934 
t=498 V=3.45153 A=0.0855683 W=0.295342 mAh_cumul=19.7524 Wh_cumul=0.0681755 
t=499 V=3.45152 A=0.0855218 W=0.29518 mAh_cumul=19.7762 Wh_cumul=0.0682575 
t=500 V=3.45152 A=0.0853758 W=0.294676 mAh_cumul=19.7999 Wh_cumul=0.0683393 
t=501 V=3.45153 A=0.0853705 W=0.294659 mAh_cumul=19.8236 Wh_cumul=0.0684212 
t=502 V=3.45153 A=0.0851099 W=0.293759 mAh_cumul=19.8473 Wh_cumul=0.0685028 
t=503 V=3.45147 A=0.0847932 W=0.292661 mAh_cumul=19.8708 Wh_cumul=0.0685841 
t=504 V=3.45147 A=0.0845289 W=0.291749 mAh_cumul=19.8943 Wh_cumul=0.0686651 
t=505 V=3.45148 A=0.0845386 W=0.291783 mAh_cumul=19.9178 Wh_cumul=0.0687462 
t=506 V=3.45147 A=0.0843603 W=0.291167 mAh_cumul=19.9412 Wh_cumul=0.068827 
t=507 V=3.45147 A=0.0845419 W=0.291794 mAh_cumul=19.9647 Wh_cumul=0.0689081 
t=508 V=3.45151 A=0.0845541 W=0.291839 mAh_cumul=19.9882 Wh_cumul=0.0689892 
t=509 V=3.45153 A=0.0847289 W=0.292444 mAh_cumul=20.0117 Wh_cumul=0.0690704 
t=510 V=3.45157 A=0.0847353 W=0.29247 mAh_cumul=20.0353 Wh_cumul=0.0691516 
t=511 V=3.45153 A=0.0845697 W=0.291895 mAh_cumul=20.0588 Wh_cumul=0.0692327 
t=512 V=3.45153 A=0.0843764 W=0.291228 mAh_cumul=20.0822 Wh_cumul=0.0693136 
t=513 V=3.45151 A=0.0841745 W=0.290529 mAh_cumul=20.1056 Wh_cumul=0.0693943 
t=514 V=3.4515 A=0.0841353 W=0.290393 mAh_cumul=20.1289 Wh_cumul=0.069475 
t=515 V=3.45149 A=0.0838904 W=0.289547 mAh_cumul=20.1522 Wh_cumul=0.0695554 
t=516 V=3.4515 A=0.083935 W=0.289702 mAh_cumul=20.1756 Wh_cumul=0.0696359 
t=517 V=3.45152 A=0.084029 W=0.290028 mAh_cumul=20.1989 Wh_cumul=0.0697164 
t=518 V=3.45155 A=0.0840592 W=0.290135 mAh_cumul=20.2223 Wh_cumul=0.069797 
t=519 V=3.45151 A=0.0838842 W=0.289527 mAh_cumul=20.2456 Wh_cumul=0.0698775 
t=520 V=3.45149 A=0.0837841 W=0.28918 mAh_cumul=20.2688 Wh_cumul=0.0699578 
t=521 V=3.45152 A=0.0836151 W=0.288599 mAh_cumul=20.2921 Wh_cumul=0.070038 
t=522 V=3.45151 A=0.0836636 W=0.288766 mAh_cumul=20.3153 Wh_cumul=0.0701182 
t=523 V=3.45153 A=0.0836475 W=0.288712 mAh_cumul=20.3385 Wh_cumul=0.0701984 
t=524 V=3.45152 A=0.0833569 W=0.287708 mAh_cumul=20.3617 Wh_cumul=0.0702783 
t=525 V=3.45151 A=0.0832136 W=0.287213 mAh_cumul=20.3848 Wh_cumul=0.0703581 
t=526 V=3.45151 A=0.0832669 W=0.287397 mAh_cumul=20.4079 Wh_cumul=0.0704379 
t=527 V=3.4515 A=0.0831497 W=0.286991 mAh_cumul=20.431 Wh_cumul=0.0705176 
t=528 V=3.45155 A=0.0832016 W=0.287174 mAh_cumul=20.4541 Wh_cumul=0.0705974 
t=529 V=3.45153 A=0.0833758 W=0.287774 mAh_cumul=20.4773 Wh_cumul=0.0706773 
t=530 V=3.45151 A=0.0831268 W=0.286913 mAh_cumul=20.5004 Wh_cumul=0.070757 
t=531 V=3.45152 A=0.0830818 W=0.286758 mAh_cumul=20.5235 Wh_cumul=0.0708367 
t=532 V=3.45158 A=0.0831191 W=0.286892 mAh_cumul=20.5466 Wh_cumul=0.0709164 
t=533 V=3.45158 A=0.0831294 W=0.286928 mAh_cumul=20.5696 Wh_cumul=0.0709961 
t=534 V=3.45153 A=0.0831145 W=0.286872 mAh_cumul=20.5927 Wh_cumul=0.0710758 
t=535 V=3.45157 A=0.0828863 W=0.286088 mAh_cumul=20.6158 Wh_cumul=0.0711552 
t=536 V=3.45156 A=0.0829444 W=0.286288 mAh_cumul=20.6388 Wh_cumul=0.0712348 
t=537 V=3.45155 A=0.0828449 W=0.285943 mAh_cumul=20.6618 Wh_cumul=0.0713142 
t=538 V=3.45156 A=0.0825035 W=0.284766 mAh_cumul=20.6847 Wh_cumul=0.0713933 
t=539 V=3.45154 A=0.0825007 W=0.284754 mAh_cumul=20.7076 Wh_cumul=0.0714724 
t=540 V=3.45152 A=0.0823133 W=0.284106 mAh_cumul=20.7305 Wh_cumul=0.0715513 
t=541 V=3.45152 A=0.0819324 W=0.282791 mAh_cumul=20.7533 Wh_cumul=0.0716299 
t=542 V=3.45146 A=0.0819119 W=0.282716 mAh_cumul=20.776 Wh_cumul=0.0717084 
t=543 V=3.4515 A=0.0818262 W=0.282423 mAh_cumul=20.7988 Wh_cumul=0.0717868 
t=544 V=3.45151 A=0.0818095 W=0.282366 mAh_cumul=20.8215 Wh_cumul=0.0718653 
t=545 V=3.4515 A=0.0817138 W=0.282035 mAh_cumul=20.8442 Wh_cumul=0.0719436 
t=546 V=3.45153 A=0.08148 W=0.281231 mAh_cumul=20.8668 Wh_cumul=0.0720217 
t=547 V=3.45149 A=0.0813802 W=0.280883 mAh_cumul=20.8894 Wh_cumul=0.0720998 
t=548 V=3.45148 A=0.0813269 W=0.280698 mAh_cumul=20.912 Wh_cumul=0.0721777 
t=549 V=3.45153 A=0.0814297 W=0.281057 mAh_cumul=20.9346 Wh_cumul=0.0722558 
t=550 V=3.45151 A=0.0812067 W=0.280286 mAh_cumul=20.9572 Wh_cumul=0.0723337 
t=551 V=3.4515 A=0.0809915 W=0.279542 mAh_cumul=20.9797 Wh_cumul=0.0724113 
t=552 V=3.45151 A=0.0812421 W=0.280408 mAh_cumul=21.0022 Wh_cumul=0.0724892 
t=553 V=3.45154 A=0.0812878 W=0.280568 mAh_cumul=21.0248 Wh_cumul=0.0725671 
t=554 V=3.45153 A=0.0811582 W=0.28012 mAh_cumul=21.0474 Wh_cumul=0.072645 
t=555 V=3.45153 A=0.0808984 W=0.279223 mAh_cumul=21.0698 Wh_cumul=0.0727225 
t=556 V=3.45153 A=0.080633 W=0.278307 mAh_cumul=21.0922 Wh_cumul=0.0727998 
t=557 V=3.4515 A=0.0805292 W=0.277947 mAh_cumul=21.1146 Wh_cumul=0.072877 
t=558 V=3.4515 A=0.0805307 W=0.277952 mAh_cumul=21.137 Wh_cumul=0.0729542 
t=559 V=3.45149 A=0.080484 W=0.27779 mAh_cumul=21.1593 Wh_cumul=0.0730314 
t=560 V=3.45146 A=0.0803188 W=0.277217 mAh_cumul=21.1816 Wh_cumul=0.0731084 
t=561 V=3.45147 A=0.0802909 W=0.277122 mAh_cumul=21.2039 Wh_cumul=0.0731854 
t=562 V=3.4515 A=0.0803412 W=0.277298 mAh_cumul=21.2263 Wh_cumul=0.0732624 
t=563 V=3.45147 A=0.0801002 W=0.276463 mAh_cumul=21.2485 Wh_cumul=0.0733392 
t=564 V=3.45148 A=0.0799238 W=0.275855 mAh_cumul=21.2707 Wh_cumul=0.0734158 
t=565 V=3.45145 A=0.0801982 W=0.2768 mAh_cumul=21.293 Wh_cumul=0.0734927 
t=566 V=3.45151 A=0.0801131 W=0.276511 mAh_cumul=21.3152 Wh_cumul=0.0735695 
t=567 V=3.45154 A=0.0802106 W=0.27685 mAh_cumul=21.3375 Wh_cumul=0.0736464 
t=568 V=3.45153 A=0.0801126 W=0.276511 mAh_cumul=21.3598 Wh_cumul=0.0737232 
t=569 V=3.45152 A=0.0800734 W=0.276375 mAh_cumul=21.382 Wh_cumul=0.0738 
t=570 V=3.45154 A=0.0800088 W=0.276154 mAh_cumul=21.4042 Wh_cumul=0.0738767 
t=571 V=3.45153 A=0.0799505 W=0.275952 mAh_cumul=21.4265 Wh_cumul=0.0739534 
t=572 V=3.45154 A=0.0797371 W=0.275216 mAh_cumul=21.4486 Wh_cumul=0.0740298 
t=573 V=3.4515 A=0.079601 W=0.274743 mAh_cumul=21.4707 Wh_cumul=0.0741061 
t=574 V=3.45153 A=0.0796206 W=0.274813 mAh_cumul=21.4928 Wh_cumul=0.0741825 
t=575 V=3.45147 A=0.0793856 W=0.273997 mAh_cumul=21.5149 Wh_cumul=0.0742586 
t=576 V=3.45151 A=0.0793619 W=0.273918 mAh_cumul=21.5369 Wh_cumul=0.0743347 
t=577 V=3.45152 A=0.0793827 W=0.273991 mAh_cumul=21.559 Wh_cumul=0.0744108 
t=578 V=3.45149 A=0.0792074 W=0.273384 mAh_cumul=21.581 Wh_cumul=0.0744867 
t=579 V=3.4515 A=0.0791308 W=0.27312 mAh_cumul=21.603 Wh_cumul=0.0745626 
t=580 V=3.45154 A=0.0792061 W=0.273383 mAh_cumul=21.625 Wh_cumul=0.0746385 
t=581 V=3.45155 A=0.0791134 W=0.273064 mAh_cumul=21.6469 Wh_cumul=0.0747144 
t=582 V=3.45151 A=0.0792017 W=0.273365 mAh_cumul=21.6689 Wh_cumul=0.0747903 
t=583 V=3.45153 A=0.0788892 W=0.272288 mAh_cumul=21.6909 Wh_cumul=0.074866 
t=584 V=3.4515 A=0.0789249 W=0.272409 mAh_cumul=21.7128 Wh_cumul=0.0749416 
t=585 V=3.45151 A=0.0788671 W=0.272211 mAh_cumul=21.7347 Wh_cumul=0.0750172 
t=586 V=3.45153 A=0.0788601 W=0.272188 mAh_cumul=21.7566 Wh_cumul=0.0750928 
t=587 V=3.45151 A=0.078803 W=0.271989 mAh_cumul=21.7785 Wh_cumul=0.0751684 
t=588 V=3.4515 A=0.0786016 W=0.271293 mAh_cumul=21.8003 Wh_cumul=0.0752438 
t=589 V=3.45151 A=0.0784741 W=0.270854 mAh_cumul=21.8221 Wh_cumul=0.075319 
t=590 V=3.4515 A=0.0784201 W=0.270667 mAh_cumul=21.8439 Wh_cumul=0.0753942 
t=591 V=3.45151 A=0.0783921 W=0.270571 mAh_cumul=21.8657 Wh_cumul=0.0754693 
t=592 V=3.45149 A=0.0781377 W=0.269691 mAh_cumul=21.8874 Wh_cumul=0.0755443 
t=593 V=3.45149 A=0.0780818 W=0.269499 mAh_cumul=21.9091 Wh_cumul=0.0756191 
t=594 V=3.45148 A=0.0779852 W=0.269164 mAh_cumul=21.9307 Wh_cumul=0.0756939 
t=595 V=3.45148 A=0.0779509 W=0.269046 mAh_cumul=21.9524 Wh_cumul=0.0757686 
t=596 V=3.4515 A=0.0778585 W=0.268729 mAh_cumul=21.974 Wh_cumul=0.0758433 
t=597 V=3.45148 A=0.077746 W=0.268339 mAh_cumul=21.9956 Wh_cumul=0.0759178 
t=598 V=3.45149 A=0.0777372 W=0.268309 mAh_cumul=22.0172 Wh_cumul=0.0759923 
t=599 V=3.4515 A=0.0780977 W=0.269554 mAh_cumul=22.0389 Wh_cumul=0.0760672 
t=600 V=3.45153 A=0.0780782 W=0.269489 mAh_cumul=22.0606 Wh_cumul=0.0761421 
t=601 V=3.45154 A=0.0779728 W=0.269126 mAh_cumul=22.0822 Wh_cumul=0.0762168 
t=602 V=3.45152 A=0.077706 W=0.268204 mAh_cumul=22.1038 Wh_cumul=0.0762913 
t=603 V=3.45154 A=0.077884 W=0.26882 mAh_cumul=22.1255 Wh_cumul=0.076366 
t=604 V=3.45156 A=0.0778697 W=0.268772 mAh_cumul=22.1471 Wh_cumul=0.0764407 
t=605 V=3.45157 A=0.0779337 W=0.268994 mAh_cumul=22.1687 Wh_cumul=0.0765154 
t=606 V=3.45155 A=0.0779718 W=0.269124 mAh_cumul=22.1904 Wh_cumul=0.0765901 
t=607 V=3.45158 A=0.0778308 W=0.268639 mAh_cumul=22.212 Wh_cumul=0.0766648 
t=608 V=3.45159 A=0.0775876 W=0.267801 mAh_cumul=22.2336 Wh_cumul=0.0767391 
t=609 V=3.45153 A=0.0774919 W=0.267466 mAh_cumul=22.2551 Wh_cumul=0.0768134 
t=610 V=3.45156 A=0.0774382 W=0.267283 mAh_cumul=22.2766 Wh_cumul=0.0768877 
t=611 V=3.45154 A=0.0774753 W=0.267409 mAh_cumul=22.2981 Wh_cumul=0.076962 
t=612 V=3.45158 A=0.0774732 W=0.267405 mAh_cumul=22.3196 Wh_cumul=0.0770362 
t=613 V=3.45158 A=0.0772594 W=0.266667 mAh_cumul=22.3411 Wh_cumul=0.0771103 
t=614 V=3.45155 A=0.0772691 W=0.266698 mAh_cumul=22.3626 Wh_cumul=0.0771844 
t=615 V=3.45158 A=0.0773766 W=0.267072 mAh_cumul=22.3841 Wh_cumul=0.0772586 
t=616 V=3.45158 A=0.0774078 W=0.267179 mAh_cumul=22.4056 Wh_cumul=0.0773328 
t=617 V=3.45158 A=0.0772933 W=0.266784 mAh_cumul=22.427 Wh_cumul=0.0774069 
t=618 V=3.45158 A=0.0772208 W=0.266534 mAh_cumul=22.4485 Wh_cumul=0.0774809 
t=619 V=3.45159 A=0.0771456 W=0.266275 mAh_cumul=22.4699 Wh_cumul=0.0775549 
t=620 V=3.45159 A=0.0768844 W=0.265373 mAh_cumul=22.4913 Wh_cumul=0.0776286 
t=621 V=3.45158 A=0.0768633 W=0.2653 mAh_cumul=22.5126 Wh_cumul=0.0777023 
t=622 V=3.45157 A=0.0766441 W=0.264542 mAh_cumul=22.5339 Wh_cumul=0.0777758 
t=623 V=3.45155 A=0.0765112 W=0.264082 mAh_cumul=22.5552 Wh_cumul=0.0778492 
t=624 V=3.45152 A=0.076271 W=0.263251 mAh_cumul=22.5764 Wh_cumul=0.0779223 
t=625 V=3.45155 A=0.0762969 W=0.263343 mAh_cumul=22.5975 Wh_cumul=0.0779954 
t=626 V=3.45155 A=0.0761634 W=0.262882 mAh_cumul=22.6187 Wh_cumul=0.0780685 
t=627 V=3.45155 A=0.0760123 W=0.26236 mAh_cumul=22.6398 Wh_cumul=0.0781413 
t=628 V=3.45151 A=0.0759727 W=0.262221 mAh_cumul=22.6609 Wh_cumul=0.0782142 
t=629 V=3.45153 A=0.0759409 W=0.262112 mAh_cumul=22.682 Wh_cumul=0.078287 
t=630 V=3.45153 A=0.0758696 W=0.261866 mAh_cumul=22.7031 Wh_cumul=0.0783597 
t=631 V=3.45154 A=0.0757828 W=0.261567 mAh_cumul=22.7241 Wh_cumul=0.0784324 
t=632 V=3.45151 A=0.0757754 W=0.26154 mAh_cumul=22.7452 Wh_cumul=0.078505 
t=633 V=3.45153 A=0.0759409 W=0.262112 mAh_cumul=22.7663 Wh_cumul=0.0785778 
t=634 V=3.45154 A=0.0758883 W=0.261932 mAh_cumul=22.7874 Wh_cumul=0.0786506 
t=635 V=3.45155 A=0.07556 W=0.260799 mAh_cumul=22.8084 Wh_cumul=0.078723 
t=636 V=3.45154 A=0.0755633 W=0.26081 mAh_cumul=22.8293 Wh_cumul=0.0787955 
t=637 V=3.45155 A=0.075522 W=0.260668 mAh_cumul=22.8503 Wh_cumul=0.0788679 
t=638 V=3.45154 A=0.0754557 W=0.260438 mAh_cumul=22.8713 Wh_cumul=0.0789402 
t=639 V=3.45154 A=0.0754568 W=0.260442 mAh_cumul=22.8922 Wh_cumul=0.0790126 
t=640 V=3.45154 A=0.0754342 W=0.260364 mAh_cumul=22.9132 Wh_cumul=0.0790849 
t=641 V=3.45155 A=0.0753907 W=0.260215 mAh_cumul=22.9341 Wh_cumul=0.0791572 
t=642 V=3.45155 A=0.0755433 W=0.260741 mAh_cumul=22.9551 Wh_cumul=0.0792296 
t=643 V=3.45156 A=0.0755715 W=0.26084 mAh_cumul=22.9761 Wh_cumul=0.0793021 
t=644 V=3.45157 A=0.0754682 W=0.260484 mAh_cumul=22.9971 Wh_cumul=0.0793744 
t=645 V=3.45156 A=0.0754947 W=0.260574 mAh_cumul=23.0181 Wh_cumul=0.0794468 
t=646 V=3.45159 A=0.0754827 W=0.260535 mAh_cumul=23.039 Wh_cumul=0.0795192 
t=647 V=3.4516 A=0.0754226 W=0.260329 mAh_cumul=23.06 Wh_cumul=0.0795915 
t=648 V=3.45158 A=0.0753261 W=0.259994 mAh_cumul=23.0809 Wh_cumul=0.0796637 
t=649 V=3.45159 A=0.0752582 W=0.25976 mAh_cumul=23.1018 Wh_cumul=0.0797359 
t=650 V=3.45155 A=0.0751022 W=0.259219 mAh_cumul=23.1227 Wh_cumul=0.0798079 
t=651 V=3.45155 A=0.0750201 W=0.258936 mAh_cumul=23.1435 Wh_cumul=0.0798798 
t=652 V=3.45156 A=0.0747599 W=0.258038 mAh_cumul=23.1643 Wh_cumul=0.0799515 
t=653 V=3.45153 A=0.0747104 W=0.257865 mAh_cumul=23.185 Wh_cumul=0.0800231 
t=654 V=3.45156 A=0.0745829 W=0.257427 mAh_cumul=23.2057 Wh_cumul=0.0800946 
t=655 V=3.45153 A=0.0743232 W=0.256529 mAh_cumul=23.2264 Wh_cumul=0.0801659 
t=656 V=3.45149 A=0.0743818 W=0.256728 mAh_cumul=23.247 Wh_cumul=0.0802372 
t=657 V=3.45155 A=0.0745709 W=0.257385 mAh_cumul=23.2678 Wh_cumul=0.0803087 
t=658 V=3.45155 A=0.0745251 W=0.257227 mAh_cumul=23.2885 Wh_cumul=0.0803801 
t=659 V=3.45153 A=0.0745596 W=0.257345 mAh_cumul=23.3092 Wh_cumul=0.0804516 
t=660 V=3.45155 A=0.0743427 W=0.256598 mAh_cumul=23.3298 Wh_cumul=0.0805229 
t=661 V=3.45155 A=0.0742284 W=0.256203 mAh_cumul=23.3504 Wh_cumul=0.0805941 
t=662 V=3.45156 A=0.0742454 W=0.256262 mAh_cumul=23.3711 Wh_cumul=0.0806653 
t=663 V=3.45156 A=0.0742587 W=0.256308 mAh_cumul=23.3917 Wh_cumul=0.0807365 
t=664 V=3.4515 A=0.0740567 W=0.255607 mAh_cumul=23.4123 Wh_cumul=0.0808075 
t=665 V=3.45154 A=0.0741042 W=0.255774 mAh_cumul=23.4328 Wh_cumul=0.0808785 
t=666 V=3.45155 A=0.0738415 W=0.254868 mAh_cumul=23.4534 Wh_cumul=0.0809493 
t=667 V=3.45153 A=0.0738267 W=0.254815 mAh_cumul=23.4739 Wh_cumul=0.0810201 
t=668 V=3.45157 A=0.0737396 W=0.254517 mAh_cumul=23.4943 Wh_cumul=0.0810908 
t=669 V=3.45155 A=0.0737439 W=0.254531 mAh_cumul=23.5148 Wh_cumul=0.0811615 
t=670 V=3.45153 A=0.0735963 W=0.25402 mAh_cumul=23.5353 Wh_cumul=0.081232 
t=671 V=3.45154 A=0.0734612 W=0.253554 mAh_cumul=23.5557 Wh_cumul=0.0813025 
t=672 V=3.45155 A=0.0735562 W=0.253883 mAh_cumul=23.5761 Wh_cumul=0.081373 
t=673 V=3.45152 A=0.0735981 W=0.254025 mAh_cumul=23.5966 Wh_cumul=0.0814436 
t=674 V=3.45155 A=0.0736698 W=0.254275 mAh_cumul=23.617 Wh_cumul=0.0815142 
t=675 V=3.45151 A=0.0733442 W=0.253148 mAh_cumul=23.6374 Wh_cumul=0.0815845 
t=676 V=3.45154 A=0.0735131 W=0.253733 mAh_cumul=23.6578 Wh_cumul=0.081655 
t=677 V=3.45155 A=0.0734451 W=0.253499 mAh_cumul=23.6782 Wh_cumul=0.0817254 
t=678 V=3.45155 A=0.073442 W=0.253489 mAh_cumul=23.6986 Wh_cumul=0.0817958 
t=679 V=3.45158 A=0.0734685 W=0.253582 mAh_cumul=23.719 Wh_cumul=0.0818663 
t=680 V=3.45159 A=0.0734157 W=0.253401 mAh_cumul=23.7394 Wh_cumul=0.0819367 
t=681 V=3.45155 A=0.0731787 W=0.25258 mAh_cumul=23.7597 Wh_cumul=0.0820068 
t=682 V=3.45152 A=0.0730229 W=0.25204 mAh_cumul=23.78 Wh_cumul=0.0820768 
t=683 V=3.45154 A=0.0728682 W=0.251508 mAh_cumul=23.8003 Wh_cumul=0.0821467 
t=684 V=3.45152 A=0.0728707 W=0.251515 mAh_cumul=23.8205 Wh_cumul=0.0822166 
t=685 V=3.45153 A=0.0729864 W=0.251915 mAh_cumul=23.8408 Wh_cumul=0.0822865 
t=686 V=3.45158 A=0.0730646 W=0.252188 mAh_cumul=23.8611 Wh_cumul=0.0823566 
t=687 V=3.45158 A=0.0730828 W=0.252251 mAh_cumul=23.8814 Wh_cumul=0.0824267 
t=688 V=3.45157 A=0.0729701 W=0.251861 mAh_cumul=23.9017 Wh_cumul=0.0824966 
t=689 V=3.45153 A=0.0726548 W=0.25077 mAh_cumul=23.9218 Wh_cumul=0.0825663 
t=690 V=3.45156 A=0.0728197 W=0.251342 mAh_cumul=23.9421 Wh_cumul=0.0826361 
t=691 V=3.45156 A=0.0727756 W=0.251189 mAh_cumul=23.9623 Wh_cumul=0.0827059 
t=692 V=3.45156 A=0.0726166 W=0.250641 mAh_cumul=23.9825 Wh_cumul=0.0827755 
t=693 V=3.45153 A=0.0727861 W=0.251223 mAh_cumul=24.0027 Wh_cumul=0.0828453 
t=694 V=3.45158 A=0.0727873 W=0.251231 mAh_cumul=24.0229 Wh_cumul=0.0829151 
t=695 V=3.45156 A=0.0726445 W=0.250737 mAh_cumul=24.0431 Wh_cumul=0.0829847 
t=696 V=3.45155 A=0.0725027 W=0.250247 mAh_cumul=24.0632 Wh_cumul=0.0830542 
t=697 V=3.45156 A=0.0723722 W=0.249797 mAh_cumul=24.0833 Wh_cumul=0.0831236 
t=698 V=3.45154 A=0.0722089 W=0.249232 mAh_cumul=24.1034 Wh_cumul=0.0831928 
t=699 V=3.45155 A=0.0718803 W=0.248098 mAh_cumul=24.1233 Wh_cumul=0.0832618 
t=700 V=3.45153 A=0.0719108 W=0.248202 mAh_cumul=24.1433 Wh_cumul=0.0833307 
t=701 V=3.45151 A=0.0719127 W=0.248207 mAh_cumul=24.1633 Wh_cumul=0.0833996 
t=702 V=3.45152 A=0.0718631 W=0.248037 mAh_cumul=24.1832 Wh_cumul=0.0834685 
t=703 V=3.45153 A=0.0718378 W=0.24795 mAh_cumul=24.2032 Wh_cumul=0.0835374 
t=704 V=3.45154 A=0.0718697 W=0.248061 mAh_cumul=24.2232 Wh_cumul=0.0836063 
t=705 V=3.45153 A=0.0718564 W=0.248015 mAh_cumul=24.2431 Wh_cumul=0.0836752 
t=706 V=3.45155 A=0.0717048 W=0.247493 mAh_cumul=24.263 Wh_cumul=0.083744 
t=707 V=3.45156 A=0.0716302 W=0.247236 mAh_cumul=24.2829 Wh_cumul=0.0838126 
t=708 V=3.45156 A=0.0716203 W=0.247202 mAh_cumul=24.3028 Wh_cumul=0.0838813 
t=709 V=3.45155 A=0.0716459 W=0.247289 mAh_cumul=24.3227 Wh_cumul=0.08395 
t=710 V=3.45153 A=0.0715649 W=0.247008 mAh_cumul=24.3426 Wh_cumul=0.0840186 
t=711 V=3.45152 A=0.0714969 W=0.246773 mAh_cumul=24.3625 Wh_cumul=0.0840872 
t=712 V=3.45156 A=0.0717516 W=0.247655 mAh_cumul=24.3824 Wh_cumul=0.084156 
t=713 V=3.45156 A=0.0714906 W=0.246754 mAh_cumul=24.4023 Wh_cumul=0.0842245 
t=714 V=3.45156 A=0.0716034 W=0.247143 mAh_cumul=24.4222 Wh_cumul=0.0842932 
t=715 V=3.45155 A=0.071195 W=0.245733 mAh_cumul=24.4419 Wh_cumul=0.0843614 
t=716 V=3.45156 A=0.0712696 W=0.245991 mAh_cumul=24.4617 Wh_cumul=0.0844297 
t=717 V=3.45155 A=0.0713663 W=0.246324 mAh_cumul=24.4816 Wh_cumul=0.0844982 
t=718 V=3.45158 A=0.0711503 W=0.245581 mAh_cumul=24.5013 Wh_cumul=0.0845664 
t=719 V=3.45152 A=0.0710033 W=0.245069 mAh_cumul=24.521 Wh_cumul=0.0846345 
t=720 V=3.45154 A=0.0710044 W=0.245075 mAh_cumul=24.5408 Wh_cumul=0.0847025 
t=721 V=3.45154 A=0.0708262 W=0.244459 mAh_cumul=24.5604 Wh_cumul=0.0847704 
t=722 V=3.45153 A=0.0709436 W=0.244864 mAh_cumul=24.5801 Wh_cumul=0.0848385 
t=723 V=3.45157 A=0.0708367 W=0.244498 mAh_cumul=24.5998 Wh_cumul=0.0849064 
t=724 V=3.45151 A=0.0706838 W=0.243966 mAh_cumul=24.6195 Wh_cumul=0.0849741 
t=725 V=3.45154 A=0.0705892 W=0.243641 mAh_cumul=24.6391 Wh_cumul=0.0850418 
t=726 V=3.45154 A=0.0709297 W=0.244817 mAh_cumul=24.6588 Wh_cumul=0.0851098 
t=727 V=3.45157 A=0.0710948 W=0.245389 mAh_cumul=24.6785 Wh_cumul=0.085178 
t=728 V=3.45157 A=0.0708834 W=0.244659 mAh_cumul=24.6982 Wh_cumul=0.0852459 
t=729 V=3.45156 A=0.070761 W=0.244236 mAh_cumul=24.7179 Wh_cumul=0.0853138 
t=730 V=3.45154 A=0.0704995 W=0.243332 mAh_cumul=24.7374 Wh_cumul=0.0853814 
t=731 V=3.45156 A=0.0706072 W=0.243705 mAh_cumul=24.7571 Wh_cumul=0.0854491 
t=732 V=3.45153 A=0.0705291 W=0.243433 mAh_cumul=24.7766 Wh_cumul=0.0855167 
t=733 V=3.45156 A=0.0704966 W=0.243323 mAh_cumul=24.7962 Wh_cumul=0.0855843 
t=734 V=3.45159 A=0.070477 W=0.243258 mAh_cumul=24.8158 Wh_cumul=0.0856519 
t=735 V=3.45154 A=0.0704283 W=0.243086 mAh_cumul=24.8354 Wh_cumul=0.0857194 
t=736 V=3.45154 A=0.0704976 W=0.243325 mAh_cumul=24.855 Wh_cumul=0.085787 
t=737 V=3.4516 A=0.0704405 W=0.243132 mAh_cumul=24.8745 Wh_cumul=0.0858545 
t=738 V=3.45156 A=0.0702346 W=0.242419 mAh_cumul=24.894 Wh_cumul=0.0859219 
t=739 V=3.45156 A=0.0700468 W=0.241771 mAh_cumul=24.9135 Wh_cumul=0.085989 
t=740 V=3.45154 A=0.0699575 W=0.241461 mAh_cumul=24.9329 Wh_cumul=0.0860561 
t=741 V=3.45153 A=0.0698765 W=0.241181 mAh_cumul=24.9523 Wh_cumul=0.0861231 
t=742 V=3.45151 A=0.0697759 W=0.240832 mAh_cumul=24.9717 Wh_cumul=0.08619 
t=743 V=3.4515 A=0.0694292 W=0.239635 mAh_cumul=24.991 Wh_cumul=0.0862565 
t=744 V=3.45151 A=0.0695637 W=0.2401 mAh_cumul=25.0103 Wh_cumul=0.0863232 
t=745 V=3.45151 A=0.0696305 W=0.24033 mAh_cumul=25.0297 Wh_cumul=0.08639 
t=746 V=3.45152 A=0.0695205 W=0.239951 mAh_cumul=25.049 Wh_cumul=0.0864566 
t=747 V=3.45152 A=0.0695558 W=0.240073 mAh_cumul=25.0683 Wh_cumul=0.0865233 
t=748 V=3.45151 A=0.0694897 W=0.239844 mAh_cumul=25.0876 Wh_cumul=0.08659 
t=749 V=3.45155 A=0.0695264 W=0.239974 mAh_cumul=25.1069 Wh_cumul=0.0866566 
t=750 V=3.45153 A=0.0695531 W=0.240065 mAh_cumul=25.1262 Wh_cumul=0.0867233 
t=751 V=3.45159 A=0.0697181 W=0.240638 mAh_cumul=25.1456 Wh_cumul=0.0867901 
t=752 V=3.45155 A=0.0695754 W=0.240143 mAh_cumul=25.1649 Wh_cumul=0.0868569 
t=753 V=3.45154 A=0.0695434 W=0.240032 mAh_cumul=25.1842 Wh_cumul=0.0869235 
t=754 V=3.45155 A=0.0694943 W=0.239863 mAh_cumul=25.2035 Wh_cumul=0.0869902 
t=755 V=3.45152 A=0.0692304 W=0.23895 mAh_cumul=25.2228 Wh_cumul=0.0870565 
t=756 V=3.45154 A=0.0691511 W=0.238678 mAh_cumul=25.242 Wh_cumul=0.0871228 
t=757 V=3.45152 A=0.0690463 W=0.238315 mAh_cumul=25.2612 Wh_cumul=0.087189 
t=758 V=3.4515 A=0.0688898 W=0.237773 mAh_cumul=25.2803 Wh_cumul=0.0872551 
t=759 V=3.45152 A=0.068918 W=0.237872 mAh_cumul=25.2994 Wh_cumul=0.0873212 
t=760 V=3.45151 A=0.0690138 W=0.238202 mAh_cumul=25.3186 Wh_cumul=0.0873873 
t=761 V=3.45152 A=0.0691437 W=0.238651 mAh_cumul=25.3378 Wh_cumul=0.0874536 
t=762 V=3.45154 A=0.0689455 W=0.237968 mAh_cumul=25.357 Wh_cumul=0.0875197 
t=763 V=3.45154 A=0.0688377 W=0.237596 mAh_cumul=25.3761 Wh_cumul=0.0875857 
t=764 V=3.45151 A=0.0684781 W=0.236353 mAh_cumul=25.3951 Wh_cumul=0.0876514 
t=765 V=3.45149 A=0.0685618 W=0.23664 mAh_cumul=25.4142 Wh_cumul=0.0877171 
t=766 V=3.45148 A=0.0685477 W=0.236591 mAh_cumul=25.4332 Wh_cumul=0.0877828 
t=767 V=3.45151 A=0.0682079 W=0.23542 mAh_cumul=25.4521 Wh_cumul=0.0878482 
t=768 V=3.45147 A=0.0681951 W=0.235373 mAh_cumul=25.4711 Wh_cumul=0.0879136 
t=769 V=3.45148 A=0.0681788 W=0.235318 mAh_cumul=25.49 Wh_cumul=0.087979 
t=770 V=3.45147 A=0.068335 W=0.235856 mAh_cumul=25.509 Wh_cumul=0.0880445 
t=771 V=3.45148 A=0.0683257 W=0.235825 mAh_cumul=25.528 Wh_cumul=0.08811 
t=772 V=3.45151 A=0.0684659 W=0.236311 mAh_cumul=25.547 Wh_cumul=0.0881756 
t=773 V=3.45151 A=0.0684377 W=0.236213 mAh_cumul=25.566 Wh_cumul=0.0882412 
t=774 V=3.45151 A=0.0683829 W=0.236024 mAh_cumul=25.585 Wh_cumul=0.0883068 
t=775 V=3.45152 A=0.0685089 W=0.23646 mAh_cumul=25.604 Wh_cumul=0.0883725 
t=776 V=3.45152 A=0.0684381 W=0.236215 mAh_cumul=25.6231 Wh_cumul=0.0884381 
t=777 V=3.45154 A=0.068402 W=0.236092 mAh_cumul=25.6421 Wh_cumul=0.0885037 
t=778 V=3.45155 A=0.0683144 W=0.235791 mAh_cumul=25.661 Wh_cumul=0.0885692 
t=779 V=3.45152 A=0.0680242 W=0.234787 mAh_cumul=25.6799 Wh_cumul=0.0886344 
t=780 V=3.45151 A=0.067877 W=0.234278 mAh_cumul=25.6988 Wh_cumul=0.0886995 
t=781 V=3.4515 A=0.0677868 W=0.233966 mAh_cumul=25.7176 Wh_cumul=0.0887645 
t=782 V=3.4515 A=0.0676538 W=0.233507 mAh_cumul=25.7364 Wh_cumul=0.0888293 
t=783 V=3.45149 A=0.0676554 W=0.233512 mAh_cumul=25.7552 Wh_cumul=0.0888942 
t=784 V=3.45148 A=0.0679402 W=0.234494 mAh_cumul=25.7741 Wh_cumul=0.0889593 
t=785 V=3.4515 A=0.0679575 W=0.234555 mAh_cumul=25.7929 Wh_cumul=0.0890245 
t=786 V=3.45155 A=0.0678747 W=0.234273 mAh_cumul=25.8118 Wh_cumul=0.0890896 
t=787 V=3.45152 A=0.0678891 W=0.234321 mAh_cumul=25.8307 Wh_cumul=0.0891546 
t=788 V=3.45152 A=0.0676687 W=0.23356 mAh_cumul=25.8495 Wh_cumul=0.0892195 
t=789 V=3.45153 A=0.0675801 W=0.233255 mAh_cumul=25.8682 Wh_cumul=0.0892843 
t=790 V=3.45152 A=0.06749 W=0.232943 mAh_cumul=25.887 Wh_cumul=0.089349 
t=791 V=3.4515 A=0.0673523 W=0.232466 mAh_cumul=25.9057 Wh_cumul=0.0894136 
t=792 V=3.45154 A=0.0674408 W=0.232775 mAh_cumul=25.9244 Wh_cumul=0.0894783 
t=793 V=3.45151 A=0.067305 W=0.232304 mAh_cumul=25.9431 Wh_cumul=0.0895428 
t=794 V=3.45151 A=0.0671618 W=0.23181 mAh_cumul=25.9618 Wh_cumul=0.0896072 
t=795 V=3.45149 A=0.067144 W=0.231747 mAh_cumul=25.9804 Wh_cumul=0.0896716 
t=796 V=3.4515 A=0.0670611 W=0.231461 mAh_cumul=25.9991 Wh_cumul=0.0897358 
t=797 V=3.45149 A=0.0670386 W=0.231383 mAh_cumul=26.0177 Wh_cumul=0.0898001 
t=798 V=3.45149 A=0.0671021 W=0.231602 mAh_cumul=26.0363 Wh_cumul=0.0898645 
t=799 V=3.45152 A=0.0671164 W=0.231654 mAh_cumul=26.055 Wh_cumul=0.0899288 
t=800 V=3.45151 A=0.0671693 W=0.231836 mAh_cumul=26.0736 Wh_cumul=0.0899932 
t=801 V=3.45148 A=0.0671049 W=0.231611 mAh_cumul=26.0923 Wh_cumul=0.0900575 
t=802 V=3.45153 A=0.0671086 W=0.231627 mAh_cumul=26.1109 Wh_cumul=0.0901219 
t=803 V=3.45153 A=0.0670572 W=0.23145 mAh_cumul=26.1295 Wh_cumul=0.0901862 
t=804 V=3.45154 A=0.0669384 W=0.231041 mAh_cumul=26.1481 Wh_cumul=0.0902504 
t=805 V=3.45152 A=0.0668334 W=0.230677 mAh_cumul=26.1667 Wh_cumul=0.0903144 
t=806 V=3.45151 A=0.0668529 W=0.230743 mAh_cumul=26.1853 Wh_cumul=0.0903785 
t=807 V=3.45152 A=0.066811 W=0.2306 mAh_cumul=26.2038 Wh_cumul=0.0904426 
t=808 V=3.45152 A=0.0667487 W=0.230384 mAh_cumul=26.2224 Wh_cumul=0.0905066 
t=809 V=3.4515 A=0.0667201 W=0.230284 mAh_cumul=26.2409 Wh_cumul=0.0905705 
t=810 V=3.45152 A=0.0667418 W=0.230361 mAh_cumul=26.2594 Wh_cumul=0.0906345 
t=811 V=3.45151 A=0.0667746 W=0.230473 mAh_cumul=26.278 Wh_cumul=0.0906986 
t=812 V=3.45149 A=0.0665782 W=0.229794 mAh_cumul=26.2965 Wh_cumul=0.0907624 
t=813 V=3.45151 A=0.0667033 W=0.230227 mAh_cumul=26.315 Wh_cumul=0.0908263 
t=814 V=3.45151 A=0.0668247 W=0.230646 mAh_cumul=26.3336 Wh_cumul=0.0908904 
t=815 V=3.45153 A=0.0670767 W=0.231517 mAh_cumul=26.3522 Wh_cumul=0.0909547 
t=816 V=3.45155 A=0.0670502 W=0.231427 mAh_cumul=26.3708 Wh_cumul=0.091019 
t=817 V=3.45152 A=0.0672503 W=0.232116 mAh_cumul=26.3895 Wh_cumul=0.0910835 
t=818 V=3.45157 A=0.0673768 W=0.232556 mAh_cumul=26.4082 Wh_cumul=0.0911481 
t=819 V=3.45156 A=0.0675329 W=0.233094 mAh_cumul=26.427 Wh_cumul=0.0912128 
t=820 V=3.45155 A=0.0674538 W=0.23282 mAh_cumul=26.4457 Wh_cumul=0.0912775 
t=821 V=3.45159 A=0.0675158 W=0.233037 mAh_cumul=26.4645 Wh_cumul=0.0913422 
t=822 V=3.45159 A=0.0675605 W=0.233191 mAh_cumul=26.4832 Wh_cumul=0.091407 
t=823 V=3.45159 A=0.0676213 W=0.233401 mAh_cumul=26.502 Wh_cumul=0.0914718 
t=824 V=3.45157 A=0.067589 W=0.233288 mAh_cumul=26.5208 Wh_cumul=0.0915366 
t=825 V=3.45158 A=0.067308 W=0.232319 mAh_cumul=26.5395 Wh_cumul=0.0916012 
t=826 V=3.45157 A=0.0675013 W=0.232985 mAh_cumul=26.5582 Wh_cumul=0.0916659 
t=827 V=3.45156 A=0.0676063 W=0.233347 mAh_cumul=26.577 Wh_cumul=0.0917307 
t=828 V=3.45157 A=0.0677759 W=0.233933 mAh_cumul=26.5958 Wh_cumul=0.0917957 
t=829 V=3.45155 A=0.0679837 W=0.234649 mAh_cumul=26.6147 Wh_cumul=0.0918609 
t=830 V=3.45155 A=0.0679845 W=0.234652 mAh_cumul=26.6336 Wh_cumul=0.0919261 
t=831 V=3.45155 A=0.0680352 W=0.234827 mAh_cumul=26.6525 Wh_cumul=0.0919913 
t=832 V=3.45157 A=0.0680588 W=0.23491 mAh_cumul=26.6714 Wh_cumul=0.0920565 
t=833 V=3.45154 A=0.0679176 W=0.23442 mAh_cumul=26.6903 Wh_cumul=0.0921217 
t=834 V=3.45152 A=0.0680725 W=0.234954 mAh_cumul=26.7092 Wh_cumul=0.0921869 
t=835 V=3.45154 A=0.0684044 W=0.236101 mAh_cumul=26.7282 Wh_cumul=0.0922525 
t=836 V=3.45156 A=0.0682027 W=0.235406 mAh_cumul=26.7471 Wh_cumul=0.0923179 
t=837 V=3.45153 A=0.0686727 W=0.237026 mAh_cumul=26.7662 Wh_cumul=0.0923837 
t=838 V=3.45154 A=0.0687307 W=0.237227 mAh_cumul=26.7853 Wh_cumul=0.0924496 
t=839 V=3.45154 A=0.0686542 W=0.236963 mAh_cumul=26.8044 Wh_cumul=0.0925154 
t=840 V=3.45153 A=0.0688095 W=0.237498 mAh_cumul=26.8235 Wh_cumul=0.0925814 
t=841 V=3.45154 A=0.0689884 W=0.238116 mAh_cumul=26.8427 Wh_cumul=0.0926476 
t=842 V=3.45152 A=0.0693374 W=0.239319 mAh_cumul=26.8619 Wh_cumul=0.092714 
t=843 V=3.45155 A=0.0695796 W=0.240157 mAh_cumul=26.8812 Wh_cumul=0.0927808 
t=844 V=3.45156 A=0.0697274 W=0.240668 mAh_cumul=26.9006 Wh_cumul=0.0928476 
t=845 V=3.45158 A=0.0696314 W=0.240338 mAh_cumul=26.9199 Wh_cumul=0.0929144 
t=846 V=3.45156 A=0.069777 W=0.24084 mAh_cumul=26.9393 Wh_cumul=0.0929813 
t=847 V=3.45155 A=0.0698111 W=0.240957 mAh_cumul=26.9587 Wh_cumul=0.0930482 
t=848 V=3.45157 A=0.0698263 W=0.24101 mAh_cumul=26.9781 Wh_cumul=0.0931151 
t=849 V=3.45158 A=0.0698476 W=0.241085 mAh_cumul=26.9975 Wh_cumul=0.0931821 
t=850 V=3.45155 A=0.0699077 W=0.24129 mAh_cumul=27.0169 Wh_cumul=0.0932491 
t=851 V=3.45155 A=0.069929 W=0.241363 mAh_cumul=27.0364 Wh_cumul=0.0933162 
t=852 V=3.45156 A=0.0697691 W=0.240812 mAh_cumul=27.0557 Wh_cumul=0.0933831 
t=853 V=3.45152 A=0.0696147 W=0.240277 mAh_cumul=27.0751 Wh_cumul=0.0934498 
t=854 V=3.45152 A=0.0695355 W=0.240003 mAh_cumul=27.0944 Wh_cumul=0.0935165 
t=855 V=3.45152 A=0.069517 W=0.239939 mAh_cumul=27.1137 Wh_cumul=0.0935831 
t=856 V=3.4515 A=0.0695511 W=0.240056 mAh_cumul=27.133 Wh_cumul=0.0936498 
t=857 V=3.45153 A=0.0697 W=0.240572 mAh_cumul=27.1524 Wh_cumul=0.0937166 
t=858 V=3.45154 A=0.0696043 W=0.240242 mAh_cumul=27.1717 Wh_cumul=0.0937834 
t=859 V=3.45152 A=0.0694894 W=0.239844 mAh_cumul=27.191 Wh_cumul=0.09385 
t=860 V=3.4515 A=0.0694722 W=0.239783 mAh_cumul=27.2103 Wh_cumul=0.0939166 
t=861 V=3.45151 A=0.0696149 W=0.240277 mAh_cumul=27.2297 Wh_cumul=0.0939834 
t=862 V=3.45151 A=0.0697064 W=0.240592 mAh_cumul=27.249 Wh_cumul=0.0940502 
t=863 V=3.45153 A=0.0696247 W=0.240312 mAh_cumul=27.2684 Wh_cumul=0.0941169 
t=864 V=3.45152 A=0.0697858 W=0.240867 mAh_cumul=27.2878 Wh_cumul=0.0941838 
t=865 V=3.45154 A=0.069638 W=0.240358 mAh_cumul=27.3071 Wh_cumul=0.0942506 
t=866 V=3.45154 A=0.0697328 W=0.240686 mAh_cumul=27.3265 Wh_cumul=0.0943175 
t=867 V=3.45154 A=0.0695653 W=0.240107 mAh_cumul=27.3458 Wh_cumul=0.0943842 
t=868 V=3.45151 A=0.0694576 W=0.239734 mAh_cumul=27.3651 Wh_cumul=0.0944508 
t=869 V=3.45155 A=0.0695246 W=0.239968 mAh_cumul=27.3844 Wh_cumul=0.0945174 
t=870 V=3.45155 A=0.0695518 W=0.240062 mAh_cumul=27.4037 Wh_cumul=0.0945841 
t=871 V=3.45152 A=0.0693164 W=0.239247 mAh_cumul=27.423 Wh_cumul=0.0946506 
t=872 V=3.45153 A=0.0691574 W=0.238699 mAh_cumul=27.4422 Wh_cumul=0.0947169 
t=873 V=3.4515 A=0.0690956 W=0.238483 mAh_cumul=27.4614 Wh_cumul=0.0947831 
t=874 V=3.45149 A=0.0689576 W=0.238006 mAh_cumul=27.4805 Wh_cumul=0.0948492 
t=875 V=3.45151 A=0.0688397 W=0.237601 mAh_cumul=27.4996 Wh_cumul=0.0949152 
t=876 V=3.45149 A=0.0688312 W=0.23757 mAh_cumul=27.5188 Wh_cumul=0.0949812 
t=877 V=3.45148 A=0.0687146 W=0.237167 mAh_cumul=27.5379 Wh_cumul=0.0950471 
t=878 V=3.45149 A=0.0688943 W=0.237788 mAh_cumul=27.557 Wh_cumul=0.0951131 
t=879 V=3.45149 A=0.0689612 W=0.238019 mAh_cumul=27.5762 Wh_cumul=0.0951793 
t=880 V=3.45151 A=0.0687594 W=0.237324 mAh_cumul=27.5952 Wh_cumul=0.0952452 
t=881 V=3.45147 A=0.0687165 W=0.237173 mAh_cumul=27.6143 Wh_cumul=0.0953111 
t=882 V=3.45147 A=0.0686007 W=0.236773 mAh_cumul=27.6334 Wh_cumul=0.0953768 
t=883 V=3.45149 A=0.068658 W=0.236972 mAh_cumul=27.6525 Wh_cumul=0.0954427 
t=884 V=3.45145 A=0.0687458 W=0.237273 mAh_cumul=27.6716 Wh_cumul=0.0955086 
t=885 V=3.4515 A=0.068699 W=0.237115 mAh_cumul=27.6906 Wh_cumul=0.0955744 
t=886 V=3.45146 A=0.0685248 W=0.236511 mAh_cumul=27.7097 Wh_cumul=0.0956401 
t=887 V=3.4515 A=0.068569 W=0.236666 mAh_cumul=27.7287 Wh_cumul=0.0957059 
t=888 V=3.45151 A=0.068777 W=0.237385 mAh_cumul=27.7478 Wh_cumul=0.0957718 
t=889 V=3.45149 A=0.0686659 W=0.237 mAh_cumul=27.7669 Wh_cumul=0.0958376 
t=890 V=3.4515 A=0.0687288 W=0.237217 mAh_cumul=27.786 Wh_cumul=0.0959035 
t=891 V=3.45149 A=0.0688235 W=0.237544 mAh_cumul=27.8051 Wh_cumul=0.0959695 
t=892 V=3.4515 A=0.0687867 W=0.237417 mAh_cumul=27.8242 Wh_cumul=0.0960355 
t=893 V=3.45152 A=0.0686606 W=0.236983 mAh_cumul=27.8433 Wh_cumul=0.0961013 
t=894 V=3.4515 A=0.068788 W=0.237422 mAh_cumul=27.8624 Wh_cumul=0.0961673 
t=895 V=3.4515 A=0.068803 W=0.237474 mAh_cumul=27.8815 Wh_cumul=0.0962332 
t=896 V=3.4515 A=0.0686028 W=0.236783 mAh_cumul=27.9006 Wh_cumul=0.096299 
t=897 V=3.45151 A=0.0688721 W=0.237713 mAh_cumul=27.9197 Wh_cumul=0.096365 
t=898 V=3.45153 A=0.0690319 W=0.238266 mAh_cumul=27.9389 Wh_cumul=0.0964312 
t=899 V=3.45153 A=0.068941 W=0.237952 mAh_cumul=27.958 Wh_cumul=0.0964973 
t=900 V=3.45156 A=0.0689142 W=0.237861 mAh_cumul=27.9772 Wh_cumul=0.0965634 
t=901 V=3.45156 A=0.068752 W=0.237302 mAh_cumul=27.9963 Wh_cumul=0.0966293 
t=902 V=3.45153 A=0.068575 W=0.236689 mAh_cumul=28.0153 Wh_cumul=0.096695 
t=903 V=3.45153 A=0.0686534 W=0.236959 mAh_cumul=28.0344 Wh_cumul=0.0967609 
t=904 V=3.45151 A=0.0687125 W=0.237162 mAh_cumul=28.0535 Wh_cumul=0.0968267 
t=905 V=3.45154 A=0.0686428 W=0.236923 mAh_cumul=28.0725 Wh_cumul=0.0968926 
t=906 V=3.45153 A=0.0685894 W=0.236738 mAh_cumul=28.0916 Wh_cumul=0.0969583 
t=907 V=3.45154 A=0.0687883 W=0.237426 mAh_cumul=28.1107 Wh_cumul=0.0970243 
t=908 V=3.45155 A=0.0685043 W=0.236446 mAh_cumul=28.1297 Wh_cumul=0.0970899 
t=909 V=3.45151 A=0.0682805 W=0.235671 mAh_cumul=28.1487 Wh_cumul=0.0971554 
t=910 V=3.45151 A=0.0681111 W=0.235086 mAh_cumul=28.1676 Wh_cumul=0.0972207 
t=911 V=3.45151 A=0.0680451 W=0.234858 mAh_cumul=28.1865 Wh_cumul=0.0972859 
t=912 V=3.45152 A=0.0682994 W=0.235737 mAh_cumul=28.2055 Wh_cumul=0.0973514 
t=913 V=3.45157 A=0.0683439 W=0.235894 mAh_cumul=28.2245 Wh_cumul=0.097417 
t=914 V=3.45152 A=0.0683515 W=0.235917 mAh_cumul=28.2435 Wh_cumul=0.0974825 
t=915 V=3.45155 A=0.0680857 W=0.235001 mAh_cumul=28.2624 Wh_cumul=0.0975478 
t=916 V=3.45153 A=0.0679843 W=0.23465 mAh_cumul=28.2813 Wh_cumul=0.0976129 
t=917 V=3.45153 A=0.0679202 W=0.234429 mAh_cumul=28.3001 Wh_cumul=0.0976781 
t=918 V=3.45152 A=0.067908 W=0.234386 mAh_cumul=28.319 Wh_cumul=0.0977432 
t=919 V=3.45153 A=0.0680609 W=0.234914 mAh_cumul=28.3379 Wh_cumul=0.0978084 
t=920 V=3.45153 A=0.0678959 W=0.234345 mAh_cumul=28.3568 Wh_cumul=0.0978735 
t=921 V=3.45154 A=0.0679059 W=0.23438 mAh_cumul=28.3756 Wh_cumul=0.0979386 
t=922 V=3.45152 A=0.0677353 W=0.23379 mAh_cumul=28.3944 Wh_cumul=0.0980036 
t=923 V=3.45154 A=0.0677138 W=0.233717 mAh_cumul=28.4132 Wh_cumul=0.0980685 
t=924 V=3.45152 A=0.0678028 W=0.234023 mAh_cumul=28.4321 Wh_cumul=0.0981335 
t=925 V=3.45151 A=0.0678624 W=0.234228 mAh_cumul=28.4509 Wh_cumul=0.0981986 
t=926 V=3.45149 A=0.0679301 W=0.23446 mAh_cumul=28.4698 Wh_cumul=0.0982637 
t=927 V=3.45155 A=0.0679324 W=0.234472 mAh_cumul=28.4887 Wh_cumul=0.0983288 
t=928 V=3.45153 A=0.0676723 W=0.233573 mAh_cumul=28.5075 Wh_cumul=0.0983937 
t=929 V=3.45154 A=0.0673897 W=0.232598 mAh_cumul=28.5262 Wh_cumul=0.0984583 
t=930 V=3.4515 A=0.067318 W=0.232348 mAh_cumul=28.5449 Wh_cumul=0.0985229 
t=931 V=3.45146 A=0.0670722 W=0.231497 mAh_cumul=28.5635 Wh_cumul=0.0985872 
t=932 V=3.45149 A=0.0671051 W=0.231613 mAh_cumul=28.5822 Wh_cumul=0.0986515 
t=933 V=3.45147 A=0.0672864 W=0.232237 mAh_cumul=28.6008 Wh_cumul=0.098716 
t=934 V=3.45152 A=0.0674137 W=0.23268 mAh_cumul=28.6196 Wh_cumul=0.0987806 
t=935 V=3.45151 A=0.0671385 W=0.231729 mAh_cumul=28.6382 Wh_cumul=0.098845 
t=936 V=3.45151 A=0.0675177 W=0.233038 mAh_cumul=28.657 Wh_cumul=0.0989097 
t=937 V=3.45156 A=0.067592 W=0.233298 mAh_cumul=28.6758 Wh_cumul=0.0989745 
t=938 V=3.45155 A=0.0675896 W=0.233289 mAh_cumul=28.6945 Wh_cumul=0.0990393 
t=939 V=3.45157 A=0.0678488 W=0.234185 mAh_cumul=28.7134 Wh_cumul=0.0991044 
t=940 V=3.45158 A=0.0679277 W=0.234458 mAh_cumul=28.7322 Wh_cumul=0.0991695 
t=941 V=3.4516 A=0.0678931 W=0.23434 mAh_cumul=28.7511 Wh_cumul=0.0992346 
t=942 V=3.45158 A=0.0676064 W=0.233349 mAh_cumul=28.7699 Wh_cumul=0.0992994 
t=943 V=3.45157 A=0.0675316 W=0.23309 mAh_cumul=28.7886 Wh_cumul=0.0993642 
t=944 V=3.45153 A=0.0672461 W=0.232102 mAh_cumul=28.8073 Wh_cumul=0.0994287 
t=945 V=3.45156 A=0.0670548 W=0.231444 mAh_cumul=28.8259 Wh_cumul=0.0994929 
t=946 V=3.45151 A=0.0670136 W=0.231298 mAh_cumul=28.8446 Wh_cumul=0.0995572 
t=947 V=3.45152 A=0.0668107 W=0.230598 mAh_cumul=28.8631 Wh_cumul=0.0996213 
t=948 V=3.45151 A=0.0669068 W=0.230929 mAh_cumul=28.8817 Wh_cumul=0.0996854 
t=949 V=3.45153 A=0.0668823 W=0.230846 mAh_cumul=28.9003 Wh_cumul=0.0997495 
t=950 V=3.45152 A=0.066856 W=0.230755 mAh_cumul=28.9189 Wh_cumul=0.0998136 
t=951 V=3.45154 A=0.0669158 W=0.230963 mAh_cumul=28.9374 Wh_cumul=0.0998778 
t=952 V=3.45153 A=0.0668268 W=0.230655 mAh_cumul=28.956 Wh_cumul=0.0999419 
t=953 V=3.45153 A=0.0666334 W=0.229987 mAh_cumul=28.9745 Wh_cumul=0.100006 
t=954 V=3.45153 A=0.0666034 W=0.229884 mAh_cumul=28.993 Wh_cumul=0.10007 
t=955 V=3.45151 A=0.0668062 W=0.230582 mAh_cumul=29.0116 Wh_cumul=0.100134 
t=956 V=3.45154 A=0.0667573 W=0.230415 mAh_cumul=29.0301 Wh_cumul=0.100198 
t=957 V=3.45153 A=0.0666696 W=0.230112 mAh_cumul=29.0486 Wh_cumul=0.100262 
t=958 V=3.45155 A=0.0666866 W=0.230172 mAh_cumul=29.0672 Wh_cumul=0.100326 
t=959 V=3.45155 A=0.0666547 W=0.230062 mAh_cumul=29.0857 Wh_cumul=0.100389 
t=960 V=3.45153 A=0.066726 W=0.230307 mAh_cumul=29.1042 Wh_cumul=0.100453 
t=961 V=3.45155 A=0.0666004 W=0.229875 mAh_cumul=29.1227 Wh_cumul=0.100517 
t=962 V=3.45155 A=0.066467 W=0.229414 mAh_cumul=29.1412 Wh_cumul=0.100581 
t=963 V=3.45157 A=0.0664628 W=0.229401 mAh_cumul=29.1596 Wh_cumul=0.100645 
t=964 V=3.45152 A=0.0663192 W=0.228902 mAh_cumul=29.1781 Wh_cumul=0.100708 
t=965 V=3.45153 A=0.0663256 W=0.228925 mAh_cumul=29.1965 Wh_cumul=0.100772 
t=966 V=3.45151 A=0.0662498 W=0.228662 mAh_cumul=29.2149 Wh_cumul=0.100835 
t=967 V=3.45153 A=0.0660856 W=0.228096 mAh_cumul=29.2332 Wh_cumul=0.100899 
t=968 V=3.45153 A=0.0660593 W=0.228006 mAh_cumul=29.2516 Wh_cumul=0.100962 
t=969 V=3.45152 A=0.0661303 W=0.22825 mAh_cumul=29.27 Wh_cumul=0.101025 
t=970 V=3.45153 A=0.0660434 W=0.227951 mAh_cumul=29.2883 Wh_cumul=0.101089 
t=971 V=3.45152 A=0.0659656 W=0.227682 mAh_cumul=29.3066 Wh_cumul=0.101152 
t=972 V=3.45151 A=0.0661455 W=0.228302 mAh_cumul=29.325 Wh_cumul=0.101215 
t=973 V=3.45155 A=0.0662747 W=0.22875 mAh_cumul=29.3434 Wh_cumul=0.101279 
t=974 V=3.45158 A=0.066527 W=0.229623 mAh_cumul=29.3619 Wh_cumul=0.101343 
t=975 V=3.4516 A=0.0664694 W=0.229426 mAh_cumul=29.3804 Wh_cumul=0.101407 
t=976 V=3.45157 A=0.0663647 W=0.229062 mAh_cumul=29.3988 Wh_cumul=0.10147 
t=977 V=3.4516 A=0.0663215 W=0.228915 mAh_cumul=29.4172 Wh_cumul=0.101534 
t=978 V=3.45156 A=0.0661556 W=0.22834 mAh_cumul=29.4356 Wh_cumul=0.101597 
t=979 V=3.45157 A=0.0660104 W=0.22784 mAh_cumul=29.4539 Wh_cumul=0.10166 
t=980 V=3.45152 A=0.0657497 W=0.226936 mAh_cumul=29.4722 Wh_cumul=0.101723 
t=981 V=3.45151 A=0.0658922 W=0.227428 mAh_cumul=29.4905 Wh_cumul=0.101787 
t=982 V=3.45154 A=0.0659515 W=0.227634 mAh_cumul=29.5088 Wh_cumul=0.10185 
t=983 V=3.45158 A=0.0660822 W=0.228088 mAh_cumul=29.5272 Wh_cumul=0.101913 
t=984 V=3.45159 A=0.065977 W=0.227726 mAh_cumul=29.5455 Wh_cumul=0.101977 
t=985 V=3.45158 A=0.0660325 W=0.227916 mAh_cumul=29.5638 Wh_cumul=0.10204 
t=986 V=3.45158 A=0.0657842 W=0.227059 mAh_cumul=29.5821 Wh_cumul=0.102103 
t=987 V=3.45155 A=0.0655695 W=0.226316 mAh_cumul=29.6003 Wh_cumul=0.102166 
t=988 V=3.45156 A=0.0654068 W=0.225755 mAh_cumul=29.6185 Wh_cumul=0.102228 
t=989 V=3.45154 A=0.0655278 W=0.226172 mAh_cumul=29.6367 Wh_cumul=0.102291 
t=990 V=3.45155 A=0.0655519 W=0.226256 mAh_cumul=29.6549 Wh_cumul=0.102354 
t=991 V=3.45158 A=0.0652879 W=0.225346 mAh_cumul=29.673 Wh_cumul=0.102417 
t=992 V=3.45154 A=0.0654291 W=0.225831 mAh_cumul=29.6912 Wh_cumul=0.102479 
t=993 V=3.45158 A=0.0652992 W=0.225385 mAh_cumul=29.7094 Wh_cumul=0.102542 
t=994 V=3.45155 A=0.0653916 W=0.225702 mAh_cumul=29.7275 Wh_cumul=0.102605 
t=995 V=3.45156 A=0.0654291 W=0.225832 mAh_cumul=29.7457 Wh_cumul=0.102667 
t=996 V=3.45157 A=0.0655004 W=0.226079 mAh_cumul=29.7639 Wh_cumul=0.10273 
t=997 V=3.45158 A=0.0653561 W=0.225582 mAh_cumul=29.782 Wh_cumul=0.102793 
t=998 V=3.45156 A=0.0652414 W=0.225185 mAh_cumul=29.8002 Wh_cumul=0.102856 
t=999 V=3.4516 A=0.0652999 W=0.225389 mAh_cumul=29.8183 Wh_cumul=0.102918 
t=1000 V=3.45158 A=0.0652651 W=0.225268 mAh_cumul=29.8364 Wh_cumul=0.102981 
t=1001 V=3.45159 A=0.0653156 W=0.225443 mAh_cumul=29.8546 Wh_cumul=0.103043 
t=1002 V=3.45158 A=0.0652732 W=0.225296 mAh_cumul=29.8727 Wh_cumul=0.103106 
t=1003 V=3.45157 A=0.065046 W=0.224511 mAh_cumul=29.8908 Wh_cumul=0.103168 
t=1004 V=3.45157 A=0.0649114 W=0.224046 mAh_cumul=29.9088 Wh_cumul=0.10323 
END

0 errors cleared
t=0 V=3.44179 A=0.00788897 W=0.0271522 mAh_cumul=0 Wh_cumul=0 
t=2 V=3.44173 A=0.00789056 W=0.0271572 mAh_cumul=0.00438364 Wh_cumul=1.50873e-05 
t=3 V=3.45154 A=0.0971172 W=0.335204 mAh_cumul=0.0313606 Wh_cumul=0.0001082 
t=4 V=3.45153 A=0.0908923 W=0.313718 mAh_cumul=0.0566085 Wh_cumul=0.000195343 
t=5 V=3.45154 A=0.0880544 W=0.303923 mAh_cumul=0.0810681 Wh_cumul=0.000279766 
t=6 V=3.45156 A=0.0858211 W=0.296217 mAh_cumul=0.104907 Wh_cumul=0.000362049 
t=7 V=3.45154 A=0.0842679 W=0.290854 mAh_cumul=0.128315 Wh_cumul=0.000442842 
t=8 V=3.45156 A=0.0827531 W=0.285627 mAh_cumul=0.151302 Wh_cumul=0.000522183 
t=9 V=3.45157 A=0.0815778 W=0.281571 mAh_cumul=0.173962 Wh_cumul=0.000600397 
t=10 V=3.45156 A=0.0802463 W=0.276975 mAh_cumul=0.196253 Wh_cumul=0.000677334 
t=11 V=3.45154 A=0.0789502 W=0.2725 mAh_cumul=0.218184 Wh_cumul=0.000753029 
t=12 V=3.45155 A=0.0777859 W=0.268482 mAh_cumul=0.239791 Wh_cumul=0.000827607 
t=13 V=3.45155 A=0.0769667 W=0.265654 mAh_cumul=0.261171 Wh_cumul=0.0009014 
t=14 V=3.45155 A=0.0759224 W=0.26205 mAh_cumul=0.28226 Wh_cumul=0.000974192 
t=15 V=3.45155 A=0.0751507 W=0.259386 mAh_cumul=0.303135 Wh_cumul=0.00104624 
t=16 V=3.45154 A=0.074274 W=0.25636 mAh_cumul=0.323767 Wh_cumul=0.00111745 
t=17 V=3.45157 A=0.0735238 W=0.253773 mAh_cumul=0.34419 Wh_cumul=0.00118795 
t=18 V=3.45153 A=0.0727323 W=0.251038 mAh_cumul=0.364394 Wh_cumul=0.00125768 
t=19 V=3.45153 A=0.0720738 W=0.248765 mAh_cumul=0.384414 Wh_cumul=0.00132678 
t=20 V=3.45153 A=0.071436 W=0.246563 mAh_cumul=0.404258 Wh_cumul=0.00139527 
t=21 V=3.45153 A=0.0708144 W=0.244418 mAh_cumul=0.423928 Wh_cumul=0.00146316 
t=22 V=3.45156 A=0.0704136 W=0.243037 mAh_cumul=0.443488 Wh_cumul=0.00153067 
t=23 V=3.45154 A=0.069774 W=0.240828 mAh_cumul=0.462869 Wh_cumul=0.00159757 
t=24 V=3.45153 A=0.0691495 W=0.238672 mAh_cumul=0.482077 Wh_cumul=0.00166387 
t=25 V=3.45155 A=0.0684711 W=0.236331 mAh_cumul=0.501097 Wh_cumul=0.00172952 
t=26 V=3.45152 A=0.067929 W=0.234458 mAh_cumul=0.519966 Wh_cumul=0.00179464 
t=27 V=3.45152 A=0.0675253 W=0.233065 mAh_cumul=0.538723 Wh_cumul=0.00185938 
t=28 V=3.45155 A=0.0672189 W=0.232009 mAh_cumul=0.557395 Wh_cumul=0.00192383 
t=29 V=3.45153 A=0.0667804 W=0.230495 mAh_cumul=0.575945 Wh_cumul=0.00198786 
t=30 V=3.45153 A=0.0663674 W=0.229069 mAh_cumul=0.594381 Wh_cumul=0.00205149 
t=31 V=3.45154 A=0.0656673 W=0.226653 mAh_cumul=0.612622 Wh_cumul=0.00211445 
t=32 V=3.45151 A=0.0653811 W=0.225664 mAh_cumul=0.630783 Wh_cumul=0.00217713 
t=33 V=3.45153 A=0.0650086 W=0.224379 mAh_cumul=0.648841 Wh_cumul=0.00223946 
t=34 V=3.45153 A=0.0646313 W=0.223077 mAh_cumul=0.666794 Wh_cumul=0.00230142 
END

