0 errors cleared
t=0 V=4.16602 A=0.00947521 W=0.0394739 mAh_cumul=0 Wh_cumul=0 
t=2 V=4.16599 A=0.00947885 W=0.0394888 mAh_cumul=0.00526603 Wh_cumul=2.19382e-05 
t=3 V=4.20221 A=0.521362 W=2.19087 mAh_cumul=0.150089 Wh_cumul=0.000630514 
t=4 V=4.19948 A=0.520544 W=2.18601 mAh_cumul=0.294684 Wh_cumul=0.00123774 
t=5 V=4.20009 A=0.520501 W=2.18615 mAh_cumul=0.439268 Wh_cumul=0.001845 
t=6 V=4.2006 A=0.520456 W=2.18623 mAh_cumul=0.583839 Wh_cumul=0.00245229 
t=7 V=4.20113 A=0.520458 W=2.18651 mAh_cumul=0.728411 Wh_cumul=0.00305965 
t=8 V=4.20157 A=0.52045 W=2.18671 mAh_cumul=0.87298 Wh_cumul=0.00366707 
t=9 V=4.20198 A=0.520439 W=2.18687 mAh_cumul=1.01755 Wh_cumul=0.00427454 
t=10 V=4.20225 A=0.515022 W=2.16425 mAh_cumul=1.16061 Wh_cumul=0.00487572 
t=11 V=4.20221 A=0.50853 W=2.13695 mAh_cumul=1.30187 Wh_cumul=0.00546932 
t=12 V=4.20224 A=0.502767 W=2.11275 mAh_cumul=1.44152 Wh_cumul=0.00605619 
t=13 V=4.20221 A=0.497627 W=2.09113 mAh_cumul=1.57975 Wh_cumul=0.00663706 
t=14 V=4.20224 A=0.492361 W=2.06902 mAh_cumul=1.71652 Wh_cumul=0.00721179 
t=15 V=4.20225 A=0.48699 W=2.04645 mAh_cumul=1.8518 Wh_cumul=0.00778025 
t=16 V=4.2022 A=0.482036 W=2.02561 mAh_cumul=1.98569 Wh_cumul=0.00834292 
t=17 V=4.20222 A=0.477297 W=2.00571 mAh_cumul=2.11828 Wh_cumul=0.00890006 
t=18 V=4.2022 A=0.473038 W=1.9878 mAh_cumul=2.24968 Wh_cumul=0.00945222 
t=19 V=4.20219 A=0.468717 W=1.96964 mAh_cumul=2.37988 Wh_cumul=0.00999935 
t=20 V=4.20221 A=0.464646 W=1.95254 mAh_cumul=2.50894 Wh_cumul=0.0105417 
t=21 V=4.2022 A=0.460829 W=1.9365 mAh_cumul=2.63695 Wh_cumul=0.0110796 
t=22 V=4.20221 A=0.456675 W=1.91904 mAh_cumul=2.76381 Wh_cumul=0.0116127 
t=23 V=4.20219 A=0.453059 W=1.90384 mAh_cumul=2.88966 Wh_cumul=0.0121415 
t=24 V=4.20222 A=0.449841 W=1.89033 mAh_cumul=3.01461 Wh_cumul=0.0126666 
t=25 V=4.20224 A=0.446502 W=1.87631 mAh_cumul=3.13864 Wh_cumul=0.0131878 
t=26 V=4.20225 A=0.443186 W=1.86238 mAh_cumul=3.26175 Wh_cumul=0.0137052 
t=27 V=4.20221 A=0.440004 W=1.84899 mAh_cumul=3.38397 Wh_cumul=0.0142188 
t=28 V=4.20221 A=0.436578 W=1.83459 mAh_cumul=3.50524 Wh_cumul=0.0147284 
t=29 V=4.20222 A=0.433793 W=1.82289 mAh_cumul=3.62574 Wh_cumul=0.0152347 
t=30 V=4.20222 A=0.431144 W=1.81176 mAh_cumul=3.7455 Wh_cumul=0.015738 
t=31 V=4.20221 A=0.428263 W=1.79965 mAh_cumul=3.86446 Wh_cumul=0.0162379 
t=32 V=4.20224 A=0.425413 W=1.78769 mAh_cumul=3.98263 Wh_cumul=0.0167345 
t=33 V=4.2022 A=0.422844 W=1.77688 mAh_cumul=4.10009 Wh_cumul=0.0172281 
t=34 V=4.2022 A=0.420017 W=1.765 mAh_cumul=4.21676 Wh_cumul=0.0177183 
t=35 V=4.20226 A=0.417687 W=1.75523 mAh_cumul=4.33279 Wh_cumul=0.0182059 
t=36 V=4.2022 A=0.4151 W=1.74433 mAh_cumul=4.44809 Wh_cumul=0.0186904 
t=37 V=4.20223 A=0.412507 W=1.73345 mAh_cumul=4.56268 Wh_cumul=0.019172 
t=38 V=4.20222 A=0.410082 W=1.72325 mAh_cumul=4.67659 Wh_cumul=0.0196506 
t=39 V=4.20221 A=0.40755 W=1.71261 mAh_cumul=4.7898 Wh_cumul=0.0201264 
t=40 V=4.20223 A=0.405298 W=1.70316 mAh_cumul=4.90238 Wh_cumul=0.0205995 
t=41 V=4.2022 A=0.40308 W=1.69382 mAh_cumul=5.01435 Wh_cumul=0.02107 
t=42 V=4.20218 A=0.400753 W=1.68404 mAh_cumul=5.12567 Wh_cumul=0.0215378 
t=43 V=4.20219 A=0.398662 W=1.67525 mAh_cumul=5.23641 Wh_cumul=0.0220031 
t=44 V=4.2022 A=0.396659 W=1.66684 mAh_cumul=5.34659 Wh_cumul=0.0224661 
t=45 V=4.20221 A=0.394669 W=1.65848 mAh_cumul=5.45622 Wh_cumul=0.0229268 
t=46 V=4.20218 A=0.392458 W=1.64918 mAh_cumul=5.56524 Wh_cumul=0.0233849 
t=47 V=4.2022 A=0.390295 W=1.6401 mAh_cumul=5.67365 Wh_cumul=0.0238405 
t=48 V=4.20218 A=0.388496 W=1.63253 mAh_cumul=5.78157 Wh_cumul=0.024294 
t=49 V=4.20222 A=0.386365 W=1.62359 mAh_cumul=5.88889 Wh_cumul=0.024745 
t=50 V=4.20218 A=0.384389 W=1.61527 mAh_cumul=5.99567 Wh_cumul=0.0251937 
t=51 V=4.20217 A=0.382394 W=1.60688 mAh_cumul=6.10189 Wh_cumul=0.02564 
t=52 V=4.20217 A=0.380617 W=1.59942 mAh_cumul=6.20761 Wh_cumul=0.0260843 
t=53 V=4.20217 A=0.378997 W=1.59261 mAh_cumul=6.31289 Wh_cumul=0.0265267 
t=54 V=4.2022 A=0.377687 W=1.58712 mAh_cumul=6.4178 Wh_cumul=0.0269676 
t=55 V=4.20221 A=0.375976 W=1.57993 mAh_cumul=6.52224 Wh_cumul=0.0274064 
t=56 V=4.20223 A=0.374446 W=1.57351 mAh_cumul=6.62625 Wh_cumul=0.0278435 
t=57 V=4.20225 A=0.372734 W=1.56632 mAh_cumul=6.72979 Wh_cumul=0.0282786 
t=58 V=4.20223 A=0.370988 W=1.55898 mAh_cumul=6.83284 Wh_cumul=0.0287116 
t=59 V=4.20218 A=0.369416 W=1.55235 mAh_cumul=6.93546 Wh_cumul=0.0291429 
t=60 V=4.20219 A=0.367779 W=1.54548 mAh_cumul=7.03762 Wh_cumul=0.0295722 
t=61 V=4.20221 A=0.366082 W=1.53835 mAh_cumul=7.13931 Wh_cumul=0.0299995 
t=62 V=4.20221 A=0.364592 W=1.53209 mAh_cumul=7.24058 Wh_cumul=0.0304251 
t=63 V=4.20219 A=0.363197 W=1.52622 mAh_cumul=7.34147 Wh_cumul=0.030849 
t=64 V=4.20223 A=0.361836 W=1.52052 mAh_cumul=7.44198 Wh_cumul=0.0312714 
t=65 V=4.2022 A=0.360247 W=1.51383 mAh_cumul=7.54205 Wh_cumul=0.0316919 
t=66 V=4.20221 A=0.358706 W=1.50736 mAh_cumul=7.64169 Wh_cumul=0.0321106 
t=67 V=4.20221 A=0.357066 W=1.50047 mAh_cumul=7.74088 Wh_cumul=0.0325274 
t=68 V=4.20221 A=0.355691 W=1.49469 mAh_cumul=7.83968 Wh_cumul=0.0329426 
t=69 V=4.20219 A=0.35441 W=1.4893 mAh_cumul=7.93813 Wh_cumul=0.0333563 
t=70 V=4.20221 A=0.353138 W=1.48396 mAh_cumul=8.03622 Wh_cumul=0.0337685 
t=71 V=4.20221 A=0.351776 W=1.47824 mAh_cumul=8.13394 Wh_cumul=0.0341791 
t=72 V=4.2022 A=0.35017 W=1.47148 mAh_cumul=8.23121 Wh_cumul=0.0345879 
t=73 V=4.20221 A=0.349029 W=1.46669 mAh_cumul=8.32816 Wh_cumul=0.0349953 
t=74 V=4.2022 A=0.347622 W=1.46078 mAh_cumul=8.42472 Wh_cumul=0.035401 
t=75 V=4.20218 A=0.34628 W=1.45513 mAh_cumul=8.52091 Wh_cumul=0.0358052 
t=76 V=4.20218 A=0.345019 W=1.44983 mAh_cumul=8.61675 Wh_cumul=0.036208 
t=77 V=4.20217 A=0.343689 W=1.44424 mAh_cumul=8.71222 Wh_cumul=0.0366092 
t=78 V=4.20222 A=0.342934 W=1.44108 mAh_cumul=8.80748 Wh_cumul=0.0370095 
t=79 V=4.20222 A=0.341811 W=1.43637 mAh_cumul=8.90242 Wh_cumul=0.0374084 
t=80 V=4.20223 A=0.340545 W=1.43105 mAh_cumul=8.99702 Wh_cumul=0.037806 
t=81 V=4.20223 A=0.339157 W=1.42522 mAh_cumul=9.09123 Wh_cumul=0.0382018 
t=82 V=4.20221 A=0.338068 W=1.42063 mAh_cumul=9.18514 Wh_cumul=0.0385965 
t=83 V=4.20223 A=0.336667 W=1.41475 mAh_cumul=9.27866 Wh_cumul=0.0389895 
t=84 V=4.20222 A=0.335499 W=1.40984 mAh_cumul=9.37185 Wh_cumul=0.0393811 
t=85 V=4.2022 A=0.33416 W=1.40421 mAh_cumul=9.46467 Wh_cumul=0.0397711 
t=86 V=4.20222 A=0.332915 W=1.39898 mAh_cumul=9.55715 Wh_cumul=0.0401597 
t=87 V=4.20219 A=0.331585 W=1.39338 mAh_cumul=9.64926 Wh_cumul=0.0405468 
t=88 V=4.20221 A=0.330558 W=1.38907 mAh_cumul=9.74108 Wh_cumul=0.0409326 
t=89 V=4.2022 A=0.329447 W=1.3844 mAh_cumul=9.83259 Wh_cumul=0.0413172 
t=90 V=4.2022 A=0.328632 W=1.38098 mAh_cumul=9.92388 Wh_cumul=0.0417008 
t=91 V=4.2022 A=0.327845 W=1.37767 mAh_cumul=10.0149 Wh_cumul=0.0420835 
t=92 V=4.20223 A=0.326648 W=1.37265 mAh_cumul=10.1057 Wh_cumul=0.0424648 
t=93 V=4.20222 A=0.325656 W=1.36848 mAh_cumul=10.1961 Wh_cumul=0.0428449 
t=94 V=4.20222 A=0.32477 W=1.36475 mAh_cumul=10.2864 Wh_cumul=0.043224 
t=95 V=4.20224 A=0.323785 W=1.36062 mAh_cumul=10.3763 Wh_cumul=0.043602 
t=96 V=4.20223 A=0.322448 W=1.355 mAh_cumul=10.4659 Wh_cumul=0.0439784 
t=97 V=4.20219 A=0.321523 W=1.3511 mAh_cumul=10.5552 Wh_cumul=0.0443537 
t=98 V=4.20221 A=0.320517 W=1.34688 mAh_cumul=10.6442 Wh_cumul=0.0447278 
t=99 V=4.20221 A=0.319244 W=1.34153 mAh_cumul=10.7329 Wh_cumul=0.0451004 
t=100 V=4.20217 A=0.317901 W=1.33587 mAh_cumul=10.8212 Wh_cumul=0.0454715 
t=101 V=4.20217 A=0.316972 W=1.33197 mAh_cumul=10.9092 Wh_cumul=0.0458415 
t=102 V=4.20219 A=0.316205 W=1.32875 mAh_cumul=10.9971 Wh_cumul=0.0462106 
t=103 V=4.2022 A=0.31529 W=1.32491 mAh_cumul=11.0847 Wh_cumul=0.0465786 
t=104 V=4.2022 A=0.314339 W=1.32092 mAh_cumul=11.172 Wh_cumul=0.0469456 
t=105 V=4.20218 A=0.31334 W=1.31671 mAh_cumul=11.259 Wh_cumul=0.0473113 
t=106 V=4.20219 A=0.312191 W=1.31189 mAh_cumul=11.3457 Wh_cumul=0.0476757 
t=107 V=4.20219 A=0.311258 W=1.30797 mAh_cumul=11.4322 Wh_cumul=0.0480391 
t=108 V=4.2022 A=0.309989 W=1.30264 mAh_cumul=11.5183 Wh_cumul=0.0484009 
t=109 V=4.20218 A=0.309012 W=1.29852 mAh_cumul=11.6041 Wh_cumul=0.0487616 
t=110 V=4.2022 A=0.30818 W=1.29503 mAh_cumul=11.6897 Wh_cumul=0.0491213 
t=111 V=4.20219 A=0.30723 W=1.29104 mAh_cumul=11.7751 Wh_cumul=0.0494799 
t=112 V=4.20219 A=0.306301 W=1.28713 mAh_cumul=11.8602 Wh_cumul=0.0498375 
t=113 V=4.20217 A=0.305244 W=1.28269 mAh_cumul=11.945 Wh_cumul=0.0501938 
t=114 V=4.20216 A=0.304467 W=1.27942 mAh_cumul=12.0295 Wh_cumul=0.0505492 
t=115 V=4.20217 A=0.303427 W=1.27505 mAh_cumul=12.1138 Wh_cumul=0.0509034 
t=116 V=4.20219 A=0.302863 W=1.27269 mAh_cumul=12.1979 Wh_cumul=0.0512569 
t=117 V=4.2022 A=0.302058 W=1.26931 mAh_cumul=12.2819 Wh_cumul=0.0516095 
t=118 V=4.20219 A=0.301169 W=1.26557 mAh_cumul=12.3655 Wh_cumul=0.051961 
t=119 V=4.2022 A=0.300362 W=1.26218 mAh_cumul=12.4489 Wh_cumul=0.0523116 
t=120 V=4.20222 A=0.299863 W=1.26009 mAh_cumul=12.5322 Wh_cumul=0.0526617 
t=121 V=4.20222 A=0.298731 W=1.25533 mAh_cumul=12.6152 Wh_cumul=0.0530104 
t=122 V=4.20222 A=0.2977 W=1.251 mAh_cumul=12.6979 Wh_cumul=0.0533579 
t=123 V=4.20221 A=0.296957 W=1.24788 mAh_cumul=12.7804 Wh_cumul=0.0537045 
t=124 V=4.20218 A=0.295905 W=1.24345 mAh_cumul=12.8626 Wh_cumul=0.0540499 
t=125 V=4.20215 A=0.295143 W=1.24024 mAh_cumul=12.9446 Wh_cumul=0.0543944 
t=126 V=4.20219 A=0.294507 W=1.23757 mAh_cumul=13.0264 Wh_cumul=0.0547382 
t=127 V=4.20222 A=0.293767 W=1.23447 mAh_cumul=13.108 Wh_cumul=0.0550811 
t=128 V=4.20219 A=0.293028 W=1.23136 mAh_cumul=13.1894 Wh_cumul=0.0554231 
t=129 V=4.20219 A=0.29199 W=1.227 mAh_cumul=13.2705 Wh_cumul=0.055764 
t=130 V=4.2022 A=0.291026 W=1.22295 mAh_cumul=13.3513 Wh_cumul=0.0561037 
t=131 V=4.20217 A=0.290025 W=1.21873 mAh_cumul=13.4319 Wh_cumul=0.0564422 
t=132 V=4.20217 A=0.289131 W=1.21498 mAh_cumul=13.5122 Wh_cumul=0.0567797 
t=133 V=4.20218 A=0.288477 W=1.21223 mAh_cumul=13.5923 Wh_cumul=0.0571164 
t=134 V=4.20216 A=0.288003 W=1.21023 mAh_cumul=13.6723 Wh_cumul=0.0574526 
t=135 V=4.20218 A=0.287181 W=1.20679 mAh_cumul=13.7521 Wh_cumul=0.0577878 
t=136 V=4.20221 A=0.286439 W=1.20368 mAh_cumul=13.8317 Wh_cumul=0.0581222 
t=137 V=4.20221 A=0.285796 W=1.20097 mAh_cumul=13.9111 Wh_cumul=0.0584558 
t=138 V=4.20218 A=0.284836 W=1.19693 mAh_cumul=13.9902 Wh_cumul=0.0587883 
t=139 V=4.2022 A=0.283605 W=1.19176 mAh_cumul=14.069 Wh_cumul=0.0591193 
t=140 V=4.20221 A=0.282868 W=1.18867 mAh_cumul=14.1475 Wh_cumul=0.0594495 
t=141 V=4.20217 A=0.281817 W=1.18424 mAh_cumul=14.2258 Wh_cumul=0.0597784 
t=142 V=4.20215 A=0.281031 W=1.18093 mAh_cumul=14.3039 Wh_cumul=0.0601065 
t=143 V=4.20219 A=0.280469 W=1.17858 mAh_cumul=14.3818 Wh_cumul=0.0604339 
t=144 V=4.2022 A=0.279855 W=1.17601 mAh_cumul=14.4595 Wh_cumul=0.0607605 
t=145 V=4.20221 A=0.278852 W=1.17179 mAh_cumul=14.537 Wh_cumul=0.061086 
t=146 V=4.20216 A=0.278097 W=1.16861 mAh_cumul=14.6142 Wh_cumul=0.0614107 
t=147 V=4.20219 A=0.277139 W=1.16459 mAh_cumul=14.6912 Wh_cumul=0.0617341 
t=148 V=4.2022 A=0.276284 W=1.161 mAh_cumul=14.768 Wh_cumul=0.0620566 
t=149 V=4.20218 A=0.275781 W=1.15888 mAh_cumul=14.8446 Wh_cumul=0.0623786 
t=150 V=4.2022 A=0.274942 W=1.15536 mAh_cumul=14.921 Wh_cumul=0.0626995 
t=151 V=4.20221 A=0.274065 W=1.15168 mAh_cumul=14.9971 Wh_cumul=0.0630194 
t=152 V=4.20217 A=0.273446 W=1.14907 mAh_cumul=15.073 Wh_cumul=0.0633386 
t=153 V=4.20219 A=0.272928 W=1.1469 mAh_cumul=15.1489 Wh_cumul=0.0636572 
t=154 V=4.20221 A=0.272191 W=1.1438 mAh_cumul=15.2245 Wh_cumul=0.0639749 
t=155 V=4.20218 A=0.271383 W=1.1404 mAh_cumul=15.2998 Wh_cumul=0.0642917 
t=156 V=4.2022 A=0.270648 W=1.13732 mAh_cumul=15.375 Wh_cumul=0.0646076 
t=157 V=4.20219 A=0.269918 W=1.13425 mAh_cumul=15.45 Wh_cumul=0.0649227 
t=158 V=4.20219 A=0.269017 W=1.13046 mAh_cumul=15.5247 Wh_cumul=0.0652367 
t=159 V=4.20218 A=0.268211 W=1.12707 mAh_cumul=15.5992 Wh_cumul=0.0655498 
t=160 V=4.20222 A=0.267637 W=1.12467 mAh_cumul=15.6736 Wh_cumul=0.0658622 
t=161 V=4.20216 A=0.266557 W=1.12012 mAh_cumul=15.7476 Wh_cumul=0.0661733 
t=162 V=4.20217 A=0.26575 W=1.11673 mAh_cumul=15.8214 Wh_cumul=0.0664835 
t=163 V=4.20221 A=0.265359 W=1.11509 mAh_cumul=15.8952 Wh_cumul=0.0667933 
t=164 V=4.20217 A=0.264397 W=1.11104 mAh_cumul=15.9686 Wh_cumul=0.0671019 
t=165 V=4.2022 A=0.26383 W=1.10867 mAh_cumul=16.0419 Wh_cumul=0.0674098 
t=166 V=4.20218 A=0.263319 W=1.10651 mAh_cumul=16.115 Wh_cumul=0.0677172 
t=167 V=4.2022 A=0.262524 W=1.10318 mAh_cumul=16.1879 Wh_cumul=0.0680236 
t=168 V=4.20216 A=0.261774 W=1.10002 mAh_cumul=16.2607 Wh_cumul=0.0683292 
t=169 V=4.20219 A=0.261071 W=1.09707 mAh_cumul=16.3332 Wh_cumul=0.0686339 
t=170 V=4.2022 A=0.260496 W=1.09466 mAh_cumul=16.4055 Wh_cumul=0.068938 
t=171 V=4.2022 A=0.259979 W=1.09248 mAh_cumul=16.4778 Wh_cumul=0.0692415 
t=172 V=4.20221 A=0.259357 W=1.08987 mAh_cumul=16.5498 Wh_cumul=0.0695442 
t=173 V=4.20219 A=0.258825 W=1.08763 mAh_cumul=16.6217 Wh_cumul=0.0698463 
t=174 V=4.2022 A=0.258344 W=1.08561 mAh_cumul=16.6935 Wh_cumul=0.0701479 
t=175 V=4.2022 A=0.257561 W=1.08232 mAh_cumul=16.765 Wh_cumul=0.0704486 
t=176 V=4.20219 A=0.25658 W=1.0782 mAh_cumul=16.8363 Wh_cumul=0.0707481 
t=177 V=4.20217 A=0.255801 W=1.07492 mAh_cumul=16.9073 Wh_cumul=0.0710466 
t=178 V=4.20219 A=0.255307 W=1.07285 mAh_cumul=16.9783 Wh_cumul=0.0713447 
t=179 V=4.20222 A=0.254441 W=1.06922 mAh_cumul=17.0489 Wh_cumul=0.0716417 
t=180 V=4.2022 A=0.253814 W=1.06658 mAh_cumul=17.1194 Wh_cumul=0.0719379 
t=181 V=4.20216 A=0.253415 W=1.06489 mAh_cumul=17.1898 Wh_cumul=0.0722337 
t=182 V=4.20219 A=0.252791 W=1.06228 mAh_cumul=17.26 Wh_cumul=0.0725288 
t=183 V=4.20219 A=0.251998 W=1.05894 mAh_cumul=17.33 Wh_cumul=0.072823 
t=184 V=4.20216 A=0.251117 W=1.05523 mAh_cumul=17.3998 Wh_cumul=0.0731161 
t=185 V=4.20218 A=0.250724 W=1.05359 mAh_cumul=17.4694 Wh_cumul=0.0734087 
t=186 V=4.20219 A=0.249919 W=1.05021 mAh_cumul=17.5389 Wh_cumul=0.0737005 
t=187 V=4.20219 A=0.249324 W=1.04771 mAh_cumul=17.6081 Wh_cumul=0.0739915 
t=188 V=4.20218 A=0.248681 W=1.045 mAh_cumul=17.6772 Wh_cumul=0.0742818 
t=189 V=4.20218 A=0.247906 W=1.04175 mAh_cumul=17.7461 Wh_cumul=0.0745712 
t=190 V=4.20215 A=0.247384 W=1.03954 mAh_cumul=17.8148 Wh_cumul=0.0748599 
t=191 V=4.20219 A=0.246874 W=1.03741 mAh_cumul=17.8834 Wh_cumul=0.0751481 
t=192 V=4.20225 A=0.246488 W=1.0358 mAh_cumul=17.9518 Wh_cumul=0.0754358 
t=193 V=4.20221 A=0.245524 W=1.03174 mAh_cumul=18.02 Wh_cumul=0.0757224 
t=194 V=4.20216 A=0.245068 W=1.02981 mAh_cumul=18.0881 Wh_cumul=0.0760085 
t=195 V=4.20218 A=0.244327 W=1.02671 mAh_cumul=18.156 Wh_cumul=0.0762937 
t=196 V=4.20219 A=0.243719 W=1.02415 mAh_cumul=18.2237 Wh_cumul=0.0765781 
t=197 V=4.2022 A=0.242967 W=1.021 mAh_cumul=18.2912 Wh_cumul=0.0768618 
t=198 V=4.20218 A=0.242303 W=1.0182 mAh_cumul=18.3585 Wh_cumul=0.0771446 
t=199 V=4.20215 A=0.241378 W=1.01431 mAh_cumul=18.4255 Wh_cumul=0.0774263 
t=200 V=4.20218 A=0.240962 W=1.01257 mAh_cumul=18.4925 Wh_cumul=0.0777076 
t=201 V=4.2022 A=0.240543 W=1.01081 mAh_cumul=18.5593 Wh_cumul=0.0779884 
t=202 V=4.20219 A=0.239944 W=1.00829 mAh_cumul=18.6259 Wh_cumul=0.0782685 
t=203 V=4.2022 A=0.239586 W=1.00679 mAh_cumul=18.6925 Wh_cumul=0.0785481 
t=204 V=4.2022 A=0.239012 W=1.00438 mAh_cumul=18.7589 Wh_cumul=0.0788271 
t=205 V=4.20219 A=0.238187 W=1.00091 mAh_cumul=18.825 Wh_cumul=0.0791052 
t=206 V=4.20218 A=0.237382 W=0.997522 mAh_cumul=18.891 Wh_cumul=0.0793822 
t=207 V=4.20218 A=0.236755 W=0.994887 mAh_cumul=18.9567 Wh_cumul=0.0796586 
t=208 V=4.2022 A=0.236367 W=0.993261 mAh_cumul=19.0224 Wh_cumul=0.0799345 
t=209 V=4.20218 A=0.235632 W=0.990168 mAh_cumul=19.0878 Wh_cumul=0.0802096 
t=210 V=4.20222 A=0.23512 W=0.988026 mAh_cumul=19.1532 Wh_cumul=0.080484 
t=211 V=4.20218 A=0.234571 W=0.98571 mAh_cumul=19.2183 Wh_cumul=0.0807578 
t=212 V=4.20221 A=0.233957 W=0.983136 mAh_cumul=19.2833 Wh_cumul=0.0810309 
t=213 V=4.20222 A=0.233493 W=0.981189 mAh_cumul=19.3482 Wh_cumul=0.0813035 
t=214 V=4.20223 A=0.232731 W=0.977989 mAh_cumul=19.4128 Wh_cumul=0.0815751 
t=215 V=4.20215 A=0.232161 W=0.975575 mAh_cumul=19.4773 Wh_cumul=0.0818461 
t=216 V=4.20217 A=0.23177 W=0.973937 mAh_cumul=19.5417 Wh_cumul=0.0821167 
t=217 V=4.20219 A=0.23099 W=0.970664 mAh_cumul=19.6058 Wh_cumul=0.0823863 
t=218 V=4.20215 A=0.230308 W=0.967789 mAh_cumul=19.6698 Wh_cumul=0.0826551 
t=219 V=4.20219 A=0.229702 W=0.965251 mAh_cumul=19.7336 Wh_cumul=0.0829232 
t=220 V=4.20215 A=0.229175 W=0.963028 mAh_cumul=19.7973 Wh_cumul=0.0831907 
t=221 V=4.20218 A=0.228701 W=0.961043 mAh_cumul=19.8608 Wh_cumul=0.0834577 
t=222 V=4.2022 A=0.22857 W=0.960497 mAh_cumul=19.9243 Wh_cumul=0.0837245 
t=223 V=4.20219 A=0.22757 W=0.956292 mAh_cumul=19.9875 Wh_cumul=0.0839901 
t=224 V=4.20222 A=0.227089 W=0.954278 mAh_cumul=20.0506 Wh_cumul=0.0842552 
t=225 V=4.20219 A=0.226213 W=0.95059 mAh_cumul=20.1134 Wh_cumul=0.0845193 
t=226 V=4.20218 A=0.225607 W=0.948041 mAh_cumul=20.1761 Wh_cumul=0.0847826 
t=227 V=4.20217 A=0.225213 W=0.946383 mAh_cumul=20.2387 Wh_cumul=0.0850455 
t=228 V=4.20215 A=0.224386 W=0.942904 mAh_cumul=20.301 Wh_cumul=0.0853074 
t=229 V=4.20216 A=0.224003 W=0.941296 mAh_cumul=20.3632 Wh_cumul=0.0855689 
t=230 V=4.20217 A=0.223414 W=0.938824 mAh_cumul=20.4253 Wh_cumul=0.0858297 
t=231 V=4.20216 A=0.222463 W=0.934825 mAh_cumul=20.4871 Wh_cumul=0.0860894 
t=232 V=4.20215 A=0.221995 W=0.932856 mAh_cumul=20.5487 Wh_cumul=0.0863485 
t=233 V=4.20218 A=0.221815 W=0.932107 mAh_cumul=20.6104 Wh_cumul=0.0866074 
t=234 V=4.20216 A=0.221119 W=0.929177 mAh_cumul=20.6718 Wh_cumul=0.0868655 
t=235 V=4.20217 A=0.22054 W=0.926747 mAh_cumul=20.733 Wh_cumul=0.0871229 
t=236 V=4.20214 A=0.219977 W=0.924374 mAh_cumul=20.7941 Wh_cumul=0.0873797 
t=237 V=4.20217 A=0.219423 W=0.922053 mAh_cumul=20.8551 Wh_cumul=0.0876358 
t=238 V=4.20218 A=0.219088 W=0.920647 mAh_cumul=20.9159 Wh_cumul=0.0878916 
t=239 V=4.20217 A=0.218581 W=0.918515 mAh_cumul=20.9767 Wh_cumul=0.0881467 
t=240 V=4.20216 A=0.217961 W=0.915907 mAh_cumul=21.0372 Wh_cumul=0.0884011 
t=241 V=4.20217 A=0.217359 W=0.913379 mAh_cumul=21.0976 Wh_cumul=0.0886548 
t=242 V=4.20214 A=0.216783 W=0.910953 mAh_cumul=21.1578 Wh_cumul=0.0889079 
t=243 V=4.20216 A=0.216264 W=0.908776 mAh_cumul=21.2179 Wh_cumul=0.0891603 
t=244 V=4.20216 A=0.215597 W=0.905973 mAh_cumul=21.2778 Wh_cumul=0.089412 
t=245 V=4.20214 A=0.215124 W=0.903981 mAh_cumul=21.3375 Wh_cumul=0.0896631 
t=246 V=4.20217 A=0.214934 W=0.903189 mAh_cumul=21.3972 Wh_cumul=0.089914 
t=247 V=4.20218 A=0.214471 W=0.901246 mAh_cumul=21.4568 Wh_cumul=0.0901643 
t=248 V=4.20217 A=0.213939 W=0.899008 mAh_cumul=21.5162 Wh_cumul=0.090414 
t=249 V=4.20218 A=0.213065 W=0.895337 mAh_cumul=21.5754 Wh_cumul=0.0906627 
t=250 V=4.20219 A=0.212496 W=0.892949 mAh_cumul=21.6344 Wh_cumul=0.0909108 
t=251 V=4.20215 A=0.211949 W=0.890641 mAh_cumul=21.6933 Wh_cumul=0.0911582 
t=252 V=4.20215 A=0.211638 W=0.889335 mAh_cumul=21.7521 Wh_cumul=0.0914052 
t=253 V=4.20222 A=0.210971 W=0.886547 mAh_cumul=21.8107 Wh_cumul=0.0916515 
t=254 V=4.20215 A=0.210525 W=0.884658 mAh_cumul=21.8692 Wh_cumul=0.0918972 
t=255 V=4.20218 A=0.210145 W=0.883067 mAh_cumul=21.9276 Wh_cumul=0.0921425 
t=256 V=4.20219 A=0.209626 W=0.880888 mAh_cumul=21.9858 Wh_cumul=0.0923872 
t=257 V=4.20221 A=0.20936 W=0.879775 mAh_cumul=22.0439 Wh_cumul=0.0926316 
t=258 V=4.20221 A=0.20896 W=0.878094 mAh_cumul=22.102 Wh_cumul=0.0928755 
t=259 V=4.20219 A=0.208428 W=0.875854 mAh_cumul=22.1599 Wh_cumul=0.0931188 
t=260 V=4.20219 A=0.208053 W=0.874278 mAh_cumul=22.2177 Wh_cumul=0.0933617 
t=261 V=4.20221 A=0.207704 W=0.872816 mAh_cumul=22.2754 Wh_cumul=0.0936041 
t=262 V=4.20221 A=0.207343 W=0.871299 mAh_cumul=22.333 Wh_cumul=0.0938461 
t=263 V=4.20219 A=0.206975 W=0.869748 mAh_cumul=22.3905 Wh_cumul=0.0940877 
t=264 V=4.20222 A=0.20653 W=0.867884 mAh_cumul=22.4478 Wh_cumul=0.0943288 
t=265 V=4.20222 A=0.205793 W=0.864787 mAh_cumul=22.505 Wh_cumul=0.094569 
t=266 V=4.2022 A=0.2053 W=0.862712 mAh_cumul=22.562 Wh_cumul=0.0948087 
t=267 V=4.20219 A=0.204676 W=0.860087 mAh_cumul=22.6189 Wh_cumul=0.0950476 
t=268 V=4.20221 A=0.204204 W=0.858108 mAh_cumul=22.6756 Wh_cumul=0.095286 
t=269 V=4.20224 A=0.203638 W=0.855736 mAh_cumul=22.7322 Wh_cumul=0.0955237 
t=270 V=4.20222 A=0.203043 W=0.853231 mAh_cumul=22.7886 Wh_cumul=0.0957607 
t=271 V=4.20223 A=0.202651 W=0.851586 mAh_cumul=22.8449 Wh_cumul=0.0959972 
t=272 V=4.20222 A=0.201984 W=0.848781 mAh_cumul=22.901 Wh_cumul=0.096233 
t=273 V=4.20222 A=0.20157 W=0.847041 mAh_cumul=22.957 Wh_cumul=0.0964683 
t=274 V=4.20218 A=0.201254 W=0.845706 mAh_cumul=23.0129 Wh_cumul=0.0967032 
t=275 V=4.20223 A=0.200847 W=0.844005 mAh_cumul=23.0687 Wh_cumul=0.0969376 
t=276 V=4.20222 A=0.200557 W=0.842785 mAh_cumul=23.1244 Wh_cumul=0.0971717 
t=277 V=4.20223 A=0.200105 W=0.840887 mAh_cumul=23.1799 Wh_cumul=0.0974053 
t=278 V=4.20223 A=0.199522 W=0.838437 mAh_cumul=23.2354 Wh_cumul=0.0976382 
t=279 V=4.20221 A=0.198953 W=0.836042 mAh_cumul=23.2906 Wh_cumul=0.0978705 
t=280 V=4.2022 A=0.198616 W=0.834624 mAh_cumul=23.3458 Wh_cumul=0.0981023 
t=281 V=4.2022 A=0.198161 W=0.832712 mAh_cumul=23.4009 Wh_cumul=0.0983336 
t=282 V=4.20222 A=0.197795 W=0.831178 mAh_cumul=23.4558 Wh_cumul=0.0985645 
t=283 V=4.2022 A=0.197163 W=0.828518 mAh_cumul=23.5106 Wh_cumul=0.0987946 
t=284 V=4.20218 A=0.196644 W=0.826333 mAh_cumul=23.5652 Wh_cumul=0.0990242 
t=285 V=4.20219 A=0.196237 W=0.824625 mAh_cumul=23.6197 Wh_cumul=0.0992532 
t=286 V=4.20219 A=0.195737 W=0.822524 mAh_cumul=23.6741 Wh_cumul=0.0994817 
t=287 V=4.2022 A=0.195367 W=0.820971 mAh_cumul=23.7283 Wh_cumul=0.0997098 
t=288 V=4.20219 A=0.19476 W=0.818419 mAh_cumul=23.7824 Wh_cumul=0.0999371 
t=289 V=4.2022 A=0.19413 W=0.815773 mAh_cumul=23.8364 Wh_cumul=0.100164 
t=290 V=4.2022 A=0.193617 W=0.813617 mAh_cumul=23.8901 Wh_cumul=0.10039 
t=291 V=4.20219 A=0.192941 W=0.810775 mAh_cumul=23.9437 Wh_cumul=0.100615 
t=292 V=4.20217 A=0.19243 W=0.808624 mAh_cumul=23.9972 Wh_cumul=0.10084 
t=293 V=4.20217 A=0.191925 W=0.806501 mAh_cumul=24.0505 Wh_cumul=0.101064 
t=294 V=4.20215 A=0.191523 W=0.804808 mAh_cumul=24.1037 Wh_cumul=0.101287 
t=295 V=4.20218 A=0.191337 W=0.804033 mAh_cumul=24.1569 Wh_cumul=0.10151 
t=296 V=4.20217 A=0.190853 W=0.801997 mAh_cumul=24.2099 Wh_cumul=0.101733 
t=297 V=4.20217 A=0.190531 W=0.800644 mAh_cumul=24.2628 Wh_cumul=0.101956 
t=298 V=4.20218 A=0.190133 W=0.798973 mAh_cumul=24.3156 Wh_cumul=0.102178 
t=299 V=4.20218 A=0.189521 W=0.796401 mAh_cumul=24.3683 Wh_cumul=0.102399 
t=300 V=4.20218 A=0.188929 W=0.793914 mAh_cumul=24.4207 Wh_cumul=0.102619 
t=301 V=4.20218 A=0.188684 W=0.792884 mAh_cumul=24.4731 Wh_cumul=0.10284 
t=302 V=4.20218 A=0.188361 W=0.791527 mAh_cumul=24.5255 Wh_cumul=0.103059 
t=303 V=4.20222 A=0.188113 W=0.790492 mAh_cumul=24.5777 Wh_cumul=0.103279 
t=304 V=4.2022 A=0.187511 W=0.787959 mAh_cumul=24.6298 Wh_cumul=0.103498 
t=305 V=4.20217 A=0.186831 W=0.785096 mAh_cumul=24.6817 Wh_cumul=0.103716 
t=306 V=4.20216 A=0.18631 W=0.782904 mAh_cumul=24.7335 Wh_cumul=0.103933 
t=307 V=4.20221 A=0.185769 W=0.78064 mAh_cumul=24.7851 Wh_cumul=0.10415 
t=308 V=4.20218 A=0.185225 W=0.778349 mAh_cumul=24.8365 Wh_cumul=0.104367 
t=309 V=4.20215 A=0.184442 W=0.775053 mAh_cumul=24.8877 Wh_cumul=0.104582 
t=310 V=4.2022 A=0.184135 W=0.773772 mAh_cumul=24.9389 Wh_cumul=0.104797 
t=311 V=4.20216 A=0.183577 W=0.77142 mAh_cumul=24.9899 Wh_cumul=0.105011 
t=312 V=4.20215 A=0.183127 W=0.769527 mAh_cumul=25.0408 Wh_cumul=0.105225 
t=313 V=4.20215 A=0.1828 W=0.768153 mAh_cumul=25.0915 Wh_cumul=0.105438 
t=314 V=4.20218 A=0.18242 W=0.766562 mAh_cumul=25.1422 Wh_cumul=0.105651 
t=315 V=4.20217 A=0.181871 W=0.764253 mAh_cumul=25.1927 Wh_cumul=0.105863 
t=316 V=4.20217 A=0.181553 W=0.762917 mAh_cumul=25.2432 Wh_cumul=0.106075 
t=317 V=4.20217 A=0.181338 W=0.762013 mAh_cumul=25.2935 Wh_cumul=0.106287 
t=318 V=4.20216 A=0.180934 W=0.760314 mAh_cumul=25.3438 Wh_cumul=0.106498 
t=319 V=4.20216 A=0.180475 W=0.758385 mAh_cumul=25.3939 Wh_cumul=0.106709 
t=320 V=4.20218 A=0.180361 W=0.757909 mAh_cumul=25.444 Wh_cumul=0.106919 
t=321 V=4.20217 A=0.179886 W=0.755912 mAh_cumul=25.494 Wh_cumul=0.107129 
t=322 V=4.20216 A=0.179252 W=0.753246 mAh_cumul=25.5438 Wh_cumul=0.107339 
t=323 V=4.2022 A=0.178948 W=0.751975 mAh_cumul=25.5935 Wh_cumul=0.107547 
t=324 V=4.2022 A=0.178698 W=0.750925 mAh_cumul=25.6431 Wh_cumul=0.107756 
t=325 V=4.20219 A=0.178414 W=0.74973 mAh_cumul=25.6927 Wh_cumul=0.107964 
t=326 V=4.20217 A=0.178029 W=0.748108 mAh_cumul=25.7421 Wh_cumul=0.108172 
t=327 V=4.20222 A=0.177739 W=0.746898 mAh_cumul=25.7915 Wh_cumul=0.10838 
t=328 V=4.2022 A=0.17716 W=0.744462 mAh_cumul=25.8407 Wh_cumul=0.108586 
t=329 V=4.20219 A=0.176983 W=0.743716 mAh_cumul=25.8899 Wh_cumul=0.108793 
t=330 V=4.20219 A=0.176623 W=0.742203 mAh_cumul=25.9389 Wh_cumul=0.108999 
t=331 V=4.20222 A=0.176098 W=0.740003 mAh_cumul=25.9879 Wh_cumul=0.109205 
t=332 V=4.20224 A=0.17577 W=0.738628 mAh_cumul=26.0367 Wh_cumul=0.10941 
t=333 V=4.20219 A=0.175121 W=0.735892 mAh_cumul=26.0853 Wh_cumul=0.109614 
t=334 V=4.20219 A=0.174766 W=0.7344 mAh_cumul=26.1339 Wh_cumul=0.109818 
t=335 V=4.2022 A=0.174896 W=0.734948 mAh_cumul=26.1825 Wh_cumul=0.110022 
t=336 V=4.20223 A=0.17442 W=0.732953 mAh_cumul=26.2309 Wh_cumul=0.110226 
t=337 V=4.20224 A=0.174202 W=0.732039 mAh_cumul=26.2793 Wh_cumul=0.110429 
t=338 V=4.20222 A=0.173656 W=0.729741 mAh_cumul=26.3275 Wh_cumul=0.110632 
t=339 V=4.2022 A=0.173289 W=0.728195 mAh_cumul=26.3757 Wh_cumul=0.110834 
t=340 V=4.20216 A=0.172838 W=0.726293 mAh_cumul=26.4237 Wh_cumul=0.111036 
t=341 V=4.20218 A=0.172531 W=0.725006 mAh_cumul=26.4716 Wh_cumul=0.111238 
t=342 V=4.20224 A=0.172206 W=0.723651 mAh_cumul=26.5194 Wh_cumul=0.111439 
t=343 V=4.20222 A=0.171809 W=0.721979 mAh_cumul=26.5672 Wh_cumul=0.111639 
t=344 V=4.2022 A=0.171481 W=0.720597 mAh_cumul=26.6148 Wh_cumul=0.111839 
t=345 V=4.20219 A=0.171012 W=0.718625 mAh_cumul=26.6623 Wh_cumul=0.112039 
t=346 V=4.2022 A=0.17058 W=0.716811 mAh_cumul=26.7097 Wh_cumul=0.112238 
t=347 V=4.2022 A=0.170159 W=0.715042 mAh_cumul=26.757 Wh_cumul=0.112437 
t=348 V=4.20219 A=0.169871 W=0.71383 mAh_cumul=26.8041 Wh_cumul=0.112635 
t=349 V=4.20219 A=0.169365 W=0.711704 mAh_cumul=26.8512 Wh_cumul=0.112833 
t=350 V=4.20217 A=0.169048 W=0.710368 mAh_cumul=26.8981 Wh_cumul=0.11303 
t=351 V=4.20219 A=0.168483 W=0.707998 mAh_cumul=26.9449 Wh_cumul=0.113227 
t=352 V=4.20221 A=0.168186 W=0.706753 mAh_cumul=26.9917 Wh_cumul=0.113423 
t=353 V=4.20221 A=0.167859 W=0.705379 mAh_cumul=27.0383 Wh_cumul=0.113619 
t=354 V=4.20219 A=0.167311 W=0.703073 mAh_cumul=27.0848 Wh_cumul=0.113814 
t=355 V=4.20221 A=0.166838 W=0.701088 mAh_cumul=27.1311 Wh_cumul=0.114009 
t=356 V=4.2022 A=0.166613 W=0.700141 mAh_cumul=27.1774 Wh_cumul=0.114203 
t=357 V=4.20221 A=0.166029 W=0.697689 mAh_cumul=27.2235 Wh_cumul=0.114397 
t=358 V=4.20219 A=0.165491 W=0.695425 mAh_cumul=27.2695 Wh_cumul=0.11459 
t=359 V=4.20218 A=0.165083 W=0.693708 mAh_cumul=27.3153 Wh_cumul=0.114783 
t=360 V=4.20217 A=0.164855 W=0.692749 mAh_cumul=27.3611 Wh_cumul=0.114975 
t=361 V=4.20219 A=0.164172 W=0.689882 mAh_cumul=27.4067 Wh_cumul=0.115167 
t=362 V=4.20217 A=0.163592 W=0.687441 mAh_cumul=27.4522 Wh_cumul=0.115358 
t=363 V=4.20212 A=0.163243 W=0.685967 mAh_cumul=27.4975 Wh_cumul=0.115549 
t=364 V=4.20216 A=0.162671 W=0.68357 mAh_cumul=27.5427 Wh_cumul=0.115738 
t=365 V=4.20214 A=0.162338 W=0.682167 mAh_cumul=27.5878 Wh_cumul=0.115928 
t=366 V=4.20216 A=0.162204 W=0.681607 mAh_cumul=27.6329 Wh_cumul=0.116117 
t=367 V=4.20217 A=0.16183 W=0.680037 mAh_cumul=27.6778 Wh_cumul=0.116306 
t=368 V=4.20219 A=0.161341 W=0.677986 mAh_cumul=27.7226 Wh_cumul=0.116495 
t=369 V=4.20216 A=0.161076 W=0.676867 mAh_cumul=27.7674 Wh_cumul=0.116683 
t=370 V=4.20217 A=0.160866 W=0.675986 mAh_cumul=27.8121 Wh_cumul=0.11687 
t=371 V=4.20219 A=0.160453 W=0.674254 mAh_cumul=27.8566 Wh_cumul=0.117058 
t=372 V=4.20216 A=0.160219 W=0.673266 mAh_cumul=27.9011 Wh_cumul=0.117245 
t=373 V=4.20218 A=0.159654 W=0.670895 mAh_cumul=27.9455 Wh_cumul=0.117431 
t=374 V=4.20217 A=0.159364 W=0.669675 mAh_cumul=27.9897 Wh_cumul=0.117617 
t=375 V=4.20216 A=0.15895 W=0.667933 mAh_cumul=28.0339 Wh_cumul=0.117803 
t=376 V=4.20217 A=0.158353 W=0.665426 mAh_cumul=28.0779 Wh_cumul=0.117987 
t=377 V=4.20218 A=0.15842 W=0.665709 mAh_cumul=28.1219 Wh_cumul=0.118172 
t=378 V=4.2022 A=0.157927 W=0.663641 mAh_cumul=28.1658 Wh_cumul=0.118357 
t=379 V=4.20218 A=0.157543 W=0.662024 mAh_cumul=28.2095 Wh_cumul=0.118541 
t=380 V=4.2022 A=0.157085 W=0.660103 mAh_cumul=28.2532 Wh_cumul=0.118724 
t=381 V=4.2022 A=0.156811 W=0.658951 mAh_cumul=28.2967 Wh_cumul=0.118907 
t=382 V=4.20217 A=0.15651 W=0.657682 mAh_cumul=28.3402 Wh_cumul=0.11909 
t=383 V=4.20218 A=0.15597 W=0.655414 mAh_cumul=28.3835 Wh_cumul=0.119272 
t=384 V=4.20216 A=0.155675 W=0.654171 mAh_cumul=28.4268 Wh_cumul=0.119453 
t=385 V=4.2022 A=0.155388 W=0.652971 mAh_cumul=28.4699 Wh_cumul=0.119635 
t=386 V=4.20216 A=0.1548 W=0.650494 mAh_cumul=28.5129 Wh_cumul=0.119815 
t=387 V=4.20218 A=0.154557 W=0.649476 mAh_cumul=28.5559 Wh_cumul=0.119996 
t=388 V=4.20217 A=0.154322 W=0.648487 mAh_cumul=28.5987 Wh_cumul=0.120176 
t=389 V=4.20217 A=0.153854 W=0.646521 mAh_cumul=28.6415 Wh_cumul=0.120356 
t=390 V=4.20216 A=0.153627 W=0.645565 mAh_cumul=28.6841 Wh_cumul=0.120535 
t=391 V=4.2022 A=0.153536 W=0.645189 mAh_cumul=28.7268 Wh_cumul=0.120714 
t=392 V=4.20218 A=0.15309 W=0.643312 mAh_cumul=28.7693 Wh_cumul=0.120893 
t=393 V=4.20217 A=0.152679 W=0.641583 mAh_cumul=28.8117 Wh_cumul=0.121071 
t=394 V=4.20217 A=0.152649 W=0.641457 mAh_cumul=28.8541 Wh_cumul=0.121249 
t=395 V=4.20215 A=0.152185 W=0.639504 mAh_cumul=28.8964 Wh_cumul=0.121427 
t=396 V=4.20219 A=0.151794 W=0.637867 mAh_cumul=28.9386 Wh_cumul=0.121604 
t=397 V=4.20219 A=0.15161 W=0.637094 mAh_cumul=28.9807 Wh_cumul=0.121781 
t=398 V=4.20218 A=0.151062 W=0.63479 mAh_cumul=29.0226 Wh_cumul=0.121957 
t=399 V=4.20216 A=0.150778 W=0.633593 mAh_cumul=29.0645 Wh_cumul=0.122133 
t=400 V=4.20219 A=0.150532 W=0.632564 mAh_cumul=29.1063 Wh_cumul=0.122309 
t=401 V=4.20218 A=0.150286 W=0.631529 mAh_cumul=29.1481 Wh_cumul=0.122485 
t=402 V=4.20218 A=0.149801 W=0.629491 mAh_cumul=29.1897 Wh_cumul=0.122659 
t=403 V=4.20216 A=0.149178 W=0.62687 mAh_cumul=29.2311 Wh_cumul=0.122834 
t=404 V=4.20216 A=0.148873 W=0.625588 mAh_cumul=29.2725 Wh_cumul=0.123007 
t=405 V=4.20217 A=0.148933 W=0.625842 mAh_cumul=29.3139 Wh_cumul=0.123181 
t=406 V=4.20218 A=0.148319 W=0.623263 mAh_cumul=29.3551 Wh_cumul=0.123354 
t=407 V=4.20216 A=0.148005 W=0.621941 mAh_cumul=29.3962 Wh_cumul=0.123527 
t=408 V=4.20216 A=0.147656 W=0.620474 mAh_cumul=29.4372 Wh_cumul=0.123699 
t=409 V=4.20217 A=0.147321 W=0.619068 mAh_cumul=29.4781 Wh_cumul=0.123871 
t=410 V=4.2022 A=0.147312 W=0.619034 mAh_cumul=29.519 Wh_cumul=0.124043 
t=411 V=4.20221 A=0.147058 W=0.617969 mAh_cumul=29.5599 Wh_cumul=0.124215 
t=412 V=4.20216 A=0.146705 W=0.616478 mAh_cumul=29.6006 Wh_cumul=0.124386 
t=413 V=4.20218 A=0.146316 W=0.614846 mAh_cumul=29.6413 Wh_cumul=0.124557 
t=414 V=4.20217 A=0.145934 W=0.613239 mAh_cumul=29.6818 Wh_cumul=0.124727 
t=415 V=4.20217 A=0.145484 W=0.611349 mAh_cumul=29.7222 Wh_cumul=0.124897 
t=416 V=4.20218 A=0.145209 W=0.610194 mAh_cumul=29.7626 Wh_cumul=0.125067 
t=417 V=4.20217 A=0.145158 W=0.609979 mAh_cumul=29.8029 Wh_cumul=0.125236 
t=418 V=4.20221 A=0.144844 W=0.608665 mAh_cumul=29.8431 Wh_cumul=0.125405 
t=419 V=4.20219 A=0.144329 W=0.606498 mAh_cumul=29.8832 Wh_cumul=0.125574 
t=420 V=4.20217 A=0.143985 W=0.605049 mAh_cumul=29.9232 Wh_cumul=0.125742 
t=421 V=4.20221 A=0.143786 W=0.604219 mAh_cumul=29.9631 Wh_cumul=0.12591 
t=422 V=4.20221 A=0.143515 W=0.60308 mAh_cumul=30.003 Wh_cumul=0.126077 
t=423 V=4.20217 A=0.143026 W=0.60102 mAh_cumul=30.0427 Wh_cumul=0.126244 
t=424 V=4.2022 A=0.142935 W=0.600641 mAh_cumul=30.0824 Wh_cumul=0.126411 
t=425 V=4.20221 A=0.14281 W=0.600118 mAh_cumul=30.1221 Wh_cumul=0.126578 
t=426 V=4.2022 A=0.142291 W=0.597935 mAh_cumul=30.1616 Wh_cumul=0.126744 
t=427 V=4.20221 A=0.142083 W=0.597063 mAh_cumul=30.2011 Wh_cumul=0.126909 
t=428 V=4.20222 A=0.141834 W=0.596018 mAh_cumul=30.2405 Wh_cumul=0.127075 
t=429 V=4.20222 A=0.141295 W=0.593753 mAh_cumul=30.2797 Wh_cumul=0.12724 
t=430 V=4.20222 A=0.141399 W=0.59419 mAh_cumul=30.319 Wh_cumul=0.127405 
t=431 V=4.20221 A=0.140899 W=0.592087 mAh_cumul=30.3582 Wh_cumul=0.12757 
t=432 V=4.20218 A=0.140466 W=0.590263 mAh_cumul=30.3972 Wh_cumul=0.127733 
t=433 V=4.20218 A=0.14019 W=0.589104 mAh_cumul=30.4361 Wh_cumul=0.127897 
t=434 V=4.20217 A=0.139612 W=0.586673 mAh_cumul=30.4749 Wh_cumul=0.12806 
t=435 V=4.20221 A=0.139343 W=0.585549 mAh_cumul=30.5136 Wh_cumul=0.128223 
t=436 V=4.20218 A=0.138929 W=0.583805 mAh_cumul=30.5522 Wh_cumul=0.128385 
t=437 V=4.20218 A=0.138727 W=0.582956 mAh_cumul=30.5907 Wh_cumul=0.128547 
t=438 V=4.20217 A=0.138314 W=0.581219 mAh_cumul=30.6292 Wh_cumul=0.128708 
t=439 V=4.20218 A=0.138122 W=0.580414 mAh_cumul=30.6675 Wh_cumul=0.12887 
t=440 V=4.20217 A=0.137525 W=0.577903 mAh_cumul=30.7057 Wh_cumul=0.12903 
t=441 V=4.20219 A=0.13748 W=0.577717 mAh_cumul=30.7439 Wh_cumul=0.129191 
t=442 V=4.20218 A=0.137288 W=0.576909 mAh_cumul=30.782 Wh_cumul=0.129351 
t=443 V=4.20219 A=0.137054 W=0.575927 mAh_cumul=30.8201 Wh_cumul=0.129511 
t=444 V=4.20218 A=0.136628 W=0.574135 mAh_cumul=30.8581 Wh_cumul=0.12967 
t=445 V=4.20218 A=0.136281 W=0.572677 mAh_cumul=30.8959 Wh_cumul=0.129829 
t=446 V=4.2022 A=0.13603 W=0.571625 mAh_cumul=30.9337 Wh_cumul=0.129988 
t=447 V=4.20219 A=0.135572 W=0.569699 mAh_cumul=30.9714 Wh_cumul=0.130146 
t=448 V=4.20219 A=0.135339 W=0.56872 mAh_cumul=31.009 Wh_cumul=0.130304 
t=449 V=4.20219 A=0.134945 W=0.567065 mAh_cumul=31.0465 Wh_cumul=0.130462 
t=450 V=4.20217 A=0.134462 W=0.565032 mAh_cumul=31.0838 Wh_cumul=0.130619 
t=451 V=4.20215 A=0.134021 W=0.563176 mAh_cumul=31.121 Wh_cumul=0.130775 
t=452 V=4.20216 A=0.133806 W=0.562274 mAh_cumul=31.1582 Wh_cumul=0.130931 
t=453 V=4.20217 A=0.133586 W=0.561351 mAh_cumul=31.1953 Wh_cumul=0.131087 
t=454 V=4.20218 A=0.13337 W=0.560445 mAh_cumul=31.2324 Wh_cumul=0.131243 
t=455 V=4.20217 A=0.133406 W=0.560595 mAh_cumul=31.2694 Wh_cumul=0.131399 
t=456 V=4.20221 A=0.133045 W=0.559083 mAh_cumul=31.3064 Wh_cumul=0.131554 
t=457 V=4.20218 A=0.132657 W=0.557449 mAh_cumul=31.3432 Wh_cumul=0.131709 
t=458 V=4.20218 A=0.132342 W=0.556125 mAh_cumul=31.38 Wh_cumul=0.131863 
t=459 V=4.20221 A=0.132254 W=0.555759 mAh_cumul=31.4167 Wh_cumul=0.132018 
t=460 V=4.20219 A=0.132054 W=0.554916 mAh_cumul=31.4534 Wh_cumul=0.132172 
t=461 V=4.20221 A=0.132122 W=0.555204 mAh_cumul=31.4901 Wh_cumul=0.132326 
t=462 V=4.20223 A=0.131447 W=0.552371 mAh_cumul=31.5266 Wh_cumul=0.13248 
t=463 V=4.20216 A=0.130939 W=0.550227 mAh_cumul=31.563 Wh_cumul=0.132632 
t=464 V=4.20215 A=0.130661 W=0.549057 mAh_cumul=31.5993 Wh_cumul=0.132785 
t=465 V=4.20219 A=0.130601 W=0.54881 mAh_cumul=31.6356 Wh_cumul=0.132937 
t=466 V=4.2022 A=0.130152 W=0.546925 mAh_cumul=31.6717 Wh_cumul=0.133089 
t=467 V=4.20219 A=0.13024 W=0.547293 mAh_cumul=31.7079 Wh_cumul=0.133241 
t=468 V=4.20219 A=0.129865 W=0.545717 mAh_cumul=31.744 Wh_cumul=0.133393 
t=469 V=4.20222 A=0.129885 W=0.545805 mAh_cumul=31.78 Wh_cumul=0.133545 
t=470 V=4.20223 A=0.129427 W=0.543882 mAh_cumul=31.816 Wh_cumul=0.133696 
t=471 V=4.20222 A=0.129464 W=0.544036 mAh_cumul=31.852 Wh_cumul=0.133847 
t=472 V=4.20223 A=0.129209 W=0.542966 mAh_cumul=31.8878 Wh_cumul=0.133998 
t=473 V=4.20221 A=0.128599 W=0.5404 mAh_cumul=31.9236 Wh_cumul=0.134148 
t=474 V=4.20224 A=0.128293 W=0.539118 mAh_cumul=31.9592 Wh_cumul=0.134297 
t=475 V=4.20221 A=0.128173 W=0.53861 mAh_cumul=31.9948 Wh_cumul=0.134447 
t=476 V=4.20222 A=0.127762 W=0.536884 mAh_cumul=32.0303 Wh_cumul=0.134596 
t=477 V=4.20221 A=0.127245 W=0.53471 mAh_cumul=32.0656 Wh_cumul=0.134745 
t=478 V=4.20221 A=0.126959 W=0.533508 mAh_cumul=32.1009 Wh_cumul=0.134893 
t=479 V=4.20225 A=0.127036 W=0.533837 mAh_cumul=32.1362 Wh_cumul=0.135041 
t=480 V=4.20223 A=0.126788 W=0.532792 mAh_cumul=32.1714 Wh_cumul=0.135189 
t=481 V=4.20222 A=0.126202 W=0.530329 mAh_cumul=32.2065 Wh_cumul=0.135336 
t=482 V=4.20222 A=0.125856 W=0.528875 mAh_cumul=32.2414 Wh_cumul=0.135483 
t=483 V=4.20221 A=0.125332 W=0.526671 mAh_cumul=32.2762 Wh_cumul=0.13563 
t=484 V=4.20219 A=0.125035 W=0.525421 mAh_cumul=32.311 Wh_cumul=0.135776 
t=485 V=4.20217 A=0.124679 W=0.523922 mAh_cumul=32.3456 Wh_cumul=0.135921 
t=486 V=4.20221 A=0.124705 W=0.524037 mAh_cumul=32.3803 Wh_cumul=0.136067 
t=487 V=4.20219 A=0.124347 W=0.52253 mAh_cumul=32.4148 Wh_cumul=0.136212 
t=488 V=4.20222 A=0.124233 W=0.522054 mAh_cumul=32.4493 Wh_cumul=0.136357 
t=489 V=4.20222 A=0.124221 W=0.522004 mAh_cumul=32.4838 Wh_cumul=0.136502 
t=490 V=4.20224 A=0.124469 W=0.523049 mAh_cumul=32.5184 Wh_cumul=0.136647 
t=491 V=4.20224 A=0.12438 W=0.522675 mAh_cumul=32.5529 Wh_cumul=0.136792 
t=492 V=4.20226 A=0.124013 W=0.521135 mAh_cumul=32.5874 Wh_cumul=0.136937 
t=493 V=4.20226 A=0.123644 W=0.519584 mAh_cumul=32.6217 Wh_cumul=0.137081 
t=494 V=4.20223 A=0.123172 W=0.517597 mAh_cumul=32.6559 Wh_cumul=0.137225 
t=495 V=4.20222 A=0.122676 W=0.515512 mAh_cumul=32.69 Wh_cumul=0.137368 
t=496 V=4.20223 A=0.122578 W=0.515101 mAh_cumul=32.7241 Wh_cumul=0.137512 
t=497 V=4.20223 A=0.122112 W=0.513143 mAh_cumul=32.758 Wh_cumul=0.137654 
t=498 V=4.20221 A=0.121672 W=0.511291 mAh_cumul=32.7918 Wh_cumul=0.137796 
t=499 V=4.20221 A=0.121403 W=0.510161 mAh_cumul=32.8255 Wh_cumul=0.137938 
t=500 V=4.20217 A=0.120629 W=0.506904 mAh_cumul=32.859 Wh_cumul=0.138079 
t=501 V=4.20218 A=0.120301 W=0.505526 mAh_cumul=32.8924 Wh_cumul=0.138219 
t=502 V=4.20216 A=0.120054 W=0.504486 mAh_cumul=32.9258 Wh_cumul=0.138359 
t=503 V=4.2022 A=0.119844 W=0.503608 mAh_cumul=32.9591 Wh_cumul=0.138499 
t=504 V=4.20217 A=0.119483 W=0.502088 mAh_cumul=32.9923 Wh_cumul=0.138639 
t=505 V=4.20218 A=0.119281 W=0.50124 mAh_cumul=33.0254 Wh_cumul=0.138778 
t=506 V=4.20218 A=0.119002 W=0.500068 mAh_cumul=33.0584 Wh_cumul=0.138917 
t=507 V=4.2022 A=0.1189 W=0.499642 mAh_cumul=33.0915 Wh_cumul=0.139055 
t=508 V=4.20218 A=0.118954 W=0.499866 mAh_cumul=33.1245 Wh_cumul=0.139194 
t=509 V=4.2022 A=0.118536 W=0.498112 mAh_cumul=33.1574 Wh_cumul=0.139333 
t=510 V=4.20217 A=0.118089 W=0.49623 mAh_cumul=33.1902 Wh_cumul=0.139471 
t=511 V=4.20221 A=0.117763 W=0.494865 mAh_cumul=33.223 Wh_cumul=0.139608 
t=512 V=4.20217 A=0.117276 W=0.492814 mAh_cumul=33.2555 Wh_cumul=0.139745 
t=513 V=4.20214 A=0.117148 W=0.492272 mAh_cumul=33.2881 Wh_cumul=0.139882 
t=514 V=4.20216 A=0.116571 W=0.48985 mAh_cumul=33.3205 Wh_cumul=0.140018 
t=515 V=4.20216 A=0.116555 W=0.489783 mAh_cumul=33.3528 Wh_cumul=0.140154 
t=516 V=4.20218 A=0.116546 W=0.489747 mAh_cumul=33.3852 Wh_cumul=0.14029 
t=517 V=4.20219 A=0.116681 W=0.490316 mAh_cumul=33.4176 Wh_cumul=0.140426 
t=518 V=4.20219 A=0.116438 W=0.489295 mAh_cumul=33.45 Wh_cumul=0.140562 
t=519 V=4.20217 A=0.115937 W=0.487187 mAh_cumul=33.4822 Wh_cumul=0.140697 
t=520 V=4.20219 A=0.115617 W=0.485845 mAh_cumul=33.5143 Wh_cumul=0.140832 
t=521 V=4.20217 A=0.11524 W=0.484258 mAh_cumul=33.5463 Wh_cumul=0.140967 
t=522 V=4.20216 A=0.114831 W=0.482538 mAh_cumul=33.5782 Wh_cumul=0.141101 
t=523 V=4.20215 A=0.114522 W=0.481239 mAh_cumul=33.61 Wh_cumul=0.141234 
t=524 V=4.20215 A=0.114531 W=0.481276 mAh_cumul=33.6418 Wh_cumul=0.141368 
t=525 V=4.20216 A=0.114356 W=0.480542 mAh_cumul=33.6736 Wh_cumul=0.141502 
t=526 V=4.20216 A=0.113998 W=0.479038 mAh_cumul=33.7053 Wh_cumul=0.141635 
t=527 V=4.20214 A=0.113619 W=0.477443 mAh_cumul=33.7368 Wh_cumul=0.141767 
t=528 V=4.20213 A=0.113475 W=0.476837 mAh_cumul=33.7683 Wh_cumul=0.1419 
t=529 V=4.20216 A=0.113161 W=0.475521 mAh_cumul=33.7998 Wh_cumul=0.142032 
t=530 V=4.20214 A=0.113046 W=0.475035 mAh_cumul=33.8312 Wh_cumul=0.142164 
t=531 V=4.20214 A=0.112718 W=0.473657 mAh_cumul=33.8625 Wh_cumul=0.142295 
t=532 V=4.20213 A=0.112639 W=0.473324 mAh_cumul=33.8938 Wh_cumul=0.142427 
t=533 V=4.20216 A=0.112493 W=0.472714 mAh_cumul=33.925 Wh_cumul=0.142558 
t=534 V=4.20216 A=0.112327 W=0.472016 mAh_cumul=33.9562 Wh_cumul=0.142689 
t=535 V=4.20218 A=0.112235 W=0.471632 mAh_cumul=33.9874 Wh_cumul=0.14282 
t=536 V=4.20217 A=0.112109 W=0.471101 mAh_cumul=34.0185 Wh_cumul=0.142951 
t=537 V=4.20218 A=0.11191 W=0.470266 mAh_cumul=34.0496 Wh_cumul=0.143082 
t=538 V=4.20218 A=0.111999 W=0.47064 mAh_cumul=34.0807 Wh_cumul=0.143212 
t=539 V=4.20222 A=0.111844 W=0.469993 mAh_cumul=34.1118 Wh_cumul=0.143343 
t=540 V=4.20218 A=0.111435 W=0.46827 mAh_cumul=34.1428 Wh_cumul=0.143473 
t=541 V=4.20223 A=0.111572 W=0.468851 mAh_cumul=34.1737 Wh_cumul=0.143603 
t=542 V=4.20221 A=0.111156 W=0.467101 mAh_cumul=34.2046 Wh_cumul=0.143733 
t=543 V=4.20219 A=0.111191 W=0.467246 mAh_cumul=34.2355 Wh_cumul=0.143863 
t=544 V=4.20223 A=0.111041 W=0.46662 mAh_cumul=34.2664 Wh_cumul=0.143992 
t=545 V=4.20221 A=0.110526 W=0.464453 mAh_cumul=34.2971 Wh_cumul=0.144122 
t=546 V=4.2022 A=0.109935 W=0.461969 mAh_cumul=34.3276 Wh_cumul=0.14425 
t=547 V=4.20215 A=0.10949 W=0.460093 mAh_cumul=34.358 Wh_cumul=0.144378 
t=548 V=4.20217 A=0.10918 W=0.458793 mAh_cumul=34.3883 Wh_cumul=0.144505 
t=549 V=4.20213 A=0.108664 W=0.45662 mAh_cumul=34.4185 Wh_cumul=0.144632 
t=550 V=4.20214 A=0.108223 W=0.454768 mAh_cumul=34.4486 Wh_cumul=0.144758 
t=551 V=4.20214 A=0.108391 W=0.455474 mAh_cumul=34.4787 Wh_cumul=0.144885 
t=552 V=4.20216 A=0.10824 W=0.454842 mAh_cumul=34.5088 Wh_cumul=0.145011 
t=553 V=4.2022 A=0.108066 W=0.454115 mAh_cumul=34.5388 Wh_cumul=0.145137 
t=554 V=4.20219 A=0.10789 W=0.453374 mAh_cumul=34.5687 Wh_cumul=0.145263 
t=555 V=4.20217 A=0.107567 W=0.452015 mAh_cumul=34.5986 Wh_cumul=0.145389 
t=556 V=4.20218 A=0.107426 W=0.451423 mAh_cumul=34.6285 Wh_cumul=0.145514 
t=557 V=4.20217 A=0.107022 W=0.449725 mAh_cumul=34.6582 Wh_cumul=0.145639 
t=558 V=4.20219 A=0.106854 W=0.449021 mAh_cumul=34.6879 Wh_cumul=0.145764 
t=559 V=4.20216 A=0.106562 W=0.447791 mAh_cumul=34.7175 Wh_cumul=0.145888 
t=560 V=4.20216 A=0.106418 W=0.447185 mAh_cumul=34.747 Wh_cumul=0.146012 
t=561 V=4.20218 A=0.106428 W=0.44723 mAh_cumul=34.7766 Wh_cumul=0.146137 
t=562 V=4.2022 A=0.106187 W=0.446219 mAh_cumul=34.8061 Wh_cumul=0.146261 
t=563 V=4.20221 A=0.10618 W=0.446191 mAh_cumul=34.8356 Wh_cumul=0.146385 
t=564 V=4.20219 A=0.105916 W=0.445079 mAh_cumul=34.865 Wh_cumul=0.146508 
t=565 V=4.20219 A=0.105674 W=0.444062 mAh_cumul=34.8944 Wh_cumul=0.146631 
t=566 V=4.2022 A=0.105461 W=0.443168 mAh_cumul=34.9237 Wh_cumul=0.146755 
t=567 V=4.20221 A=0.105166 W=0.44193 mAh_cumul=34.9529 Wh_cumul=0.146877 
t=568 V=4.20219 A=0.105105 W=0.441671 mAh_cumul=34.9821 Wh_cumul=0.147 
t=569 V=4.20221 A=0.104879 W=0.440724 mAh_cumul=35.0112 Wh_cumul=0.147122 
t=570 V=4.20219 A=0.104799 W=0.440385 mAh_cumul=35.0403 Wh_cumul=0.147245 
t=571 V=4.2022 A=0.10459 W=0.439508 mAh_cumul=35.0694 Wh_cumul=0.147367 
t=572 V=4.20218 A=0.104224 W=0.437968 mAh_cumul=35.0983 Wh_cumul=0.147489 
t=573 V=4.20218 A=0.103917 W=0.436678 mAh_cumul=35.1272 Wh_cumul=0.14761 
t=574 V=4.20217 A=0.103791 W=0.436147 mAh_cumul=35.156 Wh_cumul=0.147731 
t=575 V=4.20221 A=0.103874 W=0.4365 mAh_cumul=35.1849 Wh_cumul=0.147852 
t=576 V=4.20221 A=0.103882 W=0.436534 mAh_cumul=35.2137 Wh_cumul=0.147974 
t=577 V=4.20223 A=0.103868 W=0.436477 mAh_cumul=35.2426 Wh_cumul=0.148095 
t=578 V=4.20228 A=0.10399 W=0.436995 mAh_cumul=35.2715 Wh_cumul=0.148216 
t=579 V=4.20224 A=0.103793 W=0.436163 mAh_cumul=35.3003 Wh_cumul=0.148337 
t=580 V=4.20225 A=0.103299 W=0.434088 mAh_cumul=35.329 Wh_cumul=0.148458 
t=581 V=4.20225 A=0.102946 W=0.432605 mAh_cumul=35.3576 Wh_cumul=0.148578 
t=582 V=4.20224 A=0.102721 W=0.431658 mAh_cumul=35.3861 Wh_cumul=0.148698 
t=583 V=4.20223 A=0.102268 W=0.429754 mAh_cumul=35.4145 Wh_cumul=0.148817 
t=584 V=4.20222 A=0.101675 W=0.427261 mAh_cumul=35.4428 Wh_cumul=0.148936 
t=585 V=4.20219 A=0.101673 W=0.427249 mAh_cumul=35.471 Wh_cumul=0.149055 
t=586 V=4.20218 A=0.101437 W=0.426257 mAh_cumul=35.4992 Wh_cumul=0.149173 
t=587 V=4.20219 A=0.100992 W=0.424388 mAh_cumul=35.5272 Wh_cumul=0.149291 
t=588 V=4.2022 A=0.10095 W=0.424212 mAh_cumul=35.5553 Wh_cumul=0.149409 
t=589 V=4.20221 A=0.101156 W=0.425079 mAh_cumul=35.5834 Wh_cumul=0.149527 
t=590 V=4.20222 A=0.100983 W=0.424353 mAh_cumul=35.6114 Wh_cumul=0.149645 
t=591 V=4.20223 A=0.100928 W=0.424123 mAh_cumul=35.6395 Wh_cumul=0.149763 
t=592 V=4.20224 A=0.100859 W=0.423834 mAh_cumul=35.6675 Wh_cumul=0.14988 
t=593 V=4.20225 A=0.100449 W=0.422112 mAh_cumul=35.6954 Wh_cumul=0.149998 
t=594 V=4.20226 A=0.100297 W=0.421474 mAh_cumul=35.7232 Wh_cumul=0.150115 
t=595 V=4.20224 A=0.100033 W=0.420363 mAh_cumul=35.751 Wh_cumul=0.150231 
t=596 V=4.2022 A=0.0995264 W=0.41823 mAh_cumul=35.7787 Wh_cumul=0.150348 
t=597 V=4.20219 A=0.0991261 W=0.416547 mAh_cumul=35.8062 Wh_cumul=0.150463 
t=598 V=4.20217 A=0.0986591 W=0.414582 mAh_cumul=35.8336 Wh_cumul=0.150578 
t=599 V=4.20217 A=0.0985878 W=0.414283 mAh_cumul=35.861 Wh_cumul=0.150694 
t=600 V=4.2022 A=0.0986312 W=0.414468 mAh_cumul=35.8884 Wh_cumul=0.150809 
t=601 V=4.20221 A=0.0984968 W=0.413904 mAh_cumul=35.9158 Wh_cumul=0.150924 
t=602 V=4.20219 A=0.097907 W=0.411424 mAh_cumul=35.943 Wh_cumul=0.151038 
t=603 V=4.20218 A=0.0975739 W=0.410023 mAh_cumul=35.9701 Wh_cumul=0.151152 
t=604 V=4.20216 A=0.097718 W=0.410627 mAh_cumul=35.9972 Wh_cumul=0.151266 
t=605 V=4.20219 A=0.0977024 W=0.410564 mAh_cumul=36.0243 Wh_cumul=0.15138 
t=606 V=4.20216 A=0.0971349 W=0.408176 mAh_cumul=36.0513 Wh_cumul=0.151493 
t=607 V=4.20214 A=0.0967778 W=0.406674 mAh_cumul=36.0782 Wh_cumul=0.151606 
t=608 V=4.20218 A=0.096791 W=0.406733 mAh_cumul=36.1051 Wh_cumul=0.151719 
t=609 V=4.20217 A=0.0964971 W=0.405497 mAh_cumul=36.1319 Wh_cumul=0.151832 
t=610 V=4.20219 A=0.0964023 W=0.405101 mAh_cumul=36.1587 Wh_cumul=0.151944 
t=611 V=4.20217 A=0.0962233 W=0.404347 mAh_cumul=36.1854 Wh_cumul=0.152057 
t=612 V=4.20219 A=0.0962232 W=0.404348 mAh_cumul=36.2121 Wh_cumul=0.152169 
t=613 V=4.20218 A=0.0962584 W=0.404495 mAh_cumul=36.2389 Wh_cumul=0.152281 
t=614 V=4.20221 A=0.0965132 W=0.405569 mAh_cumul=36.2657 Wh_cumul=0.152394 
t=615 V=4.20224 A=0.0963763 W=0.404996 mAh_cumul=36.2925 Wh_cumul=0.152507 
t=616 V=4.20225 A=0.0963005 W=0.404679 mAh_cumul=36.3192 Wh_cumul=0.152619 
t=617 V=4.20222 A=0.0959048 W=0.403013 mAh_cumul=36.3458 Wh_cumul=0.152731 
t=618 V=4.20222 A=0.0951614 W=0.399889 mAh_cumul=36.3723 Wh_cumul=0.152842 
t=619 V=4.20219 A=0.0948984 W=0.398781 mAh_cumul=36.3986 Wh_cumul=0.152953 
t=620 V=4.20222 A=0.0949347 W=0.398936 mAh_cumul=36.425 Wh_cumul=0.153064 
t=621 V=4.2022 A=0.0943149 W=0.39633 mAh_cumul=36.4512 Wh_cumul=0.153174 
t=622 V=4.20219 A=0.0938439 W=0.39435 mAh_cumul=36.4773 Wh_cumul=0.153283 
t=623 V=4.20217 A=0.0938083 W=0.394198 mAh_cumul=36.5033 Wh_cumul=0.153393 
t=624 V=4.2022 A=0.0938303 W=0.394294 mAh_cumul=36.5294 Wh_cumul=0.153502 
t=625 V=4.2022 A=0.0937898 W=0.394123 mAh_cumul=36.5555 Wh_cumul=0.153612 
t=626 V=4.20222 A=0.0935256 W=0.393015 mAh_cumul=36.5814 Wh_cumul=0.153721 
t=627 V=4.2022 A=0.0933579 W=0.392309 mAh_cumul=36.6074 Wh_cumul=0.15383 
t=628 V=4.20223 A=0.0931597 W=0.391478 mAh_cumul=36.6332 Wh_cumul=0.153939 
t=629 V=4.20218 A=0.0927511 W=0.389757 mAh_cumul=36.659 Wh_cumul=0.154047 
t=630 V=4.2022 A=0.0925888 W=0.389077 mAh_cumul=36.6847 Wh_cumul=0.154155 
t=631 V=4.20221 A=0.0925435 W=0.388887 mAh_cumul=36.7104 Wh_cumul=0.154263 
t=632 V=4.20222 A=0.0920576 W=0.386846 mAh_cumul=36.736 Wh_cumul=0.15437 
t=633 V=4.20216 A=0.0917125 W=0.385391 mAh_cumul=36.7615 Wh_cumul=0.154477 
t=634 V=4.20218 A=0.091589 W=0.384873 mAh_cumul=36.7869 Wh_cumul=0.154584 
t=635 V=4.20221 A=0.0914991 W=0.384498 mAh_cumul=36.8123 Wh_cumul=0.154691 
t=636 V=4.2022 A=0.0911213 W=0.38291 mAh_cumul=36.8377 Wh_cumul=0.154798 
t=637 V=4.20217 A=0.0908865 W=0.381921 mAh_cumul=36.8629 Wh_cumul=0.154904 
t=638 V=4.20216 A=0.0906677 W=0.381 mAh_cumul=36.8881 Wh_cumul=0.155009 
t=639 V=4.20216 A=0.0908178 W=0.381631 mAh_cumul=36.9133 Wh_cumul=0.155116 
t=640 V=4.20221 A=0.0906077 W=0.380753 mAh_cumul=36.9385 Wh_cumul=0.155221 
t=641 V=4.20219 A=0.090503 W=0.380311 mAh_cumul=36.9636 Wh_cumul=0.155327 
t=642 V=4.20219 A=0.0903707 W=0.379755 mAh_cumul=36.9887 Wh_cumul=0.155432 
t=643 V=4.20218 A=0.0900384 W=0.378358 mAh_cumul=37.0137 Wh_cumul=0.155538 
t=644 V=4.20218 A=0.0898419 W=0.377532 mAh_cumul=37.0387 Wh_cumul=0.155642 
t=645 V=4.20221 A=0.0897474 W=0.377137 mAh_cumul=37.0636 Wh_cumul=0.155747 
t=646 V=4.20219 A=0.0893049 W=0.375276 mAh_cumul=37.0884 Wh_cumul=0.155851 
t=647 V=4.20218 A=0.0892901 W=0.375213 mAh_cumul=37.1132 Wh_cumul=0.155956 
t=648 V=4.20219 A=0.0889791 W=0.373907 mAh_cumul=37.1379 Wh_cumul=0.156059 
t=649 V=4.2022 A=0.0886288 W=0.372436 mAh_cumul=37.1626 Wh_cumul=0.156163 
t=650 V=4.20216 A=0.088344 W=0.371236 mAh_cumul=37.1871 Wh_cumul=0.156266 
t=651 V=4.20218 A=0.0885016 W=0.3719 mAh_cumul=37.2117 Wh_cumul=0.156369 
t=652 V=4.20218 A=0.0884798 W=0.371808 mAh_cumul=37.2363 Wh_cumul=0.156473 
t=653 V=4.20215 A=0.088553 W=0.372113 mAh_cumul=37.2609 Wh_cumul=0.156576 
t=654 V=4.20221 A=0.0885381 W=0.372056 mAh_cumul=37.2855 Wh_cumul=0.156679 
t=655 V=4.20221 A=0.088311 W=0.371101 mAh_cumul=37.31 Wh_cumul=0.156782 
t=656 V=4.20221 A=0.087829 W=0.369076 mAh_cumul=37.3344 Wh_cumul=0.156885 
t=657 V=4.20219 A=0.0877306 W=0.368661 mAh_cumul=37.3588 Wh_cumul=0.156987 
t=658 V=4.2022 A=0.0877851 W=0.368891 mAh_cumul=37.3831 Wh_cumul=0.15709 
t=659 V=4.20222 A=0.0877297 W=0.368659 mAh_cumul=37.4075 Wh_cumul=0.157192 
t=660 V=4.20222 A=0.0874473 W=0.367473 mAh_cumul=37.4318 Wh_cumul=0.157294 
t=661 V=4.20219 A=0.0871028 W=0.366023 mAh_cumul=37.456 Wh_cumul=0.157396 
t=662 V=4.20219 A=0.0868354 W=0.364899 mAh_cumul=37.4801 Wh_cumul=0.157497 
t=663 V=4.20217 A=0.0864457 W=0.36326 mAh_cumul=37.5041 Wh_cumul=0.157598 
t=664 V=4.20218 A=0.0864027 W=0.36308 mAh_cumul=37.5281 Wh_cumul=0.157699 
t=665 V=4.20217 A=0.086278 W=0.362555 mAh_cumul=37.5521 Wh_cumul=0.1578 
t=666 V=4.20218 A=0.0861236 W=0.361907 mAh_cumul=37.576 Wh_cumul=0.1579 
t=667 V=4.20215 A=0.086036 W=0.361536 mAh_cumul=37.5999 Wh_cumul=0.158001 
t=668 V=4.20219 A=0.0859522 W=0.361187 mAh_cumul=37.6238 Wh_cumul=0.158101 
t=669 V=4.20221 A=0.0857375 W=0.360287 mAh_cumul=37.6476 Wh_cumul=0.158201 
t=670 V=4.2022 A=0.0856123 W=0.35976 mAh_cumul=37.6714 Wh_cumul=0.158301 
t=671 V=4.20218 A=0.0853885 W=0.358818 mAh_cumul=37.6951 Wh_cumul=0.158401 
t=672 V=4.20216 A=0.085302 W=0.358453 mAh_cumul=37.7188 Wh_cumul=0.1585 
t=673 V=4.20222 A=0.0850797 W=0.357524 mAh_cumul=37.7424 Wh_cumul=0.1586 
t=674 V=4.20221 A=0.0850859 W=0.357549 mAh_cumul=37.7661 Wh_cumul=0.158699 
t=675 V=4.20221 A=0.0850276 W=0.357304 mAh_cumul=37.7897 Wh_cumul=0.158798 
t=676 V=4.20222 A=0.0852844 W=0.358384 mAh_cumul=37.8134 Wh_cumul=0.158898 
t=677 V=4.20224 A=0.0850313 W=0.357322 mAh_cumul=37.837 Wh_cumul=0.158997 
t=678 V=4.20223 A=0.08467 W=0.355803 mAh_cumul=37.8605 Wh_cumul=0.159096 
t=679 V=4.20221 A=0.0846222 W=0.3556 mAh_cumul=37.884 Wh_cumul=0.159195 
t=680 V=4.20222 A=0.0842678 W=0.354112 mAh_cumul=37.9074 Wh_cumul=0.159293 
t=681 V=4.20222 A=0.0840301 W=0.353113 mAh_cumul=37.9308 Wh_cumul=0.159391 
t=682 V=4.20222 A=0.0840464 W=0.353181 mAh_cumul=37.9541 Wh_cumul=0.159489 
t=683 V=4.20223 A=0.0836096 W=0.351347 mAh_cumul=37.9773 Wh_cumul=0.159587 
t=684 V=4.20219 A=0.0834099 W=0.350504 mAh_cumul=38.0005 Wh_cumul=0.159684 
t=685 V=4.20222 A=0.0831558 W=0.349439 mAh_cumul=38.0236 Wh_cumul=0.159781 
t=686 V=4.20217 A=0.0830691 W=0.34907 mAh_cumul=38.0467 Wh_cumul=0.159878 
t=687 V=4.20221 A=0.0828374 W=0.3481 mAh_cumul=38.0697 Wh_cumul=0.159975 
t=688 V=4.2022 A=0.0829212 W=0.348451 mAh_cumul=38.0927 Wh_cumul=0.160072 
t=689 V=4.20219 A=0.0824753 W=0.346577 mAh_cumul=38.1156 Wh_cumul=0.160168 
t=690 V=4.20219 A=0.0822519 W=0.345638 mAh_cumul=38.1385 Wh_cumul=0.160264 
t=691 V=4.2022 A=0.0819146 W=0.344222 mAh_cumul=38.1612 Wh_cumul=0.16036 
t=692 V=4.20219 A=0.081941 W=0.344332 mAh_cumul=38.184 Wh_cumul=0.160455 
t=693 V=4.20219 A=0.0816877 W=0.343267 mAh_cumul=38.2067 Wh_cumul=0.160551 
t=694 V=4.20219 A=0.0813854 W=0.341997 mAh_cumul=38.2293 Wh_cumul=0.160646 
t=695 V=4.20222 A=0.0814954 W=0.342462 mAh_cumul=38.2519 Wh_cumul=0.160741 
t=696 V=4.20221 A=0.0813902 W=0.342019 mAh_cumul=38.2746 Wh_cumul=0.160836 
t=697 V=4.2022 A=0.0812009 W=0.341222 mAh_cumul=38.2971 Wh_cumul=0.16093 
t=698 V=4.20217 A=0.0809487 W=0.34016 mAh_cumul=38.3196 Wh_cumul=0.161025 
t=699 V=4.20222 A=0.0805479 W=0.33848 mAh_cumul=38.342 Wh_cumul=0.161119 
t=700 V=4.20221 A=0.0803749 W=0.337752 mAh_cumul=38.3643 Wh_cumul=0.161213 
t=701 V=4.20219 A=0.08042 W=0.33794 mAh_cumul=38.3866 Wh_cumul=0.161307 
t=702 V=4.20219 A=0.0802348 W=0.337162 mAh_cumul=38.4089 Wh_cumul=0.1614 
t=703 V=4.20219 A=0.0799148 W=0.335817 mAh_cumul=38.4311 Wh_cumul=0.161494 
t=704 V=4.20219 A=0.0797481 W=0.335117 mAh_cumul=38.4533 Wh_cumul=0.161587 
t=705 V=4.20215 A=0.0792322 W=0.332946 mAh_cumul=38.4753 Wh_cumul=0.161679 
t=706 V=4.20216 A=0.0795133 W=0.334128 mAh_cumul=38.4974 Wh_cumul=0.161772 
t=707 V=4.20218 A=0.0794399 W=0.333821 mAh_cumul=38.5194 Wh_cumul=0.161865 
t=708 V=4.20219 A=0.0793402 W=0.333403 mAh_cumul=38.5415 Wh_cumul=0.161957 
t=709 V=4.20222 A=0.0791393 W=0.332561 mAh_cumul=38.5635 Wh_cumul=0.16205 
t=710 V=4.20218 A=0.0789616 W=0.331811 mAh_cumul=38.5854 Wh_cumul=0.162142 
t=711 V=4.20218 A=0.078722 W=0.330804 mAh_cumul=38.6073 Wh_cumul=0.162234 
t=712 V=4.20216 A=0.078654 W=0.330517 mAh_cumul=38.6291 Wh_cumul=0.162326 
t=713 V=4.20218 A=0.0785115 W=0.329919 mAh_cumul=38.6509 Wh_cumul=0.162417 
t=714 V=4.20216 A=0.0782975 W=0.329019 mAh_cumul=38.6727 Wh_cumul=0.162509 
t=715 V=4.20218 A=0.0780391 W=0.327934 mAh_cumul=38.6943 Wh_cumul=0.1626 
t=716 V=4.20219 A=0.0779857 W=0.327711 mAh_cumul=38.716 Wh_cumul=0.162691 
t=717 V=4.20215 A=0.0780591 W=0.328016 mAh_cumul=38.7377 Wh_cumul=0.162782 
t=718 V=4.20221 A=0.0778259 W=0.327041 mAh_cumul=38.7593 Wh_cumul=0.162873 
t=719 V=4.20218 A=0.0776237 W=0.326189 mAh_cumul=38.7809 Wh_cumul=0.162963 
t=720 V=4.20218 A=0.0775195 W=0.325751 mAh_cumul=38.8024 Wh_cumul=0.163054 
t=721 V=4.20221 A=0.0774344 W=0.325396 mAh_cumul=38.8239 Wh_cumul=0.163144 
t=722 V=4.20219 A=0.0772533 W=0.324633 mAh_cumul=38.8454 Wh_cumul=0.163234 
t=723 V=4.20219 A=0.0770623 W=0.32383 mAh_cumul=38.8668 Wh_cumul=0.163324 
t=724 V=4.20219 A=0.0767857 W=0.322668 mAh_cumul=38.8881 Wh_cumul=0.163414 
t=725 V=4.20218 A=0.0768235 W=0.322826 mAh_cumul=38.9094 Wh_cumul=0.163504 
t=726 V=4.2022 A=0.0769142 W=0.323209 mAh_cumul=38.9308 Wh_cumul=0.163593 
t=727 V=4.20219 A=0.0768827 W=0.323076 mAh_cumul=38.9522 Wh_cumul=0.163683 
t=728 V=4.20221 A=0.076753 W=0.322532 mAh_cumul=38.9735 Wh_cumul=0.163773 
t=729 V=4.20219 A=0.0766247 W=0.321992 mAh_cumul=38.9948 Wh_cumul=0.163862 
t=730 V=4.20223 A=0.0764887 W=0.321423 mAh_cumul=39.016 Wh_cumul=0.163951 
t=731 V=4.20222 A=0.0760782 W=0.319697 mAh_cumul=39.0371 Wh_cumul=0.16404 
t=732 V=4.20219 A=0.075893 W=0.318917 mAh_cumul=39.0582 Wh_cumul=0.164129 
t=733 V=4.2022 A=0.0757874 W=0.318474 mAh_cumul=39.0793 Wh_cumul=0.164217 
t=734 V=4.20219 A=0.0755292 W=0.317388 mAh_cumul=39.1003 Wh_cumul=0.164306 
t=735 V=4.20222 A=0.0754628 W=0.317111 mAh_cumul=39.1212 Wh_cumul=0.164394 
t=736 V=4.20218 A=0.0750907 W=0.315545 mAh_cumul=39.1421 Wh_cumul=0.164481 
t=737 V=4.2022 A=0.0749577 W=0.314987 mAh_cumul=39.1629 Wh_cumul=0.164569 
t=738 V=4.20221 A=0.0750184 W=0.315243 mAh_cumul=39.1837 Wh_cumul=0.164656 
t=739 V=4.20223 A=0.0748075 W=0.314358 mAh_cumul=39.2045 Wh_cumul=0.164744 
t=740 V=4.20218 A=0.0745824 W=0.313409 mAh_cumul=39.2252 Wh_cumul=0.164831 
t=741 V=4.20218 A=0.0743048 W=0.312242 mAh_cumul=39.2459 Wh_cumul=0.164917 
t=742 V=4.20218 A=0.0741956 W=0.311783 mAh_cumul=39.2665 Wh_cumul=0.165004 
t=743 V=4.20215 A=0.0739258 W=0.310647 mAh_cumul=39.287 Wh_cumul=0.16509 
t=744 V=4.20217 A=0.0739538 W=0.310766 mAh_cumul=39.3076 Wh_cumul=0.165177 
t=745 V=4.20218 A=0.0736633 W=0.309546 mAh_cumul=39.328 Wh_cumul=0.165263 
t=746 V=4.20218 A=0.0736898 W=0.309658 mAh_cumul=39.3485 Wh_cumul=0.165349 
t=747 V=4.20217 A=0.0733674 W=0.308302 mAh_cumul=39.3689 Wh_cumul=0.165434 
t=748 V=4.2022 A=0.0732178 W=0.307676 mAh_cumul=39.3892 Wh_cumul=0.16552 
t=749 V=4.2022 A=0.073088 W=0.30713 mAh_cumul=39.4095 Wh_cumul=0.165605 
t=750 V=4.20216 A=0.0732138 W=0.307656 mAh_cumul=39.4299 Wh_cumul=0.165691 
t=751 V=4.20222 A=0.0732518 W=0.30782 mAh_cumul=39.4502 Wh_cumul=0.165776 
t=752 V=4.2022 A=0.0728745 W=0.306233 mAh_cumul=39.4704 Wh_cumul=0.165861 
t=753 V=4.2022 A=0.0727519 W=0.305718 mAh_cumul=39.4907 Wh_cumul=0.165946 
t=754 V=4.20218 A=0.0727906 W=0.305879 mAh_cumul=39.5109 Wh_cumul=0.166031 
t=755 V=4.20222 A=0.0726474 W=0.30528 mAh_cumul=39.5311 Wh_cumul=0.166116 
t=756 V=4.2022 A=0.0723956 W=0.304221 mAh_cumul=39.5512 Wh_cumul=0.1662 
t=757 V=4.2022 A=0.0722491 W=0.303605 mAh_cumul=39.5712 Wh_cumul=0.166285 
t=758 V=4.2022 A=0.0721271 W=0.303092 mAh_cumul=39.5913 Wh_cumul=0.166369 
t=759 V=4.20221 A=0.0719441 W=0.302324 mAh_cumul=39.6113 Wh_cumul=0.166453 
t=760 V=4.20218 A=0.07191 W=0.302179 mAh_cumul=39.6312 Wh_cumul=0.166537 
t=761 V=4.20221 A=0.0716187 W=0.300957 mAh_cumul=39.6511 Wh_cumul=0.16662 
t=762 V=4.2022 A=0.0717846 W=0.301653 mAh_cumul=39.6711 Wh_cumul=0.166704 
t=763 V=4.20222 A=0.0715616 W=0.300718 mAh_cumul=39.6909 Wh_cumul=0.166788 
t=764 V=4.20219 A=0.0711841 W=0.299129 mAh_cumul=39.7107 Wh_cumul=0.166871 
t=765 V=4.20219 A=0.0711096 W=0.298816 mAh_cumul=39.7305 Wh_cumul=0.166954 
t=766 V=4.20219 A=0.0710501 W=0.298566 mAh_cumul=39.7502 Wh_cumul=0.167037 
t=767 V=4.20221 A=0.0711045 W=0.298796 mAh_cumul=39.77 Wh_cumul=0.16712 
t=768 V=4.20225 A=0.0710057 W=0.298384 mAh_cumul=39.7897 Wh_cumul=0.167203 
t=769 V=4.20218 A=0.0707595 W=0.297344 mAh_cumul=39.8093 Wh_cumul=0.167285 
t=770 V=4.20214 A=0.0705291 W=0.296373 mAh_cumul=39.8289 Wh_cumul=0.167367 
t=771 V=4.2022 A=0.0702977 W=0.295405 mAh_cumul=39.8485 Wh_cumul=0.16745 
t=772 V=4.2022 A=0.0703344 W=0.295559 mAh_cumul=39.868 Wh_cumul=0.167532 
t=773 V=4.20218 A=0.0701714 W=0.294873 mAh_cumul=39.8875 Wh_cumul=0.167614 
t=774 V=4.20222 A=0.0700275 W=0.294271 mAh_cumul=39.9069 Wh_cumul=0.167695 
t=775 V=4.20219 A=0.0697308 W=0.293022 mAh_cumul=39.9263 Wh_cumul=0.167777 
t=776 V=4.2022 A=0.0694894 W=0.292008 mAh_cumul=39.9456 Wh_cumul=0.167858 
t=777 V=4.20218 A=0.0695044 W=0.29207 mAh_cumul=39.9649 Wh_cumul=0.167939 
t=778 V=4.20217 A=0.0692977 W=0.291201 mAh_cumul=39.9842 Wh_cumul=0.16802 
t=779 V=4.20218 A=0.0692969 W=0.291198 mAh_cumul=40.0034 Wh_cumul=0.168101 
t=780 V=4.20221 A=0.0692437 W=0.290977 mAh_cumul=40.0226 Wh_cumul=0.168182 
t=781 V=4.20217 A=0.0690707 W=0.290247 mAh_cumul=40.0418 Wh_cumul=0.168262 
t=782 V=4.20219 A=0.0689099 W=0.289572 mAh_cumul=40.061 Wh_cumul=0.168343 
t=783 V=4.2022 A=0.0684394 W=0.287596 mAh_cumul=40.08 Wh_cumul=0.168422 
t=784 V=4.20216 A=0.0682083 W=0.286622 mAh_cumul=40.0989 Wh_cumul=0.168502 
t=785 V=4.20217 A=0.0684294 W=0.287552 mAh_cumul=40.1179 Wh_cumul=0.168582 
t=786 V=4.20218 A=0.0687264 W=0.288801 mAh_cumul=40.137 Wh_cumul=0.168662 
t=787 V=4.20217 A=0.0683952 W=0.287408 mAh_cumul=40.156 Wh_cumul=0.168742 
t=788 V=4.20218 A=0.0680644 W=0.286019 mAh_cumul=40.1749 Wh_cumul=0.168821 
t=789 V=4.20215 A=0.0677423 W=0.284663 mAh_cumul=40.1938 Wh_cumul=0.168901 
t=790 V=4.20219 A=0.0677876 W=0.284856 mAh_cumul=40.2126 Wh_cumul=0.16898 
t=791 V=4.20221 A=0.0678803 W=0.285247 mAh_cumul=40.2314 Wh_cumul=0.169059 
t=792 V=4.20219 A=0.0673278 W=0.282924 mAh_cumul=40.2501 Wh_cumul=0.169138 
t=793 V=4.20216 A=0.0674378 W=0.283384 mAh_cumul=40.2689 Wh_cumul=0.169216 
t=794 V=4.2022 A=0.0670439 W=0.281732 mAh_cumul=40.2875 Wh_cumul=0.169294 
t=795 V=4.20218 A=0.0670715 W=0.281847 mAh_cumul=40.3061 Wh_cumul=0.169373 
t=796 V=4.20216 A=0.0670947 W=0.281943 mAh_cumul=40.3248 Wh_cumul=0.169451 
t=797 V=4.20218 A=0.0668059 W=0.28073 mAh_cumul=40.3433 Wh_cumul=0.169529 
t=798 V=4.20218 A=0.0666909 W=0.280247 mAh_cumul=40.3618 Wh_cumul=0.169607 
t=799 V=4.20215 A=0.0665203 W=0.279528 mAh_cumul=40.3803 Wh_cumul=0.169685 
t=800 V=4.20216 A=0.0662046 W=0.278202 mAh_cumul=40.3987 Wh_cumul=0.169762 
t=801 V=4.20217 A=0.0660448 W=0.277531 mAh_cumul=40.4171 Wh_cumul=0.169839 
t=802 V=4.20217 A=0.0658816 W=0.276846 mAh_cumul=40.4354 Wh_cumul=0.169916 
t=803 V=4.20214 A=0.0659027 W=0.276932 mAh_cumul=40.4537 Wh_cumul=0.169993 
t=804 V=4.20218 A=0.0658216 W=0.276594 mAh_cumul=40.472 Wh_cumul=0.17007 
t=805 V=4.20219 A=0.0657622 W=0.276345 mAh_cumul=40.4902 Wh_cumul=0.170146 
t=806 V=4.20218 A=0.0654496 W=0.275031 mAh_cumul=40.5084 Wh_cumul=0.170223 
t=807 V=4.20217 A=0.0650172 W=0.273213 mAh_cumul=40.5265 Wh_cumul=0.170299 
t=808 V=4.20217 A=0.065042 W=0.273318 mAh_cumul=40.5445 Wh_cumul=0.170375 
t=809 V=4.20216 A=0.0650494 W=0.273348 mAh_cumul=40.5626 Wh_cumul=0.170451 
t=810 V=4.20218 A=0.0650723 W=0.273446 mAh_cumul=40.5807 Wh_cumul=0.170526 
t=811 V=4.20217 A=0.0647559 W=0.272115 mAh_cumul=40.5987 Wh_cumul=0.170602 
END

