0 errors cleared
t=0 V=4.16123 A=0.00943348 W=0.0392549 mAh_cumul=0 Wh_cumul=0 
t=2 V=4.1612 A=0.00942438 W=0.0392167 mAh_cumul=0.00523577 Wh_cumul=2.17871e-05 
t=3 V=4.1824 A=0.580924 W=2.42966 mAh_cumul=0.166604 Wh_cumul=0.000696692 
t=4 V=4.18402 A=0.580721 W=2.42975 mAh_cumul=0.327915 Wh_cumul=0.00137162 
t=5 V=4.18504 A=0.580668 W=2.43012 mAh_cumul=0.489212 Wh_cumul=0.00204665 
t=6 V=4.18587 A=0.58066 W=2.43057 mAh_cumul=0.650506 Wh_cumul=0.00272181 
t=7 V=4.1866 A=0.580646 W=2.43093 mAh_cumul=0.811797 Wh_cumul=0.00339707 
t=8 V=4.18725 A=0.580651 W=2.43133 mAh_cumul=0.973089 Wh_cumul=0.00407244 
t=9 V=4.1879 A=0.580633 W=2.43163 mAh_cumul=1.13438 Wh_cumul=0.00474789 
t=10 V=4.18847 A=0.580634 W=2.43197 mAh_cumul=1.29566 Wh_cumul=0.00542344 
t=11 V=4.18903 A=0.580613 W=2.43221 mAh_cumul=1.45694 Wh_cumul=0.00609905 
t=12 V=4.18955 A=0.580622 W=2.43254 mAh_cumul=1.61823 Wh_cumul=0.00677476 
t=13 V=4.19007 A=0.580623 W=2.43285 mAh_cumul=1.77951 Wh_cumul=0.00745055 
t=14 V=4.19055 A=0.580625 W=2.43314 mAh_cumul=1.9408 Wh_cumul=0.00812642 
t=15 V=4.19102 A=0.580611 W=2.43335 mAh_cumul=2.10208 Wh_cumul=0.00880236 
t=16 V=4.19149 A=0.580612 W=2.43363 mAh_cumul=2.26336 Wh_cumul=0.00947836 
t=17 V=4.19194 A=0.580608 W=2.43387 mAh_cumul=2.42464 Wh_cumul=0.0101544 
t=18 V=4.19236 A=0.580605 W=2.43411 mAh_cumul=2.58592 Wh_cumul=0.0108306 
t=19 V=4.19279 A=0.58061 W=2.43438 mAh_cumul=2.7472 Wh_cumul=0.0115068 
t=20 V=4.1932 A=0.580612 W=2.43462 mAh_cumul=2.90848 Wh_cumul=0.0121831 
t=21 V=4.19357 A=0.580611 W=2.43483 mAh_cumul=3.06976 Wh_cumul=0.0128594 
t=22 V=4.19399 A=0.580607 W=2.43506 mAh_cumul=3.23104 Wh_cumul=0.0135358 
t=23 V=4.19435 A=0.580603 W=2.43525 mAh_cumul=3.39232 Wh_cumul=0.0142123 
t=24 V=4.19473 A=0.580604 W=2.43548 mAh_cumul=3.5536 Wh_cumul=0.0148888 
t=25 V=4.1951 A=0.580598 W=2.43567 mAh_cumul=3.71487 Wh_cumul=0.0155654 
t=26 V=4.19549 A=0.580604 W=2.43592 mAh_cumul=3.87615 Wh_cumul=0.016242 
t=27 V=4.19586 A=0.580606 W=2.43614 mAh_cumul=4.03743 Wh_cumul=0.0169187 
t=28 V=4.19621 A=0.580608 W=2.43635 mAh_cumul=4.19871 Wh_cumul=0.0175955 
t=29 V=4.19658 A=0.580622 W=2.43663 mAh_cumul=4.36 Wh_cumul=0.0182723 
t=30 V=4.19693 A=0.580607 W=2.43677 mAh_cumul=4.52128 Wh_cumul=0.0189492 
t=31 V=4.19727 A=0.580608 W=2.43697 mAh_cumul=4.68256 Wh_cumul=0.0196262 
t=32 V=4.19762 A=0.58061 W=2.43718 mAh_cumul=4.84384 Wh_cumul=0.0203031 
t=33 V=4.19796 A=0.580614 W=2.43739 mAh_cumul=5.00512 Wh_cumul=0.0209802 
t=34 V=4.19831 A=0.580607 W=2.43757 mAh_cumul=5.1664 Wh_cumul=0.0216573 
t=35 V=4.19865 A=0.580605 W=2.43776 mAh_cumul=5.32768 Wh_cumul=0.0223345 
t=36 V=4.19902 A=0.580612 W=2.438 mAh_cumul=5.48896 Wh_cumul=0.0230117 
t=37 V=4.19931 A=0.580604 W=2.43814 mAh_cumul=5.65024 Wh_cumul=0.0236889 
t=38 V=4.19962 A=0.580606 W=2.43832 mAh_cumul=5.81152 Wh_cumul=0.0243663 
t=39 V=4.19995 A=0.580609 W=2.43853 mAh_cumul=5.9728 Wh_cumul=0.0250436 
t=40 V=4.20023 A=0.580601 W=2.43866 mAh_cumul=6.13408 Wh_cumul=0.025721 
t=41 V=4.20056 A=0.58061 W=2.43889 mAh_cumul=6.29536 Wh_cumul=0.0263985 
t=42 V=4.20087 A=0.5806 W=2.43903 mAh_cumul=6.45663 Wh_cumul=0.027076 
t=43 V=4.20119 A=0.580604 W=2.43923 mAh_cumul=6.61791 Wh_cumul=0.0277536 
t=44 V=4.20147 A=0.580601 W=2.43938 mAh_cumul=6.77919 Wh_cumul=0.0284312 
t=45 V=4.20177 A=0.580604 W=2.43956 mAh_cumul=6.94047 Wh_cumul=0.0291088 
t=46 V=4.20207 A=0.580589 W=2.43968 mAh_cumul=7.10174 Wh_cumul=0.0297865 
t=47 V=4.20236 A=0.580246 W=2.4384 mAh_cumul=7.26292 Wh_cumul=0.0304638 
t=48 V=4.20241 A=0.572153 W=2.40442 mAh_cumul=7.42186 Wh_cumul=0.0311317 
t=49 V=4.20242 A=0.564499 W=2.37226 mAh_cumul=7.57866 Wh_cumul=0.0317907 
t=50 V=4.20244 A=0.557363 W=2.34228 mAh_cumul=7.73348 Wh_cumul=0.0324413 
t=51 V=4.20239 A=0.55049 W=2.31337 mAh_cumul=7.8864 Wh_cumul=0.0330839 
t=52 V=4.20237 A=0.544685 W=2.28897 mAh_cumul=8.0377 Wh_cumul=0.0337198 
t=53 V=4.20237 A=0.537965 W=2.26073 mAh_cumul=8.18713 Wh_cumul=0.0343477 
t=54 V=4.20237 A=0.531738 W=2.23456 mAh_cumul=8.33484 Wh_cumul=0.0349685 
t=55 V=4.20237 A=0.526069 W=2.21074 mAh_cumul=8.48097 Wh_cumul=0.0355826 
t=56 V=4.20239 A=0.520939 W=2.18919 mAh_cumul=8.62567 Wh_cumul=0.0361907 
t=57 V=4.20239 A=0.515849 W=2.1678 mAh_cumul=8.76897 Wh_cumul=0.0367928 
t=58 V=4.20234 A=0.509883 W=2.1427 mAh_cumul=8.9106 Wh_cumul=0.037388 
t=59 V=4.20235 A=0.504646 W=2.1207 mAh_cumul=9.05078 Wh_cumul=0.0379771 
t=60 V=4.20237 A=0.499842 W=2.10052 mAh_cumul=9.18962 Wh_cumul=0.0385606 
t=61 V=4.20236 A=0.495296 W=2.08141 mAh_cumul=9.32721 Wh_cumul=0.0391388 
t=62 V=4.20235 A=0.491159 W=2.06402 mAh_cumul=9.46364 Wh_cumul=0.0397121 
t=63 V=4.20236 A=0.487258 W=2.04763 mAh_cumul=9.59899 Wh_cumul=0.0402809 
t=64 V=4.20241 A=0.483527 W=2.03198 mAh_cumul=9.7333 Wh_cumul=0.0408453 
t=65 V=4.20238 A=0.479092 W=2.01333 mAh_cumul=9.86638 Wh_cumul=0.0414046 
t=66 V=4.2024 A=0.47419 W=1.99274 mAh_cumul=9.9981 Wh_cumul=0.0419581 
t=67 V=4.2024 A=0.470124 W=1.97565 mAh_cumul=10.1287 Wh_cumul=0.0425069 
t=68 V=4.20238 A=0.465899 W=1.95788 mAh_cumul=10.2581 Wh_cumul=0.0430508 
t=69 V=4.20239 A=0.461841 W=1.94084 mAh_cumul=10.3864 Wh_cumul=0.0435899 
t=70 V=4.20239 A=0.457848 W=1.92406 mAh_cumul=10.5136 Wh_cumul=0.0441243 
t=71 V=4.20237 A=0.454247 W=1.90891 mAh_cumul=10.6398 Wh_cumul=0.0446546 
t=72 V=4.20239 A=0.450943 W=1.89504 mAh_cumul=10.765 Wh_cumul=0.045181 
t=73 V=4.20237 A=0.44728 W=1.87964 mAh_cumul=10.8893 Wh_cumul=0.0457031 
t=74 V=4.20238 A=0.443602 W=1.86418 mAh_cumul=11.0125 Wh_cumul=0.0462209 
t=75 V=4.20236 A=0.440005 W=1.84906 mAh_cumul=11.1347 Wh_cumul=0.0467346 
t=76 V=4.20237 A=0.43736 W=1.83795 mAh_cumul=11.2562 Wh_cumul=0.0472451 
t=77 V=4.20238 A=0.434537 W=1.82609 mAh_cumul=11.3769 Wh_cumul=0.0477524 
t=78 V=4.20238 A=0.431004 W=1.81124 mAh_cumul=11.4966 Wh_cumul=0.0482555 
t=79 V=4.2024 A=0.427873 W=1.79809 mAh_cumul=11.6155 Wh_cumul=0.048755 
t=80 V=4.20237 A=0.424294 W=1.78304 mAh_cumul=11.7333 Wh_cumul=0.0492502 
t=81 V=4.20237 A=0.42092 W=1.76886 mAh_cumul=11.8503 Wh_cumul=0.0497416 
t=82 V=4.20233 A=0.417844 W=1.75592 mAh_cumul=11.9663 Wh_cumul=0.0502294 
t=83 V=4.20233 A=0.414787 W=1.74307 mAh_cumul=12.0815 Wh_cumul=0.0507135 
t=84 V=4.20232 A=0.411973 W=1.73124 mAh_cumul=12.196 Wh_cumul=0.0511944 
t=85 V=4.20233 A=0.408996 W=1.71874 mAh_cumul=12.3096 Wh_cumul=0.0516719 
t=86 V=4.20233 A=0.407034 W=1.71049 mAh_cumul=12.4227 Wh_cumul=0.052147 
t=87 V=4.20236 A=0.404331 W=1.69914 mAh_cumul=12.535 Wh_cumul=0.052619 
t=88 V=4.20236 A=0.401874 W=1.68882 mAh_cumul=12.6466 Wh_cumul=0.0530881 
t=89 V=4.20235 A=0.399206 W=1.6776 mAh_cumul=12.7575 Wh_cumul=0.0535541 
t=90 V=4.20239 A=0.396917 W=1.668 mAh_cumul=12.8678 Wh_cumul=0.0540174 
t=91 V=4.20237 A=0.394937 W=1.65967 mAh_cumul=12.9775 Wh_cumul=0.0544785 
t=92 V=4.20238 A=0.391961 W=1.64717 mAh_cumul=13.0863 Wh_cumul=0.054936 
t=93 V=4.20238 A=0.389802 W=1.6381 mAh_cumul=13.1946 Wh_cumul=0.055391 
t=94 V=4.20234 A=0.387332 W=1.6277 mAh_cumul=13.3022 Wh_cumul=0.0558432 
t=95 V=4.2024 A=0.385865 W=1.62156 mAh_cumul=13.4094 Wh_cumul=0.0562936 
t=96 V=4.20242 A=0.383962 W=1.61357 mAh_cumul=13.516 Wh_cumul=0.0567418 
t=97 V=4.2024 A=0.3814 W=1.6028 mAh_cumul=13.622 Wh_cumul=0.057187 
t=98 V=4.20239 A=0.378992 W=1.59267 mAh_cumul=13.7273 Wh_cumul=0.0576294 
t=99 V=4.20238 A=0.375737 W=1.57899 mAh_cumul=13.8316 Wh_cumul=0.0580681 
t=100 V=4.20237 A=0.373552 W=1.5698 mAh_cumul=13.9354 Wh_cumul=0.0585041 
t=101 V=4.20236 A=0.371247 W=1.56011 mAh_cumul=14.0385 Wh_cumul=0.0589375 
t=102 V=4.20237 A=0.368666 W=1.54927 mAh_cumul=14.1409 Wh_cumul=0.0593678 
t=103 V=4.20237 A=0.366597 W=1.54058 mAh_cumul=14.2428 Wh_cumul=0.0597958 
t=104 V=4.20234 A=0.364429 W=1.53145 mAh_cumul=14.344 Wh_cumul=0.0602212 
t=105 V=4.20235 A=0.362452 W=1.52315 mAh_cumul=14.4447 Wh_cumul=0.0606443 
t=106 V=4.20238 A=0.360622 W=1.51547 mAh_cumul=14.5449 Wh_cumul=0.0610652 
t=107 V=4.20236 A=0.358628 W=1.50708 mAh_cumul=14.6445 Wh_cumul=0.0614839 
t=108 V=4.20238 A=0.357292 W=1.50148 mAh_cumul=14.7437 Wh_cumul=0.0619009 
t=109 V=4.20239 A=0.355463 W=1.49379 mAh_cumul=14.8425 Wh_cumul=0.0623159 
t=110 V=4.20241 A=0.353702 W=1.4864 mAh_cumul=14.9407 Wh_cumul=0.0627288 
t=111 V=4.20239 A=0.351892 W=1.47879 mAh_cumul=15.0385 Wh_cumul=0.0631395 
t=112 V=4.2024 A=0.349765 W=1.46985 mAh_cumul=15.1356 Wh_cumul=0.0635478 
t=113 V=4.2024 A=0.347671 W=1.46105 mAh_cumul=15.2322 Wh_cumul=0.0639537 
t=114 V=4.20241 A=0.346168 W=1.45474 mAh_cumul=15.3283 Wh_cumul=0.0643578 
t=115 V=4.2024 A=0.344437 W=1.44746 mAh_cumul=15.424 Wh_cumul=0.0647599 
t=116 V=4.20243 A=0.342454 W=1.43914 mAh_cumul=15.5191 Wh_cumul=0.0651596 
t=117 V=4.2024 A=0.340922 W=1.43269 mAh_cumul=15.6138 Wh_cumul=0.0655576 
t=118 V=4.2024 A=0.338494 W=1.42249 mAh_cumul=15.7079 Wh_cumul=0.0659527 
t=119 V=4.20237 A=0.336169 W=1.41271 mAh_cumul=15.8013 Wh_cumul=0.0663451 
t=120 V=4.20235 A=0.33356 W=1.40174 mAh_cumul=15.8939 Wh_cumul=0.0667345 
t=121 V=4.20238 A=0.333165 W=1.40009 mAh_cumul=15.9865 Wh_cumul=0.0671234 
t=122 V=4.20241 A=0.331763 W=1.3942 mAh_cumul=16.0786 Wh_cumul=0.0675107 
t=123 V=4.20242 A=0.32992 W=1.38646 mAh_cumul=16.1703 Wh_cumul=0.0678958 
t=124 V=4.20243 A=0.328452 W=1.3803 mAh_cumul=16.2615 Wh_cumul=0.0682792 
t=125 V=4.20242 A=0.327047 W=1.37439 mAh_cumul=16.3523 Wh_cumul=0.068661 
t=126 V=4.20243 A=0.325524 W=1.36799 mAh_cumul=16.4428 Wh_cumul=0.069041 
t=127 V=4.20243 A=0.323421 W=1.35915 mAh_cumul=16.5326 Wh_cumul=0.0694186 
t=128 V=4.20241 A=0.321548 W=1.35128 mAh_cumul=16.6219 Wh_cumul=0.0697939 
t=129 V=4.20239 A=0.319573 W=1.34297 mAh_cumul=16.7107 Wh_cumul=0.070167 
t=130 V=4.20238 A=0.317916 W=1.336 mAh_cumul=16.799 Wh_cumul=0.0705381 
t=131 V=4.20239 A=0.316225 W=1.3289 mAh_cumul=16.8868 Wh_cumul=0.0709072 
t=132 V=4.20238 A=0.314537 W=1.3218 mAh_cumul=16.9742 Wh_cumul=0.0712744 
t=133 V=4.20238 A=0.312566 W=1.31352 mAh_cumul=17.061 Wh_cumul=0.0716393 
t=134 V=4.20238 A=0.310973 W=1.30683 mAh_cumul=17.1474 Wh_cumul=0.0720023 
t=135 V=4.20236 A=0.309566 W=1.30091 mAh_cumul=17.2334 Wh_cumul=0.0723636 
t=136 V=4.20237 A=0.308209 W=1.29521 mAh_cumul=17.319 Wh_cumul=0.0727234 
t=137 V=4.20238 A=0.307079 W=1.29046 mAh_cumul=17.4043 Wh_cumul=0.0730819 
t=138 V=4.2024 A=0.305859 W=1.28534 mAh_cumul=17.4893 Wh_cumul=0.0734389 
t=139 V=4.20239 A=0.304518 W=1.2797 mAh_cumul=17.5739 Wh_cumul=0.0737944 
t=140 V=4.20239 A=0.303445 W=1.27519 mAh_cumul=17.6582 Wh_cumul=0.0741486 
t=141 V=4.20242 A=0.302551 W=1.27145 mAh_cumul=17.7422 Wh_cumul=0.0745018 
t=142 V=4.20242 A=0.300966 W=1.26479 mAh_cumul=17.8258 Wh_cumul=0.0748531 
t=143 V=4.20244 A=0.299562 W=1.25889 mAh_cumul=17.909 Wh_cumul=0.0752028 
t=144 V=4.20243 A=0.298092 W=1.25271 mAh_cumul=17.9918 Wh_cumul=0.0755508 
t=145 V=4.20243 A=0.296838 W=1.24744 mAh_cumul=18.0743 Wh_cumul=0.0758973 
t=146 V=4.20244 A=0.295779 W=1.24299 mAh_cumul=18.1564 Wh_cumul=0.0762426 
t=147 V=4.20244 A=0.293993 W=1.23549 mAh_cumul=18.2381 Wh_cumul=0.0765858 
t=148 V=4.20242 A=0.292433 W=1.22893 mAh_cumul=18.3193 Wh_cumul=0.0769271 
t=149 V=4.20244 A=0.291291 W=1.22413 mAh_cumul=18.4002 Wh_cumul=0.0772672 
t=150 V=4.20243 A=0.289387 W=1.21613 mAh_cumul=18.4806 Wh_cumul=0.077605 
t=151 V=4.20242 A=0.288048 W=1.2105 mAh_cumul=18.5606 Wh_cumul=0.0779412 
t=152 V=4.20241 A=0.286968 W=1.20596 mAh_cumul=18.6404 Wh_cumul=0.0782762 
t=153 V=4.20242 A=0.285785 W=1.20099 mAh_cumul=18.7197 Wh_cumul=0.0786098 
t=154 V=4.20246 A=0.284415 W=1.19524 mAh_cumul=18.7987 Wh_cumul=0.0789418 
t=155 V=4.20244 A=0.282787 W=1.1884 mAh_cumul=18.8773 Wh_cumul=0.0792719 
t=156 V=4.2024 A=0.281442 W=1.18273 mAh_cumul=18.9555 Wh_cumul=0.0796005 
t=157 V=4.20242 A=0.279823 W=1.17593 mAh_cumul=19.0332 Wh_cumul=0.0799271 
t=158 V=4.20242 A=0.278794 W=1.17161 mAh_cumul=19.1106 Wh_cumul=0.0802526 
t=159 V=4.2024 A=0.277551 W=1.16638 mAh_cumul=19.1877 Wh_cumul=0.0805766 
t=160 V=4.2024 A=0.275873 W=1.15933 mAh_cumul=19.2644 Wh_cumul=0.0808986 
t=161 V=4.2024 A=0.274984 W=1.15559 mAh_cumul=19.3408 Wh_cumul=0.0812196 
t=162 V=4.20244 A=0.274123 W=1.15199 mAh_cumul=19.4169 Wh_cumul=0.0815396 
t=163 V=4.20243 A=0.273117 W=1.14776 mAh_cumul=19.4928 Wh_cumul=0.0818584 
t=164 V=4.20241 A=0.271718 W=1.14187 mAh_cumul=19.5683 Wh_cumul=0.0821756 
t=165 V=4.20243 A=0.271148 W=1.13948 mAh_cumul=19.6436 Wh_cumul=0.0824921 
t=166 V=4.20243 A=0.269945 W=1.13442 mAh_cumul=19.7186 Wh_cumul=0.0828072 
t=167 V=4.20243 A=0.268612 W=1.12882 mAh_cumul=19.7932 Wh_cumul=0.0831208 
t=168 V=4.20244 A=0.267296 W=1.1233 mAh_cumul=19.8674 Wh_cumul=0.0834328 
t=169 V=4.20244 A=0.266104 W=1.11829 mAh_cumul=19.9413 Wh_cumul=0.0837435 
t=170 V=4.20241 A=0.264947 W=1.11342 mAh_cumul=20.0149 Wh_cumul=0.0840527 
t=171 V=4.20246 A=0.263579 W=1.10768 mAh_cumul=20.0881 Wh_cumul=0.0843604 
t=172 V=4.20244 A=0.262131 W=1.10159 mAh_cumul=20.161 Wh_cumul=0.0846664 
t=173 V=4.20243 A=0.260805 W=1.09601 mAh_cumul=20.2334 Wh_cumul=0.0849709 
t=174 V=4.20237 A=0.259136 W=1.08899 mAh_cumul=20.3054 Wh_cumul=0.0852734 
t=175 V=4.20242 A=0.25794 W=1.08397 mAh_cumul=20.377 Wh_cumul=0.0855745 
t=176 V=4.20239 A=0.256836 W=1.07933 mAh_cumul=20.4484 Wh_cumul=0.0858743 
t=177 V=4.2024 A=0.255826 W=1.07508 mAh_cumul=20.5194 Wh_cumul=0.0861729 
t=178 V=4.2024 A=0.25431 W=1.06871 mAh_cumul=20.5901 Wh_cumul=0.0864698 
t=179 V=4.20237 A=0.253037 W=1.06336 mAh_cumul=20.6604 Wh_cumul=0.0867652 
t=180 V=4.20236 A=0.251937 W=1.05873 mAh_cumul=20.7304 Wh_cumul=0.0870593 
t=181 V=4.20238 A=0.251194 W=1.05561 mAh_cumul=20.8001 Wh_cumul=0.0873525 
t=182 V=4.20236 A=0.249893 W=1.05014 mAh_cumul=20.8696 Wh_cumul=0.0876442 
t=183 V=4.20239 A=0.249343 W=1.04784 mAh_cumul=20.9388 Wh_cumul=0.0879353 
t=184 V=4.2024 A=0.248309 W=1.04349 mAh_cumul=21.0078 Wh_cumul=0.0882251 
t=185 V=4.20242 A=0.247475 W=1.03999 mAh_cumul=21.0765 Wh_cumul=0.088514 
t=186 V=4.20239 A=0.246113 W=1.03426 mAh_cumul=21.1449 Wh_cumul=0.0888013 
t=187 V=4.20242 A=0.245129 W=1.03014 mAh_cumul=21.213 Wh_cumul=0.0890874 
t=188 V=4.20243 A=0.244438 W=1.02723 mAh_cumul=21.2809 Wh_cumul=0.0893728 
t=189 V=4.2024 A=0.242986 W=1.02112 mAh_cumul=21.3484 Wh_cumul=0.0896564 
t=190 V=4.2024 A=0.241828 W=1.01626 mAh_cumul=21.4156 Wh_cumul=0.0899387 
t=191 V=4.20238 A=0.240686 W=1.01145 mAh_cumul=21.4824 Wh_cumul=0.0902197 
t=192 V=4.2024 A=0.239913 W=1.00821 mAh_cumul=21.5491 Wh_cumul=0.0904997 
t=193 V=4.2024 A=0.23877 W=1.00341 mAh_cumul=21.6154 Wh_cumul=0.0907785 
t=194 V=4.20242 A=0.238319 W=1.00152 mAh_cumul=21.6816 Wh_cumul=0.0910567 
t=195 V=4.20242 A=0.237078 W=0.996301 mAh_cumul=21.7474 Wh_cumul=0.0913334 
t=196 V=4.2024 A=0.235666 W=0.990363 mAh_cumul=21.8129 Wh_cumul=0.0916085 
t=197 V=4.20242 A=0.234976 W=0.987468 mAh_cumul=21.8782 Wh_cumul=0.0918828 
t=198 V=4.2024 A=0.233959 W=0.983189 mAh_cumul=21.9432 Wh_cumul=0.0921559 
t=199 V=4.20237 A=0.233042 W=0.979329 mAh_cumul=22.0079 Wh_cumul=0.092428 
t=200 V=4.2024 A=0.23193 W=0.974663 mAh_cumul=22.0723 Wh_cumul=0.0926987 
t=201 V=4.20239 A=0.230863 W=0.970176 mAh_cumul=22.1364 Wh_cumul=0.0929682 
t=202 V=4.20238 A=0.229509 W=0.964484 mAh_cumul=22.2002 Wh_cumul=0.0932361 
t=203 V=4.20237 A=0.228478 W=0.960149 mAh_cumul=22.2637 Wh_cumul=0.0935028 
t=204 V=4.20237 A=0.228054 W=0.958367 mAh_cumul=22.327 Wh_cumul=0.093769 
t=205 V=4.20239 A=0.226896 W=0.953505 mAh_cumul=22.39 Wh_cumul=0.0940339 
t=206 V=4.20238 A=0.225551 W=0.947851 mAh_cumul=22.4527 Wh_cumul=0.0942972 
t=207 V=4.20234 A=0.224253 W=0.942387 mAh_cumul=22.515 Wh_cumul=0.094559 
t=208 V=4.20236 A=0.223763 W=0.940333 mAh_cumul=22.5771 Wh_cumul=0.0948202 
t=209 V=4.20237 A=0.222688 W=0.935817 mAh_cumul=22.639 Wh_cumul=0.0950801 
t=210 V=4.20234 A=0.221926 W=0.932609 mAh_cumul=22.7006 Wh_cumul=0.0953392 
t=211 V=4.20239 A=0.22072 W=0.927552 mAh_cumul=22.762 Wh_cumul=0.0955968 
t=212 V=4.20233 A=0.219464 W=0.92226 mAh_cumul=22.8229 Wh_cumul=0.095853 
t=213 V=4.20235 A=0.218503 W=0.918226 mAh_cumul=22.8836 Wh_cumul=0.0961081 
t=214 V=4.20232 A=0.217448 W=0.913786 mAh_cumul=22.944 Wh_cumul=0.0963619 
t=215 V=4.20232 A=0.216623 W=0.910319 mAh_cumul=23.0042 Wh_cumul=0.0966148 
t=216 V=4.20237 A=0.216417 W=0.909464 mAh_cumul=23.0643 Wh_cumul=0.0968674 
t=217 V=4.20237 A=0.215651 W=0.906245 mAh_cumul=23.1242 Wh_cumul=0.0971191 
t=218 V=4.20238 A=0.214702 W=0.902259 mAh_cumul=23.1838 Wh_cumul=0.0973698 
t=219 V=4.20236 A=0.213804 W=0.898481 mAh_cumul=23.2432 Wh_cumul=0.0976193 
t=220 V=4.20234 A=0.213241 W=0.896111 mAh_cumul=23.3025 Wh_cumul=0.0978683 
t=221 V=4.20238 A=0.212535 W=0.893153 mAh_cumul=23.3615 Wh_cumul=0.0981164 
t=222 V=4.20237 A=0.211465 W=0.888654 mAh_cumul=23.4202 Wh_cumul=0.0983632 
t=223 V=4.20232 A=0.209981 W=0.882407 mAh_cumul=23.4786 Wh_cumul=0.0986083 
t=224 V=4.20233 A=0.20942 W=0.880052 mAh_cumul=23.5367 Wh_cumul=0.0988528 
t=225 V=4.20234 A=0.208569 W=0.876478 mAh_cumul=23.5947 Wh_cumul=0.0990962 
t=226 V=4.20235 A=0.207904 W=0.873685 mAh_cumul=23.6524 Wh_cumul=0.0993389 
t=227 V=4.20237 A=0.206928 W=0.869588 mAh_cumul=23.7099 Wh_cumul=0.0995805 
t=228 V=4.20237 A=0.206397 W=0.867357 mAh_cumul=23.7672 Wh_cumul=0.0998214 
t=229 V=4.20236 A=0.205588 W=0.863955 mAh_cumul=23.8244 Wh_cumul=0.100061 
t=230 V=4.20236 A=0.205123 W=0.862001 mAh_cumul=23.8813 Wh_cumul=0.100301 
t=231 V=4.20236 A=0.204399 W=0.858958 mAh_cumul=23.9381 Wh_cumul=0.100539 
t=232 V=4.2024 A=0.204292 W=0.858517 mAh_cumul=23.9949 Wh_cumul=0.100778 
t=233 V=4.20239 A=0.20302 W=0.853169 mAh_cumul=24.0513 Wh_cumul=0.101015 
t=234 V=4.20239 A=0.202503 W=0.850997 mAh_cumul=24.1075 Wh_cumul=0.101251 
t=235 V=4.2024 A=0.201362 W=0.846204 mAh_cumul=24.1634 Wh_cumul=0.101486 
t=236 V=4.20242 A=0.200786 W=0.843787 mAh_cumul=24.2192 Wh_cumul=0.101721 
t=237 V=4.2024 A=0.199403 W=0.837971 mAh_cumul=24.2746 Wh_cumul=0.101954 
t=238 V=4.20238 A=0.198232 W=0.833046 mAh_cumul=24.3297 Wh_cumul=0.102185 
t=239 V=4.20235 A=0.19739 W=0.829502 mAh_cumul=24.3845 Wh_cumul=0.102415 
t=240 V=4.20235 A=0.196353 W=0.825144 mAh_cumul=24.439 Wh_cumul=0.102645 
t=241 V=4.20235 A=0.195564 W=0.821828 mAh_cumul=24.4934 Wh_cumul=0.102873 
t=242 V=4.20235 A=0.195022 W=0.819551 mAh_cumul=24.5475 Wh_cumul=0.1031 
t=243 V=4.20233 A=0.194265 W=0.816366 mAh_cumul=24.6015 Wh_cumul=0.103327 
t=244 V=4.20234 A=0.193759 W=0.814241 mAh_cumul=24.6553 Wh_cumul=0.103553 
t=245 V=4.20233 A=0.192613 W=0.809423 mAh_cumul=24.7088 Wh_cumul=0.103778 
t=246 V=4.20233 A=0.192001 W=0.806852 mAh_cumul=24.7622 Wh_cumul=0.104002 
t=247 V=4.20237 A=0.191544 W=0.804939 mAh_cumul=24.8154 Wh_cumul=0.104226 
t=248 V=4.20237 A=0.190771 W=0.80169 mAh_cumul=24.8684 Wh_cumul=0.104449 
t=249 V=4.20234 A=0.190146 W=0.799058 mAh_cumul=24.9212 Wh_cumul=0.104671 
t=250 V=4.20234 A=0.189405 W=0.795944 mAh_cumul=24.9738 Wh_cumul=0.104892 
t=251 V=4.20236 A=0.188504 W=0.792162 mAh_cumul=25.0261 Wh_cumul=0.105112 
t=252 V=4.20235 A=0.187762 W=0.789042 mAh_cumul=25.0783 Wh_cumul=0.105331 
t=253 V=4.20234 A=0.186581 W=0.784077 mAh_cumul=25.1301 Wh_cumul=0.105549 
t=254 V=4.20234 A=0.186074 W=0.781946 mAh_cumul=25.1818 Wh_cumul=0.105766 
t=255 V=4.20234 A=0.185951 W=0.781429 mAh_cumul=25.2335 Wh_cumul=0.105983 
t=256 V=4.20237 A=0.18519 W=0.778237 mAh_cumul=25.2849 Wh_cumul=0.106199 
t=257 V=4.20237 A=0.184783 W=0.776527 mAh_cumul=25.3362 Wh_cumul=0.106415 
t=258 V=4.20238 A=0.184421 W=0.775007 mAh_cumul=25.3875 Wh_cumul=0.10663 
t=259 V=4.20239 A=0.18378 W=0.772315 mAh_cumul=25.4385 Wh_cumul=0.106845 
t=260 V=4.20238 A=0.182868 W=0.768481 mAh_cumul=25.4893 Wh_cumul=0.107058 
t=261 V=4.20238 A=0.18196 W=0.764665 mAh_cumul=25.5399 Wh_cumul=0.107271 
t=262 V=4.20238 A=0.18136 W=0.762144 mAh_cumul=25.5902 Wh_cumul=0.107482 
t=263 V=4.20238 A=0.180776 W=0.759689 mAh_cumul=25.6405 Wh_cumul=0.107693 
t=264 V=4.20238 A=0.180181 W=0.757189 mAh_cumul=25.6905 Wh_cumul=0.107904 
t=265 V=4.20241 A=0.179816 W=0.755661 mAh_cumul=25.7405 Wh_cumul=0.108114 
t=266 V=4.20241 A=0.179112 W=0.752702 mAh_cumul=25.7902 Wh_cumul=0.108323 
t=267 V=4.20241 A=0.178288 W=0.749239 mAh_cumul=25.8397 Wh_cumul=0.108531 
t=268 V=4.20238 A=0.178017 W=0.748095 mAh_cumul=25.8892 Wh_cumul=0.108739 
t=269 V=4.20242 A=0.177341 W=0.745261 mAh_cumul=25.9384 Wh_cumul=0.108946 
t=270 V=4.20243 A=0.177004 W=0.743847 mAh_cumul=25.9876 Wh_cumul=0.109152 
t=271 V=4.20244 A=0.176469 W=0.7416 mAh_cumul=26.0366 Wh_cumul=0.109358 
t=272 V=4.20242 A=0.174894 W=0.734978 mAh_cumul=26.0852 Wh_cumul=0.109562 
t=273 V=4.20242 A=0.174571 W=0.733621 mAh_cumul=26.1337 Wh_cumul=0.109766 
t=274 V=4.2024 A=0.174035 W=0.731365 mAh_cumul=26.182 Wh_cumul=0.109969 
t=275 V=4.20243 A=0.173465 W=0.728975 mAh_cumul=26.2302 Wh_cumul=0.110172 
t=276 V=4.20239 A=0.172825 W=0.726278 mAh_cumul=26.2782 Wh_cumul=0.110374 
t=277 V=4.20241 A=0.172021 W=0.722903 mAh_cumul=26.326 Wh_cumul=0.110574 
t=278 V=4.20242 A=0.171701 W=0.72156 mAh_cumul=26.3737 Wh_cumul=0.110775 
t=279 V=4.2024 A=0.171006 W=0.718636 mAh_cumul=26.4212 Wh_cumul=0.110974 
t=280 V=4.20241 A=0.169823 W=0.713666 mAh_cumul=26.4684 Wh_cumul=0.111173 
t=281 V=4.2024 A=0.169162 W=0.710886 mAh_cumul=26.5154 Wh_cumul=0.11137 
t=282 V=4.20241 A=0.168105 W=0.706446 mAh_cumul=26.5621 Wh_cumul=0.111566 
t=283 V=4.20237 A=0.167267 W=0.702918 mAh_cumul=26.6085 Wh_cumul=0.111762 
t=284 V=4.20236 A=0.166061 W=0.697848 mAh_cumul=26.6547 Wh_cumul=0.111955 
t=285 V=4.20234 A=0.1657 W=0.696328 mAh_cumul=26.7007 Wh_cumul=0.112149 
t=286 V=4.20234 A=0.164642 W=0.691882 mAh_cumul=26.7464 Wh_cumul=0.112341 
t=287 V=4.20233 A=0.16417 W=0.689897 mAh_cumul=26.792 Wh_cumul=0.112533 
t=288 V=4.20234 A=0.163299 W=0.686238 mAh_cumul=26.8374 Wh_cumul=0.112723 
t=289 V=4.2023 A=0.1628 W=0.684134 mAh_cumul=26.8826 Wh_cumul=0.112913 
t=290 V=4.20234 A=0.162281 W=0.68196 mAh_cumul=26.9277 Wh_cumul=0.113103 
t=291 V=4.20235 A=0.162025 W=0.680886 mAh_cumul=26.9727 Wh_cumul=0.113292 
t=292 V=4.20236 A=0.161727 W=0.679635 mAh_cumul=27.0176 Wh_cumul=0.113481 
t=293 V=4.20238 A=0.16115 W=0.677214 mAh_cumul=27.0624 Wh_cumul=0.113669 
t=294 V=4.20236 A=0.160662 W=0.67516 mAh_cumul=27.107 Wh_cumul=0.113856 
t=295 V=4.20236 A=0.159676 W=0.671016 mAh_cumul=27.1514 Wh_cumul=0.114043 
t=296 V=4.20233 A=0.158797 W=0.667317 mAh_cumul=27.1955 Wh_cumul=0.114228 
t=297 V=4.20235 A=0.158638 W=0.666652 mAh_cumul=27.2395 Wh_cumul=0.114413 
t=298 V=4.20236 A=0.157724 W=0.662813 mAh_cumul=27.2834 Wh_cumul=0.114597 
t=299 V=4.20235 A=0.15761 W=0.662332 mAh_cumul=27.3271 Wh_cumul=0.114781 
t=300 V=4.20239 A=0.157515 W=0.661939 mAh_cumul=27.3709 Wh_cumul=0.114965 
t=301 V=4.2024 A=0.157046 W=0.65997 mAh_cumul=27.4145 Wh_cumul=0.115149 
t=302 V=4.20238 A=0.155991 W=0.655533 mAh_cumul=27.4579 Wh_cumul=0.115331 
t=303 V=4.20236 A=0.15522 W=0.65229 mAh_cumul=27.501 Wh_cumul=0.115512 
t=304 V=4.20235 A=0.154563 W=0.649528 mAh_cumul=27.5439 Wh_cumul=0.115692 
t=305 V=4.20235 A=0.153815 W=0.646384 mAh_cumul=27.5866 Wh_cumul=0.115872 
t=306 V=4.20237 A=0.154145 W=0.647774 mAh_cumul=27.6294 Wh_cumul=0.116052 
t=307 V=4.20241 A=0.15402 W=0.647255 mAh_cumul=27.6722 Wh_cumul=0.116232 
t=308 V=4.20238 A=0.153371 W=0.644523 mAh_cumul=27.7148 Wh_cumul=0.116411 
t=309 V=4.20241 A=0.152932 W=0.642683 mAh_cumul=27.7573 Wh_cumul=0.116589 
t=310 V=4.20244 A=0.153056 W=0.643209 mAh_cumul=27.7998 Wh_cumul=0.116768 
t=311 V=4.20245 A=0.152678 W=0.641622 mAh_cumul=27.8422 Wh_cumul=0.116946 
t=312 V=4.20243 A=0.151694 W=0.637483 mAh_cumul=27.8844 Wh_cumul=0.117123 
t=313 V=4.20243 A=0.151506 W=0.636693 mAh_cumul=27.9265 Wh_cumul=0.1173 
t=314 V=4.20242 A=0.150646 W=0.633078 mAh_cumul=27.9683 Wh_cumul=0.117476 
t=315 V=4.20242 A=0.149919 W=0.630023 mAh_cumul=28.01 Wh_cumul=0.117651 
t=316 V=4.20241 A=0.149199 W=0.626995 mAh_cumul=28.0514 Wh_cumul=0.117825 
t=317 V=4.20241 A=0.148286 W=0.623159 mAh_cumul=28.0926 Wh_cumul=0.117998 
t=318 V=4.2024 A=0.147376 W=0.619333 mAh_cumul=28.1335 Wh_cumul=0.11817 
t=319 V=4.20237 A=0.146687 W=0.616433 mAh_cumul=28.1743 Wh_cumul=0.118341 
t=320 V=4.20238 A=0.145443 W=0.611207 mAh_cumul=28.2147 Wh_cumul=0.118511 
t=321 V=4.20235 A=0.144849 W=0.608706 mAh_cumul=28.2549 Wh_cumul=0.11868 
t=322 V=4.20236 A=0.145036 W=0.609493 mAh_cumul=28.2952 Wh_cumul=0.11885 
t=323 V=4.20236 A=0.144552 W=0.60746 mAh_cumul=28.3353 Wh_cumul=0.119018 
t=324 V=4.20237 A=0.143495 W=0.603019 mAh_cumul=28.3752 Wh_cumul=0.119186 
t=325 V=4.20235 A=0.142739 W=0.599839 mAh_cumul=28.4149 Wh_cumul=0.119352 
t=326 V=4.20234 A=0.142564 W=0.599102 mAh_cumul=28.4545 Wh_cumul=0.119519 
t=327 V=4.20238 A=0.142101 W=0.597162 mAh_cumul=28.4939 Wh_cumul=0.119685 
t=328 V=4.20237 A=0.141815 W=0.595959 mAh_cumul=28.5333 Wh_cumul=0.11985 
t=329 V=4.20232 A=0.141139 W=0.593111 mAh_cumul=28.5725 Wh_cumul=0.120015 
t=330 V=4.20236 A=0.140658 W=0.591096 mAh_cumul=28.6116 Wh_cumul=0.120179 
t=331 V=4.20238 A=0.140366 W=0.589871 mAh_cumul=28.6506 Wh_cumul=0.120343 
t=332 V=4.2024 A=0.139951 W=0.58813 mAh_cumul=28.6895 Wh_cumul=0.120506 
t=333 V=4.20237 A=0.13912 W=0.584634 mAh_cumul=28.7281 Wh_cumul=0.120669 
t=334 V=4.20234 A=0.13879 W=0.583243 mAh_cumul=28.7667 Wh_cumul=0.120831 
t=335 V=4.20238 A=0.138258 W=0.581013 mAh_cumul=28.8051 Wh_cumul=0.120992 
t=336 V=4.20237 A=0.137917 W=0.579578 mAh_cumul=28.8434 Wh_cumul=0.121153 
t=337 V=4.20235 A=0.137836 W=0.579235 mAh_cumul=28.8817 Wh_cumul=0.121314 
t=338 V=4.20239 A=0.137547 W=0.578026 mAh_cumul=28.9199 Wh_cumul=0.121475 
t=339 V=4.20238 A=0.137285 W=0.576924 mAh_cumul=28.958 Wh_cumul=0.121635 
t=340 V=4.20239 A=0.136619 W=0.574126 mAh_cumul=28.996 Wh_cumul=0.121794 
t=341 V=4.20239 A=0.136225 W=0.572471 mAh_cumul=29.0338 Wh_cumul=0.121953 
t=342 V=4.20241 A=0.135902 W=0.571116 mAh_cumul=29.0716 Wh_cumul=0.122112 
t=343 V=4.20236 A=0.135227 W=0.568273 mAh_cumul=29.1091 Wh_cumul=0.12227 
t=344 V=4.20239 A=0.134583 W=0.56557 mAh_cumul=29.1465 Wh_cumul=0.122427 
t=345 V=4.20243 A=0.134568 W=0.565513 mAh_cumul=29.1839 Wh_cumul=0.122584 
t=346 V=4.2024 A=0.134021 W=0.56321 mAh_cumul=29.2211 Wh_cumul=0.122741 
t=347 V=4.20241 A=0.133951 W=0.562917 mAh_cumul=29.2583 Wh_cumul=0.122897 
t=348 V=4.20242 A=0.133304 W=0.560199 mAh_cumul=29.2953 Wh_cumul=0.123053 
t=349 V=4.2024 A=0.132072 W=0.555019 mAh_cumul=29.332 Wh_cumul=0.123207 
t=350 V=4.20234 A=0.131302 W=0.551776 mAh_cumul=29.3685 Wh_cumul=0.12336 
t=351 V=4.20236 A=0.130959 W=0.550337 mAh_cumul=29.4049 Wh_cumul=0.123513 
t=352 V=4.20238 A=0.13079 W=0.549629 mAh_cumul=29.4412 Wh_cumul=0.123666 
t=353 V=4.20239 A=0.130049 W=0.546517 mAh_cumul=29.4773 Wh_cumul=0.123817 
t=354 V=4.20237 A=0.129575 W=0.544522 mAh_cumul=29.5133 Wh_cumul=0.123969 
t=355 V=4.20242 A=0.129821 W=0.545562 mAh_cumul=29.5494 Wh_cumul=0.12412 
t=356 V=4.20242 A=0.129135 W=0.54268 mAh_cumul=29.5853 Wh_cumul=0.124271 
t=357 V=4.20238 A=0.128101 W=0.538329 mAh_cumul=29.6208 Wh_cumul=0.12442 
t=358 V=4.20238 A=0.127556 W=0.536039 mAh_cumul=29.6563 Wh_cumul=0.124569 
t=359 V=4.20241 A=0.127433 W=0.535526 mAh_cumul=29.6917 Wh_cumul=0.124718 
t=360 V=4.20241 A=0.127266 W=0.534824 mAh_cumul=29.727 Wh_cumul=0.124867 
t=361 V=4.20242 A=0.126505 W=0.531627 mAh_cumul=29.7622 Wh_cumul=0.125014 
t=362 V=4.20243 A=0.126333 W=0.530906 mAh_cumul=29.7973 Wh_cumul=0.125162 
t=363 V=4.2024 A=0.125605 W=0.527842 mAh_cumul=29.8321 Wh_cumul=0.125308 
t=364 V=4.20235 A=0.124393 W=0.522743 mAh_cumul=29.8667 Wh_cumul=0.125454 
t=365 V=4.20235 A=0.124119 W=0.521591 mAh_cumul=29.9012 Wh_cumul=0.125599 
t=366 V=4.20235 A=0.123459 W=0.518818 mAh_cumul=29.9355 Wh_cumul=0.125743 
t=367 V=4.20234 A=0.123224 W=0.517829 mAh_cumul=29.9697 Wh_cumul=0.125886 
t=368 V=4.20237 A=0.123381 W=0.518493 mAh_cumul=30.004 Wh_cumul=0.126031 
t=369 V=4.20237 A=0.12251 W=0.514832 mAh_cumul=30.038 Wh_cumul=0.126174 
t=370 V=4.2024 A=0.122219 W=0.513613 mAh_cumul=30.072 Wh_cumul=0.126316 
t=371 V=4.20238 A=0.121808 W=0.511884 mAh_cumul=30.1058 Wh_cumul=0.126458 
t=372 V=4.20236 A=0.121647 W=0.511204 mAh_cumul=30.1396 Wh_cumul=0.1266 
t=373 V=4.20241 A=0.121302 W=0.509761 mAh_cumul=30.1733 Wh_cumul=0.126742 
t=374 V=4.20238 A=0.120596 W=0.50679 mAh_cumul=30.2068 Wh_cumul=0.126883 
t=375 V=4.20238 A=0.119715 W=0.503088 mAh_cumul=30.24 Wh_cumul=0.127022 
t=376 V=4.20236 A=0.119124 W=0.500602 mAh_cumul=30.2731 Wh_cumul=0.127162 
t=377 V=4.20234 A=0.118408 W=0.497591 mAh_cumul=30.306 Wh_cumul=0.1273 
t=378 V=4.20237 A=0.117958 W=0.495703 mAh_cumul=30.3388 Wh_cumul=0.127437 
t=379 V=4.20236 A=0.117982 W=0.495803 mAh_cumul=30.3716 Wh_cumul=0.127575 
t=380 V=4.20239 A=0.118124 W=0.496403 mAh_cumul=30.4044 Wh_cumul=0.127713 
t=381 V=4.20237 A=0.118006 W=0.495905 mAh_cumul=30.4371 Wh_cumul=0.127851 
t=382 V=4.20238 A=0.117984 W=0.495814 mAh_cumul=30.4699 Wh_cumul=0.127989 
t=383 V=4.20245 A=0.117578 W=0.494116 mAh_cumul=30.5026 Wh_cumul=0.128126 
t=384 V=4.2024 A=0.117092 W=0.492067 mAh_cumul=30.5351 Wh_cumul=0.128262 
t=385 V=4.20241 A=0.117064 W=0.491951 mAh_cumul=30.5676 Wh_cumul=0.128399 
t=386 V=4.20248 A=0.116602 W=0.490018 mAh_cumul=30.6 Wh_cumul=0.128535 
t=387 V=4.20243 A=0.116206 W=0.488348 mAh_cumul=30.6323 Wh_cumul=0.128671 
t=388 V=4.20241 A=0.115684 W=0.486152 mAh_cumul=30.6644 Wh_cumul=0.128806 
t=389 V=4.20244 A=0.115382 W=0.484886 mAh_cumul=30.6965 Wh_cumul=0.128941 
t=390 V=4.20243 A=0.114873 W=0.482746 mAh_cumul=30.7284 Wh_cumul=0.129075 
t=391 V=4.20244 A=0.114587 W=0.481545 mAh_cumul=30.7602 Wh_cumul=0.129209 
t=392 V=4.20241 A=0.114574 W=0.481487 mAh_cumul=30.792 Wh_cumul=0.129342 
t=393 V=4.20245 A=0.114036 W=0.479231 mAh_cumul=30.8237 Wh_cumul=0.129475 
t=394 V=4.20245 A=0.11355 W=0.477188 mAh_cumul=30.8553 Wh_cumul=0.129608 
t=395 V=4.20241 A=0.112583 W=0.47312 mAh_cumul=30.8865 Wh_cumul=0.129739 
t=396 V=4.20242 A=0.111715 W=0.469473 mAh_cumul=30.9176 Wh_cumul=0.12987 
t=397 V=4.20239 A=0.110805 W=0.465646 mAh_cumul=30.9483 Wh_cumul=0.129999 
t=398 V=4.2024 A=0.110228 W=0.463222 mAh_cumul=30.979 Wh_cumul=0.130128 
t=399 V=4.20237 A=0.109858 W=0.461664 mAh_cumul=31.0095 Wh_cumul=0.130256 
t=400 V=4.20239 A=0.110355 W=0.463755 mAh_cumul=31.0401 Wh_cumul=0.130385 
t=401 V=4.20243 A=0.110412 W=0.463999 mAh_cumul=31.0708 Wh_cumul=0.130514 
t=402 V=4.20242 A=0.109621 W=0.460673 mAh_cumul=31.1013 Wh_cumul=0.130642 
t=403 V=4.20241 A=0.108931 W=0.457773 mAh_cumul=31.1315 Wh_cumul=0.130769 
t=404 V=4.20238 A=0.10822 W=0.454782 mAh_cumul=31.1616 Wh_cumul=0.130895 
t=405 V=4.2024 A=0.107982 W=0.453784 mAh_cumul=31.1916 Wh_cumul=0.131021 
t=406 V=4.20241 A=0.107879 W=0.453352 mAh_cumul=31.2215 Wh_cumul=0.131147 
t=407 V=4.20243 A=0.107669 W=0.452471 mAh_cumul=31.2514 Wh_cumul=0.131273 
t=408 V=4.2024 A=0.10668 W=0.448312 mAh_cumul=31.2811 Wh_cumul=0.131397 
t=409 V=4.20238 A=0.106251 W=0.446507 mAh_cumul=31.3106 Wh_cumul=0.131521 
t=410 V=4.20239 A=0.10585 W=0.444823 mAh_cumul=31.34 Wh_cumul=0.131645 
t=411 V=4.20236 A=0.105538 W=0.443509 mAh_cumul=31.3693 Wh_cumul=0.131768 
t=412 V=4.20237 A=0.104973 W=0.441135 mAh_cumul=31.3985 Wh_cumul=0.131891 
t=413 V=4.20237 A=0.104738 W=0.440148 mAh_cumul=31.4276 Wh_cumul=0.132013 
t=414 V=4.20242 A=0.105308 W=0.442548 mAh_cumul=31.4568 Wh_cumul=0.132136 
t=415 V=4.20239 A=0.105259 W=0.442339 mAh_cumul=31.486 Wh_cumul=0.132259 
t=416 V=4.2024 A=0.105063 W=0.441517 mAh_cumul=31.5152 Wh_cumul=0.132381 
t=417 V=4.20243 A=0.10492 W=0.440919 mAh_cumul=31.5444 Wh_cumul=0.132504 
t=418 V=4.20241 A=0.104597 W=0.439559 mAh_cumul=31.5734 Wh_cumul=0.132626 
t=419 V=4.20243 A=0.104167 W=0.437755 mAh_cumul=31.6024 Wh_cumul=0.132748 
t=420 V=4.20243 A=0.103413 W=0.434586 mAh_cumul=31.6311 Wh_cumul=0.132868 
t=421 V=4.20241 A=0.103233 W=0.433827 mAh_cumul=31.6598 Wh_cumul=0.132989 
t=422 V=4.20238 A=0.102682 W=0.431509 mAh_cumul=31.6883 Wh_cumul=0.133109 
t=423 V=4.20242 A=0.10281 W=0.432051 mAh_cumul=31.7169 Wh_cumul=0.133229 
t=424 V=4.20243 A=0.102887 W=0.432375 mAh_cumul=31.7454 Wh_cumul=0.133349 
t=425 V=4.20243 A=0.102238 W=0.429648 mAh_cumul=31.7738 Wh_cumul=0.133468 
t=426 V=4.20246 A=0.101979 W=0.428563 mAh_cumul=31.8022 Wh_cumul=0.133587 
t=427 V=4.20245 A=0.101911 W=0.428276 mAh_cumul=31.8305 Wh_cumul=0.133706 
t=428 V=4.20245 A=0.101574 W=0.42686 mAh_cumul=31.8587 Wh_cumul=0.133825 
t=429 V=4.20243 A=0.101145 W=0.425055 mAh_cumul=31.8868 Wh_cumul=0.133943 
t=430 V=4.20246 A=0.100742 W=0.423364 mAh_cumul=31.9148 Wh_cumul=0.13406 
t=431 V=4.20243 A=0.0999979 W=0.420234 mAh_cumul=31.9425 Wh_cumul=0.134177 
t=432 V=4.20241 A=0.0995923 W=0.418528 mAh_cumul=31.9702 Wh_cumul=0.134293 
t=433 V=4.20246 A=0.0992591 W=0.417132 mAh_cumul=31.9978 Wh_cumul=0.134409 
t=434 V=4.20242 A=0.0989783 W=0.415948 mAh_cumul=32.0253 Wh_cumul=0.134525 
t=435 V=4.20241 A=0.0983387 W=0.41326 mAh_cumul=32.0526 Wh_cumul=0.13464 
t=436 V=4.20238 A=0.0979974 W=0.411822 mAh_cumul=32.0798 Wh_cumul=0.134754 
t=437 V=4.2024 A=0.0977782 W=0.410903 mAh_cumul=32.107 Wh_cumul=0.134868 
t=438 V=4.20244 A=0.0979348 W=0.411565 mAh_cumul=32.1342 Wh_cumul=0.134982 
t=439 V=4.2025 A=0.0979646 W=0.411696 mAh_cumul=32.1614 Wh_cumul=0.135097 
t=440 V=4.20245 A=0.0977846 W=0.410935 mAh_cumul=32.1885 Wh_cumul=0.135211 
t=441 V=4.20248 A=0.097189 W=0.408435 mAh_cumul=32.2155 Wh_cumul=0.135324 
t=442 V=4.20245 A=0.0964092 W=0.405155 mAh_cumul=32.2423 Wh_cumul=0.135437 
t=443 V=4.20244 A=0.0962318 W=0.404408 mAh_cumul=32.2691 Wh_cumul=0.135549 
t=444 V=4.20247 A=0.0959175 W=0.40309 mAh_cumul=32.2957 Wh_cumul=0.135661 
t=445 V=4.20246 A=0.095587 W=0.401701 mAh_cumul=32.3223 Wh_cumul=0.135773 
t=446 V=4.20245 A=0.0950367 W=0.399387 mAh_cumul=32.3486 Wh_cumul=0.135884 
t=447 V=4.20245 A=0.0945214 W=0.397221 mAh_cumul=32.3749 Wh_cumul=0.135994 
t=448 V=4.20248 A=0.094895 W=0.398794 mAh_cumul=32.4013 Wh_cumul=0.136105 
t=449 V=4.20246 A=0.094593 W=0.397523 mAh_cumul=32.4275 Wh_cumul=0.136215 
t=450 V=4.20245 A=0.09404 W=0.395198 mAh_cumul=32.4537 Wh_cumul=0.136325 
t=451 V=4.20245 A=0.093018 W=0.390903 mAh_cumul=32.4795 Wh_cumul=0.136434 
t=452 V=4.20242 A=0.0925875 W=0.389092 mAh_cumul=32.5052 Wh_cumul=0.136542 
t=453 V=4.20242 A=0.092419 W=0.388383 mAh_cumul=32.5309 Wh_cumul=0.13665 
t=454 V=4.20243 A=0.0925852 W=0.389083 mAh_cumul=32.5566 Wh_cumul=0.136758 
t=455 V=4.20244 A=0.092244 W=0.38765 mAh_cumul=32.5822 Wh_cumul=0.136865 
t=456 V=4.20241 A=0.0919379 W=0.386361 mAh_cumul=32.6078 Wh_cumul=0.136973 
t=457 V=4.20244 A=0.0912522 W=0.383482 mAh_cumul=32.6331 Wh_cumul=0.137079 
t=458 V=4.20243 A=0.0906634 W=0.381007 mAh_cumul=32.6583 Wh_cumul=0.137185 
t=459 V=4.2024 A=0.0904474 W=0.380096 mAh_cumul=32.6834 Wh_cumul=0.137291 
t=460 V=4.20244 A=0.0905231 W=0.380418 mAh_cumul=32.7086 Wh_cumul=0.137396 
t=461 V=4.20244 A=0.0906075 W=0.380773 mAh_cumul=32.7337 Wh_cumul=0.137502 
t=462 V=4.20246 A=0.0905164 W=0.380392 mAh_cumul=32.7589 Wh_cumul=0.137608 
t=463 V=4.20246 A=0.0899916 W=0.378186 mAh_cumul=32.7839 Wh_cumul=0.137713 
t=464 V=4.20245 A=0.0896955 W=0.376941 mAh_cumul=32.8088 Wh_cumul=0.137818 
t=465 V=4.20242 A=0.0894351 W=0.375844 mAh_cumul=32.8336 Wh_cumul=0.137922 
t=466 V=4.20243 A=0.088845 W=0.373365 mAh_cumul=32.8583 Wh_cumul=0.138026 
t=467 V=4.20242 A=0.0886249 W=0.372439 mAh_cumul=32.8829 Wh_cumul=0.138129 
t=468 V=4.20245 A=0.0881453 W=0.370426 mAh_cumul=32.9074 Wh_cumul=0.138232 
t=469 V=4.20245 A=0.0876725 W=0.368439 mAh_cumul=32.9318 Wh_cumul=0.138334 
t=470 V=4.20244 A=0.0876077 W=0.368166 mAh_cumul=32.9561 Wh_cumul=0.138437 
t=471 V=4.20247 A=0.0875591 W=0.367964 mAh_cumul=32.9804 Wh_cumul=0.138539 
t=472 V=4.20242 A=0.0864683 W=0.363376 mAh_cumul=33.0045 Wh_cumul=0.13864 
t=473 V=4.20244 A=0.0863587 W=0.362917 mAh_cumul=33.0284 Wh_cumul=0.138741 
t=474 V=4.20243 A=0.0862617 W=0.362509 mAh_cumul=33.0524 Wh_cumul=0.138841 
t=475 V=4.20241 A=0.0858938 W=0.360961 mAh_cumul=33.0763 Wh_cumul=0.138942 
t=476 V=4.20242 A=0.0854888 W=0.35926 mAh_cumul=33.1 Wh_cumul=0.139041 
t=477 V=4.20246 A=0.0853884 W=0.358841 mAh_cumul=33.1237 Wh_cumul=0.139141 
t=478 V=4.20244 A=0.0845417 W=0.355281 mAh_cumul=33.1472 Wh_cumul=0.13924 
t=479 V=4.20241 A=0.0842856 W=0.354203 mAh_cumul=33.1706 Wh_cumul=0.139338 
t=480 V=4.2024 A=0.0836697 W=0.351614 mAh_cumul=33.1939 Wh_cumul=0.139436 
t=481 V=4.20237 A=0.0832124 W=0.349689 mAh_cumul=33.217 Wh_cumul=0.139533 
t=482 V=4.20237 A=0.0824702 W=0.34657 mAh_cumul=33.2399 Wh_cumul=0.139629 
t=483 V=4.20236 A=0.0821031 W=0.345027 mAh_cumul=33.2627 Wh_cumul=0.139725 
t=484 V=4.20236 A=0.0824389 W=0.346438 mAh_cumul=33.2856 Wh_cumul=0.139821 
t=485 V=4.20241 A=0.0825664 W=0.346978 mAh_cumul=33.3085 Wh_cumul=0.139918 
t=486 V=4.20239 A=0.082603 W=0.34713 mAh_cumul=33.3315 Wh_cumul=0.140014 
t=487 V=4.20244 A=0.0827883 W=0.347913 mAh_cumul=33.3545 Wh_cumul=0.140111 
t=488 V=4.20244 A=0.0828161 W=0.34803 mAh_cumul=33.3775 Wh_cumul=0.140207 
t=489 V=4.20243 A=0.0819773 W=0.344504 mAh_cumul=33.4002 Wh_cumul=0.140303 
t=490 V=4.20241 A=0.0811057 W=0.340839 mAh_cumul=33.4228 Wh_cumul=0.140398 
t=491 V=4.20236 A=0.0798556 W=0.335582 mAh_cumul=33.445 Wh_cumul=0.140491 
t=492 V=4.20235 A=0.0793267 W=0.333359 mAh_cumul=33.467 Wh_cumul=0.140584 
t=493 V=4.20234 A=0.0792091 W=0.332864 mAh_cumul=33.489 Wh_cumul=0.140676 
t=494 V=4.20236 A=0.079508 W=0.334121 mAh_cumul=33.5111 Wh_cumul=0.140769 
t=495 V=4.20238 A=0.0797813 W=0.335271 mAh_cumul=33.5332 Wh_cumul=0.140862 
t=496 V=4.20241 A=0.0796146 W=0.334573 mAh_cumul=33.5554 Wh_cumul=0.140955 
t=497 V=4.20239 A=0.0800688 W=0.33648 mAh_cumul=33.5776 Wh_cumul=0.141048 
t=498 V=4.20238 A=0.0797663 W=0.335208 mAh_cumul=33.5998 Wh_cumul=0.141141 
t=499 V=4.20239 A=0.0795222 W=0.334183 mAh_cumul=33.6218 Wh_cumul=0.141234 
t=500 V=4.2024 A=0.0792657 W=0.333106 mAh_cumul=33.6439 Wh_cumul=0.141327 
t=501 V=4.20242 A=0.0794248 W=0.333776 mAh_cumul=33.6659 Wh_cumul=0.14142 
t=502 V=4.20245 A=0.079273 W=0.333141 mAh_cumul=33.6879 Wh_cumul=0.141512 
t=503 V=4.20242 A=0.0787199 W=0.330814 mAh_cumul=33.7098 Wh_cumul=0.141604 
t=504 V=4.20241 A=0.0789324 W=0.331706 mAh_cumul=33.7317 Wh_cumul=0.141696 
t=505 V=4.20245 A=0.0787956 W=0.331135 mAh_cumul=33.7536 Wh_cumul=0.141788 
t=506 V=4.20246 A=0.078493 W=0.329864 mAh_cumul=33.7754 Wh_cumul=0.14188 
t=507 V=4.20245 A=0.0780207 W=0.327878 mAh_cumul=33.7971 Wh_cumul=0.141971 
t=508 V=4.20243 A=0.0777972 W=0.326937 mAh_cumul=33.8187 Wh_cumul=0.142062 
t=509 V=4.20245 A=0.0775277 W=0.325806 mAh_cumul=33.8403 Wh_cumul=0.142152 
t=510 V=4.20244 A=0.0770243 W=0.32369 mAh_cumul=33.8616 Wh_cumul=0.142242 
t=511 V=4.20239 A=0.0762528 W=0.320444 mAh_cumul=33.8828 Wh_cumul=0.142331 
t=512 V=4.20238 A=0.0763263 W=0.320752 mAh_cumul=33.904 Wh_cumul=0.14242 
t=513 V=4.2024 A=0.0759872 W=0.319329 mAh_cumul=33.9251 Wh_cumul=0.142509 
t=514 V=4.20241 A=0.0760698 W=0.319676 mAh_cumul=33.9463 Wh_cumul=0.142598 
t=515 V=4.20247 A=0.0754448 W=0.317055 mAh_cumul=33.9672 Wh_cumul=0.142686 
t=516 V=4.20241 A=0.0750275 W=0.315296 mAh_cumul=33.9881 Wh_cumul=0.142773 
t=517 V=4.20242 A=0.0745884 W=0.313452 mAh_cumul=34.0088 Wh_cumul=0.14286 
t=518 V=4.20241 A=0.0739382 W=0.310719 mAh_cumul=34.0293 Wh_cumul=0.142947 
t=519 V=4.20236 A=0.0735831 W=0.309223 mAh_cumul=34.0498 Wh_cumul=0.143033 
t=520 V=4.20239 A=0.0740592 W=0.311226 mAh_cumul=34.0703 Wh_cumul=0.143119 
t=521 V=4.20241 A=0.0742148 W=0.311881 mAh_cumul=34.091 Wh_cumul=0.143206 
t=522 V=4.20243 A=0.0740517 W=0.311197 mAh_cumul=34.1115 Wh_cumul=0.143292 
t=523 V=4.20242 A=0.0737514 W=0.309934 mAh_cumul=34.132 Wh_cumul=0.143378 
t=524 V=4.20242 A=0.0734603 W=0.308711 mAh_cumul=34.1524 Wh_cumul=0.143464 
t=525 V=4.20243 A=0.0730655 W=0.307053 mAh_cumul=34.1727 Wh_cumul=0.143549 
t=526 V=4.20239 A=0.0733348 W=0.308181 mAh_cumul=34.1931 Wh_cumul=0.143635 
t=527 V=4.20244 A=0.0726951 W=0.305497 mAh_cumul=34.2133 Wh_cumul=0.14372 
t=528 V=4.20242 A=0.0722942 W=0.303811 mAh_cumul=34.2334 Wh_cumul=0.143804 
END

