0 errors cleared
t=0 V=3.9857 A=0.00905155 W=0.0360768 mAh_cumul=0 Wh_cumul=0 
t=2 V=3.98566 A=0.00904441 W=0.0360479 mAh_cumul=0.00502467 Wh_cumul=2.00266e-05 
t=3 V=3.99947 A=0.388644 W=1.55437 mAh_cumul=0.112981 Wh_cumul=0.000451796 
t=4 V=3.99948 A=0.367159 W=1.46845 mAh_cumul=0.21497 Wh_cumul=0.000859697 
t=5 V=3.99946 A=0.354621 W=1.41829 mAh_cumul=0.313476 Wh_cumul=0.00125367 
t=6 V=3.99947 A=0.34418 W=1.37654 mAh_cumul=0.409081 Wh_cumul=0.00163604 
t=7 V=3.99944 A=0.335777 W=1.34292 mAh_cumul=0.502353 Wh_cumul=0.00200907 
t=8 V=3.99946 A=0.328734 W=1.31476 mAh_cumul=0.593668 Wh_cumul=0.00237428 
t=9 V=3.9995 A=0.322323 W=1.28913 mAh_cumul=0.683202 Wh_cumul=0.00273238 
t=10 V=3.99948 A=0.316186 W=1.26458 mAh_cumul=0.771031 Wh_cumul=0.00308365 
t=11 V=3.99951 A=0.310858 W=1.24328 mAh_cumul=0.857381 Wh_cumul=0.003429 
t=12 V=3.9995 A=0.305288 W=1.221 mAh_cumul=0.942183 Wh_cumul=0.00376817 
t=13 V=3.99948 A=0.299983 W=1.19978 mAh_cumul=1.02551 Wh_cumul=0.00410144 
t=14 V=3.99946 A=0.294907 W=1.17947 mAh_cumul=1.10743 Wh_cumul=0.00442907 
t=15 V=3.99947 A=0.290746 W=1.16283 mAh_cumul=1.18819 Wh_cumul=0.00475208 
t=16 V=3.9995 A=0.286825 W=1.14716 mAh_cumul=1.26787 Wh_cumul=0.00507073 
t=17 V=3.99951 A=0.282677 W=1.13057 mAh_cumul=1.34639 Wh_cumul=0.00538478 
t=18 V=3.99948 A=0.278943 W=1.11563 mAh_cumul=1.42387 Wh_cumul=0.00569468 
t=19 V=3.99947 A=0.275231 W=1.10078 mAh_cumul=1.50033 Wh_cumul=0.00600045 
t=20 V=3.99946 A=0.271392 W=1.08542 mAh_cumul=1.57571 Wh_cumul=0.00630195 
t=21 V=3.99947 A=0.267968 W=1.07173 mAh_cumul=1.65015 Wh_cumul=0.00659966 
t=22 V=3.99946 A=0.265089 W=1.06021 mAh_cumul=1.72378 Wh_cumul=0.00689416 
t=23 V=3.99944 A=0.261796 W=1.04704 mAh_cumul=1.7965 Wh_cumul=0.007185 
t=24 V=3.9995 A=0.259525 W=1.03797 mAh_cumul=1.86859 Wh_cumul=0.00747333 
t=25 V=3.99951 A=0.25622 W=1.02475 mAh_cumul=1.93977 Wh_cumul=0.00775798 
t=26 V=3.99949 A=0.25335 W=1.01327 mAh_cumul=2.01014 Wh_cumul=0.00803945 
t=27 V=3.99949 A=0.250853 W=1.00328 mAh_cumul=2.07982 Wh_cumul=0.00831814 
t=28 V=3.99948 A=0.248096 W=0.992255 mAh_cumul=2.14874 Wh_cumul=0.00859376 
t=29 V=3.99951 A=0.246317 W=0.985147 mAh_cumul=2.21716 Wh_cumul=0.00886742 
t=30 V=3.9995 A=0.24355 W=0.974078 mAh_cumul=2.28481 Wh_cumul=0.00913799 
t=31 V=3.99948 A=0.240701 W=0.962679 mAh_cumul=2.35167 Wh_cumul=0.0094054 
t=32 V=3.99949 A=0.238684 W=0.954614 mAh_cumul=2.41798 Wh_cumul=0.00967057 
t=33 V=3.99944 A=0.236005 W=0.943888 mAh_cumul=2.48353 Wh_cumul=0.00993277 
t=34 V=3.99946 A=0.234417 W=0.937541 mAh_cumul=2.54865 Wh_cumul=0.0101932 
t=35 V=3.99944 A=0.232055 W=0.92809 mAh_cumul=2.61311 Wh_cumul=0.010451 
t=36 V=3.99947 A=0.230142 W=0.920446 mAh_cumul=2.67704 Wh_cumul=0.0107067 
t=37 V=3.99947 A=0.228175 W=0.912579 mAh_cumul=2.74042 Wh_cumul=0.0109602 
t=38 V=3.99946 A=0.226422 W=0.905566 mAh_cumul=2.80331 Wh_cumul=0.0112117 
t=39 V=3.99948 A=0.224191 W=0.896647 mAh_cumul=2.86559 Wh_cumul=0.0114608 
t=40 V=3.99946 A=0.222048 W=0.888072 mAh_cumul=2.92727 Wh_cumul=0.0117075 
t=41 V=3.99942 A=0.220641 W=0.882436 mAh_cumul=2.98856 Wh_cumul=0.0119526 
t=42 V=3.99945 A=0.219485 W=0.877819 mAh_cumul=3.04953 Wh_cumul=0.0121964 
t=43 V=3.99946 A=0.218011 W=0.871926 mAh_cumul=3.11008 Wh_cumul=0.0124386 
t=44 V=3.99947 A=0.21598 W=0.863806 mAh_cumul=3.17008 Wh_cumul=0.0126786 
t=45 V=3.99945 A=0.214406 W=0.857506 mAh_cumul=3.22964 Wh_cumul=0.0129168 
t=46 V=3.99948 A=0.212834 W=0.851225 mAh_cumul=3.28876 Wh_cumul=0.0131532 
t=47 V=3.99946 A=0.211682 W=0.846614 mAh_cumul=3.34756 Wh_cumul=0.0133884 
t=48 V=3.99946 A=0.210242 W=0.840854 mAh_cumul=3.40596 Wh_cumul=0.013622 
t=49 V=3.99948 A=0.208704 W=0.834707 mAh_cumul=3.46393 Wh_cumul=0.0138538 
t=50 V=3.99943 A=0.207466 W=0.829746 mAh_cumul=3.52156 Wh_cumul=0.0140843 
t=51 V=3.99944 A=0.206363 W=0.825336 mAh_cumul=3.57888 Wh_cumul=0.0143136 
t=52 V=3.99945 A=0.204848 W=0.819279 mAh_cumul=3.63579 Wh_cumul=0.0145412 
t=53 V=3.99946 A=0.203918 W=0.815562 mAh_cumul=3.69243 Wh_cumul=0.0147677 
t=54 V=3.99948 A=0.202647 W=0.810483 mAh_cumul=3.74872 Wh_cumul=0.0149928 
t=55 V=3.99949 A=0.202403 W=0.809509 mAh_cumul=3.80494 Wh_cumul=0.0152177 
t=56 V=3.9995 A=0.201948 W=0.807691 mAh_cumul=3.86104 Wh_cumul=0.0154421 
t=57 V=3.99953 A=0.200912 W=0.803554 mAh_cumul=3.91685 Wh_cumul=0.0156653 
t=58 V=3.99954 A=0.199853 W=0.79932 mAh_cumul=3.97236 Wh_cumul=0.0158873 
t=59 V=3.99955 A=0.198817 W=0.795179 mAh_cumul=4.02759 Wh_cumul=0.0161082 
t=60 V=3.99955 A=0.197588 W=0.790263 mAh_cumul=4.08248 Wh_cumul=0.0163277 
t=61 V=3.99953 A=0.195993 W=0.78388 mAh_cumul=4.13692 Wh_cumul=0.0165454 
t=62 V=3.9995 A=0.194447 W=0.777691 mAh_cumul=4.19093 Wh_cumul=0.0167615 
t=63 V=3.99951 A=0.193445 W=0.773685 mAh_cumul=4.24467 Wh_cumul=0.0169764 
t=64 V=3.99951 A=0.192107 W=0.768334 mAh_cumul=4.29803 Wh_cumul=0.0171898 
t=65 V=3.99948 A=0.190498 W=0.761893 mAh_cumul=4.35095 Wh_cumul=0.0174014 
t=66 V=3.99946 A=0.189637 W=0.758446 mAh_cumul=4.40362 Wh_cumul=0.0176121 
t=67 V=3.99944 A=0.188448 W=0.753686 mAh_cumul=4.45597 Wh_cumul=0.0178215 
t=68 V=3.99945 A=0.187548 W=0.750089 mAh_cumul=4.50807 Wh_cumul=0.0180298 
t=69 V=3.99947 A=0.186878 W=0.747413 mAh_cumul=4.55998 Wh_cumul=0.0182375 
t=70 V=3.99945 A=0.185805 W=0.743118 mAh_cumul=4.61159 Wh_cumul=0.0184439 
t=71 V=3.99947 A=0.184998 W=0.739894 mAh_cumul=4.66298 Wh_cumul=0.0186494 
t=72 V=3.99946 A=0.185034 W=0.740036 mAh_cumul=4.71438 Wh_cumul=0.018855 
t=73 V=3.99947 A=0.184537 W=0.73805 mAh_cumul=4.76564 Wh_cumul=0.01906 
t=74 V=3.99954 A=0.183722 W=0.734803 mAh_cumul=4.81667 Wh_cumul=0.0192641 
t=75 V=3.99948 A=0.182467 W=0.729773 mAh_cumul=4.86736 Wh_cumul=0.0194668 
t=76 V=3.99947 A=0.181427 W=0.725612 mAh_cumul=4.91775 Wh_cumul=0.0196684 
t=77 V=3.99948 A=0.180291 W=0.72107 mAh_cumul=4.96783 Wh_cumul=0.0198687 
t=78 V=3.9995 A=0.178877 W=0.715419 mAh_cumul=5.01752 Wh_cumul=0.0200674 
t=79 V=3.99946 A=0.177818 W=0.711176 mAh_cumul=5.06691 Wh_cumul=0.0202649 
t=80 V=3.99944 A=0.177719 W=0.710776 mAh_cumul=5.11628 Wh_cumul=0.0204624 
t=81 V=3.99949 A=0.177362 W=0.709358 mAh_cumul=5.16555 Wh_cumul=0.0206594 
t=82 V=3.99952 A=0.176697 W=0.706703 mAh_cumul=5.21463 Wh_cumul=0.0208557 
t=83 V=3.99947 A=0.175124 W=0.700403 mAh_cumul=5.26328 Wh_cumul=0.0210503 
t=84 V=3.99947 A=0.173754 W=0.694924 mAh_cumul=5.31154 Wh_cumul=0.0212433 
t=85 V=3.99946 A=0.173015 W=0.691967 mAh_cumul=5.3596 Wh_cumul=0.0214355 
t=86 V=3.99942 A=0.17231 W=0.68914 mAh_cumul=5.40746 Wh_cumul=0.021627 
t=87 V=3.99943 A=0.171058 W=0.684134 mAh_cumul=5.45498 Wh_cumul=0.021817 
t=88 V=3.99939 A=0.170275 W=0.680996 mAh_cumul=5.50228 Wh_cumul=0.0220062 
t=89 V=3.9994 A=0.16995 W=0.679698 mAh_cumul=5.54949 Wh_cumul=0.022195 
t=90 V=3.99944 A=0.169409 W=0.677541 mAh_cumul=5.59655 Wh_cumul=0.0223832 
t=91 V=3.99942 A=0.168818 W=0.675174 mAh_cumul=5.64344 Wh_cumul=0.0225707 
t=92 V=3.99943 A=0.168864 W=0.67536 mAh_cumul=5.69035 Wh_cumul=0.0227583 
t=93 V=3.99944 A=0.167841 W=0.67127 mAh_cumul=5.73697 Wh_cumul=0.0229448 
t=94 V=3.99943 A=0.167562 W=0.670152 mAh_cumul=5.78351 Wh_cumul=0.0231309 
t=95 V=3.99942 A=0.166915 W=0.667563 mAh_cumul=5.82988 Wh_cumul=0.0233164 
t=96 V=3.99943 A=0.166209 W=0.664741 mAh_cumul=5.87605 Wh_cumul=0.023501 
t=97 V=3.99946 A=0.16569 W=0.662671 mAh_cumul=5.92207 Wh_cumul=0.0236851 
t=98 V=3.99947 A=0.165168 W=0.660584 mAh_cumul=5.96795 Wh_cumul=0.0238686 
t=99 V=3.99944 A=0.164442 W=0.657676 mAh_cumul=6.01363 Wh_cumul=0.0240513 
t=100 V=3.99946 A=0.16434 W=0.657271 mAh_cumul=6.05928 Wh_cumul=0.0242339 
t=101 V=3.99946 A=0.163975 W=0.655811 mAh_cumul=6.10483 Wh_cumul=0.024416 
t=102 V=3.99948 A=0.163433 W=0.653647 mAh_cumul=6.15023 Wh_cumul=0.0245976 
t=103 V=3.99944 A=0.16299 W=0.651869 mAh_cumul=6.1955 Wh_cumul=0.0247787 
t=104 V=3.99948 A=0.162686 W=0.650659 mAh_cumul=6.24069 Wh_cumul=0.0249594 
t=105 V=3.99948 A=0.16224 W=0.648876 mAh_cumul=6.28576 Wh_cumul=0.0251397 
t=106 V=3.99949 A=0.161354 W=0.645334 mAh_cumul=6.33058 Wh_cumul=0.0253189 
t=107 V=3.99948 A=0.160805 W=0.643136 mAh_cumul=6.37525 Wh_cumul=0.0254976 
t=108 V=3.99947 A=0.160328 W=0.641227 mAh_cumul=6.41978 Wh_cumul=0.0256757 
t=109 V=3.99947 A=0.159371 W=0.6374 mAh_cumul=6.46405 Wh_cumul=0.0258527 
t=110 V=3.99944 A=0.158541 W=0.634075 mAh_cumul=6.50809 Wh_cumul=0.0260289 
t=111 V=3.99945 A=0.157849 W=0.631309 mAh_cumul=6.55194 Wh_cumul=0.0262042 
t=112 V=3.99946 A=0.156391 W=0.62548 mAh_cumul=6.59538 Wh_cumul=0.026378 
t=113 V=3.99943 A=0.155654 W=0.622527 mAh_cumul=6.63862 Wh_cumul=0.0265509 
t=114 V=3.99941 A=0.154896 W=0.619493 mAh_cumul=6.68165 Wh_cumul=0.026723 
t=115 V=3.99942 A=0.155109 W=0.620346 mAh_cumul=6.72473 Wh_cumul=0.0268953 
t=116 V=3.9994 A=0.154785 W=0.619047 mAh_cumul=6.76773 Wh_cumul=0.0270673 
t=117 V=3.99944 A=0.154768 W=0.618985 mAh_cumul=6.81072 Wh_cumul=0.0272392 
t=118 V=3.99944 A=0.154056 W=0.616138 mAh_cumul=6.85351 Wh_cumul=0.0274103 
t=119 V=3.99944 A=0.153223 W=0.612806 mAh_cumul=6.89607 Wh_cumul=0.0275806 
t=120 V=3.99942 A=0.152242 W=0.60888 mAh_cumul=6.93836 Wh_cumul=0.0277497 
t=121 V=3.99945 A=0.151987 W=0.607864 mAh_cumul=6.98058 Wh_cumul=0.0279186 
t=122 V=3.99942 A=0.151401 W=0.605516 mAh_cumul=7.02264 Wh_cumul=0.0280868 
t=123 V=3.99944 A=0.151138 W=0.604467 mAh_cumul=7.06462 Wh_cumul=0.0282547 
t=124 V=3.99942 A=0.1508 W=0.603113 mAh_cumul=7.10651 Wh_cumul=0.0284222 
t=125 V=3.99946 A=0.150787 W=0.603067 mAh_cumul=7.1484 Wh_cumul=0.0285897 
t=126 V=3.99944 A=0.150805 W=0.603136 mAh_cumul=7.19029 Wh_cumul=0.0287572 
t=127 V=3.99945 A=0.150418 W=0.601589 mAh_cumul=7.23207 Wh_cumul=0.0289244 
t=128 V=3.99947 A=0.149719 W=0.598797 mAh_cumul=7.27366 Wh_cumul=0.0290907 
t=129 V=3.99944 A=0.149424 W=0.597612 mAh_cumul=7.31516 Wh_cumul=0.0292567 
t=130 V=3.99946 A=0.149212 W=0.596767 mAh_cumul=7.35661 Wh_cumul=0.0294225 
t=131 V=3.99944 A=0.148774 W=0.595013 mAh_cumul=7.39794 Wh_cumul=0.0295877 
t=132 V=3.99946 A=0.148723 W=0.594812 mAh_cumul=7.43925 Wh_cumul=0.029753 
t=133 V=3.9995 A=0.148045 W=0.592106 mAh_cumul=7.48037 Wh_cumul=0.0299174 
t=134 V=3.9995 A=0.147994 W=0.591902 mAh_cumul=7.52148 Wh_cumul=0.0300819 
t=135 V=3.99951 A=0.147765 W=0.590988 mAh_cumul=7.56253 Wh_cumul=0.030246 
t=136 V=3.99949 A=0.147181 W=0.588649 mAh_cumul=7.60341 Wh_cumul=0.0304095 
t=137 V=3.99951 A=0.147018 W=0.588 mAh_cumul=7.64425 Wh_cumul=0.0305729 
t=138 V=3.9995 A=0.146752 W=0.586935 mAh_cumul=7.68501 Wh_cumul=0.0307359 
t=139 V=3.99955 A=0.146197 W=0.584722 mAh_cumul=7.72562 Wh_cumul=0.0308983 
t=140 V=3.9995 A=0.145715 W=0.582787 mAh_cumul=7.7661 Wh_cumul=0.0310602 
t=141 V=3.99951 A=0.145699 W=0.582725 mAh_cumul=7.80657 Wh_cumul=0.0312221 
t=142 V=3.99955 A=0.145257 W=0.580963 mAh_cumul=7.84692 Wh_cumul=0.0313835 
t=143 V=3.99957 A=0.144807 W=0.579166 mAh_cumul=7.88715 Wh_cumul=0.0315443 
t=144 V=3.99955 A=0.14466 W=0.578575 mAh_cumul=7.92733 Wh_cumul=0.0317051 
t=145 V=3.99954 A=0.143554 W=0.57415 mAh_cumul=7.96721 Wh_cumul=0.0318645 
t=146 V=3.99952 A=0.142324 W=0.569228 mAh_cumul=8.00674 Wh_cumul=0.0320227 
t=147 V=3.99949 A=0.141884 W=0.567464 mAh_cumul=8.04615 Wh_cumul=0.0321803 
t=148 V=3.99951 A=0.141452 W=0.565739 mAh_cumul=8.08544 Wh_cumul=0.0323374 
t=149 V=3.99946 A=0.141045 W=0.564104 mAh_cumul=8.12462 Wh_cumul=0.0324941 
t=150 V=3.99949 A=0.140205 W=0.560748 mAh_cumul=8.16357 Wh_cumul=0.0326499 
t=151 V=3.99949 A=0.139564 W=0.558185 mAh_cumul=8.20234 Wh_cumul=0.0328049 
t=152 V=3.99949 A=0.139476 W=0.557833 mAh_cumul=8.24108 Wh_cumul=0.0329599 
t=153 V=3.99948 A=0.138946 W=0.555712 mAh_cumul=8.27968 Wh_cumul=0.0331143 
t=154 V=3.99947 A=0.138402 W=0.553535 mAh_cumul=8.31812 Wh_cumul=0.033268 
t=155 V=3.99948 A=0.138197 W=0.552716 mAh_cumul=8.35651 Wh_cumul=0.0334216 
t=156 V=3.99946 A=0.137503 W=0.549938 mAh_cumul=8.39471 Wh_cumul=0.0335743 
t=157 V=3.99946 A=0.137412 W=0.549574 mAh_cumul=8.43288 Wh_cumul=0.033727 
t=158 V=3.99946 A=0.137276 W=0.54903 mAh_cumul=8.47101 Wh_cumul=0.0338795 
t=159 V=3.99946 A=0.137117 W=0.548394 mAh_cumul=8.5091 Wh_cumul=0.0340318 
t=160 V=3.9995 A=0.136709 W=0.546768 mAh_cumul=8.54707 Wh_cumul=0.0341837 
t=161 V=3.99948 A=0.136089 W=0.544285 mAh_cumul=8.58487 Wh_cumul=0.0343349 
t=162 V=3.99946 A=0.13626 W=0.544966 mAh_cumul=8.62272 Wh_cumul=0.0344863 
t=163 V=3.99952 A=0.136345 W=0.545315 mAh_cumul=8.6606 Wh_cumul=0.0346377 
t=164 V=3.99952 A=0.135679 W=0.542651 mAh_cumul=8.69829 Wh_cumul=0.0347885 
t=165 V=3.9995 A=0.135605 W=0.542352 mAh_cumul=8.73595 Wh_cumul=0.0349391 
t=166 V=3.99951 A=0.135206 W=0.540758 mAh_cumul=8.77351 Wh_cumul=0.0350893 
t=167 V=3.99953 A=0.134901 W=0.539541 mAh_cumul=8.81098 Wh_cumul=0.0352392 
t=168 V=3.99954 A=0.134503 W=0.53795 mAh_cumul=8.84834 Wh_cumul=0.0353886 
t=169 V=3.99949 A=0.133908 W=0.535564 mAh_cumul=8.88554 Wh_cumul=0.0355374 
t=170 V=3.99948 A=0.133691 W=0.534694 mAh_cumul=8.92268 Wh_cumul=0.0356859 
t=171 V=3.99953 A=0.133697 W=0.534725 mAh_cumul=8.95982 Wh_cumul=0.0358345 
t=172 V=3.99952 A=0.133473 W=0.533828 mAh_cumul=8.99689 Wh_cumul=0.0359828 
t=173 V=3.99949 A=0.132676 W=0.530636 mAh_cumul=9.03375 Wh_cumul=0.0361302 
t=174 V=3.99953 A=0.132846 W=0.531322 mAh_cumul=9.07065 Wh_cumul=0.0362778 
t=175 V=3.99955 A=0.132237 W=0.528888 mAh_cumul=9.10738 Wh_cumul=0.0364247 
t=176 V=3.99953 A=0.13132 W=0.525218 mAh_cumul=9.14386 Wh_cumul=0.0365706 
t=177 V=3.99951 A=0.130235 W=0.520876 mAh_cumul=9.18003 Wh_cumul=0.0367152 
t=178 V=3.99948 A=0.129379 W=0.517449 mAh_cumul=9.21597 Wh_cumul=0.036859 
t=179 V=3.99945 A=0.128923 W=0.515621 mAh_cumul=9.25179 Wh_cumul=0.0370022 
t=180 V=3.99947 A=0.12944 W=0.517691 mAh_cumul=9.28774 Wh_cumul=0.037146 
t=181 V=3.99949 A=0.129338 W=0.517286 mAh_cumul=9.32367 Wh_cumul=0.0372897 
t=182 V=3.99949 A=0.128633 W=0.514466 mAh_cumul=9.3594 Wh_cumul=0.0374326 
t=183 V=3.99948 A=0.128282 W=0.513061 mAh_cumul=9.39503 Wh_cumul=0.0375751 
t=184 V=3.99953 A=0.128149 W=0.512536 mAh_cumul=9.43063 Wh_cumul=0.0377175 
t=185 V=3.9995 A=0.127975 W=0.511836 mAh_cumul=9.46618 Wh_cumul=0.0378597 
t=186 V=3.9995 A=0.127685 W=0.510676 mAh_cumul=9.50165 Wh_cumul=0.0380015 
t=187 V=3.99951 A=0.127065 W=0.508198 mAh_cumul=9.53694 Wh_cumul=0.0381427 
t=188 V=3.99951 A=0.127293 W=0.50911 mAh_cumul=9.5723 Wh_cumul=0.0382841 
t=189 V=3.99951 A=0.127054 W=0.508154 mAh_cumul=9.60759 Wh_cumul=0.0384253 
t=190 V=3.99954 A=0.126811 W=0.507186 mAh_cumul=9.64282 Wh_cumul=0.0385662 
t=191 V=3.99954 A=0.12661 W=0.506382 mAh_cumul=9.67799 Wh_cumul=0.0387068 
t=192 V=3.99952 A=0.125662 W=0.502588 mAh_cumul=9.7129 Wh_cumul=0.0388464 
t=193 V=3.99948 A=0.124486 W=0.497879 mAh_cumul=9.74747 Wh_cumul=0.0389847 
t=194 V=3.99949 A=0.124456 W=0.497761 mAh_cumul=9.78205 Wh_cumul=0.039123 
t=195 V=3.99948 A=0.124243 W=0.496907 mAh_cumul=9.81656 Wh_cumul=0.039261 
t=196 V=3.99949 A=0.123423 W=0.493629 mAh_cumul=9.85084 Wh_cumul=0.0393981 
t=197 V=3.9995 A=0.12273 W=0.490859 mAh_cumul=9.88493 Wh_cumul=0.0395345 
t=198 V=3.9995 A=0.123289 W=0.493094 mAh_cumul=9.91918 Wh_cumul=0.0396715 
t=199 V=3.99951 A=0.123486 W=0.493883 mAh_cumul=9.95348 Wh_cumul=0.0398086 
t=200 V=3.99952 A=0.123374 W=0.493437 mAh_cumul=9.98775 Wh_cumul=0.0399457 
t=201 V=3.99953 A=0.122371 W=0.489426 mAh_cumul=10.0217 Wh_cumul=0.0400817 
t=202 V=3.99951 A=0.122059 W=0.488176 mAh_cumul=10.0557 Wh_cumul=0.0402173 
t=203 V=3.99949 A=0.121335 W=0.485278 mAh_cumul=10.0894 Wh_cumul=0.0403521 
t=204 V=3.99949 A=0.121213 W=0.48479 mAh_cumul=10.123 Wh_cumul=0.0404867 
t=205 V=3.99952 A=0.121033 W=0.484074 mAh_cumul=10.1566 Wh_cumul=0.0406212 
t=206 V=3.99951 A=0.120826 W=0.483245 mAh_cumul=10.1902 Wh_cumul=0.0407554 
t=207 V=3.99953 A=0.120642 W=0.482511 mAh_cumul=10.2237 Wh_cumul=0.0408895 
t=208 V=3.99953 A=0.120277 W=0.481051 mAh_cumul=10.2571 Wh_cumul=0.0410231 
t=209 V=3.99954 A=0.120267 W=0.481013 mAh_cumul=10.2905 Wh_cumul=0.0411567 
t=210 V=3.99952 A=0.119706 W=0.478767 mAh_cumul=10.3238 Wh_cumul=0.0412897 
t=211 V=3.99952 A=0.11912 W=0.476423 mAh_cumul=10.3569 Wh_cumul=0.041422 
t=212 V=3.99953 A=0.11858 W=0.474264 mAh_cumul=10.3898 Wh_cumul=0.0415538 
t=213 V=3.99947 A=0.117569 W=0.470214 mAh_cumul=10.4225 Wh_cumul=0.0416844 
t=214 V=3.99947 A=0.11688 W=0.467458 mAh_cumul=10.4549 Wh_cumul=0.0418142 
t=215 V=3.99945 A=0.116459 W=0.465772 mAh_cumul=10.4873 Wh_cumul=0.0419436 
t=216 V=3.99945 A=0.116783 W=0.467068 mAh_cumul=10.5197 Wh_cumul=0.0420734 
t=217 V=3.9995 A=0.116665 W=0.466602 mAh_cumul=10.5521 Wh_cumul=0.042203 
t=218 V=3.99946 A=0.116563 W=0.466189 mAh_cumul=10.5845 Wh_cumul=0.0423325 
t=219 V=3.9995 A=0.116406 W=0.465566 mAh_cumul=10.6169 Wh_cumul=0.0424618 
t=220 V=3.99948 A=0.115802 W=0.463148 mAh_cumul=10.649 Wh_cumul=0.0425904 
t=221 V=3.9995 A=0.11495 W=0.459743 mAh_cumul=10.6809 Wh_cumul=0.0427182 
t=222 V=3.99946 A=0.114554 W=0.458154 mAh_cumul=10.7128 Wh_cumul=0.0428454 
t=223 V=3.99946 A=0.114283 W=0.45707 mAh_cumul=10.7445 Wh_cumul=0.0429724 
t=224 V=3.99946 A=0.113705 W=0.454759 mAh_cumul=10.7761 Wh_cumul=0.0430987 
t=225 V=3.99947 A=0.113949 W=0.455736 mAh_cumul=10.8078 Wh_cumul=0.0432253 
t=226 V=3.99947 A=0.11431 W=0.457179 mAh_cumul=10.8395 Wh_cumul=0.0433523 
t=227 V=3.9995 A=0.114024 W=0.456039 mAh_cumul=10.8712 Wh_cumul=0.043479 
t=228 V=3.99949 A=0.1136 W=0.454342 mAh_cumul=10.9027 Wh_cumul=0.0436052 
t=229 V=3.99949 A=0.112714 W=0.450799 mAh_cumul=10.934 Wh_cumul=0.0437304 
t=230 V=3.99945 A=0.112269 W=0.449014 mAh_cumul=10.9652 Wh_cumul=0.0438551 
t=231 V=3.99946 A=0.112807 W=0.451167 mAh_cumul=10.9966 Wh_cumul=0.0439804 
t=232 V=3.99946 A=0.112527 W=0.450047 mAh_cumul=11.0278 Wh_cumul=0.0441055 
t=233 V=3.99949 A=0.11279 W=0.451102 mAh_cumul=11.0592 Wh_cumul=0.0442308 
t=234 V=3.99952 A=0.112997 W=0.451934 mAh_cumul=11.0905 Wh_cumul=0.0443563 
t=235 V=3.99953 A=0.112654 W=0.450563 mAh_cumul=11.1218 Wh_cumul=0.0444815 
t=236 V=3.99954 A=0.112759 W=0.450984 mAh_cumul=11.1532 Wh_cumul=0.0446067 
t=237 V=3.99952 A=0.112228 W=0.448858 mAh_cumul=11.1843 Wh_cumul=0.0447314 
t=238 V=3.99957 A=0.111883 W=0.447484 mAh_cumul=11.2154 Wh_cumul=0.0448557 
t=239 V=3.99951 A=0.110846 W=0.44333 mAh_cumul=11.2462 Wh_cumul=0.0449789 
t=240 V=3.99951 A=0.110742 W=0.442914 mAh_cumul=11.277 Wh_cumul=0.0451019 
t=241 V=3.99951 A=0.110711 W=0.44279 mAh_cumul=11.3077 Wh_cumul=0.0452249 
t=242 V=3.99952 A=0.110696 W=0.442731 mAh_cumul=11.3385 Wh_cumul=0.0453479 
t=243 V=3.99952 A=0.110779 W=0.443063 mAh_cumul=11.3692 Wh_cumul=0.0454709 
t=244 V=3.99952 A=0.110096 W=0.440331 mAh_cumul=11.3998 Wh_cumul=0.0455933 
t=245 V=3.99953 A=0.109846 W=0.439332 mAh_cumul=11.4303 Wh_cumul=0.0457153 
t=246 V=3.99953 A=0.109734 W=0.438884 mAh_cumul=11.4608 Wh_cumul=0.0458372 
t=247 V=3.99954 A=0.10926 W=0.43699 mAh_cumul=11.4912 Wh_cumul=0.0459586 
t=248 V=3.99949 A=0.108691 W=0.434709 mAh_cumul=11.5214 Wh_cumul=0.0460793 
t=249 V=3.99952 A=0.108383 W=0.43348 mAh_cumul=11.5515 Wh_cumul=0.0461998 
t=250 V=3.99951 A=0.108449 W=0.433743 mAh_cumul=11.5816 Wh_cumul=0.0463202 
t=251 V=3.99952 A=0.107967 W=0.431816 mAh_cumul=11.6116 Wh_cumul=0.0464402 
t=252 V=3.99954 A=0.107069 W=0.428227 mAh_cumul=11.6413 Wh_cumul=0.0465591 
t=253 V=3.99951 A=0.106944 W=0.427724 mAh_cumul=11.671 Wh_cumul=0.046678 
t=254 V=3.99953 A=0.106923 W=0.427642 mAh_cumul=11.7007 Wh_cumul=0.0467967 
t=255 V=3.99951 A=0.106099 W=0.424344 mAh_cumul=11.7302 Wh_cumul=0.0469146 
t=256 V=3.99947 A=0.105874 W=0.42344 mAh_cumul=11.7596 Wh_cumul=0.0470322 
t=257 V=3.99949 A=0.105911 W=0.42359 mAh_cumul=11.789 Wh_cumul=0.0471499 
t=258 V=3.99952 A=0.106056 W=0.424173 mAh_cumul=11.8185 Wh_cumul=0.0472677 
t=259 V=3.99952 A=0.106027 W=0.424057 mAh_cumul=11.8479 Wh_cumul=0.0473855 
t=260 V=3.99953 A=0.105835 W=0.42329 mAh_cumul=11.8773 Wh_cumul=0.0475031 
t=261 V=3.99951 A=0.105737 W=0.422896 mAh_cumul=11.9067 Wh_cumul=0.0476206 
t=262 V=3.99954 A=0.105734 W=0.422887 mAh_cumul=11.9361 Wh_cumul=0.047738 
t=263 V=3.99953 A=0.105096 W=0.420335 mAh_cumul=11.9653 Wh_cumul=0.0478548 
t=264 V=3.99951 A=0.104546 W=0.418133 mAh_cumul=11.9943 Wh_cumul=0.047971 
t=265 V=3.99953 A=0.104025 W=0.416051 mAh_cumul=12.0232 Wh_cumul=0.0480865 
t=266 V=3.99951 A=0.103648 W=0.414541 mAh_cumul=12.052 Wh_cumul=0.0482017 
t=267 V=3.99952 A=0.103175 W=0.41265 mAh_cumul=12.0807 Wh_cumul=0.0483163 
t=268 V=3.99951 A=0.102925 W=0.41165 mAh_cumul=12.1092 Wh_cumul=0.0484306 
t=269 V=3.99945 A=0.102104 W=0.40836 mAh_cumul=12.1376 Wh_cumul=0.0485441 
t=270 V=3.99949 A=0.101755 W=0.406968 mAh_cumul=12.1659 Wh_cumul=0.0486571 
t=271 V=3.99947 A=0.101551 W=0.40615 mAh_cumul=12.1941 Wh_cumul=0.0487699 
t=272 V=3.99948 A=0.101715 W=0.406807 mAh_cumul=12.2223 Wh_cumul=0.0488829 
t=273 V=3.9995 A=0.101692 W=0.406717 mAh_cumul=12.2506 Wh_cumul=0.0489959 
t=274 V=3.99949 A=0.102059 W=0.408184 mAh_cumul=12.2789 Wh_cumul=0.0491093 
t=275 V=3.99951 A=0.101685 W=0.40669 mAh_cumul=12.3072 Wh_cumul=0.0492223 
t=276 V=3.99952 A=0.101415 W=0.405611 mAh_cumul=12.3354 Wh_cumul=0.0493349 
t=277 V=3.9995 A=0.101034 W=0.404085 mAh_cumul=12.3634 Wh_cumul=0.0494472 
t=278 V=3.99948 A=0.100609 W=0.402384 mAh_cumul=12.3914 Wh_cumul=0.049559 
t=279 V=3.99946 A=0.100467 W=0.401814 mAh_cumul=12.4193 Wh_cumul=0.0496706 
t=280 V=3.9995 A=0.100539 W=0.402106 mAh_cumul=12.4472 Wh_cumul=0.0497823 
t=281 V=3.9995 A=0.100555 W=0.40217 mAh_cumul=12.4751 Wh_cumul=0.049894 
t=282 V=3.99948 A=0.10002 W=0.400028 mAh_cumul=12.5029 Wh_cumul=0.0500051 
t=283 V=3.99952 A=0.0994477 W=0.397743 mAh_cumul=12.5305 Wh_cumul=0.0501156 
t=284 V=3.99951 A=0.0992203 W=0.396833 mAh_cumul=12.5581 Wh_cumul=0.0502258 
t=285 V=3.99951 A=0.0993198 W=0.397231 mAh_cumul=12.5857 Wh_cumul=0.0503362 
t=286 V=3.99949 A=0.0989867 W=0.395896 mAh_cumul=12.6132 Wh_cumul=0.0504461 
t=287 V=3.99952 A=0.0988751 W=0.395453 mAh_cumul=12.6407 Wh_cumul=0.050556 
t=288 V=3.99951 A=0.0988493 W=0.395349 mAh_cumul=12.6681 Wh_cumul=0.0506658 
t=289 V=3.99953 A=0.0984559 W=0.393777 mAh_cumul=12.6955 Wh_cumul=0.0507752 
t=290 V=3.99953 A=0.0984861 W=0.393898 mAh_cumul=12.7228 Wh_cumul=0.0508846 
t=291 V=3.99949 A=0.0979939 W=0.391926 mAh_cumul=12.75 Wh_cumul=0.0509935 
t=292 V=3.9995 A=0.0971392 W=0.388508 mAh_cumul=12.777 Wh_cumul=0.0511014 
t=293 V=3.99947 A=0.0962884 W=0.385103 mAh_cumul=12.8038 Wh_cumul=0.0512084 
t=294 V=3.99949 A=0.0963802 W=0.385472 mAh_cumul=12.8305 Wh_cumul=0.0513154 
t=295 V=3.99949 A=0.0964208 W=0.385634 mAh_cumul=12.8573 Wh_cumul=0.0514226 
t=296 V=3.9995 A=0.0963923 W=0.385521 mAh_cumul=12.8841 Wh_cumul=0.0515297 
t=297 V=3.99949 A=0.09574 W=0.382911 mAh_cumul=12.9107 Wh_cumul=0.051636 
t=298 V=3.9995 A=0.0955181 W=0.382025 mAh_cumul=12.9372 Wh_cumul=0.0517421 
t=299 V=3.9995 A=0.0959635 W=0.383806 mAh_cumul=12.9639 Wh_cumul=0.0518487 
t=300 V=3.9995 A=0.0952642 W=0.381009 mAh_cumul=12.9903 Wh_cumul=0.0519546 
t=301 V=3.99945 A=0.0946062 W=0.378373 mAh_cumul=13.0166 Wh_cumul=0.0520597 
t=302 V=3.99947 A=0.0947455 W=0.378932 mAh_cumul=13.0429 Wh_cumul=0.0521649 
t=303 V=3.99948 A=0.0949364 W=0.379696 mAh_cumul=13.0693 Wh_cumul=0.0522704 
t=304 V=3.99947 A=0.0942433 W=0.376923 mAh_cumul=13.0955 Wh_cumul=0.0523751 
t=305 V=3.99948 A=0.0944237 W=0.377646 mAh_cumul=13.1217 Wh_cumul=0.05248 
t=306 V=3.99951 A=0.0949066 W=0.37958 mAh_cumul=13.1481 Wh_cumul=0.0525855 
t=307 V=3.99952 A=0.0951999 W=0.380754 mAh_cumul=13.1745 Wh_cumul=0.0526912 
t=308 V=3.99953 A=0.0949875 W=0.379905 mAh_cumul=13.2009 Wh_cumul=0.0527968 
t=309 V=3.99955 A=0.094179 W=0.376674 mAh_cumul=13.2271 Wh_cumul=0.0529014 
t=310 V=3.99951 A=0.0937318 W=0.374881 mAh_cumul=13.2531 Wh_cumul=0.0530055 
t=311 V=3.99949 A=0.0930707 W=0.372235 mAh_cumul=13.279 Wh_cumul=0.0531089 
t=312 V=3.99948 A=0.0926465 W=0.370538 mAh_cumul=13.3047 Wh_cumul=0.0532118 
t=313 V=3.99949 A=0.092283 W=0.369085 mAh_cumul=13.3303 Wh_cumul=0.0533144 
t=314 V=3.9995 A=0.0923903 W=0.369515 mAh_cumul=13.356 Wh_cumul=0.053417 
t=315 V=3.99953 A=0.0919765 W=0.367863 mAh_cumul=13.3815 Wh_cumul=0.0535192 
t=316 V=3.99952 A=0.0921568 W=0.368583 mAh_cumul=13.4071 Wh_cumul=0.0536216 
t=317 V=3.99951 A=0.0924695 W=0.369833 mAh_cumul=13.4328 Wh_cumul=0.0537243 
t=318 V=3.99948 A=0.0922409 W=0.368916 mAh_cumul=13.4585 Wh_cumul=0.0538268 
t=319 V=3.99954 A=0.0923775 W=0.369468 mAh_cumul=13.4841 Wh_cumul=0.0539294 
t=320 V=3.9995 A=0.0921278 W=0.368465 mAh_cumul=13.5097 Wh_cumul=0.0540318 
t=321 V=3.99955 A=0.0924856 W=0.369901 mAh_cumul=13.5354 Wh_cumul=0.0541345 
t=322 V=3.99953 A=0.0919524 W=0.367766 mAh_cumul=13.5609 Wh_cumul=0.0542367 
t=323 V=3.99957 A=0.0917025 W=0.366771 mAh_cumul=13.5864 Wh_cumul=0.0543386 
t=324 V=3.99953 A=0.0912959 W=0.365141 mAh_cumul=13.6118 Wh_cumul=0.05444 
t=325 V=3.99952 A=0.0912704 W=0.365038 mAh_cumul=13.6371 Wh_cumul=0.0545414 
t=326 V=3.99954 A=0.0909534 W=0.363772 mAh_cumul=13.6624 Wh_cumul=0.0546424 
t=327 V=3.99955 A=0.0907844 W=0.363097 mAh_cumul=13.6876 Wh_cumul=0.0547433 
t=328 V=3.99953 A=0.0902914 W=0.361123 mAh_cumul=13.7127 Wh_cumul=0.0548436 
t=329 V=3.99953 A=0.0898036 W=0.359172 mAh_cumul=13.7376 Wh_cumul=0.0549434 
t=330 V=3.99948 A=0.0892139 W=0.356809 mAh_cumul=13.7624 Wh_cumul=0.0550425 
t=331 V=3.99951 A=0.0888533 W=0.35537 mAh_cumul=13.7871 Wh_cumul=0.0551412 
t=332 V=3.9995 A=0.0890797 W=0.356274 mAh_cumul=13.8118 Wh_cumul=0.0552402 
t=333 V=3.99954 A=0.089303 W=0.357171 mAh_cumul=13.8366 Wh_cumul=0.0553394 
t=334 V=3.99951 A=0.0884624 W=0.353806 mAh_cumul=13.8612 Wh_cumul=0.0554377 
t=335 V=3.99952 A=0.0883316 W=0.353284 mAh_cumul=13.8858 Wh_cumul=0.0555358 
t=336 V=3.9995 A=0.0882427 W=0.352927 mAh_cumul=13.9103 Wh_cumul=0.0556338 
t=337 V=3.99954 A=0.0885482 W=0.354152 mAh_cumul=13.9349 Wh_cumul=0.0557322 
t=338 V=3.99956 A=0.088223 W=0.352853 mAh_cumul=13.9594 Wh_cumul=0.0558302 
t=339 V=3.99954 A=0.0886577 W=0.35459 mAh_cumul=13.984 Wh_cumul=0.0559287 
t=340 V=3.99957 A=0.0885226 W=0.354052 mAh_cumul=14.0086 Wh_cumul=0.0560271 
t=341 V=3.99956 A=0.088179 W=0.352677 mAh_cumul=14.0331 Wh_cumul=0.056125 
t=342 V=3.99953 A=0.0876219 W=0.350446 mAh_cumul=14.0574 Wh_cumul=0.0562224 
t=343 V=3.99951 A=0.0867324 W=0.346887 mAh_cumul=14.0815 Wh_cumul=0.0563187 
t=344 V=3.99951 A=0.085774 W=0.343054 mAh_cumul=14.1053 Wh_cumul=0.056414 
t=345 V=3.9995 A=0.0851315 W=0.340483 mAh_cumul=14.129 Wh_cumul=0.0565086 
t=346 V=3.99952 A=0.0852972 W=0.341148 mAh_cumul=14.1527 Wh_cumul=0.0566034 
t=347 V=3.99949 A=0.0857772 W=0.343065 mAh_cumul=14.1765 Wh_cumul=0.0566987 
t=348 V=3.99952 A=0.0859014 W=0.343564 mAh_cumul=14.2004 Wh_cumul=0.0567941 
t=349 V=3.99951 A=0.085508 W=0.34199 mAh_cumul=14.2241 Wh_cumul=0.0568891 
t=350 V=3.9995 A=0.0850319 W=0.340085 mAh_cumul=14.2477 Wh_cumul=0.0569836 
t=351 V=3.99951 A=0.0844528 W=0.33777 mAh_cumul=14.2712 Wh_cumul=0.0570774 
t=352 V=3.9995 A=0.0838175 W=0.335228 mAh_cumul=14.2945 Wh_cumul=0.0571705 
t=353 V=3.99947 A=0.0830618 W=0.332203 mAh_cumul=14.3176 Wh_cumul=0.0572628 
t=354 V=3.99948 A=0.083106 W=0.332381 mAh_cumul=14.3406 Wh_cumul=0.0573551 
t=355 V=3.99946 A=0.0827603 W=0.330997 mAh_cumul=14.3636 Wh_cumul=0.0574471 
t=356 V=3.99947 A=0.0828597 W=0.331395 mAh_cumul=14.3866 Wh_cumul=0.0575391 
t=357 V=3.99946 A=0.0830254 W=0.332057 mAh_cumul=14.4097 Wh_cumul=0.0576313 
t=358 V=3.99947 A=0.0826144 W=0.330414 mAh_cumul=14.4327 Wh_cumul=0.0577231 
t=359 V=3.99947 A=0.0824058 W=0.32958 mAh_cumul=14.4555 Wh_cumul=0.0578147 
t=360 V=3.99945 A=0.081995 W=0.327935 mAh_cumul=14.4783 Wh_cumul=0.0579058 
t=361 V=3.99947 A=0.082293 W=0.329128 mAh_cumul=14.5012 Wh_cumul=0.0579972 
t=362 V=3.99946 A=0.0823451 W=0.329336 mAh_cumul=14.5241 Wh_cumul=0.0580887 
t=363 V=3.9995 A=0.0823181 W=0.329231 mAh_cumul=14.5469 Wh_cumul=0.0581801 
t=364 V=3.9995 A=0.0817647 W=0.327018 mAh_cumul=14.5696 Wh_cumul=0.058271 
t=365 V=3.99949 A=0.0815094 W=0.325996 mAh_cumul=14.5923 Wh_cumul=0.0583615 
t=366 V=3.99949 A=0.0815848 W=0.326298 mAh_cumul=14.6149 Wh_cumul=0.0584522 
t=367 V=3.99954 A=0.082035 W=0.328102 mAh_cumul=14.6377 Wh_cumul=0.0585433 
t=368 V=3.99953 A=0.0819553 W=0.327783 mAh_cumul=14.6605 Wh_cumul=0.0586344 
t=369 V=3.99952 A=0.0817753 W=0.327062 mAh_cumul=14.6832 Wh_cumul=0.0587252 
t=370 V=3.99952 A=0.0812722 W=0.32505 mAh_cumul=14.7058 Wh_cumul=0.0588155 
t=371 V=3.9995 A=0.081154 W=0.324575 mAh_cumul=14.7283 Wh_cumul=0.0589057 
t=372 V=3.9995 A=0.0811499 W=0.324559 mAh_cumul=14.7509 Wh_cumul=0.0589958 
t=373 V=3.99951 A=0.0809386 W=0.323715 mAh_cumul=14.7734 Wh_cumul=0.0590857 
t=374 V=3.99951 A=0.0805327 W=0.322091 mAh_cumul=14.7957 Wh_cumul=0.0591752 
t=375 V=3.99949 A=0.0800916 W=0.320326 mAh_cumul=14.818 Wh_cumul=0.0592642 
t=376 V=3.99948 A=0.0798851 W=0.319499 mAh_cumul=14.8402 Wh_cumul=0.0593529 
t=377 V=3.99948 A=0.0795759 W=0.318262 mAh_cumul=14.8623 Wh_cumul=0.0594413 
t=378 V=3.99946 A=0.0792743 W=0.317054 mAh_cumul=14.8843 Wh_cumul=0.0595294 
t=379 V=3.99946 A=0.0792338 W=0.316892 mAh_cumul=14.9063 Wh_cumul=0.0596174 
t=380 V=3.99948 A=0.0791374 W=0.316508 mAh_cumul=14.9283 Wh_cumul=0.0597054 
t=381 V=3.99949 A=0.0789363 W=0.315705 mAh_cumul=14.9502 Wh_cumul=0.059793 
t=382 V=3.99949 A=0.0784484 W=0.313754 mAh_cumul=14.972 Wh_cumul=0.0598802 
t=383 V=3.99948 A=0.0786492 W=0.314556 mAh_cumul=14.9938 Wh_cumul=0.0599676 
t=384 V=3.99948 A=0.0780229 W=0.312051 mAh_cumul=15.0155 Wh_cumul=0.0600543 
t=385 V=3.99942 A=0.0778681 W=0.311427 mAh_cumul=15.0371 Wh_cumul=0.0601408 
t=386 V=3.9995 A=0.0782844 W=0.313098 mAh_cumul=15.0589 Wh_cumul=0.0602277 
t=387 V=3.99947 A=0.0781053 W=0.31238 mAh_cumul=15.0806 Wh_cumul=0.0603145 
t=388 V=3.99948 A=0.0777249 W=0.310859 mAh_cumul=15.1022 Wh_cumul=0.0604009 
t=389 V=3.99946 A=0.077341 W=0.309322 mAh_cumul=15.1237 Wh_cumul=0.0604868 
t=390 V=3.9995 A=0.0780343 W=0.312098 mAh_cumul=15.1453 Wh_cumul=0.0605735 
t=391 V=3.99951 A=0.0780849 W=0.312301 mAh_cumul=15.167 Wh_cumul=0.0606602 
t=392 V=3.99954 A=0.0772276 W=0.308875 mAh_cumul=15.1885 Wh_cumul=0.060746 
t=393 V=3.99949 A=0.0775345 W=0.310098 mAh_cumul=15.21 Wh_cumul=0.0608322 
t=394 V=3.99947 A=0.0769783 W=0.307872 mAh_cumul=15.2314 Wh_cumul=0.0609177 
t=395 V=3.99947 A=0.0764995 W=0.305957 mAh_cumul=15.2526 Wh_cumul=0.0610027 
t=396 V=3.99949 A=0.0770268 W=0.308068 mAh_cumul=15.274 Wh_cumul=0.0610882 
t=397 V=3.9995 A=0.0769397 W=0.30772 mAh_cumul=15.2954 Wh_cumul=0.0611737 
t=398 V=3.99951 A=0.0769515 W=0.307768 mAh_cumul=15.3168 Wh_cumul=0.0612592 
t=399 V=3.99951 A=0.0772054 W=0.308784 mAh_cumul=15.3382 Wh_cumul=0.061345 
t=400 V=3.99952 A=0.0770406 W=0.308125 mAh_cumul=15.3596 Wh_cumul=0.0614306 
t=401 V=3.99954 A=0.0767159 W=0.306828 mAh_cumul=15.3809 Wh_cumul=0.0615158 
t=402 V=3.99952 A=0.0765618 W=0.30621 mAh_cumul=15.4022 Wh_cumul=0.0616009 
t=403 V=3.99952 A=0.0755866 W=0.30231 mAh_cumul=15.4232 Wh_cumul=0.0616848 
t=404 V=3.99951 A=0.0750131 W=0.300016 mAh_cumul=15.444 Wh_cumul=0.0617682 
t=405 V=3.99949 A=0.0751564 W=0.300587 mAh_cumul=15.4649 Wh_cumul=0.0618517 
t=406 V=3.99952 A=0.0747891 W=0.299121 mAh_cumul=15.4857 Wh_cumul=0.0619348 
t=407 V=3.9995 A=0.0743829 W=0.297494 mAh_cumul=15.5064 Wh_cumul=0.0620174 
t=408 V=3.99951 A=0.0742111 W=0.296808 mAh_cumul=15.527 Wh_cumul=0.0620999 
t=409 V=3.99952 A=0.0745717 W=0.298251 mAh_cumul=15.5477 Wh_cumul=0.0621827 
t=410 V=3.99951 A=0.0745448 W=0.298143 mAh_cumul=15.5684 Wh_cumul=0.0622655 
t=411 V=3.9995 A=0.0744014 W=0.297568 mAh_cumul=15.5891 Wh_cumul=0.0623482 
t=412 V=3.99949 A=0.0739955 W=0.295944 mAh_cumul=15.6096 Wh_cumul=0.0624304 
t=413 V=3.9995 A=0.0741818 W=0.29669 mAh_cumul=15.6302 Wh_cumul=0.0625128 
t=414 V=3.99951 A=0.074033 W=0.296096 mAh_cumul=15.6508 Wh_cumul=0.062595 
t=415 V=3.99949 A=0.0743522 W=0.297371 mAh_cumul=15.6714 Wh_cumul=0.0626776 
t=416 V=3.99954 A=0.0743815 W=0.297492 mAh_cumul=15.6921 Wh_cumul=0.0627603 
t=417 V=3.99952 A=0.0742361 W=0.296909 mAh_cumul=15.7127 Wh_cumul=0.0628428 
t=418 V=3.99955 A=0.0736785 W=0.294681 mAh_cumul=15.7332 Wh_cumul=0.0629246 
t=419 V=3.99951 A=0.0737249 W=0.294863 mAh_cumul=15.7537 Wh_cumul=0.0630065 
t=420 V=3.99954 A=0.0740458 W=0.296149 mAh_cumul=15.7742 Wh_cumul=0.0630888 
t=421 V=3.99953 A=0.073261 W=0.29301 mAh_cumul=15.7946 Wh_cumul=0.0631702 
t=422 V=3.99953 A=0.0725789 W=0.290281 mAh_cumul=15.8147 Wh_cumul=0.0632508 
t=423 V=3.9995 A=0.0720827 W=0.288295 mAh_cumul=15.8348 Wh_cumul=0.0633309 
END

