0 errors cleared
t=0 V=3.58689 A=0.00829414 W=0.0297502 mAh_cumul=0 Wh_cumul=0 
t=2 V=3.58686 A=0.00828364 W=0.0297123 mAh_cumul=0.00460202 Wh_cumul=1.65068e-05 
t=3 V=3.59854 A=0.31005 W=1.11573 mAh_cumul=0.090727 Wh_cumul=0.000326431 
t=4 V=3.59852 A=0.294658 W=1.06033 mAh_cumul=0.172576 Wh_cumul=0.000620968 
t=5 V=3.59855 A=0.28427 W=1.02296 mAh_cumul=0.25154 Wh_cumul=0.000905123 
t=6 V=3.59851 A=0.275673 W=0.992012 mAh_cumul=0.328116 Wh_cumul=0.00118068 
t=7 V=3.59852 A=0.268033 W=0.964522 mAh_cumul=0.40257 Wh_cumul=0.00144861 
t=8 V=3.59852 A=0.261237 W=0.940067 mAh_cumul=0.475136 Wh_cumul=0.00170973 
t=9 V=3.59849 A=0.256524 W=0.923099 mAh_cumul=0.546392 Wh_cumul=0.00196615 
t=10 V=3.59851 A=0.251497 W=0.905014 mAh_cumul=0.616253 Wh_cumul=0.00221754 
t=11 V=3.59851 A=0.2463 W=0.886313 mAh_cumul=0.684669 Wh_cumul=0.00246374 
t=12 V=3.59851 A=0.241848 W=0.870292 mAh_cumul=0.751849 Wh_cumul=0.00270549 
t=13 V=3.59852 A=0.237916 W=0.856145 mAh_cumul=0.817937 Wh_cumul=0.00294331 
t=14 V=3.59853 A=0.233676 W=0.84089 mAh_cumul=0.882847 Wh_cumul=0.00317689 
t=15 V=3.59853 A=0.22983 W=0.82705 mAh_cumul=0.946689 Wh_cumul=0.00340662 
t=16 V=3.59853 A=0.226238 W=0.814124 mAh_cumul=1.00953 Wh_cumul=0.00363277 
t=17 V=3.59854 A=0.22246 W=0.800531 mAh_cumul=1.07133 Wh_cumul=0.00385514 
t=18 V=3.59852 A=0.219377 W=0.789433 mAh_cumul=1.13227 Wh_cumul=0.00407443 
t=19 V=3.59851 A=0.215486 W=0.775429 mAh_cumul=1.19212 Wh_cumul=0.00428982 
t=20 V=3.59853 A=0.212707 W=0.765433 mAh_cumul=1.25121 Wh_cumul=0.00450244 
t=21 V=3.59852 A=0.209957 W=0.755534 mAh_cumul=1.30953 Wh_cumul=0.00471231 
t=22 V=3.59852 A=0.207354 W=0.746168 mAh_cumul=1.36713 Wh_cumul=0.00491958 
t=23 V=3.59853 A=0.204975 W=0.737609 mAh_cumul=1.42406 Wh_cumul=0.00512447 
t=24 V=3.5985 A=0.202418 W=0.728401 mAh_cumul=1.48029 Wh_cumul=0.00532681 
t=25 V=3.59851 A=0.200015 W=0.719756 mAh_cumul=1.53585 Wh_cumul=0.00552674 
t=26 V=3.59851 A=0.197995 W=0.712487 mAh_cumul=1.59085 Wh_cumul=0.00572465 
t=27 V=3.59851 A=0.196027 W=0.705405 mAh_cumul=1.6453 Wh_cumul=0.0059206 
t=28 V=3.59852 A=0.193705 W=0.697051 mAh_cumul=1.69911 Wh_cumul=0.00611423 
t=29 V=3.59853 A=0.191572 W=0.689378 mAh_cumul=1.75232 Wh_cumul=0.00630572 
t=30 V=3.59851 A=0.189845 W=0.683159 mAh_cumul=1.80506 Wh_cumul=0.00649549 
t=31 V=3.59853 A=0.187722 W=0.675523 mAh_cumul=1.8572 Wh_cumul=0.00668313 
t=32 V=3.5985 A=0.186061 W=0.669541 mAh_cumul=1.90889 Wh_cumul=0.00686911 
t=33 V=3.59855 A=0.184428 W=0.663673 mAh_cumul=1.96012 Wh_cumul=0.00705347 
t=34 V=3.59854 A=0.182851 W=0.657997 mAh_cumul=2.01091 Wh_cumul=0.00723624 
t=35 V=3.59852 A=0.180728 W=0.650353 mAh_cumul=2.06111 Wh_cumul=0.0074169 
t=36 V=3.59855 A=0.179406 W=0.645601 mAh_cumul=2.11095 Wh_cumul=0.00759623 
t=37 V=3.59857 A=0.177681 W=0.639398 mAh_cumul=2.1603 Wh_cumul=0.00777384 
t=38 V=3.59856 A=0.17599 W=0.633311 mAh_cumul=2.20919 Wh_cumul=0.00794976 
t=39 V=3.59853 A=0.174327 W=0.627321 mAh_cumul=2.25761 Wh_cumul=0.00812402 
t=40 V=3.59853 A=0.172333 W=0.620145 mAh_cumul=2.30548 Wh_cumul=0.00829628 
t=41 V=3.59853 A=0.170915 W=0.615043 mAh_cumul=2.35296 Wh_cumul=0.00846713 
t=42 V=3.59854 A=0.169617 W=0.610374 mAh_cumul=2.40007 Wh_cumul=0.00863667 
t=43 V=3.59851 A=0.167654 W=0.603305 mAh_cumul=2.44665 Wh_cumul=0.00880426 
t=44 V=3.5985 A=0.166265 W=0.598305 mAh_cumul=2.49283 Wh_cumul=0.00897045 
t=45 V=3.59852 A=0.164828 W=0.593137 mAh_cumul=2.53862 Wh_cumul=0.00913521 
t=46 V=3.59852 A=0.163909 W=0.58983 mAh_cumul=2.58415 Wh_cumul=0.00929906 
t=47 V=3.59852 A=0.162627 W=0.585217 mAh_cumul=2.62932 Wh_cumul=0.00946162 
t=48 V=3.59848 A=0.161563 W=0.581381 mAh_cumul=2.6742 Wh_cumul=0.00962311 
t=49 V=3.59852 A=0.160878 W=0.578923 mAh_cumul=2.71889 Wh_cumul=0.00978392 
t=50 V=3.59851 A=0.159658 W=0.574531 mAh_cumul=2.76324 Wh_cumul=0.00994351 
t=51 V=3.59853 A=0.158873 W=0.571709 mAh_cumul=2.80737 Wh_cumul=0.0101023 
t=52 V=3.59853 A=0.157873 W=0.568111 mAh_cumul=2.85122 Wh_cumul=0.0102601 
t=53 V=3.59852 A=0.157123 W=0.56541 mAh_cumul=2.89487 Wh_cumul=0.0104172 
t=54 V=3.59853 A=0.155442 W=0.559363 mAh_cumul=2.93805 Wh_cumul=0.0105726 
t=55 V=3.59851 A=0.154125 W=0.55462 mAh_cumul=2.98086 Wh_cumul=0.0107266 
t=56 V=3.5985 A=0.153108 W=0.550959 mAh_cumul=3.02339 Wh_cumul=0.0108797 
t=57 V=3.59851 A=0.152151 W=0.547517 mAh_cumul=3.06565 Wh_cumul=0.0110318 
t=58 V=3.59847 A=0.150293 W=0.540825 mAh_cumul=3.1074 Wh_cumul=0.011182 
t=59 V=3.59847 A=0.148952 W=0.535999 mAh_cumul=3.14878 Wh_cumul=0.0113309 
t=60 V=3.59847 A=0.148065 W=0.532807 mAh_cumul=3.1899 Wh_cumul=0.0114789 
t=61 V=3.59845 A=0.147347 W=0.530221 mAh_cumul=3.23083 Wh_cumul=0.0116262 
t=62 V=3.59847 A=0.146786 W=0.528205 mAh_cumul=3.27161 Wh_cumul=0.0117729 
t=63 V=3.59853 A=0.14655 W=0.527365 mAh_cumul=3.31232 Wh_cumul=0.0119194 
t=64 V=3.59851 A=0.146335 W=0.526588 mAh_cumul=3.35297 Wh_cumul=0.0120657 
t=65 V=3.5985 A=0.144866 W=0.5213 mAh_cumul=3.39321 Wh_cumul=0.0122105 
t=66 V=3.59851 A=0.144208 W=0.518934 mAh_cumul=3.43326 Wh_cumul=0.0123546 
t=67 V=3.5985 A=0.143145 W=0.515107 mAh_cumul=3.47303 Wh_cumul=0.0124977 
t=68 V=3.59849 A=0.142406 W=0.512447 mAh_cumul=3.51258 Wh_cumul=0.01264 
t=69 V=3.5985 A=0.141597 W=0.509537 mAh_cumul=3.55192 Wh_cumul=0.0127816 
t=70 V=3.5985 A=0.140816 W=0.506726 mAh_cumul=3.59103 Wh_cumul=0.0129223 
t=71 V=3.59851 A=0.140513 W=0.505637 mAh_cumul=3.63006 Wh_cumul=0.0130628 
t=72 V=3.59852 A=0.140028 W=0.503894 mAh_cumul=3.66896 Wh_cumul=0.0132028 
t=73 V=3.59851 A=0.139024 W=0.500279 mAh_cumul=3.70758 Wh_cumul=0.0133417 
t=74 V=3.59852 A=0.138401 W=0.498039 mAh_cumul=3.74602 Wh_cumul=0.0134801 
t=75 V=3.59851 A=0.138068 W=0.496839 mAh_cumul=3.78437 Wh_cumul=0.0136181 
t=76 V=3.59854 A=0.137382 W=0.494375 mAh_cumul=3.82254 Wh_cumul=0.0137554 
t=77 V=3.59854 A=0.137121 W=0.493435 mAh_cumul=3.86062 Wh_cumul=0.0138925 
t=78 V=3.59852 A=0.136405 W=0.490856 mAh_cumul=3.89852 Wh_cumul=0.0140288 
t=79 V=3.59857 A=0.135751 W=0.488509 mAh_cumul=3.93622 Wh_cumul=0.0141645 
t=80 V=3.59852 A=0.134846 W=0.485246 mAh_cumul=3.97368 Wh_cumul=0.0142993 
t=81 V=3.59852 A=0.134149 W=0.482738 mAh_cumul=4.01094 Wh_cumul=0.0144334 
t=82 V=3.59853 A=0.133614 W=0.480814 mAh_cumul=4.04806 Wh_cumul=0.014567 
t=83 V=3.59854 A=0.132993 W=0.478581 mAh_cumul=4.085 Wh_cumul=0.0146999 
t=84 V=3.59852 A=0.132505 W=0.476822 mAh_cumul=4.12181 Wh_cumul=0.0148324 
t=85 V=3.59856 A=0.132184 W=0.475672 mAh_cumul=4.15853 Wh_cumul=0.0149645 
t=86 V=3.59854 A=0.13159 W=0.473532 mAh_cumul=4.19508 Wh_cumul=0.015096 
t=87 V=3.59857 A=0.131107 W=0.471798 mAh_cumul=4.2315 Wh_cumul=0.0152271 
t=88 V=3.59857 A=0.130392 W=0.469225 mAh_cumul=4.26772 Wh_cumul=0.0153574 
t=89 V=3.59856 A=0.129919 W=0.467521 mAh_cumul=4.30381 Wh_cumul=0.0154873 
t=90 V=3.59856 A=0.129455 W=0.465852 mAh_cumul=4.33977 Wh_cumul=0.0156167 
t=91 V=3.59856 A=0.12881 W=0.463531 mAh_cumul=4.37555 Wh_cumul=0.0157454 
t=92 V=3.59854 A=0.128035 W=0.460739 mAh_cumul=4.41111 Wh_cumul=0.0158734 
t=93 V=3.59855 A=0.127446 W=0.458621 mAh_cumul=4.44651 Wh_cumul=0.0160008 
t=94 V=3.59855 A=0.127111 W=0.457415 mAh_cumul=4.48182 Wh_cumul=0.0161279 
t=95 V=3.59854 A=0.12606 W=0.453632 mAh_cumul=4.51684 Wh_cumul=0.0162539 
t=96 V=3.59854 A=0.12553 W=0.451725 mAh_cumul=4.55171 Wh_cumul=0.0163794 
t=97 V=3.5985 A=0.125263 W=0.450759 mAh_cumul=4.5865 Wh_cumul=0.0165046 
t=98 V=3.59851 A=0.124575 W=0.448284 mAh_cumul=4.62111 Wh_cumul=0.0166291 
t=99 V=3.59853 A=0.123994 W=0.446196 mAh_cumul=4.65555 Wh_cumul=0.016753 
t=100 V=3.59849 A=0.123008 W=0.442643 mAh_cumul=4.68972 Wh_cumul=0.016876 
t=101 V=3.59851 A=0.122475 W=0.440728 mAh_cumul=4.72374 Wh_cumul=0.0169984 
t=102 V=3.5985 A=0.1222 W=0.439737 mAh_cumul=4.75769 Wh_cumul=0.0171206 
t=103 V=3.59851 A=0.121802 W=0.438306 mAh_cumul=4.79152 Wh_cumul=0.0172423 
t=104 V=3.59851 A=0.12146 W=0.437075 mAh_cumul=4.82526 Wh_cumul=0.0173637 
t=105 V=3.59852 A=0.121361 W=0.43672 mAh_cumul=4.85897 Wh_cumul=0.017485 
t=106 V=3.59851 A=0.121195 W=0.436121 mAh_cumul=4.89263 Wh_cumul=0.0176062 
t=107 V=3.59848 A=0.120161 W=0.432397 mAh_cumul=4.92601 Wh_cumul=0.0177263 
t=108 V=3.59853 A=0.120437 W=0.433396 mAh_cumul=4.95947 Wh_cumul=0.0178467 
t=109 V=3.59852 A=0.120275 W=0.432812 mAh_cumul=4.99288 Wh_cumul=0.0179669 
t=110 V=3.59855 A=0.119629 W=0.430491 mAh_cumul=5.02611 Wh_cumul=0.0180865 
t=111 V=3.59851 A=0.118817 W=0.427564 mAh_cumul=5.05911 Wh_cumul=0.0182053 
t=112 V=3.59852 A=0.118132 W=0.4251 mAh_cumul=5.09193 Wh_cumul=0.0183233 
t=113 V=3.59851 A=0.117912 W=0.424308 mAh_cumul=5.12468 Wh_cumul=0.0184412 
t=114 V=3.59852 A=0.117897 W=0.424255 mAh_cumul=5.15743 Wh_cumul=0.0185591 
t=115 V=3.59851 A=0.116931 W=0.420777 mAh_cumul=5.18991 Wh_cumul=0.0186759 
t=116 V=3.59849 A=0.117082 W=0.421318 mAh_cumul=5.22243 Wh_cumul=0.018793 
t=117 V=3.59852 A=0.116629 W=0.419692 mAh_cumul=5.25483 Wh_cumul=0.0189096 
t=118 V=3.59852 A=0.115781 W=0.41664 mAh_cumul=5.28699 Wh_cumul=0.0190253 
t=119 V=3.59851 A=0.115311 W=0.414948 mAh_cumul=5.31902 Wh_cumul=0.0191406 
t=120 V=3.5985 A=0.115133 W=0.414306 mAh_cumul=5.351 Wh_cumul=0.0192556 
t=121 V=3.59851 A=0.114878 W=0.41339 mAh_cumul=5.38291 Wh_cumul=0.0193705 
t=122 V=3.59851 A=0.114742 W=0.4129 mAh_cumul=5.41479 Wh_cumul=0.0194852 
t=123 V=3.59854 A=0.114534 W=0.412155 mAh_cumul=5.4466 Wh_cumul=0.0195997 
t=124 V=3.5985 A=0.114102 W=0.410596 mAh_cumul=5.4783 Wh_cumul=0.0197137 
t=125 V=3.59853 A=0.114008 W=0.410261 mAh_cumul=5.50997 Wh_cumul=0.0198277 
t=126 V=3.59852 A=0.113139 W=0.407133 mAh_cumul=5.54139 Wh_cumul=0.0199408 
t=127 V=3.59852 A=0.112897 W=0.406262 mAh_cumul=5.57275 Wh_cumul=0.0200536 
t=128 V=3.59853 A=0.112495 W=0.404817 mAh_cumul=5.604 Wh_cumul=0.0201661 
t=129 V=3.59852 A=0.112084 W=0.403337 mAh_cumul=5.63514 Wh_cumul=0.0202781 
t=130 V=3.59853 A=0.11193 W=0.402783 mAh_cumul=5.66623 Wh_cumul=0.02039 
t=131 V=3.59853 A=0.111843 W=0.40247 mAh_cumul=5.6973 Wh_cumul=0.0205018 
t=132 V=3.59852 A=0.111192 W=0.400127 mAh_cumul=5.72818 Wh_cumul=0.0206129 
t=133 V=3.59852 A=0.110807 W=0.398741 mAh_cumul=5.75896 Wh_cumul=0.0207237 
t=134 V=3.59851 A=0.110218 W=0.396621 mAh_cumul=5.78958 Wh_cumul=0.0208339 
t=135 V=3.59849 A=0.109905 W=0.395492 mAh_cumul=5.82011 Wh_cumul=0.0209437 
t=136 V=3.59848 A=0.109525 W=0.394124 mAh_cumul=5.85053 Wh_cumul=0.0210532 
t=137 V=3.59851 A=0.10909 W=0.392561 mAh_cumul=5.88083 Wh_cumul=0.0211622 
t=138 V=3.5985 A=0.109176 W=0.39287 mAh_cumul=5.91116 Wh_cumul=0.0212714 
t=139 V=3.59852 A=0.108627 W=0.390896 mAh_cumul=5.94133 Wh_cumul=0.02138 
t=140 V=3.59849 A=0.108085 W=0.388943 mAh_cumul=5.97136 Wh_cumul=0.021488 
t=141 V=3.59849 A=0.107405 W=0.386496 mAh_cumul=6.00119 Wh_cumul=0.0215954 
t=142 V=3.59847 A=0.107203 W=0.385767 mAh_cumul=6.03097 Wh_cumul=0.0217025 
t=143 V=3.5985 A=0.106945 W=0.384842 mAh_cumul=6.06068 Wh_cumul=0.0218094 
t=144 V=3.59851 A=0.106425 W=0.382971 mAh_cumul=6.09024 Wh_cumul=0.0219158 
t=145 V=3.59849 A=0.106171 W=0.382055 mAh_cumul=6.11973 Wh_cumul=0.0220219 
t=146 V=3.5985 A=0.106114 W=0.381851 mAh_cumul=6.14921 Wh_cumul=0.022128 
t=147 V=3.59848 A=0.106033 W=0.381558 mAh_cumul=6.17866 Wh_cumul=0.022234 
t=148 V=3.59852 A=0.106119 W=0.381871 mAh_cumul=6.20814 Wh_cumul=0.0223401 
t=149 V=3.59853 A=0.106004 W=0.381459 mAh_cumul=6.23759 Wh_cumul=0.022446 
t=150 V=3.5985 A=0.105437 W=0.379415 mAh_cumul=6.26687 Wh_cumul=0.0225514 
t=151 V=3.5985 A=0.105039 W=0.377983 mAh_cumul=6.29605 Wh_cumul=0.0226564 
t=152 V=3.59854 A=0.104926 W=0.37758 mAh_cumul=6.3252 Wh_cumul=0.0227613 
t=153 V=3.59853 A=0.104387 W=0.37564 mAh_cumul=6.35419 Wh_cumul=0.0228656 
t=154 V=3.59852 A=0.103999 W=0.374242 mAh_cumul=6.38308 Wh_cumul=0.0229696 
t=155 V=3.5985 A=0.10374 W=0.373308 mAh_cumul=6.4119 Wh_cumul=0.0230733 
t=156 V=3.59849 A=0.103106 W=0.371026 mAh_cumul=6.44054 Wh_cumul=0.0231763 
t=157 V=3.59848 A=0.102881 W=0.370215 mAh_cumul=6.46912 Wh_cumul=0.0232792 
t=158 V=3.5985 A=0.102362 W=0.36835 mAh_cumul=6.49755 Wh_cumul=0.0233815 
t=159 V=3.59848 A=0.102447 W=0.368653 mAh_cumul=6.52601 Wh_cumul=0.0234839 
t=160 V=3.5985 A=0.102549 W=0.369023 mAh_cumul=6.55449 Wh_cumul=0.0235864 
t=161 V=3.5985 A=0.101935 W=0.366813 mAh_cumul=6.58281 Wh_cumul=0.0236883 
t=162 V=3.59846 A=0.101469 W=0.365132 mAh_cumul=6.611 Wh_cumul=0.0237897 
t=163 V=3.59851 A=0.101707 W=0.365994 mAh_cumul=6.63925 Wh_cumul=0.0238914 
t=164 V=3.5985 A=0.10175 W=0.366147 mAh_cumul=6.66751 Wh_cumul=0.0239931 
t=165 V=3.59855 A=0.101513 W=0.3653 mAh_cumul=6.69571 Wh_cumul=0.0240946 
t=166 V=3.5985 A=0.101133 W=0.363927 mAh_cumul=6.7238 Wh_cumul=0.0241957 
t=167 V=3.59852 A=0.100835 W=0.362857 mAh_cumul=6.75181 Wh_cumul=0.0242965 
t=168 V=3.59854 A=0.101228 W=0.364273 mAh_cumul=6.77993 Wh_cumul=0.0243976 
t=169 V=3.59853 A=0.100892 W=0.363063 mAh_cumul=6.80796 Wh_cumul=0.0244985 
t=170 V=3.59853 A=0.100401 W=0.361296 mAh_cumul=6.83585 Wh_cumul=0.0245989 
t=171 V=3.59849 A=0.0995518 W=0.358236 mAh_cumul=6.8635 Wh_cumul=0.0246984 
t=172 V=3.59846 A=0.0989769 W=0.356164 mAh_cumul=6.89099 Wh_cumul=0.0247973 
t=173 V=3.59848 A=0.0991859 W=0.356918 mAh_cumul=6.91854 Wh_cumul=0.0248964 
t=174 V=3.59851 A=0.0992842 W=0.357275 mAh_cumul=6.94612 Wh_cumul=0.0249957 
t=175 V=3.59849 A=0.0986685 W=0.355058 mAh_cumul=6.97353 Wh_cumul=0.0250943 
t=176 V=3.59849 A=0.0978181 W=0.351997 mAh_cumul=7.0007 Wh_cumul=0.0251921 
t=177 V=3.59851 A=0.0975311 W=0.350967 mAh_cumul=7.02779 Wh_cumul=0.0252896 
t=178 V=3.5985 A=0.0965798 W=0.347542 mAh_cumul=7.05462 Wh_cumul=0.0253861 
t=179 V=3.59844 A=0.0961691 W=0.346059 mAh_cumul=7.08134 Wh_cumul=0.0254823 
t=180 V=3.59849 A=0.0965606 W=0.347472 mAh_cumul=7.10816 Wh_cumul=0.0255788 
t=181 V=3.59849 A=0.095973 W=0.345358 mAh_cumul=7.13482 Wh_cumul=0.0256747 
t=182 V=3.59848 A=0.0966768 W=0.34789 mAh_cumul=7.16167 Wh_cumul=0.0257713 
t=183 V=3.59851 A=0.0961433 W=0.345973 mAh_cumul=7.18838 Wh_cumul=0.0258674 
t=184 V=3.59848 A=0.0963648 W=0.346767 mAh_cumul=7.21515 Wh_cumul=0.0259638 
t=185 V=3.59855 A=0.096271 W=0.346436 mAh_cumul=7.24189 Wh_cumul=0.02606 
t=186 V=3.59853 A=0.096244 W=0.346337 mAh_cumul=7.26862 Wh_cumul=0.0261562 
t=187 V=3.59853 A=0.0961077 W=0.345846 mAh_cumul=7.29532 Wh_cumul=0.0262523 
t=188 V=3.59852 A=0.0961643 W=0.346049 mAh_cumul=7.32203 Wh_cumul=0.0263484 
t=189 V=3.59855 A=0.0960348 W=0.345586 mAh_cumul=7.34871 Wh_cumul=0.0264444 
t=190 V=3.59852 A=0.0956445 W=0.344179 mAh_cumul=7.37528 Wh_cumul=0.02654 
t=191 V=3.59854 A=0.0952031 W=0.342592 mAh_cumul=7.40172 Wh_cumul=0.0266352 
t=192 V=3.59855 A=0.0949932 W=0.341838 mAh_cumul=7.42811 Wh_cumul=0.0267301 
t=193 V=3.59855 A=0.0948443 W=0.341302 mAh_cumul=7.45445 Wh_cumul=0.0268249 
t=194 V=3.59852 A=0.0942293 W=0.339086 mAh_cumul=7.48063 Wh_cumul=0.0269191 
t=195 V=3.59853 A=0.0942131 W=0.339029 mAh_cumul=7.5068 Wh_cumul=0.0270133 
t=196 V=3.59854 A=0.0938703 W=0.337796 mAh_cumul=7.53287 Wh_cumul=0.0271071 
t=197 V=3.59852 A=0.0934324 W=0.336218 mAh_cumul=7.55883 Wh_cumul=0.0272005 
t=198 V=3.59852 A=0.0931879 W=0.335339 mAh_cumul=7.58471 Wh_cumul=0.0272937 
t=199 V=3.59853 A=0.092988 W=0.33462 mAh_cumul=7.61054 Wh_cumul=0.0273866 
t=200 V=3.59852 A=0.0925102 W=0.3329 mAh_cumul=7.63624 Wh_cumul=0.0274791 
t=201 V=3.59849 A=0.0927047 W=0.333597 mAh_cumul=7.66199 Wh_cumul=0.0275718 
t=202 V=3.59851 A=0.0924996 W=0.332861 mAh_cumul=7.68769 Wh_cumul=0.0276642 
t=203 V=3.5985 A=0.0920649 W=0.331296 mAh_cumul=7.71326 Wh_cumul=0.0277562 
t=204 V=3.59852 A=0.091661 W=0.329844 mAh_cumul=7.73872 Wh_cumul=0.0278479 
t=205 V=3.5985 A=0.0911159 W=0.327881 mAh_cumul=7.76403 Wh_cumul=0.0279389 
t=206 V=3.59851 A=0.0911289 W=0.327928 mAh_cumul=7.78934 Wh_cumul=0.02803 
t=207 V=3.59847 A=0.090895 W=0.327083 mAh_cumul=7.81459 Wh_cumul=0.0281209 
t=208 V=3.59848 A=0.091136 W=0.327951 mAh_cumul=7.83991 Wh_cumul=0.028212 
t=209 V=3.59853 A=0.0913136 W=0.328595 mAh_cumul=7.86527 Wh_cumul=0.0283033 
t=210 V=3.59854 A=0.0912324 W=0.328303 mAh_cumul=7.89062 Wh_cumul=0.0283945 
t=211 V=3.59854 A=0.0915545 W=0.329463 mAh_cumul=7.91605 Wh_cumul=0.028486 
t=212 V=3.59851 A=0.0912985 W=0.328539 mAh_cumul=7.94141 Wh_cumul=0.0285772 
t=213 V=3.59854 A=0.0909759 W=0.32738 mAh_cumul=7.96668 Wh_cumul=0.0286682 
t=214 V=3.59853 A=0.0900238 W=0.323953 mAh_cumul=7.99169 Wh_cumul=0.0287582 
t=215 V=3.59852 A=0.0895498 W=0.322247 mAh_cumul=8.01656 Wh_cumul=0.0288477 
t=216 V=3.59851 A=0.0897908 W=0.323113 mAh_cumul=8.0415 Wh_cumul=0.0289374 
t=217 V=3.59852 A=0.0897866 W=0.323099 mAh_cumul=8.06644 Wh_cumul=0.0290272 
t=218 V=3.59853 A=0.0894869 W=0.322021 mAh_cumul=8.0913 Wh_cumul=0.0291166 
t=219 V=3.59853 A=0.0894861 W=0.322018 mAh_cumul=8.11616 Wh_cumul=0.0292061 
t=220 V=3.59855 A=0.089149 W=0.320807 mAh_cumul=8.14092 Wh_cumul=0.0292952 
t=221 V=3.59852 A=0.0886788 W=0.319112 mAh_cumul=8.16555 Wh_cumul=0.0293838 
t=222 V=3.59854 A=0.088426 W=0.318204 mAh_cumul=8.19012 Wh_cumul=0.0294722 
t=223 V=3.59849 A=0.088 W=0.316667 mAh_cumul=8.21456 Wh_cumul=0.0295602 
t=224 V=3.5985 A=0.0882924 W=0.31772 mAh_cumul=8.23909 Wh_cumul=0.0296484 
t=225 V=3.59852 A=0.0882064 W=0.317412 mAh_cumul=8.26359 Wh_cumul=0.0297366 
t=226 V=3.59852 A=0.0879718 W=0.316568 mAh_cumul=8.28803 Wh_cumul=0.0298246 
t=227 V=3.5985 A=0.0872758 W=0.314062 mAh_cumul=8.31227 Wh_cumul=0.0299118 
t=228 V=3.5985 A=0.0870591 W=0.313282 mAh_cumul=8.33645 Wh_cumul=0.0299988 
t=229 V=3.59853 A=0.0872219 W=0.313871 mAh_cumul=8.36068 Wh_cumul=0.030086 
t=230 V=3.59852 A=0.0869591 W=0.312924 mAh_cumul=8.38484 Wh_cumul=0.0301729 
t=231 V=3.59851 A=0.0869498 W=0.31289 mAh_cumul=8.40899 Wh_cumul=0.0302598 
t=232 V=3.59854 A=0.0870665 W=0.313312 mAh_cumul=8.43317 Wh_cumul=0.0303469 
t=233 V=3.59851 A=0.0866256 W=0.311723 mAh_cumul=8.45724 Wh_cumul=0.0304335 
t=234 V=3.59855 A=0.0864757 W=0.311187 mAh_cumul=8.48126 Wh_cumul=0.0305199 
t=235 V=3.59849 A=0.0863927 W=0.310883 mAh_cumul=8.50526 Wh_cumul=0.0306063 
t=236 V=3.59851 A=0.0859361 W=0.309242 mAh_cumul=8.52913 Wh_cumul=0.0306922 
t=237 V=3.59848 A=0.0855714 W=0.307927 mAh_cumul=8.5529 Wh_cumul=0.0307777 
t=238 V=3.59848 A=0.0849326 W=0.305628 mAh_cumul=8.57649 Wh_cumul=0.0308626 
t=239 V=3.5985 A=0.0849642 W=0.305744 mAh_cumul=8.60009 Wh_cumul=0.0309475 
t=240 V=3.5985 A=0.0851467 W=0.3064 mAh_cumul=8.62374 Wh_cumul=0.0310326 
t=241 V=3.59853 A=0.0849287 W=0.305618 mAh_cumul=8.64733 Wh_cumul=0.0311175 
t=242 V=3.59851 A=0.0845857 W=0.304382 mAh_cumul=8.67083 Wh_cumul=0.0312021 
t=243 V=3.59852 A=0.0842322 W=0.303111 mAh_cumul=8.69423 Wh_cumul=0.0312863 
t=244 V=3.5985 A=0.0841327 W=0.302752 mAh_cumul=8.7176 Wh_cumul=0.0313704 
t=245 V=3.59851 A=0.0843158 W=0.303411 mAh_cumul=8.74102 Wh_cumul=0.0314546 
t=246 V=3.59851 A=0.0836808 W=0.301126 mAh_cumul=8.76426 Wh_cumul=0.0315383 
t=247 V=3.5985 A=0.0836761 W=0.301108 mAh_cumul=8.78751 Wh_cumul=0.0316219 
t=248 V=3.59848 A=0.0834184 W=0.300179 mAh_cumul=8.81068 Wh_cumul=0.0317053 
t=249 V=3.5985 A=0.0833467 W=0.299923 mAh_cumul=8.83383 Wh_cumul=0.0317886 
t=250 V=3.5985 A=0.0833229 W=0.299837 mAh_cumul=8.85698 Wh_cumul=0.0318719 
t=251 V=3.59851 A=0.0834162 W=0.300174 mAh_cumul=8.88015 Wh_cumul=0.0319553 
t=252 V=3.59847 A=0.0828194 W=0.298023 mAh_cumul=8.90315 Wh_cumul=0.0320381 
t=253 V=3.59848 A=0.0824647 W=0.296748 mAh_cumul=8.92606 Wh_cumul=0.0321205 
t=254 V=3.5985 A=0.0827112 W=0.297636 mAh_cumul=8.94903 Wh_cumul=0.0322032 
t=255 V=3.59849 A=0.0824835 W=0.296816 mAh_cumul=8.97195 Wh_cumul=0.0322856 
t=256 V=3.59848 A=0.0821799 W=0.295723 mAh_cumul=8.99477 Wh_cumul=0.0323678 
t=257 V=3.59848 A=0.0815857 W=0.293585 mAh_cumul=9.01744 Wh_cumul=0.0324493 
t=258 V=3.59849 A=0.0816874 W=0.293951 mAh_cumul=9.04013 Wh_cumul=0.032531 
t=259 V=3.59848 A=0.0821137 W=0.295485 mAh_cumul=9.06294 Wh_cumul=0.0326131 
t=260 V=3.59852 A=0.0824736 W=0.296783 mAh_cumul=9.08585 Wh_cumul=0.0326955 
t=261 V=3.59851 A=0.0822988 W=0.296153 mAh_cumul=9.10871 Wh_cumul=0.0327778 
t=262 V=3.59853 A=0.0821986 W=0.295794 mAh_cumul=9.13154 Wh_cumul=0.0328599 
t=263 V=3.59849 A=0.081486 W=0.293227 mAh_cumul=9.15418 Wh_cumul=0.0329414 
t=264 V=3.59852 A=0.0813258 W=0.292653 mAh_cumul=9.17677 Wh_cumul=0.0330227 
t=265 V=3.5985 A=0.0810832 W=0.291778 mAh_cumul=9.19929 Wh_cumul=0.0331037 
t=266 V=3.59851 A=0.0805323 W=0.289796 mAh_cumul=9.22166 Wh_cumul=0.0331842 
t=267 V=3.5985 A=0.0808537 W=0.290952 mAh_cumul=9.24412 Wh_cumul=0.0332651 
t=268 V=3.59852 A=0.080519 W=0.289749 mAh_cumul=9.26648 Wh_cumul=0.0333455 
t=269 V=3.59849 A=0.0804542 W=0.289514 mAh_cumul=9.28883 Wh_cumul=0.033426 
t=270 V=3.59851 A=0.0798746 W=0.28743 mAh_cumul=9.31102 Wh_cumul=0.0335058 
t=271 V=3.59849 A=0.0800327 W=0.287997 mAh_cumul=9.33325 Wh_cumul=0.0335858 
t=272 V=3.59852 A=0.0798264 W=0.287257 mAh_cumul=9.35543 Wh_cumul=0.0336656 
t=273 V=3.59852 A=0.0798475 W=0.287333 mAh_cumul=9.37761 Wh_cumul=0.0337454 
t=274 V=3.59851 A=0.0796644 W=0.286673 mAh_cumul=9.39973 Wh_cumul=0.033825 
t=275 V=3.59851 A=0.0794197 W=0.285793 mAh_cumul=9.4218 Wh_cumul=0.0339044 
t=276 V=3.59851 A=0.078946 W=0.284088 mAh_cumul=9.44372 Wh_cumul=0.0339833 
t=277 V=3.59849 A=0.0785537 W=0.282675 mAh_cumul=9.46555 Wh_cumul=0.0340619 
t=278 V=3.59847 A=0.0782004 W=0.281402 mAh_cumul=9.48727 Wh_cumul=0.03414 
t=279 V=3.59847 A=0.0783804 W=0.28205 mAh_cumul=9.50904 Wh_cumul=0.0342184 
t=280 V=3.59848 A=0.0787596 W=0.283415 mAh_cumul=9.53092 Wh_cumul=0.0342971 
t=281 V=3.59852 A=0.0786525 W=0.283033 mAh_cumul=9.55277 Wh_cumul=0.0343757 
t=282 V=3.59851 A=0.0789947 W=0.284263 mAh_cumul=9.57471 Wh_cumul=0.0344547 
t=283 V=3.59852 A=0.0786745 W=0.283112 mAh_cumul=9.59656 Wh_cumul=0.0345333 
t=284 V=3.59853 A=0.0782688 W=0.281653 mAh_cumul=9.6183 Wh_cumul=0.0346116 
t=285 V=3.5985 A=0.0778379 W=0.2801 mAh_cumul=9.63993 Wh_cumul=0.0346894 
t=286 V=3.59851 A=0.077848 W=0.280137 mAh_cumul=9.66155 Wh_cumul=0.0347672 
t=287 V=3.59851 A=0.0776767 W=0.27952 mAh_cumul=9.68313 Wh_cumul=0.0348448 
t=288 V=3.59852 A=0.0775639 W=0.279115 mAh_cumul=9.70467 Wh_cumul=0.0349224 
t=289 V=3.59853 A=0.0774861 W=0.278836 mAh_cumul=9.7262 Wh_cumul=0.0349998 
t=290 V=3.59853 A=0.0771736 W=0.277712 mAh_cumul=9.74763 Wh_cumul=0.035077 
t=291 V=3.5985 A=0.0771294 W=0.27755 mAh_cumul=9.76906 Wh_cumul=0.0351541 
t=292 V=3.59848 A=0.0772614 W=0.278024 mAh_cumul=9.79052 Wh_cumul=0.0352313 
t=293 V=3.5985 A=0.0772673 W=0.278046 mAh_cumul=9.81198 Wh_cumul=0.0353085 
t=294 V=3.59854 A=0.0771947 W=0.277788 mAh_cumul=9.83343 Wh_cumul=0.0353857 
t=295 V=3.59854 A=0.0772077 W=0.277835 mAh_cumul=9.85487 Wh_cumul=0.0354629 
t=296 V=3.59853 A=0.0769992 W=0.277084 mAh_cumul=9.87626 Wh_cumul=0.0355398 
t=297 V=3.59851 A=0.0766022 W=0.275654 mAh_cumul=9.89754 Wh_cumul=0.0356164 
t=298 V=3.59851 A=0.0766089 W=0.275678 mAh_cumul=9.91882 Wh_cumul=0.035693 
t=299 V=3.59851 A=0.0767927 W=0.276339 mAh_cumul=9.94015 Wh_cumul=0.0357697 
t=300 V=3.59854 A=0.0765022 W=0.275296 mAh_cumul=9.9614 Wh_cumul=0.0358462 
t=301 V=3.59852 A=0.0756577 W=0.272256 mAh_cumul=9.98242 Wh_cumul=0.0359218 
t=302 V=3.59851 A=0.0756708 W=0.272302 mAh_cumul=10.0034 Wh_cumul=0.0359975 
t=303 V=3.59851 A=0.075464 W=0.271558 mAh_cumul=10.0244 Wh_cumul=0.0360729 
t=304 V=3.59848 A=0.0753681 W=0.271211 mAh_cumul=10.0453 Wh_cumul=0.0361482 
t=305 V=3.59849 A=0.0749099 W=0.269563 mAh_cumul=10.0661 Wh_cumul=0.0362231 
t=306 V=3.59851 A=0.0748015 W=0.269174 mAh_cumul=10.0869 Wh_cumul=0.0362979 
t=307 V=3.59848 A=0.0747336 W=0.268927 mAh_cumul=10.1077 Wh_cumul=0.0363726 
t=308 V=3.5985 A=0.0748597 W=0.269383 mAh_cumul=10.1285 Wh_cumul=0.0364474 
t=309 V=3.59849 A=0.0747471 W=0.268977 mAh_cumul=10.1492 Wh_cumul=0.0365221 
t=310 V=3.59851 A=0.0751087 W=0.270279 mAh_cumul=10.1701 Wh_cumul=0.0365972 
t=311 V=3.59849 A=0.0747201 W=0.26888 mAh_cumul=10.1909 Wh_cumul=0.0366719 
t=312 V=3.59853 A=0.0746237 W=0.268536 mAh_cumul=10.2116 Wh_cumul=0.0367465 
t=313 V=3.59849 A=0.074268 W=0.267253 mAh_cumul=10.2322 Wh_cumul=0.0368207 
t=314 V=3.5985 A=0.074087 W=0.266602 mAh_cumul=10.2528 Wh_cumul=0.0368948 
t=315 V=3.59853 A=0.0742623 W=0.267235 mAh_cumul=10.2734 Wh_cumul=0.036969 
t=316 V=3.5985 A=0.0737767 W=0.265485 mAh_cumul=10.2939 Wh_cumul=0.0370428 
t=317 V=3.59848 A=0.0738145 W=0.26562 mAh_cumul=10.3144 Wh_cumul=0.0371165 
t=318 V=3.59852 A=0.0739883 W=0.266248 mAh_cumul=10.335 Wh_cumul=0.0371905 
t=319 V=3.59849 A=0.0740869 W=0.266601 mAh_cumul=10.3556 Wh_cumul=0.0372646 
t=320 V=3.59851 A=0.0734452 W=0.264293 mAh_cumul=10.376 Wh_cumul=0.037338 
t=321 V=3.59849 A=0.0735002 W=0.26449 mAh_cumul=10.3964 Wh_cumul=0.0374114 
t=322 V=3.59853 A=0.0737614 W=0.265433 mAh_cumul=10.4169 Wh_cumul=0.0374852 
t=323 V=3.59852 A=0.073801 W=0.265574 mAh_cumul=10.4374 Wh_cumul=0.0375589 
t=324 V=3.59853 A=0.0738851 W=0.265878 mAh_cumul=10.4579 Wh_cumul=0.0376328 
t=325 V=3.59854 A=0.0742121 W=0.267055 mAh_cumul=10.4785 Wh_cumul=0.037707 
t=326 V=3.59855 A=0.0740015 W=0.266298 mAh_cumul=10.4991 Wh_cumul=0.037781 
t=327 V=3.59856 A=0.0740256 W=0.266386 mAh_cumul=10.5196 Wh_cumul=0.037855 
t=328 V=3.59858 A=0.073618 W=0.26492 mAh_cumul=10.5401 Wh_cumul=0.0379285 
t=329 V=3.59852 A=0.0731861 W=0.263362 mAh_cumul=10.5604 Wh_cumul=0.0380017 
t=330 V=3.59854 A=0.072852 W=0.262161 mAh_cumul=10.5806 Wh_cumul=0.0380745 
t=331 V=3.59852 A=0.072946 W=0.262498 mAh_cumul=10.6009 Wh_cumul=0.0381474 
t=332 V=3.59854 A=0.0726069 W=0.261279 mAh_cumul=10.6211 Wh_cumul=0.03822 
t=333 V=3.59854 A=0.0725327 W=0.261012 mAh_cumul=10.6412 Wh_cumul=0.0382925 
t=334 V=3.59852 A=0.0719665 W=0.258973 mAh_cumul=10.6612 Wh_cumul=0.0383645 
END

