0 errors cleared
t=0 V=3.43991 A=0.00795586 W=0.0273674 mAh_cumul=0 Wh_cumul=0 
t=2 V=3.43988 A=0.00795058 W=0.027349 mAh_cumul=0.00441699 Wh_cumul=1.51939e-05 
t=3 V=3.4516 A=0.292706 W=1.0103 mAh_cumul=0.0857242 Wh_cumul=0.000295834 
t=4 V=3.45157 A=0.277485 W=0.957759 mAh_cumul=0.162803 Wh_cumul=0.000561878 
t=5 V=3.4516 A=0.267411 W=0.922996 mAh_cumul=0.237084 Wh_cumul=0.000818266 
t=6 V=3.45157 A=0.259291 W=0.894961 mAh_cumul=0.309109 Wh_cumul=0.00106687 
t=7 V=3.45158 A=0.252784 W=0.872504 mAh_cumul=0.379327 Wh_cumul=0.00130923 
t=8 V=3.45161 A=0.246848 W=0.852023 mAh_cumul=0.447896 Wh_cumul=0.0015459 
t=9 V=3.45156 A=0.240962 W=0.831695 mAh_cumul=0.51483 Wh_cumul=0.00177693 
t=10 V=3.45159 A=0.235866 W=0.814113 mAh_cumul=0.580348 Wh_cumul=0.00200307 
t=11 V=3.45156 A=0.230785 W=0.796568 mAh_cumul=0.644455 Wh_cumul=0.00222434 
t=12 V=3.45153 A=0.226519 W=0.781837 mAh_cumul=0.707377 Wh_cumul=0.00244152 
t=13 V=3.45153 A=0.222421 W=0.767693 mAh_cumul=0.769161 Wh_cumul=0.00265476 
t=14 V=3.45153 A=0.218855 W=0.755385 mAh_cumul=0.829954 Wh_cumul=0.00286459 
t=15 V=3.45156 A=0.215267 W=0.743007 mAh_cumul=0.88975 Wh_cumul=0.00307098 
t=16 V=3.45157 A=0.212 W=0.731733 mAh_cumul=0.948639 Wh_cumul=0.00327424 
t=17 V=3.45153 A=0.208792 W=0.720652 mAh_cumul=1.00664 Wh_cumul=0.00347442 
t=18 V=3.45155 A=0.205304 W=0.708617 mAh_cumul=1.06367 Wh_cumul=0.00367126 
t=19 V=3.45157 A=0.203094 W=0.700993 mAh_cumul=1.12008 Wh_cumul=0.00386598 
t=20 V=3.45155 A=0.200561 W=0.692246 mAh_cumul=1.17579 Wh_cumul=0.00405827 
t=21 V=3.45159 A=0.198226 W=0.684195 mAh_cumul=1.23086 Wh_cumul=0.00424833 
t=22 V=3.45158 A=0.195554 W=0.67497 mAh_cumul=1.28518 Wh_cumul=0.00443582 
t=23 V=3.4516 A=0.193229 W=0.666949 mAh_cumul=1.33885 Wh_cumul=0.00462108 
t=24 V=3.4516 A=0.191162 W=0.659815 mAh_cumul=1.39195 Wh_cumul=0.00480436 
t=25 V=3.4516 A=0.189066 W=0.65258 mAh_cumul=1.44447 Wh_cumul=0.00498564 
t=26 V=3.4516 A=0.187205 W=0.646157 mAh_cumul=1.49647 Wh_cumul=0.00516512 
t=27 V=3.45155 A=0.18488 W=0.638123 mAh_cumul=1.54783 Wh_cumul=0.00534238 
t=28 V=3.45155 A=0.18282 W=0.631012 mAh_cumul=1.59861 Wh_cumul=0.00551766 
t=29 V=3.45157 A=0.180877 W=0.62431 mAh_cumul=1.64885 Wh_cumul=0.00569108 
t=30 V=3.45158 A=0.178981 W=0.617767 mAh_cumul=1.69857 Wh_cumul=0.00586268 
t=31 V=3.45155 A=0.176976 W=0.610842 mAh_cumul=1.74773 Wh_cumul=0.00603236 
t=32 V=3.45157 A=0.175247 W=0.604877 mAh_cumul=1.79641 Wh_cumul=0.00620038 
t=33 V=3.45159 A=0.174007 W=0.600601 mAh_cumul=1.84475 Wh_cumul=0.00636722 
t=34 V=3.45159 A=0.172132 W=0.594129 mAh_cumul=1.89256 Wh_cumul=0.00653225 
t=35 V=3.45156 A=0.170398 W=0.588139 mAh_cumul=1.93989 Wh_cumul=0.00669562 
t=36 V=3.45158 A=0.16907 W=0.583559 mAh_cumul=1.98686 Wh_cumul=0.00685772 
t=37 V=3.45157 A=0.167646 W=0.578642 mAh_cumul=2.03342 Wh_cumul=0.00701846 
t=38 V=3.45157 A=0.166094 W=0.573285 mAh_cumul=2.07956 Wh_cumul=0.0071777 
t=39 V=3.45156 A=0.164678 W=0.568396 mAh_cumul=2.12531 Wh_cumul=0.00733559 
t=40 V=3.45155 A=0.163521 W=0.564401 mAh_cumul=2.17073 Wh_cumul=0.00749237 
t=41 V=3.45154 A=0.162026 W=0.559239 mAh_cumul=2.21574 Wh_cumul=0.00764771 
t=42 V=3.45158 A=0.161327 W=0.556833 mAh_cumul=2.26055 Wh_cumul=0.00780239 
t=43 V=3.45157 A=0.159934 W=0.552023 mAh_cumul=2.30497 Wh_cumul=0.00795573 
t=44 V=3.45153 A=0.158719 W=0.547823 mAh_cumul=2.34906 Wh_cumul=0.0081079 
t=45 V=3.45156 A=0.158571 W=0.547317 mAh_cumul=2.39311 Wh_cumul=0.00825994 
t=46 V=3.45159 A=0.157536 W=0.54375 mAh_cumul=2.43687 Wh_cumul=0.00841098 
t=47 V=3.4516 A=0.156615 W=0.540572 mAh_cumul=2.48037 Wh_cumul=0.00856114 
t=48 V=3.45162 A=0.15533 W=0.53614 mAh_cumul=2.52352 Wh_cumul=0.00871006 
t=49 V=3.45159 A=0.153283 W=0.52907 mAh_cumul=2.5661 Wh_cumul=0.00885703 
t=50 V=3.45158 A=0.15205 W=0.524813 mAh_cumul=2.60834 Wh_cumul=0.00900281 
t=51 V=3.45156 A=0.15062 W=0.519874 mAh_cumul=2.65018 Wh_cumul=0.00914722 
t=52 V=3.45152 A=0.149292 W=0.515284 mAh_cumul=2.69165 Wh_cumul=0.00929035 
t=53 V=3.45151 A=0.148439 W=0.512339 mAh_cumul=2.73288 Wh_cumul=0.00943267 
t=54 V=3.45151 A=0.147478 W=0.509022 mAh_cumul=2.77384 Wh_cumul=0.00957406 
t=55 V=3.45152 A=0.146324 W=0.50504 mAh_cumul=2.81449 Wh_cumul=0.00971435 
t=56 V=3.45154 A=0.145363 W=0.501726 mAh_cumul=2.85487 Wh_cumul=0.00985372 
t=57 V=3.45155 A=0.144468 W=0.498639 mAh_cumul=2.895 Wh_cumul=0.00999223 
t=58 V=3.45153 A=0.144024 W=0.497103 mAh_cumul=2.93501 Wh_cumul=0.0101303 
t=59 V=3.45154 A=0.143748 W=0.496152 mAh_cumul=2.97494 Wh_cumul=0.0102681 
t=60 V=3.45155 A=0.14257 W=0.492087 mAh_cumul=3.01454 Wh_cumul=0.0104048 
t=61 V=3.45152 A=0.141439 W=0.48818 mAh_cumul=3.05383 Wh_cumul=0.0105404 
t=62 V=3.45156 A=0.141435 W=0.488171 mAh_cumul=3.09311 Wh_cumul=0.010676 
t=63 V=3.45155 A=0.140848 W=0.486144 mAh_cumul=3.13224 Wh_cumul=0.0108111 
t=64 V=3.45154 A=0.139842 W=0.48267 mAh_cumul=3.17108 Wh_cumul=0.0109452 
t=65 V=3.45155 A=0.139501 W=0.481495 mAh_cumul=3.20983 Wh_cumul=0.0110789 
t=66 V=3.45159 A=0.13902 W=0.47984 mAh_cumul=3.24845 Wh_cumul=0.0112122 
t=67 V=3.45156 A=0.137561 W=0.4748 mAh_cumul=3.28666 Wh_cumul=0.0113441 
t=68 V=3.45156 A=0.136886 W=0.47247 mAh_cumul=3.32469 Wh_cumul=0.0114753 
t=69 V=3.45156 A=0.136104 W=0.469771 mAh_cumul=3.36249 Wh_cumul=0.0116058 
t=70 V=3.45156 A=0.135792 W=0.468694 mAh_cumul=3.40021 Wh_cumul=0.011736 
t=71 V=3.45157 A=0.135453 W=0.467526 mAh_cumul=3.43784 Wh_cumul=0.0118659 
t=72 V=3.45158 A=0.134675 W=0.464842 mAh_cumul=3.47525 Wh_cumul=0.011995 
t=73 V=3.45158 A=0.13419 W=0.463168 mAh_cumul=3.51252 Wh_cumul=0.0121237 
t=74 V=3.45159 A=0.133486 W=0.460739 mAh_cumul=3.5496 Wh_cumul=0.0122516 
t=75 V=3.45157 A=0.132223 W=0.456377 mAh_cumul=3.58633 Wh_cumul=0.0123784 
t=76 V=3.45157 A=0.13182 W=0.454986 mAh_cumul=3.62295 Wh_cumul=0.0125048 
t=77 V=3.45155 A=0.131332 W=0.453299 mAh_cumul=3.65943 Wh_cumul=0.0126307 
t=78 V=3.45159 A=0.131167 W=0.452735 mAh_cumul=3.69586 Wh_cumul=0.0127565 
t=79 V=3.45157 A=0.130131 W=0.449156 mAh_cumul=3.73201 Wh_cumul=0.0128812 
t=80 V=3.45154 A=0.129134 W=0.445711 mAh_cumul=3.76788 Wh_cumul=0.013005 
t=81 V=3.45156 A=0.128439 W=0.443315 mAh_cumul=3.80356 Wh_cumul=0.0131282 
t=82 V=3.45155 A=0.12795 W=0.441626 mAh_cumul=3.8391 Wh_cumul=0.0132509 
t=83 V=3.45155 A=0.127088 W=0.438651 mAh_cumul=3.8744 Wh_cumul=0.0133727 
t=84 V=3.45155 A=0.127083 W=0.438633 mAh_cumul=3.9097 Wh_cumul=0.0134945 
t=85 V=3.45155 A=0.126424 W=0.436359 mAh_cumul=3.94482 Wh_cumul=0.0136158 
t=86 V=3.45157 A=0.125848 W=0.434373 mAh_cumul=3.97978 Wh_cumul=0.0137364 
t=87 V=3.45156 A=0.125387 W=0.432781 mAh_cumul=4.01461 Wh_cumul=0.0138566 
t=88 V=3.45154 A=0.124873 W=0.431004 mAh_cumul=4.0493 Wh_cumul=0.0139764 
t=89 V=3.45156 A=0.124622 W=0.43014 mAh_cumul=4.08391 Wh_cumul=0.0140958 
t=90 V=3.45154 A=0.123769 W=0.427194 mAh_cumul=4.11829 Wh_cumul=0.0142145 
t=91 V=3.45156 A=0.123101 W=0.42489 mAh_cumul=4.15249 Wh_cumul=0.0143325 
t=92 V=3.45159 A=0.122965 W=0.424425 mAh_cumul=4.18665 Wh_cumul=0.0144504 
t=93 V=3.45159 A=0.12265 W=0.423338 mAh_cumul=4.22072 Wh_cumul=0.014568 
t=94 V=3.45158 A=0.121997 W=0.421082 mAh_cumul=4.2546 Wh_cumul=0.014685 
t=95 V=3.45158 A=0.12177 W=0.420299 mAh_cumul=4.28843 Wh_cumul=0.0148017 
t=96 V=3.45158 A=0.121388 W=0.41898 mAh_cumul=4.32215 Wh_cumul=0.0149181 
t=97 V=3.45159 A=0.121031 W=0.417749 mAh_cumul=4.35577 Wh_cumul=0.0150342 
t=98 V=3.45159 A=0.119812 W=0.413542 mAh_cumul=4.38905 Wh_cumul=0.015149 
t=99 V=3.45158 A=0.119474 W=0.412374 mAh_cumul=4.42224 Wh_cumul=0.0152636 
t=100 V=3.45157 A=0.119423 W=0.412197 mAh_cumul=4.45541 Wh_cumul=0.0153781 
t=101 V=3.45159 A=0.118979 W=0.410667 mAh_cumul=4.48846 Wh_cumul=0.0154922 
t=102 V=3.45162 A=0.118532 W=0.409127 mAh_cumul=4.52138 Wh_cumul=0.0156058 
t=103 V=3.45157 A=0.117924 W=0.407023 mAh_cumul=4.55414 Wh_cumul=0.0157189 
t=104 V=3.45156 A=0.117161 W=0.404388 mAh_cumul=4.58669 Wh_cumul=0.0158312 
t=105 V=3.45157 A=0.116522 W=0.402184 mAh_cumul=4.61905 Wh_cumul=0.0159429 
t=106 V=3.45154 A=0.115998 W=0.400372 mAh_cumul=4.65127 Wh_cumul=0.0160541 
t=107 V=3.45156 A=0.115588 W=0.398959 mAh_cumul=4.68338 Wh_cumul=0.016165 
t=108 V=3.45156 A=0.115626 W=0.39909 mAh_cumul=4.7155 Wh_cumul=0.0162758 
t=109 V=3.45156 A=0.115099 W=0.397271 mAh_cumul=4.74747 Wh_cumul=0.0163862 
t=110 V=3.45155 A=0.114355 W=0.394702 mAh_cumul=4.77924 Wh_cumul=0.0164958 
t=111 V=3.45155 A=0.114124 W=0.393905 mAh_cumul=4.81094 Wh_cumul=0.0166052 
t=112 V=3.45157 A=0.113836 W=0.392913 mAh_cumul=4.84256 Wh_cumul=0.0167144 
t=113 V=3.45158 A=0.113932 W=0.393245 mAh_cumul=4.87421 Wh_cumul=0.0168236 
t=114 V=3.4516 A=0.11343 W=0.391515 mAh_cumul=4.90572 Wh_cumul=0.0169324 
t=115 V=3.45158 A=0.113281 W=0.390998 mAh_cumul=4.93718 Wh_cumul=0.017041 
t=116 V=3.45158 A=0.112484 W=0.388248 mAh_cumul=4.96843 Wh_cumul=0.0171488 
t=117 V=3.45154 A=0.111728 W=0.385634 mAh_cumul=4.99946 Wh_cumul=0.0172559 
t=118 V=3.45153 A=0.111221 W=0.383883 mAh_cumul=5.03036 Wh_cumul=0.0173626 
t=119 V=3.45156 A=0.110804 W=0.382447 mAh_cumul=5.06114 Wh_cumul=0.0174688 
t=120 V=3.45158 A=0.110529 W=0.3815 mAh_cumul=5.09184 Wh_cumul=0.0175748 
t=121 V=3.45157 A=0.110184 W=0.380308 mAh_cumul=5.12245 Wh_cumul=0.0176804 
t=122 V=3.45154 A=0.109828 W=0.379076 mAh_cumul=5.15295 Wh_cumul=0.0177857 
t=123 V=3.45158 A=0.110021 W=0.379746 mAh_cumul=5.18352 Wh_cumul=0.0178912 
t=124 V=3.45158 A=0.10973 W=0.378742 mAh_cumul=5.214 Wh_cumul=0.0179964 
t=125 V=3.45157 A=0.109371 W=0.377502 mAh_cumul=5.24438 Wh_cumul=0.0181013 
t=126 V=3.45158 A=0.108681 W=0.375121 mAh_cumul=5.27457 Wh_cumul=0.0182055 
t=127 V=3.45156 A=0.108179 W=0.373386 mAh_cumul=5.30462 Wh_cumul=0.0183092 
t=128 V=3.45152 A=0.108178 W=0.373379 mAh_cumul=5.33467 Wh_cumul=0.0184129 
t=129 V=3.45157 A=0.107859 W=0.372283 mAh_cumul=5.36463 Wh_cumul=0.0185163 
t=130 V=3.45155 A=0.107529 W=0.371142 mAh_cumul=5.3945 Wh_cumul=0.0186194 
t=131 V=3.45157 A=0.106602 W=0.367944 mAh_cumul=5.42411 Wh_cumul=0.0187216 
t=132 V=3.45156 A=0.106573 W=0.367843 mAh_cumul=5.45371 Wh_cumul=0.0188238 
t=133 V=3.45157 A=0.106386 W=0.367199 mAh_cumul=5.48326 Wh_cumul=0.0189258 
t=134 V=3.45155 A=0.10595 W=0.365692 mAh_cumul=5.51269 Wh_cumul=0.0190274 
t=135 V=3.45155 A=0.105845 W=0.365329 mAh_cumul=5.54209 Wh_cumul=0.0191289 
t=136 V=3.4516 A=0.105873 W=0.365431 mAh_cumul=5.5715 Wh_cumul=0.0192304 
t=137 V=3.4516 A=0.10525 W=0.363281 mAh_cumul=5.60074 Wh_cumul=0.0193313 
t=138 V=3.45155 A=0.104241 W=0.359793 mAh_cumul=5.6297 Wh_cumul=0.0194312 
t=139 V=3.45152 A=0.104167 W=0.359534 mAh_cumul=5.65863 Wh_cumul=0.0195311 
t=140 V=3.45154 A=0.103839 W=0.358404 mAh_cumul=5.68748 Wh_cumul=0.0196306 
t=141 V=3.45155 A=0.103301 W=0.356549 mAh_cumul=5.71617 Wh_cumul=0.0197297 
t=142 V=3.45157 A=0.102929 W=0.355267 mAh_cumul=5.74476 Wh_cumul=0.0198284 
t=143 V=3.45156 A=0.103127 W=0.355949 mAh_cumul=5.77341 Wh_cumul=0.0199272 
t=144 V=3.45157 A=0.102998 W=0.355505 mAh_cumul=5.80202 Wh_cumul=0.020026 
t=145 V=3.45156 A=0.102741 W=0.354617 mAh_cumul=5.83056 Wh_cumul=0.0201245 
t=146 V=3.45155 A=0.101922 W=0.351789 mAh_cumul=5.85887 Wh_cumul=0.0202222 
t=147 V=3.45158 A=0.101646 W=0.350839 mAh_cumul=5.8871 Wh_cumul=0.0203197 
t=148 V=3.45155 A=0.100882 W=0.348199 mAh_cumul=5.91513 Wh_cumul=0.0204164 
t=149 V=3.45157 A=0.100565 W=0.347107 mAh_cumul=5.94306 Wh_cumul=0.0205128 
t=150 V=3.45153 A=0.100372 W=0.346437 mAh_cumul=5.97094 Wh_cumul=0.020609 
t=151 V=3.45157 A=0.100581 W=0.347162 mAh_cumul=5.99888 Wh_cumul=0.0207055 
t=152 V=3.45155 A=0.100117 W=0.345559 mAh_cumul=6.02669 Wh_cumul=0.0208015 
t=153 V=3.45154 A=0.099309 W=0.342769 mAh_cumul=6.05428 Wh_cumul=0.0208967 
t=154 V=3.45154 A=0.0992063 W=0.342415 mAh_cumul=6.08184 Wh_cumul=0.0209918 
t=155 V=3.45154 A=0.0983547 W=0.339475 mAh_cumul=6.10916 Wh_cumul=0.0210861 
t=156 V=3.45153 A=0.0979026 W=0.337914 mAh_cumul=6.13635 Wh_cumul=0.02118 
t=157 V=3.45155 A=0.0979681 W=0.338142 mAh_cumul=6.16356 Wh_cumul=0.0212739 
t=158 V=3.45152 A=0.0974559 W=0.336371 mAh_cumul=6.19064 Wh_cumul=0.0213673 
t=159 V=3.45152 A=0.0972517 W=0.335666 mAh_cumul=6.21765 Wh_cumul=0.0214606 
t=160 V=3.45154 A=0.0974681 W=0.336415 mAh_cumul=6.24472 Wh_cumul=0.021554 
t=161 V=3.45156 A=0.0973433 W=0.335986 mAh_cumul=6.27176 Wh_cumul=0.0216473 
t=162 V=3.45155 A=0.0968302 W=0.334214 mAh_cumul=6.29866 Wh_cumul=0.0217402 
t=163 V=3.45156 A=0.0966971 W=0.333756 mAh_cumul=6.32552 Wh_cumul=0.0218329 
t=164 V=3.45156 A=0.0962975 W=0.332377 mAh_cumul=6.35227 Wh_cumul=0.0219252 
t=165 V=3.45154 A=0.0957243 W=0.330396 mAh_cumul=6.37886 Wh_cumul=0.022017 
t=166 V=3.45153 A=0.0956033 W=0.329978 mAh_cumul=6.40542 Wh_cumul=0.0221087 
t=167 V=3.45155 A=0.0952538 W=0.328773 mAh_cumul=6.43188 Wh_cumul=0.0222 
t=168 V=3.45155 A=0.0948916 W=0.327523 mAh_cumul=6.45824 Wh_cumul=0.022291 
t=169 V=3.45154 A=0.0945454 W=0.326327 mAh_cumul=6.4845 Wh_cumul=0.0223816 
t=170 V=3.45156 A=0.0947288 W=0.326962 mAh_cumul=6.51081 Wh_cumul=0.0224724 
t=171 V=3.45154 A=0.0944427 W=0.325973 mAh_cumul=6.53705 Wh_cumul=0.022563 
t=172 V=3.45153 A=0.094431 W=0.325931 mAh_cumul=6.56328 Wh_cumul=0.0226535 
t=173 V=3.45157 A=0.0944118 W=0.325869 mAh_cumul=6.5895 Wh_cumul=0.022744 
t=174 V=3.4516 A=0.0944781 W=0.326101 mAh_cumul=6.61575 Wh_cumul=0.0228346 
t=175 V=3.45159 A=0.0940957 W=0.32478 mAh_cumul=6.64188 Wh_cumul=0.0229248 
t=176 V=3.45155 A=0.0931536 W=0.321524 mAh_cumul=6.66776 Wh_cumul=0.0230141 
t=177 V=3.45156 A=0.0932823 W=0.321969 mAh_cumul=6.69367 Wh_cumul=0.0231036 
t=178 V=3.45156 A=0.0931005 W=0.321342 mAh_cumul=6.71953 Wh_cumul=0.0231928 
t=179 V=3.45156 A=0.0930797 W=0.32127 mAh_cumul=6.74539 Wh_cumul=0.0232821 
t=180 V=3.4516 A=0.0933158 W=0.322089 mAh_cumul=6.77131 Wh_cumul=0.0233716 
t=181 V=3.4516 A=0.0927907 W=0.320276 mAh_cumul=6.79708 Wh_cumul=0.0234605 
t=182 V=3.4516 A=0.0926871 W=0.319919 mAh_cumul=6.82283 Wh_cumul=0.0235494 
t=183 V=3.45157 A=0.0925043 W=0.319285 mAh_cumul=6.84853 Wh_cumul=0.0236381 
t=184 V=3.45159 A=0.0917919 W=0.316828 mAh_cumul=6.87402 Wh_cumul=0.0237261 
t=185 V=3.45157 A=0.0911207 W=0.314509 mAh_cumul=6.89934 Wh_cumul=0.0238134 
t=186 V=3.45157 A=0.0906696 W=0.312952 mAh_cumul=6.92452 Wh_cumul=0.0239004 
t=187 V=3.45153 A=0.0905618 W=0.312577 mAh_cumul=6.94968 Wh_cumul=0.0239872 
t=188 V=3.45155 A=0.0902323 W=0.311441 mAh_cumul=6.97474 Wh_cumul=0.0240737 
t=189 V=3.45154 A=0.0900462 W=0.310798 mAh_cumul=6.99976 Wh_cumul=0.0241601 
t=190 V=3.45153 A=0.0897981 W=0.309941 mAh_cumul=7.0247 Wh_cumul=0.0242461 
t=191 V=3.45155 A=0.0895322 W=0.309025 mAh_cumul=7.04957 Wh_cumul=0.024332 
t=192 V=3.45155 A=0.0891438 W=0.307684 mAh_cumul=7.07433 Wh_cumul=0.0244175 
t=193 V=3.45151 A=0.0890683 W=0.30742 mAh_cumul=7.09907 Wh_cumul=0.0245028 
t=194 V=3.45151 A=0.088663 W=0.306021 mAh_cumul=7.1237 Wh_cumul=0.0245879 
t=195 V=3.45153 A=0.0880403 W=0.303874 mAh_cumul=7.14816 Wh_cumul=0.0246723 
t=196 V=3.45153 A=0.0875318 W=0.302119 mAh_cumul=7.17247 Wh_cumul=0.0247562 
t=197 V=3.45154 A=0.088012 W=0.303777 mAh_cumul=7.19692 Wh_cumul=0.0248406 
t=198 V=3.45157 A=0.0875575 W=0.302211 mAh_cumul=7.22124 Wh_cumul=0.0249245 
t=199 V=3.45152 A=0.088108 W=0.304107 mAh_cumul=7.24571 Wh_cumul=0.025009 
t=200 V=3.45157 A=0.0878412 W=0.30319 mAh_cumul=7.27012 Wh_cumul=0.0250932 
t=201 V=3.45156 A=0.0873733 W=0.301574 mAh_cumul=7.29439 Wh_cumul=0.025177 
t=202 V=3.45155 A=0.0870088 W=0.300315 mAh_cumul=7.31855 Wh_cumul=0.0252604 
t=203 V=3.45154 A=0.08654 W=0.298696 mAh_cumul=7.34259 Wh_cumul=0.0253434 
t=204 V=3.45152 A=0.0868515 W=0.29977 mAh_cumul=7.36672 Wh_cumul=0.0254266 
t=205 V=3.45155 A=0.0867773 W=0.299516 mAh_cumul=7.39082 Wh_cumul=0.0255098 
t=206 V=3.45156 A=0.0861545 W=0.297367 mAh_cumul=7.41476 Wh_cumul=0.0255924 
t=207 V=3.45152 A=0.0851741 W=0.29398 mAh_cumul=7.43842 Wh_cumul=0.0256741 
t=208 V=3.45152 A=0.0850341 W=0.293497 mAh_cumul=7.46204 Wh_cumul=0.0257556 
t=209 V=3.45154 A=0.0853351 W=0.294538 mAh_cumul=7.48574 Wh_cumul=0.0258374 
t=210 V=3.45156 A=0.0855897 W=0.295418 mAh_cumul=7.50951 Wh_cumul=0.0259195 
t=211 V=3.45156 A=0.085087 W=0.293683 mAh_cumul=7.53315 Wh_cumul=0.0260011 
t=212 V=3.45154 A=0.0846911 W=0.292315 mAh_cumul=7.55668 Wh_cumul=0.0260823 
t=213 V=3.45156 A=0.083826 W=0.28933 mAh_cumul=7.57996 Wh_cumul=0.0261627 
t=214 V=3.45154 A=0.0836221 W=0.288625 mAh_cumul=7.60319 Wh_cumul=0.0262428 
t=215 V=3.45151 A=0.0833314 W=0.287619 mAh_cumul=7.62634 Wh_cumul=0.0263227 
t=216 V=3.45152 A=0.0836562 W=0.288741 mAh_cumul=7.64957 Wh_cumul=0.0264029 
t=217 V=3.45154 A=0.0838659 W=0.289467 mAh_cumul=7.67287 Wh_cumul=0.0264833 
t=218 V=3.45156 A=0.0837568 W=0.289092 mAh_cumul=7.69614 Wh_cumul=0.0265636 
t=219 V=3.45157 A=0.0837684 W=0.289132 mAh_cumul=7.71941 Wh_cumul=0.026644 
t=220 V=3.45152 A=0.083478 W=0.288126 mAh_cumul=7.74259 Wh_cumul=0.026724 
t=221 V=3.45154 A=0.0834596 W=0.288064 mAh_cumul=7.76578 Wh_cumul=0.026804 
t=222 V=3.45155 A=0.0830522 W=0.286659 mAh_cumul=7.78885 Wh_cumul=0.0268836 
t=223 V=3.45158 A=0.0834101 W=0.287897 mAh_cumul=7.81202 Wh_cumul=0.0269636 
t=224 V=3.45156 A=0.0828756 W=0.28605 mAh_cumul=7.83504 Wh_cumul=0.0270431 
t=225 V=3.45161 A=0.0832064 W=0.287196 mAh_cumul=7.85815 Wh_cumul=0.0271228 
t=226 V=3.45159 A=0.0829359 W=0.286261 mAh_cumul=7.88119 Wh_cumul=0.0272024 
t=227 V=3.45157 A=0.0826985 W=0.28544 mAh_cumul=7.90416 Wh_cumul=0.0272816 
t=228 V=3.45162 A=0.0827061 W=0.28547 mAh_cumul=7.92713 Wh_cumul=0.0273609 
t=229 V=3.45158 A=0.0820704 W=0.283273 mAh_cumul=7.94993 Wh_cumul=0.0274396 
t=230 V=3.45154 A=0.0814743 W=0.281212 mAh_cumul=7.97256 Wh_cumul=0.0275177 
t=231 V=3.45153 A=0.0810916 W=0.27989 mAh_cumul=7.99509 Wh_cumul=0.0275955 
t=232 V=3.45158 A=0.0808079 W=0.278915 mAh_cumul=8.01753 Wh_cumul=0.027673 
t=233 V=3.45152 A=0.0809925 W=0.279547 mAh_cumul=8.04003 Wh_cumul=0.0277506 
t=234 V=3.45158 A=0.0812211 W=0.280341 mAh_cumul=8.06259 Wh_cumul=0.0278285 
t=235 V=3.45158 A=0.0809757 W=0.279494 mAh_cumul=8.08509 Wh_cumul=0.0279061 
t=236 V=3.45159 A=0.080921 W=0.279306 mAh_cumul=8.10757 Wh_cumul=0.0279837 
t=237 V=3.45158 A=0.0808775 W=0.279155 mAh_cumul=8.13003 Wh_cumul=0.0280613 
t=238 V=3.45155 A=0.0804873 W=0.277806 mAh_cumul=8.15239 Wh_cumul=0.0281384 
t=239 V=3.45158 A=0.0800419 W=0.276271 mAh_cumul=8.17462 Wh_cumul=0.0282152 
t=240 V=3.45155 A=0.0793423 W=0.273854 mAh_cumul=8.19666 Wh_cumul=0.0282912 
t=241 V=3.45156 A=0.0792023 W=0.273371 mAh_cumul=8.21866 Wh_cumul=0.0283672 
t=242 V=3.45156 A=0.0789925 W=0.272647 mAh_cumul=8.24061 Wh_cumul=0.0284429 
t=243 V=3.45156 A=0.0789033 W=0.272339 mAh_cumul=8.26252 Wh_cumul=0.0285186 
t=244 V=3.45155 A=0.0788902 W=0.272293 mAh_cumul=8.28444 Wh_cumul=0.0285942 
t=245 V=3.45158 A=0.0791269 W=0.273113 mAh_cumul=8.30642 Wh_cumul=0.0286701 
t=246 V=3.45157 A=0.0792257 W=0.273453 mAh_cumul=8.32842 Wh_cumul=0.028746 
t=247 V=3.4516 A=0.0795887 W=0.274708 mAh_cumul=8.35053 Wh_cumul=0.0288223 
t=248 V=3.45158 A=0.078958 W=0.27253 mAh_cumul=8.37246 Wh_cumul=0.028898 
t=249 V=3.45157 A=0.078373 W=0.27051 mAh_cumul=8.39423 Wh_cumul=0.0289732 
t=250 V=3.45161 A=0.0785192 W=0.271018 mAh_cumul=8.41605 Wh_cumul=0.0290485 
t=251 V=3.45159 A=0.0782743 W=0.270171 mAh_cumul=8.43779 Wh_cumul=0.0291235 
t=252 V=3.45161 A=0.0783441 W=0.270413 mAh_cumul=8.45955 Wh_cumul=0.0291986 
t=253 V=3.45159 A=0.0776087 W=0.267873 mAh_cumul=8.48111 Wh_cumul=0.029273 
t=254 V=3.45158 A=0.077612 W=0.267884 mAh_cumul=8.50267 Wh_cumul=0.0293474 
t=255 V=3.45159 A=0.0768402 W=0.265221 mAh_cumul=8.52401 Wh_cumul=0.0294211 
t=256 V=3.45158 A=0.0767655 W=0.264962 mAh_cumul=8.54534 Wh_cumul=0.0294947 
t=257 V=3.45157 A=0.0765082 W=0.264073 mAh_cumul=8.56659 Wh_cumul=0.0295681 
t=258 V=3.45157 A=0.0765563 W=0.264239 mAh_cumul=8.58785 Wh_cumul=0.0296415 
t=259 V=3.45156 A=0.0763144 W=0.263404 mAh_cumul=8.60905 Wh_cumul=0.0297146 
t=260 V=3.45158 A=0.076161 W=0.262876 mAh_cumul=8.63021 Wh_cumul=0.0297877 
t=261 V=3.45158 A=0.076198 W=0.263003 mAh_cumul=8.65137 Wh_cumul=0.0298607 
t=262 V=3.45159 A=0.0760604 W=0.262529 mAh_cumul=8.6725 Wh_cumul=0.0299336 
t=263 V=3.45161 A=0.0758574 W=0.26183 mAh_cumul=8.69357 Wh_cumul=0.0300064 
t=264 V=3.45159 A=0.0755772 W=0.260862 mAh_cumul=8.71457 Wh_cumul=0.0300788 
t=265 V=3.45159 A=0.0752149 W=0.259611 mAh_cumul=8.73546 Wh_cumul=0.0301509 
t=266 V=3.45157 A=0.0749611 W=0.258733 mAh_cumul=8.75628 Wh_cumul=0.0302228 
t=267 V=3.45158 A=0.0743272 W=0.256546 mAh_cumul=8.77693 Wh_cumul=0.0302941 
t=268 V=3.45157 A=0.0745644 W=0.257364 mAh_cumul=8.79764 Wh_cumul=0.0303656 
t=269 V=3.45155 A=0.0749406 W=0.258661 mAh_cumul=8.81846 Wh_cumul=0.0304374 
t=270 V=3.45158 A=0.0744542 W=0.256985 mAh_cumul=8.83914 Wh_cumul=0.0305088 
t=271 V=3.45158 A=0.0742647 W=0.256331 mAh_cumul=8.85977 Wh_cumul=0.03058 
t=272 V=3.45158 A=0.0744023 W=0.256805 mAh_cumul=8.88044 Wh_cumul=0.0306513 
t=273 V=3.4516 A=0.0742722 W=0.256358 mAh_cumul=8.90107 Wh_cumul=0.0307225 
t=274 V=3.45159 A=0.0739917 W=0.255389 mAh_cumul=8.92162 Wh_cumul=0.0307935 
t=275 V=3.45159 A=0.0740165 W=0.255475 mAh_cumul=8.94218 Wh_cumul=0.0308645 
t=276 V=3.45161 A=0.0732898 W=0.252968 mAh_cumul=8.96254 Wh_cumul=0.0309347 
t=277 V=3.45158 A=0.0733411 W=0.253143 mAh_cumul=8.98291 Wh_cumul=0.031005 
t=278 V=3.45157 A=0.0734672 W=0.253577 mAh_cumul=9.00332 Wh_cumul=0.0310755 
t=279 V=3.45156 A=0.0732039 W=0.252668 mAh_cumul=9.02365 Wh_cumul=0.0311457 
t=280 V=3.45157 A=0.0735058 W=0.25371 mAh_cumul=9.04407 Wh_cumul=0.0312161 
t=281 V=3.45158 A=0.073095 W=0.252293 mAh_cumul=9.06438 Wh_cumul=0.0312862 
t=282 V=3.45158 A=0.0724831 W=0.250181 mAh_cumul=9.08451 Wh_cumul=0.0313557 
t=283 V=3.45156 A=0.0721889 W=0.249164 mAh_cumul=9.10456 Wh_cumul=0.0314249 
t=284 V=3.4516 A=0.0726136 W=0.250633 mAh_cumul=9.12473 Wh_cumul=0.0314945 
t=285 V=3.45162 A=0.072884 W=0.251568 mAh_cumul=9.14498 Wh_cumul=0.0315644 
t=286 V=3.45157 A=0.072307 W=0.249573 mAh_cumul=9.16506 Wh_cumul=0.0316338 
t=287 V=3.4516 A=0.0722382 W=0.249337 mAh_cumul=9.18513 Wh_cumul=0.031703 
t=288 V=3.4516 A=0.0718242 W=0.247908 mAh_cumul=9.20508 Wh_cumul=0.0317719 
t=289 V=3.45159 A=0.0716841 W=0.247424 mAh_cumul=9.22499 Wh_cumul=0.0318406 
t=290 V=3.45158 A=0.0715166 W=0.246845 mAh_cumul=9.24486 Wh_cumul=0.0319092 
t=291 V=3.45159 A=0.0715001 W=0.246789 mAh_cumul=9.26472 Wh_cumul=0.0319777 
t=292 V=3.45158 A=0.0713164 W=0.246154 mAh_cumul=9.28453 Wh_cumul=0.0320461 
t=293 V=3.45161 A=0.0713407 W=0.24624 mAh_cumul=9.30435 Wh_cumul=0.0321145 
t=294 V=3.45159 A=0.0706555 W=0.243874 mAh_cumul=9.32397 Wh_cumul=0.0321822 
t=295 V=3.4516 A=0.0704803 W=0.24327 mAh_cumul=9.34355 Wh_cumul=0.0322498 
t=296 V=3.4516 A=0.0705504 W=0.243512 mAh_cumul=9.36315 Wh_cumul=0.0323175 
t=297 V=3.45161 A=0.0704135 W=0.24304 mAh_cumul=9.38271 Wh_cumul=0.032385 
t=298 V=3.45161 A=0.0705084 W=0.243367 mAh_cumul=9.40229 Wh_cumul=0.0324526 
t=299 V=3.45162 A=0.0704436 W=0.243145 mAh_cumul=9.42186 Wh_cumul=0.0325201 
t=300 V=3.45162 A=0.0702688 W=0.242541 mAh_cumul=9.44138 Wh_cumul=0.0325875 
t=301 V=3.45161 A=0.0697863 W=0.240875 mAh_cumul=9.46077 Wh_cumul=0.0326544 
t=302 V=3.45164 A=0.0698164 W=0.240981 mAh_cumul=9.48016 Wh_cumul=0.0327213 
t=303 V=3.45159 A=0.0690814 W=0.238441 mAh_cumul=9.49935 Wh_cumul=0.0327876 
t=304 V=3.45159 A=0.0686463 W=0.236939 mAh_cumul=9.51842 Wh_cumul=0.0328534 
t=305 V=3.4516 A=0.0684576 W=0.236288 mAh_cumul=9.53743 Wh_cumul=0.032919 
t=306 V=3.45158 A=0.0681532 W=0.235236 mAh_cumul=9.55636 Wh_cumul=0.0329844 
t=307 V=3.45158 A=0.068278 W=0.235667 mAh_cumul=9.57533 Wh_cumul=0.0330498 
t=308 V=3.45159 A=0.0683798 W=0.236019 mAh_cumul=9.59433 Wh_cumul=0.0331154 
t=309 V=3.45162 A=0.0686127 W=0.236825 mAh_cumul=9.61338 Wh_cumul=0.0331812 
t=310 V=3.45161 A=0.0684947 W=0.236417 mAh_cumul=9.63241 Wh_cumul=0.0332468 
t=311 V=3.45162 A=0.0681376 W=0.235185 mAh_cumul=9.65134 Wh_cumul=0.0333122 
t=312 V=3.45159 A=0.0683287 W=0.235843 mAh_cumul=9.67032 Wh_cumul=0.0333777 
t=313 V=3.45158 A=0.0675071 W=0.233006 mAh_cumul=9.68907 Wh_cumul=0.0334424 
t=314 V=3.45155 A=0.0675272 W=0.233074 mAh_cumul=9.70783 Wh_cumul=0.0335072 
t=315 V=3.45156 A=0.0671014 W=0.231605 mAh_cumul=9.72647 Wh_cumul=0.0335715 
t=316 V=3.45155 A=0.066604 W=0.229887 mAh_cumul=9.74497 Wh_cumul=0.0336353 
t=317 V=3.45155 A=0.0662483 W=0.228659 mAh_cumul=9.76337 Wh_cumul=0.0336989 
t=318 V=3.45159 A=0.0665804 W=0.229808 mAh_cumul=9.78186 Wh_cumul=0.0337627 
t=319 V=3.45158 A=0.0671615 W=0.231813 mAh_cumul=9.80052 Wh_cumul=0.0338271 
t=320 V=3.45158 A=0.0668409 W=0.230707 mAh_cumul=9.81909 Wh_cumul=0.0338912 
t=321 V=3.45157 A=0.0664545 W=0.229372 mAh_cumul=9.83755 Wh_cumul=0.0339549 
t=322 V=3.45159 A=0.0666443 W=0.230029 mAh_cumul=9.85606 Wh_cumul=0.0340188 
t=323 V=3.45159 A=0.0662078 W=0.228522 mAh_cumul=9.87445 Wh_cumul=0.0340823 
t=324 V=3.45156 A=0.0658443 W=0.227266 mAh_cumul=9.89274 Wh_cumul=0.0341454 
t=325 V=3.45158 A=0.0652699 W=0.225284 mAh_cumul=9.91087 Wh_cumul=0.034208 
t=326 V=3.45154 A=0.0649744 W=0.224262 mAh_cumul=9.92892 Wh_cumul=0.0342703 
t=327 V=3.45155 A=0.0650903 W=0.224662 mAh_cumul=9.947 Wh_cumul=0.0343327 
t=328 V=3.45157 A=0.0651603 W=0.224905 mAh_cumul=9.9651 Wh_cumul=0.0343951 
t=329 V=3.45156 A=0.0649056 W=0.224026 mAh_cumul=9.98313 Wh_cumul=0.0344574 
t=330 V=3.45158 A=0.0649925 W=0.224327 mAh_cumul=10.0012 Wh_cumul=0.0345197 
t=331 V=3.45156 A=0.064652 W=0.22315 mAh_cumul=10.0191 Wh_cumul=0.0345817 
t=332 V=3.45155 A=0.0645745 W=0.222882 mAh_cumul=10.0371 Wh_cumul=0.0346436 
t=333 V=3.45157 A=0.0645299 W=0.222729 mAh_cumul=10.055 Wh_cumul=0.0347055 
t=334 V=3.45154 A=0.0640173 W=0.220958 mAh_cumul=10.0728 Wh_cumul=0.0347668 
t=335 V=3.45157 A=0.0643661 W=0.222164 mAh_cumul=10.0907 Wh_cumul=0.0348285 
t=336 V=3.45158 A=0.0642488 W=0.22176 mAh_cumul=10.1085 Wh_cumul=0.0348901 
t=337 V=3.45158 A=0.0638466 W=0.220372 mAh_cumul=10.1262 Wh_cumul=0.0349514 
t=338 V=3.45162 A=0.0644437 W=0.222435 mAh_cumul=10.1441 Wh_cumul=0.0350132 
t=339 V=3.4516 A=0.0645367 W=0.222755 mAh_cumul=10.1621 Wh_cumul=0.035075 
t=340 V=3.45161 A=0.064178 W=0.221517 mAh_cumul=10.1799 Wh_cumul=0.0351366 
t=341 V=3.45161 A=0.0635379 W=0.219308 mAh_cumul=10.1976 Wh_cumul=0.0351975 
t=342 V=3.45157 A=0.0630637 W=0.217669 mAh_cumul=10.2151 Wh_cumul=0.0352579 
t=343 V=3.45158 A=0.0630529 W=0.217632 mAh_cumul=10.2326 Wh_cumul=0.0353184 
t=344 V=3.45155 A=0.062643 W=0.216215 mAh_cumul=10.25 Wh_cumul=0.0353785 
t=345 V=3.45159 A=0.0627672 W=0.216647 mAh_cumul=10.2674 Wh_cumul=0.0354386 
t=346 V=3.45157 A=0.062635 W=0.216189 mAh_cumul=10.2848 Wh_cumul=0.0354987 
t=347 V=3.45157 A=0.0624955 W=0.215708 mAh_cumul=10.3022 Wh_cumul=0.0355586 
END

