0 errors cleared
t=0 V=4.16181 A=0.00951583 W=0.0396031 mAh_cumul=0 Wh_cumul=0 
t=1 V=4.16178 A=0.00951173 W=0.0395857 mAh_cumul=0.00264215 Wh_cumul=1.0996e-05 
t=2 V=4.18287 A=0.570284 W=2.38542 mAh_cumul=0.161054 Wh_cumul=0.000673614 
t=3 V=4.18445 A=0.569998 W=2.38513 mAh_cumul=0.319387 Wh_cumul=0.00133615 
t=4 V=4.18542 A=0.569955 W=2.3855 mAh_cumul=0.477708 Wh_cumul=0.00199879 
t=5 V=4.1863 A=0.56994 W=2.38594 mAh_cumul=0.636025 Wh_cumul=0.00266155 
t=6 V=4.18697 A=0.569926 W=2.38626 mAh_cumul=0.794337 Wh_cumul=0.0033244 
t=7 V=4.18761 A=0.569915 W=2.38658 mAh_cumul=0.952647 Wh_cumul=0.00398734 
t=8 V=4.18823 A=0.569911 W=2.38692 mAh_cumul=1.11096 Wh_cumul=0.00465037 
t=9 V=4.18882 A=0.569919 W=2.38729 mAh_cumul=1.26927 Wh_cumul=0.00531351 
t=10 V=4.18939 A=0.569915 W=2.3876 mAh_cumul=1.42758 Wh_cumul=0.00597673 
t=11 V=4.18991 A=0.569905 W=2.38785 mAh_cumul=1.58588 Wh_cumul=0.00664002 
t=12 V=4.19039 A=0.569907 W=2.38813 mAh_cumul=1.74419 Wh_cumul=0.00730339 
t=13 V=4.19089 A=0.569906 W=2.38841 mAh_cumul=1.9025 Wh_cumul=0.00796684 
t=14 V=4.19135 A=0.569889 W=2.3886 mAh_cumul=2.0608 Wh_cumul=0.00863034 
t=15 V=4.19182 A=0.569903 W=2.38893 mAh_cumul=2.21911 Wh_cumul=0.00929393 
t=16 V=4.19228 A=0.569895 W=2.38916 mAh_cumul=2.37741 Wh_cumul=0.00995759 
t=17 V=4.19271 A=0.569899 W=2.38942 mAh_cumul=2.53572 Wh_cumul=0.0106213 
t=18 V=4.19315 A=0.569898 W=2.38967 mAh_cumul=2.69402 Wh_cumul=0.0112851 
t=19 V=4.1936 A=0.569895 W=2.38991 mAh_cumul=2.85233 Wh_cumul=0.011949 
t=20 V=4.194 A=0.569896 W=2.39014 mAh_cumul=3.01063 Wh_cumul=0.0126129 
t=21 V=4.1944 A=0.569895 W=2.39037 mAh_cumul=3.16893 Wh_cumul=0.0132769 
t=22 V=4.19481 A=0.569889 W=2.39058 mAh_cumul=3.32724 Wh_cumul=0.0139409 
t=23 V=4.19519 A=0.569879 W=2.39075 mAh_cumul=3.48554 Wh_cumul=0.014605 
t=24 V=4.19559 A=0.56989 W=2.39102 mAh_cumul=3.64384 Wh_cumul=0.0152692 
t=25 V=4.19596 A=0.569906 W=2.3913 mAh_cumul=3.80215 Wh_cumul=0.0159335 
t=26 V=4.19632 A=0.569898 W=2.39147 mAh_cumul=3.96045 Wh_cumul=0.0165978 
t=27 V=4.19668 A=0.569901 W=2.39169 mAh_cumul=4.11876 Wh_cumul=0.0172621 
t=28 V=4.19705 A=0.569892 W=2.39187 mAh_cumul=4.27706 Wh_cumul=0.0179265 
t=29 V=4.19739 A=0.569894 W=2.39207 mAh_cumul=4.43536 Wh_cumul=0.018591 
t=30 V=4.19773 A=0.56989 W=2.39224 mAh_cumul=4.59367 Wh_cumul=0.0192555 
t=31 V=4.19812 A=0.56989 W=2.39247 mAh_cumul=4.75197 Wh_cumul=0.0199201 
t=32 V=4.19842 A=0.569896 W=2.39266 mAh_cumul=4.91027 Wh_cumul=0.0205847 
t=33 V=4.19882 A=0.569891 W=2.39287 mAh_cumul=5.06858 Wh_cumul=0.0212494 
t=34 V=4.19913 A=0.569887 W=2.39303 mAh_cumul=5.22688 Wh_cumul=0.0219141 
t=35 V=4.19945 A=0.569886 W=2.39321 mAh_cumul=5.38518 Wh_cumul=0.0225789 
t=36 V=4.19977 A=0.569888 W=2.3934 mAh_cumul=5.54348 Wh_cumul=0.0232437 
t=37 V=4.20009 A=0.569896 W=2.39361 mAh_cumul=5.70179 Wh_cumul=0.0239086 
t=38 V=4.20037 A=0.569878 W=2.3937 mAh_cumul=5.86009 Wh_cumul=0.0245735 
t=39 V=4.20072 A=0.569889 W=2.39394 mAh_cumul=6.01839 Wh_cumul=0.0252385 
t=40 V=4.20102 A=0.569895 W=2.39414 mAh_cumul=6.17669 Wh_cumul=0.0259036 
t=41 V=4.20129 A=0.569877 W=2.39422 mAh_cumul=6.33499 Wh_cumul=0.0265686 
t=42 V=4.20163 A=0.569877 W=2.39441 mAh_cumul=6.49329 Wh_cumul=0.0272337 
t=43 V=4.20195 A=0.569886 W=2.39463 mAh_cumul=6.65159 Wh_cumul=0.0278989 
t=44 V=4.20223 A=0.569885 W=2.39479 mAh_cumul=6.8099 Wh_cumul=0.0285641 
t=45 V=4.20251 A=0.569881 W=2.39493 mAh_cumul=6.9682 Wh_cumul=0.0292294 
t=46 V=4.20264 A=0.564183 W=2.37106 mAh_cumul=7.12491 Wh_cumul=0.029888 
t=47 V=4.20265 A=0.55684 W=2.3402 mAh_cumul=7.27959 Wh_cumul=0.0305381 
t=48 V=4.20264 A=0.549893 W=2.311 mAh_cumul=7.43234 Wh_cumul=0.03118 
t=49 V=4.20264 A=0.542958 W=2.28186 mAh_cumul=7.58316 Wh_cumul=0.0318139 
t=50 V=4.20262 A=0.536451 W=2.2545 mAh_cumul=7.73217 Wh_cumul=0.0324401 
t=51 V=4.20266 A=0.530402 W=2.2291 mAh_cumul=7.87951 Wh_cumul=0.0330593 
t=52 V=4.20265 A=0.524927 W=2.20608 mAh_cumul=8.02532 Wh_cumul=0.0336721 
t=53 V=4.20265 A=0.519079 W=2.18151 mAh_cumul=8.16951 Wh_cumul=0.0342781 
t=54 V=4.20265 A=0.513804 W=2.15934 mAh_cumul=8.31223 Wh_cumul=0.0348779 
t=55 V=4.20266 A=0.508355 W=2.13644 mAh_cumul=8.45344 Wh_cumul=0.0354714 
t=56 V=4.20264 A=0.503189 W=2.11472 mAh_cumul=8.59322 Wh_cumul=0.0360588 
t=57 V=4.20266 A=0.498346 W=2.09438 mAh_cumul=8.73165 Wh_cumul=0.0366406 
t=58 V=4.20266 A=0.493329 W=2.07329 mAh_cumul=8.86868 Wh_cumul=0.0372165 
t=59 V=4.20262 A=0.488352 W=2.05236 mAh_cumul=9.00434 Wh_cumul=0.0377866 
t=60 V=4.20265 A=0.483829 W=2.03336 mAh_cumul=9.13873 Wh_cumul=0.0383514 
t=61 V=4.20263 A=0.479104 W=2.0135 mAh_cumul=9.27182 Wh_cumul=0.0389107 
t=62 V=4.20264 A=0.473919 W=1.99171 mAh_cumul=9.40346 Wh_cumul=0.039464 
t=63 V=4.20264 A=0.469438 W=1.97288 mAh_cumul=9.53386 Wh_cumul=0.040012 
t=64 V=4.20262 A=0.465257 W=1.9553 mAh_cumul=9.6631 Wh_cumul=0.0405551 
t=65 V=4.20263 A=0.461602 W=1.93994 mAh_cumul=9.79132 Wh_cumul=0.041094 
t=66 V=4.20265 A=0.457928 W=1.92451 mAh_cumul=9.91852 Wh_cumul=0.0416286 
t=67 V=4.20263 A=0.454076 W=1.90831 mAh_cumul=10.0447 Wh_cumul=0.0421587 
t=68 V=4.20265 A=0.449789 W=1.89031 mAh_cumul=10.1696 Wh_cumul=0.0426838 
t=69 V=4.20264 A=0.445648 W=1.8729 mAh_cumul=10.2934 Wh_cumul=0.043204 
t=70 V=4.20266 A=0.442084 W=1.85793 mAh_cumul=10.4162 Wh_cumul=0.0437201 
t=71 V=4.20263 A=0.43887 W=1.84441 mAh_cumul=10.5381 Wh_cumul=0.0442324 
t=72 V=4.20261 A=0.435196 W=1.82896 mAh_cumul=10.659 Wh_cumul=0.0447405 
t=73 V=4.20264 A=0.432207 W=1.81641 mAh_cumul=10.779 Wh_cumul=0.045245 
t=74 V=4.20263 A=0.428324 W=1.80009 mAh_cumul=10.898 Wh_cumul=0.0457451 
t=75 V=4.20263 A=0.425093 W=1.78651 mAh_cumul=11.0161 Wh_cumul=0.0462413 
t=76 V=4.20263 A=0.42182 W=1.77275 mAh_cumul=11.1333 Wh_cumul=0.0467337 
t=77 V=4.20262 A=0.419048 W=1.7611 mAh_cumul=11.2497 Wh_cumul=0.0472229 
t=78 V=4.20263 A=0.416552 W=1.75061 mAh_cumul=11.3654 Wh_cumul=0.0477092 
t=79 V=4.20264 A=0.413583 W=1.73814 mAh_cumul=11.4803 Wh_cumul=0.048192 
t=80 V=4.20263 A=0.41054 W=1.72535 mAh_cumul=11.5943 Wh_cumul=0.0486713 
t=81 V=4.20264 A=0.406828 W=1.70975 mAh_cumul=11.7073 Wh_cumul=0.0491462 
t=82 V=4.20261 A=0.404262 W=1.69896 mAh_cumul=11.8196 Wh_cumul=0.0496182 
t=83 V=4.20263 A=0.401338 W=1.68668 mAh_cumul=11.9311 Wh_cumul=0.0500867 
t=84 V=4.20261 A=0.398661 W=1.67542 mAh_cumul=12.0418 Wh_cumul=0.0505521 
t=85 V=4.2026 A=0.395598 W=1.66254 mAh_cumul=12.1517 Wh_cumul=0.0510139 
t=86 V=4.20262 A=0.39331 W=1.65293 mAh_cumul=12.261 Wh_cumul=0.051473 
t=87 V=4.20263 A=0.391334 W=1.64463 mAh_cumul=12.3697 Wh_cumul=0.0519299 
t=88 V=4.20262 A=0.389157 W=1.63548 mAh_cumul=12.4778 Wh_cumul=0.0523842 
t=89 V=4.20262 A=0.386421 W=1.62398 mAh_cumul=12.5851 Wh_cumul=0.0528353 
t=90 V=4.20261 A=0.383489 W=1.61165 mAh_cumul=12.6916 Wh_cumul=0.053283 
t=91 V=4.20261 A=0.381004 W=1.60121 mAh_cumul=12.7975 Wh_cumul=0.0537277 
t=92 V=4.20265 A=0.379078 W=1.59313 mAh_cumul=12.9028 Wh_cumul=0.0541703 
t=93 V=4.20265 A=0.376895 W=1.58396 mAh_cumul=13.0075 Wh_cumul=0.0546103 
t=94 V=4.20264 A=0.374662 W=1.57457 mAh_cumul=13.1115 Wh_cumul=0.0550477 
t=95 V=4.20264 A=0.371816 W=1.56261 mAh_cumul=13.2148 Wh_cumul=0.0554817 
t=96 V=4.20264 A=0.369588 W=1.55325 mAh_cumul=13.3175 Wh_cumul=0.0559132 
t=97 V=4.20265 A=0.367076 W=1.54269 mAh_cumul=13.4195 Wh_cumul=0.0563417 
t=98 V=4.20263 A=0.365163 W=1.53464 mAh_cumul=13.5209 Wh_cumul=0.056768 
t=99 V=4.20263 A=0.362834 W=1.52486 mAh_cumul=13.6217 Wh_cumul=0.0571916 
t=100 V=4.20264 A=0.360882 W=1.51666 mAh_cumul=13.7219 Wh_cumul=0.0576128 
t=101 V=4.20265 A=0.358916 W=1.5084 mAh_cumul=13.8216 Wh_cumul=0.0580318 
t=102 V=4.20264 A=0.356924 W=1.50002 mAh_cumul=13.9208 Wh_cumul=0.0584485 
t=103 V=4.20261 A=0.354257 W=1.4888 mAh_cumul=14.0192 Wh_cumul=0.0588621 
t=104 V=4.20261 A=0.35218 W=1.48008 mAh_cumul=14.117 Wh_cumul=0.0592732 
t=105 V=4.20263 A=0.350321 W=1.47227 mAh_cumul=14.2143 Wh_cumul=0.0596822 
t=106 V=4.20261 A=0.348218 W=1.46342 mAh_cumul=14.311 Wh_cumul=0.0600887 
t=107 V=4.20259 A=0.346109 W=1.45455 mAh_cumul=14.4072 Wh_cumul=0.0604927 
t=108 V=4.20262 A=0.344217 W=1.44661 mAh_cumul=14.5028 Wh_cumul=0.0608946 
t=109 V=4.20264 A=0.342234 W=1.43829 mAh_cumul=14.5979 Wh_cumul=0.0612941 
t=110 V=4.20262 A=0.34026 W=1.42998 mAh_cumul=14.6924 Wh_cumul=0.0616913 
t=111 V=4.20261 A=0.338102 W=1.42091 mAh_cumul=14.7863 Wh_cumul=0.062086 
t=112 V=4.2026 A=0.33674 W=1.41518 mAh_cumul=14.8798 Wh_cumul=0.0624791 
t=113 V=4.20262 A=0.334456 W=1.40559 mAh_cumul=14.9727 Wh_cumul=0.0628695 
t=114 V=4.2026 A=0.332973 W=1.39935 mAh_cumul=15.0652 Wh_cumul=0.0632583 
t=115 V=4.20262 A=0.331256 W=1.39214 mAh_cumul=15.1572 Wh_cumul=0.063645 
t=116 V=4.20267 A=0.329919 W=1.38654 mAh_cumul=15.2489 Wh_cumul=0.0640301 
t=117 V=4.20262 A=0.328158 W=1.37912 mAh_cumul=15.34 Wh_cumul=0.0644132 
t=118 V=4.20264 A=0.326545 W=1.37235 mAh_cumul=15.4307 Wh_cumul=0.0647944 
t=119 V=4.20263 A=0.324536 W=1.3639 mAh_cumul=15.5209 Wh_cumul=0.0651733 
t=120 V=4.20261 A=0.323039 W=1.35761 mAh_cumul=15.6106 Wh_cumul=0.0655504 
t=121 V=4.20267 A=0.321456 W=1.35097 mAh_cumul=15.6999 Wh_cumul=0.0659257 
t=122 V=4.20265 A=0.319717 W=1.34366 mAh_cumul=15.7887 Wh_cumul=0.0662989 
t=123 V=4.20262 A=0.317783 W=1.33552 mAh_cumul=15.877 Wh_cumul=0.0666699 
t=124 V=4.20263 A=0.316679 W=1.33088 mAh_cumul=15.965 Wh_cumul=0.0670396 
t=125 V=4.20265 A=0.314792 W=1.32296 mAh_cumul=16.0524 Wh_cumul=0.0674071 
t=126 V=4.20263 A=0.313107 W=1.31587 mAh_cumul=16.1394 Wh_cumul=0.0677726 
t=127 V=4.20266 A=0.311829 W=1.31051 mAh_cumul=16.226 Wh_cumul=0.0681366 
t=128 V=4.2026 A=0.310193 W=1.30362 mAh_cumul=16.3122 Wh_cumul=0.0684987 
t=129 V=4.20262 A=0.308507 W=1.29654 mAh_cumul=16.3979 Wh_cumul=0.0688589 
t=130 V=4.20263 A=0.307089 W=1.29058 mAh_cumul=16.4832 Wh_cumul=0.0692174 
t=131 V=4.20265 A=0.305707 W=1.28478 mAh_cumul=16.5681 Wh_cumul=0.0695742 
t=132 V=4.20262 A=0.304032 W=1.27773 mAh_cumul=16.6525 Wh_cumul=0.0699292 
t=133 V=4.20264 A=0.302587 W=1.27166 mAh_cumul=16.7366 Wh_cumul=0.0702824 
t=134 V=4.20265 A=0.301125 W=1.26552 mAh_cumul=16.8202 Wh_cumul=0.0706339 
t=135 V=4.20261 A=0.299685 W=1.25946 mAh_cumul=16.9035 Wh_cumul=0.0709838 
t=136 V=4.20261 A=0.297813 W=1.25159 mAh_cumul=16.9862 Wh_cumul=0.0713315 
t=137 V=4.20265 A=0.296614 W=1.24656 mAh_cumul=17.0686 Wh_cumul=0.0716777 
t=138 V=4.20265 A=0.295406 W=1.24149 mAh_cumul=17.1507 Wh_cumul=0.0720226 
t=139 V=4.20264 A=0.293951 W=1.23537 mAh_cumul=17.2323 Wh_cumul=0.0723657 
t=140 V=4.20263 A=0.292867 W=1.23081 mAh_cumul=17.3137 Wh_cumul=0.0727076 
t=141 V=4.20266 A=0.291301 W=1.22424 mAh_cumul=17.3946 Wh_cumul=0.0730477 
t=142 V=4.20263 A=0.28976 W=1.21775 mAh_cumul=17.4751 Wh_cumul=0.073386 
t=143 V=4.20264 A=0.288065 W=1.21063 mAh_cumul=17.5551 Wh_cumul=0.0737223 
t=144 V=4.20265 A=0.286666 W=1.20476 mAh_cumul=17.6347 Wh_cumul=0.0740569 
t=145 V=4.20264 A=0.284994 W=1.19773 mAh_cumul=17.7139 Wh_cumul=0.0743896 
t=146 V=4.20264 A=0.283795 W=1.19269 mAh_cumul=17.7927 Wh_cumul=0.0747209 
t=147 V=4.20267 A=0.282831 W=1.18865 mAh_cumul=17.8713 Wh_cumul=0.0750511 
t=148 V=4.20266 A=0.281394 W=1.1826 mAh_cumul=17.9494 Wh_cumul=0.0753796 
t=149 V=4.20266 A=0.280107 W=1.17719 mAh_cumul=18.0273 Wh_cumul=0.0757066 
t=150 V=4.20264 A=0.279037 W=1.17269 mAh_cumul=18.1048 Wh_cumul=0.0760323 
t=151 V=4.20269 A=0.277757 W=1.16733 mAh_cumul=18.1819 Wh_cumul=0.0763566 
t=152 V=4.20265 A=0.276254 W=1.161 mAh_cumul=18.2587 Wh_cumul=0.0766791 
t=153 V=4.20268 A=0.274819 W=1.15498 mAh_cumul=18.335 Wh_cumul=0.0769999 
t=154 V=4.20269 A=0.273615 W=1.14992 mAh_cumul=18.411 Wh_cumul=0.0773193 
t=155 V=4.20265 A=0.272037 W=1.14328 mAh_cumul=18.4866 Wh_cumul=0.0776369 
t=156 V=4.20264 A=0.27043 W=1.13652 mAh_cumul=18.5617 Wh_cumul=0.0779526 
t=157 V=4.20265 A=0.268925 W=1.1302 mAh_cumul=18.6364 Wh_cumul=0.0782666 
t=158 V=4.20266 A=0.26816 W=1.12699 mAh_cumul=18.7109 Wh_cumul=0.0785796 
t=159 V=4.20265 A=0.267153 W=1.12275 mAh_cumul=18.7851 Wh_cumul=0.0788915 
t=160 V=4.20264 A=0.265561 W=1.11606 mAh_cumul=18.8589 Wh_cumul=0.0792015 
t=161 V=4.20266 A=0.263858 W=1.10891 mAh_cumul=18.9321 Wh_cumul=0.0795095 
t=162 V=4.20262 A=0.262566 W=1.10347 mAh_cumul=19.0051 Wh_cumul=0.0798161 
t=163 V=4.20263 A=0.261323 W=1.09824 mAh_cumul=19.0777 Wh_cumul=0.0801211 
t=164 V=4.20265 A=0.260151 W=1.09332 mAh_cumul=19.1499 Wh_cumul=0.0804248 
t=165 V=4.20263 A=0.259367 W=1.09002 mAh_cumul=19.222 Wh_cumul=0.0807276 
t=166 V=4.20264 A=0.258231 W=1.08525 mAh_cumul=19.2937 Wh_cumul=0.0810291 
t=167 V=4.20265 A=0.25713 W=1.08063 mAh_cumul=19.3651 Wh_cumul=0.0813292 
t=168 V=4.20265 A=0.255756 W=1.07485 mAh_cumul=19.4362 Wh_cumul=0.0816278 
t=169 V=4.20267 A=0.254371 W=1.06904 mAh_cumul=19.5068 Wh_cumul=0.0819248 
t=170 V=4.20262 A=0.253411 W=1.06499 mAh_cumul=19.5772 Wh_cumul=0.0822206 
t=171 V=4.20265 A=0.252598 W=1.06158 mAh_cumul=19.6474 Wh_cumul=0.0825155 
t=172 V=4.20264 A=0.251552 W=1.05718 mAh_cumul=19.7173 Wh_cumul=0.0828091 
t=173 V=4.20265 A=0.250249 W=1.05171 mAh_cumul=19.7868 Wh_cumul=0.0831013 
t=174 V=4.20262 A=0.248829 W=1.04573 mAh_cumul=19.8559 Wh_cumul=0.0833918 
t=175 V=4.20262 A=0.247849 W=1.04162 mAh_cumul=19.9248 Wh_cumul=0.0836811 
t=176 V=4.20264 A=0.246725 W=1.0369 mAh_cumul=19.9933 Wh_cumul=0.0839691 
t=177 V=4.20267 A=0.245999 W=1.03385 mAh_cumul=20.0616 Wh_cumul=0.0842563 
t=178 V=4.20265 A=0.244543 W=1.02773 mAh_cumul=20.1296 Wh_cumul=0.0845418 
t=179 V=4.20265 A=0.242955 W=1.02105 mAh_cumul=20.197 Wh_cumul=0.0848254 
t=180 V=4.20265 A=0.241609 W=1.0154 mAh_cumul=20.2642 Wh_cumul=0.0851075 
t=181 V=4.20263 A=0.240753 W=1.0118 mAh_cumul=20.331 Wh_cumul=0.0853885 
t=182 V=4.20264 A=0.23957 W=1.00683 mAh_cumul=20.3976 Wh_cumul=0.0856682 
t=183 V=4.20264 A=0.2387 W=1.00317 mAh_cumul=20.4639 Wh_cumul=0.0859469 
t=184 V=4.20263 A=0.237585 W=0.998482 mAh_cumul=20.5299 Wh_cumul=0.0862242 
t=185 V=4.20265 A=0.236777 W=0.995091 mAh_cumul=20.5956 Wh_cumul=0.0865006 
t=186 V=4.20265 A=0.235971 W=0.991704 mAh_cumul=20.6612 Wh_cumul=0.0867761 
t=187 V=4.20267 A=0.234901 W=0.987211 mAh_cumul=20.7264 Wh_cumul=0.0870503 
t=188 V=4.20265 A=0.233988 W=0.98337 mAh_cumul=20.7914 Wh_cumul=0.0873235 
t=189 V=4.20265 A=0.233025 W=0.979323 mAh_cumul=20.8562 Wh_cumul=0.0875955 
t=190 V=4.20264 A=0.23187 W=0.974466 mAh_cumul=20.9206 Wh_cumul=0.0878662 
t=191 V=4.20265 A=0.231259 W=0.971901 mAh_cumul=20.9848 Wh_cumul=0.0881362 
t=192 V=4.20269 A=0.230163 W=0.967304 mAh_cumul=21.0488 Wh_cumul=0.0884049 
t=193 V=4.20263 A=0.229168 W=0.963108 mAh_cumul=21.1124 Wh_cumul=0.0886724 
t=194 V=4.20268 A=0.228208 W=0.959085 mAh_cumul=21.1758 Wh_cumul=0.0889388 
t=195 V=4.20263 A=0.227231 W=0.954968 mAh_cumul=21.2389 Wh_cumul=0.0892041 
t=196 V=4.20266 A=0.226596 W=0.952306 mAh_cumul=21.3019 Wh_cumul=0.0894686 
t=197 V=4.20265 A=0.225529 W=0.947819 mAh_cumul=21.3645 Wh_cumul=0.0897319 
t=198 V=4.20268 A=0.224188 W=0.94219 mAh_cumul=21.4268 Wh_cumul=0.0899936 
t=199 V=4.20264 A=0.22301 W=0.937231 mAh_cumul=21.4887 Wh_cumul=0.090254 
t=200 V=4.20265 A=0.222479 W=0.935001 mAh_cumul=21.5505 Wh_cumul=0.0905137 
t=201 V=4.20263 A=0.221751 W=0.931937 mAh_cumul=21.6121 Wh_cumul=0.0907726 
t=202 V=4.20266 A=0.220317 W=0.925917 mAh_cumul=21.6733 Wh_cumul=0.0910298 
t=203 V=4.20264 A=0.219449 W=0.922265 mAh_cumul=21.7343 Wh_cumul=0.0912859 
t=204 V=4.20264 A=0.218771 W=0.919416 mAh_cumul=21.7951 Wh_cumul=0.0915413 
t=205 V=4.20266 A=0.217519 W=0.914158 mAh_cumul=21.8555 Wh_cumul=0.0917953 
t=206 V=4.20263 A=0.216303 W=0.909041 mAh_cumul=21.9156 Wh_cumul=0.0920478 
t=207 V=4.20261 A=0.215236 W=0.904553 mAh_cumul=21.9754 Wh_cumul=0.092299 
t=208 V=4.20264 A=0.214413 W=0.901101 mAh_cumul=22.0349 Wh_cumul=0.0925493 
t=209 V=4.20265 A=0.213548 W=0.897468 mAh_cumul=22.0942 Wh_cumul=0.0927986 
t=210 V=4.20263 A=0.212532 W=0.893193 mAh_cumul=22.1533 Wh_cumul=0.0930468 
t=211 V=4.20263 A=0.211728 W=0.889814 mAh_cumul=22.2121 Wh_cumul=0.0932939 
t=212 V=4.20261 A=0.210595 W=0.885049 mAh_cumul=22.2706 Wh_cumul=0.0935398 
t=213 V=4.20264 A=0.210222 W=0.883487 mAh_cumul=22.329 Wh_cumul=0.0937852 
t=214 V=4.20265 A=0.209324 W=0.879716 mAh_cumul=22.3871 Wh_cumul=0.0940296 
t=215 V=4.20262 A=0.208268 W=0.875271 mAh_cumul=22.445 Wh_cumul=0.0942727 
t=216 V=4.20263 A=0.207669 W=0.872756 mAh_cumul=22.5027 Wh_cumul=0.0945151 
t=217 V=4.20262 A=0.206966 W=0.869799 mAh_cumul=22.5601 Wh_cumul=0.0947567 
t=218 V=4.20266 A=0.206114 W=0.866227 mAh_cumul=22.6174 Wh_cumul=0.0949973 
t=219 V=4.20262 A=0.205433 W=0.863357 mAh_cumul=22.6745 Wh_cumul=0.0952372 
t=220 V=4.20266 A=0.205013 W=0.8616 mAh_cumul=22.7314 Wh_cumul=0.0954765 
t=221 V=4.20267 A=0.204579 W=0.859778 mAh_cumul=22.7882 Wh_cumul=0.0957153 
t=222 V=4.20269 A=0.203951 W=0.857143 mAh_cumul=22.8449 Wh_cumul=0.0959534 
t=223 V=4.20265 A=0.202908 W=0.852751 mAh_cumul=22.9013 Wh_cumul=0.0961903 
t=224 V=4.20267 A=0.201524 W=0.846939 mAh_cumul=22.9572 Wh_cumul=0.0964256 
t=225 V=4.20266 A=0.20076 W=0.843726 mAh_cumul=23.013 Wh_cumul=0.0966599 
t=226 V=4.20265 A=0.200213 W=0.841425 mAh_cumul=23.0686 Wh_cumul=0.0968937 
t=227 V=4.20266 A=0.199357 W=0.83783 mAh_cumul=23.124 Wh_cumul=0.0971264 
t=228 V=4.20266 A=0.198773 W=0.835375 mAh_cumul=23.1792 Wh_cumul=0.0973584 
t=229 V=4.20265 A=0.197734 W=0.831007 mAh_cumul=23.2341 Wh_cumul=0.0975893 
t=230 V=4.20268 A=0.196955 W=0.827739 mAh_cumul=23.2888 Wh_cumul=0.0978192 
t=231 V=4.20266 A=0.196 W=0.823721 mAh_cumul=23.3433 Wh_cumul=0.098048 
t=232 V=4.20263 A=0.195372 W=0.821076 mAh_cumul=23.3976 Wh_cumul=0.0982761 
t=233 V=4.20264 A=0.19487 W=0.818968 mAh_cumul=23.4517 Wh_cumul=0.0985036 
t=234 V=4.20263 A=0.194257 W=0.81639 mAh_cumul=23.5057 Wh_cumul=0.0987304 
t=235 V=4.20268 A=0.19326 W=0.81221 mAh_cumul=23.5593 Wh_cumul=0.098956 
t=236 V=4.20267 A=0.192327 W=0.808287 mAh_cumul=23.6128 Wh_cumul=0.0991805 
t=237 V=4.20269 A=0.191202 W=0.803563 mAh_cumul=23.6659 Wh_cumul=0.0994037 
t=238 V=4.20263 A=0.190656 W=0.801257 mAh_cumul=23.7188 Wh_cumul=0.0996263 
t=239 V=4.20262 A=0.189065 W=0.794568 mAh_cumul=23.7713 Wh_cumul=0.099847 
t=240 V=4.20263 A=0.188377 W=0.791679 mAh_cumul=23.8237 Wh_cumul=0.100067 
t=241 V=4.20261 A=0.187589 W=0.788363 mAh_cumul=23.8758 Wh_cumul=0.100286 
t=242 V=4.20263 A=0.186767 W=0.784913 mAh_cumul=23.9277 Wh_cumul=0.100504 
t=243 V=4.20265 A=0.186164 W=0.782382 mAh_cumul=23.9794 Wh_cumul=0.100721 
t=244 V=4.20264 A=0.185401 W=0.779174 mAh_cumul=24.0309 Wh_cumul=0.100938 
t=245 V=4.20262 A=0.184348 W=0.774745 mAh_cumul=24.0821 Wh_cumul=0.101153 
t=246 V=4.20263 A=0.183878 W=0.772771 mAh_cumul=24.1332 Wh_cumul=0.101368 
t=247 V=4.20263 A=0.183122 W=0.769594 mAh_cumul=24.184 Wh_cumul=0.101581 
t=248 V=4.20264 A=0.182725 W=0.767927 mAh_cumul=24.2348 Wh_cumul=0.101795 
t=249 V=4.20265 A=0.181871 W=0.76434 mAh_cumul=24.2853 Wh_cumul=0.102007 
t=250 V=4.20264 A=0.181201 W=0.761523 mAh_cumul=24.3356 Wh_cumul=0.102218 
t=251 V=4.20263 A=0.180402 W=0.758163 mAh_cumul=24.3857 Wh_cumul=0.102429 
t=252 V=4.20265 A=0.179934 W=0.7562 mAh_cumul=24.4357 Wh_cumul=0.102639 
t=253 V=4.20264 A=0.179063 W=0.752537 mAh_cumul=24.4855 Wh_cumul=0.102848 
t=254 V=4.20263 A=0.178405 W=0.74977 mAh_cumul=24.535 Wh_cumul=0.103056 
t=255 V=4.20264 A=0.177775 W=0.747124 mAh_cumul=24.5844 Wh_cumul=0.103264 
t=256 V=4.20263 A=0.17713 W=0.744412 mAh_cumul=24.6336 Wh_cumul=0.103471 
t=257 V=4.20262 A=0.176206 W=0.740527 mAh_cumul=24.6826 Wh_cumul=0.103676 
t=258 V=4.20264 A=0.175308 W=0.736756 mAh_cumul=24.7313 Wh_cumul=0.103881 
t=259 V=4.20261 A=0.174331 W=0.732645 mAh_cumul=24.7797 Wh_cumul=0.104085 
t=260 V=4.20263 A=0.173936 W=0.730989 mAh_cumul=24.828 Wh_cumul=0.104288 
t=261 V=4.20262 A=0.173049 W=0.727259 mAh_cumul=24.8761 Wh_cumul=0.10449 
t=262 V=4.2026 A=0.172679 W=0.725701 mAh_cumul=24.924 Wh_cumul=0.104691 
t=263 V=4.20258 A=0.171978 W=0.722751 mAh_cumul=24.9718 Wh_cumul=0.104892 
t=264 V=4.20261 A=0.171368 W=0.720193 mAh_cumul=25.0194 Wh_cumul=0.105092 
t=265 V=4.20263 A=0.170588 W=0.716918 mAh_cumul=25.0668 Wh_cumul=0.105291 
t=266 V=4.20261 A=0.169526 W=0.712452 mAh_cumul=25.1139 Wh_cumul=0.105489 
t=267 V=4.2026 A=0.168762 W=0.709239 mAh_cumul=25.1608 Wh_cumul=0.105686 
t=268 V=4.20261 A=0.168536 W=0.708291 mAh_cumul=25.2076 Wh_cumul=0.105883 
t=269 V=4.20261 A=0.167989 W=0.705992 mAh_cumul=25.2542 Wh_cumul=0.106079 
t=270 V=4.20266 A=0.167789 W=0.70516 mAh_cumul=25.3008 Wh_cumul=0.106275 
t=271 V=4.20264 A=0.16697 W=0.701715 mAh_cumul=25.3472 Wh_cumul=0.10647 
t=272 V=4.20265 A=0.166704 W=0.700599 mAh_cumul=25.3935 Wh_cumul=0.106664 
t=273 V=4.20264 A=0.166228 W=0.698596 mAh_cumul=25.4397 Wh_cumul=0.106858 
t=274 V=4.20267 A=0.165596 W=0.695945 mAh_cumul=25.4857 Wh_cumul=0.107052 
t=275 V=4.20266 A=0.164763 W=0.692443 mAh_cumul=25.5315 Wh_cumul=0.107244 
t=276 V=4.20264 A=0.16411 W=0.689695 mAh_cumul=25.5771 Wh_cumul=0.107436 
t=277 V=4.20264 A=0.163123 W=0.685547 mAh_cumul=25.6224 Wh_cumul=0.107626 
t=278 V=4.20266 A=0.162308 W=0.682125 mAh_cumul=25.6675 Wh_cumul=0.107816 
t=279 V=4.20263 A=0.161941 W=0.680578 mAh_cumul=25.7124 Wh_cumul=0.108005 
t=280 V=4.20265 A=0.161315 W=0.67795 mAh_cumul=25.7573 Wh_cumul=0.108193 
t=281 V=4.20265 A=0.160618 W=0.675021 mAh_cumul=25.8019 Wh_cumul=0.108381 
t=282 V=4.20265 A=0.160288 W=0.673634 mAh_cumul=25.8464 Wh_cumul=0.108568 
t=283 V=4.20266 A=0.159677 W=0.671068 mAh_cumul=25.8907 Wh_cumul=0.108754 
t=284 V=4.20265 A=0.158925 W=0.667906 mAh_cumul=25.9349 Wh_cumul=0.10894 
t=285 V=4.20263 A=0.158376 W=0.665596 mAh_cumul=25.9789 Wh_cumul=0.109124 
t=286 V=4.20264 A=0.157806 W=0.663202 mAh_cumul=26.0227 Wh_cumul=0.109309 
t=287 V=4.20264 A=0.157498 W=0.661907 mAh_cumul=26.0665 Wh_cumul=0.109493 
t=288 V=4.20267 A=0.156807 W=0.659008 mAh_cumul=26.11 Wh_cumul=0.109676 
t=289 V=4.20267 A=0.156031 W=0.655747 mAh_cumul=26.1534 Wh_cumul=0.109858 
t=290 V=4.20267 A=0.155371 W=0.652973 mAh_cumul=26.1965 Wh_cumul=0.110039 
t=291 V=4.20263 A=0.15499 W=0.651366 mAh_cumul=26.2396 Wh_cumul=0.11022 
t=292 V=4.20263 A=0.154118 W=0.647701 mAh_cumul=26.2824 Wh_cumul=0.1104 
t=293 V=4.20265 A=0.153681 W=0.645867 mAh_cumul=26.3251 Wh_cumul=0.110579 
t=294 V=4.20266 A=0.153023 W=0.643104 mAh_cumul=26.3676 Wh_cumul=0.110758 
t=295 V=4.20266 A=0.153024 W=0.643108 mAh_cumul=26.4101 Wh_cumul=0.110937 
t=296 V=4.20267 A=0.152387 W=0.640432 mAh_cumul=26.4524 Wh_cumul=0.111115 
t=297 V=4.20267 A=0.15171 W=0.637587 mAh_cumul=26.4946 Wh_cumul=0.111292 
t=298 V=4.20267 A=0.151321 W=0.635952 mAh_cumul=26.5366 Wh_cumul=0.111468 
t=299 V=4.20267 A=0.150464 W=0.632351 mAh_cumul=26.5784 Wh_cumul=0.111644 
t=300 V=4.20264 A=0.149742 W=0.629312 mAh_cumul=26.62 Wh_cumul=0.111819 
t=301 V=4.20264 A=0.148911 W=0.625819 mAh_cumul=26.6614 Wh_cumul=0.111993 
t=302 V=4.20265 A=0.148428 W=0.623791 mAh_cumul=26.7026 Wh_cumul=0.112166 
t=303 V=4.20267 A=0.147807 W=0.621184 mAh_cumul=26.7436 Wh_cumul=0.112338 
t=304 V=4.20263 A=0.147289 W=0.619001 mAh_cumul=26.7846 Wh_cumul=0.11251 
t=305 V=4.20264 A=0.146448 W=0.615468 mAh_cumul=26.8252 Wh_cumul=0.112681 
t=306 V=4.20263 A=0.145426 W=0.611172 mAh_cumul=26.8656 Wh_cumul=0.112851 
t=307 V=4.20262 A=0.145145 W=0.609989 mAh_cumul=26.9059 Wh_cumul=0.113021 
t=308 V=4.20266 A=0.144355 W=0.606675 mAh_cumul=26.946 Wh_cumul=0.113189 
t=309 V=4.20262 A=0.143207 W=0.601845 mAh_cumul=26.9858 Wh_cumul=0.113356 
t=310 V=4.20264 A=0.143352 W=0.602457 mAh_cumul=27.0256 Wh_cumul=0.113524 
t=311 V=4.20266 A=0.142939 W=0.600724 mAh_cumul=27.0654 Wh_cumul=0.113691 
t=312 V=4.20263 A=0.142361 W=0.598291 mAh_cumul=27.1049 Wh_cumul=0.113857 
t=313 V=4.20262 A=0.141433 W=0.594389 mAh_cumul=27.1442 Wh_cumul=0.114022 
t=314 V=4.20263 A=0.140672 W=0.591192 mAh_cumul=27.1833 Wh_cumul=0.114186 
t=315 V=4.20263 A=0.140314 W=0.589688 mAh_cumul=27.2222 Wh_cumul=0.11435 
t=316 V=4.20263 A=0.139848 W=0.587729 mAh_cumul=27.2611 Wh_cumul=0.114513 
t=317 V=4.2026 A=0.139002 W=0.58417 mAh_cumul=27.2997 Wh_cumul=0.114675 
t=318 V=4.20264 A=0.139111 W=0.584633 mAh_cumul=27.3383 Wh_cumul=0.114838 
t=319 V=4.20264 A=0.138238 W=0.580965 mAh_cumul=27.3767 Wh_cumul=0.114999 
t=320 V=4.20263 A=0.138282 W=0.581148 mAh_cumul=27.4151 Wh_cumul=0.115161 
t=321 V=4.20262 A=0.137505 W=0.577881 mAh_cumul=27.4533 Wh_cumul=0.115321 
t=322 V=4.20265 A=0.137062 W=0.576024 mAh_cumul=27.4914 Wh_cumul=0.115481 
t=323 V=4.20266 A=0.136758 W=0.574747 mAh_cumul=27.5294 Wh_cumul=0.115641 
t=324 V=4.20263 A=0.136271 W=0.572697 mAh_cumul=27.5673 Wh_cumul=0.1158 
t=325 V=4.20264 A=0.135815 W=0.570782 mAh_cumul=27.605 Wh_cumul=0.115958 
t=326 V=4.20263 A=0.135639 W=0.570041 mAh_cumul=27.6427 Wh_cumul=0.116117 
t=327 V=4.20264 A=0.135188 W=0.568146 mAh_cumul=27.6802 Wh_cumul=0.116275 
t=328 V=4.20265 A=0.134828 W=0.566635 mAh_cumul=27.7177 Wh_cumul=0.116432 
t=329 V=4.20263 A=0.134479 W=0.565165 mAh_cumul=27.755 Wh_cumul=0.116589 
t=330 V=4.20267 A=0.133636 W=0.561628 mAh_cumul=27.7921 Wh_cumul=0.116745 
t=331 V=4.20261 A=0.132945 W=0.558716 mAh_cumul=27.8291 Wh_cumul=0.1169 
t=332 V=4.20266 A=0.133019 W=0.559034 mAh_cumul=27.866 Wh_cumul=0.117055 
t=333 V=4.20264 A=0.132249 W=0.555795 mAh_cumul=27.9028 Wh_cumul=0.11721 
t=334 V=4.20264 A=0.131557 W=0.552887 mAh_cumul=27.9393 Wh_cumul=0.117363 
t=335 V=4.20261 A=0.131281 W=0.551723 mAh_cumul=27.9758 Wh_cumul=0.117517 
t=336 V=4.2026 A=0.130609 W=0.548897 mAh_cumul=28.012 Wh_cumul=0.117669 
t=337 V=4.20262 A=0.130202 W=0.54719 mAh_cumul=28.0482 Wh_cumul=0.117821 
t=338 V=4.20262 A=0.129964 W=0.546189 mAh_cumul=28.0843 Wh_cumul=0.117973 
t=339 V=4.20262 A=0.129242 W=0.543155 mAh_cumul=28.1202 Wh_cumul=0.118124 
t=340 V=4.2026 A=0.129201 W=0.54298 mAh_cumul=28.1561 Wh_cumul=0.118275 
t=341 V=4.20263 A=0.128596 W=0.540441 mAh_cumul=28.1918 Wh_cumul=0.118425 
t=342 V=4.20262 A=0.128417 W=0.539688 mAh_cumul=28.2275 Wh_cumul=0.118575 
t=343 V=4.20265 A=0.128333 W=0.539339 mAh_cumul=28.2631 Wh_cumul=0.118724 
t=344 V=4.20266 A=0.127753 W=0.536902 mAh_cumul=28.2986 Wh_cumul=0.118874 
t=345 V=4.20264 A=0.127444 W=0.535601 mAh_cumul=28.334 Wh_cumul=0.119022 
t=346 V=4.20263 A=0.126875 W=0.533209 mAh_cumul=28.3693 Wh_cumul=0.11917 
t=347 V=4.20262 A=0.126178 W=0.530278 mAh_cumul=28.4043 Wh_cumul=0.119318 
t=348 V=4.20263 A=0.12562 W=0.527934 mAh_cumul=28.4392 Wh_cumul=0.119464 
t=349 V=4.20263 A=0.125105 W=0.52577 mAh_cumul=28.474 Wh_cumul=0.11961 
t=350 V=4.20263 A=0.125056 W=0.525564 mAh_cumul=28.5087 Wh_cumul=0.119756 
t=351 V=4.20264 A=0.124289 W=0.522342 mAh_cumul=28.5432 Wh_cumul=0.119901 
t=352 V=4.20266 A=0.123853 W=0.520512 mAh_cumul=28.5776 Wh_cumul=0.120046 
t=353 V=4.20264 A=0.123395 W=0.518585 mAh_cumul=28.6119 Wh_cumul=0.12019 
t=354 V=4.20266 A=0.123368 W=0.518474 mAh_cumul=28.6462 Wh_cumul=0.120334 
t=355 V=4.20265 A=0.122559 W=0.515073 mAh_cumul=28.6802 Wh_cumul=0.120477 
t=356 V=4.20266 A=0.122089 W=0.513099 mAh_cumul=28.7141 Wh_cumul=0.12062 
t=357 V=4.20264 A=0.121428 W=0.510318 mAh_cumul=28.7479 Wh_cumul=0.120762 
t=358 V=4.20261 A=0.120853 W=0.507898 mAh_cumul=28.7814 Wh_cumul=0.120903 
t=359 V=4.20263 A=0.120176 W=0.505055 mAh_cumul=28.8148 Wh_cumul=0.121043 
t=360 V=4.20263 A=0.119343 W=0.501554 mAh_cumul=28.848 Wh_cumul=0.121182 
t=361 V=4.20265 A=0.119229 W=0.501078 mAh_cumul=28.8811 Wh_cumul=0.121321 
t=362 V=4.20264 A=0.119131 W=0.500665 mAh_cumul=28.9142 Wh_cumul=0.12146 
t=363 V=4.20263 A=0.118418 W=0.497667 mAh_cumul=28.9471 Wh_cumul=0.121599 
t=364 V=4.20264 A=0.117738 W=0.49481 mAh_cumul=28.9798 Wh_cumul=0.121736 
t=365 V=4.20264 A=0.117756 W=0.494886 mAh_cumul=29.0125 Wh_cumul=0.121874 
t=366 V=4.20264 A=0.117187 W=0.492495 mAh_cumul=29.045 Wh_cumul=0.12201 
t=367 V=4.20265 A=0.11697 W=0.491584 mAh_cumul=29.0775 Wh_cumul=0.122147 
t=368 V=4.20264 A=0.116811 W=0.490915 mAh_cumul=29.11 Wh_cumul=0.122283 
t=369 V=4.20263 A=0.116496 W=0.48959 mAh_cumul=29.1423 Wh_cumul=0.122419 
t=370 V=4.20267 A=0.115815 W=0.486732 mAh_cumul=29.1745 Wh_cumul=0.122555 
t=371 V=4.20263 A=0.115325 W=0.484668 mAh_cumul=29.2066 Wh_cumul=0.122689 
t=372 V=4.20265 A=0.114834 W=0.482607 mAh_cumul=29.2385 Wh_cumul=0.122823 
t=373 V=4.20268 A=0.114321 W=0.480455 mAh_cumul=29.2702 Wh_cumul=0.122957 
t=374 V=4.20266 A=0.11423 W=0.48007 mAh_cumul=29.3019 Wh_cumul=0.12309 
t=375 V=4.20264 A=0.113753 W=0.478063 mAh_cumul=29.3335 Wh_cumul=0.123223 
t=376 V=4.20266 A=0.113515 W=0.477065 mAh_cumul=29.3651 Wh_cumul=0.123355 
t=377 V=4.20266 A=0.11305 W=0.475111 mAh_cumul=29.3965 Wh_cumul=0.123487 
t=378 V=4.20264 A=0.112411 W=0.472423 mAh_cumul=29.4277 Wh_cumul=0.123619 
t=379 V=4.20264 A=0.112026 W=0.470805 mAh_cumul=29.4588 Wh_cumul=0.123749 
t=380 V=4.20266 A=0.111722 W=0.46953 mAh_cumul=29.4898 Wh_cumul=0.12388 
t=381 V=4.20263 A=0.111427 W=0.468286 mAh_cumul=29.5208 Wh_cumul=0.12401 
t=382 V=4.20263 A=0.111282 W=0.467677 mAh_cumul=29.5517 Wh_cumul=0.12414 
t=383 V=4.20265 A=0.110769 W=0.465523 mAh_cumul=29.5825 Wh_cumul=0.124269 
t=384 V=4.20268 A=0.110657 W=0.465056 mAh_cumul=29.6132 Wh_cumul=0.124398 
t=385 V=4.20262 A=0.110114 W=0.462767 mAh_cumul=29.6438 Wh_cumul=0.124527 
t=386 V=4.20264 A=0.109667 W=0.460891 mAh_cumul=29.6743 Wh_cumul=0.124655 
t=387 V=4.20267 A=0.109778 W=0.461361 mAh_cumul=29.7048 Wh_cumul=0.124783 
t=388 V=4.20266 A=0.10933 W=0.459477 mAh_cumul=29.7351 Wh_cumul=0.124911 
t=389 V=4.20267 A=0.108422 W=0.455662 mAh_cumul=29.7652 Wh_cumul=0.125037 
t=390 V=4.20267 A=0.108132 W=0.454443 mAh_cumul=29.7953 Wh_cumul=0.125163 
t=391 V=4.20268 A=0.10796 W=0.453721 mAh_cumul=29.8253 Wh_cumul=0.125289 
t=392 V=4.20267 A=0.107526 W=0.451896 mAh_cumul=29.8551 Wh_cumul=0.125415 
t=393 V=4.20265 A=0.106799 W=0.448839 mAh_cumul=29.8848 Wh_cumul=0.12554 
t=394 V=4.20265 A=0.106171 W=0.4462 mAh_cumul=29.9143 Wh_cumul=0.125664 
t=395 V=4.20262 A=0.105465 W=0.443229 mAh_cumul=29.9436 Wh_cumul=0.125787 
t=396 V=4.20263 A=0.104989 W=0.44123 mAh_cumul=29.9728 Wh_cumul=0.125909 
t=397 V=4.20264 A=0.105011 W=0.441323 mAh_cumul=30.0019 Wh_cumul=0.126032 
t=398 V=4.20263 A=0.104531 W=0.439305 mAh_cumul=30.031 Wh_cumul=0.126154 
t=399 V=4.20262 A=0.104202 W=0.437921 mAh_cumul=30.0599 Wh_cumul=0.126276 
t=400 V=4.20265 A=0.104217 W=0.437988 mAh_cumul=30.0889 Wh_cumul=0.126397 
t=401 V=4.20267 A=0.104171 W=0.437796 mAh_cumul=30.1178 Wh_cumul=0.126519 
t=402 V=4.20264 A=0.103924 W=0.436755 mAh_cumul=30.1467 Wh_cumul=0.12664 
t=403 V=4.2027 A=0.103763 W=0.436085 mAh_cumul=30.1755 Wh_cumul=0.126761 
t=404 V=4.20266 A=0.103658 W=0.435639 mAh_cumul=30.2043 Wh_cumul=0.126882 
t=405 V=4.20269 A=0.103452 W=0.434777 mAh_cumul=30.233 Wh_cumul=0.127003 
t=406 V=4.20267 A=0.102723 W=0.431711 mAh_cumul=30.2616 Wh_cumul=0.127123 
t=407 V=4.20264 A=0.102565 W=0.431044 mAh_cumul=30.29 Wh_cumul=0.127243 
t=408 V=4.20269 A=0.102244 W=0.4297 mAh_cumul=30.3184 Wh_cumul=0.127362 
t=409 V=4.20266 A=0.101609 W=0.427028 mAh_cumul=30.3467 Wh_cumul=0.127481 
t=410 V=4.20266 A=0.100983 W=0.424397 mAh_cumul=30.3747 Wh_cumul=0.127599 
t=411 V=4.20267 A=0.100705 W=0.42323 mAh_cumul=30.4027 Wh_cumul=0.127716 
t=412 V=4.20268 A=0.101099 W=0.424887 mAh_cumul=30.4308 Wh_cumul=0.127834 
t=413 V=4.20268 A=0.100343 W=0.42171 mAh_cumul=30.4586 Wh_cumul=0.127951 
t=414 V=4.20265 A=0.100007 W=0.420294 mAh_cumul=30.4864 Wh_cumul=0.128068 
t=415 V=4.20269 A=0.100245 W=0.421299 mAh_cumul=30.5143 Wh_cumul=0.128185 
t=416 V=4.2027 A=0.0999018 W=0.419857 mAh_cumul=30.542 Wh_cumul=0.128302 
t=417 V=4.20268 A=0.0991738 W=0.416796 mAh_cumul=30.5696 Wh_cumul=0.128417 
t=418 V=4.20265 A=0.0984809 W=0.413881 mAh_cumul=30.5969 Wh_cumul=0.128532 
t=419 V=4.20266 A=0.0979516 W=0.411657 mAh_cumul=30.6241 Wh_cumul=0.128647 
t=420 V=4.20267 A=0.0973055 W=0.408943 mAh_cumul=30.6512 Wh_cumul=0.12876 
t=421 V=4.20262 A=0.0968293 W=0.406937 mAh_cumul=30.6781 Wh_cumul=0.128873 
t=422 V=4.20265 A=0.0968531 W=0.40704 mAh_cumul=30.705 Wh_cumul=0.128987 
t=423 V=4.20266 A=0.0962374 W=0.404453 mAh_cumul=30.7317 Wh_cumul=0.129099 
t=424 V=4.20264 A=0.0962907 W=0.404675 mAh_cumul=30.7584 Wh_cumul=0.129211 
t=425 V=4.20265 A=0.0960605 W=0.403709 mAh_cumul=30.7851 Wh_cumul=0.129323 
t=426 V=4.20267 A=0.0958355 W=0.402765 mAh_cumul=30.8118 Wh_cumul=0.129435 
t=427 V=4.20268 A=0.0954487 W=0.40114 mAh_cumul=30.8383 Wh_cumul=0.129547 
t=428 V=4.20265 A=0.0949489 W=0.399037 mAh_cumul=30.8646 Wh_cumul=0.129658 
t=429 V=4.20266 A=0.0946814 W=0.397914 mAh_cumul=30.8909 Wh_cumul=0.129768 
t=430 V=4.20264 A=0.0940436 W=0.395231 mAh_cumul=30.9171 Wh_cumul=0.129878 
t=431 V=4.20265 A=0.0941558 W=0.395704 mAh_cumul=30.9432 Wh_cumul=0.129988 
t=432 V=4.20264 A=0.0937579 W=0.394031 mAh_cumul=30.9693 Wh_cumul=0.130097 
t=433 V=4.20265 A=0.0934292 W=0.39265 mAh_cumul=30.9952 Wh_cumul=0.130206 
t=434 V=4.20263 A=0.0926536 W=0.389389 mAh_cumul=31.021 Wh_cumul=0.130314 
t=435 V=4.20261 A=0.0924793 W=0.388654 mAh_cumul=31.0466 Wh_cumul=0.130422 
t=436 V=4.20267 A=0.0920626 W=0.386909 mAh_cumul=31.0722 Wh_cumul=0.13053 
t=437 V=4.20266 A=0.0918775 W=0.38613 mAh_cumul=31.0977 Wh_cumul=0.130637 
t=438 V=4.20265 A=0.0914911 W=0.384505 mAh_cumul=31.1231 Wh_cumul=0.130744 
t=439 V=4.20264 A=0.0910517 W=0.382658 mAh_cumul=31.1484 Wh_cumul=0.13085 
t=440 V=4.20267 A=0.0908676 W=0.381887 mAh_cumul=31.1737 Wh_cumul=0.130956 
t=441 V=4.20263 A=0.090487 W=0.380283 mAh_cumul=31.1988 Wh_cumul=0.131062 
t=442 V=4.20265 A=0.0900796 W=0.378573 mAh_cumul=31.2238 Wh_cumul=0.131167 
t=443 V=4.20264 A=0.089725 W=0.377082 mAh_cumul=31.2488 Wh_cumul=0.131272 
t=444 V=4.20263 A=0.0894808 W=0.376055 mAh_cumul=31.2736 Wh_cumul=0.131376 
t=445 V=4.20267 A=0.089276 W=0.375198 mAh_cumul=31.2984 Wh_cumul=0.131481 
t=446 V=4.20265 A=0.0890502 W=0.374247 mAh_cumul=31.3232 Wh_cumul=0.131585 
t=447 V=4.2026 A=0.0887251 W=0.372876 mAh_cumul=31.3478 Wh_cumul=0.131688 
t=448 V=4.20267 A=0.0884892 W=0.371891 mAh_cumul=31.3724 Wh_cumul=0.131791 
t=449 V=4.20262 A=0.0882197 W=0.370754 mAh_cumul=31.3969 Wh_cumul=0.131894 
t=450 V=4.20266 A=0.0882049 W=0.370695 mAh_cumul=31.4214 Wh_cumul=0.131997 
t=451 V=4.20268 A=0.087369 W=0.367184 mAh_cumul=31.4457 Wh_cumul=0.132099 
t=452 V=4.20265 A=0.0872661 W=0.366749 mAh_cumul=31.4699 Wh_cumul=0.132201 
t=453 V=4.20266 A=0.0871165 W=0.366121 mAh_cumul=31.4941 Wh_cumul=0.132303 
t=454 V=4.20267 A=0.0869393 W=0.365377 mAh_cumul=31.5182 Wh_cumul=0.132404 
t=455 V=4.20263 A=0.0865754 W=0.363844 mAh_cumul=31.5423 Wh_cumul=0.132505 
t=456 V=4.20265 A=0.0865813 W=0.363871 mAh_cumul=31.5663 Wh_cumul=0.132607 
t=457 V=4.20265 A=0.0866319 W=0.364084 mAh_cumul=31.5904 Wh_cumul=0.132708 
t=458 V=4.20266 A=0.0860312 W=0.36156 mAh_cumul=31.6143 Wh_cumul=0.132808 
t=459 V=4.20265 A=0.0857513 W=0.360383 mAh_cumul=31.6381 Wh_cumul=0.132908 
t=460 V=4.20267 A=0.0853813 W=0.358829 mAh_cumul=31.6618 Wh_cumul=0.133008 
t=461 V=4.20262 A=0.0848702 W=0.356677 mAh_cumul=31.6854 Wh_cumul=0.133107 
t=462 V=4.20266 A=0.0848867 W=0.35675 mAh_cumul=31.709 Wh_cumul=0.133206 
t=463 V=4.20265 A=0.0842853 W=0.354222 mAh_cumul=31.7324 Wh_cumul=0.133304 
t=464 V=4.20262 A=0.0840399 W=0.353188 mAh_cumul=31.7558 Wh_cumul=0.133403 
t=465 V=4.20261 A=0.0838703 W=0.352474 mAh_cumul=31.7791 Wh_cumul=0.133501 
t=466 V=4.20266 A=0.083389 W=0.350456 mAh_cumul=31.8022 Wh_cumul=0.133598 
t=467 V=4.20264 A=0.083112 W=0.34929 mAh_cumul=31.8253 Wh_cumul=0.133695 
t=468 V=4.20265 A=0.0832531 W=0.349884 mAh_cumul=31.8484 Wh_cumul=0.133792 
t=469 V=4.20265 A=0.0830674 W=0.349103 mAh_cumul=31.8715 Wh_cumul=0.133889 
t=470 V=4.20264 A=0.0828825 W=0.348325 mAh_cumul=31.8945 Wh_cumul=0.133986 
t=471 V=4.20264 A=0.0824402 W=0.346466 mAh_cumul=31.9174 Wh_cumul=0.134082 
t=472 V=4.20266 A=0.0822634 W=0.345725 mAh_cumul=31.9403 Wh_cumul=0.134178 
t=473 V=4.20263 A=0.0816801 W=0.343271 mAh_cumul=31.963 Wh_cumul=0.134273 
t=474 V=4.20263 A=0.0813069 W=0.341703 mAh_cumul=31.9856 Wh_cumul=0.134368 
t=475 V=4.20261 A=0.0809302 W=0.340118 mAh_cumul=32.008 Wh_cumul=0.134463 
t=476 V=4.20263 A=0.0810456 W=0.340605 mAh_cumul=32.0305 Wh_cumul=0.134557 
t=477 V=4.20262 A=0.0805695 W=0.338603 mAh_cumul=32.0529 Wh_cumul=0.134651 
t=478 V=4.20266 A=0.0807854 W=0.339514 mAh_cumul=32.0754 Wh_cumul=0.134746 
t=479 V=4.20263 A=0.0800134 W=0.336267 mAh_cumul=32.0976 Wh_cumul=0.134839 
t=480 V=4.20265 A=0.0800487 W=0.336417 mAh_cumul=32.1198 Wh_cumul=0.134933 
t=481 V=4.20266 A=0.0797784 W=0.335281 mAh_cumul=32.142 Wh_cumul=0.135026 
t=482 V=4.20263 A=0.0795794 W=0.334443 mAh_cumul=32.1641 Wh_cumul=0.135119 
t=483 V=4.20261 A=0.0792848 W=0.333203 mAh_cumul=32.1861 Wh_cumul=0.135211 
t=484 V=4.20261 A=0.079261 W=0.333103 mAh_cumul=32.2081 Wh_cumul=0.135304 
t=485 V=4.20265 A=0.0789863 W=0.331952 mAh_cumul=32.2301 Wh_cumul=0.135396 
t=486 V=4.20262 A=0.0785122 W=0.329957 mAh_cumul=32.2519 Wh_cumul=0.135488 
t=487 V=4.20264 A=0.0784965 W=0.329893 mAh_cumul=32.2737 Wh_cumul=0.135579 
t=488 V=4.20264 A=0.0783584 W=0.329312 mAh_cumul=32.2955 Wh_cumul=0.135671 
t=489 V=4.20265 A=0.0781992 W=0.328644 mAh_cumul=32.3172 Wh_cumul=0.135762 
t=490 V=4.20264 A=0.0778978 W=0.327376 mAh_cumul=32.3388 Wh_cumul=0.135853 
t=491 V=4.20263 A=0.0774681 W=0.32557 mAh_cumul=32.3603 Wh_cumul=0.135943 
t=492 V=4.20263 A=0.0773358 W=0.325014 mAh_cumul=32.3818 Wh_cumul=0.136034 
t=493 V=4.20265 A=0.0770448 W=0.323792 mAh_cumul=32.4032 Wh_cumul=0.136124 
t=494 V=4.20263 A=0.0769112 W=0.323229 mAh_cumul=32.4246 Wh_cumul=0.136213 
t=495 V=4.20265 A=0.0770441 W=0.323789 mAh_cumul=32.446 Wh_cumul=0.136303 
t=496 V=4.20265 A=0.0766347 W=0.322069 mAh_cumul=32.4673 Wh_cumul=0.136393 
t=497 V=4.20268 A=0.0767725 W=0.32265 mAh_cumul=32.4886 Wh_cumul=0.136482 
t=498 V=4.20267 A=0.0767155 W=0.32241 mAh_cumul=32.5099 Wh_cumul=0.136572 
t=499 V=4.2027 A=0.0766172 W=0.321999 mAh_cumul=32.5312 Wh_cumul=0.136661 
t=500 V=4.20267 A=0.0762511 W=0.320458 mAh_cumul=32.5524 Wh_cumul=0.13675 
t=501 V=4.20268 A=0.0757567 W=0.318381 mAh_cumul=32.5734 Wh_cumul=0.136839 
t=502 V=4.20265 A=0.0749666 W=0.315058 mAh_cumul=32.5942 Wh_cumul=0.136926 
t=503 V=4.20266 A=0.0745586 W=0.313344 mAh_cumul=32.6149 Wh_cumul=0.137013 
t=504 V=4.20264 A=0.0746702 W=0.313812 mAh_cumul=32.6357 Wh_cumul=0.137101 
t=505 V=4.20266 A=0.0745159 W=0.313165 mAh_cumul=32.6564 Wh_cumul=0.137188 
t=506 V=4.20265 A=0.07406 W=0.311248 mAh_cumul=32.677 Wh_cumul=0.137274 
t=507 V=4.20266 A=0.0742262 W=0.311947 mAh_cumul=32.6976 Wh_cumul=0.137361 
t=508 V=4.20265 A=0.0741241 W=0.311518 mAh_cumul=32.7182 Wh_cumul=0.137447 
t=509 V=4.20263 A=0.073404 W=0.30849 mAh_cumul=32.7386 Wh_cumul=0.137533 
t=510 V=4.20263 A=0.0734024 W=0.308483 mAh_cumul=32.7589 Wh_cumul=0.137619 
t=511 V=4.2027 A=0.0731728 W=0.307523 mAh_cumul=32.7793 Wh_cumul=0.137704 
t=512 V=4.20266 A=0.0725047 W=0.304713 mAh_cumul=32.7994 Wh_cumul=0.137789 
t=513 V=4.20265 A=0.0726713 W=0.305412 mAh_cumul=32.8196 Wh_cumul=0.137874 
t=514 V=4.20268 A=0.072992 W=0.306762 mAh_cumul=32.8399 Wh_cumul=0.137959 
t=515 V=4.20268 A=0.072704 W=0.305552 mAh_cumul=32.8601 Wh_cumul=0.138044 
t=516 V=4.20264 A=0.0720987 W=0.303005 mAh_cumul=32.8801 Wh_cumul=0.138128 
t=517 V=4.20264 A=0.0720314 W=0.302722 mAh_cumul=32.9001 Wh_cumul=0.138212 
t=518 V=4.20265 A=0.0721339 W=0.303154 mAh_cumul=32.9201 Wh_cumul=0.138296 
t=519 V=4.20268 A=0.0716438 W=0.301096 mAh_cumul=32.94 Wh_cumul=0.13838 
t=520 V=4.20267 A=0.0714893 W=0.300446 mAh_cumul=32.9599 Wh_cumul=0.138463 
t=521 V=4.20263 A=0.071117 W=0.298878 mAh_cumul=32.9797 Wh_cumul=0.138546 
END

