0 errors cleared
t=0 V=3.62668 A=0.00825366 W=0.0299334 mAh_cumul=0 Wh_cumul=0 
t=2 V=3.62664 A=0.00825369 W=0.0299332 mAh_cumul=0.00458538 Wh_cumul=1.66295e-05 
t=3 V=3.67883 A=1.42535 W=5.24362 mAh_cumul=0.400516 Wh_cumul=0.00147319 
t=4 V=3.68221 A=1.42511 W=5.24755 mAh_cumul=0.79638 Wh_cumul=0.00293084 
t=5 V=3.6842 A=1.42505 W=5.25017 mAh_cumul=1.19223 Wh_cumul=0.00438923 
t=6 V=3.68585 A=1.42505 W=5.25252 mAh_cumul=1.58807 Wh_cumul=0.00584826 
t=7 V=3.68727 A=1.42504 W=5.25451 mAh_cumul=1.98392 Wh_cumul=0.00730784 
t=8 V=3.68849 A=1.42503 W=5.25621 mAh_cumul=2.37976 Wh_cumul=0.0087679 
t=9 V=3.68965 A=1.42502 W=5.25783 mAh_cumul=2.7756 Wh_cumul=0.0102284 
t=10 V=3.69073 A=1.42502 W=5.25936 mAh_cumul=3.17144 Wh_cumul=0.0116893 
t=11 V=3.69169 A=1.42502 W=5.26073 mAh_cumul=3.56728 Wh_cumul=0.0131507 
t=12 V=3.69258 A=1.42502 W=5.262 mAh_cumul=3.96312 Wh_cumul=0.0146123 
t=13 V=3.69347 A=1.42501 W=5.26323 mAh_cumul=4.35895 Wh_cumul=0.0160743 
t=14 V=3.6944 A=1.425 W=5.26452 mAh_cumul=4.75479 Wh_cumul=0.0175367 
t=15 V=3.69529 A=1.425 W=5.26579 mAh_cumul=5.15062 Wh_cumul=0.0189994 
t=16 V=3.69609 A=1.425 W=5.26693 mAh_cumul=5.54645 Wh_cumul=0.0204625 
t=17 V=3.69694 A=1.425 W=5.26814 mAh_cumul=5.94229 Wh_cumul=0.0219258 
t=18 V=3.69776 A=1.425 W=5.26931 mAh_cumul=6.33812 Wh_cumul=0.0233895 
t=19 V=3.69855 A=1.425 W=5.27043 mAh_cumul=6.73395 Wh_cumul=0.0248535 
t=20 V=3.69926 A=1.425 W=5.27145 mAh_cumul=7.12979 Wh_cumul=0.0263178 
t=21 V=3.70001 A=1.425 W=5.27251 mAh_cumul=7.52562 Wh_cumul=0.0277824 
t=22 V=3.70072 A=1.425 W=5.27353 mAh_cumul=7.92145 Wh_cumul=0.0292473 
t=23 V=3.70144 A=1.425 W=5.27455 mAh_cumul=8.31729 Wh_cumul=0.0307124 
t=24 V=3.70211 A=1.42499 W=5.27547 mAh_cumul=8.71312 Wh_cumul=0.0321778 
t=25 V=3.70278 A=1.42498 W=5.27639 mAh_cumul=9.10894 Wh_cumul=0.0336435 
t=26 V=3.70341 A=1.42499 W=5.27732 mAh_cumul=9.50477 Wh_cumul=0.0351094 
t=27 V=3.70405 A=1.42499 W=5.27823 mAh_cumul=9.9006 Wh_cumul=0.0365756 
t=28 V=3.7047 A=1.42499 W=5.27916 mAh_cumul=10.2964 Wh_cumul=0.038042 
t=29 V=3.7053 A=1.42498 W=5.27998 mAh_cumul=10.6923 Wh_cumul=0.0395087 
t=30 V=3.70587 A=1.42498 W=5.28079 mAh_cumul=11.0881 Wh_cumul=0.0409756 
t=31 V=3.70654 A=1.42499 W=5.28178 mAh_cumul=11.4839 Wh_cumul=0.0424427 
t=32 V=3.70712 A=1.42497 W=5.28253 mAh_cumul=11.8797 Wh_cumul=0.0439101 
t=33 V=3.70768 A=1.42497 W=5.28333 mAh_cumul=12.2756 Wh_cumul=0.0453777 
t=34 V=3.70821 A=1.42497 W=5.28409 mAh_cumul=12.6714 Wh_cumul=0.0468455 
t=35 V=3.70874 A=1.42498 W=5.28488 mAh_cumul=13.0672 Wh_cumul=0.0483135 
t=36 V=3.70928 A=1.42497 W=5.28561 mAh_cumul=13.463 Wh_cumul=0.0497818 
t=37 V=3.70982 A=1.42497 W=5.28638 mAh_cumul=13.8589 Wh_cumul=0.0512502 
t=38 V=3.71038 A=1.42498 W=5.28722 mAh_cumul=14.2547 Wh_cumul=0.0527189 
t=39 V=3.71086 A=1.42498 W=5.2879 mAh_cumul=14.6505 Wh_cumul=0.0541877 
t=40 V=3.71138 A=1.42497 W=5.28861 mAh_cumul=15.0464 Wh_cumul=0.0556568 
t=41 V=3.71187 A=1.42497 W=5.2893 mAh_cumul=15.4422 Wh_cumul=0.057126 
t=42 V=3.71235 A=1.42498 W=5.29002 mAh_cumul=15.838 Wh_cumul=0.0585955 
t=43 V=3.71281 A=1.42498 W=5.29068 mAh_cumul=16.2338 Wh_cumul=0.0600651 
t=44 V=3.71332 A=1.42498 W=5.29141 mAh_cumul=16.6297 Wh_cumul=0.061535 
t=45 V=3.71378 A=1.42498 W=5.29206 mAh_cumul=17.0255 Wh_cumul=0.063005 
t=46 V=3.71426 A=1.42497 W=5.29271 mAh_cumul=17.4213 Wh_cumul=0.0644752 
t=47 V=3.71476 A=1.42498 W=5.29346 mAh_cumul=17.8171 Wh_cumul=0.0659456 
t=48 V=3.71519 A=1.42498 W=5.29407 mAh_cumul=18.213 Wh_cumul=0.0674162 
t=49 V=3.71563 A=1.42499 W=5.29474 mAh_cumul=18.6088 Wh_cumul=0.0688869 
t=50 V=3.71608 A=1.42497 W=5.2953 mAh_cumul=19.0046 Wh_cumul=0.0703578 
t=51 V=3.71651 A=1.42499 W=5.29599 mAh_cumul=19.4005 Wh_cumul=0.0718289 
t=52 V=3.71695 A=1.42498 W=5.29658 mAh_cumul=19.7963 Wh_cumul=0.0733002 
t=53 V=3.71736 A=1.42498 W=5.29716 mAh_cumul=20.1921 Wh_cumul=0.0747716 
t=54 V=3.71781 A=1.42498 W=5.2978 mAh_cumul=20.5879 Wh_cumul=0.0762433 
t=55 V=3.71824 A=1.42499 W=5.29845 mAh_cumul=20.9838 Wh_cumul=0.0777151 
t=56 V=3.71864 A=1.42499 W=5.29902 mAh_cumul=21.3796 Wh_cumul=0.079187 
t=57 V=3.71905 A=1.42498 W=5.29957 mAh_cumul=21.7754 Wh_cumul=0.0806591 
t=58 V=3.71943 A=1.42498 W=5.30011 mAh_cumul=22.1713 Wh_cumul=0.0821314 
t=59 V=3.71989 A=1.42499 W=5.30081 mAh_cumul=22.5671 Wh_cumul=0.0836038 
t=60 V=3.72027 A=1.42498 W=5.30131 mAh_cumul=22.9629 Wh_cumul=0.0850764 
t=61 V=3.72065 A=1.425 W=5.30193 mAh_cumul=23.3587 Wh_cumul=0.0865491 
t=62 V=3.72101 A=1.425 W=5.30244 mAh_cumul=23.7546 Wh_cumul=0.088022 
t=63 V=3.72142 A=1.42499 W=5.30299 mAh_cumul=24.1504 Wh_cumul=0.0894951 
t=64 V=3.72179 A=1.42499 W=5.30351 mAh_cumul=24.5462 Wh_cumul=0.0909683 
t=65 V=3.72217 A=1.42499 W=5.30406 mAh_cumul=24.9421 Wh_cumul=0.0924416 
t=66 V=3.72254 A=1.42498 W=5.30455 mAh_cumul=25.3379 Wh_cumul=0.0939151 
t=67 V=3.72288 A=1.42499 W=5.30507 mAh_cumul=25.7337 Wh_cumul=0.0953888 
t=68 V=3.72328 A=1.425 W=5.30567 mAh_cumul=26.1296 Wh_cumul=0.0968626 
t=69 V=3.72363 A=1.42499 W=5.30614 mAh_cumul=26.5254 Wh_cumul=0.0983365 
t=70 V=3.72396 A=1.42498 W=5.30657 mAh_cumul=26.9212 Wh_cumul=0.0998105 
t=71 V=3.72432 A=1.42499 W=5.30712 mAh_cumul=27.3171 Wh_cumul=0.101285 
t=72 V=3.72471 A=1.425 W=5.30771 mAh_cumul=27.7129 Wh_cumul=0.102759 
t=73 V=3.72507 A=1.42499 W=5.30819 mAh_cumul=28.1087 Wh_cumul=0.104234 
t=74 V=3.72541 A=1.425 W=5.30871 mAh_cumul=28.5046 Wh_cumul=0.105708 
t=75 V=3.72576 A=1.425 W=5.30921 mAh_cumul=28.9004 Wh_cumul=0.107183 
t=76 V=3.7261 A=1.425 W=5.30969 mAh_cumul=29.2962 Wh_cumul=0.108658 
t=77 V=3.72643 A=1.42499 W=5.31013 mAh_cumul=29.692 Wh_cumul=0.110133 
t=78 V=3.72674 A=1.42501 W=5.31064 mAh_cumul=30.0879 Wh_cumul=0.111608 
t=79 V=3.72707 A=1.425 W=5.31107 mAh_cumul=30.4837 Wh_cumul=0.113083 
t=80 V=3.72743 A=1.425 W=5.31159 mAh_cumul=30.8796 Wh_cumul=0.114559 
t=81 V=3.72776 A=1.42499 W=5.31202 mAh_cumul=31.2754 Wh_cumul=0.116034 
t=82 V=3.72805 A=1.425 W=5.31247 mAh_cumul=31.6712 Wh_cumul=0.11751 
t=83 V=3.72838 A=1.42499 W=5.3129 mAh_cumul=32.067 Wh_cumul=0.118986 
t=84 V=3.72866 A=1.425 W=5.31334 mAh_cumul=32.4629 Wh_cumul=0.120462 
t=85 V=3.72896 A=1.425 W=5.31377 mAh_cumul=32.8587 Wh_cumul=0.121938 
t=86 V=3.72927 A=1.42499 W=5.31417 mAh_cumul=33.2545 Wh_cumul=0.123414 
t=87 V=3.72961 A=1.42499 W=5.31466 mAh_cumul=33.6504 Wh_cumul=0.12489 
t=88 V=3.72992 A=1.425 W=5.31514 mAh_cumul=34.0462 Wh_cumul=0.126367 
t=89 V=3.73025 A=1.42499 W=5.31557 mAh_cumul=34.442 Wh_cumul=0.127843 
t=90 V=3.73056 A=1.42499 W=5.31601 mAh_cumul=34.8379 Wh_cumul=0.12932 
t=91 V=3.73089 A=1.42499 W=5.31648 mAh_cumul=35.2337 Wh_cumul=0.130797 
t=92 V=3.73119 A=1.42499 W=5.31691 mAh_cumul=35.6295 Wh_cumul=0.132274 
t=93 V=3.7315 A=1.42499 W=5.31735 mAh_cumul=36.0254 Wh_cumul=0.133751 
t=94 V=3.73183 A=1.42498 W=5.31778 mAh_cumul=36.4212 Wh_cumul=0.135228 
t=95 V=3.73211 A=1.425 W=5.31826 mAh_cumul=36.817 Wh_cumul=0.136705 
t=96 V=3.73243 A=1.425 W=5.31871 mAh_cumul=37.2129 Wh_cumul=0.138183 
t=97 V=3.73274 A=1.425 W=5.31915 mAh_cumul=37.6087 Wh_cumul=0.13966 
t=98 V=3.73307 A=1.42499 W=5.31959 mAh_cumul=38.0045 Wh_cumul=0.141138 
t=99 V=3.73335 A=1.425 W=5.32002 mAh_cumul=38.4004 Wh_cumul=0.142616 
t=100 V=3.73365 A=1.42499 W=5.32041 mAh_cumul=38.7962 Wh_cumul=0.144094 
t=101 V=3.73391 A=1.425 W=5.32082 mAh_cumul=39.192 Wh_cumul=0.145572 
t=102 V=3.73417 A=1.42499 W=5.32115 mAh_cumul=39.5878 Wh_cumul=0.14705 
t=103 V=3.73446 A=1.42499 W=5.32157 mAh_cumul=39.9837 Wh_cumul=0.148528 
t=104 V=3.73474 A=1.42499 W=5.32197 mAh_cumul=40.3795 Wh_cumul=0.150006 
t=105 V=3.73505 A=1.425 W=5.32245 mAh_cumul=40.7753 Wh_cumul=0.151485 
t=106 V=3.73533 A=1.42499 W=5.32281 mAh_cumul=41.1712 Wh_cumul=0.152963 
t=107 V=3.73562 A=1.42499 W=5.32322 mAh_cumul=41.567 Wh_cumul=0.154442 
t=108 V=3.73592 A=1.42499 W=5.32365 mAh_cumul=41.9628 Wh_cumul=0.155921 
t=109 V=3.73622 A=1.42498 W=5.32404 mAh_cumul=42.3587 Wh_cumul=0.1574 
t=110 V=3.73647 A=1.42499 W=5.32443 mAh_cumul=42.7545 Wh_cumul=0.158879 
t=111 V=3.73674 A=1.42499 W=5.32482 mAh_cumul=43.1503 Wh_cumul=0.160358 
t=112 V=3.73703 A=1.42499 W=5.32523 mAh_cumul=43.5462 Wh_cumul=0.161837 
t=113 V=3.7373 A=1.42498 W=5.32558 mAh_cumul=43.942 Wh_cumul=0.163316 
t=114 V=3.73757 A=1.42498 W=5.32596 mAh_cumul=44.3378 Wh_cumul=0.164796 
t=115 V=3.73789 A=1.42498 W=5.32642 mAh_cumul=44.7336 Wh_cumul=0.166275 
t=116 V=3.73815 A=1.42499 W=5.32683 mAh_cumul=45.1295 Wh_cumul=0.167755 
t=117 V=3.73842 A=1.42498 W=5.32717 mAh_cumul=45.5253 Wh_cumul=0.169235 
t=118 V=3.73869 A=1.42499 W=5.3276 mAh_cumul=45.9211 Wh_cumul=0.170715 
t=119 V=3.73897 A=1.42499 W=5.32799 mAh_cumul=46.317 Wh_cumul=0.172195 
t=120 V=3.73921 A=1.42499 W=5.32834 mAh_cumul=46.7128 Wh_cumul=0.173675 
t=121 V=3.73945 A=1.425 W=5.32872 mAh_cumul=47.1086 Wh_cumul=0.175155 
t=122 V=3.73972 A=1.42499 W=5.32906 mAh_cumul=47.5044 Wh_cumul=0.176635 
t=123 V=3.73999 A=1.42499 W=5.32945 mAh_cumul=47.9003 Wh_cumul=0.178116 
t=124 V=3.74023 A=1.42498 W=5.32975 mAh_cumul=48.2961 Wh_cumul=0.179596 
t=125 V=3.7405 A=1.42499 W=5.33018 mAh_cumul=48.6919 Wh_cumul=0.181077 
t=126 V=3.74077 A=1.42498 W=5.33052 mAh_cumul=49.0878 Wh_cumul=0.182557 
t=127 V=3.74105 A=1.42498 W=5.33092 mAh_cumul=49.4836 Wh_cumul=0.184038 
t=128 V=3.74126 A=1.42497 W=5.33118 mAh_cumul=49.8794 Wh_cumul=0.185519 
t=129 V=3.74153 A=1.42499 W=5.33164 mAh_cumul=50.2752 Wh_cumul=0.187 
t=130 V=3.74178 A=1.42498 W=5.33196 mAh_cumul=50.6711 Wh_cumul=0.188481 
t=131 V=3.74201 A=1.42498 W=5.33229 mAh_cumul=51.0669 Wh_cumul=0.189962 
t=132 V=3.7423 A=1.42498 W=5.3327 mAh_cumul=51.4627 Wh_cumul=0.191444 
t=133 V=3.74256 A=1.42498 W=5.33307 mAh_cumul=51.8586 Wh_cumul=0.192925 
t=134 V=3.7428 A=1.42497 W=5.33338 mAh_cumul=52.2544 Wh_cumul=0.194407 
t=135 V=3.74303 A=1.42499 W=5.33378 mAh_cumul=52.6502 Wh_cumul=0.195888 
t=136 V=3.7433 A=1.42499 W=5.33417 mAh_cumul=53.046 Wh_cumul=0.19737 
t=137 V=3.74352 A=1.42498 W=5.33444 mAh_cumul=53.4419 Wh_cumul=0.198852 
t=138 V=3.74377 A=1.42498 W=5.3348 mAh_cumul=53.8377 Wh_cumul=0.200334 
t=139 V=3.74401 A=1.42499 W=5.33518 mAh_cumul=54.2335 Wh_cumul=0.201816 
t=140 V=3.74421 A=1.42499 W=5.33546 mAh_cumul=54.6294 Wh_cumul=0.203298 
t=141 V=3.74445 A=1.42499 W=5.3358 mAh_cumul=55.0252 Wh_cumul=0.20478 
t=142 V=3.74468 A=1.42499 W=5.33613 mAh_cumul=55.421 Wh_cumul=0.206262 
t=143 V=3.7449 A=1.42499 W=5.33645 mAh_cumul=55.8169 Wh_cumul=0.207744 
t=144 V=3.74516 A=1.42499 W=5.33682 mAh_cumul=56.2127 Wh_cumul=0.209227 
t=145 V=3.74538 A=1.42498 W=5.33709 mAh_cumul=56.6085 Wh_cumul=0.210709 
t=146 V=3.74559 A=1.42498 W=5.33739 mAh_cumul=57.0043 Wh_cumul=0.212192 
t=147 V=3.74584 A=1.42498 W=5.33775 mAh_cumul=57.4002 Wh_cumul=0.213675 
t=148 V=3.74605 A=1.42499 W=5.33808 mAh_cumul=57.796 Wh_cumul=0.215157 
t=149 V=3.7463 A=1.42497 W=5.33837 mAh_cumul=58.1918 Wh_cumul=0.21664 
t=150 V=3.74653 A=1.42499 W=5.33877 mAh_cumul=58.5877 Wh_cumul=0.218123 
t=151 V=3.74679 A=1.42498 W=5.3391 mAh_cumul=58.9835 Wh_cumul=0.219606 
t=152 V=3.74698 A=1.42499 W=5.33941 mAh_cumul=59.3793 Wh_cumul=0.22109 
t=153 V=3.74717 A=1.42499 W=5.33968 mAh_cumul=59.7751 Wh_cumul=0.222573 
t=154 V=3.7474 A=1.42498 W=5.33997 mAh_cumul=60.171 Wh_cumul=0.224056 
t=155 V=3.74761 A=1.42498 W=5.34027 mAh_cumul=60.5668 Wh_cumul=0.22554 
t=156 V=3.74788 A=1.42498 W=5.34065 mAh_cumul=60.9626 Wh_cumul=0.227023 
t=157 V=3.74809 A=1.42499 W=5.34099 mAh_cumul=61.3585 Wh_cumul=0.228507 
t=158 V=3.74832 A=1.42499 W=5.34132 mAh_cumul=61.7543 Wh_cumul=0.22999 
t=159 V=3.74855 A=1.42499 W=5.34165 mAh_cumul=62.1501 Wh_cumul=0.231474 
t=160 V=3.74878 A=1.425 W=5.34201 mAh_cumul=62.546 Wh_cumul=0.232958 
t=161 V=3.749 A=1.425 W=5.34233 mAh_cumul=62.9418 Wh_cumul=0.234442 
t=162 V=3.74917 A=1.425 W=5.34257 mAh_cumul=63.3376 Wh_cumul=0.235926 
t=163 V=3.74938 A=1.42499 W=5.34283 mAh_cumul=63.7334 Wh_cumul=0.23741 
t=164 V=3.74959 A=1.42499 W=5.34313 mAh_cumul=64.1293 Wh_cumul=0.238894 
t=165 V=3.7498 A=1.42497 W=5.34335 mAh_cumul=64.5251 Wh_cumul=0.240379 
t=166 V=3.74996 A=1.42498 W=5.34362 mAh_cumul=64.9209 Wh_cumul=0.241863 
t=167 V=3.7502 A=1.42498 W=5.34396 mAh_cumul=65.3168 Wh_cumul=0.243347 
t=168 V=3.75039 A=1.42499 W=5.34427 mAh_cumul=65.7126 Wh_cumul=0.244832 
t=169 V=3.7506 A=1.42498 W=5.34453 mAh_cumul=66.1084 Wh_cumul=0.246317 
t=170 V=3.75082 A=1.42499 W=5.34488 mAh_cumul=66.5042 Wh_cumul=0.247801 
t=171 V=3.75103 A=1.42499 W=5.34518 mAh_cumul=66.9001 Wh_cumul=0.249286 
t=172 V=3.75125 A=1.42499 W=5.34549 mAh_cumul=67.2959 Wh_cumul=0.250771 
t=173 V=3.75143 A=1.42499 W=5.34575 mAh_cumul=67.6917 Wh_cumul=0.252256 
t=174 V=3.75166 A=1.42498 W=5.34604 mAh_cumul=68.0876 Wh_cumul=0.253741 
t=175 V=3.75183 A=1.42499 W=5.34632 mAh_cumul=68.4834 Wh_cumul=0.255226 
t=176 V=3.75202 A=1.42499 W=5.34659 mAh_cumul=68.8792 Wh_cumul=0.256711 
t=177 V=3.75223 A=1.42499 W=5.34689 mAh_cumul=69.2751 Wh_cumul=0.258196 
t=178 V=3.75245 A=1.42499 W=5.3472 mAh_cumul=69.6709 Wh_cumul=0.259682 
t=179 V=3.75263 A=1.42498 W=5.34742 mAh_cumul=70.0667 Wh_cumul=0.261167 
t=180 V=3.75283 A=1.42498 W=5.34771 mAh_cumul=70.4625 Wh_cumul=0.262653 
t=181 V=3.75301 A=1.42498 W=5.34796 mAh_cumul=70.8584 Wh_cumul=0.264138 
t=182 V=3.75321 A=1.42499 W=5.34829 mAh_cumul=71.2542 Wh_cumul=0.265624 
t=183 V=3.7534 A=1.42499 W=5.34856 mAh_cumul=71.65 Wh_cumul=0.267109 
t=184 V=3.75359 A=1.42498 W=5.34879 mAh_cumul=72.0459 Wh_cumul=0.268595 
t=185 V=3.75377 A=1.425 W=5.34912 mAh_cumul=72.4417 Wh_cumul=0.270081 
t=186 V=3.75397 A=1.42499 W=5.34937 mAh_cumul=72.8375 Wh_cumul=0.271567 
t=187 V=3.75415 A=1.42497 W=5.34955 mAh_cumul=73.2334 Wh_cumul=0.273053 
t=188 V=3.75436 A=1.42499 W=5.34993 mAh_cumul=73.6292 Wh_cumul=0.274539 
t=189 V=3.75456 A=1.42499 W=5.35021 mAh_cumul=74.025 Wh_cumul=0.276025 
t=190 V=3.75468 A=1.42498 W=5.35034 mAh_cumul=74.4208 Wh_cumul=0.277511 
t=191 V=3.7549 A=1.425 W=5.35073 mAh_cumul=74.8167 Wh_cumul=0.278998 
t=192 V=3.75509 A=1.42498 W=5.35093 mAh_cumul=75.2125 Wh_cumul=0.280484 
t=193 V=3.75527 A=1.42498 W=5.35118 mAh_cumul=75.6083 Wh_cumul=0.281971 
t=194 V=3.75548 A=1.42498 W=5.35148 mAh_cumul=76.0042 Wh_cumul=0.283457 
t=195 V=3.75564 A=1.42499 W=5.35175 mAh_cumul=76.4 Wh_cumul=0.284944 
t=196 V=3.75579 A=1.425 W=5.352 mAh_cumul=76.7958 Wh_cumul=0.28643 
t=197 V=3.75601 A=1.42499 W=5.35228 mAh_cumul=77.1917 Wh_cumul=0.287917 
t=198 V=3.7562 A=1.425 W=5.35259 mAh_cumul=77.5875 Wh_cumul=0.289404 
t=199 V=3.75635 A=1.425 W=5.3528 mAh_cumul=77.9833 Wh_cumul=0.290891 
t=200 V=3.75656 A=1.42498 W=5.35302 mAh_cumul=78.3791 Wh_cumul=0.292378 
t=201 V=3.75671 A=1.42498 W=5.35324 mAh_cumul=78.775 Wh_cumul=0.293865 
t=202 V=3.7569 A=1.42498 W=5.35351 mAh_cumul=79.1708 Wh_cumul=0.295352 
t=203 V=3.75709 A=1.42499 W=5.35382 mAh_cumul=79.5666 Wh_cumul=0.296839 
t=204 V=3.75726 A=1.42498 W=5.35402 mAh_cumul=79.9625 Wh_cumul=0.298326 
t=205 V=3.75745 A=1.42499 W=5.35433 mAh_cumul=80.3583 Wh_cumul=0.299814 
t=206 V=3.75761 A=1.42499 W=5.35456 mAh_cumul=80.7541 Wh_cumul=0.301301 
t=207 V=3.7578 A=1.42499 W=5.35483 mAh_cumul=81.15 Wh_cumul=0.302788 
t=208 V=3.75798 A=1.42499 W=5.35508 mAh_cumul=81.5458 Wh_cumul=0.304276 
t=209 V=3.75815 A=1.42498 W=5.35529 mAh_cumul=81.9416 Wh_cumul=0.305764 
t=210 V=3.75832 A=1.42498 W=5.35553 mAh_cumul=82.3374 Wh_cumul=0.307251 
t=211 V=3.75849 A=1.42499 W=5.35581 mAh_cumul=82.7333 Wh_cumul=0.308739 
t=212 V=3.75866 A=1.425 W=5.35609 mAh_cumul=83.1291 Wh_cumul=0.310227 
t=213 V=3.75884 A=1.42499 W=5.35631 mAh_cumul=83.5249 Wh_cumul=0.311715 
t=214 V=3.75903 A=1.42499 W=5.35658 mAh_cumul=83.9208 Wh_cumul=0.313203 
t=215 V=3.75916 A=1.425 W=5.3568 mAh_cumul=84.3166 Wh_cumul=0.314691 
t=216 V=3.75936 A=1.42499 W=5.35705 mAh_cumul=84.7124 Wh_cumul=0.316179 
t=217 V=3.75953 A=1.42499 W=5.35729 mAh_cumul=85.1083 Wh_cumul=0.317667 
t=218 V=3.75968 A=1.42498 W=5.35747 mAh_cumul=85.5041 Wh_cumul=0.319155 
t=219 V=3.75983 A=1.425 W=5.35776 mAh_cumul=85.8999 Wh_cumul=0.320643 
t=220 V=3.76003 A=1.42499 W=5.35801 mAh_cumul=86.2957 Wh_cumul=0.322131 
t=221 V=3.76019 A=1.42499 W=5.35823 mAh_cumul=86.6916 Wh_cumul=0.32362 
t=222 V=3.76033 A=1.42499 W=5.35843 mAh_cumul=87.0874 Wh_cumul=0.325108 
t=223 V=3.7605 A=1.425 W=5.35871 mAh_cumul=87.4832 Wh_cumul=0.326597 
t=224 V=3.76067 A=1.425 W=5.35895 mAh_cumul=87.8791 Wh_cumul=0.328085 
t=225 V=3.76085 A=1.425 W=5.35921 mAh_cumul=88.2749 Wh_cumul=0.329574 
t=226 V=3.761 A=1.42499 W=5.35939 mAh_cumul=88.6707 Wh_cumul=0.331063 
t=227 V=3.76115 A=1.42499 W=5.3596 mAh_cumul=89.0666 Wh_cumul=0.332552 
t=228 V=3.76131 A=1.42499 W=5.35983 mAh_cumul=89.4624 Wh_cumul=0.33404 
t=229 V=3.76149 A=1.42498 W=5.36005 mAh_cumul=89.8582 Wh_cumul=0.335529 
t=230 V=3.76166 A=1.42497 W=5.36025 mAh_cumul=90.2541 Wh_cumul=0.337018 
t=231 V=3.7618 A=1.42498 W=5.36049 mAh_cumul=90.6499 Wh_cumul=0.338507 
t=232 V=3.76194 A=1.42499 W=5.36073 mAh_cumul=91.0457 Wh_cumul=0.339996 
t=233 V=3.76211 A=1.42498 W=5.36093 mAh_cumul=91.4415 Wh_cumul=0.341486 
t=234 V=3.76231 A=1.42499 W=5.36125 mAh_cumul=91.8374 Wh_cumul=0.342975 
t=235 V=3.76244 A=1.42498 W=5.3614 mAh_cumul=92.2332 Wh_cumul=0.344464 
t=236 V=3.7626 A=1.42499 W=5.36167 mAh_cumul=92.629 Wh_cumul=0.345953 
t=237 V=3.76273 A=1.42498 W=5.36181 mAh_cumul=93.0249 Wh_cumul=0.347443 
t=238 V=3.7629 A=1.42499 W=5.36209 mAh_cumul=93.4207 Wh_cumul=0.348932 
t=239 V=3.76306 A=1.42498 W=5.36229 mAh_cumul=93.8165 Wh_cumul=0.350422 
t=240 V=3.76322 A=1.42499 W=5.36255 mAh_cumul=94.2123 Wh_cumul=0.351911 
t=241 V=3.7634 A=1.42499 W=5.36281 mAh_cumul=94.6082 Wh_cumul=0.353401 
t=242 V=3.76353 A=1.42499 W=5.36299 mAh_cumul=95.004 Wh_cumul=0.354891 
t=243 V=3.76367 A=1.425 W=5.36323 mAh_cumul=95.3998 Wh_cumul=0.356381 
t=244 V=3.76385 A=1.42498 W=5.36341 mAh_cumul=95.7957 Wh_cumul=0.35787 
t=245 V=3.76398 A=1.42498 W=5.3636 mAh_cumul=96.1915 Wh_cumul=0.35936 
t=246 V=3.76412 A=1.425 W=5.36387 mAh_cumul=96.5873 Wh_cumul=0.36085 
t=247 V=3.76431 A=1.425 W=5.36414 mAh_cumul=96.9832 Wh_cumul=0.36234 
t=248 V=3.76444 A=1.42499 W=5.36429 mAh_cumul=97.379 Wh_cumul=0.36383 
t=249 V=3.76458 A=1.42499 W=5.36449 mAh_cumul=97.7748 Wh_cumul=0.365321 
t=250 V=3.76474 A=1.42499 W=5.36472 mAh_cumul=98.1707 Wh_cumul=0.366811 
t=251 V=3.76488 A=1.42498 W=5.36488 mAh_cumul=98.5665 Wh_cumul=0.368301 
t=252 V=3.76501 A=1.425 W=5.36514 mAh_cumul=98.9623 Wh_cumul=0.369791 
t=253 V=3.76517 A=1.42499 W=5.36533 mAh_cumul=99.3581 Wh_cumul=0.371282 
t=254 V=3.76531 A=1.42498 W=5.36549 mAh_cumul=99.754 Wh_cumul=0.372772 
t=255 V=3.76546 A=1.42499 W=5.36574 mAh_cumul=100.15 Wh_cumul=0.374263 
t=256 V=3.76561 A=1.425 W=5.36599 mAh_cumul=100.546 Wh_cumul=0.375753 
t=257 V=3.76577 A=1.42499 W=5.36618 mAh_cumul=100.941 Wh_cumul=0.377244 
t=258 V=3.76589 A=1.42499 W=5.36636 mAh_cumul=101.337 Wh_cumul=0.378734 
t=259 V=3.76606 A=1.42499 W=5.3666 mAh_cumul=101.733 Wh_cumul=0.380225 
t=260 V=3.76618 A=1.42499 W=5.36677 mAh_cumul=102.129 Wh_cumul=0.381716 
t=261 V=3.76633 A=1.42499 W=5.36698 mAh_cumul=102.525 Wh_cumul=0.383207 
t=262 V=3.7665 A=1.42498 W=5.36719 mAh_cumul=102.921 Wh_cumul=0.384698 
t=263 V=3.76664 A=1.42498 W=5.36739 mAh_cumul=103.316 Wh_cumul=0.386189 
t=264 V=3.76677 A=1.42498 W=5.36757 mAh_cumul=103.712 Wh_cumul=0.38768 
t=265 V=3.76691 A=1.42499 W=5.36781 mAh_cumul=104.108 Wh_cumul=0.389171 
t=266 V=3.76707 A=1.42499 W=5.36804 mAh_cumul=104.504 Wh_cumul=0.390662 
t=267 V=3.76722 A=1.42497 W=5.36818 mAh_cumul=104.9 Wh_cumul=0.392153 
t=268 V=3.76734 A=1.42499 W=5.36842 mAh_cumul=105.296 Wh_cumul=0.393644 
t=269 V=3.7675 A=1.42498 W=5.36861 mAh_cumul=105.691 Wh_cumul=0.395135 
t=270 V=3.76765 A=1.42499 W=5.36886 mAh_cumul=106.087 Wh_cumul=0.396627 
t=271 V=3.76779 A=1.42499 W=5.36906 mAh_cumul=106.483 Wh_cumul=0.398118 
t=272 V=3.7679 A=1.42499 W=5.36922 mAh_cumul=106.879 Wh_cumul=0.39961 
t=273 V=3.76807 A=1.42498 W=5.36942 mAh_cumul=107.275 Wh_cumul=0.401101 
t=274 V=3.7682 A=1.42498 W=5.36961 mAh_cumul=107.671 Wh_cumul=0.402593 
t=275 V=3.76833 A=1.425 W=5.36987 mAh_cumul=108.066 Wh_cumul=0.404084 
t=276 V=3.76846 A=1.42498 W=5.36998 mAh_cumul=108.462 Wh_cumul=0.405576 
t=277 V=3.7686 A=1.42498 W=5.37018 mAh_cumul=108.858 Wh_cumul=0.407068 
t=278 V=3.76873 A=1.42499 W=5.3704 mAh_cumul=109.254 Wh_cumul=0.408559 
t=279 V=3.76885 A=1.42499 W=5.37057 mAh_cumul=109.65 Wh_cumul=0.410051 
t=280 V=3.76902 A=1.42499 W=5.37082 mAh_cumul=110.046 Wh_cumul=0.411543 
t=281 V=3.76913 A=1.42499 W=5.37097 mAh_cumul=110.441 Wh_cumul=0.413035 
t=282 V=3.76928 A=1.42498 W=5.37115 mAh_cumul=110.837 Wh_cumul=0.414527 
t=283 V=3.76941 A=1.42498 W=5.37133 mAh_cumul=111.233 Wh_cumul=0.416019 
t=284 V=3.76955 A=1.425 W=5.37161 mAh_cumul=111.629 Wh_cumul=0.417511 
t=285 V=3.76965 A=1.42499 W=5.37171 mAh_cumul=112.025 Wh_cumul=0.419003 
t=286 V=3.76979 A=1.42499 W=5.37191 mAh_cumul=112.421 Wh_cumul=0.420496 
t=287 V=3.76995 A=1.42499 W=5.37214 mAh_cumul=112.816 Wh_cumul=0.421988 
t=288 V=3.77005 A=1.42499 W=5.37228 mAh_cumul=113.212 Wh_cumul=0.42348 
t=289 V=3.77015 A=1.42499 W=5.37243 mAh_cumul=113.608 Wh_cumul=0.424973 
t=290 V=3.77031 A=1.42499 W=5.37265 mAh_cumul=114.004 Wh_cumul=0.426465 
t=291 V=3.77044 A=1.425 W=5.37288 mAh_cumul=114.4 Wh_cumul=0.427957 
t=292 V=3.77057 A=1.425 W=5.37306 mAh_cumul=114.796 Wh_cumul=0.42945 
t=293 V=3.77069 A=1.425 W=5.37323 mAh_cumul=115.191 Wh_cumul=0.430942 
t=294 V=3.77082 A=1.42499 W=5.37338 mAh_cumul=115.587 Wh_cumul=0.432435 
t=295 V=3.77095 A=1.42499 W=5.37357 mAh_cumul=115.983 Wh_cumul=0.433928 
t=296 V=3.77108 A=1.425 W=5.37379 mAh_cumul=116.379 Wh_cumul=0.43542 
t=297 V=3.77121 A=1.42499 W=5.37394 mAh_cumul=116.775 Wh_cumul=0.436913 
t=298 V=3.77136 A=1.42499 W=5.37415 mAh_cumul=117.171 Wh_cumul=0.438406 
t=299 V=3.77146 A=1.42498 W=5.37426 mAh_cumul=117.566 Wh_cumul=0.439899 
t=300 V=3.77165 A=1.42499 W=5.37456 mAh_cumul=117.962 Wh_cumul=0.441392 
t=301 V=3.77176 A=1.42499 W=5.37472 mAh_cumul=118.358 Wh_cumul=0.442885 
t=302 V=3.77189 A=1.42499 W=5.37491 mAh_cumul=118.754 Wh_cumul=0.444378 
t=303 V=3.77207 A=1.425 W=5.3752 mAh_cumul=119.15 Wh_cumul=0.445871 
t=304 V=3.77217 A=1.42499 W=5.3753 mAh_cumul=119.545 Wh_cumul=0.447364 
t=305 V=3.77232 A=1.42499 W=5.37552 mAh_cumul=119.941 Wh_cumul=0.448857 
t=306 V=3.77244 A=1.42498 W=5.37565 mAh_cumul=120.337 Wh_cumul=0.45035 
t=307 V=3.77257 A=1.42499 W=5.37587 mAh_cumul=120.733 Wh_cumul=0.451844 
t=308 V=3.77273 A=1.42498 W=5.37606 mAh_cumul=121.129 Wh_cumul=0.453337 
t=309 V=3.77281 A=1.425 W=5.37625 mAh_cumul=121.525 Wh_cumul=0.454831 
t=310 V=3.77298 A=1.42499 W=5.37646 mAh_cumul=121.92 Wh_cumul=0.456324 
t=311 V=3.77308 A=1.42499 W=5.3766 mAh_cumul=122.316 Wh_cumul=0.457818 
t=312 V=3.77321 A=1.425 W=5.37682 mAh_cumul=122.712 Wh_cumul=0.459311 
t=313 V=3.77334 A=1.42499 W=5.37697 mAh_cumul=123.108 Wh_cumul=0.460805 
t=314 V=3.77349 A=1.42498 W=5.37715 mAh_cumul=123.504 Wh_cumul=0.462298 
t=315 V=3.77362 A=1.42499 W=5.37737 mAh_cumul=123.9 Wh_cumul=0.463792 
t=316 V=3.77375 A=1.42498 W=5.37752 mAh_cumul=124.295 Wh_cumul=0.465286 
t=317 V=3.77387 A=1.42498 W=5.37769 mAh_cumul=124.691 Wh_cumul=0.46678 
t=318 V=3.77401 A=1.42498 W=5.37789 mAh_cumul=125.087 Wh_cumul=0.468273 
t=319 V=3.77416 A=1.42498 W=5.3781 mAh_cumul=125.483 Wh_cumul=0.469767 
t=320 V=3.77431 A=1.42499 W=5.37835 mAh_cumul=125.879 Wh_cumul=0.471261 
t=321 V=3.77443 A=1.42499 W=5.37853 mAh_cumul=126.275 Wh_cumul=0.472755 
t=322 V=3.77455 A=1.42498 W=5.37866 mAh_cumul=126.67 Wh_cumul=0.474249 
t=323 V=3.77466 A=1.42499 W=5.37885 mAh_cumul=127.066 Wh_cumul=0.475744 
t=324 V=3.77482 A=1.42498 W=5.37904 mAh_cumul=127.462 Wh_cumul=0.477238 
t=325 V=3.77495 A=1.42498 W=5.37923 mAh_cumul=127.858 Wh_cumul=0.478732 
t=326 V=3.77506 A=1.42498 W=5.37938 mAh_cumul=128.254 Wh_cumul=0.480226 
t=327 V=3.77518 A=1.42497 W=5.37952 mAh_cumul=128.65 Wh_cumul=0.481721 
t=328 V=3.77532 A=1.42497 W=5.37972 mAh_cumul=129.045 Wh_cumul=0.483215 
t=329 V=3.77544 A=1.425 W=5.38 mAh_cumul=129.441 Wh_cumul=0.484709 
t=330 V=3.77558 A=1.42498 W=5.38013 mAh_cumul=129.837 Wh_cumul=0.486204 
t=331 V=3.77569 A=1.42498 W=5.38028 mAh_cumul=130.233 Wh_cumul=0.487698 
t=332 V=3.77579 A=1.42498 W=5.38043 mAh_cumul=130.629 Wh_cumul=0.489193 
t=333 V=3.7759 A=1.42499 W=5.38062 mAh_cumul=131.025 Wh_cumul=0.490688 
t=334 V=3.77604 A=1.425 W=5.38086 mAh_cumul=131.42 Wh_cumul=0.492182 
t=335 V=3.7762 A=1.425 W=5.38108 mAh_cumul=131.816 Wh_cumul=0.493677 
t=336 V=3.77629 A=1.425 W=5.38121 mAh_cumul=132.212 Wh_cumul=0.495172 
t=337 V=3.77642 A=1.425 W=5.3814 mAh_cumul=132.608 Wh_cumul=0.496667 
t=338 V=3.77657 A=1.425 W=5.38161 mAh_cumul=133.004 Wh_cumul=0.498162 
t=339 V=3.7767 A=1.42499 W=5.38176 mAh_cumul=133.4 Wh_cumul=0.499656 
t=340 V=3.77683 A=1.42498 W=5.38191 mAh_cumul=133.795 Wh_cumul=0.501151 
t=341 V=3.77695 A=1.42499 W=5.38212 mAh_cumul=134.191 Wh_cumul=0.502646 
t=342 V=3.7771 A=1.42499 W=5.38233 mAh_cumul=134.587 Wh_cumul=0.504142 
t=343 V=3.77724 A=1.42499 W=5.38253 mAh_cumul=134.983 Wh_cumul=0.505637 
t=344 V=3.77737 A=1.42499 W=5.38271 mAh_cumul=135.379 Wh_cumul=0.507132 
t=345 V=3.7775 A=1.42498 W=5.38286 mAh_cumul=135.775 Wh_cumul=0.508627 
t=346 V=3.77761 A=1.42499 W=5.38306 mAh_cumul=136.17 Wh_cumul=0.510122 
t=347 V=3.77772 A=1.42499 W=5.38321 mAh_cumul=136.566 Wh_cumul=0.511618 
t=348 V=3.77785 A=1.42499 W=5.3834 mAh_cumul=136.962 Wh_cumul=0.513113 
t=349 V=3.77798 A=1.42499 W=5.38358 mAh_cumul=137.358 Wh_cumul=0.514609 
t=350 V=3.77809 A=1.425 W=5.38378 mAh_cumul=137.754 Wh_cumul=0.516104 
t=351 V=3.77822 A=1.425 W=5.38396 mAh_cumul=138.149 Wh_cumul=0.5176 
t=352 V=3.77835 A=1.42499 W=5.38411 mAh_cumul=138.545 Wh_cumul=0.519095 
t=353 V=3.77846 A=1.425 W=5.38431 mAh_cumul=138.941 Wh_cumul=0.520591 
t=354 V=3.7786 A=1.42499 W=5.38447 mAh_cumul=139.337 Wh_cumul=0.522087 
t=355 V=3.77869 A=1.425 W=5.38463 mAh_cumul=139.733 Wh_cumul=0.523582 
t=356 V=3.77885 A=1.42499 W=5.38482 mAh_cumul=140.129 Wh_cumul=0.525078 
t=357 V=3.77895 A=1.425 W=5.385 mAh_cumul=140.524 Wh_cumul=0.526574 
t=358 V=3.77907 A=1.42499 W=5.38514 mAh_cumul=140.92 Wh_cumul=0.52807 
t=359 V=3.7792 A=1.42499 W=5.38532 mAh_cumul=141.316 Wh_cumul=0.529566 
t=360 V=3.77934 A=1.42499 W=5.38552 mAh_cumul=141.712 Wh_cumul=0.531062 
t=361 V=3.77945 A=1.42499 W=5.38568 mAh_cumul=142.108 Wh_cumul=0.532558 
t=362 V=3.77962 A=1.425 W=5.38596 mAh_cumul=142.504 Wh_cumul=0.534054 
t=363 V=3.77973 A=1.42499 W=5.38608 mAh_cumul=142.899 Wh_cumul=0.53555 
t=364 V=3.77983 A=1.425 W=5.38626 mAh_cumul=143.295 Wh_cumul=0.537046 
t=365 V=3.77997 A=1.425 W=5.38646 mAh_cumul=143.691 Wh_cumul=0.538542 
t=366 V=3.78011 A=1.42499 W=5.38662 mAh_cumul=144.087 Wh_cumul=0.540039 
t=367 V=3.78024 A=1.42499 W=5.3868 mAh_cumul=144.483 Wh_cumul=0.541535 
t=368 V=3.78036 A=1.42499 W=5.38698 mAh_cumul=144.879 Wh_cumul=0.543031 
t=369 V=3.78047 A=1.42499 W=5.38713 mAh_cumul=145.274 Wh_cumul=0.544528 
t=370 V=3.7806 A=1.42499 W=5.38732 mAh_cumul=145.67 Wh_cumul=0.546024 
t=371 V=3.78071 A=1.42498 W=5.38744 mAh_cumul=146.066 Wh_cumul=0.547521 
t=372 V=3.78083 A=1.425 W=5.38768 mAh_cumul=146.462 Wh_cumul=0.549017 
t=373 V=3.78095 A=1.42499 W=5.38782 mAh_cumul=146.858 Wh_cumul=0.550514 
t=374 V=3.78107 A=1.42499 W=5.38799 mAh_cumul=147.254 Wh_cumul=0.552011 
t=375 V=3.78119 A=1.42499 W=5.38816 mAh_cumul=147.649 Wh_cumul=0.553507 
t=376 V=3.78132 A=1.42498 W=5.38831 mAh_cumul=148.045 Wh_cumul=0.555004 
t=377 V=3.78143 A=1.42498 W=5.38846 mAh_cumul=148.441 Wh_cumul=0.556501 
t=378 V=3.78158 A=1.42498 W=5.38868 mAh_cumul=148.837 Wh_cumul=0.557998 
t=379 V=3.7817 A=1.42498 W=5.38885 mAh_cumul=149.233 Wh_cumul=0.559495 
t=380 V=3.78183 A=1.42499 W=5.38907 mAh_cumul=149.629 Wh_cumul=0.560992 
t=381 V=3.78193 A=1.425 W=5.38925 mAh_cumul=150.024 Wh_cumul=0.562489 
t=382 V=3.78208 A=1.42499 W=5.38943 mAh_cumul=150.42 Wh_cumul=0.563986 
t=383 V=3.78216 A=1.42499 W=5.38954 mAh_cumul=150.816 Wh_cumul=0.565483 
t=384 V=3.78232 A=1.425 W=5.38981 mAh_cumul=151.212 Wh_cumul=0.56698 
t=385 V=3.78243 A=1.42499 W=5.38992 mAh_cumul=151.608 Wh_cumul=0.568477 
t=386 V=3.78257 A=1.42499 W=5.39012 mAh_cumul=152.004 Wh_cumul=0.569974 
t=387 V=3.78272 A=1.425 W=5.39038 mAh_cumul=152.399 Wh_cumul=0.571472 
t=388 V=3.7828 A=1.42499 W=5.39045 mAh_cumul=152.795 Wh_cumul=0.572969 
t=389 V=3.78295 A=1.42499 W=5.39067 mAh_cumul=153.191 Wh_cumul=0.574466 
t=390 V=3.78307 A=1.425 W=5.39087 mAh_cumul=153.587 Wh_cumul=0.575964 
t=391 V=3.78316 A=1.425 W=5.391 mAh_cumul=153.983 Wh_cumul=0.577461 
t=392 V=3.7833 A=1.425 W=5.3912 mAh_cumul=154.379 Wh_cumul=0.578959 
t=393 V=3.78343 A=1.425 W=5.39139 mAh_cumul=154.774 Wh_cumul=0.580457 
t=394 V=3.78355 A=1.42501 W=5.3916 mAh_cumul=155.17 Wh_cumul=0.581954 
t=395 V=3.78368 A=1.42499 W=5.39171 mAh_cumul=155.566 Wh_cumul=0.583452 
t=396 V=3.7838 A=1.425 W=5.39192 mAh_cumul=155.962 Wh_cumul=0.58495 
t=397 V=3.78393 A=1.42499 W=5.39206 mAh_cumul=156.358 Wh_cumul=0.586448 
t=398 V=3.78403 A=1.42501 W=5.39228 mAh_cumul=156.754 Wh_cumul=0.587945 
t=399 V=3.78417 A=1.425 W=5.39244 mAh_cumul=157.149 Wh_cumul=0.589443 
t=400 V=3.78429 A=1.42501 W=5.39265 mAh_cumul=157.545 Wh_cumul=0.590941 
t=401 V=3.78442 A=1.425 W=5.3928 mAh_cumul=157.941 Wh_cumul=0.592439 
t=402 V=3.78451 A=1.425 W=5.39293 mAh_cumul=158.337 Wh_cumul=0.593937 
t=403 V=3.78464 A=1.425 W=5.39311 mAh_cumul=158.733 Wh_cumul=0.595435 
t=404 V=3.78479 A=1.425 W=5.39333 mAh_cumul=159.129 Wh_cumul=0.596933 
t=405 V=3.78491 A=1.425 W=5.3935 mAh_cumul=159.524 Wh_cumul=0.598432 
t=406 V=3.78504 A=1.42499 W=5.39364 mAh_cumul=159.92 Wh_cumul=0.59993 
t=407 V=3.78517 A=1.425 W=5.39387 mAh_cumul=160.316 Wh_cumul=0.601428 
t=408 V=3.78529 A=1.425 W=5.39404 mAh_cumul=160.712 Wh_cumul=0.602927 
t=409 V=3.78538 A=1.425 W=5.39417 mAh_cumul=161.108 Wh_cumul=0.604425 
t=410 V=3.78553 A=1.425 W=5.39438 mAh_cumul=161.504 Wh_cumul=0.605923 
t=411 V=3.78565 A=1.425 W=5.39455 mAh_cumul=161.899 Wh_cumul=0.607422 
t=412 V=3.78576 A=1.42499 W=5.39467 mAh_cumul=162.295 Wh_cumul=0.60892 
t=413 V=3.78586 A=1.425 W=5.39485 mAh_cumul=162.691 Wh_cumul=0.610419 
t=414 V=3.78597 A=1.42499 W=5.39497 mAh_cumul=163.087 Wh_cumul=0.611918 
t=415 V=3.78611 A=1.42499 W=5.39517 mAh_cumul=163.483 Wh_cumul=0.613416 
t=416 V=3.78619 A=1.42499 W=5.39528 mAh_cumul=163.879 Wh_cumul=0.614915 
t=417 V=3.78636 A=1.42499 W=5.39553 mAh_cumul=164.274 Wh_cumul=0.616414 
t=418 V=3.78646 A=1.42499 W=5.39567 mAh_cumul=164.67 Wh_cumul=0.617912 
t=419 V=3.78656 A=1.42499 W=5.39581 mAh_cumul=165.066 Wh_cumul=0.619411 
t=420 V=3.78668 A=1.42499 W=5.39598 mAh_cumul=165.462 Wh_cumul=0.62091 
t=421 V=3.78684 A=1.42499 W=5.39621 mAh_cumul=165.858 Wh_cumul=0.622409 
t=422 V=3.78695 A=1.425 W=5.3964 mAh_cumul=166.254 Wh_cumul=0.623908 
t=423 V=3.78707 A=1.425 W=5.39657 mAh_cumul=166.649 Wh_cumul=0.625407 
t=424 V=3.78717 A=1.42499 W=5.39668 mAh_cumul=167.045 Wh_cumul=0.626906 
t=425 V=3.78732 A=1.425 W=5.39693 mAh_cumul=167.441 Wh_cumul=0.628405 
t=426 V=3.78744 A=1.425 W=5.3971 mAh_cumul=167.837 Wh_cumul=0.629905 
t=427 V=3.78755 A=1.42499 W=5.39722 mAh_cumul=168.233 Wh_cumul=0.631404 
t=428 V=3.78766 A=1.42499 W=5.39738 mAh_cumul=168.629 Wh_cumul=0.632903 
t=429 V=3.78782 A=1.42499 W=5.39761 mAh_cumul=169.024 Wh_cumul=0.634402 
t=430 V=3.78794 A=1.42499 W=5.39778 mAh_cumul=169.42 Wh_cumul=0.635902 
t=431 V=3.78805 A=1.42499 W=5.39793 mAh_cumul=169.816 Wh_cumul=0.637401 
t=432 V=3.78815 A=1.425 W=5.39811 mAh_cumul=170.212 Wh_cumul=0.638901 
t=433 V=3.78825 A=1.42499 W=5.39822 mAh_cumul=170.608 Wh_cumul=0.6404 
t=434 V=3.78839 A=1.425 W=5.39846 mAh_cumul=171.004 Wh_cumul=0.6419 
t=435 V=3.78853 A=1.42499 W=5.39862 mAh_cumul=171.399 Wh_cumul=0.643399 
t=436 V=3.78864 A=1.42499 W=5.39877 mAh_cumul=171.795 Wh_cumul=0.644899 
t=437 V=3.78876 A=1.425 W=5.39898 mAh_cumul=172.191 Wh_cumul=0.646399 
t=438 V=3.78888 A=1.42499 W=5.39912 mAh_cumul=172.587 Wh_cumul=0.647899 
t=439 V=3.78898 A=1.425 W=5.3993 mAh_cumul=172.983 Wh_cumul=0.649398 
t=440 V=3.78913 A=1.42499 W=5.39947 mAh_cumul=173.379 Wh_cumul=0.650898 
t=441 V=3.78922 A=1.425 W=5.39964 mAh_cumul=173.774 Wh_cumul=0.652398 
t=442 V=3.78937 A=1.42499 W=5.39981 mAh_cumul=174.17 Wh_cumul=0.653898 
t=443 V=3.78948 A=1.42499 W=5.39997 mAh_cumul=174.566 Wh_cumul=0.655398 
t=444 V=3.78961 A=1.425 W=5.40019 mAh_cumul=174.962 Wh_cumul=0.656898 
t=445 V=3.78974 A=1.42499 W=5.40034 mAh_cumul=175.358 Wh_cumul=0.658398 
t=446 V=3.78985 A=1.42499 W=5.4005 mAh_cumul=175.754 Wh_cumul=0.659898 
t=447 V=3.79 A=1.42498 W=5.40067 mAh_cumul=176.149 Wh_cumul=0.661399 
t=448 V=3.79013 A=1.425 W=5.40094 mAh_cumul=176.545 Wh_cumul=0.662899 
t=449 V=3.79024 A=1.425 W=5.40109 mAh_cumul=176.941 Wh_cumul=0.664399 
t=450 V=3.79034 A=1.42499 W=5.4012 mAh_cumul=177.337 Wh_cumul=0.665899 
t=451 V=3.79048 A=1.42499 W=5.4014 mAh_cumul=177.733 Wh_cumul=0.6674 
t=452 V=3.79059 A=1.42499 W=5.40155 mAh_cumul=178.128 Wh_cumul=0.6689 
t=453 V=3.7907 A=1.425 W=5.40175 mAh_cumul=178.524 Wh_cumul=0.670401 
t=454 V=3.79083 A=1.42499 W=5.40189 mAh_cumul=178.92 Wh_cumul=0.671901 
t=455 V=3.79095 A=1.42499 W=5.40207 mAh_cumul=179.316 Wh_cumul=0.673402 
t=456 V=3.79106 A=1.42499 W=5.40222 mAh_cumul=179.712 Wh_cumul=0.674902 
t=457 V=3.79115 A=1.42498 W=5.40231 mAh_cumul=180.108 Wh_cumul=0.676403 
t=458 V=3.79128 A=1.42498 W=5.4025 mAh_cumul=180.503 Wh_cumul=0.677904 
t=459 V=3.79138 A=1.42498 W=5.40264 mAh_cumul=180.899 Wh_cumul=0.679404 
t=460 V=3.79151 A=1.42498 W=5.40283 mAh_cumul=181.295 Wh_cumul=0.680905 
t=461 V=3.79163 A=1.42498 W=5.403 mAh_cumul=181.691 Wh_cumul=0.682406 
t=462 V=3.79174 A=1.42498 W=5.40315 mAh_cumul=182.087 Wh_cumul=0.683907 
t=463 V=3.79185 A=1.42497 W=5.40327 mAh_cumul=182.483 Wh_cumul=0.685408 
t=464 V=3.79199 A=1.42498 W=5.40351 mAh_cumul=182.878 Wh_cumul=0.686909 
t=465 V=3.79213 A=1.42497 W=5.40367 mAh_cumul=183.274 Wh_cumul=0.68841 
t=466 V=3.79222 A=1.42499 W=5.40388 mAh_cumul=183.67 Wh_cumul=0.689911 
t=467 V=3.79239 A=1.42499 W=5.40412 mAh_cumul=184.066 Wh_cumul=0.691412 
t=468 V=3.79248 A=1.42498 W=5.40421 mAh_cumul=184.462 Wh_cumul=0.692913 
t=469 V=3.79262 A=1.42499 W=5.40445 mAh_cumul=184.858 Wh_cumul=0.694415 
t=470 V=3.79273 A=1.42499 W=5.4046 mAh_cumul=185.253 Wh_cumul=0.695916 
t=471 V=3.79287 A=1.42499 W=5.4048 mAh_cumul=185.649 Wh_cumul=0.697417 
t=472 V=3.79298 A=1.42498 W=5.40492 mAh_cumul=186.045 Wh_cumul=0.698918 
t=473 V=3.79311 A=1.42499 W=5.40514 mAh_cumul=186.441 Wh_cumul=0.70042 
t=474 V=3.79319 A=1.42498 W=5.40522 mAh_cumul=186.837 Wh_cumul=0.701921 
t=475 V=3.79333 A=1.42498 W=5.40542 mAh_cumul=187.233 Wh_cumul=0.703423 
t=476 V=3.79345 A=1.425 W=5.40567 mAh_cumul=187.628 Wh_cumul=0.704924 
t=477 V=3.79355 A=1.42499 W=5.40577 mAh_cumul=188.024 Wh_cumul=0.706426 
t=478 V=3.79367 A=1.42498 W=5.4059 mAh_cumul=188.42 Wh_cumul=0.707928 
t=479 V=3.7938 A=1.42497 W=5.40605 mAh_cumul=188.816 Wh_cumul=0.709429 
t=480 V=3.79392 A=1.42498 W=5.40626 mAh_cumul=189.212 Wh_cumul=0.710931 
t=481 V=3.79402 A=1.42498 W=5.4064 mAh_cumul=189.608 Wh_cumul=0.712433 
t=482 V=3.79416 A=1.42498 W=5.4066 mAh_cumul=190.003 Wh_cumul=0.713935 
t=483 V=3.79426 A=1.42498 W=5.40674 mAh_cumul=190.399 Wh_cumul=0.715437 
t=484 V=3.79437 A=1.42498 W=5.4069 mAh_cumul=190.795 Wh_cumul=0.716939 
t=485 V=3.79452 A=1.42498 W=5.40712 mAh_cumul=191.191 Wh_cumul=0.71844 
t=486 V=3.79464 A=1.42498 W=5.40729 mAh_cumul=191.587 Wh_cumul=0.719943 
t=487 V=3.79475 A=1.42498 W=5.40744 mAh_cumul=191.982 Wh_cumul=0.721445 
t=488 V=3.79488 A=1.42497 W=5.40759 mAh_cumul=192.378 Wh_cumul=0.722947 
t=489 V=3.79502 A=1.42498 W=5.40783 mAh_cumul=192.774 Wh_cumul=0.724449 
t=490 V=3.79512 A=1.42498 W=5.40797 mAh_cumul=193.17 Wh_cumul=0.725951 
t=491 V=3.79524 A=1.42498 W=5.40814 mAh_cumul=193.566 Wh_cumul=0.727453 
t=492 V=3.79537 A=1.42498 W=5.40833 mAh_cumul=193.962 Wh_cumul=0.728956 
t=493 V=3.79546 A=1.42498 W=5.40845 mAh_cumul=194.357 Wh_cumul=0.730458 
t=494 V=3.79561 A=1.42497 W=5.40863 mAh_cumul=194.753 Wh_cumul=0.73196 
t=495 V=3.79572 A=1.42498 W=5.40883 mAh_cumul=195.149 Wh_cumul=0.733463 
t=496 V=3.79584 A=1.42499 W=5.40903 mAh_cumul=195.545 Wh_cumul=0.734965 
t=497 V=3.79595 A=1.42499 W=5.40919 mAh_cumul=195.941 Wh_cumul=0.736468 
t=498 V=3.79607 A=1.42499 W=5.40936 mAh_cumul=196.337 Wh_cumul=0.737971 
t=499 V=3.79619 A=1.42498 W=5.40949 mAh_cumul=196.732 Wh_cumul=0.739473 
t=500 V=3.79629 A=1.42498 W=5.40964 mAh_cumul=197.128 Wh_cumul=0.740976 
t=501 V=3.79643 A=1.42499 W=5.40987 mAh_cumul=197.524 Wh_cumul=0.742479 
t=502 V=3.79656 A=1.425 W=5.4101 mAh_cumul=197.92 Wh_cumul=0.743981 
t=503 V=3.79667 A=1.42499 W=5.41022 mAh_cumul=198.316 Wh_cumul=0.745484 
t=504 V=3.79679 A=1.425 W=5.41043 mAh_cumul=198.712 Wh_cumul=0.746987 
t=505 V=3.7969 A=1.42499 W=5.41054 mAh_cumul=199.107 Wh_cumul=0.74849 
t=506 V=3.79706 A=1.425 W=5.41081 mAh_cumul=199.503 Wh_cumul=0.749993 
t=507 V=3.79716 A=1.42499 W=5.41092 mAh_cumul=199.899 Wh_cumul=0.751496 
t=508 V=3.7973 A=1.42498 W=5.41108 mAh_cumul=200.295 Wh_cumul=0.752999 
t=509 V=3.79742 A=1.42498 W=5.41125 mAh_cumul=200.691 Wh_cumul=0.754502 
t=510 V=3.79753 A=1.425 W=5.41148 mAh_cumul=201.087 Wh_cumul=0.756005 
t=511 V=3.79767 A=1.42499 W=5.41164 mAh_cumul=201.482 Wh_cumul=0.757509 
t=512 V=3.7978 A=1.42499 W=5.41183 mAh_cumul=201.878 Wh_cumul=0.759012 
t=513 V=3.79791 A=1.42499 W=5.41198 mAh_cumul=202.274 Wh_cumul=0.760515 
t=514 V=3.79803 A=1.42499 W=5.41215 mAh_cumul=202.67 Wh_cumul=0.762019 
t=515 V=3.79816 A=1.42499 W=5.41234 mAh_cumul=203.066 Wh_cumul=0.763522 
t=516 V=3.79829 A=1.42498 W=5.41249 mAh_cumul=203.462 Wh_cumul=0.765026 
t=517 V=3.79839 A=1.42499 W=5.41267 mAh_cumul=203.857 Wh_cumul=0.766529 
t=518 V=3.79853 A=1.425 W=5.41291 mAh_cumul=204.253 Wh_cumul=0.768033 
t=519 V=3.79862 A=1.42499 W=5.413 mAh_cumul=204.649 Wh_cumul=0.769536 
t=520 V=3.79874 A=1.42499 W=5.41317 mAh_cumul=205.045 Wh_cumul=0.77104 
t=521 V=3.79885 A=1.425 W=5.41336 mAh_cumul=205.441 Wh_cumul=0.772544 
t=522 V=3.79899 A=1.42498 W=5.41348 mAh_cumul=205.837 Wh_cumul=0.774047 
t=523 V=3.79909 A=1.42497 W=5.41359 mAh_cumul=206.232 Wh_cumul=0.775551 
t=524 V=3.79923 A=1.42499 W=5.41386 mAh_cumul=206.628 Wh_cumul=0.777055 
t=525 V=3.79937 A=1.42499 W=5.41406 mAh_cumul=207.024 Wh_cumul=0.778559 
t=526 V=3.79944 A=1.42498 W=5.41413 mAh_cumul=207.42 Wh_cumul=0.780063 
t=527 V=3.79961 A=1.42499 W=5.41441 mAh_cumul=207.816 Wh_cumul=0.781567 
t=528 V=3.79971 A=1.42498 W=5.41451 mAh_cumul=208.212 Wh_cumul=0.783071 
t=529 V=3.79981 A=1.42498 W=5.41465 mAh_cumul=208.607 Wh_cumul=0.784575 
t=530 V=3.79996 A=1.42498 W=5.41487 mAh_cumul=209.003 Wh_cumul=0.786079 
t=531 V=3.80007 A=1.42498 W=5.41502 mAh_cumul=209.399 Wh_cumul=0.787583 
t=532 V=3.80021 A=1.42498 W=5.41522 mAh_cumul=209.795 Wh_cumul=0.789088 
t=533 V=3.80036 A=1.425 W=5.41551 mAh_cumul=210.191 Wh_cumul=0.790592 
t=534 V=3.80047 A=1.425 W=5.41567 mAh_cumul=210.586 Wh_cumul=0.792096 
t=535 V=3.80061 A=1.42499 W=5.41583 mAh_cumul=210.982 Wh_cumul=0.793601 
t=536 V=3.80071 A=1.42498 W=5.41594 mAh_cumul=211.378 Wh_cumul=0.795105 
t=537 V=3.80084 A=1.425 W=5.4162 mAh_cumul=211.774 Wh_cumul=0.796609 
t=538 V=3.80096 A=1.42499 W=5.41633 mAh_cumul=212.17 Wh_cumul=0.798114 
t=539 V=3.80106 A=1.42499 W=5.41647 mAh_cumul=212.566 Wh_cumul=0.799619 
t=540 V=3.80119 A=1.42499 W=5.41666 mAh_cumul=212.961 Wh_cumul=0.801123 
t=541 V=3.8013 A=1.425 W=5.41685 mAh_cumul=213.357 Wh_cumul=0.802628 
t=542 V=3.80143 A=1.425 W=5.41704 mAh_cumul=213.753 Wh_cumul=0.804133 
t=543 V=3.80155 A=1.425 W=5.41721 mAh_cumul=214.149 Wh_cumul=0.805637 
t=544 V=3.80167 A=1.42499 W=5.41734 mAh_cumul=214.545 Wh_cumul=0.807142 
t=545 V=3.80179 A=1.425 W=5.41755 mAh_cumul=214.941 Wh_cumul=0.808647 
t=546 V=3.8019 A=1.425 W=5.41771 mAh_cumul=215.336 Wh_cumul=0.810152 
t=547 V=3.80202 A=1.425 W=5.41788 mAh_cumul=215.732 Wh_cumul=0.811657 
t=548 V=3.80215 A=1.425 W=5.41806 mAh_cumul=216.128 Wh_cumul=0.813162 
t=549 V=3.80228 A=1.425 W=5.41825 mAh_cumul=216.524 Wh_cumul=0.814667 
t=550 V=3.80241 A=1.42501 W=5.41847 mAh_cumul=216.92 Wh_cumul=0.816172 
t=551 V=3.80253 A=1.425 W=5.41861 mAh_cumul=217.316 Wh_cumul=0.817677 
t=552 V=3.80266 A=1.425 W=5.41879 mAh_cumul=217.711 Wh_cumul=0.819183 
t=553 V=3.80279 A=1.425 W=5.41898 mAh_cumul=218.107 Wh_cumul=0.820688 
t=554 V=3.8029 A=1.42499 W=5.41909 mAh_cumul=218.503 Wh_cumul=0.822193 
t=555 V=3.80304 A=1.425 W=5.41933 mAh_cumul=218.899 Wh_cumul=0.823699 
t=556 V=3.80314 A=1.42501 W=5.41951 mAh_cumul=219.295 Wh_cumul=0.825204 
t=557 V=3.80327 A=1.425 W=5.41966 mAh_cumul=219.691 Wh_cumul=0.826709 
t=558 V=3.80341 A=1.425 W=5.41986 mAh_cumul=220.086 Wh_cumul=0.828215 
t=559 V=3.8035 A=1.425 W=5.41999 mAh_cumul=220.482 Wh_cumul=0.829721 
t=560 V=3.80364 A=1.425 W=5.42019 mAh_cumul=220.878 Wh_cumul=0.831226 
t=561 V=3.80375 A=1.42499 W=5.42031 mAh_cumul=221.274 Wh_cumul=0.832732 
t=562 V=3.80388 A=1.42499 W=5.42049 mAh_cumul=221.67 Wh_cumul=0.834237 
t=563 V=3.804 A=1.42499 W=5.42066 mAh_cumul=222.066 Wh_cumul=0.835743 
t=564 V=3.80411 A=1.425 W=5.42086 mAh_cumul=222.461 Wh_cumul=0.837249 
t=565 V=3.80424 A=1.42499 W=5.421 mAh_cumul=222.857 Wh_cumul=0.838755 
t=566 V=3.80435 A=1.42499 W=5.42116 mAh_cumul=223.253 Wh_cumul=0.840261 
t=567 V=3.80448 A=1.425 W=5.42138 mAh_cumul=223.649 Wh_cumul=0.841767 
t=568 V=3.80458 A=1.42499 W=5.42149 mAh_cumul=224.045 Wh_cumul=0.843273 
t=569 V=3.80471 A=1.42499 W=5.42167 mAh_cumul=224.441 Wh_cumul=0.844779 
t=570 V=3.80484 A=1.42499 W=5.42186 mAh_cumul=224.836 Wh_cumul=0.846285 
t=571 V=3.80496 A=1.42498 W=5.42199 mAh_cumul=225.232 Wh_cumul=0.847791 
t=572 V=3.80512 A=1.42498 W=5.42222 mAh_cumul=225.628 Wh_cumul=0.849297 
t=573 V=3.80523 A=1.42498 W=5.42238 mAh_cumul=226.024 Wh_cumul=0.850803 
t=574 V=3.80536 A=1.42499 W=5.4226 mAh_cumul=226.42 Wh_cumul=0.852309 
t=575 V=3.80545 A=1.42499 W=5.42273 mAh_cumul=226.816 Wh_cumul=0.853816 
t=576 V=3.8056 A=1.42498 W=5.4229 mAh_cumul=227.211 Wh_cumul=0.855322 
t=577 V=3.8057 A=1.42499 W=5.42308 mAh_cumul=227.607 Wh_cumul=0.856829 
t=578 V=3.80583 A=1.42499 W=5.42327 mAh_cumul=228.003 Wh_cumul=0.858335 
t=579 V=3.80599 A=1.42499 W=5.4235 mAh_cumul=228.399 Wh_cumul=0.859842 
t=580 V=3.80607 A=1.42498 W=5.42357 mAh_cumul=228.795 Wh_cumul=0.861348 
t=581 V=3.80618 A=1.42498 W=5.42373 mAh_cumul=229.191 Wh_cumul=0.862855 
t=582 V=3.80632 A=1.42498 W=5.42393 mAh_cumul=229.586 Wh_cumul=0.864361 
t=583 V=3.80644 A=1.42499 W=5.42414 mAh_cumul=229.982 Wh_cumul=0.865868 
t=584 V=3.80656 A=1.42499 W=5.42431 mAh_cumul=230.378 Wh_cumul=0.867375 
t=585 V=3.80669 A=1.42499 W=5.4245 mAh_cumul=230.774 Wh_cumul=0.868882 
t=586 V=3.8068 A=1.42498 W=5.42461 mAh_cumul=231.17 Wh_cumul=0.870388 
t=587 V=3.80691 A=1.42498 W=5.42477 mAh_cumul=231.566 Wh_cumul=0.871895 
t=588 V=3.80705 A=1.42497 W=5.42493 mAh_cumul=231.961 Wh_cumul=0.873402 
t=589 V=3.80717 A=1.425 W=5.42522 mAh_cumul=232.357 Wh_cumul=0.874909 
t=590 V=3.8073 A=1.42499 W=5.42536 mAh_cumul=232.753 Wh_cumul=0.876416 
t=591 V=3.80741 A=1.42499 W=5.42552 mAh_cumul=233.149 Wh_cumul=0.877923 
t=592 V=3.80755 A=1.42499 W=5.42572 mAh_cumul=233.545 Wh_cumul=0.879431 
t=593 V=3.80767 A=1.425 W=5.42593 mAh_cumul=233.941 Wh_cumul=0.880938 
t=594 V=3.80777 A=1.42499 W=5.42603 mAh_cumul=234.336 Wh_cumul=0.882445 
t=595 V=3.80791 A=1.42499 W=5.42623 mAh_cumul=234.732 Wh_cumul=0.883952 
t=596 V=3.80805 A=1.42498 W=5.4264 mAh_cumul=235.128 Wh_cumul=0.88546 
t=597 V=3.80818 A=1.42498 W=5.42658 mAh_cumul=235.524 Wh_cumul=0.886967 
t=598 V=3.80829 A=1.42499 W=5.42678 mAh_cumul=235.92 Wh_cumul=0.888474 
t=599 V=3.80839 A=1.42499 W=5.42692 mAh_cumul=236.316 Wh_cumul=0.889982 
t=600 V=3.80853 A=1.42499 W=5.42712 mAh_cumul=236.711 Wh_cumul=0.891489 
t=601 V=3.80864 A=1.42498 W=5.42724 mAh_cumul=237.107 Wh_cumul=0.892997 
t=602 V=3.80878 A=1.42497 W=5.4274 mAh_cumul=237.503 Wh_cumul=0.894505 
t=603 V=3.80898 A=1.42499 W=5.42776 mAh_cumul=237.899 Wh_cumul=0.896012 
t=604 V=3.80913 A=1.42498 W=5.42793 mAh_cumul=238.295 Wh_cumul=0.89752 
t=605 V=3.80923 A=1.42498 W=5.42808 mAh_cumul=238.69 Wh_cumul=0.899028 
t=606 V=3.80934 A=1.42499 W=5.42827 mAh_cumul=239.086 Wh_cumul=0.900536 
t=607 V=3.80947 A=1.425 W=5.42849 mAh_cumul=239.482 Wh_cumul=0.902044 
