0 errors cleared
t=0 V=4.18003 A=0.00951248 W=0.0397625 mAh_cumul=0 Wh_cumul=0 
t=2 V=4.18002 A=0.00950443 W=0.0397287 mAh_cumul=0.00528024 Wh_cumul=2.20715e-05 
t=3 V=4.19143 A=0.500788 W=2.09902 mAh_cumul=0.144388 Wh_cumul=0.000605132 
t=4 V=4.19232 A=0.500506 W=2.09828 mAh_cumul=0.283417 Wh_cumul=0.00118799 
t=5 V=4.19292 A=0.500465 W=2.09841 mAh_cumul=0.422436 Wh_cumul=0.00177088 
t=6 V=4.19342 A=0.500447 W=2.09858 mAh_cumul=0.561449 Wh_cumul=0.00235382 
t=7 V=4.19387 A=0.500426 W=2.09872 mAh_cumul=0.700456 Wh_cumul=0.0029368 
t=8 V=4.19431 A=0.500442 W=2.09901 mAh_cumul=0.839467 Wh_cumul=0.00351986 
t=9 V=4.19462 A=0.500419 W=2.09907 mAh_cumul=0.978473 Wh_cumul=0.00410293 
t=10 V=4.19498 A=0.500411 W=2.09921 mAh_cumul=1.11748 Wh_cumul=0.00468605 
t=11 V=4.19526 A=0.500426 W=2.09942 mAh_cumul=1.25648 Wh_cumul=0.00526922 
t=12 V=4.19554 A=0.50041 W=2.09949 mAh_cumul=1.39549 Wh_cumul=0.00585241 
t=13 V=4.19581 A=0.500419 W=2.09966 mAh_cumul=1.53449 Wh_cumul=0.00643565 
t=14 V=4.19605 A=0.500409 W=2.09974 mAh_cumul=1.67349 Wh_cumul=0.00701891 
t=15 V=4.1963 A=0.500409 W=2.09987 mAh_cumul=1.8125 Wh_cumul=0.00760221 
t=16 V=4.19654 A=0.500411 W=2.09999 mAh_cumul=1.9515 Wh_cumul=0.00818554 
t=17 V=4.19677 A=0.500406 W=2.10009 mAh_cumul=2.0905 Wh_cumul=0.0087689 
t=18 V=4.19701 A=0.50041 W=2.10023 mAh_cumul=2.2295 Wh_cumul=0.00935229 
t=19 V=4.19724 A=0.500407 W=2.10033 mAh_cumul=2.36851 Wh_cumul=0.00993572 
t=20 V=4.19746 A=0.500401 W=2.10041 mAh_cumul=2.50751 Wh_cumul=0.0105192 
t=21 V=4.19771 A=0.500403 W=2.10055 mAh_cumul=2.64651 Wh_cumul=0.0111026 
t=22 V=4.19791 A=0.500399 W=2.10063 mAh_cumul=2.78551 Wh_cumul=0.0116862 
t=23 V=4.19809 A=0.500405 W=2.10075 mAh_cumul=2.92451 Wh_cumul=0.0122697 
t=24 V=4.19834 A=0.50041 W=2.10089 mAh_cumul=3.06351 Wh_cumul=0.0128533 
t=25 V=4.19857 A=0.500402 W=2.10097 mAh_cumul=3.20251 Wh_cumul=0.0134369 
t=26 V=4.19879 A=0.500404 W=2.10109 mAh_cumul=3.34151 Wh_cumul=0.0140205 
t=27 V=4.19898 A=0.500401 W=2.10117 mAh_cumul=3.48051 Wh_cumul=0.0146042 
t=28 V=4.19915 A=0.500401 W=2.10126 mAh_cumul=3.61951 Wh_cumul=0.0151879 
t=29 V=4.19934 A=0.500394 W=2.10132 mAh_cumul=3.75851 Wh_cumul=0.0157716 
t=30 V=4.19954 A=0.500396 W=2.10143 mAh_cumul=3.89751 Wh_cumul=0.0163553 
t=31 V=4.1997 A=0.50039 W=2.10149 mAh_cumul=4.03651 Wh_cumul=0.016939 
t=32 V=4.19988 A=0.500399 W=2.10162 mAh_cumul=4.17551 Wh_cumul=0.0175228 
t=33 V=4.20004 A=0.5004 W=2.1017 mAh_cumul=4.31451 Wh_cumul=0.0181066 
t=34 V=4.20022 A=0.500398 W=2.10178 mAh_cumul=4.45351 Wh_cumul=0.0186905 
t=35 V=4.20039 A=0.500395 W=2.10185 mAh_cumul=4.5925 Wh_cumul=0.0192743 
t=36 V=4.20055 A=0.500401 W=2.10196 mAh_cumul=4.73151 Wh_cumul=0.0198582 
t=37 V=4.20072 A=0.5004 W=2.10204 mAh_cumul=4.87051 Wh_cumul=0.0204421 
t=38 V=4.20088 A=0.500401 W=2.10212 mAh_cumul=5.00951 Wh_cumul=0.021026 
t=39 V=4.20108 A=0.500406 W=2.10225 mAh_cumul=5.14851 Wh_cumul=0.02161 
t=40 V=4.20121 A=0.500393 W=2.10226 mAh_cumul=5.28751 Wh_cumul=0.0221939 
t=41 V=4.20136 A=0.500392 W=2.10233 mAh_cumul=5.4265 Wh_cumul=0.0227779 
t=42 V=4.20153 A=0.500398 W=2.10244 mAh_cumul=5.5655 Wh_cumul=0.0233619 
t=43 V=4.20167 A=0.500396 W=2.1025 mAh_cumul=5.7045 Wh_cumul=0.0239459 
t=44 V=4.20181 A=0.500395 W=2.10256 mAh_cumul=5.8435 Wh_cumul=0.02453 
t=45 V=4.20197 A=0.500393 W=2.10264 mAh_cumul=5.9825 Wh_cumul=0.0251141 
t=46 V=4.20213 A=0.495625 W=2.08268 mAh_cumul=6.12017 Wh_cumul=0.0256926 
t=47 V=4.20211 A=0.489401 W=2.05652 mAh_cumul=6.25612 Wh_cumul=0.0262638 
t=48 V=4.20212 A=0.483401 W=2.03131 mAh_cumul=6.39039 Wh_cumul=0.0268281 
t=49 V=4.20211 A=0.477055 W=2.00464 mAh_cumul=6.52291 Wh_cumul=0.0273849 
t=50 V=4.2021 A=0.471607 W=1.98174 mAh_cumul=6.65391 Wh_cumul=0.0279354 
t=51 V=4.20213 A=0.466861 W=1.96181 mAh_cumul=6.7836 Wh_cumul=0.0284804 
t=52 V=4.20211 A=0.461906 W=1.94098 mAh_cumul=6.9119 Wh_cumul=0.0290195 
t=53 V=4.20211 A=0.456734 W=1.91925 mAh_cumul=7.03877 Wh_cumul=0.0295526 
t=54 V=4.2021 A=0.452122 W=1.89986 mAh_cumul=7.16436 Wh_cumul=0.0300804 
t=55 V=4.20213 A=0.44866 W=1.88533 mAh_cumul=7.28899 Wh_cumul=0.0306041 
t=56 V=4.20211 A=0.4443 W=1.867 mAh_cumul=7.41241 Wh_cumul=0.0311227 
t=57 V=4.20212 A=0.439912 W=1.84856 mAh_cumul=7.5346 Wh_cumul=0.0316362 
t=58 V=4.20212 A=0.436689 W=1.83502 mAh_cumul=7.65591 Wh_cumul=0.0321459 
t=59 V=4.20215 A=0.433433 W=1.82135 mAh_cumul=7.77631 Wh_cumul=0.0326518 
t=60 V=4.20217 A=0.429877 W=1.80642 mAh_cumul=7.89572 Wh_cumul=0.0331536 
t=61 V=4.20214 A=0.426064 W=1.79038 mAh_cumul=8.01407 Wh_cumul=0.033651 
t=62 V=4.20213 A=0.42212 W=1.7738 mAh_cumul=8.13132 Wh_cumul=0.0341437 
t=63 V=4.20214 A=0.419454 W=1.7626 mAh_cumul=8.24784 Wh_cumul=0.0346333 
t=64 V=4.20215 A=0.416255 W=1.74917 mAh_cumul=8.36346 Wh_cumul=0.0351192 
t=65 V=4.20214 A=0.413136 W=1.73606 mAh_cumul=8.47822 Wh_cumul=0.0356014 
t=66 V=4.20217 A=0.409983 W=1.72282 mAh_cumul=8.59211 Wh_cumul=0.03608 
t=67 V=4.20213 A=0.406162 W=1.70675 mAh_cumul=8.70493 Wh_cumul=0.0365541 
t=68 V=4.20213 A=0.403754 W=1.69663 mAh_cumul=8.81708 Wh_cumul=0.0370253 
t=69 V=4.20212 A=0.401225 W=1.686 mAh_cumul=8.92854 Wh_cumul=0.0374937 
t=70 V=4.20215 A=0.398139 W=1.67304 mAh_cumul=9.03913 Wh_cumul=0.0379584 
t=71 V=4.20215 A=0.395137 W=1.66042 mAh_cumul=9.14889 Wh_cumul=0.0384196 
t=72 V=4.20215 A=0.392129 W=1.64778 mAh_cumul=9.25781 Wh_cumul=0.0388774 
t=73 V=4.20216 A=0.389242 W=1.63566 mAh_cumul=9.36594 Wh_cumul=0.0393317 
t=74 V=4.20217 A=0.386603 W=1.62457 mAh_cumul=9.47333 Wh_cumul=0.039783 
t=75 V=4.20215 A=0.383662 W=1.61221 mAh_cumul=9.5799 Wh_cumul=0.0402308 
t=76 V=4.20212 A=0.3805 W=1.59891 mAh_cumul=9.68559 Wh_cumul=0.040675 
t=77 V=4.2021 A=0.377673 W=1.58702 mAh_cumul=9.7905 Wh_cumul=0.0411158 
t=78 V=4.20213 A=0.374836 W=1.57511 mAh_cumul=9.89462 Wh_cumul=0.0415533 
t=79 V=4.20212 A=0.372029 W=1.56331 mAh_cumul=9.99797 Wh_cumul=0.0419876 
t=80 V=4.20212 A=0.370435 W=1.55661 mAh_cumul=10.1009 Wh_cumul=0.04242 
t=81 V=4.20214 A=0.367866 W=1.54582 mAh_cumul=10.203 Wh_cumul=0.0428494 
t=82 V=4.20214 A=0.366058 W=1.53823 mAh_cumul=10.3047 Wh_cumul=0.0432766 
t=83 V=4.20211 A=0.362788 W=1.52448 mAh_cumul=10.4055 Wh_cumul=0.0437001 
t=84 V=4.20212 A=0.360856 W=1.51636 mAh_cumul=10.5057 Wh_cumul=0.0441213 
t=85 V=4.20212 A=0.358462 W=1.5063 mAh_cumul=10.6053 Wh_cumul=0.0445397 
t=86 V=4.20211 A=0.356266 W=1.49707 mAh_cumul=10.7043 Wh_cumul=0.0449556 
t=87 V=4.20214 A=0.353201 W=1.4842 mAh_cumul=10.8024 Wh_cumul=0.0453679 
t=88 V=4.20213 A=0.351476 W=1.47695 mAh_cumul=10.9 Wh_cumul=0.0457781 
t=89 V=4.20214 A=0.349708 W=1.46952 mAh_cumul=10.9972 Wh_cumul=0.0461863 
t=90 V=4.20213 A=0.347166 W=1.45884 mAh_cumul=11.0936 Wh_cumul=0.0465916 
t=91 V=4.20211 A=0.344323 W=1.44688 mAh_cumul=11.1892 Wh_cumul=0.0469935 
t=92 V=4.20211 A=0.341707 W=1.43589 mAh_cumul=11.2842 Wh_cumul=0.0473923 
t=93 V=4.20212 A=0.340893 W=1.43247 mAh_cumul=11.3789 Wh_cumul=0.0477902 
t=94 V=4.20214 A=0.339283 W=1.42571 mAh_cumul=11.4731 Wh_cumul=0.0481863 
t=95 V=4.20213 A=0.336761 W=1.41511 mAh_cumul=11.5666 Wh_cumul=0.0485794 
t=96 V=4.2021 A=0.334778 W=1.40677 mAh_cumul=11.6596 Wh_cumul=0.0489701 
t=97 V=4.20213 A=0.332507 W=1.39724 mAh_cumul=11.752 Wh_cumul=0.0493583 
t=98 V=4.20212 A=0.330808 W=1.39009 mAh_cumul=11.8439 Wh_cumul=0.0497444 
t=99 V=4.2021 A=0.328826 W=1.38176 mAh_cumul=11.9352 Wh_cumul=0.0501282 
t=100 V=4.20211 A=0.326767 W=1.37311 mAh_cumul=12.026 Wh_cumul=0.0505096 
t=101 V=4.20212 A=0.323723 W=1.36032 mAh_cumul=12.1159 Wh_cumul=0.0508875 
t=102 V=4.2021 A=0.322843 W=1.35662 mAh_cumul=12.2056 Wh_cumul=0.0512643 
t=103 V=4.20214 A=0.321823 W=1.35235 mAh_cumul=12.295 Wh_cumul=0.05164 
t=104 V=4.20211 A=0.319563 W=1.34284 mAh_cumul=12.3838 Wh_cumul=0.052013 
t=105 V=4.20213 A=0.317332 W=1.33347 mAh_cumul=12.4719 Wh_cumul=0.0523834 
t=106 V=4.20211 A=0.315913 W=1.3275 mAh_cumul=12.5597 Wh_cumul=0.0527522 
t=107 V=4.20212 A=0.314431 W=1.32128 mAh_cumul=12.647 Wh_cumul=0.0531192 
t=108 V=4.20209 A=0.312025 W=1.31116 mAh_cumul=12.7337 Wh_cumul=0.0534834 
t=109 V=4.20207 A=0.310502 W=1.30475 mAh_cumul=12.8199 Wh_cumul=0.0538458 
t=110 V=4.20209 A=0.309456 W=1.30036 mAh_cumul=12.9059 Wh_cumul=0.054207 
t=111 V=4.2021 A=0.308391 W=1.29589 mAh_cumul=12.9916 Wh_cumul=0.054567 
t=112 V=4.2021 A=0.306888 W=1.28957 mAh_cumul=13.0768 Wh_cumul=0.0549252 
t=113 V=4.2021 A=0.305315 W=1.28296 mAh_cumul=13.1616 Wh_cumul=0.0552816 
t=114 V=4.20215 A=0.302963 W=1.2731 mAh_cumul=13.2458 Wh_cumul=0.0556352 
t=115 V=4.20211 A=0.302083 W=1.26939 mAh_cumul=13.3297 Wh_cumul=0.0559878 
t=116 V=4.20211 A=0.299904 W=1.26023 mAh_cumul=13.413 Wh_cumul=0.0563379 
t=117 V=4.20212 A=0.297975 W=1.25213 mAh_cumul=13.4958 Wh_cumul=0.0566857 
t=118 V=4.20209 A=0.295904 W=1.24342 mAh_cumul=13.578 Wh_cumul=0.0570311 
t=119 V=4.20207 A=0.294441 W=1.23726 mAh_cumul=13.6597 Wh_cumul=0.0573748 
t=120 V=4.2021 A=0.292842 W=1.23055 mAh_cumul=13.7411 Wh_cumul=0.0577166 
t=121 V=4.20209 A=0.29101 W=1.22285 mAh_cumul=13.8219 Wh_cumul=0.0580563 
t=122 V=4.20209 A=0.28889 W=1.21394 mAh_cumul=13.9022 Wh_cumul=0.0583935 
t=123 V=4.20209 A=0.287444 W=1.20787 mAh_cumul=13.982 Wh_cumul=0.058729 
t=124 V=4.20208 A=0.286412 W=1.20353 mAh_cumul=14.0616 Wh_cumul=0.0590633 
t=125 V=4.2021 A=0.284885 W=1.19712 mAh_cumul=14.1407 Wh_cumul=0.0593959 
t=126 V=4.20209 A=0.283134 W=1.18975 mAh_cumul=14.2194 Wh_cumul=0.0597264 
t=127 V=4.20209 A=0.281985 W=1.18493 mAh_cumul=14.2977 Wh_cumul=0.0600555 
t=128 V=4.20208 A=0.280566 W=1.17896 mAh_cumul=14.3756 Wh_cumul=0.060383 
t=129 V=4.20205 A=0.280074 W=1.17688 mAh_cumul=14.4534 Wh_cumul=0.0607099 
t=130 V=4.2021 A=0.278704 W=1.17114 mAh_cumul=14.5308 Wh_cumul=0.0610352 
t=131 V=4.20212 A=0.278326 W=1.16956 mAh_cumul=14.6082 Wh_cumul=0.0613601 
t=132 V=4.20212 A=0.277135 W=1.16455 mAh_cumul=14.6851 Wh_cumul=0.0616836 
t=133 V=4.2021 A=0.27448 W=1.15339 mAh_cumul=14.7614 Wh_cumul=0.062004 
t=134 V=4.20208 A=0.273201 W=1.14801 mAh_cumul=14.8373 Wh_cumul=0.0623229 
t=135 V=4.2021 A=0.27114 W=1.13936 mAh_cumul=14.9126 Wh_cumul=0.0626394 
t=136 V=4.2021 A=0.269677 W=1.13321 mAh_cumul=14.9875 Wh_cumul=0.0629541 
t=137 V=4.20209 A=0.26847 W=1.12814 mAh_cumul=15.0621 Wh_cumul=0.0632675 
t=138 V=4.20209 A=0.267866 W=1.1256 mAh_cumul=15.1365 Wh_cumul=0.0635802 
t=139 V=4.20207 A=0.265909 W=1.11737 mAh_cumul=15.2103 Wh_cumul=0.0638906 
t=140 V=4.20207 A=0.264719 W=1.11237 mAh_cumul=15.2839 Wh_cumul=0.0641995 
t=141 V=4.20208 A=0.263007 W=1.10518 mAh_cumul=15.3569 Wh_cumul=0.0645065 
t=142 V=4.20206 A=0.261597 W=1.09925 mAh_cumul=15.4296 Wh_cumul=0.0648119 
t=143 V=4.20209 A=0.260583 W=1.09499 mAh_cumul=15.502 Wh_cumul=0.065116 
t=144 V=4.20205 A=0.259105 W=1.08877 mAh_cumul=15.574 Wh_cumul=0.0654185 
t=145 V=4.20207 A=0.25809 W=1.08451 mAh_cumul=15.6456 Wh_cumul=0.0657197 
t=146 V=4.20207 A=0.257077 W=1.08026 mAh_cumul=15.7171 Wh_cumul=0.0660198 
t=147 V=4.20211 A=0.255408 W=1.07325 mAh_cumul=15.788 Wh_cumul=0.0663179 
t=148 V=4.20211 A=0.255809 W=1.07494 mAh_cumul=15.8591 Wh_cumul=0.0666165 
t=149 V=4.20206 A=0.253788 W=1.06643 mAh_cumul=15.9296 Wh_cumul=0.0669128 
t=150 V=4.20211 A=0.252725 W=1.06198 mAh_cumul=15.9998 Wh_cumul=0.0672078 
t=151 V=4.2021 A=0.251454 W=1.05663 mAh_cumul=16.0696 Wh_cumul=0.0675013 
t=152 V=4.20207 A=0.24943 W=1.04812 mAh_cumul=16.1389 Wh_cumul=0.0677924 
t=153 V=4.20206 A=0.247691 W=1.04081 mAh_cumul=16.2077 Wh_cumul=0.0680815 
t=154 V=4.20208 A=0.247053 W=1.03814 mAh_cumul=16.2763 Wh_cumul=0.0683699 
t=155 V=4.20208 A=0.246477 W=1.03572 mAh_cumul=16.3448 Wh_cumul=0.0686576 
t=156 V=4.20209 A=0.24523 W=1.03048 mAh_cumul=16.4129 Wh_cumul=0.0689438 
t=157 V=4.20209 A=0.243863 W=1.02473 mAh_cumul=16.4807 Wh_cumul=0.0692285 
t=158 V=4.20206 A=0.242779 W=1.02017 mAh_cumul=16.5481 Wh_cumul=0.0695119 
t=159 V=4.20208 A=0.241515 W=1.01487 mAh_cumul=16.6152 Wh_cumul=0.0697938 
t=160 V=4.2021 A=0.240602 W=1.01103 mAh_cumul=16.682 Wh_cumul=0.0700746 
t=161 V=4.20208 A=0.239741 W=1.00741 mAh_cumul=16.7486 Wh_cumul=0.0703545 
t=162 V=4.20207 A=0.238174 W=1.00082 mAh_cumul=16.8148 Wh_cumul=0.0706325 
t=163 V=4.20208 A=0.236912 W=0.995523 mAh_cumul=16.8806 Wh_cumul=0.070909 
t=164 V=4.20209 A=0.235525 W=0.989697 mAh_cumul=16.946 Wh_cumul=0.0711839 
t=165 V=4.20208 A=0.235294 W=0.988724 mAh_cumul=17.0114 Wh_cumul=0.0714586 
t=166 V=4.2021 A=0.235141 W=0.988086 mAh_cumul=17.0767 Wh_cumul=0.071733 
t=167 V=4.20211 A=0.234113 W=0.983769 mAh_cumul=17.1417 Wh_cumul=0.0720063 
t=168 V=4.20212 A=0.232846 W=0.978447 mAh_cumul=17.2064 Wh_cumul=0.0722781 
t=169 V=4.2021 A=0.230883 W=0.970193 mAh_cumul=17.2705 Wh_cumul=0.0725476 
t=170 V=4.20209 A=0.229397 W=0.963947 mAh_cumul=17.3342 Wh_cumul=0.0728153 
t=171 V=4.20207 A=0.228845 W=0.961623 mAh_cumul=17.3978 Wh_cumul=0.0730825 
t=172 V=4.20208 A=0.228041 W=0.958247 mAh_cumul=17.4612 Wh_cumul=0.0733486 
t=173 V=4.20211 A=0.227545 W=0.956169 mAh_cumul=17.5244 Wh_cumul=0.0736142 
t=174 V=4.20208 A=0.226791 W=0.952994 mAh_cumul=17.5874 Wh_cumul=0.073879 
t=175 V=4.20212 A=0.225723 W=0.948515 mAh_cumul=17.6501 Wh_cumul=0.0741424 
t=176 V=4.2021 A=0.224635 W=0.943939 mAh_cumul=17.7125 Wh_cumul=0.0744046 
t=177 V=4.2021 A=0.223013 W=0.937123 mAh_cumul=17.7744 Wh_cumul=0.074665 
t=178 V=4.20212 A=0.2226 W=0.935392 mAh_cumul=17.8362 Wh_cumul=0.0749248 
t=179 V=4.20212 A=0.221853 W=0.932253 mAh_cumul=17.8979 Wh_cumul=0.0751837 
t=180 V=4.20208 A=0.219766 W=0.923474 mAh_cumul=17.9589 Wh_cumul=0.0754403 
t=181 V=4.20211 A=0.219597 W=0.922771 mAh_cumul=18.0199 Wh_cumul=0.0756966 
t=182 V=4.20212 A=0.218696 W=0.918987 mAh_cumul=18.0807 Wh_cumul=0.0759519 
t=183 V=4.20211 A=0.217234 W=0.912841 mAh_cumul=18.141 Wh_cumul=0.0762054 
t=184 V=4.20211 A=0.21695 W=0.911648 mAh_cumul=18.2013 Wh_cumul=0.0764587 
t=185 V=4.20211 A=0.2157 W=0.906395 mAh_cumul=18.2612 Wh_cumul=0.0767104 
t=186 V=4.20209 A=0.214759 W=0.902437 mAh_cumul=18.3208 Wh_cumul=0.0769611 
t=187 V=4.20212 A=0.21404 W=0.899422 mAh_cumul=18.3803 Wh_cumul=0.077211 
t=188 V=4.2021 A=0.213171 W=0.895766 mAh_cumul=18.4395 Wh_cumul=0.0774598 
t=189 V=4.20212 A=0.212497 W=0.892938 mAh_cumul=18.4985 Wh_cumul=0.0777078 
t=190 V=4.20209 A=0.210821 W=0.885889 mAh_cumul=18.5571 Wh_cumul=0.0779539 
t=191 V=4.2021 A=0.210394 W=0.884097 mAh_cumul=18.6155 Wh_cumul=0.0781995 
t=192 V=4.20213 A=0.209521 W=0.880434 mAh_cumul=18.6737 Wh_cumul=0.0784441 
t=193 V=4.20209 A=0.208292 W=0.875262 mAh_cumul=18.7316 Wh_cumul=0.0786872 
t=194 V=4.2021 A=0.206693 W=0.868545 mAh_cumul=18.789 Wh_cumul=0.0789284 
t=195 V=4.20211 A=0.205939 W=0.865378 mAh_cumul=18.8462 Wh_cumul=0.0791688 
t=196 V=4.20209 A=0.204402 W=0.858916 mAh_cumul=18.903 Wh_cumul=0.0794074 
t=197 V=4.20211 A=0.204039 W=0.857394 mAh_cumul=18.9597 Wh_cumul=0.0796456 
t=198 V=4.20211 A=0.203095 W=0.853428 mAh_cumul=19.0161 Wh_cumul=0.0798826 
t=199 V=4.20208 A=0.201838 W=0.848139 mAh_cumul=19.0722 Wh_cumul=0.0801182 
t=200 V=4.2021 A=0.201166 W=0.84532 mAh_cumul=19.128 Wh_cumul=0.080353 
t=201 V=4.20209 A=0.200265 W=0.841532 mAh_cumul=19.1837 Wh_cumul=0.0805868 
t=202 V=4.20209 A=0.2003 W=0.841679 mAh_cumul=19.2393 Wh_cumul=0.0808206 
t=203 V=4.20209 A=0.199145 W=0.836825 mAh_cumul=19.2946 Wh_cumul=0.0810531 
t=204 V=4.2021 A=0.19781 W=0.831217 mAh_cumul=19.3496 Wh_cumul=0.081284 
t=205 V=4.2021 A=0.197153 W=0.828457 mAh_cumul=19.4043 Wh_cumul=0.0815141 
t=206 V=4.20208 A=0.195743 W=0.822528 mAh_cumul=19.4587 Wh_cumul=0.0817426 
t=207 V=4.2021 A=0.195156 W=0.820065 mAh_cumul=19.5129 Wh_cumul=0.0819704 
t=208 V=4.20208 A=0.19459 W=0.817683 mAh_cumul=19.567 Wh_cumul=0.0821975 
t=209 V=4.20209 A=0.193875 W=0.81468 mAh_cumul=19.6208 Wh_cumul=0.0824238 
t=210 V=4.20207 A=0.192775 W=0.810054 mAh_cumul=19.6744 Wh_cumul=0.0826488 
t=211 V=4.20211 A=0.192545 W=0.809095 mAh_cumul=19.7279 Wh_cumul=0.0828736 
t=212 V=4.20211 A=0.192394 W=0.808461 mAh_cumul=19.7813 Wh_cumul=0.0830981 
t=213 V=4.20208 A=0.191195 W=0.803417 mAh_cumul=19.8344 Wh_cumul=0.0833213 
t=214 V=4.20214 A=0.190868 W=0.802054 mAh_cumul=19.8874 Wh_cumul=0.0835441 
t=215 V=4.20212 A=0.190016 W=0.79847 mAh_cumul=19.9402 Wh_cumul=0.0837659 
t=216 V=4.20209 A=0.188953 W=0.793998 mAh_cumul=19.9927 Wh_cumul=0.0839864 
t=217 V=4.20212 A=0.189024 W=0.794302 mAh_cumul=20.0452 Wh_cumul=0.0842071 
t=218 V=4.20212 A=0.188635 W=0.792667 mAh_cumul=20.0976 Wh_cumul=0.0844273 
t=219 V=4.20209 A=0.186954 W=0.785598 mAh_cumul=20.1495 Wh_cumul=0.0846455 
t=220 V=4.20208 A=0.185809 W=0.780784 mAh_cumul=20.2011 Wh_cumul=0.0848624 
t=221 V=4.20209 A=0.185125 W=0.777912 mAh_cumul=20.2526 Wh_cumul=0.0850785 
t=222 V=4.20214 A=0.185384 W=0.77901 mAh_cumul=20.3041 Wh_cumul=0.0852948 
t=223 V=4.20211 A=0.184005 W=0.773209 mAh_cumul=20.3552 Wh_cumul=0.0855096 
t=224 V=4.2021 A=0.182953 W=0.768787 mAh_cumul=20.406 Wh_cumul=0.0857232 
t=225 V=4.2021 A=0.182156 W=0.765438 mAh_cumul=20.4566 Wh_cumul=0.0859358 
t=226 V=4.2021 A=0.18134 W=0.762009 mAh_cumul=20.507 Wh_cumul=0.0861475 
t=227 V=4.2021 A=0.179881 W=0.755878 mAh_cumul=20.5569 Wh_cumul=0.0863574 
t=228 V=4.2021 A=0.179261 W=0.753273 mAh_cumul=20.6067 Wh_cumul=0.0865667 
t=229 V=4.2021 A=0.179271 W=0.753315 mAh_cumul=20.6565 Wh_cumul=0.0867759 
t=230 V=4.20211 A=0.178926 W=0.751867 mAh_cumul=20.7062 Wh_cumul=0.0869848 
t=231 V=4.20211 A=0.177813 W=0.74719 mAh_cumul=20.7556 Wh_cumul=0.0871923 
t=232 V=4.20212 A=0.176737 W=0.74267 mAh_cumul=20.8047 Wh_cumul=0.0873986 
t=233 V=4.20211 A=0.175789 W=0.738685 mAh_cumul=20.8535 Wh_cumul=0.0876038 
t=234 V=4.20216 A=0.175098 W=0.73579 mAh_cumul=20.9022 Wh_cumul=0.0878082 
t=235 V=4.2021 A=0.174306 W=0.732451 mAh_cumul=20.9506 Wh_cumul=0.0880117 
t=236 V=4.20213 A=0.174276 W=0.73233 mAh_cumul=20.999 Wh_cumul=0.0882151 
t=237 V=4.20212 A=0.173645 W=0.729677 mAh_cumul=21.0472 Wh_cumul=0.0884178 
t=238 V=4.20212 A=0.171895 W=0.722323 mAh_cumul=21.095 Wh_cumul=0.0886184 
t=239 V=4.20211 A=0.170472 W=0.716342 mAh_cumul=21.1424 Wh_cumul=0.0888174 
t=240 V=4.20209 A=0.170056 W=0.714591 mAh_cumul=21.1896 Wh_cumul=0.0890159 
t=241 V=4.20211 A=0.169446 W=0.712031 mAh_cumul=21.2367 Wh_cumul=0.0892137 
t=242 V=4.20209 A=0.168677 W=0.708796 mAh_cumul=21.2835 Wh_cumul=0.0894106 
t=243 V=4.20211 A=0.167794 W=0.705089 mAh_cumul=21.3301 Wh_cumul=0.0896064 
t=244 V=4.2021 A=0.167642 W=0.704448 mAh_cumul=21.3767 Wh_cumul=0.0898021 
t=245 V=4.20211 A=0.167799 W=0.70511 mAh_cumul=21.4233 Wh_cumul=0.089998 
t=246 V=4.20214 A=0.167267 W=0.702879 mAh_cumul=21.4698 Wh_cumul=0.0901932 
t=247 V=4.20208 A=0.166529 W=0.699768 mAh_cumul=21.516 Wh_cumul=0.0903876 
t=248 V=4.20211 A=0.165788 W=0.696659 mAh_cumul=21.5621 Wh_cumul=0.0905811 
t=249 V=4.20211 A=0.165926 W=0.697239 mAh_cumul=21.6082 Wh_cumul=0.0907748 
t=250 V=4.20214 A=0.165754 W=0.696522 mAh_cumul=21.6542 Wh_cumul=0.0909683 
t=251 V=4.20215 A=0.164766 W=0.692371 mAh_cumul=21.7 Wh_cumul=0.0911606 
t=252 V=4.20214 A=0.163202 W=0.685798 mAh_cumul=21.7453 Wh_cumul=0.0913511 
t=253 V=4.20211 A=0.162112 W=0.681212 mAh_cumul=21.7903 Wh_cumul=0.0915403 
t=254 V=4.20212 A=0.161438 W=0.678382 mAh_cumul=21.8352 Wh_cumul=0.0917288 
t=255 V=4.20209 A=0.160524 W=0.674536 mAh_cumul=21.8798 Wh_cumul=0.0919161 
t=256 V=4.20211 A=0.160062 W=0.672598 mAh_cumul=21.9242 Wh_cumul=0.092103 
t=257 V=4.20208 A=0.159784 W=0.671425 mAh_cumul=21.9686 Wh_cumul=0.0922895 
t=258 V=4.2021 A=0.159278 W=0.669302 mAh_cumul=22.0129 Wh_cumul=0.0924754 
t=259 V=4.20211 A=0.159133 W=0.668694 mAh_cumul=22.0571 Wh_cumul=0.0926612 
t=260 V=4.20212 A=0.15827 W=0.66507 mAh_cumul=22.101 Wh_cumul=0.0928459 
t=261 V=4.2021 A=0.157234 W=0.660713 mAh_cumul=22.1447 Wh_cumul=0.0930294 
t=262 V=4.20212 A=0.156517 W=0.657703 mAh_cumul=22.1882 Wh_cumul=0.0932121 
t=263 V=4.20212 A=0.156308 W=0.656825 mAh_cumul=22.2316 Wh_cumul=0.0933946 
t=264 V=4.20216 A=0.156186 W=0.656319 mAh_cumul=22.275 Wh_cumul=0.0935769 
t=265 V=4.20213 A=0.155609 W=0.653889 mAh_cumul=22.3182 Wh_cumul=0.0937585 
t=266 V=4.20213 A=0.154833 W=0.650628 mAh_cumul=22.3612 Wh_cumul=0.0939392 
t=267 V=4.20212 A=0.153342 W=0.644361 mAh_cumul=22.4038 Wh_cumul=0.0941182 
t=268 V=4.20211 A=0.152534 W=0.640965 mAh_cumul=22.4462 Wh_cumul=0.0942963 
t=269 V=4.2021 A=0.151654 W=0.637265 mAh_cumul=22.4883 Wh_cumul=0.0944733 
t=270 V=4.20209 A=0.152064 W=0.638987 mAh_cumul=22.5306 Wh_cumul=0.0946508 
t=271 V=4.2021 A=0.151417 W=0.636269 mAh_cumul=22.5726 Wh_cumul=0.0948275 
t=272 V=4.2021 A=0.150771 W=0.633555 mAh_cumul=22.6145 Wh_cumul=0.0950035 
t=273 V=4.2021 A=0.149634 W=0.628777 mAh_cumul=22.6561 Wh_cumul=0.0951782 
t=274 V=4.20211 A=0.149224 W=0.627056 mAh_cumul=22.6975 Wh_cumul=0.0953524 
t=275 V=4.20209 A=0.148977 W=0.626015 mAh_cumul=22.7389 Wh_cumul=0.0955263 
t=276 V=4.20212 A=0.147873 W=0.62138 mAh_cumul=22.78 Wh_cumul=0.0956989 
t=277 V=4.20211 A=0.147379 W=0.619303 mAh_cumul=22.8209 Wh_cumul=0.0958709 
t=278 V=4.20209 A=0.1472 W=0.618548 mAh_cumul=22.8618 Wh_cumul=0.0960427 
t=279 V=4.20208 A=0.147005 W=0.617727 mAh_cumul=22.9026 Wh_cumul=0.0962143 
t=280 V=4.20211 A=0.145892 W=0.613054 mAh_cumul=22.9432 Wh_cumul=0.0963846 
t=281 V=4.20212 A=0.145021 W=0.609396 mAh_cumul=22.9834 Wh_cumul=0.0965539 
t=282 V=4.20211 A=0.145803 W=0.61268 mAh_cumul=23.0239 Wh_cumul=0.0967241 
t=283 V=4.20215 A=0.145104 W=0.609749 mAh_cumul=23.0642 Wh_cumul=0.0968934 
t=284 V=4.20212 A=0.144593 W=0.607597 mAh_cumul=23.1044 Wh_cumul=0.0970622 
t=285 V=4.20212 A=0.143393 W=0.602555 mAh_cumul=23.1442 Wh_cumul=0.0972296 
t=286 V=4.20209 A=0.141762 W=0.595697 mAh_cumul=23.1836 Wh_cumul=0.0973951 
t=287 V=4.20213 A=0.142068 W=0.596988 mAh_cumul=23.2231 Wh_cumul=0.0975609 
t=288 V=4.20211 A=0.141744 W=0.595624 mAh_cumul=23.2625 Wh_cumul=0.0977263 
t=289 V=4.20215 A=0.141282 W=0.593688 mAh_cumul=23.3017 Wh_cumul=0.0978913 
t=290 V=4.20212 A=0.140305 W=0.589578 mAh_cumul=23.3407 Wh_cumul=0.098055 
t=291 V=4.20213 A=0.140333 W=0.589698 mAh_cumul=23.3797 Wh_cumul=0.0982188 
t=292 V=4.20213 A=0.139671 W=0.586916 mAh_cumul=23.4185 Wh_cumul=0.0983819 
t=293 V=4.20213 A=0.139293 W=0.585327 mAh_cumul=23.4571 Wh_cumul=0.0985445 
t=294 V=4.20213 A=0.138365 W=0.581428 mAh_cumul=23.4956 Wh_cumul=0.098706 
t=295 V=4.20213 A=0.13758 W=0.578129 mAh_cumul=23.5338 Wh_cumul=0.0988666 
t=296 V=4.20211 A=0.136945 W=0.575458 mAh_cumul=23.5718 Wh_cumul=0.0990264 
t=297 V=4.20209 A=0.135734 W=0.570366 mAh_cumul=23.6095 Wh_cumul=0.0991848 
t=298 V=4.20209 A=0.134506 W=0.565206 mAh_cumul=23.6469 Wh_cumul=0.0993418 
t=299 V=4.20211 A=0.134887 W=0.56681 mAh_cumul=23.6844 Wh_cumul=0.0994993 
t=300 V=4.20211 A=0.1346 W=0.565604 mAh_cumul=23.7218 Wh_cumul=0.0996564 
t=301 V=4.2021 A=0.133961 W=0.562918 mAh_cumul=23.759 Wh_cumul=0.0998128 
t=302 V=4.2021 A=0.13345 W=0.56077 mAh_cumul=23.796 Wh_cumul=0.0999685 
t=303 V=4.20208 A=0.13244 W=0.556523 mAh_cumul=23.8328 Wh_cumul=0.100123 
t=304 V=4.20209 A=0.132619 W=0.557277 mAh_cumul=23.8697 Wh_cumul=0.100278 
t=305 V=4.20211 A=0.131903 W=0.554271 mAh_cumul=23.9063 Wh_cumul=0.100432 
t=306 V=4.20208 A=0.131478 W=0.552481 mAh_cumul=23.9428 Wh_cumul=0.100585 
t=307 V=4.20208 A=0.13094 W=0.55022 mAh_cumul=23.9792 Wh_cumul=0.100738 
t=308 V=4.20211 A=0.13075 W=0.549426 mAh_cumul=24.0155 Wh_cumul=0.100891 
t=309 V=4.20213 A=0.130141 W=0.546869 mAh_cumul=24.0517 Wh_cumul=0.101043 
t=310 V=4.20212 A=0.129486 W=0.544116 mAh_cumul=24.0876 Wh_cumul=0.101194 
t=311 V=4.20211 A=0.129315 W=0.543396 mAh_cumul=24.1236 Wh_cumul=0.101345 
t=312 V=4.2021 A=0.128691 W=0.540772 mAh_cumul=24.1593 Wh_cumul=0.101495 
t=313 V=4.20211 A=0.128696 W=0.540795 mAh_cumul=24.1951 Wh_cumul=0.101645 
t=314 V=4.20211 A=0.128093 W=0.538261 mAh_cumul=24.2306 Wh_cumul=0.101795 
t=315 V=4.20212 A=0.127249 W=0.534716 mAh_cumul=24.266 Wh_cumul=0.101943 
t=316 V=4.2021 A=0.126779 W=0.532738 mAh_cumul=24.3012 Wh_cumul=0.102091 
t=317 V=4.20211 A=0.126453 W=0.531369 mAh_cumul=24.3363 Wh_cumul=0.102239 
t=318 V=4.2021 A=0.125692 W=0.52817 mAh_cumul=24.3712 Wh_cumul=0.102386 
t=319 V=4.20207 A=0.12556 W=0.527612 mAh_cumul=24.4061 Wh_cumul=0.102532 
t=320 V=4.20209 A=0.124469 W=0.52303 mAh_cumul=24.4407 Wh_cumul=0.102677 
t=321 V=4.20208 A=0.123906 W=0.520663 mAh_cumul=24.4751 Wh_cumul=0.102822 
t=322 V=4.20209 A=0.123551 W=0.519172 mAh_cumul=24.5094 Wh_cumul=0.102966 
t=323 V=4.20211 A=0.123591 W=0.519343 mAh_cumul=24.5438 Wh_cumul=0.103111 
t=324 V=4.20209 A=0.122526 W=0.514865 mAh_cumul=24.5778 Wh_cumul=0.103254 
t=325 V=4.20212 A=0.122468 W=0.514625 mAh_cumul=24.6118 Wh_cumul=0.103397 
t=326 V=4.20211 A=0.122048 W=0.512859 mAh_cumul=24.6457 Wh_cumul=0.103539 
t=327 V=4.20209 A=0.121163 W=0.509138 mAh_cumul=24.6794 Wh_cumul=0.10368 
t=328 V=4.2021 A=0.121718 W=0.511471 mAh_cumul=24.7132 Wh_cumul=0.103822 
t=329 V=4.20214 A=0.121197 W=0.509287 mAh_cumul=24.7469 Wh_cumul=0.103964 
t=330 V=4.2021 A=0.120309 W=0.50555 mAh_cumul=24.7803 Wh_cumul=0.104104 
t=331 V=4.2021 A=0.120136 W=0.504823 mAh_cumul=24.8136 Wh_cumul=0.104245 
t=332 V=4.20211 A=0.119713 W=0.503047 mAh_cumul=24.8469 Wh_cumul=0.104384 
t=333 V=4.20211 A=0.119519 W=0.502232 mAh_cumul=24.8801 Wh_cumul=0.104524 
t=334 V=4.20211 A=0.119481 W=0.502072 mAh_cumul=24.9133 Wh_cumul=0.104663 
t=335 V=4.20212 A=0.118978 W=0.49996 mAh_cumul=24.9463 Wh_cumul=0.104802 
t=336 V=4.2021 A=0.118132 W=0.496402 mAh_cumul=24.9792 Wh_cumul=0.10494 
t=337 V=4.20212 A=0.116952 W=0.491446 mAh_cumul=25.0116 Wh_cumul=0.105077 
t=338 V=4.20212 A=0.116496 W=0.48953 mAh_cumul=25.044 Wh_cumul=0.105213 
t=339 V=4.20211 A=0.116879 W=0.491138 mAh_cumul=25.0765 Wh_cumul=0.105349 
t=340 V=4.20211 A=0.11592 W=0.487109 mAh_cumul=25.1087 Wh_cumul=0.105484 
t=341 V=4.2021 A=0.115045 W=0.483431 mAh_cumul=25.1406 Wh_cumul=0.105619 
t=342 V=4.20209 A=0.115194 W=0.484056 mAh_cumul=25.1726 Wh_cumul=0.105753 
t=343 V=4.2021 A=0.114517 W=0.481212 mAh_cumul=25.2044 Wh_cumul=0.105887 
t=344 V=4.2021 A=0.114401 W=0.480724 mAh_cumul=25.2362 Wh_cumul=0.10602 
t=345 V=4.2021 A=0.114328 W=0.480418 mAh_cumul=25.268 Wh_cumul=0.106154 
t=346 V=4.20211 A=0.113504 W=0.476956 mAh_cumul=25.2995 Wh_cumul=0.106286 
t=347 V=4.20213 A=0.112985 W=0.474778 mAh_cumul=25.3309 Wh_cumul=0.106418 
t=348 V=4.20209 A=0.112843 W=0.474176 mAh_cumul=25.3622 Wh_cumul=0.10655 
t=349 V=4.2021 A=0.111947 W=0.470412 mAh_cumul=25.3933 Wh_cumul=0.10668 
t=350 V=4.20207 A=0.111946 W=0.470405 mAh_cumul=25.4244 Wh_cumul=0.106811 
t=351 V=4.20208 A=0.111436 W=0.468263 mAh_cumul=25.4554 Wh_cumul=0.106941 
t=352 V=4.2021 A=0.111284 W=0.467626 mAh_cumul=25.4863 Wh_cumul=0.107071 
t=353 V=4.2021 A=0.110767 W=0.465454 mAh_cumul=25.5171 Wh_cumul=0.1072 
t=354 V=4.2021 A=0.110497 W=0.464319 mAh_cumul=25.5477 Wh_cumul=0.107329 
t=355 V=4.20212 A=0.110765 W=0.465448 mAh_cumul=25.5785 Wh_cumul=0.107459 
t=356 V=4.20213 A=0.111105 W=0.466878 mAh_cumul=25.6094 Wh_cumul=0.107588 
t=357 V=4.20215 A=0.111074 W=0.46675 mAh_cumul=25.6402 Wh_cumul=0.107718 
t=358 V=4.20214 A=0.110067 W=0.462517 mAh_cumul=25.6708 Wh_cumul=0.107846 
t=359 V=4.20212 A=0.109832 W=0.461527 mAh_cumul=25.7013 Wh_cumul=0.107975 
t=360 V=4.20212 A=0.109131 W=0.458582 mAh_cumul=25.7316 Wh_cumul=0.108102 
t=361 V=4.20212 A=0.107992 W=0.453795 mAh_cumul=25.7616 Wh_cumul=0.108228 
t=362 V=4.20213 A=0.106912 W=0.449258 mAh_cumul=25.7913 Wh_cumul=0.108353 
t=363 V=4.20211 A=0.106895 W=0.449185 mAh_cumul=25.821 Wh_cumul=0.108478 
t=364 V=4.20211 A=0.106276 W=0.446583 mAh_cumul=25.8505 Wh_cumul=0.108602 
t=365 V=4.20211 A=0.105869 W=0.444873 mAh_cumul=25.8799 Wh_cumul=0.108725 
t=366 V=4.20211 A=0.106423 W=0.447201 mAh_cumul=25.9095 Wh_cumul=0.10885 
t=367 V=4.20212 A=0.105835 W=0.444731 mAh_cumul=25.9389 Wh_cumul=0.108973 
t=368 V=4.20212 A=0.105053 W=0.441445 mAh_cumul=25.9681 Wh_cumul=0.109096 
t=369 V=4.20213 A=0.104956 W=0.441039 mAh_cumul=25.9972 Wh_cumul=0.109218 
t=370 V=4.20212 A=0.105001 W=0.441227 mAh_cumul=26.0264 Wh_cumul=0.109341 
t=371 V=4.20212 A=0.103871 W=0.436478 mAh_cumul=26.0553 Wh_cumul=0.109462 
t=372 V=4.20213 A=0.103234 W=0.433803 mAh_cumul=26.0839 Wh_cumul=0.109583 
t=373 V=4.20209 A=0.102939 W=0.432559 mAh_cumul=26.1125 Wh_cumul=0.109703 
t=374 V=4.20208 A=0.103911 W=0.436642 mAh_cumul=26.1414 Wh_cumul=0.109824 
t=375 V=4.2021 A=0.10424 W=0.438027 mAh_cumul=26.1704 Wh_cumul=0.109946 
t=376 V=4.20211 A=0.103564 W=0.435187 mAh_cumul=26.1991 Wh_cumul=0.110067 
t=377 V=4.20214 A=0.103567 W=0.435203 mAh_cumul=26.2279 Wh_cumul=0.110187 
t=378 V=4.20212 A=0.102577 W=0.431041 mAh_cumul=26.2564 Wh_cumul=0.110307 
t=379 V=4.20213 A=0.102629 W=0.43126 mAh_cumul=26.2849 Wh_cumul=0.110427 
t=380 V=4.20216 A=0.102379 W=0.430213 mAh_cumul=26.3133 Wh_cumul=0.110546 
t=381 V=4.2021 A=0.100435 W=0.422038 mAh_cumul=26.3412 Wh_cumul=0.110664 
t=382 V=4.20212 A=0.10036 W=0.421725 mAh_cumul=26.3691 Wh_cumul=0.110781 
t=383 V=4.20212 A=0.0992776 W=0.417176 mAh_cumul=26.3967 Wh_cumul=0.110897 
t=384 V=4.20211 A=0.0988733 W=0.415476 mAh_cumul=26.4241 Wh_cumul=0.111012 
t=385 V=4.2021 A=0.0984572 W=0.413727 mAh_cumul=26.4515 Wh_cumul=0.111127 
t=386 V=4.20209 A=0.0985212 W=0.413995 mAh_cumul=26.4789 Wh_cumul=0.111242 
t=387 V=4.20212 A=0.0979675 W=0.411671 mAh_cumul=26.5061 Wh_cumul=0.111356 
t=388 V=4.20209 A=0.0979119 W=0.411435 mAh_cumul=26.5333 Wh_cumul=0.111471 
t=389 V=4.20212 A=0.0975178 W=0.409781 mAh_cumul=26.5604 Wh_cumul=0.111585 
t=390 V=4.2021 A=0.0974296 W=0.409409 mAh_cumul=26.5874 Wh_cumul=0.111698 
t=391 V=4.20211 A=0.0972068 W=0.408474 mAh_cumul=26.6144 Wh_cumul=0.111812 
t=392 V=4.20212 A=0.0972857 W=0.408806 mAh_cumul=26.6415 Wh_cumul=0.111925 
t=393 V=4.20211 A=0.0961902 W=0.404202 mAh_cumul=26.6682 Wh_cumul=0.112038 
t=394 V=4.2021 A=0.0958293 W=0.402684 mAh_cumul=26.6948 Wh_cumul=0.112149 
t=395 V=4.20211 A=0.0954238 W=0.400981 mAh_cumul=26.7213 Wh_cumul=0.112261 
t=396 V=4.20212 A=0.095734 W=0.402286 mAh_cumul=26.7479 Wh_cumul=0.112373 
t=397 V=4.20212 A=0.0949186 W=0.398859 mAh_cumul=26.7743 Wh_cumul=0.112483 
t=398 V=4.20213 A=0.0951845 W=0.399978 mAh_cumul=26.8007 Wh_cumul=0.112594 
t=399 V=4.2021 A=0.0945554 W=0.397331 mAh_cumul=26.827 Wh_cumul=0.112705 
t=400 V=4.20208 A=0.0941583 W=0.395661 mAh_cumul=26.8531 Wh_cumul=0.112815 
t=401 V=4.20212 A=0.0940847 W=0.395355 mAh_cumul=26.8793 Wh_cumul=0.112925 
t=402 V=4.20209 A=0.0934051 W=0.392497 mAh_cumul=26.9052 Wh_cumul=0.113034 
t=403 V=4.20209 A=0.0925149 W=0.388756 mAh_cumul=26.9309 Wh_cumul=0.113142 
t=404 V=4.20212 A=0.0930018 W=0.390805 mAh_cumul=26.9567 Wh_cumul=0.11325 
t=405 V=4.20211 A=0.0932602 W=0.39189 mAh_cumul=26.9826 Wh_cumul=0.113359 
t=406 V=4.20213 A=0.0931393 W=0.391383 mAh_cumul=27.0085 Wh_cumul=0.113468 
t=407 V=4.20211 A=0.0927036 W=0.389551 mAh_cumul=27.0343 Wh_cumul=0.113576 
t=408 V=4.20215 A=0.0925473 W=0.388898 mAh_cumul=27.06 Wh_cumul=0.113684 
t=409 V=4.20214 A=0.0916835 W=0.385267 mAh_cumul=27.0854 Wh_cumul=0.113791 
t=410 V=4.20214 A=0.0916646 W=0.385187 mAh_cumul=27.1109 Wh_cumul=0.113898 
t=411 V=4.20212 A=0.0911355 W=0.382962 mAh_cumul=27.1362 Wh_cumul=0.114004 
t=412 V=4.20213 A=0.0906877 W=0.381082 mAh_cumul=27.1614 Wh_cumul=0.11411 
t=413 V=4.2021 A=0.09055 W=0.3805 mAh_cumul=27.1866 Wh_cumul=0.114216 
t=414 V=4.20213 A=0.0899737 W=0.378081 mAh_cumul=27.2115 Wh_cumul=0.114321 
t=415 V=4.20213 A=0.0894972 W=0.376079 mAh_cumul=27.2364 Wh_cumul=0.114425 
t=416 V=4.2021 A=0.0894439 W=0.375852 mAh_cumul=27.2613 Wh_cumul=0.11453 
t=417 V=4.20214 A=0.0895938 W=0.376486 mAh_cumul=27.2861 Wh_cumul=0.114634 
t=418 V=4.20213 A=0.0893675 W=0.375534 mAh_cumul=27.311 Wh_cumul=0.114739 
t=419 V=4.20214 A=0.0890424 W=0.374169 mAh_cumul=27.3357 Wh_cumul=0.114843 
t=420 V=4.20211 A=0.0881651 W=0.370479 mAh_cumul=27.3602 Wh_cumul=0.114945 
t=421 V=4.20212 A=0.0878206 W=0.369033 mAh_cumul=27.3846 Wh_cumul=0.115048 
t=422 V=4.2021 A=0.0873978 W=0.367254 mAh_cumul=27.4089 Wh_cumul=0.11515 
t=423 V=4.2021 A=0.0866405 W=0.364072 mAh_cumul=27.4329 Wh_cumul=0.115251 
t=424 V=4.20211 A=0.0872576 W=0.366666 mAh_cumul=27.4572 Wh_cumul=0.115353 
t=425 V=4.20212 A=0.0867805 W=0.364662 mAh_cumul=27.4813 Wh_cumul=0.115454 
t=426 V=4.20214 A=0.0858918 W=0.360929 mAh_cumul=27.5051 Wh_cumul=0.115555 
t=427 V=4.20208 A=0.0854712 W=0.359157 mAh_cumul=27.5289 Wh_cumul=0.115654 
t=428 V=4.20211 A=0.0849175 W=0.356833 mAh_cumul=27.5525 Wh_cumul=0.115753 
t=429 V=4.20211 A=0.0851249 W=0.357704 mAh_cumul=27.5761 Wh_cumul=0.115853 
t=430 V=4.20212 A=0.0848224 W=0.356434 mAh_cumul=27.5997 Wh_cumul=0.115952 
t=431 V=4.20211 A=0.0849653 W=0.357034 mAh_cumul=27.6233 Wh_cumul=0.116051 
t=432 V=4.20212 A=0.0850778 W=0.357507 mAh_cumul=27.6469 Wh_cumul=0.11615 
t=433 V=4.20215 A=0.0848409 W=0.356514 mAh_cumul=27.6705 Wh_cumul=0.116249 
t=434 V=4.20216 A=0.084843 W=0.356524 mAh_cumul=27.694 Wh_cumul=0.116348 
t=435 V=4.20211 A=0.0839577 W=0.352799 mAh_cumul=27.7174 Wh_cumul=0.116446 
t=436 V=4.20211 A=0.0833112 W=0.350083 mAh_cumul=27.7405 Wh_cumul=0.116544 
t=437 V=4.20212 A=0.0834947 W=0.350855 mAh_cumul=27.7637 Wh_cumul=0.116641 
t=438 V=4.2021 A=0.0827277 W=0.34763 mAh_cumul=27.7867 Wh_cumul=0.116738 
t=439 V=4.20213 A=0.0828235 W=0.348035 mAh_cumul=27.8097 Wh_cumul=0.116834 
t=440 V=4.20212 A=0.0824858 W=0.346615 mAh_cumul=27.8326 Wh_cumul=0.116931 
t=441 V=4.20213 A=0.0831448 W=0.349385 mAh_cumul=27.8557 Wh_cumul=0.117028 
t=442 V=4.20214 A=0.0820042 W=0.344593 mAh_cumul=27.8785 Wh_cumul=0.117123 
t=443 V=4.20212 A=0.0811985 W=0.341206 mAh_cumul=27.901 Wh_cumul=0.117218 
t=444 V=4.20213 A=0.0813335 W=0.341774 mAh_cumul=27.9236 Wh_cumul=0.117313 
t=445 V=4.20211 A=0.0812853 W=0.34157 mAh_cumul=27.9462 Wh_cumul=0.117408 
t=446 V=4.20213 A=0.0813301 W=0.34176 mAh_cumul=27.9688 Wh_cumul=0.117503 
t=447 V=4.20211 A=0.0804428 W=0.338029 mAh_cumul=27.9911 Wh_cumul=0.117597 
t=448 V=4.20214 A=0.0801365 W=0.336745 mAh_cumul=28.0134 Wh_cumul=0.11769 
t=449 V=4.20213 A=0.0805975 W=0.338681 mAh_cumul=28.0358 Wh_cumul=0.117784 
t=450 V=4.20212 A=0.0804286 W=0.337971 mAh_cumul=28.0581 Wh_cumul=0.117878 
t=451 V=4.20213 A=0.0797971 W=0.335318 mAh_cumul=28.0803 Wh_cumul=0.117971 
t=452 V=4.20215 A=0.08045 W=0.338063 mAh_cumul=28.1026 Wh_cumul=0.118065 
t=453 V=4.20218 A=0.0804173 W=0.337928 mAh_cumul=28.125 Wh_cumul=0.118159 
t=454 V=4.20214 A=0.0799649 W=0.336024 mAh_cumul=28.1472 Wh_cumul=0.118253 
t=455 V=4.20213 A=0.0785892 W=0.330242 mAh_cumul=28.169 Wh_cumul=0.118344 
t=456 V=4.20211 A=0.0785991 W=0.330282 mAh_cumul=28.1909 Wh_cumul=0.118436 
t=457 V=4.20214 A=0.0787886 W=0.331081 mAh_cumul=28.2127 Wh_cumul=0.118528 
t=458 V=4.20216 A=0.0779496 W=0.327557 mAh_cumul=28.2344 Wh_cumul=0.118619 
t=459 V=4.20211 A=0.0774069 W=0.325272 mAh_cumul=28.2559 Wh_cumul=0.118709 
t=460 V=4.20212 A=0.0780218 W=0.327857 mAh_cumul=28.2776 Wh_cumul=0.1188 
t=461 V=4.20214 A=0.0773263 W=0.324936 mAh_cumul=28.299 Wh_cumul=0.118891 
t=462 V=4.20214 A=0.077402 W=0.325254 mAh_cumul=28.3205 Wh_cumul=0.118981 
t=463 V=4.20213 A=0.077391 W=0.325207 mAh_cumul=28.342 Wh_cumul=0.119071 
t=464 V=4.20214 A=0.0772875 W=0.324773 mAh_cumul=28.3635 Wh_cumul=0.119162 
t=465 V=4.20211 A=0.0769449 W=0.323331 mAh_cumul=28.3849 Wh_cumul=0.119251 
t=466 V=4.20215 A=0.0770463 W=0.32376 mAh_cumul=28.4063 Wh_cumul=0.119341 
t=467 V=4.20212 A=0.0747658 W=0.314175 mAh_cumul=28.4271 Wh_cumul=0.119429 
t=468 V=4.20212 A=0.0740744 W=0.31127 mAh_cumul=28.4476 Wh_cumul=0.119515 
t=469 V=4.2021 A=0.0741835 W=0.311726 mAh_cumul=28.4682 Wh_cumul=0.119602 
t=470 V=4.20212 A=0.0742056 W=0.311821 mAh_cumul=28.4888 Wh_cumul=0.119688 
t=471 V=4.20212 A=0.0737167 W=0.309766 mAh_cumul=28.5093 Wh_cumul=0.119774 
t=472 V=4.20213 A=0.0742732 W=0.312106 mAh_cumul=28.53 Wh_cumul=0.119861 
t=473 V=4.20211 A=0.0734981 W=0.308847 mAh_cumul=28.5504 Wh_cumul=0.119947 
t=474 V=4.20211 A=0.073931 W=0.310666 mAh_cumul=28.5709 Wh_cumul=0.120033 
t=475 V=4.20211 A=0.0735362 W=0.309007 mAh_cumul=28.5913 Wh_cumul=0.120119 
t=476 V=4.20215 A=0.0740982 W=0.311372 mAh_cumul=28.6119 Wh_cumul=0.120205 
t=477 V=4.20213 A=0.0738016 W=0.310124 mAh_cumul=28.6324 Wh_cumul=0.120292 
t=478 V=4.20213 A=0.0727594 W=0.305744 mAh_cumul=28.6526 Wh_cumul=0.120376 
t=479 V=4.20211 A=0.07199 W=0.30251 mAh_cumul=28.6726 Wh_cumul=0.12046 
t=480 V=4.20214 A=0.0716153 W=0.300938 mAh_cumul=28.6925 Wh_cumul=0.120544 
t=481 V=4.20211 A=0.0713187 W=0.299689 mAh_cumul=28.7123 Wh_cumul=0.120627 
t=482 V=4.2021 A=0.0711054 W=0.298792 mAh_cumul=28.7321 Wh_cumul=0.12071 
t=483 V=4.2021 A=0.0713414 W=0.299784 mAh_cumul=28.7519 Wh_cumul=0.120794 
t=484 V=4.20211 A=0.0706952 W=0.297069 mAh_cumul=28.7715 Wh_cumul=0.120876 
t=485 V=4.20209 A=0.0711833 W=0.299119 mAh_cumul=28.7913 Wh_cumul=0.120959 
t=486 V=4.20211 A=0.0710154 W=0.298415 mAh_cumul=28.811 Wh_cumul=0.121042 
t=487 V=4.20213 A=0.069717 W=0.29296 mAh_cumul=28.8304 Wh_cumul=0.121123 
t=488 V=4.20207 A=0.0696404 W=0.292634 mAh_cumul=28.8497 Wh_cumul=0.121205 
t=489 V=4.20207 A=0.0696455 W=0.292655 mAh_cumul=28.8691 Wh_cumul=0.121286 
t=490 V=4.2021 A=0.0695917 W=0.292431 mAh_cumul=28.8884 Wh_cumul=0.121367 
t=491 V=4.20207 A=0.0690399 W=0.29011 mAh_cumul=28.9076 Wh_cumul=0.121448 
t=492 V=4.20211 A=0.0691076 W=0.290398 mAh_cumul=28.9268 Wh_cumul=0.121529 
t=493 V=4.20213 A=0.068853 W=0.289329 mAh_cumul=28.9459 Wh_cumul=0.121609 
t=494 V=4.2021 A=0.0688221 W=0.289197 mAh_cumul=28.965 Wh_cumul=0.121689 
t=495 V=4.20209 A=0.0681369 W=0.286317 mAh_cumul=28.984 Wh_cumul=0.121769 
t=496 V=4.20211 A=0.0684656 W=0.2877 mAh_cumul=29.003 Wh_cumul=0.121849 
t=497 V=4.20212 A=0.0686064 W=0.288292 mAh_cumul=29.022 Wh_cumul=0.121929 
t=498 V=4.20213 A=0.0682219 W=0.286677 mAh_cumul=29.041 Wh_cumul=0.122008 
t=499 V=4.2021 A=0.0681392 W=0.286328 mAh_cumul=29.0599 Wh_cumul=0.122088 
t=500 V=4.20211 A=0.0687757 W=0.289003 mAh_cumul=29.079 Wh_cumul=0.122168 
t=501 V=4.20214 A=0.0685614 W=0.288105 mAh_cumul=29.0981 Wh_cumul=0.122248 
t=502 V=4.20212 A=0.0676622 W=0.284325 mAh_cumul=29.1169 Wh_cumul=0.122327 
t=503 V=4.2021 A=0.0674334 W=0.283362 mAh_cumul=29.1356 Wh_cumul=0.122406 
t=504 V=4.20209 A=0.0667233 W=0.280377 mAh_cumul=29.1541 Wh_cumul=0.122484 
t=505 V=4.20212 A=0.0669543 W=0.28135 mAh_cumul=29.1727 Wh_cumul=0.122562 
t=506 V=4.2021 A=0.0668429 W=0.280881 mAh_cumul=29.1913 Wh_cumul=0.12264 
t=507 V=4.20214 A=0.0667594 W=0.280532 mAh_cumul=29.2098 Wh_cumul=0.122718 
t=508 V=4.20213 A=0.0663571 W=0.278841 mAh_cumul=29.2283 Wh_cumul=0.122795 
t=509 V=4.20212 A=0.0667576 W=0.280523 mAh_cumul=29.2468 Wh_cumul=0.122873 
t=510 V=4.20212 A=0.0669125 W=0.281174 mAh_cumul=29.2654 Wh_cumul=0.122951 
t=511 V=4.2021 A=0.0659617 W=0.277178 mAh_cumul=29.2837 Wh_cumul=0.123028 
t=512 V=4.20214 A=0.0654983 W=0.275233 mAh_cumul=29.3019 Wh_cumul=0.123105 
t=513 V=4.20213 A=0.0653243 W=0.274501 mAh_cumul=29.3201 Wh_cumul=0.123181 
t=514 V=4.20214 A=0.0657054 W=0.276103 mAh_cumul=29.3383 Wh_cumul=0.123258 
t=515 V=4.20212 A=0.0655533 W=0.275463 mAh_cumul=29.3565 Wh_cumul=0.123334 
t=516 V=4.20215 A=0.0653681 W=0.274687 mAh_cumul=29.3747 Wh_cumul=0.123411 
t=517 V=4.20214 A=0.0645853 W=0.271396 mAh_cumul=29.3926 Wh_cumul=0.123486 
t=518 V=4.20212 A=0.0638102 W=0.268138 mAh_cumul=29.4104 Wh_cumul=0.12356 
t=519 V=4.2021 A=0.0637799 W=0.26801 mAh_cumul=29.4281 Wh_cumul=0.123635 
t=520 V=4.20213 A=0.0644918 W=0.271003 mAh_cumul=29.446 Wh_cumul=0.12371 
t=521 V=4.20215 A=0.064187 W=0.269723 mAh_cumul=29.4638 Wh_cumul=0.123785 
t=522 V=4.20214 A=0.0640828 W=0.269285 mAh_cumul=29.4816 Wh_cumul=0.12386 
t=523 V=4.20212 A=0.0637168 W=0.267746 mAh_cumul=29.4993 Wh_cumul=0.123934 
t=524 V=4.20213 A=0.0634646 W=0.266686 mAh_cumul=29.5169 Wh_cumul=0.124008 
t=525 V=4.20213 A=0.0636986 W=0.26767 mAh_cumul=29.5346 Wh_cumul=0.124083 
t=526 V=4.20216 A=0.0635264 W=0.266948 mAh_cumul=29.5523 Wh_cumul=0.124157 
t=527 V=4.20213 A=0.0634168 W=0.266486 mAh_cumul=29.5699 Wh_cumul=0.124231 
t=528 V=4.20215 A=0.063687 W=0.267622 mAh_cumul=29.5876 Wh_cumul=0.124305 
t=529 V=4.20214 A=0.0627992 W=0.263891 mAh_cumul=29.605 Wh_cumul=0.124379 
t=530 V=4.20214 A=0.0620943 W=0.260929 mAh_cumul=29.6223 Wh_cumul=0.124451 
END

