0 errors cleared
t=0 V=3.58453 A=0.00815894 W=0.029246 mAh_cumul=0 Wh_cumul=0 
t=2 V=3.58452 A=0.00816553 W=0.0292695 mAh_cumul=0.00453641 Wh_cumul=1.62608e-05 
t=3 V=3.59849 A=0.500882 W=1.80242 mAh_cumul=0.14367 Wh_cumul=0.000516933 
t=4 V=3.59664 A=0.500507 W=1.80014 mAh_cumul=0.2827 Wh_cumul=0.00101697 
t=5 V=3.59726 A=0.500462 W=1.80029 mAh_cumul=0.421717 Wh_cumul=0.00151705 
t=6 V=3.59775 A=0.500444 W=1.80047 mAh_cumul=0.560729 Wh_cumul=0.00201718 
t=7 V=3.59814 A=0.500431 W=1.80062 mAh_cumul=0.699738 Wh_cumul=0.00251736 
t=8 V=3.59853 A=0.500424 W=1.80079 mAh_cumul=0.838745 Wh_cumul=0.00301758 
t=9 V=3.59883 A=0.492364 W=1.77193 mAh_cumul=0.975513 Wh_cumul=0.00350978 
t=10 V=3.59881 A=0.478298 W=1.7213 mAh_cumul=1.10837 Wh_cumul=0.00398792 
t=11 V=3.59881 A=0.46559 W=1.67557 mAh_cumul=1.2377 Wh_cumul=0.00445336 
t=12 V=3.59881 A=0.453383 W=1.63164 mAh_cumul=1.36364 Wh_cumul=0.00490659 
t=13 V=3.5988 A=0.4437 W=1.59679 mAh_cumul=1.48689 Wh_cumul=0.00535014 
t=14 V=3.59882 A=0.434674 W=1.56431 mAh_cumul=1.60764 Wh_cumul=0.00578467 
t=15 V=3.59886 A=0.425512 W=1.53136 mAh_cumul=1.72583 Wh_cumul=0.00621005 
t=16 V=3.59883 A=0.417857 W=1.5038 mAh_cumul=1.84191 Wh_cumul=0.00662777 
t=17 V=3.59883 A=0.411556 W=1.48112 mAh_cumul=1.95623 Wh_cumul=0.00703919 
t=18 V=3.59886 A=0.404152 W=1.45449 mAh_cumul=2.06849 Wh_cumul=0.00744322 
t=19 V=3.59884 A=0.396605 W=1.42732 mAh_cumul=2.17866 Wh_cumul=0.0078397 
t=20 V=3.59883 A=0.390124 W=1.40399 mAh_cumul=2.28703 Wh_cumul=0.00822969 
t=21 V=3.59886 A=0.384081 W=1.38225 mAh_cumul=2.39372 Wh_cumul=0.00861365 
t=22 V=3.59884 A=0.37686 W=1.35626 mAh_cumul=2.4984 Wh_cumul=0.00899039 
t=23 V=3.59883 A=0.37051 W=1.3334 mAh_cumul=2.60132 Wh_cumul=0.00936078 
t=24 V=3.59885 A=0.365251 W=1.31448 mAh_cumul=2.70278 Wh_cumul=0.00972591 
t=25 V=3.59883 A=0.359876 W=1.29513 mAh_cumul=2.80274 Wh_cumul=0.0100857 
t=26 V=3.59884 A=0.35522 W=1.27838 mAh_cumul=2.90142 Wh_cumul=0.0104408 
t=27 V=3.59886 A=0.349805 W=1.2589 mAh_cumul=2.99858 Wh_cumul=0.0107905 
t=28 V=3.59885 A=0.34559 W=1.24373 mAh_cumul=3.09458 Wh_cumul=0.011136 
t=29 V=3.59884 A=0.341328 W=1.22838 mAh_cumul=3.18939 Wh_cumul=0.0114772 
t=30 V=3.59886 A=0.337746 W=1.2155 mAh_cumul=3.28321 Wh_cumul=0.0118148 
t=31 V=3.59884 A=0.333233 W=1.19925 mAh_cumul=3.37578 Wh_cumul=0.0121479 
t=32 V=3.59883 A=0.32911 W=1.18441 mAh_cumul=3.4672 Wh_cumul=0.0124769 
t=33 V=3.59883 A=0.325411 W=1.1711 mAh_cumul=3.55759 Wh_cumul=0.0128022 
t=34 V=3.59882 A=0.320993 W=1.1552 mAh_cumul=3.64675 Wh_cumul=0.0131231 
t=35 V=3.59885 A=0.317655 W=1.14319 mAh_cumul=3.73499 Wh_cumul=0.0134407 
t=36 V=3.59882 A=0.314284 W=1.13105 mAh_cumul=3.82229 Wh_cumul=0.0137549 
t=37 V=3.59882 A=0.310782 W=1.11845 mAh_cumul=3.90862 Wh_cumul=0.0140655 
t=38 V=3.5988 A=0.307993 W=1.10841 mAh_cumul=3.99417 Wh_cumul=0.0143734 
t=39 V=3.59885 A=0.305467 W=1.09933 mAh_cumul=4.07903 Wh_cumul=0.0146788 
t=40 V=3.59884 A=0.303061 W=1.09067 mAh_cumul=4.16321 Wh_cumul=0.0149818 
t=41 V=3.5988 A=0.299242 W=1.07691 mAh_cumul=4.24633 Wh_cumul=0.0152809 
t=42 V=3.59883 A=0.295713 W=1.06422 mAh_cumul=4.32847 Wh_cumul=0.0155765 
t=43 V=3.59881 A=0.292848 W=1.0539 mAh_cumul=4.40982 Wh_cumul=0.0158693 
t=44 V=3.59883 A=0.289714 W=1.04263 mAh_cumul=4.4903 Wh_cumul=0.0161589 
t=45 V=3.59881 A=0.287031 W=1.03297 mAh_cumul=4.57003 Wh_cumul=0.0164458 
t=46 V=3.59881 A=0.285247 W=1.02655 mAh_cumul=4.64926 Wh_cumul=0.016731 
t=47 V=3.59882 A=0.283059 W=1.01868 mAh_cumul=4.72789 Wh_cumul=0.017014 
t=48 V=3.59882 A=0.280841 W=1.0107 mAh_cumul=4.8059 Wh_cumul=0.0172947 
t=49 V=3.59881 A=0.278713 W=1.00304 mAh_cumul=4.88332 Wh_cumul=0.0175733 
t=50 V=3.59881 A=0.276252 W=0.994178 mAh_cumul=4.96006 Wh_cumul=0.0178495 
t=51 V=3.59882 A=0.273851 W=0.98554 mAh_cumul=5.03613 Wh_cumul=0.0181232 
t=52 V=3.59881 A=0.270839 W=0.974698 mAh_cumul=5.11136 Wh_cumul=0.018394 
t=53 V=3.59881 A=0.268872 W=0.967619 mAh_cumul=5.18605 Wh_cumul=0.0186628 
t=54 V=3.59879 A=0.266407 W=0.958743 mAh_cumul=5.26005 Wh_cumul=0.0189291 
t=55 V=3.59878 A=0.264295 W=0.95114 mAh_cumul=5.33347 Wh_cumul=0.0191933 
t=56 V=3.59882 A=0.262238 W=0.943747 mAh_cumul=5.40631 Wh_cumul=0.0194555 
t=57 V=3.59883 A=0.261295 W=0.940356 mAh_cumul=5.47889 Wh_cumul=0.0197167 
t=58 V=3.59882 A=0.258553 W=0.930486 mAh_cumul=5.55071 Wh_cumul=0.0199751 
t=59 V=3.59881 A=0.257499 W=0.92669 mAh_cumul=5.62224 Wh_cumul=0.0202325 
t=60 V=3.59882 A=0.256114 W=0.921708 mAh_cumul=5.69338 Wh_cumul=0.0204886 
t=61 V=3.59883 A=0.254017 W=0.914164 mAh_cumul=5.76394 Wh_cumul=0.0207425 
t=62 V=3.59882 A=0.251069 W=0.903552 mAh_cumul=5.83368 Wh_cumul=0.0209935 
t=63 V=3.59881 A=0.249334 W=0.897306 mAh_cumul=5.90294 Wh_cumul=0.0212427 
t=64 V=3.59878 A=0.246844 W=0.888337 mAh_cumul=5.97151 Wh_cumul=0.0214895 
t=65 V=3.59881 A=0.246699 W=0.887823 mAh_cumul=6.04004 Wh_cumul=0.0217361 
t=66 V=3.59883 A=0.245407 W=0.883178 mAh_cumul=6.10821 Wh_cumul=0.0219815 
t=67 V=3.59885 A=0.245062 W=0.881941 mAh_cumul=6.17628 Wh_cumul=0.0222264 
t=68 V=3.59887 A=0.244189 W=0.878804 mAh_cumul=6.24411 Wh_cumul=0.0224706 
t=69 V=3.59887 A=0.242182 W=0.871582 mAh_cumul=6.31138 Wh_cumul=0.0227127 
t=70 V=3.59885 A=0.241144 W=0.867841 mAh_cumul=6.37837 Wh_cumul=0.0229537 
t=71 V=3.59885 A=0.238817 W=0.859467 mAh_cumul=6.44471 Wh_cumul=0.0231925 
t=72 V=3.59888 A=0.236894 W=0.852553 mAh_cumul=6.51051 Wh_cumul=0.0234293 
t=73 V=3.59885 A=0.2358 W=0.848609 mAh_cumul=6.57601 Wh_cumul=0.023665 
t=74 V=3.59888 A=0.234129 W=0.842602 mAh_cumul=6.64105 Wh_cumul=0.0238991 
t=75 V=3.59886 A=0.23212 W=0.835367 mAh_cumul=6.70552 Wh_cumul=0.0241311 
t=76 V=3.59886 A=0.230316 W=0.828875 mAh_cumul=6.7695 Wh_cumul=0.0243614 
t=77 V=3.59883 A=0.227641 W=0.819241 mAh_cumul=6.83273 Wh_cumul=0.0245889 
t=78 V=3.59884 A=0.225925 W=0.813068 mAh_cumul=6.89549 Wh_cumul=0.0248148 
t=79 V=3.59879 A=0.224103 W=0.8065 mAh_cumul=6.95774 Wh_cumul=0.0250388 
t=80 V=3.59883 A=0.223195 W=0.803241 mAh_cumul=7.01974 Wh_cumul=0.0252619 
t=81 V=3.59881 A=0.221762 W=0.798079 mAh_cumul=7.08134 Wh_cumul=0.0254836 
t=82 V=3.5988 A=0.220574 W=0.793802 mAh_cumul=7.14261 Wh_cumul=0.0257041 
t=83 V=3.59883 A=0.219387 W=0.789537 mAh_cumul=7.20355 Wh_cumul=0.0259234 
t=84 V=3.59882 A=0.218003 W=0.784554 mAh_cumul=7.26411 Wh_cumul=0.0261414 
t=85 V=3.59882 A=0.216725 W=0.779954 mAh_cumul=7.32431 Wh_cumul=0.026358 
t=86 V=3.5988 A=0.216495 W=0.779122 mAh_cumul=7.38445 Wh_cumul=0.0265744 
t=87 V=3.59881 A=0.21495 W=0.773564 mAh_cumul=7.44416 Wh_cumul=0.0267893 
t=88 V=3.59882 A=0.213892 W=0.769759 mAh_cumul=7.50357 Wh_cumul=0.0270031 
t=89 V=3.5988 A=0.211962 W=0.762809 mAh_cumul=7.56245 Wh_cumul=0.027215 
t=90 V=3.59881 A=0.210905 W=0.759007 mAh_cumul=7.62103 Wh_cumul=0.0274259 
t=91 V=3.5988 A=0.209888 W=0.755345 mAh_cumul=7.67933 Wh_cumul=0.0276357 
t=92 V=3.59883 A=0.209121 W=0.752591 mAh_cumul=7.73742 Wh_cumul=0.0278447 
t=93 V=3.59881 A=0.208088 W=0.748869 mAh_cumul=7.79523 Wh_cumul=0.0280528 
t=94 V=3.59879 A=0.206272 W=0.74233 mAh_cumul=7.85252 Wh_cumul=0.028259 
t=95 V=3.59877 A=0.205328 W=0.738928 mAh_cumul=7.90956 Wh_cumul=0.0284642 
t=96 V=3.59881 A=0.20506 W=0.737972 mAh_cumul=7.96652 Wh_cumul=0.0286692 
t=97 V=3.5988 A=0.203941 W=0.733943 mAh_cumul=8.02317 Wh_cumul=0.0288731 
t=98 V=3.5988 A=0.20285 W=0.730017 mAh_cumul=8.07952 Wh_cumul=0.0290759 
t=99 V=3.59879 A=0.201752 W=0.726063 mAh_cumul=8.13556 Wh_cumul=0.0292775 
t=100 V=3.59882 A=0.200888 W=0.72296 mAh_cumul=8.19136 Wh_cumul=0.0294784 
t=101 V=3.59883 A=0.198779 W=0.715372 mAh_cumul=8.24658 Wh_cumul=0.0296771 
t=102 V=3.59879 A=0.197541 W=0.710909 mAh_cumul=8.30145 Wh_cumul=0.0298746 
t=103 V=3.59878 A=0.196877 W=0.708517 mAh_cumul=8.35614 Wh_cumul=0.0300714 
t=104 V=3.59882 A=0.195369 W=0.703098 mAh_cumul=8.41041 Wh_cumul=0.0302667 
t=105 V=3.5988 A=0.194965 W=0.70164 mAh_cumul=8.46457 Wh_cumul=0.0304616 
t=106 V=3.59882 A=0.193835 W=0.697577 mAh_cumul=8.51841 Wh_cumul=0.0306553 
t=107 V=3.59878 A=0.192645 W=0.693287 mAh_cumul=8.57192 Wh_cumul=0.0308479 
t=108 V=3.59879 A=0.191618 W=0.689593 mAh_cumul=8.62515 Wh_cumul=0.0310395 
t=109 V=3.59879 A=0.190394 W=0.685188 mAh_cumul=8.67804 Wh_cumul=0.0312298 
t=110 V=3.59879 A=0.189676 W=0.682604 mAh_cumul=8.73072 Wh_cumul=0.0314194 
t=111 V=3.59877 A=0.188924 W=0.679894 mAh_cumul=8.7832 Wh_cumul=0.0316083 
t=112 V=3.59876 A=0.18802 W=0.676639 mAh_cumul=8.83543 Wh_cumul=0.0317962 
t=113 V=3.59874 A=0.187062 W=0.673188 mAh_cumul=8.88739 Wh_cumul=0.0319832 
t=114 V=3.59878 A=0.186515 W=0.671226 mAh_cumul=8.9392 Wh_cumul=0.0321697 
t=115 V=3.59878 A=0.185728 W=0.668394 mAh_cumul=8.99079 Wh_cumul=0.0323553 
t=116 V=3.59879 A=0.184601 W=0.66434 mAh_cumul=9.04207 Wh_cumul=0.0325399 
t=117 V=3.5988 A=0.184057 W=0.662384 mAh_cumul=9.0932 Wh_cumul=0.0327239 
t=118 V=3.59876 A=0.182914 W=0.658264 mAh_cumul=9.14401 Wh_cumul=0.0329067 
t=119 V=3.5988 A=0.182141 W=0.655489 mAh_cumul=9.1946 Wh_cumul=0.0330888 
t=120 V=3.59879 A=0.181634 W=0.653663 mAh_cumul=9.24506 Wh_cumul=0.0332704 
t=121 V=3.59878 A=0.18106 W=0.651595 mAh_cumul=9.29535 Wh_cumul=0.0334514 
t=122 V=3.59881 A=0.179634 W=0.646469 mAh_cumul=9.34525 Wh_cumul=0.033631 
t=123 V=3.59878 A=0.179461 W=0.645841 mAh_cumul=9.3951 Wh_cumul=0.0338104 
t=124 V=3.59879 A=0.178981 W=0.644115 mAh_cumul=9.44482 Wh_cumul=0.0339893 
t=125 V=3.59878 A=0.177921 W=0.640299 mAh_cumul=9.49424 Wh_cumul=0.0341671 
t=126 V=3.59877 A=0.177004 W=0.636997 mAh_cumul=9.54341 Wh_cumul=0.0343441 
t=127 V=3.59884 A=0.17715 W=0.637535 mAh_cumul=9.59261 Wh_cumul=0.0345212 
t=128 V=3.59879 A=0.175424 W=0.631314 mAh_cumul=9.64134 Wh_cumul=0.0346965 
t=129 V=3.59884 A=0.175023 W=0.62988 mAh_cumul=9.68996 Wh_cumul=0.0348715 
t=130 V=3.59883 A=0.174497 W=0.627985 mAh_cumul=9.73843 Wh_cumul=0.035046 
t=131 V=3.5988 A=0.173229 W=0.623417 mAh_cumul=9.78655 Wh_cumul=0.0352191 
t=132 V=3.5988 A=0.171719 W=0.617982 mAh_cumul=9.83425 Wh_cumul=0.0353908 
t=133 V=3.5988 A=0.170326 W=0.612969 mAh_cumul=9.88156 Wh_cumul=0.0355611 
t=134 V=3.5988 A=0.170007 W=0.611821 mAh_cumul=9.92879 Wh_cumul=0.035731 
t=135 V=3.59878 A=0.169767 W=0.610954 mAh_cumul=9.97595 Wh_cumul=0.0359007 
t=136 V=3.59882 A=0.169792 W=0.611051 mAh_cumul=10.0231 Wh_cumul=0.0360704 
t=137 V=3.5988 A=0.168534 W=0.60652 mAh_cumul=10.0699 Wh_cumul=0.0362389 
t=138 V=3.59881 A=0.167968 W=0.604485 mAh_cumul=10.1166 Wh_cumul=0.0364068 
t=139 V=3.59881 A=0.167047 W=0.60117 mAh_cumul=10.163 Wh_cumul=0.0365738 
t=140 V=3.59882 A=0.16621 W=0.59816 mAh_cumul=10.2092 Wh_cumul=0.03674 
t=141 V=3.59883 A=0.166387 W=0.598799 mAh_cumul=10.2554 Wh_cumul=0.0369063 
t=142 V=3.59883 A=0.166214 W=0.598176 mAh_cumul=10.3015 Wh_cumul=0.0370725 
t=143 V=3.59885 A=0.164896 W=0.593436 mAh_cumul=10.3473 Wh_cumul=0.0372373 
t=144 V=3.59885 A=0.164477 W=0.591928 mAh_cumul=10.393 Wh_cumul=0.0374017 
t=145 V=3.59883 A=0.163244 W=0.587487 mAh_cumul=10.4384 Wh_cumul=0.0375649 
t=146 V=3.59884 A=0.162061 W=0.583232 mAh_cumul=10.4834 Wh_cumul=0.0377269 
t=147 V=3.59881 A=0.162244 W=0.583885 mAh_cumul=10.5285 Wh_cumul=0.0378891 
t=148 V=3.59883 A=0.161625 W=0.581661 mAh_cumul=10.5734 Wh_cumul=0.0380507 
t=149 V=3.59882 A=0.160905 W=0.579068 mAh_cumul=10.6181 Wh_cumul=0.0382116 
t=150 V=3.59883 A=0.160285 W=0.576838 mAh_cumul=10.6626 Wh_cumul=0.0383718 
t=151 V=3.59883 A=0.159074 W=0.57248 mAh_cumul=10.7068 Wh_cumul=0.0385308 
t=152 V=3.59882 A=0.159092 W=0.572543 mAh_cumul=10.751 Wh_cumul=0.0386899 
t=153 V=3.59883 A=0.158 W=0.568615 mAh_cumul=10.7948 Wh_cumul=0.0388478 
t=154 V=3.59884 A=0.157345 W=0.566259 mAh_cumul=10.8386 Wh_cumul=0.0390051 
t=155 V=3.59881 A=0.156328 W=0.562595 mAh_cumul=10.882 Wh_cumul=0.0391614 
t=156 V=3.59883 A=0.155938 W=0.561194 mAh_cumul=10.9253 Wh_cumul=0.0393173 
t=157 V=3.59882 A=0.156133 W=0.561895 mAh_cumul=10.9687 Wh_cumul=0.0394733 
t=158 V=3.59885 A=0.154761 W=0.556962 mAh_cumul=11.0117 Wh_cumul=0.0396281 
t=159 V=3.59881 A=0.15433 W=0.555404 mAh_cumul=11.0545 Wh_cumul=0.0397823 
t=160 V=3.59882 A=0.154345 W=0.55546 mAh_cumul=11.0974 Wh_cumul=0.0399366 
t=161 V=3.59883 A=0.153415 W=0.552115 mAh_cumul=11.14 Wh_cumul=0.04009 
t=162 V=3.59884 A=0.152458 W=0.548672 mAh_cumul=11.1824 Wh_cumul=0.0402424 
t=163 V=3.59887 A=0.153051 W=0.550811 mAh_cumul=11.2249 Wh_cumul=0.0403954 
t=164 V=3.59889 A=0.151877 W=0.546589 mAh_cumul=11.2671 Wh_cumul=0.0405472 
t=165 V=3.59888 A=0.150792 W=0.542682 mAh_cumul=11.309 Wh_cumul=0.040698 
t=166 V=3.59889 A=0.150486 W=0.541583 mAh_cumul=11.3508 Wh_cumul=0.0408484 
t=167 V=3.59883 A=0.148577 W=0.534703 mAh_cumul=11.392 Wh_cumul=0.040997 
t=168 V=3.59885 A=0.147518 W=0.530895 mAh_cumul=11.433 Wh_cumul=0.0411444 
t=169 V=3.59885 A=0.14766 W=0.531406 mAh_cumul=11.474 Wh_cumul=0.041292 
t=170 V=3.59885 A=0.146014 W=0.525482 mAh_cumul=11.5146 Wh_cumul=0.041438 
t=171 V=3.59882 A=0.146221 W=0.526223 mAh_cumul=11.5552 Wh_cumul=0.0415842 
t=172 V=3.59882 A=0.145304 W=0.522923 mAh_cumul=11.5956 Wh_cumul=0.0417294 
t=173 V=3.59882 A=0.144574 W=0.520296 mAh_cumul=11.6357 Wh_cumul=0.041874 
t=174 V=3.59883 A=0.144203 W=0.518962 mAh_cumul=11.6758 Wh_cumul=0.0420181 
t=175 V=3.59883 A=0.143301 W=0.515716 mAh_cumul=11.7156 Wh_cumul=0.0421614 
t=176 V=3.59882 A=0.141921 W=0.510748 mAh_cumul=11.755 Wh_cumul=0.0423032 
t=177 V=3.59883 A=0.141849 W=0.51049 mAh_cumul=11.7944 Wh_cumul=0.042445 
t=178 V=3.59884 A=0.141607 W=0.509621 mAh_cumul=11.8337 Wh_cumul=0.0425866 
t=179 V=3.59881 A=0.141091 W=0.50776 mAh_cumul=11.8729 Wh_cumul=0.0427277 
t=180 V=3.59882 A=0.140963 W=0.5073 mAh_cumul=11.9121 Wh_cumul=0.0428686 
t=181 V=3.59883 A=0.139967 W=0.503717 mAh_cumul=11.951 Wh_cumul=0.0430085 
t=182 V=3.59884 A=0.139184 W=0.500901 mAh_cumul=11.9896 Wh_cumul=0.0431476 
t=183 V=3.5988 A=0.138809 W=0.499546 mAh_cumul=12.0282 Wh_cumul=0.0432864 
t=184 V=3.59884 A=0.138005 W=0.496658 mAh_cumul=12.0665 Wh_cumul=0.0434244 
t=185 V=3.59887 A=0.137375 W=0.494395 mAh_cumul=12.1047 Wh_cumul=0.0435617 
t=186 V=3.59883 A=0.137677 W=0.495476 mAh_cumul=12.1429 Wh_cumul=0.0436993 
t=187 V=3.59884 A=0.136214 W=0.490212 mAh_cumul=12.1808 Wh_cumul=0.0438355 
t=188 V=3.59884 A=0.13591 W=0.489118 mAh_cumul=12.2185 Wh_cumul=0.0439714 
t=189 V=3.59881 A=0.135244 W=0.486717 mAh_cumul=12.2561 Wh_cumul=0.0441066 
t=190 V=3.59884 A=0.135023 W=0.485926 mAh_cumul=12.2936 Wh_cumul=0.0442415 
t=191 V=3.59883 A=0.13449 W=0.484007 mAh_cumul=12.3309 Wh_cumul=0.044376 
t=192 V=3.59882 A=0.133362 W=0.479946 mAh_cumul=12.368 Wh_cumul=0.0445093 
t=193 V=3.59881 A=0.132458 W=0.476691 mAh_cumul=12.4048 Wh_cumul=0.0446417 
t=194 V=3.59882 A=0.132434 W=0.476606 mAh_cumul=12.4416 Wh_cumul=0.0447741 
t=195 V=3.5988 A=0.131032 W=0.471558 mAh_cumul=12.478 Wh_cumul=0.0449051 
t=196 V=3.5988 A=0.131277 W=0.47244 mAh_cumul=12.5144 Wh_cumul=0.0450363 
t=197 V=3.59881 A=0.130474 W=0.469551 mAh_cumul=12.5507 Wh_cumul=0.0451668 
t=198 V=3.59879 A=0.128925 W=0.463974 mAh_cumul=12.5865 Wh_cumul=0.0452956 
t=199 V=3.59877 A=0.128898 W=0.463874 mAh_cumul=12.6223 Wh_cumul=0.0454245 
t=200 V=3.5988 A=0.12841 W=0.462122 mAh_cumul=12.658 Wh_cumul=0.0455529 
t=201 V=3.59881 A=0.127327 W=0.458226 mAh_cumul=12.6933 Wh_cumul=0.0456801 
t=202 V=3.59881 A=0.126856 W=0.456531 mAh_cumul=12.7286 Wh_cumul=0.045807 
t=203 V=3.59879 A=0.126287 W=0.45448 mAh_cumul=12.7637 Wh_cumul=0.0459332 
t=204 V=3.5988 A=0.126738 W=0.456105 mAh_cumul=12.7989 Wh_cumul=0.0460599 
t=205 V=3.5988 A=0.125894 W=0.453067 mAh_cumul=12.8338 Wh_cumul=0.0461857 
t=206 V=3.59881 A=0.125477 W=0.451568 mAh_cumul=12.8687 Wh_cumul=0.0463112 
t=207 V=3.59881 A=0.124903 W=0.449502 mAh_cumul=12.9034 Wh_cumul=0.046436 
t=208 V=3.59879 A=0.125084 W=0.450151 mAh_cumul=12.9381 Wh_cumul=0.0465611 
t=209 V=3.59883 A=0.124939 W=0.449634 mAh_cumul=12.9728 Wh_cumul=0.046686 
t=210 V=3.59883 A=0.124372 W=0.447594 mAh_cumul=13.0074 Wh_cumul=0.0468103 
t=211 V=3.59884 A=0.124014 W=0.446307 mAh_cumul=13.0418 Wh_cumul=0.0469343 
t=212 V=3.59884 A=0.123431 W=0.444208 mAh_cumul=13.0761 Wh_cumul=0.0470577 
t=213 V=3.5988 A=0.122487 W=0.440806 mAh_cumul=13.1101 Wh_cumul=0.0471801 
t=214 V=3.59882 A=0.121567 W=0.437498 mAh_cumul=13.1439 Wh_cumul=0.0473017 
t=215 V=3.59883 A=0.122266 W=0.440015 mAh_cumul=13.1779 Wh_cumul=0.0474239 
t=216 V=3.59883 A=0.121596 W=0.437603 mAh_cumul=13.2116 Wh_cumul=0.0475454 
t=217 V=3.59882 A=0.121251 W=0.436361 mAh_cumul=13.2453 Wh_cumul=0.0476666 
t=218 V=3.5988 A=0.12096 W=0.435311 mAh_cumul=13.2789 Wh_cumul=0.0477876 
t=219 V=3.59882 A=0.120273 W=0.432841 mAh_cumul=13.3123 Wh_cumul=0.0479078 
t=220 V=3.59883 A=0.119594 W=0.430398 mAh_cumul=13.3456 Wh_cumul=0.0480274 
t=221 V=3.59882 A=0.119239 W=0.42912 mAh_cumul=13.3787 Wh_cumul=0.0481466 
t=222 V=3.59884 A=0.119278 W=0.429262 mAh_cumul=13.4118 Wh_cumul=0.0482658 
t=223 V=3.59881 A=0.117459 W=0.422713 mAh_cumul=13.4444 Wh_cumul=0.0483832 
t=224 V=3.59882 A=0.117124 W=0.421508 mAh_cumul=13.477 Wh_cumul=0.0485003 
t=225 V=3.5988 A=0.11673 W=0.420088 mAh_cumul=13.5094 Wh_cumul=0.048617 
t=226 V=3.59885 A=0.116895 W=0.420688 mAh_cumul=13.5419 Wh_cumul=0.0487339 
t=227 V=3.59881 A=0.116454 W=0.419096 mAh_cumul=13.5742 Wh_cumul=0.0488503 
t=228 V=3.59884 A=0.116172 W=0.418084 mAh_cumul=13.6065 Wh_cumul=0.0489664 
t=229 V=3.59881 A=0.115944 W=0.41726 mAh_cumul=13.6387 Wh_cumul=0.0490823 
t=230 V=3.59882 A=0.115142 W=0.414375 mAh_cumul=13.6707 Wh_cumul=0.0491974 
t=231 V=3.59883 A=0.114764 W=0.413016 mAh_cumul=13.7026 Wh_cumul=0.0493121 
t=232 V=3.59885 A=0.113906 W=0.409931 mAh_cumul=13.7342 Wh_cumul=0.049426 
t=233 V=3.59882 A=0.113669 W=0.409074 mAh_cumul=13.7658 Wh_cumul=0.0495396 
t=234 V=3.59881 A=0.113041 W=0.406813 mAh_cumul=13.7972 Wh_cumul=0.0496526 
t=235 V=3.59882 A=0.112292 W=0.404119 mAh_cumul=13.8284 Wh_cumul=0.0497649 
t=236 V=3.59883 A=0.11202 W=0.403141 mAh_cumul=13.8595 Wh_cumul=0.0498769 
t=237 V=3.59884 A=0.112056 W=0.403272 mAh_cumul=13.8906 Wh_cumul=0.0499889 
t=238 V=3.59884 A=0.11157 W=0.401523 mAh_cumul=13.9216 Wh_cumul=0.0501004 
t=239 V=3.59881 A=0.111426 W=0.401001 mAh_cumul=13.9526 Wh_cumul=0.0502118 
t=240 V=3.59883 A=0.110988 W=0.399427 mAh_cumul=13.9834 Wh_cumul=0.0503228 
t=241 V=3.59884 A=0.111276 W=0.400465 mAh_cumul=14.0143 Wh_cumul=0.050434 
t=242 V=3.59884 A=0.110855 W=0.398949 mAh_cumul=14.0451 Wh_cumul=0.0505448 
t=243 V=3.59884 A=0.110502 W=0.397679 mAh_cumul=14.0758 Wh_cumul=0.0506553 
t=244 V=3.59884 A=0.110174 W=0.396499 mAh_cumul=14.1064 Wh_cumul=0.0507654 
t=245 V=3.59885 A=0.110091 W=0.396201 mAh_cumul=14.137 Wh_cumul=0.0508755 
t=246 V=3.59886 A=0.109055 W=0.392474 mAh_cumul=14.1673 Wh_cumul=0.0509845 
t=247 V=3.59882 A=0.108235 W=0.389518 mAh_cumul=14.1973 Wh_cumul=0.0510927 
t=248 V=3.59884 A=0.107902 W=0.388322 mAh_cumul=14.2273 Wh_cumul=0.0512006 
t=249 V=3.59882 A=0.107347 W=0.386323 mAh_cumul=14.2571 Wh_cumul=0.0513079 
t=250 V=3.59882 A=0.10719 W=0.385758 mAh_cumul=14.2869 Wh_cumul=0.0514151 
t=251 V=3.59885 A=0.107181 W=0.385728 mAh_cumul=14.3167 Wh_cumul=0.0515222 
t=252 V=3.5988 A=0.106551 W=0.383456 mAh_cumul=14.3463 Wh_cumul=0.0516287 
t=253 V=3.59882 A=0.105642 W=0.380187 mAh_cumul=14.3756 Wh_cumul=0.0517343 
t=254 V=3.59883 A=0.105202 W=0.378604 mAh_cumul=14.4048 Wh_cumul=0.0518395 
t=255 V=3.5988 A=0.104498 W=0.376067 mAh_cumul=14.4339 Wh_cumul=0.051944 
t=256 V=3.59882 A=0.104161 W=0.374857 mAh_cumul=14.4628 Wh_cumul=0.0520481 
t=257 V=3.59883 A=0.104033 W=0.374397 mAh_cumul=14.4917 Wh_cumul=0.0521521 
t=258 V=3.5988 A=0.102925 W=0.370406 mAh_cumul=14.5203 Wh_cumul=0.052255 
t=259 V=3.59882 A=0.10336 W=0.371974 mAh_cumul=14.549 Wh_cumul=0.0523583 
t=260 V=3.59881 A=0.102337 W=0.368291 mAh_cumul=14.5774 Wh_cumul=0.0524606 
t=261 V=3.59881 A=0.101974 W=0.366985 mAh_cumul=14.6057 Wh_cumul=0.0525625 
t=262 V=3.59881 A=0.101863 W=0.366586 mAh_cumul=14.634 Wh_cumul=0.0526644 
t=263 V=3.59882 A=0.101834 W=0.366482 mAh_cumul=14.6623 Wh_cumul=0.0527662 
t=264 V=3.59883 A=0.101568 W=0.365526 mAh_cumul=14.6905 Wh_cumul=0.0528677 
t=265 V=3.59883 A=0.100913 W=0.363169 mAh_cumul=14.7186 Wh_cumul=0.0529686 
t=266 V=3.59882 A=0.100761 W=0.362621 mAh_cumul=14.7466 Wh_cumul=0.0530693 
t=267 V=3.59883 A=0.100064 W=0.360113 mAh_cumul=14.7744 Wh_cumul=0.0531693 
t=268 V=3.59881 A=0.100202 W=0.360608 mAh_cumul=14.8022 Wh_cumul=0.0532695 
t=269 V=3.59883 A=0.0999548 W=0.35972 mAh_cumul=14.83 Wh_cumul=0.0533694 
t=270 V=3.59885 A=0.0998103 W=0.359202 mAh_cumul=14.8577 Wh_cumul=0.0534692 
t=271 V=3.59884 A=0.0993393 W=0.357506 mAh_cumul=14.8853 Wh_cumul=0.0535685 
t=272 V=3.59885 A=0.0990697 W=0.356537 mAh_cumul=14.9128 Wh_cumul=0.0536676 
t=273 V=3.59885 A=0.0981955 W=0.353391 mAh_cumul=14.9401 Wh_cumul=0.0537657 
t=274 V=3.59881 A=0.0972054 W=0.349824 mAh_cumul=14.9671 Wh_cumul=0.0538629 
t=275 V=3.59886 A=0.0970368 W=0.349222 mAh_cumul=14.994 Wh_cumul=0.0539599 
t=276 V=3.59883 A=0.0963819 W=0.346862 mAh_cumul=15.0208 Wh_cumul=0.0540563 
t=277 V=3.5988 A=0.0960825 W=0.345782 mAh_cumul=15.0475 Wh_cumul=0.0541523 
t=278 V=3.5988 A=0.0962938 W=0.346542 mAh_cumul=15.0742 Wh_cumul=0.0542486 
t=279 V=3.59881 A=0.0957749 W=0.344676 mAh_cumul=15.1008 Wh_cumul=0.0543443 
t=280 V=3.59883 A=0.0961493 W=0.346025 mAh_cumul=15.1275 Wh_cumul=0.0544404 
t=281 V=3.59887 A=0.0959668 W=0.345372 mAh_cumul=15.1542 Wh_cumul=0.0545364 
t=282 V=3.59883 A=0.0955323 W=0.343805 mAh_cumul=15.1807 Wh_cumul=0.0546319 
t=283 V=3.59884 A=0.0945837 W=0.340392 mAh_cumul=15.207 Wh_cumul=0.0547264 
t=284 V=3.5988 A=0.0943205 W=0.339441 mAh_cumul=15.2332 Wh_cumul=0.0548207 
t=285 V=3.59883 A=0.0942264 W=0.339105 mAh_cumul=15.2594 Wh_cumul=0.0549149 
t=286 V=3.59883 A=0.0935406 W=0.336637 mAh_cumul=15.2854 Wh_cumul=0.0550084 
t=287 V=3.59885 A=0.0929185 W=0.3344 mAh_cumul=15.3112 Wh_cumul=0.0551013 
t=288 V=3.59883 A=0.0922856 W=0.33212 mAh_cumul=15.3368 Wh_cumul=0.0551936 
t=289 V=3.59883 A=0.0918583 W=0.330582 mAh_cumul=15.3623 Wh_cumul=0.0552854 
t=290 V=3.59882 A=0.0914773 W=0.32921 mAh_cumul=15.3877 Wh_cumul=0.0553768 
t=291 V=3.59883 A=0.091431 W=0.329045 mAh_cumul=15.4131 Wh_cumul=0.0554682 
t=292 V=3.59883 A=0.0914722 W=0.329193 mAh_cumul=15.4385 Wh_cumul=0.0555597 
t=293 V=3.59883 A=0.0905436 W=0.325851 mAh_cumul=15.4637 Wh_cumul=0.0556502 
t=294 V=3.59882 A=0.090076 W=0.324167 mAh_cumul=15.4887 Wh_cumul=0.0557402 
t=295 V=3.59881 A=0.0899123 W=0.323577 mAh_cumul=15.5137 Wh_cumul=0.0558301 
t=296 V=3.59884 A=0.090362 W=0.325198 mAh_cumul=15.5388 Wh_cumul=0.0559205 
t=297 V=3.59884 A=0.0904382 W=0.325473 mAh_cumul=15.5639 Wh_cumul=0.0560109 
t=298 V=3.59884 A=0.0910298 W=0.327602 mAh_cumul=15.5892 Wh_cumul=0.0561019 
t=299 V=3.59888 A=0.0905932 W=0.326034 mAh_cumul=15.6144 Wh_cumul=0.0561924 
t=300 V=3.59886 A=0.0903564 W=0.32518 mAh_cumul=15.6395 Wh_cumul=0.0562828 
t=301 V=3.59883 A=0.0897565 W=0.323018 mAh_cumul=15.6644 Wh_cumul=0.0563725 
t=302 V=3.59887 A=0.08963 W=0.322567 mAh_cumul=15.6893 Wh_cumul=0.0564621 
t=303 V=3.59885 A=0.0894879 W=0.322054 mAh_cumul=15.7142 Wh_cumul=0.0565515 
t=304 V=3.59883 A=0.0894774 W=0.322014 mAh_cumul=15.739 Wh_cumul=0.056641 
t=305 V=3.59887 A=0.0894335 W=0.32186 mAh_cumul=15.7639 Wh_cumul=0.0567304 
t=306 V=3.59889 A=0.0888952 W=0.319924 mAh_cumul=15.7885 Wh_cumul=0.0568193 
t=307 V=3.5989 A=0.0886132 W=0.31891 mAh_cumul=15.8132 Wh_cumul=0.0569079 
t=308 V=3.59887 A=0.0878014 W=0.315986 mAh_cumul=15.8376 Wh_cumul=0.0569956 
t=309 V=3.59886 A=0.0874301 W=0.314649 mAh_cumul=15.8618 Wh_cumul=0.057083 
t=310 V=3.59885 A=0.0870012 W=0.313104 mAh_cumul=15.886 Wh_cumul=0.05717 
t=311 V=3.59887 A=0.0874233 W=0.314625 mAh_cumul=15.9103 Wh_cumul=0.0572574 
t=312 V=3.59887 A=0.0865785 W=0.311585 mAh_cumul=15.9343 Wh_cumul=0.0573439 
t=313 V=3.59885 A=0.0858329 W=0.3089 mAh_cumul=15.9582 Wh_cumul=0.0574298 
t=314 V=3.59887 A=0.0858329 W=0.308901 mAh_cumul=15.982 Wh_cumul=0.0575156 
t=315 V=3.59885 A=0.0850777 W=0.306182 mAh_cumul=16.0057 Wh_cumul=0.0576006 
t=316 V=3.59884 A=0.0847754 W=0.305093 mAh_cumul=16.0292 Wh_cumul=0.0576854 
t=317 V=3.59884 A=0.084853 W=0.305372 mAh_cumul=16.0528 Wh_cumul=0.0577702 
t=318 V=3.59886 A=0.0852396 W=0.306765 mAh_cumul=16.0765 Wh_cumul=0.0578554 
t=319 V=3.59887 A=0.0838077 W=0.301613 mAh_cumul=16.0997 Wh_cumul=0.0579392 
t=320 V=3.59883 A=0.0840162 W=0.30236 mAh_cumul=16.1231 Wh_cumul=0.0580232 
t=321 V=3.59888 A=0.0834108 W=0.300185 mAh_cumul=16.1462 Wh_cumul=0.0581066 
t=322 V=3.59885 A=0.0838132 W=0.301631 mAh_cumul=16.1695 Wh_cumul=0.0581903 
t=323 V=3.59885 A=0.0827629 W=0.297851 mAh_cumul=16.1925 Wh_cumul=0.0582731 
t=324 V=3.59885 A=0.0822684 W=0.296072 mAh_cumul=16.2154 Wh_cumul=0.0583553 
t=325 V=3.59885 A=0.0813221 W=0.292666 mAh_cumul=16.238 Wh_cumul=0.0584366 
t=326 V=3.59882 A=0.0816413 W=0.293812 mAh_cumul=16.2606 Wh_cumul=0.0585182 
t=327 V=3.59882 A=0.0809133 W=0.291192 mAh_cumul=16.2831 Wh_cumul=0.0585991 
t=328 V=3.5988 A=0.0804765 W=0.289619 mAh_cumul=16.3055 Wh_cumul=0.0586796 
t=329 V=3.59885 A=0.0808067 W=0.290811 mAh_cumul=16.3279 Wh_cumul=0.0587603 
t=330 V=3.59884 A=0.0805657 W=0.289943 mAh_cumul=16.3503 Wh_cumul=0.0588409 
t=331 V=3.59882 A=0.0801316 W=0.288379 mAh_cumul=16.3725 Wh_cumul=0.058921 
t=332 V=3.59882 A=0.0794856 W=0.286054 mAh_cumul=16.3946 Wh_cumul=0.0590004 
t=333 V=3.59882 A=0.0786433 W=0.283023 mAh_cumul=16.4165 Wh_cumul=0.0590791 
t=334 V=3.59883 A=0.0784435 W=0.282305 mAh_cumul=16.4383 Wh_cumul=0.0591575 
t=335 V=3.59879 A=0.0785804 W=0.282794 mAh_cumul=16.4601 Wh_cumul=0.059236 
t=336 V=3.59881 A=0.0787743 W=0.283494 mAh_cumul=16.482 Wh_cumul=0.0593148 
t=337 V=3.59883 A=0.0792369 W=0.28516 mAh_cumul=16.504 Wh_cumul=0.059394 
t=338 V=3.59883 A=0.0785807 W=0.282799 mAh_cumul=16.5258 Wh_cumul=0.0594726 
t=339 V=3.59882 A=0.0782311 W=0.28154 mAh_cumul=16.5475 Wh_cumul=0.0595508 
t=340 V=3.59885 A=0.0778403 W=0.280136 mAh_cumul=16.5692 Wh_cumul=0.0596286 
t=341 V=3.59881 A=0.0769467 W=0.276917 mAh_cumul=16.5905 Wh_cumul=0.0597055 
t=342 V=3.59882 A=0.0766071 W=0.275695 mAh_cumul=16.6118 Wh_cumul=0.0597821 
t=343 V=3.59882 A=0.0761236 W=0.273955 mAh_cumul=16.633 Wh_cumul=0.0598582 
t=344 V=3.59881 A=0.0762613 W=0.27445 mAh_cumul=16.6541 Wh_cumul=0.0599344 
t=345 V=3.59883 A=0.0758208 W=0.272866 mAh_cumul=16.6752 Wh_cumul=0.0600102 
t=346 V=3.59881 A=0.0755038 W=0.271724 mAh_cumul=16.6962 Wh_cumul=0.0600857 
t=347 V=3.59883 A=0.0758051 W=0.27281 mAh_cumul=16.7172 Wh_cumul=0.0601615 
t=348 V=3.59884 A=0.0752927 W=0.270966 mAh_cumul=16.7382 Wh_cumul=0.0602367 
t=349 V=3.59883 A=0.0744425 W=0.267906 mAh_cumul=16.7588 Wh_cumul=0.0603112 
t=350 V=3.59881 A=0.0740677 W=0.266556 mAh_cumul=16.7794 Wh_cumul=0.0603852 
t=351 V=3.59879 A=0.0740247 W=0.266399 mAh_cumul=16.8 Wh_cumul=0.0604592 
t=352 V=3.59883 A=0.0745981 W=0.268466 mAh_cumul=16.8207 Wh_cumul=0.0605338 
t=353 V=3.59881 A=0.0748545 W=0.269387 mAh_cumul=16.8415 Wh_cumul=0.0606086 
t=354 V=3.59882 A=0.073957 W=0.266158 mAh_cumul=16.862 Wh_cumul=0.0606825 
t=355 V=3.5988 A=0.0739918 W=0.266282 mAh_cumul=16.8826 Wh_cumul=0.0607565 
t=356 V=3.59884 A=0.0739386 W=0.266093 mAh_cumul=16.9031 Wh_cumul=0.0608304 
t=357 V=3.59885 A=0.0739729 W=0.266217 mAh_cumul=16.9237 Wh_cumul=0.0609044 
t=358 V=3.59883 A=0.0733583 W=0.264004 mAh_cumul=16.944 Wh_cumul=0.0609777 
t=359 V=3.59882 A=0.0723525 W=0.260384 mAh_cumul=16.9641 Wh_cumul=0.06105 
t=360 V=3.59882 A=0.0724089 W=0.260587 mAh_cumul=16.9843 Wh_cumul=0.0611224 
t=361 V=3.59884 A=0.0728778 W=0.262276 mAh_cumul=17.0045 Wh_cumul=0.0611953 
t=362 V=3.59883 A=0.0719797 W=0.259043 mAh_cumul=17.0245 Wh_cumul=0.0612672 
t=363 V=3.59885 A=0.0714947 W=0.257299 mAh_cumul=17.0444 Wh_cumul=0.0613387 
t=364 V=3.59881 A=0.0710367 W=0.255648 mAh_cumul=17.0641 Wh_cumul=0.0614097 
t=365 V=3.59881 A=0.0708956 W=0.25514 mAh_cumul=17.0838 Wh_cumul=0.0614806 
t=366 V=3.5988 A=0.0709719 W=0.255414 mAh_cumul=17.1035 Wh_cumul=0.0615515 
t=367 V=3.59881 A=0.0701678 W=0.252521 mAh_cumul=17.123 Wh_cumul=0.0616217 
t=368 V=3.59881 A=0.0702453 W=0.252799 mAh_cumul=17.1425 Wh_cumul=0.0616919 
t=369 V=3.59882 A=0.0697277 W=0.250937 mAh_cumul=17.1619 Wh_cumul=0.0617616 
t=370 V=3.59881 A=0.069722 W=0.250916 mAh_cumul=17.1812 Wh_cumul=0.0618313 
t=371 V=3.59882 A=0.0696679 W=0.250722 mAh_cumul=17.2006 Wh_cumul=0.0619009 
t=372 V=3.59882 A=0.0699965 W=0.251905 mAh_cumul=17.22 Wh_cumul=0.0619709 
t=373 V=3.59886 A=0.0692881 W=0.249358 mAh_cumul=17.2393 Wh_cumul=0.0620402 
t=374 V=3.59886 A=0.069754 W=0.251035 mAh_cumul=17.2586 Wh_cumul=0.0621099 
t=375 V=3.59881 A=0.0690389 W=0.248458 mAh_cumul=17.2778 Wh_cumul=0.0621789 
t=376 V=3.59883 A=0.0689095 W=0.247994 mAh_cumul=17.297 Wh_cumul=0.0622478 
t=377 V=3.59884 A=0.0690161 W=0.248378 mAh_cumul=17.3161 Wh_cumul=0.0623168 
t=378 V=3.59881 A=0.0676402 W=0.243424 mAh_cumul=17.3349 Wh_cumul=0.0623844 
t=379 V=3.59884 A=0.0679284 W=0.244463 mAh_cumul=17.3538 Wh_cumul=0.0624523 
t=380 V=3.59884 A=0.0674184 W=0.242628 mAh_cumul=17.3725 Wh_cumul=0.0625197 
t=381 V=3.59883 A=0.067316 W=0.242259 mAh_cumul=17.3912 Wh_cumul=0.062587 
t=382 V=3.59881 A=0.0670801 W=0.241409 mAh_cumul=17.4099 Wh_cumul=0.0626541 
t=383 V=3.5988 A=0.0666301 W=0.239788 mAh_cumul=17.4284 Wh_cumul=0.0627207 
t=384 V=3.59883 A=0.0669763 W=0.241036 mAh_cumul=17.447 Wh_cumul=0.0627876 
t=385 V=3.59882 A=0.0667146 W=0.240094 mAh_cumul=17.4655 Wh_cumul=0.0628543 
t=386 V=3.59883 A=0.0669342 W=0.240885 mAh_cumul=17.4841 Wh_cumul=0.0629213 
t=387 V=3.59882 A=0.0661108 W=0.237921 mAh_cumul=17.5025 Wh_cumul=0.0629873 
t=388 V=3.59882 A=0.0661444 W=0.238042 mAh_cumul=17.5208 Wh_cumul=0.0630535 
t=389 V=3.59883 A=0.065812 W=0.236846 mAh_cumul=17.5391 Wh_cumul=0.0631193 
t=390 V=3.59882 A=0.0659472 W=0.237332 mAh_cumul=17.5574 Wh_cumul=0.0631852 
t=391 V=3.59885 A=0.0655977 W=0.236076 mAh_cumul=17.5757 Wh_cumul=0.0632508 
t=392 V=3.59883 A=0.0655982 W=0.236077 mAh_cumul=17.5939 Wh_cumul=0.0633163 
t=393 V=3.59884 A=0.065912 W=0.237207 mAh_cumul=17.6122 Wh_cumul=0.0633822 
t=394 V=3.59886 A=0.0658613 W=0.237026 mAh_cumul=17.6305 Wh_cumul=0.0634481 
t=395 V=3.59885 A=0.0649012 W=0.23357 mAh_cumul=17.6485 Wh_cumul=0.0635129 
t=396 V=3.59882 A=0.0647477 W=0.233015 mAh_cumul=17.6665 Wh_cumul=0.0635777 
t=397 V=3.59881 A=0.0639683 W=0.23021 mAh_cumul=17.6843 Wh_cumul=0.0636416 
t=398 V=3.5988 A=0.0632166 W=0.227504 mAh_cumul=17.7018 Wh_cumul=0.0637048 
t=399 V=3.59884 A=0.063055 W=0.226925 mAh_cumul=17.7193 Wh_cumul=0.0637679 
t=400 V=3.59884 A=0.0632211 W=0.227523 mAh_cumul=17.7369 Wh_cumul=0.0638311 
t=401 V=3.59885 A=0.0628427 W=0.226161 mAh_cumul=17.7544 Wh_cumul=0.0638939 
t=402 V=3.59879 A=0.062829 W=0.226108 mAh_cumul=17.7718 Wh_cumul=0.0639567 
t=403 V=3.59881 A=0.0624412 W=0.224714 mAh_cumul=17.7892 Wh_cumul=0.0640191 
END

