0 errors cleared
t=0 V=4.16812 A=0.00956404 W=0.0398641 mAh_cumul=0 Wh_cumul=0 
t=2 V=4.16811 A=0.00955797 W=0.0398387 mAh_cumul=0.00530998 Wh_cumul=2.21326e-05 
t=3 V=4.20209 A=0.52093 W=2.18899 mAh_cumul=0.150013 Wh_cumul=0.000630187 
t=4 V=4.19788 A=0.520538 W=2.18516 mAh_cumul=0.294607 Wh_cumul=0.00123717 
t=5 V=4.19864 A=0.520492 W=2.18536 mAh_cumul=0.439188 Wh_cumul=0.00184422 
t=6 V=4.19928 A=0.52047 W=2.1856 mAh_cumul=0.583763 Wh_cumul=0.00245133 
t=7 V=4.19982 A=0.520462 W=2.18585 mAh_cumul=0.728336 Wh_cumul=0.00305851 
t=8 V=4.20034 A=0.520434 W=2.186 mAh_cumul=0.872901 Wh_cumul=0.00366573 
t=9 V=4.20082 A=0.520445 W=2.1863 mAh_cumul=1.01747 Wh_cumul=0.00427304 
t=10 V=4.20128 A=0.520444 W=2.18653 mAh_cumul=1.16204 Wh_cumul=0.00488041 
t=11 V=4.20173 A=0.520455 W=2.18681 mAh_cumul=1.30661 Wh_cumul=0.00548785 
t=12 V=4.20215 A=0.520132 W=2.18567 mAh_cumul=1.45109 Wh_cumul=0.00609498 
t=13 V=4.20229 A=0.513233 W=2.15675 mAh_cumul=1.59365 Wh_cumul=0.00669408 
t=14 V=4.20228 A=0.506669 W=2.12917 mAh_cumul=1.73439 Wh_cumul=0.00728552 
t=15 V=4.20228 A=0.500051 W=2.10135 mAh_cumul=1.8733 Wh_cumul=0.00786923 
t=16 V=4.20225 A=0.493464 W=2.07366 mAh_cumul=2.01037 Wh_cumul=0.00844524 
t=17 V=4.20229 A=0.487384 W=2.04813 mAh_cumul=2.14576 Wh_cumul=0.00901417 
t=18 V=4.20228 A=0.481355 W=2.02279 mAh_cumul=2.27946 Wh_cumul=0.00957605 
t=19 V=4.20232 A=0.475815 W=1.99953 mAh_cumul=2.41164 Wh_cumul=0.0101315 
t=20 V=4.20225 A=0.470514 W=1.97722 mAh_cumul=2.54233 Wh_cumul=0.0106807 
t=21 V=4.20226 A=0.465402 W=1.95574 mAh_cumul=2.67161 Wh_cumul=0.011224 
t=22 V=4.20225 A=0.460117 W=1.93353 mAh_cumul=2.79942 Wh_cumul=0.0117611 
t=23 V=4.20224 A=0.455388 W=1.91365 mAh_cumul=2.92592 Wh_cumul=0.0122926 
t=24 V=4.20221 A=0.450396 W=1.89266 mAh_cumul=3.05103 Wh_cumul=0.0128184 
t=25 V=4.20225 A=0.446086 W=1.87456 mAh_cumul=3.17494 Wh_cumul=0.0133391 
t=26 V=4.2022 A=0.441964 W=1.85722 mAh_cumul=3.29771 Wh_cumul=0.013855 
t=27 V=4.20221 A=0.437877 W=1.84005 mAh_cumul=3.41934 Wh_cumul=0.0143661 
t=28 V=4.20225 A=0.434614 W=1.82636 mAh_cumul=3.54007 Wh_cumul=0.0148734 
t=29 V=4.20227 A=0.430944 W=1.81094 mAh_cumul=3.65978 Wh_cumul=0.0153765 
t=30 V=4.20225 A=0.427615 W=1.79695 mAh_cumul=3.77856 Wh_cumul=0.0158756 
t=31 V=4.20226 A=0.424501 W=1.78386 mAh_cumul=3.89647 Wh_cumul=0.0163711 
t=32 V=4.20224 A=0.420991 W=1.76911 mAh_cumul=4.01342 Wh_cumul=0.0168625 
t=33 V=4.20226 A=0.417427 W=1.75414 mAh_cumul=4.12937 Wh_cumul=0.0173498 
t=34 V=4.20226 A=0.413942 W=1.73949 mAh_cumul=4.24435 Wh_cumul=0.017833 
t=35 V=4.20226 A=0.411198 W=1.72796 mAh_cumul=4.35857 Wh_cumul=0.018313 
t=36 V=4.20225 A=0.407606 W=1.71286 mAh_cumul=4.4718 Wh_cumul=0.0187888 
t=37 V=4.20221 A=0.404568 W=1.70008 mAh_cumul=4.58418 Wh_cumul=0.019261 
t=38 V=4.20223 A=0.401495 W=1.68717 mAh_cumul=4.6957 Wh_cumul=0.0197297 
t=39 V=4.20227 A=0.398656 W=1.67526 mAh_cumul=4.80644 Wh_cumul=0.020195 
t=40 V=4.20224 A=0.396003 W=1.6641 mAh_cumul=4.91644 Wh_cumul=0.0206573 
t=41 V=4.20224 A=0.393105 W=1.65192 mAh_cumul=5.02564 Wh_cumul=0.0211162 
t=42 V=4.20225 A=0.390151 W=1.63951 mAh_cumul=5.13401 Wh_cumul=0.0215716 
t=43 V=4.20224 A=0.387073 W=1.62657 mAh_cumul=5.24153 Wh_cumul=0.0220234 
t=44 V=4.2022 A=0.384317 W=1.61498 mAh_cumul=5.34829 Wh_cumul=0.022472 
t=45 V=4.20222 A=0.381803 W=1.60442 mAh_cumul=5.45434 Wh_cumul=0.0229177 
t=46 V=4.20221 A=0.37938 W=1.59423 mAh_cumul=5.55973 Wh_cumul=0.0233605 
t=47 V=4.20222 A=0.37685 W=1.58361 mAh_cumul=5.66441 Wh_cumul=0.0238004 
t=48 V=4.20222 A=0.37428 W=1.57281 mAh_cumul=5.76838 Wh_cumul=0.0242373 
t=49 V=4.20225 A=0.372156 W=1.56389 mAh_cumul=5.87175 Wh_cumul=0.0246717 
t=50 V=4.20224 A=0.37013 W=1.55538 mAh_cumul=5.97457 Wh_cumul=0.0251038 
t=51 V=4.20226 A=0.367799 W=1.54559 mAh_cumul=6.07673 Wh_cumul=0.0255331 
t=52 V=4.20224 A=0.36581 W=1.53722 mAh_cumul=6.17835 Wh_cumul=0.0259601 
t=53 V=4.20223 A=0.363146 W=1.52602 mAh_cumul=6.27922 Wh_cumul=0.026384 
t=54 V=4.20227 A=0.360945 W=1.51679 mAh_cumul=6.37948 Wh_cumul=0.0268053 
t=55 V=4.20226 A=0.359068 W=1.5089 mAh_cumul=6.47922 Wh_cumul=0.0272245 
t=56 V=4.20226 A=0.356942 W=1.49996 mAh_cumul=6.57837 Wh_cumul=0.0276411 
t=57 V=4.20226 A=0.354871 W=1.49126 mAh_cumul=6.67695 Wh_cumul=0.0280554 
t=58 V=4.20225 A=0.352735 W=1.48228 mAh_cumul=6.77493 Wh_cumul=0.0284671 
t=59 V=4.20223 A=0.350627 W=1.47342 mAh_cumul=6.87233 Wh_cumul=0.0288764 
t=60 V=4.20224 A=0.348048 W=1.46258 mAh_cumul=6.96901 Wh_cumul=0.0292827 
t=61 V=4.20222 A=0.346042 W=1.45414 mAh_cumul=7.06513 Wh_cumul=0.0296866 
t=62 V=4.20226 A=0.344378 W=1.44717 mAh_cumul=7.16079 Wh_cumul=0.0300886 
t=63 V=4.20225 A=0.342516 W=1.43934 mAh_cumul=7.25593 Wh_cumul=0.0304884 
t=64 V=4.20224 A=0.340698 W=1.43169 mAh_cumul=7.35057 Wh_cumul=0.0308861 
t=65 V=4.20223 A=0.338777 W=1.42362 mAh_cumul=7.44468 Wh_cumul=0.0312815 
t=66 V=4.20222 A=0.337026 W=1.41626 mAh_cumul=7.5383 Wh_cumul=0.0316749 
t=67 V=4.20226 A=0.335264 W=1.40887 mAh_cumul=7.63142 Wh_cumul=0.0320663 
t=68 V=4.20224 A=0.333517 W=1.40152 mAh_cumul=7.72407 Wh_cumul=0.0324556 
t=69 V=4.20227 A=0.331518 W=1.39313 mAh_cumul=7.81616 Wh_cumul=0.0328426 
t=70 V=4.20223 A=0.329936 W=1.38647 mAh_cumul=7.90781 Wh_cumul=0.0332277 
t=71 V=4.20224 A=0.328276 W=1.37949 mAh_cumul=7.99899 Wh_cumul=0.0336109 
t=72 V=4.20222 A=0.326457 W=1.37184 mAh_cumul=8.08968 Wh_cumul=0.033992 
t=73 V=4.20218 A=0.324739 W=1.36461 mAh_cumul=8.17988 Wh_cumul=0.034371 
t=74 V=4.20218 A=0.323009 W=1.35734 mAh_cumul=8.26961 Wh_cumul=0.0347481 
t=75 V=4.20222 A=0.321686 W=1.3518 mAh_cumul=8.35896 Wh_cumul=0.0351236 
t=76 V=4.20223 A=0.320172 W=1.34544 mAh_cumul=8.4479 Wh_cumul=0.0354973 
t=77 V=4.20223 A=0.3187 W=1.33925 mAh_cumul=8.53643 Wh_cumul=0.0358693 
t=78 V=4.20225 A=0.317508 W=1.33425 mAh_cumul=8.62462 Wh_cumul=0.0362399 
t=79 V=4.20223 A=0.315748 W=1.32685 mAh_cumul=8.71233 Wh_cumul=0.0366085 
t=80 V=4.20219 A=0.313974 W=1.31938 mAh_cumul=8.79955 Wh_cumul=0.036975 
t=81 V=4.20223 A=0.312191 W=1.3119 mAh_cumul=8.88627 Wh_cumul=0.0373394 
t=82 V=4.20218 A=0.310718 W=1.30569 mAh_cumul=8.97258 Wh_cumul=0.0377021 
t=83 V=4.20223 A=0.309336 W=1.2999 mAh_cumul=9.0585 Wh_cumul=0.0380632 
t=84 V=4.20222 A=0.307931 W=1.29399 mAh_cumul=9.14404 Wh_cumul=0.0384226 
t=85 V=4.20223 A=0.306609 W=1.28844 mAh_cumul=9.22921 Wh_cumul=0.0387805 
t=86 V=4.20223 A=0.305462 W=1.28362 mAh_cumul=9.31406 Wh_cumul=0.0391371 
t=87 V=4.20226 A=0.304261 W=1.27858 mAh_cumul=9.39858 Wh_cumul=0.0394923 
t=88 V=4.20222 A=0.303142 W=1.27387 mAh_cumul=9.48278 Wh_cumul=0.0398461 
t=89 V=4.20226 A=0.301532 W=1.26712 mAh_cumul=9.56654 Wh_cumul=0.0401981 
t=90 V=4.20223 A=0.300178 W=1.26142 mAh_cumul=9.64992 Wh_cumul=0.0405485 
t=91 V=4.20224 A=0.298747 W=1.25541 mAh_cumul=9.73291 Wh_cumul=0.0408972 
t=92 V=4.20224 A=0.297727 W=1.25112 mAh_cumul=9.81561 Wh_cumul=0.0412447 
t=93 V=4.20224 A=0.296285 W=1.24506 mAh_cumul=9.89791 Wh_cumul=0.0415906 
t=94 V=4.20224 A=0.294986 W=1.2396 mAh_cumul=9.97985 Wh_cumul=0.0419349 
t=95 V=4.20225 A=0.293496 W=1.23334 mAh_cumul=10.0614 Wh_cumul=0.0422775 
t=96 V=4.20223 A=0.292247 W=1.22809 mAh_cumul=10.1426 Wh_cumul=0.0426187 
t=97 V=4.20221 A=0.290959 W=1.22267 mAh_cumul=10.2234 Wh_cumul=0.0429583 
t=98 V=4.20222 A=0.289631 W=1.21709 mAh_cumul=10.3038 Wh_cumul=0.0432964 
t=99 V=4.20222 A=0.288073 W=1.21055 mAh_cumul=10.3839 Wh_cumul=0.0436326 
t=100 V=4.20219 A=0.287002 W=1.20604 mAh_cumul=10.4636 Wh_cumul=0.0439676 
t=101 V=4.20219 A=0.28588 W=1.20132 mAh_cumul=10.543 Wh_cumul=0.0443013 
t=102 V=4.20223 A=0.284618 W=1.19603 mAh_cumul=10.6221 Wh_cumul=0.0446336 
t=103 V=4.20223 A=0.283621 W=1.19184 mAh_cumul=10.7008 Wh_cumul=0.0449646 
t=104 V=4.20222 A=0.282248 W=1.18607 mAh_cumul=10.7792 Wh_cumul=0.0452941 
t=105 V=4.20221 A=0.280906 W=1.18043 mAh_cumul=10.8573 Wh_cumul=0.045622 
t=106 V=4.20222 A=0.279954 W=1.17643 mAh_cumul=10.935 Wh_cumul=0.0459488 
t=107 V=4.20222 A=0.278421 W=1.16999 mAh_cumul=11.0124 Wh_cumul=0.0462738 
t=108 V=4.20222 A=0.277058 W=1.16426 mAh_cumul=11.0893 Wh_cumul=0.0465972 
t=109 V=4.20224 A=0.276124 W=1.16034 mAh_cumul=11.166 Wh_cumul=0.0469195 
t=110 V=4.20223 A=0.275436 W=1.15745 mAh_cumul=11.2425 Wh_cumul=0.047241 
t=111 V=4.20227 A=0.274808 W=1.15482 mAh_cumul=11.3189 Wh_cumul=0.0475618 
t=112 V=4.20226 A=0.273802 W=1.15059 mAh_cumul=11.3949 Wh_cumul=0.0478814 
t=113 V=4.20225 A=0.272744 W=1.14614 mAh_cumul=11.4707 Wh_cumul=0.0481998 
t=114 V=4.20226 A=0.271286 W=1.14001 mAh_cumul=11.5461 Wh_cumul=0.0485164 
t=115 V=4.20224 A=0.270386 W=1.13623 mAh_cumul=11.6212 Wh_cumul=0.0488321 
t=116 V=4.20225 A=0.269158 W=1.13107 mAh_cumul=11.6959 Wh_cumul=0.0491463 
t=117 V=4.20226 A=0.267846 W=1.12556 mAh_cumul=11.7703 Wh_cumul=0.0494589 
t=118 V=4.20224 A=0.266654 W=1.12054 mAh_cumul=11.8444 Wh_cumul=0.0497702 
t=119 V=4.20226 A=0.266053 W=1.11802 mAh_cumul=11.9183 Wh_cumul=0.0500807 
t=120 V=4.20227 A=0.264881 W=1.1131 mAh_cumul=11.9919 Wh_cumul=0.0503899 
t=121 V=4.20225 A=0.263807 W=1.10858 mAh_cumul=12.0652 Wh_cumul=0.0506979 
t=122 V=4.20223 A=0.262711 W=1.10397 mAh_cumul=12.1381 Wh_cumul=0.0510045 
t=123 V=4.20222 A=0.261809 W=1.10018 mAh_cumul=12.2109 Wh_cumul=0.0513101 
t=124 V=4.20226 A=0.261176 W=1.09753 mAh_cumul=12.2834 Wh_cumul=0.051615 
t=125 V=4.20227 A=0.260449 W=1.09448 mAh_cumul=12.3558 Wh_cumul=0.051919 
t=126 V=4.20227 A=0.259664 W=1.09118 mAh_cumul=12.4279 Wh_cumul=0.0522221 
t=127 V=4.2023 A=0.258425 W=1.08598 mAh_cumul=12.4997 Wh_cumul=0.0525238 
t=128 V=4.20228 A=0.257373 W=1.08155 mAh_cumul=12.5712 Wh_cumul=0.0528242 
t=129 V=4.20225 A=0.256215 W=1.07668 mAh_cumul=12.6423 Wh_cumul=0.0531233 
t=130 V=4.20227 A=0.255207 W=1.07245 mAh_cumul=12.7132 Wh_cumul=0.0534212 
t=131 V=4.20227 A=0.254133 W=1.06794 mAh_cumul=12.7838 Wh_cumul=0.0537178 
t=132 V=4.20226 A=0.25276 W=1.06216 mAh_cumul=12.854 Wh_cumul=0.0540129 
t=133 V=4.20223 A=0.251756 W=1.05794 mAh_cumul=12.924 Wh_cumul=0.0543068 
t=134 V=4.20224 A=0.250851 W=1.05414 mAh_cumul=12.9936 Wh_cumul=0.0545996 
t=135 V=4.20226 A=0.249849 W=1.04993 mAh_cumul=13.063 Wh_cumul=0.0548912 
t=136 V=4.20223 A=0.248546 W=1.04445 mAh_cumul=13.1321 Wh_cumul=0.0551814 
t=137 V=4.20222 A=0.247803 W=1.04132 mAh_cumul=13.2009 Wh_cumul=0.0554706 
t=138 V=4.20221 A=0.247144 W=1.03855 mAh_cumul=13.2696 Wh_cumul=0.0557591 
t=139 V=4.20223 A=0.246523 W=1.03595 mAh_cumul=13.338 Wh_cumul=0.0560469 
t=140 V=4.20225 A=0.245947 W=1.03353 mAh_cumul=13.4064 Wh_cumul=0.056334 
t=141 V=4.20228 A=0.244913 W=1.02919 mAh_cumul=13.4744 Wh_cumul=0.0566198 
t=142 V=4.20225 A=0.243856 W=1.02474 mAh_cumul=13.5421 Wh_cumul=0.0569045 
t=143 V=4.20225 A=0.242762 W=1.02015 mAh_cumul=13.6096 Wh_cumul=0.0571879 
t=144 V=4.20222 A=0.241944 W=1.0167 mAh_cumul=13.6768 Wh_cumul=0.0574703 
t=145 V=4.20223 A=0.24104 W=1.01291 mAh_cumul=13.7437 Wh_cumul=0.0577516 
t=146 V=4.20225 A=0.240139 W=1.00912 mAh_cumul=13.8104 Wh_cumul=0.058032 
t=147 V=4.20221 A=0.239305 W=1.00561 mAh_cumul=13.8769 Wh_cumul=0.0583113 
t=148 V=4.20227 A=0.23836 W=1.00165 mAh_cumul=13.9431 Wh_cumul=0.0585895 
t=149 V=4.20226 A=0.237331 W=0.997327 mAh_cumul=14.009 Wh_cumul=0.0588666 
t=150 V=4.20223 A=0.236239 W=0.992731 mAh_cumul=14.0747 Wh_cumul=0.0591423 
t=151 V=4.20221 A=0.235404 W=0.989217 mAh_cumul=14.1401 Wh_cumul=0.0594171 
t=152 V=4.20222 A=0.234584 W=0.985774 mAh_cumul=14.2052 Wh_cumul=0.0596909 
t=153 V=4.20224 A=0.234086 W=0.983686 mAh_cumul=14.2702 Wh_cumul=0.0599642 
t=154 V=4.20227 A=0.233471 W=0.981108 mAh_cumul=14.3351 Wh_cumul=0.0602367 
t=155 V=4.20227 A=0.232904 W=0.978725 mAh_cumul=14.3998 Wh_cumul=0.0605086 
t=156 V=4.20227 A=0.232217 W=0.975839 mAh_cumul=14.4643 Wh_cumul=0.0607796 
t=157 V=4.20228 A=0.231225 W=0.971672 mAh_cumul=14.5285 Wh_cumul=0.0610495 
t=158 V=4.20223 A=0.230492 W=0.96858 mAh_cumul=14.5926 Wh_cumul=0.0613186 
t=159 V=4.20225 A=0.229418 W=0.964072 mAh_cumul=14.6563 Wh_cumul=0.0615864 
t=160 V=4.20224 A=0.228349 W=0.959577 mAh_cumul=14.7197 Wh_cumul=0.0618529 
t=161 V=4.20223 A=0.227604 W=0.956444 mAh_cumul=14.7829 Wh_cumul=0.0621186 
t=162 V=4.20224 A=0.227039 W=0.954072 mAh_cumul=14.846 Wh_cumul=0.0623836 
t=163 V=4.20222 A=0.226184 W=0.950475 mAh_cumul=14.9088 Wh_cumul=0.0626477 
t=164 V=4.20222 A=0.225609 W=0.948059 mAh_cumul=14.9715 Wh_cumul=0.062911 
t=165 V=4.20225 A=0.224753 W=0.944468 mAh_cumul=15.0339 Wh_cumul=0.0631734 
t=166 V=4.20223 A=0.224099 W=0.941716 mAh_cumul=15.0962 Wh_cumul=0.063435 
t=167 V=4.20225 A=0.223064 W=0.937371 mAh_cumul=15.1581 Wh_cumul=0.0636953 
t=168 V=4.20223 A=0.222073 W=0.933202 mAh_cumul=15.2198 Wh_cumul=0.0639546 
t=169 V=4.20222 A=0.221278 W=0.929859 mAh_cumul=15.2813 Wh_cumul=0.0642129 
t=170 V=4.20219 A=0.220427 W=0.926276 mAh_cumul=15.3425 Wh_cumul=0.0644702 
t=171 V=4.20225 A=0.220003 W=0.924508 mAh_cumul=15.4036 Wh_cumul=0.064727 
t=172 V=4.20222 A=0.219259 W=0.921375 mAh_cumul=15.4645 Wh_cumul=0.0649829 
t=173 V=4.20223 A=0.218485 W=0.918124 mAh_cumul=15.5252 Wh_cumul=0.0652379 
t=174 V=4.20222 A=0.217749 W=0.915029 mAh_cumul=15.5857 Wh_cumul=0.0654921 
t=175 V=4.20224 A=0.217129 W=0.912428 mAh_cumul=15.646 Wh_cumul=0.0657456 
t=176 V=4.20224 A=0.216823 W=0.911142 mAh_cumul=15.7063 Wh_cumul=0.0659987 
t=177 V=4.20227 A=0.216011 W=0.907737 mAh_cumul=15.7663 Wh_cumul=0.0662508 
t=178 V=4.20224 A=0.215049 W=0.903688 mAh_cumul=15.826 Wh_cumul=0.0665018 
t=179 V=4.20226 A=0.214317 W=0.900616 mAh_cumul=15.8855 Wh_cumul=0.066752 
t=180 V=4.20225 A=0.213711 W=0.898067 mAh_cumul=15.9449 Wh_cumul=0.0670015 
t=181 V=4.20228 A=0.212963 W=0.89493 mAh_cumul=16.0041 Wh_cumul=0.0672501 
t=182 V=4.20226 A=0.212316 W=0.892207 mAh_cumul=16.063 Wh_cumul=0.0674979 
t=183 V=4.20225 A=0.211941 W=0.890629 mAh_cumul=16.1219 Wh_cumul=0.0677453 
t=184 V=4.20227 A=0.210936 W=0.88641 mAh_cumul=16.1805 Wh_cumul=0.0679915 
t=185 V=4.20226 A=0.210505 W=0.884597 mAh_cumul=16.239 Wh_cumul=0.0682372 
t=186 V=4.20226 A=0.209723 W=0.881311 mAh_cumul=16.2972 Wh_cumul=0.068482 
t=187 V=4.20225 A=0.208884 W=0.877783 mAh_cumul=16.3552 Wh_cumul=0.0687259 
t=188 V=4.20226 A=0.208334 W=0.875474 mAh_cumul=16.4131 Wh_cumul=0.0689691 
t=189 V=4.20225 A=0.20763 W=0.872513 mAh_cumul=16.4708 Wh_cumul=0.0692114 
t=190 V=4.20227 A=0.206884 W=0.869382 mAh_cumul=16.5283 Wh_cumul=0.0694529 
t=191 V=4.20228 A=0.206105 W=0.866111 mAh_cumul=16.5855 Wh_cumul=0.0696935 
t=192 V=4.20226 A=0.205444 W=0.863329 mAh_cumul=16.6426 Wh_cumul=0.0699333 
t=193 V=4.20223 A=0.204824 W=0.860718 mAh_cumul=16.6995 Wh_cumul=0.0701724 
t=194 V=4.20224 A=0.204102 W=0.857686 mAh_cumul=16.7562 Wh_cumul=0.0704107 
t=195 V=4.20223 A=0.203664 W=0.855843 mAh_cumul=16.8127 Wh_cumul=0.0706484 
t=196 V=4.20225 A=0.203077 W=0.85338 mAh_cumul=16.8692 Wh_cumul=0.0708854 
t=197 V=4.20226 A=0.202291 W=0.850079 mAh_cumul=16.9253 Wh_cumul=0.0711216 
t=198 V=4.20225 A=0.201534 W=0.846896 mAh_cumul=16.9813 Wh_cumul=0.0713568 
t=199 V=4.20226 A=0.201071 W=0.844953 mAh_cumul=17.0372 Wh_cumul=0.0715915 
t=200 V=4.20224 A=0.200292 W=0.841675 mAh_cumul=17.0928 Wh_cumul=0.0718253 
t=201 V=4.20222 A=0.199585 W=0.8387 mAh_cumul=17.1483 Wh_cumul=0.0720583 
t=202 V=4.20222 A=0.198905 W=0.835843 mAh_cumul=17.2035 Wh_cumul=0.0722905 
t=203 V=4.20223 A=0.198345 W=0.833491 mAh_cumul=17.2586 Wh_cumul=0.072522 
t=204 V=4.20224 A=0.197975 W=0.831938 mAh_cumul=17.3136 Wh_cumul=0.0727531 
t=205 V=4.20225 A=0.197687 W=0.83073 mAh_cumul=17.3685 Wh_cumul=0.0729839 
t=206 V=4.20229 A=0.197333 W=0.82925 mAh_cumul=17.4233 Wh_cumul=0.0732142 
t=207 V=4.20227 A=0.196581 W=0.826086 mAh_cumul=17.4779 Wh_cumul=0.0734437 
t=208 V=4.20227 A=0.195433 W=0.821262 mAh_cumul=17.5322 Wh_cumul=0.0736718 
t=209 V=4.20225 A=0.194716 W=0.818245 mAh_cumul=17.5863 Wh_cumul=0.0738991 
t=210 V=4.20223 A=0.19407 W=0.815527 mAh_cumul=17.6402 Wh_cumul=0.0741256 
t=211 V=4.20223 A=0.193767 W=0.814254 mAh_cumul=17.694 Wh_cumul=0.0743518 
t=212 V=4.20224 A=0.193319 W=0.812373 mAh_cumul=17.7477 Wh_cumul=0.0745775 
t=213 V=4.20227 A=0.193137 W=0.811614 mAh_cumul=17.8014 Wh_cumul=0.0748029 
t=214 V=4.20229 A=0.192655 W=0.809592 mAh_cumul=17.8549 Wh_cumul=0.0750278 
t=215 V=4.20226 A=0.191847 W=0.806191 mAh_cumul=17.9082 Wh_cumul=0.0752517 
t=216 V=4.20225 A=0.191379 W=0.804222 mAh_cumul=17.9614 Wh_cumul=0.0754751 
t=217 V=4.20227 A=0.190812 W=0.801844 mAh_cumul=18.0144 Wh_cumul=0.0756979 
t=218 V=4.20223 A=0.190148 W=0.799046 mAh_cumul=18.0672 Wh_cumul=0.0759198 
t=219 V=4.20229 A=0.189482 W=0.796258 mAh_cumul=18.1198 Wh_cumul=0.076141 
t=220 V=4.20224 A=0.188933 W=0.793942 mAh_cumul=18.1723 Wh_cumul=0.0763615 
t=221 V=4.20225 A=0.188397 W=0.791691 mAh_cumul=18.2246 Wh_cumul=0.0765815 
t=222 V=4.20225 A=0.187774 W=0.789073 mAh_cumul=18.2768 Wh_cumul=0.0768007 
t=223 V=4.20228 A=0.187853 W=0.789411 mAh_cumul=18.329 Wh_cumul=0.0770199 
t=224 V=4.20226 A=0.187427 W=0.787617 mAh_cumul=18.381 Wh_cumul=0.0772387 
t=225 V=4.20227 A=0.186584 W=0.784076 mAh_cumul=18.4329 Wh_cumul=0.0774565 
t=226 V=4.20229 A=0.186308 W=0.78292 mAh_cumul=18.4846 Wh_cumul=0.077674 
t=227 V=4.20229 A=0.185916 W=0.781273 mAh_cumul=18.5363 Wh_cumul=0.077891 
t=228 V=4.20231 A=0.185268 W=0.778554 mAh_cumul=18.5877 Wh_cumul=0.0781073 
t=229 V=4.20227 A=0.184164 W=0.773907 mAh_cumul=18.6389 Wh_cumul=0.0783223 
t=230 V=4.20226 A=0.18328 W=0.77019 mAh_cumul=18.6898 Wh_cumul=0.0785362 
t=231 V=4.20227 A=0.182714 W=0.767814 mAh_cumul=18.7405 Wh_cumul=0.0787495 
t=232 V=4.20223 A=0.182278 W=0.765974 mAh_cumul=18.7912 Wh_cumul=0.0789622 
t=233 V=4.20227 A=0.181736 W=0.763704 mAh_cumul=18.8417 Wh_cumul=0.0791744 
t=234 V=4.20226 A=0.181266 W=0.761727 mAh_cumul=18.892 Wh_cumul=0.079386 
t=235 V=4.20228 A=0.180964 W=0.760461 mAh_cumul=18.9423 Wh_cumul=0.0795972 
t=236 V=4.20229 A=0.18054 W=0.758681 mAh_cumul=18.9924 Wh_cumul=0.079808 
t=237 V=4.20228 A=0.179762 W=0.75541 mAh_cumul=19.0424 Wh_cumul=0.0800178 
t=238 V=4.20225 A=0.179141 W=0.752795 mAh_cumul=19.0921 Wh_cumul=0.0802269 
t=239 V=4.20228 A=0.178621 W=0.750615 mAh_cumul=19.1417 Wh_cumul=0.0804354 
t=240 V=4.20225 A=0.178057 W=0.74824 mAh_cumul=19.1912 Wh_cumul=0.0806433 
t=241 V=4.20227 A=0.177485 W=0.74584 mAh_cumul=19.2405 Wh_cumul=0.0808504 
t=242 V=4.20226 A=0.177013 W=0.743855 mAh_cumul=19.2897 Wh_cumul=0.0810571 
t=243 V=4.20223 A=0.176107 W=0.740042 mAh_cumul=19.3386 Wh_cumul=0.0812626 
t=244 V=4.20222 A=0.175873 W=0.739057 mAh_cumul=19.3874 Wh_cumul=0.0814679 
t=245 V=4.20226 A=0.175747 W=0.738535 mAh_cumul=19.4363 Wh_cumul=0.0816731 
t=246 V=4.20224 A=0.175344 W=0.736838 mAh_cumul=19.485 Wh_cumul=0.0818777 
t=247 V=4.20227 A=0.17473 W=0.734263 mAh_cumul=19.5335 Wh_cumul=0.0820817 
t=248 V=4.20224 A=0.174254 W=0.732257 mAh_cumul=19.5819 Wh_cumul=0.0822851 
t=249 V=4.20228 A=0.17395 W=0.730987 mAh_cumul=19.6302 Wh_cumul=0.0824882 
t=250 V=4.20228 A=0.173398 W=0.728667 mAh_cumul=19.6784 Wh_cumul=0.0826906 
t=251 V=4.20225 A=0.173317 W=0.728321 mAh_cumul=19.7265 Wh_cumul=0.0828929 
t=252 V=4.20231 A=0.172965 W=0.726853 mAh_cumul=19.7746 Wh_cumul=0.0830948 
t=253 V=4.2023 A=0.172593 W=0.725288 mAh_cumul=19.8225 Wh_cumul=0.0832963 
t=254 V=4.20231 A=0.17194 W=0.722545 mAh_cumul=19.8703 Wh_cumul=0.083497 
t=255 V=4.20229 A=0.17087 W=0.718045 mAh_cumul=19.9177 Wh_cumul=0.0836964 
t=256 V=4.20228 A=0.170111 W=0.714854 mAh_cumul=19.965 Wh_cumul=0.083895 
t=257 V=4.20228 A=0.169383 W=0.711795 mAh_cumul=20.012 Wh_cumul=0.0840927 
t=258 V=4.20229 A=0.168887 W=0.709712 mAh_cumul=20.059 Wh_cumul=0.0842899 
t=259 V=4.20229 A=0.168188 W=0.706775 mAh_cumul=20.1057 Wh_cumul=0.0844862 
t=260 V=4.20227 A=0.167751 W=0.704935 mAh_cumul=20.1523 Wh_cumul=0.084682 
t=261 V=4.20226 A=0.167353 W=0.703261 mAh_cumul=20.1988 Wh_cumul=0.0848773 
t=262 V=4.20227 A=0.166793 W=0.700909 mAh_cumul=20.2451 Wh_cumul=0.085072 
t=263 V=4.20225 A=0.166037 W=0.697729 mAh_cumul=20.2912 Wh_cumul=0.0852659 
t=264 V=4.20227 A=0.165848 W=0.696938 mAh_cumul=20.3373 Wh_cumul=0.0854594 
t=265 V=4.20226 A=0.165376 W=0.694953 mAh_cumul=20.3832 Wh_cumul=0.0856525 
t=266 V=4.20226 A=0.164747 W=0.69231 mAh_cumul=20.429 Wh_cumul=0.0858448 
t=267 V=4.20227 A=0.164249 W=0.690219 mAh_cumul=20.4746 Wh_cumul=0.0860365 
t=268 V=4.20223 A=0.16382 W=0.688409 mAh_cumul=20.5201 Wh_cumul=0.0862278 
t=269 V=4.20225 A=0.163375 W=0.686543 mAh_cumul=20.5655 Wh_cumul=0.0864185 
t=270 V=4.20224 A=0.16283 W=0.684251 mAh_cumul=20.6107 Wh_cumul=0.0866085 
t=271 V=4.20222 A=0.162188 W=0.68155 mAh_cumul=20.6558 Wh_cumul=0.0867978 
t=272 V=4.20223 A=0.161804 W=0.679938 mAh_cumul=20.7007 Wh_cumul=0.0869867 
t=273 V=4.20225 A=0.161454 W=0.67847 mAh_cumul=20.7456 Wh_cumul=0.0871752 
t=274 V=4.20224 A=0.161052 W=0.676779 mAh_cumul=20.7903 Wh_cumul=0.0873632 
t=275 V=4.20226 A=0.160771 W=0.675602 mAh_cumul=20.835 Wh_cumul=0.0875508 
t=276 V=4.20228 A=0.160334 W=0.673768 mAh_cumul=20.8795 Wh_cumul=0.087738 
t=277 V=4.20226 A=0.159926 W=0.672051 mAh_cumul=20.9239 Wh_cumul=0.0879247 
t=278 V=4.20226 A=0.159763 W=0.671366 mAh_cumul=20.9683 Wh_cumul=0.0881112 
t=279 V=4.20228 A=0.159305 W=0.669444 mAh_cumul=21.0126 Wh_cumul=0.0882971 
t=280 V=4.20227 A=0.15873 W=0.667026 mAh_cumul=21.0567 Wh_cumul=0.0884824 
t=281 V=4.20225 A=0.158275 W=0.665111 mAh_cumul=21.1006 Wh_cumul=0.0886672 
t=282 V=4.20228 A=0.157848 W=0.663321 mAh_cumul=21.1445 Wh_cumul=0.0888514 
t=283 V=4.20226 A=0.157324 W=0.661116 mAh_cumul=21.1882 Wh_cumul=0.0890351 
t=284 V=4.20227 A=0.156814 W=0.658975 mAh_cumul=21.2317 Wh_cumul=0.0892181 
t=285 V=4.20226 A=0.156055 W=0.655784 mAh_cumul=21.2751 Wh_cumul=0.0894003 
t=286 V=4.20225 A=0.155771 W=0.654589 mAh_cumul=21.3183 Wh_cumul=0.0895821 
t=287 V=4.20227 A=0.155475 W=0.653348 mAh_cumul=21.3615 Wh_cumul=0.0897636 
t=288 V=4.20229 A=0.155163 W=0.65204 mAh_cumul=21.4046 Wh_cumul=0.0899447 
t=289 V=4.20223 A=0.154292 W=0.64837 mAh_cumul=21.4475 Wh_cumul=0.0901248 
t=290 V=4.20224 A=0.15396 W=0.646977 mAh_cumul=21.4903 Wh_cumul=0.0903045 
t=291 V=4.20224 A=0.153113 W=0.643418 mAh_cumul=21.5328 Wh_cumul=0.0904833 
t=292 V=4.20222 A=0.152835 W=0.642246 mAh_cumul=21.5752 Wh_cumul=0.0906617 
t=293 V=4.20223 A=0.152531 W=0.64097 mAh_cumul=21.6176 Wh_cumul=0.0908397 
t=294 V=4.20226 A=0.152169 W=0.639454 mAh_cumul=21.6599 Wh_cumul=0.0910173 
t=295 V=4.20225 A=0.151711 W=0.637528 mAh_cumul=21.702 Wh_cumul=0.0911944 
t=296 V=4.20226 A=0.15111 W=0.635004 mAh_cumul=21.744 Wh_cumul=0.0913708 
t=297 V=4.20225 A=0.150808 W=0.633733 mAh_cumul=21.7859 Wh_cumul=0.0915469 
t=298 V=4.20227 A=0.150642 W=0.633038 mAh_cumul=21.8277 Wh_cumul=0.0917227 
t=299 V=4.20225 A=0.150226 W=0.631287 mAh_cumul=21.8695 Wh_cumul=0.0918981 
t=300 V=4.20224 A=0.149561 W=0.628491 mAh_cumul=21.911 Wh_cumul=0.0920726 
t=301 V=4.20225 A=0.149377 W=0.627719 mAh_cumul=21.9525 Wh_cumul=0.092247 
t=302 V=4.20226 A=0.148506 W=0.624061 mAh_cumul=21.9938 Wh_cumul=0.0924204 
t=303 V=4.20226 A=0.148477 W=0.623939 mAh_cumul=22.035 Wh_cumul=0.0925937 
t=304 V=4.20225 A=0.148083 W=0.622282 mAh_cumul=22.0761 Wh_cumul=0.0927665 
t=305 V=4.20226 A=0.147469 W=0.619703 mAh_cumul=22.1171 Wh_cumul=0.0929387 
t=306 V=4.20225 A=0.147029 W=0.617853 mAh_cumul=22.1579 Wh_cumul=0.0931103 
t=307 V=4.20226 A=0.146555 W=0.615862 mAh_cumul=22.1986 Wh_cumul=0.0932814 
t=308 V=4.20223 A=0.146157 W=0.614185 mAh_cumul=22.2392 Wh_cumul=0.093452 
t=309 V=4.20227 A=0.145736 W=0.612422 mAh_cumul=22.2797 Wh_cumul=0.0936221 
t=310 V=4.20224 A=0.145386 W=0.610947 mAh_cumul=22.3201 Wh_cumul=0.0937918 
t=311 V=4.20226 A=0.145371 W=0.610887 mAh_cumul=22.3605 Wh_cumul=0.0939615 
t=312 V=4.20229 A=0.144968 W=0.609198 mAh_cumul=22.4008 Wh_cumul=0.0941307 
t=313 V=4.20228 A=0.144481 W=0.60715 mAh_cumul=22.4409 Wh_cumul=0.0942994 
t=314 V=4.20223 A=0.143799 W=0.604276 mAh_cumul=22.4808 Wh_cumul=0.0944672 
t=315 V=4.20227 A=0.143592 W=0.603412 mAh_cumul=22.5207 Wh_cumul=0.0946348 
t=316 V=4.20227 A=0.143205 W=0.601786 mAh_cumul=22.5605 Wh_cumul=0.094802 
t=317 V=4.20225 A=0.142754 W=0.599888 mAh_cumul=22.6002 Wh_cumul=0.0949686 
t=318 V=4.20226 A=0.142454 W=0.598629 mAh_cumul=22.6397 Wh_cumul=0.0951349 
t=319 V=4.20223 A=0.142063 W=0.596981 mAh_cumul=22.6792 Wh_cumul=0.0953007 
t=320 V=4.20224 A=0.141892 W=0.596264 mAh_cumul=22.7186 Wh_cumul=0.0954664 
t=321 V=4.20226 A=0.141775 W=0.595775 mAh_cumul=22.758 Wh_cumul=0.0956319 
t=322 V=4.20229 A=0.141411 W=0.59425 mAh_cumul=22.7973 Wh_cumul=0.0957969 
t=323 V=4.2023 A=0.141336 W=0.593936 mAh_cumul=22.8365 Wh_cumul=0.0959619 
t=324 V=4.20229 A=0.140773 W=0.591569 mAh_cumul=22.8756 Wh_cumul=0.0961262 
t=325 V=4.20228 A=0.140539 W=0.590584 mAh_cumul=22.9147 Wh_cumul=0.0962903 
t=326 V=4.20226 A=0.140023 W=0.588413 mAh_cumul=22.9536 Wh_cumul=0.0964537 
t=327 V=4.20227 A=0.139448 W=0.585998 mAh_cumul=22.9923 Wh_cumul=0.0966165 
t=328 V=4.20227 A=0.138894 W=0.58367 mAh_cumul=23.0309 Wh_cumul=0.0967786 
t=329 V=4.20227 A=0.138734 W=0.582998 mAh_cumul=23.0694 Wh_cumul=0.0969406 
t=330 V=4.20225 A=0.137996 W=0.579894 mAh_cumul=23.1078 Wh_cumul=0.0971017 
t=331 V=4.20222 A=0.137222 W=0.576637 mAh_cumul=23.1459 Wh_cumul=0.0972618 
t=332 V=4.20221 A=0.136854 W=0.575089 mAh_cumul=23.1839 Wh_cumul=0.0974216 
t=333 V=4.20222 A=0.136443 W=0.573364 mAh_cumul=23.2218 Wh_cumul=0.0975809 
t=334 V=4.20224 A=0.136394 W=0.57316 mAh_cumul=23.2597 Wh_cumul=0.0977401 
t=335 V=4.20225 A=0.135793 W=0.570636 mAh_cumul=23.2974 Wh_cumul=0.0978986 
t=336 V=4.20223 A=0.135813 W=0.570717 mAh_cumul=23.3351 Wh_cumul=0.0980571 
t=337 V=4.20223 A=0.135385 W=0.568919 mAh_cumul=23.3727 Wh_cumul=0.0982152 
t=338 V=4.20224 A=0.135315 W=0.568626 mAh_cumul=23.4103 Wh_cumul=0.0983731 
t=339 V=4.20224 A=0.134584 W=0.565554 mAh_cumul=23.4477 Wh_cumul=0.0985302 
t=340 V=4.20225 A=0.134101 W=0.563526 mAh_cumul=23.485 Wh_cumul=0.0986867 
t=341 V=4.20222 A=0.133706 W=0.561862 mAh_cumul=23.5221 Wh_cumul=0.0988428 
t=342 V=4.20224 A=0.133105 W=0.559339 mAh_cumul=23.5591 Wh_cumul=0.0989982 
t=343 V=4.20223 A=0.132761 W=0.557892 mAh_cumul=23.5959 Wh_cumul=0.0991532 
t=344 V=4.2022 A=0.132499 W=0.556787 mAh_cumul=23.6328 Wh_cumul=0.0993078 
t=345 V=4.20225 A=0.132408 W=0.556412 mAh_cumul=23.6695 Wh_cumul=0.0994624 
t=346 V=4.20224 A=0.131899 W=0.554271 mAh_cumul=23.7062 Wh_cumul=0.0996163 
t=347 V=4.20221 A=0.13187 W=0.554145 mAh_cumul=23.7428 Wh_cumul=0.0997703 
t=348 V=4.20223 A=0.13168 W=0.55335 mAh_cumul=23.7794 Wh_cumul=0.099924 
t=349 V=4.20227 A=0.131283 W=0.551687 mAh_cumul=23.8158 Wh_cumul=0.100077 
t=350 V=4.20224 A=0.130912 W=0.550124 mAh_cumul=23.8522 Wh_cumul=0.10023 
t=351 V=4.20223 A=0.130221 W=0.547219 mAh_cumul=23.8884 Wh_cumul=0.100382 
t=352 V=4.20225 A=0.129971 W=0.546171 mAh_cumul=23.9245 Wh_cumul=0.100534 
t=353 V=4.20224 A=0.129939 W=0.546035 mAh_cumul=23.9606 Wh_cumul=0.100685 
t=354 V=4.20222 A=0.129686 W=0.544969 mAh_cumul=23.9966 Wh_cumul=0.100837 
t=355 V=4.20227 A=0.12968 W=0.54495 mAh_cumul=24.0326 Wh_cumul=0.100988 
t=356 V=4.20226 A=0.129144 W=0.542697 mAh_cumul=24.0685 Wh_cumul=0.101139 
t=357 V=4.20224 A=0.128752 W=0.541047 mAh_cumul=24.1043 Wh_cumul=0.101289 
t=358 V=4.20224 A=0.128182 W=0.538652 mAh_cumul=24.1399 Wh_cumul=0.101439 
t=359 V=4.20223 A=0.127974 W=0.537776 mAh_cumul=24.1754 Wh_cumul=0.101588 
t=360 V=4.20227 A=0.127464 W=0.535638 mAh_cumul=24.2108 Wh_cumul=0.101737 
t=361 V=4.20223 A=0.127132 W=0.534238 mAh_cumul=24.2461 Wh_cumul=0.101885 
t=362 V=4.20227 A=0.127103 W=0.534121 mAh_cumul=24.2814 Wh_cumul=0.102034 
t=363 V=4.20226 A=0.127039 W=0.533851 mAh_cumul=24.3167 Wh_cumul=0.102182 
t=364 V=4.20228 A=0.126649 W=0.532215 mAh_cumul=24.3519 Wh_cumul=0.10233 
t=365 V=4.20228 A=0.126341 W=0.53092 mAh_cumul=24.387 Wh_cumul=0.102477 
t=366 V=4.20229 A=0.126011 W=0.529535 mAh_cumul=24.422 Wh_cumul=0.102624 
t=367 V=4.20226 A=0.125941 W=0.529237 mAh_cumul=24.457 Wh_cumul=0.102771 
t=368 V=4.20228 A=0.125681 W=0.528147 mAh_cumul=24.4919 Wh_cumul=0.102918 
t=369 V=4.20229 A=0.125348 W=0.526749 mAh_cumul=24.5267 Wh_cumul=0.103065 
t=370 V=4.20226 A=0.12481 W=0.524484 mAh_cumul=24.5614 Wh_cumul=0.10321 
t=371 V=4.20224 A=0.12432 W=0.522422 mAh_cumul=24.5959 Wh_cumul=0.103355 
t=372 V=4.20226 A=0.123764 W=0.520089 mAh_cumul=24.6303 Wh_cumul=0.1035 
t=373 V=4.20227 A=0.123683 W=0.519749 mAh_cumul=24.6647 Wh_cumul=0.103644 
t=374 V=4.20228 A=0.123615 W=0.519465 mAh_cumul=24.699 Wh_cumul=0.103788 
t=375 V=4.20229 A=0.123529 W=0.519105 mAh_cumul=24.7333 Wh_cumul=0.103933 
t=376 V=4.20229 A=0.12293 W=0.516588 mAh_cumul=24.7675 Wh_cumul=0.104076 
t=377 V=4.20225 A=0.122492 W=0.514742 mAh_cumul=24.8015 Wh_cumul=0.104219 
t=378 V=4.20226 A=0.122167 W=0.513377 mAh_cumul=24.8354 Wh_cumul=0.104362 
t=379 V=4.20226 A=0.121694 W=0.51139 mAh_cumul=24.8692 Wh_cumul=0.104504 
t=380 V=4.20227 A=0.121072 W=0.508777 mAh_cumul=24.9029 Wh_cumul=0.104645 
t=381 V=4.20225 A=0.120905 W=0.508073 mAh_cumul=24.9364 Wh_cumul=0.104786 
t=382 V=4.20224 A=0.120555 W=0.506601 mAh_cumul=24.9699 Wh_cumul=0.104927 
t=383 V=4.20226 A=0.120527 W=0.506486 mAh_cumul=25.0034 Wh_cumul=0.105068 
t=384 V=4.20225 A=0.120189 W=0.505064 mAh_cumul=25.0368 Wh_cumul=0.105208 
t=385 V=4.20225 A=0.119579 W=0.502501 mAh_cumul=25.07 Wh_cumul=0.105348 
t=386 V=4.20225 A=0.119267 W=0.50119 mAh_cumul=25.1031 Wh_cumul=0.105487 
t=387 V=4.20223 A=0.119369 W=0.501616 mAh_cumul=25.1363 Wh_cumul=0.105626 
t=388 V=4.20227 A=0.119069 W=0.50036 mAh_cumul=25.1694 Wh_cumul=0.105765 
t=389 V=4.20224 A=0.118655 W=0.498617 mAh_cumul=25.2023 Wh_cumul=0.105904 
t=390 V=4.20226 A=0.118199 W=0.496703 mAh_cumul=25.2352 Wh_cumul=0.106042 
t=391 V=4.20222 A=0.118029 W=0.495984 mAh_cumul=25.268 Wh_cumul=0.106179 
t=392 V=4.20221 A=0.117874 W=0.495331 mAh_cumul=25.3007 Wh_cumul=0.106317 
t=393 V=4.20225 A=0.11764 W=0.494353 mAh_cumul=25.3334 Wh_cumul=0.106454 
t=394 V=4.20228 A=0.117835 W=0.495176 mAh_cumul=25.3661 Wh_cumul=0.106592 
t=395 V=4.20229 A=0.117802 W=0.495038 mAh_cumul=25.3988 Wh_cumul=0.106729 
t=396 V=4.20228 A=0.117475 W=0.493663 mAh_cumul=25.4315 Wh_cumul=0.106866 
t=397 V=4.20229 A=0.117392 W=0.493315 mAh_cumul=25.4641 Wh_cumul=0.107003 
t=398 V=4.2023 A=0.117201 W=0.492514 mAh_cumul=25.4966 Wh_cumul=0.10714 
t=399 V=4.20231 A=0.116904 W=0.491267 mAh_cumul=25.5291 Wh_cumul=0.107277 
t=400 V=4.20232 A=0.11671 W=0.490453 mAh_cumul=25.5615 Wh_cumul=0.107413 
t=401 V=4.20229 A=0.11608 W=0.487802 mAh_cumul=25.5938 Wh_cumul=0.107548 
t=402 V=4.2023 A=0.115645 W=0.485975 mAh_cumul=25.6259 Wh_cumul=0.107683 
t=403 V=4.20227 A=0.115191 W=0.484064 mAh_cumul=25.6579 Wh_cumul=0.107818 
t=404 V=4.20226 A=0.114615 W=0.481642 mAh_cumul=25.6897 Wh_cumul=0.107952 
t=405 V=4.20225 A=0.114185 W=0.479834 mAh_cumul=25.7214 Wh_cumul=0.108085 
t=406 V=4.20227 A=0.114117 W=0.47955 mAh_cumul=25.7531 Wh_cumul=0.108218 
t=407 V=4.20225 A=0.113873 W=0.478523 mAh_cumul=25.7848 Wh_cumul=0.108351 
t=408 V=4.20226 A=0.113315 W=0.476179 mAh_cumul=25.8162 Wh_cumul=0.108483 
t=409 V=4.20226 A=0.11317 W=0.47557 mAh_cumul=25.8477 Wh_cumul=0.108616 
t=410 V=4.20225 A=0.112663 W=0.473438 mAh_cumul=25.879 Wh_cumul=0.108747 
t=411 V=4.20223 A=0.112413 W=0.472385 mAh_cumul=25.9102 Wh_cumul=0.108878 
t=412 V=4.20222 A=0.111884 W=0.470161 mAh_cumul=25.9413 Wh_cumul=0.109009 
t=413 V=4.20223 A=0.111603 W=0.468981 mAh_cumul=25.9723 Wh_cumul=0.109139 
t=414 V=4.20223 A=0.11138 W=0.468044 mAh_cumul=26.0032 Wh_cumul=0.109269 
t=415 V=4.20225 A=0.11107 W=0.466744 mAh_cumul=26.0341 Wh_cumul=0.109399 
t=416 V=4.20225 A=0.110854 W=0.465836 mAh_cumul=26.0649 Wh_cumul=0.109528 
t=417 V=4.2022 A=0.110514 W=0.464402 mAh_cumul=26.0956 Wh_cumul=0.109657 
t=418 V=4.20221 A=0.109918 W=0.461899 mAh_cumul=26.1261 Wh_cumul=0.109786 
t=419 V=4.20222 A=0.110209 W=0.463122 mAh_cumul=26.1567 Wh_cumul=0.109914 
t=420 V=4.20223 A=0.109857 W=0.461644 mAh_cumul=26.1872 Wh_cumul=0.110042 
t=421 V=4.20221 A=0.109466 W=0.459999 mAh_cumul=26.2176 Wh_cumul=0.11017 
t=422 V=4.20224 A=0.10925 W=0.459095 mAh_cumul=26.248 Wh_cumul=0.110298 
t=423 V=4.20223 A=0.109112 W=0.458514 mAh_cumul=26.2783 Wh_cumul=0.110425 
t=424 V=4.20225 A=0.108806 W=0.45723 mAh_cumul=26.3085 Wh_cumul=0.110552 
t=425 V=4.20225 A=0.108673 W=0.456671 mAh_cumul=26.3387 Wh_cumul=0.110679 
t=426 V=4.20224 A=0.10861 W=0.456405 mAh_cumul=26.3689 Wh_cumul=0.110806 
t=427 V=4.20227 A=0.108393 W=0.455497 mAh_cumul=26.399 Wh_cumul=0.110932 
t=428 V=4.20227 A=0.107883 W=0.453353 mAh_cumul=26.4289 Wh_cumul=0.111058 
t=429 V=4.20227 A=0.107734 W=0.452727 mAh_cumul=26.4589 Wh_cumul=0.111184 
t=430 V=4.20224 A=0.107473 W=0.451627 mAh_cumul=26.4887 Wh_cumul=0.111309 
t=431 V=4.20226 A=0.106733 W=0.44852 mAh_cumul=26.5184 Wh_cumul=0.111434 
t=432 V=4.20224 A=0.106786 W=0.44874 mAh_cumul=26.548 Wh_cumul=0.111559 
t=433 V=4.20225 A=0.106744 W=0.448565 mAh_cumul=26.5777 Wh_cumul=0.111683 
t=434 V=4.20229 A=0.106665 W=0.448237 mAh_cumul=26.6073 Wh_cumul=0.111808 
t=435 V=4.20226 A=0.106359 W=0.446948 mAh_cumul=26.6369 Wh_cumul=0.111932 
t=436 V=4.20226 A=0.10581 W=0.444641 mAh_cumul=26.6663 Wh_cumul=0.112055 
t=437 V=4.20224 A=0.105581 W=0.443677 mAh_cumul=26.6956 Wh_cumul=0.112179 
t=438 V=4.20221 A=0.105053 W=0.441455 mAh_cumul=26.7248 Wh_cumul=0.112301 
t=439 V=4.20222 A=0.10516 W=0.441905 mAh_cumul=26.754 Wh_cumul=0.112424 
t=440 V=4.20226 A=0.10494 W=0.440985 mAh_cumul=26.7831 Wh_cumul=0.112546 
t=441 V=4.20227 A=0.104502 W=0.439146 mAh_cumul=26.8122 Wh_cumul=0.112668 
t=442 V=4.20227 A=0.104625 W=0.439662 mAh_cumul=26.8412 Wh_cumul=0.112791 
t=443 V=4.20228 A=0.104581 W=0.439479 mAh_cumul=26.8703 Wh_cumul=0.112913 
t=444 V=4.2023 A=0.104506 W=0.439166 mAh_cumul=26.8993 Wh_cumul=0.113035 
t=445 V=4.2023 A=0.104417 W=0.438792 mAh_cumul=26.9283 Wh_cumul=0.113157 
t=446 V=4.20229 A=0.103842 W=0.436374 mAh_cumul=26.9571 Wh_cumul=0.113278 
t=447 V=4.20228 A=0.103292 W=0.434062 mAh_cumul=26.9858 Wh_cumul=0.113398 
t=448 V=4.20224 A=0.103054 W=0.433058 mAh_cumul=27.0145 Wh_cumul=0.113519 
t=449 V=4.20225 A=0.102907 W=0.432441 mAh_cumul=27.043 Wh_cumul=0.113639 
t=450 V=4.20226 A=0.102431 W=0.430442 mAh_cumul=27.0715 Wh_cumul=0.113758 
t=451 V=4.20223 A=0.102319 W=0.429968 mAh_cumul=27.0999 Wh_cumul=0.113878 
t=452 V=4.20224 A=0.102061 W=0.428885 mAh_cumul=27.1283 Wh_cumul=0.113997 
t=453 V=4.20225 A=0.101935 W=0.428356 mAh_cumul=27.1566 Wh_cumul=0.114116 
t=454 V=4.20224 A=0.101584 W=0.42688 mAh_cumul=27.1848 Wh_cumul=0.114234 
t=455 V=4.20222 A=0.101154 W=0.425071 mAh_cumul=27.2129 Wh_cumul=0.114353 
t=456 V=4.20227 A=0.101032 W=0.424564 mAh_cumul=27.241 Wh_cumul=0.11447 
t=457 V=4.20225 A=0.101063 W=0.424692 mAh_cumul=27.269 Wh_cumul=0.114588 
t=458 V=4.20227 A=0.101153 W=0.425072 mAh_cumul=27.2971 Wh_cumul=0.114707 
t=459 V=4.20224 A=0.100756 W=0.423401 mAh_cumul=27.3251 Wh_cumul=0.114824 
t=460 V=4.20227 A=0.100566 W=0.422605 mAh_cumul=27.3531 Wh_cumul=0.114942 
t=461 V=4.20225 A=0.100318 W=0.421561 mAh_cumul=27.3809 Wh_cumul=0.115059 
t=462 V=4.20229 A=0.100253 W=0.421292 mAh_cumul=27.4088 Wh_cumul=0.115176 
t=463 V=4.20226 A=0.0998274 W=0.419501 mAh_cumul=27.4365 Wh_cumul=0.115292 
t=464 V=4.20227 A=0.0997286 W=0.419087 mAh_cumul=27.4642 Wh_cumul=0.115409 
t=465 V=4.20229 A=0.0994733 W=0.418016 mAh_cumul=27.4918 Wh_cumul=0.115525 
t=466 V=4.20229 A=0.0993979 W=0.417699 mAh_cumul=27.5195 Wh_cumul=0.115641 
t=467 V=4.20227 A=0.0992103 W=0.416908 mAh_cumul=27.547 Wh_cumul=0.115757 
t=468 V=4.20228 A=0.0987879 W=0.415134 mAh_cumul=27.5745 Wh_cumul=0.115872 
t=469 V=4.20228 A=0.098819 W=0.415265 mAh_cumul=27.6019 Wh_cumul=0.115987 
t=470 V=4.20226 A=0.0984645 W=0.413773 mAh_cumul=27.6293 Wh_cumul=0.116102 
t=471 V=4.20228 A=0.0983325 W=0.413221 mAh_cumul=27.6566 Wh_cumul=0.116217 
t=472 V=4.20225 A=0.0976908 W=0.410521 mAh_cumul=27.6837 Wh_cumul=0.116331 
t=473 V=4.20225 A=0.0974429 W=0.409479 mAh_cumul=27.7108 Wh_cumul=0.116445 
t=474 V=4.20229 A=0.097028 W=0.40774 mAh_cumul=27.7377 Wh_cumul=0.116558 
t=475 V=4.20225 A=0.0968171 W=0.40685 mAh_cumul=27.7646 Wh_cumul=0.116671 
t=476 V=4.20224 A=0.0965835 W=0.405867 mAh_cumul=27.7914 Wh_cumul=0.116784 
t=477 V=4.20226 A=0.0963502 W=0.404889 mAh_cumul=27.8182 Wh_cumul=0.116896 
t=478 V=4.20223 A=0.0962458 W=0.404447 mAh_cumul=27.8449 Wh_cumul=0.117009 
t=479 V=4.20224 A=0.0959619 W=0.403255 mAh_cumul=27.8716 Wh_cumul=0.117121 
t=480 V=4.20225 A=0.0955865 W=0.401678 mAh_cumul=27.8982 Wh_cumul=0.117232 
t=481 V=4.20225 A=0.0955187 W=0.401393 mAh_cumul=27.9247 Wh_cumul=0.117344 
t=482 V=4.20225 A=0.0951387 W=0.399797 mAh_cumul=27.9511 Wh_cumul=0.117455 
t=483 V=4.20224 A=0.0949619 W=0.399053 mAh_cumul=27.9775 Wh_cumul=0.117566 
t=484 V=4.20223 A=0.0946366 W=0.397685 mAh_cumul=28.0038 Wh_cumul=0.117676 
t=485 V=4.20226 A=0.0948247 W=0.398478 mAh_cumul=28.0301 Wh_cumul=0.117787 
t=486 V=4.20225 A=0.0945532 W=0.397336 mAh_cumul=28.0564 Wh_cumul=0.117897 
t=487 V=4.20226 A=0.0940888 W=0.395386 mAh_cumul=28.0825 Wh_cumul=0.118007 
t=488 V=4.20229 A=0.094251 W=0.39607 mAh_cumul=28.1087 Wh_cumul=0.118117 
t=489 V=4.20226 A=0.0939135 W=0.394649 mAh_cumul=28.1348 Wh_cumul=0.118227 
t=490 V=4.20224 A=0.0936198 W=0.393413 mAh_cumul=28.1608 Wh_cumul=0.118336 
t=491 V=4.20224 A=0.0932265 W=0.39176 mAh_cumul=28.1867 Wh_cumul=0.118445 
t=492 V=4.20224 A=0.092927 W=0.390502 mAh_cumul=28.2125 Wh_cumul=0.118553 
t=493 V=4.20224 A=0.0926804 W=0.389465 mAh_cumul=28.2382 Wh_cumul=0.118661 
t=494 V=4.20226 A=0.0928649 W=0.390242 mAh_cumul=28.264 Wh_cumul=0.11877 
t=495 V=4.20228 A=0.092888 W=0.390341 mAh_cumul=28.2898 Wh_cumul=0.118878 
t=496 V=4.20226 A=0.0924768 W=0.388612 mAh_cumul=28.3155 Wh_cumul=0.118986 
t=497 V=4.20226 A=0.0925078 W=0.388742 mAh_cumul=28.3412 Wh_cumul=0.119094 
t=498 V=4.20226 A=0.0919766 W=0.38651 mAh_cumul=28.3668 Wh_cumul=0.119201 
t=499 V=4.20227 A=0.0919662 W=0.386467 mAh_cumul=28.3923 Wh_cumul=0.119309 
t=500 V=4.20227 A=0.0917869 W=0.385713 mAh_cumul=28.4178 Wh_cumul=0.119416 
t=501 V=4.20226 A=0.0917679 W=0.385633 mAh_cumul=28.4433 Wh_cumul=0.119523 
t=502 V=4.2023 A=0.0916789 W=0.385262 mAh_cumul=28.4688 Wh_cumul=0.11963 
t=503 V=4.2023 A=0.0915036 W=0.384526 mAh_cumul=28.4942 Wh_cumul=0.119737 
t=504 V=4.20228 A=0.0911675 W=0.383111 mAh_cumul=28.5195 Wh_cumul=0.119843 
t=505 V=4.20227 A=0.090716 W=0.381213 mAh_cumul=28.5447 Wh_cumul=0.119949 
t=506 V=4.20229 A=0.0906799 W=0.381063 mAh_cumul=28.5699 Wh_cumul=0.120055 
t=507 V=4.20229 A=0.0905317 W=0.38044 mAh_cumul=28.5951 Wh_cumul=0.120161 
t=508 V=4.20226 A=0.0901556 W=0.378857 mAh_cumul=28.6201 Wh_cumul=0.120266 
t=509 V=4.20228 A=0.0900919 W=0.378591 mAh_cumul=28.6451 Wh_cumul=0.120371 
t=510 V=4.2023 A=0.0897005 W=0.376948 mAh_cumul=28.67 Wh_cumul=0.120476 
t=511 V=4.20229 A=0.0894384 W=0.375846 mAh_cumul=28.6949 Wh_cumul=0.12058 
t=512 V=4.20226 A=0.0892786 W=0.375172 mAh_cumul=28.7197 Wh_cumul=0.120684 
t=513 V=4.20227 A=0.0890902 W=0.374381 mAh_cumul=28.7444 Wh_cumul=0.120788 
t=514 V=4.20226 A=0.0887417 W=0.372916 mAh_cumul=28.7691 Wh_cumul=0.120892 
t=515 V=4.20227 A=0.0886388 W=0.372484 mAh_cumul=28.7937 Wh_cumul=0.120995 
t=516 V=4.20227 A=0.0884587 W=0.371727 mAh_cumul=28.8183 Wh_cumul=0.121099 
t=517 V=4.20224 A=0.0880707 W=0.370094 mAh_cumul=28.8427 Wh_cumul=0.121202 
t=518 V=4.20226 A=0.0882714 W=0.370939 mAh_cumul=28.8673 Wh_cumul=0.121305 
t=519 V=4.20229 A=0.0884988 W=0.371898 mAh_cumul=28.8918 Wh_cumul=0.121408 
t=520 V=4.2023 A=0.0878153 W=0.369026 mAh_cumul=28.9162 Wh_cumul=0.12151 
t=521 V=4.20225 A=0.0875572 W=0.367937 mAh_cumul=28.9406 Wh_cumul=0.121613 
t=522 V=4.20229 A=0.087422 W=0.367373 mAh_cumul=28.9648 Wh_cumul=0.121715 
t=523 V=4.20228 A=0.0871302 W=0.366145 mAh_cumul=28.989 Wh_cumul=0.121816 
t=524 V=4.20226 A=0.0869957 W=0.365579 mAh_cumul=29.0132 Wh_cumul=0.121918 
t=525 V=4.20228 A=0.086662 W=0.364178 mAh_cumul=29.0373 Wh_cumul=0.122019 
t=526 V=4.20228 A=0.086475 W=0.363392 mAh_cumul=29.0613 Wh_cumul=0.12212 
t=527 V=4.20228 A=0.0862477 W=0.362437 mAh_cumul=29.0853 Wh_cumul=0.122221 
t=528 V=4.20223 A=0.0862037 W=0.362248 mAh_cumul=29.1092 Wh_cumul=0.122321 
t=529 V=4.20225 A=0.0858843 W=0.360907 mAh_cumul=29.1331 Wh_cumul=0.122422 
t=530 V=4.20222 A=0.0853766 W=0.358771 mAh_cumul=29.1568 Wh_cumul=0.122521 
t=531 V=4.20225 A=0.0853978 W=0.358863 mAh_cumul=29.1805 Wh_cumul=0.122621 
t=532 V=4.20225 A=0.08522 W=0.358116 mAh_cumul=29.2042 Wh_cumul=0.12272 
t=533 V=4.20225 A=0.0852959 W=0.358435 mAh_cumul=29.2279 Wh_cumul=0.12282 
t=534 V=4.20225 A=0.085208 W=0.358065 mAh_cumul=29.2515 Wh_cumul=0.122919 
t=535 V=4.20228 A=0.0853686 W=0.358743 mAh_cumul=29.2752 Wh_cumul=0.123019 
t=536 V=4.20229 A=0.0849985 W=0.357188 mAh_cumul=29.2989 Wh_cumul=0.123118 
t=537 V=4.20227 A=0.0848159 W=0.356419 mAh_cumul=29.3224 Wh_cumul=0.123217 
t=538 V=4.2023 A=0.0848475 W=0.356555 mAh_cumul=29.346 Wh_cumul=0.123316 
t=539 V=4.20228 A=0.0846965 W=0.355918 mAh_cumul=29.3695 Wh_cumul=0.123415 
t=540 V=4.20227 A=0.0840417 W=0.353166 mAh_cumul=29.3929 Wh_cumul=0.123513 
t=541 V=4.20225 A=0.0835988 W=0.351303 mAh_cumul=29.4161 Wh_cumul=0.123611 
t=542 V=4.20224 A=0.0833305 W=0.350175 mAh_cumul=29.4392 Wh_cumul=0.123708 
t=543 V=4.20226 A=0.0834963 W=0.350873 mAh_cumul=29.4624 Wh_cumul=0.123806 
t=544 V=4.20226 A=0.0831767 W=0.34953 mAh_cumul=29.4855 Wh_cumul=0.123903 
t=545 V=4.20224 A=0.0826881 W=0.347475 mAh_cumul=29.5085 Wh_cumul=0.123999 
t=546 V=4.20224 A=0.0824094 W=0.346304 mAh_cumul=29.5314 Wh_cumul=0.124095 
t=547 V=4.20226 A=0.0824957 W=0.346668 mAh_cumul=29.5543 Wh_cumul=0.124192 
t=548 V=4.20228 A=0.0825867 W=0.347052 mAh_cumul=29.5772 Wh_cumul=0.124288 
t=549 V=4.20227 A=0.0821984 W=0.34542 mAh_cumul=29.6001 Wh_cumul=0.124384 
t=550 V=4.20224 A=0.0819179 W=0.344239 mAh_cumul=29.6228 Wh_cumul=0.12448 
t=551 V=4.20227 A=0.0818355 W=0.343895 mAh_cumul=29.6456 Wh_cumul=0.124575 
t=552 V=4.20226 A=0.081582 W=0.342829 mAh_cumul=29.6682 Wh_cumul=0.12467 
t=553 V=4.20228 A=0.0812101 W=0.341268 mAh_cumul=29.6908 Wh_cumul=0.124765 
t=554 V=4.20228 A=0.0812399 W=0.341393 mAh_cumul=29.7134 Wh_cumul=0.12486 
t=555 V=4.20226 A=0.0808862 W=0.339905 mAh_cumul=29.7358 Wh_cumul=0.124954 
t=556 V=4.20226 A=0.0808454 W=0.339733 mAh_cumul=29.7583 Wh_cumul=0.125049 
t=557 V=4.20225 A=0.0806418 W=0.338877 mAh_cumul=29.7807 Wh_cumul=0.125143 
t=558 V=4.20227 A=0.0803131 W=0.337497 mAh_cumul=29.803 Wh_cumul=0.125237 
t=559 V=4.20225 A=0.0798368 W=0.335494 mAh_cumul=29.8252 Wh_cumul=0.12533 
t=560 V=4.20226 A=0.0798136 W=0.335397 mAh_cumul=29.8473 Wh_cumul=0.125423 
t=561 V=4.20223 A=0.0794878 W=0.334026 mAh_cumul=29.8694 Wh_cumul=0.125516 
t=562 V=4.20221 A=0.0794483 W=0.333858 mAh_cumul=29.8915 Wh_cumul=0.125609 
t=563 V=4.20225 A=0.0792694 W=0.33311 mAh_cumul=29.9135 Wh_cumul=0.125701 
t=564 V=4.20222 A=0.0790335 W=0.332116 mAh_cumul=29.9355 Wh_cumul=0.125793 
t=565 V=4.20224 A=0.0790107 W=0.332022 mAh_cumul=29.9574 Wh_cumul=0.125886 
t=566 V=4.20223 A=0.0790019 W=0.331984 mAh_cumul=29.9793 Wh_cumul=0.125978 
t=567 V=4.20226 A=0.0791316 W=0.332532 mAh_cumul=30.0013 Wh_cumul=0.12607 
t=568 V=4.20228 A=0.0792394 W=0.332986 mAh_cumul=30.0233 Wh_cumul=0.126163 
t=569 V=4.20227 A=0.0792341 W=0.332963 mAh_cumul=30.0453 Wh_cumul=0.126255 
t=570 V=4.20228 A=0.0790654 W=0.332255 mAh_cumul=30.0673 Wh_cumul=0.126348 
t=571 V=4.20227 A=0.0787075 W=0.33075 mAh_cumul=30.0892 Wh_cumul=0.126439 
t=572 V=4.20226 A=0.0786537 W=0.330523 mAh_cumul=30.111 Wh_cumul=0.126531 
t=573 V=4.20226 A=0.0784362 W=0.329609 mAh_cumul=30.1328 Wh_cumul=0.126623 
t=574 V=4.20228 A=0.0779762 W=0.327678 mAh_cumul=30.1545 Wh_cumul=0.126714 
t=575 V=4.20225 A=0.0779355 W=0.327504 mAh_cumul=30.1761 Wh_cumul=0.126805 
t=576 V=4.20227 A=0.0775822 W=0.326021 mAh_cumul=30.1977 Wh_cumul=0.126895 
t=577 V=4.20227 A=0.0776778 W=0.326423 mAh_cumul=30.2192 Wh_cumul=0.126986 
t=578 V=4.20226 A=0.0776945 W=0.326492 mAh_cumul=30.2408 Wh_cumul=0.127077 
t=579 V=4.20229 A=0.0772956 W=0.324819 mAh_cumul=30.2623 Wh_cumul=0.127167 
t=580 V=4.20227 A=0.0767983 W=0.322727 mAh_cumul=30.2836 Wh_cumul=0.127257 
t=581 V=4.20224 A=0.0768336 W=0.322873 mAh_cumul=30.305 Wh_cumul=0.127346 
t=582 V=4.20225 A=0.0764892 W=0.321427 mAh_cumul=30.3262 Wh_cumul=0.127436 
t=583 V=4.20223 A=0.0760917 W=0.319755 mAh_cumul=30.3474 Wh_cumul=0.127524 
t=584 V=4.20221 A=0.0761198 W=0.319871 mAh_cumul=30.3685 Wh_cumul=0.127613 
t=585 V=4.20226 A=0.0763647 W=0.320904 mAh_cumul=30.3897 Wh_cumul=0.127702 
t=586 V=4.20228 A=0.0762377 W=0.320372 mAh_cumul=30.4109 Wh_cumul=0.127791 
t=587 V=4.20226 A=0.0758469 W=0.318728 mAh_cumul=30.432 Wh_cumul=0.12788 
t=588 V=4.20225 A=0.0757468 W=0.318307 mAh_cumul=30.453 Wh_cumul=0.127968 
t=589 V=4.20225 A=0.0758336 W=0.318672 mAh_cumul=30.4741 Wh_cumul=0.128057 
t=590 V=4.20225 A=0.0753704 W=0.316725 mAh_cumul=30.495 Wh_cumul=0.128145 
t=591 V=4.20226 A=0.075102 W=0.315598 mAh_cumul=30.5159 Wh_cumul=0.128232 
t=592 V=4.20223 A=0.0750669 W=0.315448 mAh_cumul=30.5367 Wh_cumul=0.12832 
t=593 V=4.20223 A=0.0748125 W=0.314379 mAh_cumul=30.5575 Wh_cumul=0.128407 
t=594 V=4.20226 A=0.0746701 W=0.313783 mAh_cumul=30.5782 Wh_cumul=0.128495 
t=595 V=4.20224 A=0.0743261 W=0.312336 mAh_cumul=30.5989 Wh_cumul=0.128581 
t=596 V=4.20228 A=0.0743248 W=0.312334 mAh_cumul=30.6195 Wh_cumul=0.128668 
t=597 V=4.20224 A=0.0741647 W=0.311658 mAh_cumul=30.6401 Wh_cumul=0.128755 
t=598 V=4.20226 A=0.0738316 W=0.31026 mAh_cumul=30.6606 Wh_cumul=0.128841 
t=599 V=4.20225 A=0.0737159 W=0.309773 mAh_cumul=30.6811 Wh_cumul=0.128927 
t=600 V=4.20223 A=0.0738176 W=0.310199 mAh_cumul=30.7016 Wh_cumul=0.129013 
t=601 V=4.20222 A=0.0739167 W=0.310614 mAh_cumul=30.7222 Wh_cumul=0.129099 
t=602 V=4.20228 A=0.0737888 W=0.310081 mAh_cumul=30.7427 Wh_cumul=0.129185 
t=603 V=4.20226 A=0.0734931 W=0.308837 mAh_cumul=30.7631 Wh_cumul=0.129271 
t=604 V=4.20224 A=0.0732319 W=0.307738 mAh_cumul=30.7834 Wh_cumul=0.129357 
t=605 V=4.20224 A=0.0730622 W=0.307025 mAh_cumul=30.8037 Wh_cumul=0.129442 
t=606 V=4.20226 A=0.0732788 W=0.307937 mAh_cumul=30.8241 Wh_cumul=0.129528 
t=607 V=4.20226 A=0.073079 W=0.307097 mAh_cumul=30.8444 Wh_cumul=0.129613 
t=608 V=4.20226 A=0.0728724 W=0.306229 mAh_cumul=30.8646 Wh_cumul=0.129698 
t=609 V=4.20223 A=0.0730135 W=0.30682 mAh_cumul=30.8849 Wh_cumul=0.129783 
t=610 V=4.20226 A=0.0728476 W=0.306125 mAh_cumul=30.9051 Wh_cumul=0.129868 
t=611 V=4.20226 A=0.0728 W=0.305925 mAh_cumul=30.9253 Wh_cumul=0.129953 
t=612 V=4.20225 A=0.072458 W=0.304487 mAh_cumul=30.9455 Wh_cumul=0.130038 
t=613 V=4.20227 A=0.0720865 W=0.302927 mAh_cumul=30.9655 Wh_cumul=0.130122 
t=614 V=4.20228 A=0.0721452 W=0.303174 mAh_cumul=30.9855 Wh_cumul=0.130206 
t=615 V=4.20226 A=0.0719846 W=0.302498 mAh_cumul=31.0055 Wh_cumul=0.13029 
t=616 V=4.20227 A=0.0719009 W=0.302147 mAh_cumul=31.0255 Wh_cumul=0.130374 
t=617 V=4.20228 A=0.0717316 W=0.301436 mAh_cumul=31.0454 Wh_cumul=0.130458 
t=618 V=4.20227 A=0.0715096 W=0.300503 mAh_cumul=31.0653 Wh_cumul=0.130541 
t=619 V=4.20227 A=0.0710325 W=0.298498 mAh_cumul=31.085 Wh_cumul=0.130624 
t=620 V=4.20225 A=0.0709248 W=0.298044 mAh_cumul=31.1047 Wh_cumul=0.130707 
t=621 V=4.20225 A=0.0711965 W=0.299185 mAh_cumul=31.1245 Wh_cumul=0.13079 
t=622 V=4.20226 A=0.0708514 W=0.297736 mAh_cumul=31.1442 Wh_cumul=0.130873 
t=623 V=4.20226 A=0.0708592 W=0.297769 mAh_cumul=31.1639 Wh_cumul=0.130956 
t=624 V=4.20229 A=0.0707898 W=0.297479 mAh_cumul=31.1835 Wh_cumul=0.131038 
t=625 V=4.20228 A=0.0705147 W=0.296323 mAh_cumul=31.2031 Wh_cumul=0.13112 
t=626 V=4.20226 A=0.07016 W=0.294831 mAh_cumul=31.2226 Wh_cumul=0.131202 
t=627 V=4.20227 A=0.0702635 W=0.295266 mAh_cumul=31.2421 Wh_cumul=0.131284 
t=628 V=4.20229 A=0.0700654 W=0.294435 mAh_cumul=31.2616 Wh_cumul=0.131366 
t=629 V=4.20225 A=0.0700606 W=0.294412 mAh_cumul=31.281 Wh_cumul=0.131448 
t=630 V=4.20228 A=0.0697688 W=0.293188 mAh_cumul=31.3004 Wh_cumul=0.131529 
t=631 V=4.20228 A=0.0693688 W=0.291507 mAh_cumul=31.3197 Wh_cumul=0.13161 
t=632 V=4.20226 A=0.0693303 W=0.291344 mAh_cumul=31.339 Wh_cumul=0.131691 
t=633 V=4.20228 A=0.0691983 W=0.290791 mAh_cumul=31.3582 Wh_cumul=0.131772 
t=634 V=4.20225 A=0.0689814 W=0.289877 mAh_cumul=31.3773 Wh_cumul=0.131853 
t=635 V=4.20227 A=0.0688661 W=0.289394 mAh_cumul=31.3965 Wh_cumul=0.131933 
t=636 V=4.20227 A=0.0687508 W=0.288909 mAh_cumul=31.4156 Wh_cumul=0.132013 
t=637 V=4.20227 A=0.0686662 W=0.288554 mAh_cumul=31.4346 Wh_cumul=0.132093 
t=638 V=4.20227 A=0.068378 W=0.287343 mAh_cumul=31.4536 Wh_cumul=0.132173 
t=639 V=4.20229 A=0.0684736 W=0.287746 mAh_cumul=31.4727 Wh_cumul=0.132253 
t=640 V=4.20228 A=0.068196 W=0.286579 mAh_cumul=31.4916 Wh_cumul=0.132333 
t=641 V=4.20227 A=0.0678567 W=0.285152 mAh_cumul=31.5104 Wh_cumul=0.132412 
t=642 V=4.20225 A=0.067414 W=0.28329 mAh_cumul=31.5292 Wh_cumul=0.132491 
t=643 V=4.20225 A=0.0672906 W=0.282772 mAh_cumul=31.5479 Wh_cumul=0.132569 
t=644 V=4.20224 A=0.0669911 W=0.281513 mAh_cumul=31.5665 Wh_cumul=0.132647 
t=645 V=4.20222 A=0.0668939 W=0.281103 mAh_cumul=31.5851 Wh_cumul=0.132725 
t=646 V=4.20225 A=0.0668629 W=0.280975 mAh_cumul=31.6036 Wh_cumul=0.132803 
t=647 V=4.20223 A=0.0667972 W=0.280697 mAh_cumul=31.6222 Wh_cumul=0.132881 
t=648 V=4.20222 A=0.0664476 W=0.279227 mAh_cumul=31.6406 Wh_cumul=0.132959 
t=649 V=4.20225 A=0.066555 W=0.279681 mAh_cumul=31.6591 Wh_cumul=0.133037 
t=650 V=4.20224 A=0.0665514 W=0.279665 mAh_cumul=31.6776 Wh_cumul=0.133114 
t=651 V=4.20226 A=0.0666813 W=0.280212 mAh_cumul=31.6961 Wh_cumul=0.133192 
t=652 V=4.20229 A=0.0666017 W=0.27988 mAh_cumul=31.7146 Wh_cumul=0.13327 
t=653 V=4.20225 A=0.0665708 W=0.279747 mAh_cumul=31.7331 Wh_cumul=0.133348 
t=654 V=4.20226 A=0.0664651 W=0.279304 mAh_cumul=31.7516 Wh_cumul=0.133425 
t=655 V=4.20227 A=0.0664501 W=0.279241 mAh_cumul=31.77 Wh_cumul=0.133503 
t=656 V=4.20228 A=0.0663724 W=0.278915 mAh_cumul=31.7885 Wh_cumul=0.13358 
t=657 V=4.2023 A=0.0665385 W=0.279615 mAh_cumul=31.807 Wh_cumul=0.133658 
t=658 V=4.20233 A=0.0664159 W=0.279102 mAh_cumul=31.8254 Wh_cumul=0.133736 
t=659 V=4.20228 A=0.0661879 W=0.27814 mAh_cumul=31.8438 Wh_cumul=0.133813 
t=660 V=4.20232 A=0.0661872 W=0.27814 mAh_cumul=31.8622 Wh_cumul=0.13389 
t=661 V=4.20232 A=0.0661262 W=0.277883 mAh_cumul=31.8806 Wh_cumul=0.133967 
t=662 V=4.20233 A=0.0659419 W=0.27711 mAh_cumul=31.8989 Wh_cumul=0.134044 
t=663 V=4.20231 A=0.0657744 W=0.276404 mAh_cumul=31.9171 Wh_cumul=0.134121 
t=664 V=4.20232 A=0.0653146 W=0.274473 mAh_cumul=31.9353 Wh_cumul=0.134197 
t=665 V=4.2023 A=0.0653131 W=0.274465 mAh_cumul=31.9534 Wh_cumul=0.134273 
t=666 V=4.20232 A=0.0648928 W=0.2727 mAh_cumul=31.9715 Wh_cumul=0.134349 
t=667 V=4.20228 A=0.0643361 W=0.270358 mAh_cumul=31.9893 Wh_cumul=0.134424 
t=668 V=4.20227 A=0.0644336 W=0.270767 mAh_cumul=32.0072 Wh_cumul=0.1345 
t=669 V=4.2023 A=0.0639522 W=0.268746 mAh_cumul=32.025 Wh_cumul=0.134574 
t=670 V=4.20225 A=0.0634229 W=0.266519 mAh_cumul=32.0426 Wh_cumul=0.134648 
t=671 V=4.20224 A=0.0635483 W=0.267045 mAh_cumul=32.0603 Wh_cumul=0.134722 
t=672 V=4.20223 A=0.063486 W=0.266783 mAh_cumul=32.0779 Wh_cumul=0.134797 
t=673 V=4.20226 A=0.0634335 W=0.266564 mAh_cumul=32.0955 Wh_cumul=0.134871 
t=674 V=4.20226 A=0.0633984 W=0.266417 mAh_cumul=32.1131 Wh_cumul=0.134945 
t=675 V=4.20223 A=0.0632371 W=0.265737 mAh_cumul=32.1307 Wh_cumul=0.135018 
t=676 V=4.20225 A=0.0627905 W=0.263861 mAh_cumul=32.1481 Wh_cumul=0.135092 
t=677 V=4.20225 A=0.0626234 W=0.263159 mAh_cumul=32.1655 Wh_cumul=0.135165 
t=678 V=4.20224 A=0.0625099 W=0.262682 mAh_cumul=32.1829 Wh_cumul=0.135238 
t=679 V=4.20224 A=0.0628833 W=0.264251 mAh_cumul=32.2004 Wh_cumul=0.135311 
t=680 V=4.20226 A=0.063149 W=0.265369 mAh_cumul=32.2179 Wh_cumul=0.135385 
t=681 V=4.20231 A=0.0632734 W=0.265894 mAh_cumul=32.2355 Wh_cumul=0.135459 
t=682 V=4.20229 A=0.0630799 W=0.26508 mAh_cumul=32.253 Wh_cumul=0.135532 
t=683 V=4.20227 A=0.0624399 W=0.262389 mAh_cumul=32.2703 Wh_cumul=0.135605 
END

