0 errors cleared
t=0 V=3.58561 A=0.00818283 W=0.0293404 mAh_cumul=0 Wh_cumul=0 
t=2 V=3.58556 A=0.00817963 W=0.0293286 mAh_cumul=0.00454424 Wh_cumul=1.62936e-05 
t=3 V=3.59878 A=0.218794 W=0.787391 mAh_cumul=0.0653203 Wh_cumul=0.000235013 
t=4 V=3.59878 A=0.213621 W=0.768775 mAh_cumul=0.12466 Wh_cumul=0.000448562 
t=5 V=3.59878 A=0.20993 W=0.755492 mAh_cumul=0.182973 Wh_cumul=0.000658421 
t=6 V=3.5988 A=0.206887 W=0.744545 mAh_cumul=0.240442 Wh_cumul=0.000865239 
t=7 V=3.59878 A=0.203635 W=0.732838 mAh_cumul=0.297007 Wh_cumul=0.0010688 
t=8 V=3.59877 A=0.200982 W=0.723288 mAh_cumul=0.352836 Wh_cumul=0.00126972 
t=9 V=3.59874 A=0.198739 W=0.71521 mAh_cumul=0.408041 Wh_cumul=0.00146839 
t=10 V=3.59875 A=0.196613 W=0.707561 mAh_cumul=0.462656 Wh_cumul=0.00166493 
t=11 V=3.59879 A=0.194574 W=0.700231 mAh_cumul=0.516704 Wh_cumul=0.00185944 
t=12 V=3.59877 A=0.192451 W=0.692587 mAh_cumul=0.570163 Wh_cumul=0.00205183 
t=13 V=3.59877 A=0.190395 W=0.685188 mAh_cumul=0.62305 Wh_cumul=0.00224216 
t=14 V=3.59875 A=0.188224 W=0.677371 mAh_cumul=0.675335 Wh_cumul=0.00243031 
t=15 V=3.59875 A=0.186308 W=0.670476 mAh_cumul=0.727087 Wh_cumul=0.00261656 
t=16 V=3.59875 A=0.184808 W=0.665078 mAh_cumul=0.778422 Wh_cumul=0.0028013 
t=17 V=3.59878 A=0.183103 W=0.658947 mAh_cumul=0.829284 Wh_cumul=0.00298434 
t=18 V=3.59875 A=0.181727 W=0.65399 mAh_cumul=0.879764 Wh_cumul=0.00316601 
t=19 V=3.59877 A=0.180146 W=0.648304 mAh_cumul=0.929805 Wh_cumul=0.00334609 
t=20 V=3.59875 A=0.178507 W=0.642402 mAh_cumul=0.97939 Wh_cumul=0.00352454 
t=21 V=3.59872 A=0.177153 W=0.637524 mAh_cumul=1.0286 Wh_cumul=0.00370163 
t=22 V=3.59873 A=0.176042 W=0.633528 mAh_cumul=1.0775 Wh_cumul=0.00387761 
t=23 V=3.59878 A=0.17484 W=0.629211 mAh_cumul=1.12607 Wh_cumul=0.00405239 
t=24 V=3.59874 A=0.173478 W=0.624302 mAh_cumul=1.17425 Wh_cumul=0.0042258 
t=25 V=3.59878 A=0.172586 W=0.621099 mAh_cumul=1.2222 Wh_cumul=0.00439833 
t=26 V=3.59877 A=0.171482 W=0.617124 mAh_cumul=1.26983 Wh_cumul=0.00456976 
t=27 V=3.59877 A=0.170368 W=0.613115 mAh_cumul=1.31715 Wh_cumul=0.00474007 
t=28 V=3.59876 A=0.169186 W=0.60886 mAh_cumul=1.36415 Wh_cumul=0.00490919 
t=29 V=3.59879 A=0.168214 W=0.605367 mAh_cumul=1.41088 Wh_cumul=0.00507735 
t=30 V=3.59878 A=0.166891 W=0.600604 mAh_cumul=1.45723 Wh_cumul=0.00524418 
t=31 V=3.59876 A=0.16557 W=0.595847 mAh_cumul=1.50323 Wh_cumul=0.0054097 
t=32 V=3.59875 A=0.164512 W=0.592038 mAh_cumul=1.54892 Wh_cumul=0.00557415 
t=33 V=3.59875 A=0.163682 W=0.589051 mAh_cumul=1.59439 Wh_cumul=0.00573778 
t=34 V=3.59876 A=0.162686 W=0.585468 mAh_cumul=1.63958 Wh_cumul=0.00590041 
t=35 V=3.59875 A=0.161728 W=0.582019 mAh_cumul=1.68451 Wh_cumul=0.00606208 
t=36 V=3.59874 A=0.160785 W=0.578623 mAh_cumul=1.72917 Wh_cumul=0.00622281 
t=37 V=3.59876 A=0.159726 W=0.574816 mAh_cumul=1.77354 Wh_cumul=0.00638248 
t=38 V=3.59874 A=0.158992 W=0.572171 mAh_cumul=1.8177 Wh_cumul=0.00654142 
t=39 V=3.59877 A=0.158288 W=0.569642 mAh_cumul=1.86167 Wh_cumul=0.00669965 
t=40 V=3.59877 A=0.157361 W=0.566306 mAh_cumul=1.90538 Wh_cumul=0.00685696 
t=41 V=3.59876 A=0.156641 W=0.563713 mAh_cumul=1.94889 Wh_cumul=0.00701354 
t=42 V=3.59876 A=0.155468 W=0.559492 mAh_cumul=1.99208 Wh_cumul=0.00716896 
t=43 V=3.59877 A=0.154787 W=0.557043 mAh_cumul=2.03507 Wh_cumul=0.00732369 
t=44 V=3.59877 A=0.154128 W=0.554671 mAh_cumul=2.07789 Wh_cumul=0.00747777 
t=45 V=3.59875 A=0.153178 W=0.551249 mAh_cumul=2.12044 Wh_cumul=0.00763089 
t=46 V=3.59877 A=0.152415 W=0.548507 mAh_cumul=2.16278 Wh_cumul=0.00778326 
t=47 V=3.59874 A=0.151525 W=0.545299 mAh_cumul=2.20487 Wh_cumul=0.00793473 
t=48 V=3.59872 A=0.150857 W=0.542892 mAh_cumul=2.24677 Wh_cumul=0.00808553 
t=49 V=3.59874 A=0.150324 W=0.540977 mAh_cumul=2.28853 Wh_cumul=0.0082358 
t=50 V=3.59874 A=0.150122 W=0.54025 mAh_cumul=2.33023 Wh_cumul=0.00838587 
t=51 V=3.59876 A=0.149494 W=0.537993 mAh_cumul=2.37175 Wh_cumul=0.00853531 
t=52 V=3.59876 A=0.148641 W=0.534923 mAh_cumul=2.41304 Wh_cumul=0.0086839 
t=53 V=3.59874 A=0.14784 W=0.532038 mAh_cumul=2.45411 Wh_cumul=0.00883169 
t=54 V=3.59874 A=0.147129 W=0.529479 mAh_cumul=2.49498 Wh_cumul=0.00897877 
t=55 V=3.59878 A=0.146717 W=0.528002 mAh_cumul=2.53573 Wh_cumul=0.00912544 
t=56 V=3.59878 A=0.146122 W=0.525861 mAh_cumul=2.57632 Wh_cumul=0.00927151 
t=57 V=3.59875 A=0.145473 W=0.523521 mAh_cumul=2.61673 Wh_cumul=0.00941693 
t=58 V=3.59876 A=0.144908 W=0.521489 mAh_cumul=2.65698 Wh_cumul=0.00956179 
t=59 V=3.59876 A=0.144416 W=0.519719 mAh_cumul=2.6971 Wh_cumul=0.00970616 
t=60 V=3.59877 A=0.14393 W=0.517971 mAh_cumul=2.73708 Wh_cumul=0.00985004 
t=61 V=3.59874 A=0.142994 W=0.514598 mAh_cumul=2.7768 Wh_cumul=0.00999298 
t=62 V=3.59875 A=0.142347 W=0.512271 mAh_cumul=2.81634 Wh_cumul=0.0101353 
t=63 V=3.59874 A=0.14186 W=0.510517 mAh_cumul=2.85575 Wh_cumul=0.0102771 
t=64 V=3.59876 A=0.141461 W=0.509084 mAh_cumul=2.89504 Wh_cumul=0.0104185 
t=65 V=3.59877 A=0.140965 W=0.507301 mAh_cumul=2.9342 Wh_cumul=0.0105594 
t=66 V=3.59874 A=0.140743 W=0.506497 mAh_cumul=2.97329 Wh_cumul=0.0107001 
t=67 V=3.59876 A=0.140057 W=0.504032 mAh_cumul=3.0122 Wh_cumul=0.0108401 
t=68 V=3.59874 A=0.139436 W=0.501794 mAh_cumul=3.05093 Wh_cumul=0.0109795 
t=69 V=3.59875 A=0.138854 W=0.499701 mAh_cumul=3.0895 Wh_cumul=0.0111183 
t=70 V=3.59872 A=0.138556 W=0.498624 mAh_cumul=3.12799 Wh_cumul=0.0112568 
t=71 V=3.59873 A=0.138159 W=0.497197 mAh_cumul=3.16637 Wh_cumul=0.0113949 
t=72 V=3.59873 A=0.137482 W=0.494761 mAh_cumul=3.20456 Wh_cumul=0.0115324 
t=73 V=3.59876 A=0.137061 W=0.49325 mAh_cumul=3.24263 Wh_cumul=0.0116694 
t=74 V=3.59876 A=0.136662 W=0.491814 mAh_cumul=3.28059 Wh_cumul=0.011806 
t=75 V=3.59876 A=0.136326 W=0.490605 mAh_cumul=3.31846 Wh_cumul=0.0119423 
t=76 V=3.59877 A=0.135686 W=0.488303 mAh_cumul=3.35615 Wh_cumul=0.0120779 
t=77 V=3.59873 A=0.1354 W=0.487268 mAh_cumul=3.39376 Wh_cumul=0.0122133 
t=78 V=3.59878 A=0.135301 W=0.486919 mAh_cumul=3.43134 Wh_cumul=0.0123485 
t=79 V=3.59879 A=0.134822 W=0.485196 mAh_cumul=3.46879 Wh_cumul=0.0124833 
t=80 V=3.59876 A=0.134282 W=0.483249 mAh_cumul=3.5061 Wh_cumul=0.0126175 
t=81 V=3.59876 A=0.133808 W=0.481543 mAh_cumul=3.54326 Wh_cumul=0.0127513 
t=82 V=3.59874 A=0.133462 W=0.480295 mAh_cumul=3.58034 Wh_cumul=0.0128847 
t=83 V=3.59876 A=0.132768 W=0.4778 mAh_cumul=3.61722 Wh_cumul=0.0130174 
t=84 V=3.59874 A=0.132343 W=0.476268 mAh_cumul=3.65398 Wh_cumul=0.0131497 
t=85 V=3.59875 A=0.131838 W=0.474452 mAh_cumul=3.6906 Wh_cumul=0.0132815 
t=86 V=3.59875 A=0.131612 W=0.473639 mAh_cumul=3.72716 Wh_cumul=0.0134131 
t=87 V=3.59876 A=0.131311 W=0.472557 mAh_cumul=3.76363 Wh_cumul=0.0135444 
t=88 V=3.59875 A=0.130922 W=0.471156 mAh_cumul=3.8 Wh_cumul=0.0136752 
t=89 V=3.59877 A=0.13066 W=0.470215 mAh_cumul=3.8363 Wh_cumul=0.0138058 
t=90 V=3.59877 A=0.130277 W=0.468837 mAh_cumul=3.87248 Wh_cumul=0.0139361 
t=91 V=3.59878 A=0.12986 W=0.467338 mAh_cumul=3.90856 Wh_cumul=0.0140659 
t=92 V=3.59873 A=0.129279 W=0.46524 mAh_cumul=3.94447 Wh_cumul=0.0141951 
t=93 V=3.59874 A=0.129094 W=0.464576 mAh_cumul=3.98033 Wh_cumul=0.0143242 
t=94 V=3.59878 A=0.128797 W=0.463512 mAh_cumul=4.0161 Wh_cumul=0.0144529 
t=95 V=3.59873 A=0.128449 W=0.462253 mAh_cumul=4.05178 Wh_cumul=0.0145813 
t=96 V=3.59874 A=0.127889 W=0.460239 mAh_cumul=4.08731 Wh_cumul=0.0147092 
t=97 V=3.59879 A=0.127689 W=0.459526 mAh_cumul=4.12278 Wh_cumul=0.0148368 
t=98 V=3.59874 A=0.127343 W=0.458274 mAh_cumul=4.15815 Wh_cumul=0.0149641 
t=99 V=3.59875 A=0.127049 W=0.457218 mAh_cumul=4.19344 Wh_cumul=0.0150911 
t=100 V=3.59873 A=0.126485 W=0.455185 mAh_cumul=4.22858 Wh_cumul=0.0152176 
t=101 V=3.59875 A=0.126419 W=0.45495 mAh_cumul=4.26369 Wh_cumul=0.0153439 
t=102 V=3.59873 A=0.126121 W=0.453875 mAh_cumul=4.29873 Wh_cumul=0.01547 
t=103 V=3.59876 A=0.125774 W=0.45263 mAh_cumul=4.33366 Wh_cumul=0.0155957 
t=104 V=3.59876 A=0.12564 W=0.452148 mAh_cumul=4.36856 Wh_cumul=0.0157213 
t=105 V=3.59879 A=0.125681 W=0.4523 mAh_cumul=4.40348 Wh_cumul=0.015847 
t=106 V=3.59877 A=0.125203 W=0.450577 mAh_cumul=4.43825 Wh_cumul=0.0159721 
t=107 V=3.59878 A=0.124635 W=0.448534 mAh_cumul=4.47288 Wh_cumul=0.0160967 
t=108 V=3.59875 A=0.124206 W=0.446986 mAh_cumul=4.50738 Wh_cumul=0.0162209 
t=109 V=3.59873 A=0.123972 W=0.446142 mAh_cumul=4.54181 Wh_cumul=0.0163448 
t=110 V=3.59875 A=0.123696 W=0.445151 mAh_cumul=4.57617 Wh_cumul=0.0164685 
t=111 V=3.59875 A=0.123055 W=0.442844 mAh_cumul=4.61036 Wh_cumul=0.0165915 
t=112 V=3.59876 A=0.122994 W=0.442626 mAh_cumul=4.64452 Wh_cumul=0.0167144 
t=113 V=3.59871 A=0.122412 W=0.440525 mAh_cumul=4.67852 Wh_cumul=0.0168368 
t=114 V=3.59874 A=0.122127 W=0.439503 mAh_cumul=4.71245 Wh_cumul=0.0169589 
t=115 V=3.59873 A=0.121918 W=0.43875 mAh_cumul=4.74631 Wh_cumul=0.0170808 
t=116 V=3.59876 A=0.121912 W=0.438732 mAh_cumul=4.78018 Wh_cumul=0.0172026 
t=117 V=3.59876 A=0.12166 W=0.437825 mAh_cumul=4.81397 Wh_cumul=0.0173243 
t=118 V=3.59874 A=0.121032 W=0.435563 mAh_cumul=4.84759 Wh_cumul=0.0174452 
t=119 V=3.59873 A=0.120818 W=0.434791 mAh_cumul=4.88115 Wh_cumul=0.017566 
t=120 V=3.59876 A=0.120436 W=0.43342 mAh_cumul=4.91461 Wh_cumul=0.0176864 
t=121 V=3.59874 A=0.120205 W=0.432587 mAh_cumul=4.948 Wh_cumul=0.0178066 
t=122 V=3.59875 A=0.120038 W=0.431987 mAh_cumul=4.98134 Wh_cumul=0.0179266 
t=123 V=3.59873 A=0.119661 W=0.430628 mAh_cumul=5.01458 Wh_cumul=0.0180462 
t=124 V=3.59873 A=0.119521 W=0.430124 mAh_cumul=5.04778 Wh_cumul=0.0181657 
t=125 V=3.59877 A=0.119425 W=0.429783 mAh_cumul=5.08096 Wh_cumul=0.0182851 
t=126 V=3.59873 A=0.11889 W=0.427853 mAh_cumul=5.11398 Wh_cumul=0.0184039 
t=127 V=3.5987 A=0.118553 W=0.426637 mAh_cumul=5.14691 Wh_cumul=0.0185224 
t=128 V=3.59872 A=0.118592 W=0.426779 mAh_cumul=5.17985 Wh_cumul=0.018641 
t=129 V=3.59876 A=0.118468 W=0.426338 mAh_cumul=5.21276 Wh_cumul=0.0187594 
t=130 V=3.59876 A=0.118035 W=0.42478 mAh_cumul=5.24555 Wh_cumul=0.0188774 
t=131 V=3.59875 A=0.117824 W=0.424019 mAh_cumul=5.27828 Wh_cumul=0.0189952 
t=132 V=3.59875 A=0.117325 W=0.422223 mAh_cumul=5.31087 Wh_cumul=0.0191125 
t=133 V=3.59874 A=0.117035 W=0.421179 mAh_cumul=5.34338 Wh_cumul=0.0192295 
t=134 V=3.59876 A=0.117145 W=0.421577 mAh_cumul=5.37592 Wh_cumul=0.0193466 
t=135 V=3.59876 A=0.116654 W=0.41981 mAh_cumul=5.40832 Wh_cumul=0.0194632 
t=136 V=3.59875 A=0.116449 W=0.419071 mAh_cumul=5.44067 Wh_cumul=0.0195796 
t=137 V=3.59874 A=0.116457 W=0.419098 mAh_cumul=5.47302 Wh_cumul=0.019696 
t=138 V=3.59876 A=0.116215 W=0.41823 mAh_cumul=5.5053 Wh_cumul=0.0198122 
t=139 V=3.59872 A=0.11583 W=0.41684 mAh_cumul=5.53748 Wh_cumul=0.019928 
t=140 V=3.59872 A=0.115585 W=0.415958 mAh_cumul=5.56958 Wh_cumul=0.0200435 
t=141 V=3.59873 A=0.115243 W=0.414728 mAh_cumul=5.60159 Wh_cumul=0.0201587 
t=142 V=3.59874 A=0.114997 W=0.413844 mAh_cumul=5.63354 Wh_cumul=0.0202737 
t=143 V=3.59872 A=0.114722 W=0.412852 mAh_cumul=5.6654 Wh_cumul=0.0203883 
t=144 V=3.59873 A=0.114682 W=0.41271 mAh_cumul=5.69726 Wh_cumul=0.020503 
t=145 V=3.59874 A=0.114429 W=0.4118 mAh_cumul=5.72905 Wh_cumul=0.0206174 
t=146 V=3.59875 A=0.114315 W=0.411391 mAh_cumul=5.7608 Wh_cumul=0.0207316 
t=147 V=3.59876 A=0.113963 W=0.410125 mAh_cumul=5.79246 Wh_cumul=0.0208456 
t=148 V=3.59871 A=0.113757 W=0.409378 mAh_cumul=5.82406 Wh_cumul=0.0209593 
t=149 V=3.59874 A=0.113813 W=0.409583 mAh_cumul=5.85567 Wh_cumul=0.0210731 
t=150 V=3.59876 A=0.113558 W=0.408668 mAh_cumul=5.88722 Wh_cumul=0.0211866 
t=151 V=3.59878 A=0.113236 W=0.407511 mAh_cumul=5.91867 Wh_cumul=0.0212998 
t=152 V=3.59876 A=0.113079 W=0.406944 mAh_cumul=5.95008 Wh_cumul=0.0214128 
t=153 V=3.59876 A=0.112704 W=0.405595 mAh_cumul=5.98139 Wh_cumul=0.0215255 
t=154 V=3.59872 A=0.112339 W=0.404277 mAh_cumul=6.01259 Wh_cumul=0.0216378 
t=155 V=3.59876 A=0.112325 W=0.404231 mAh_cumul=6.04379 Wh_cumul=0.0217501 
t=156 V=3.59876 A=0.111888 W=0.402658 mAh_cumul=6.07487 Wh_cumul=0.0218619 
t=157 V=3.59877 A=0.111845 W=0.402504 mAh_cumul=6.10594 Wh_cumul=0.0219737 
t=158 V=3.59875 A=0.111437 W=0.401034 mAh_cumul=6.1369 Wh_cumul=0.0220851 
t=159 V=3.59873 A=0.111115 W=0.399873 mAh_cumul=6.16776 Wh_cumul=0.0221962 
t=160 V=3.59875 A=0.110872 W=0.399001 mAh_cumul=6.19856 Wh_cumul=0.022307 
t=161 V=3.59871 A=0.110595 W=0.397999 mAh_cumul=6.22928 Wh_cumul=0.0224176 
t=162 V=3.59872 A=0.11045 W=0.397479 mAh_cumul=6.25996 Wh_cumul=0.022528 
t=163 V=3.59872 A=0.110104 W=0.396233 mAh_cumul=6.29055 Wh_cumul=0.0226381 
t=164 V=3.59875 A=0.110019 W=0.395931 mAh_cumul=6.32111 Wh_cumul=0.022748 
t=165 V=3.59874 A=0.109948 W=0.395674 mAh_cumul=6.35165 Wh_cumul=0.022858 
t=166 V=3.59872 A=0.109621 W=0.394495 mAh_cumul=6.3821 Wh_cumul=0.0229675 
t=167 V=3.59871 A=0.109261 W=0.393199 mAh_cumul=6.41245 Wh_cumul=0.0230768 
t=168 V=3.59873 A=0.109323 W=0.393424 mAh_cumul=6.44282 Wh_cumul=0.023186 
t=169 V=3.59874 A=0.109072 W=0.392522 mAh_cumul=6.47311 Wh_cumul=0.0232951 
t=170 V=3.59869 A=0.108779 W=0.391462 mAh_cumul=6.50333 Wh_cumul=0.0234038 
t=171 V=3.59874 A=0.108516 W=0.390521 mAh_cumul=6.53347 Wh_cumul=0.0235123 
t=172 V=3.59874 A=0.108523 W=0.390546 mAh_cumul=6.56362 Wh_cumul=0.0236208 
t=173 V=3.59875 A=0.108285 W=0.389691 mAh_cumul=6.5937 Wh_cumul=0.023729 
t=174 V=3.59876 A=0.108471 W=0.390361 mAh_cumul=6.62383 Wh_cumul=0.0238375 
t=175 V=3.59873 A=0.108253 W=0.389573 mAh_cumul=6.6539 Wh_cumul=0.0239457 
t=176 V=3.59877 A=0.107984 W=0.38861 mAh_cumul=6.68389 Wh_cumul=0.0240536 
t=177 V=3.59875 A=0.107793 W=0.38792 mAh_cumul=6.71384 Wh_cumul=0.0241614 
t=178 V=3.59875 A=0.107604 W=0.38724 mAh_cumul=6.74373 Wh_cumul=0.0242689 
t=179 V=3.59875 A=0.10747 W=0.386758 mAh_cumul=6.77358 Wh_cumul=0.0243764 
t=180 V=3.59874 A=0.107154 W=0.385619 mAh_cumul=6.80334 Wh_cumul=0.0244835 
t=181 V=3.59877 A=0.106702 W=0.383996 mAh_cumul=6.83298 Wh_cumul=0.0245902 
t=182 V=3.59873 A=0.106759 W=0.384197 mAh_cumul=6.86264 Wh_cumul=0.0246969 
t=183 V=3.59873 A=0.106421 W=0.38298 mAh_cumul=6.8922 Wh_cumul=0.0248033 
t=184 V=3.59874 A=0.106554 W=0.38346 mAh_cumul=6.9218 Wh_cumul=0.0249098 
t=185 V=3.59876 A=0.10645 W=0.383088 mAh_cumul=6.95137 Wh_cumul=0.0250162 
t=186 V=3.59877 A=0.105955 W=0.381308 mAh_cumul=6.9808 Wh_cumul=0.0251221 
t=187 V=3.59872 A=0.105905 W=0.381122 mAh_cumul=7.01022 Wh_cumul=0.025228 
t=188 V=3.59876 A=0.105734 W=0.380511 mAh_cumul=7.03959 Wh_cumul=0.0253337 
t=189 V=3.59875 A=0.105598 W=0.380021 mAh_cumul=7.06892 Wh_cumul=0.0254392 
t=190 V=3.59875 A=0.105194 W=0.378567 mAh_cumul=7.09814 Wh_cumul=0.0255444 
t=191 V=3.59878 A=0.104979 W=0.377796 mAh_cumul=7.1273 Wh_cumul=0.0256493 
t=192 V=3.59875 A=0.104587 W=0.376382 mAh_cumul=7.15635 Wh_cumul=0.0257539 
t=193 V=3.59873 A=0.104579 W=0.376352 mAh_cumul=7.1854 Wh_cumul=0.0258584 
t=194 V=3.59877 A=0.104701 W=0.376795 mAh_cumul=7.21449 Wh_cumul=0.0259631 
t=195 V=3.59875 A=0.104348 W=0.375522 mAh_cumul=7.24347 Wh_cumul=0.0260674 
t=196 V=3.59875 A=0.104315 W=0.375404 mAh_cumul=7.27245 Wh_cumul=0.0261717 
t=197 V=3.59872 A=0.103988 W=0.374224 mAh_cumul=7.30134 Wh_cumul=0.0262756 
t=198 V=3.59876 A=0.103934 W=0.374034 mAh_cumul=7.33021 Wh_cumul=0.0263795 
t=199 V=3.59875 A=0.103747 W=0.37336 mAh_cumul=7.35902 Wh_cumul=0.0264832 
t=200 V=3.59877 A=0.103499 W=0.372469 mAh_cumul=7.38777 Wh_cumul=0.0265867 
t=201 V=3.59876 A=0.103392 W=0.372083 mAh_cumul=7.41649 Wh_cumul=0.0266901 
t=202 V=3.59876 A=0.103169 W=0.37128 mAh_cumul=7.44515 Wh_cumul=0.0267932 
t=203 V=3.59875 A=0.103019 W=0.37074 mAh_cumul=7.47377 Wh_cumul=0.0268962 
t=204 V=3.59874 A=0.102895 W=0.370292 mAh_cumul=7.50235 Wh_cumul=0.026999 
t=205 V=3.59876 A=0.102599 W=0.369229 mAh_cumul=7.53085 Wh_cumul=0.0271016 
t=206 V=3.59874 A=0.10258 W=0.369159 mAh_cumul=7.55935 Wh_cumul=0.0272042 
t=207 V=3.59874 A=0.102219 W=0.36786 mAh_cumul=7.58774 Wh_cumul=0.0273063 
t=208 V=3.59875 A=0.102006 W=0.367094 mAh_cumul=7.61607 Wh_cumul=0.0274083 
t=209 V=3.59877 A=0.102047 W=0.367244 mAh_cumul=7.64442 Wh_cumul=0.0275103 
t=210 V=3.59874 A=0.101952 W=0.366899 mAh_cumul=7.67274 Wh_cumul=0.0276122 
t=211 V=3.59875 A=0.101948 W=0.366885 mAh_cumul=7.70106 Wh_cumul=0.0277141 
t=212 V=3.59879 A=0.101872 W=0.366616 mAh_cumul=7.72936 Wh_cumul=0.027816 
t=213 V=3.59876 A=0.101609 W=0.365666 mAh_cumul=7.75758 Wh_cumul=0.0279176 
t=214 V=3.59876 A=0.101236 W=0.364324 mAh_cumul=7.7857 Wh_cumul=0.0280188 
t=215 V=3.59874 A=0.100838 W=0.36289 mAh_cumul=7.81371 Wh_cumul=0.0281196 
t=216 V=3.59875 A=0.100795 W=0.362736 mAh_cumul=7.84171 Wh_cumul=0.0282203 
t=217 V=3.59875 A=0.100571 W=0.36193 mAh_cumul=7.86965 Wh_cumul=0.0283209 
t=218 V=3.59872 A=0.100336 W=0.361081 mAh_cumul=7.89752 Wh_cumul=0.0284212 
t=219 V=3.59875 A=0.100556 W=0.361876 mAh_cumul=7.92545 Wh_cumul=0.0285217 
t=220 V=3.59874 A=0.100428 W=0.361414 mAh_cumul=7.95335 Wh_cumul=0.0286221 
t=221 V=3.59878 A=0.100431 W=0.361429 mAh_cumul=7.98125 Wh_cumul=0.0287225 
t=222 V=3.59876 A=0.100555 W=0.361873 mAh_cumul=8.00918 Wh_cumul=0.028823 
t=223 V=3.5988 A=0.100388 W=0.361276 mAh_cumul=8.03706 Wh_cumul=0.0289233 
t=224 V=3.59881 A=0.100356 W=0.361162 mAh_cumul=8.06494 Wh_cumul=0.0290237 
t=225 V=3.59877 A=0.0997714 W=0.359054 mAh_cumul=8.09265 Wh_cumul=0.0291234 
t=226 V=3.59876 A=0.0995413 W=0.358225 mAh_cumul=8.1203 Wh_cumul=0.0292229 
t=227 V=3.59874 A=0.0991507 W=0.356818 mAh_cumul=8.14785 Wh_cumul=0.029322 
t=228 V=3.59874 A=0.0992106 W=0.357033 mAh_cumul=8.17541 Wh_cumul=0.0294212 
t=229 V=3.59874 A=0.0989739 W=0.356181 mAh_cumul=8.2029 Wh_cumul=0.0295201 
t=230 V=3.59877 A=0.0986992 W=0.355196 mAh_cumul=8.23031 Wh_cumul=0.0296188 
t=231 V=3.59876 A=0.0985688 W=0.354725 mAh_cumul=8.25769 Wh_cumul=0.0297173 
t=232 V=3.59874 A=0.0984549 W=0.354314 mAh_cumul=8.28504 Wh_cumul=0.0298158 
t=233 V=3.59876 A=0.0984466 W=0.354286 mAh_cumul=8.31239 Wh_cumul=0.0299142 
t=234 V=3.59874 A=0.0982775 W=0.353675 mAh_cumul=8.33969 Wh_cumul=0.0300124 
t=235 V=3.59875 A=0.0980639 W=0.352907 mAh_cumul=8.36693 Wh_cumul=0.0301104 
t=236 V=3.59874 A=0.0979689 W=0.352565 mAh_cumul=8.39414 Wh_cumul=0.0302084 
t=237 V=3.59874 A=0.0974528 W=0.350707 mAh_cumul=8.42121 Wh_cumul=0.0303058 
t=238 V=3.59876 A=0.0972451 W=0.349962 mAh_cumul=8.44823 Wh_cumul=0.030403 
t=239 V=3.59875 A=0.0973538 W=0.350352 mAh_cumul=8.47527 Wh_cumul=0.0305003 
t=240 V=3.59874 A=0.0973847 W=0.350462 mAh_cumul=8.50232 Wh_cumul=0.0305977 
t=241 V=3.59875 A=0.0973639 W=0.350388 mAh_cumul=8.52936 Wh_cumul=0.030695 
t=242 V=3.59873 A=0.0969908 W=0.349044 mAh_cumul=8.55631 Wh_cumul=0.030792 
t=243 V=3.59876 A=0.0968343 W=0.348483 mAh_cumul=8.58321 Wh_cumul=0.0308888 
t=244 V=3.59873 A=0.096367 W=0.346799 mAh_cumul=8.60997 Wh_cumul=0.0309851 
t=245 V=3.59873 A=0.096092 W=0.345809 mAh_cumul=8.63667 Wh_cumul=0.0310812 
t=246 V=3.59875 A=0.095959 W=0.345332 mAh_cumul=8.66332 Wh_cumul=0.0311771 
t=247 V=3.59875 A=0.0958975 W=0.345111 mAh_cumul=8.68996 Wh_cumul=0.031273 
t=248 V=3.59875 A=0.0958898 W=0.345083 mAh_cumul=8.7166 Wh_cumul=0.0313688 
t=249 V=3.59875 A=0.0956009 W=0.344044 mAh_cumul=8.74315 Wh_cumul=0.0314644 
t=250 V=3.59871 A=0.0953769 W=0.343234 mAh_cumul=8.76964 Wh_cumul=0.0315597 
t=251 V=3.5987 A=0.0954205 W=0.34339 mAh_cumul=8.79615 Wh_cumul=0.0316551 
t=252 V=3.59874 A=0.0952242 W=0.342687 mAh_cumul=8.8226 Wh_cumul=0.0317503 
t=253 V=3.59874 A=0.0951282 W=0.342342 mAh_cumul=8.84903 Wh_cumul=0.0318454 
t=254 V=3.59875 A=0.0950452 W=0.342044 mAh_cumul=8.87543 Wh_cumul=0.0319404 
t=255 V=3.59877 A=0.095013 W=0.34193 mAh_cumul=8.90182 Wh_cumul=0.0320354 
t=256 V=3.59878 A=0.0948415 W=0.341314 mAh_cumul=8.92817 Wh_cumul=0.0321302 
t=257 V=3.59876 A=0.0947397 W=0.340945 mAh_cumul=8.95448 Wh_cumul=0.0322249 
t=258 V=3.59877 A=0.0943904 W=0.339689 mAh_cumul=8.9807 Wh_cumul=0.0323193 
t=259 V=3.59875 A=0.0942878 W=0.339318 mAh_cumul=9.00689 Wh_cumul=0.0324135 
t=260 V=3.59875 A=0.0941834 W=0.338943 mAh_cumul=9.03305 Wh_cumul=0.0325077 
t=261 V=3.59872 A=0.0940176 W=0.338343 mAh_cumul=9.05917 Wh_cumul=0.0326016 
t=262 V=3.59874 A=0.0938498 W=0.337741 mAh_cumul=9.08524 Wh_cumul=0.0326955 
t=263 V=3.59875 A=0.0938973 W=0.337913 mAh_cumul=9.11132 Wh_cumul=0.0327893 
t=264 V=3.59874 A=0.0935046 W=0.336499 mAh_cumul=9.1373 Wh_cumul=0.0328828 
t=265 V=3.59872 A=0.0934103 W=0.336158 mAh_cumul=9.16324 Wh_cumul=0.0329762 
t=266 V=3.59874 A=0.0930819 W=0.334978 mAh_cumul=9.1891 Wh_cumul=0.0330692 
t=267 V=3.59873 A=0.0929055 W=0.334342 mAh_cumul=9.21491 Wh_cumul=0.0331621 
t=268 V=3.59872 A=0.0927144 W=0.333653 mAh_cumul=9.24066 Wh_cumul=0.0332548 
t=269 V=3.59875 A=0.0926457 W=0.333409 mAh_cumul=9.2664 Wh_cumul=0.0333474 
t=270 V=3.59871 A=0.0925619 W=0.333103 mAh_cumul=9.29211 Wh_cumul=0.0334399 
t=271 V=3.59872 A=0.0923338 W=0.332283 mAh_cumul=9.31776 Wh_cumul=0.0335322 
t=272 V=3.59873 A=0.0922584 W=0.332013 mAh_cumul=9.34338 Wh_cumul=0.0336245 
t=273 V=3.59871 A=0.0921413 W=0.33159 mAh_cumul=9.36898 Wh_cumul=0.0337166 
t=274 V=3.59873 A=0.0921689 W=0.331691 mAh_cumul=9.39458 Wh_cumul=0.0338087 
t=275 V=3.59874 A=0.0920037 W=0.331097 mAh_cumul=9.42014 Wh_cumul=0.0339007 
t=276 V=3.59872 A=0.0914428 W=0.329077 mAh_cumul=9.44554 Wh_cumul=0.0339921 
t=277 V=3.59871 A=0.0913301 W=0.328671 mAh_cumul=9.47091 Wh_cumul=0.0340834 
t=278 V=3.59873 A=0.0913209 W=0.328639 mAh_cumul=9.49627 Wh_cumul=0.0341747 
t=279 V=3.59874 A=0.0913737 W=0.32883 mAh_cumul=9.52165 Wh_cumul=0.034266 
t=280 V=3.59874 A=0.0911227 W=0.327927 mAh_cumul=9.54697 Wh_cumul=0.0343571 
t=281 V=3.59872 A=0.0909529 W=0.327314 mAh_cumul=9.57223 Wh_cumul=0.034448 
t=282 V=3.59871 A=0.0910063 W=0.327505 mAh_cumul=9.59751 Wh_cumul=0.034539 
t=283 V=3.59871 A=0.0906964 W=0.32639 mAh_cumul=9.6227 Wh_cumul=0.0346297 
t=284 V=3.59873 A=0.090872 W=0.327024 mAh_cumul=9.64795 Wh_cumul=0.0347205 
t=285 V=3.59873 A=0.090578 W=0.325966 mAh_cumul=9.67311 Wh_cumul=0.034811 
t=286 V=3.59874 A=0.0906202 W=0.326119 mAh_cumul=9.69828 Wh_cumul=0.0349016 
t=287 V=3.59874 A=0.0905653 W=0.325921 mAh_cumul=9.72344 Wh_cumul=0.0349922 
t=288 V=3.59874 A=0.090517 W=0.325747 mAh_cumul=9.74858 Wh_cumul=0.0350826 
t=289 V=3.59877 A=0.0903757 W=0.325241 mAh_cumul=9.77368 Wh_cumul=0.035173 
t=290 V=3.59875 A=0.0900932 W=0.324223 mAh_cumul=9.79871 Wh_cumul=0.0352631 
t=291 V=3.59874 A=0.0898447 W=0.323328 mAh_cumul=9.82367 Wh_cumul=0.0353529 
t=292 V=3.59873 A=0.089672 W=0.322705 mAh_cumul=9.84858 Wh_cumul=0.0354425 
t=293 V=3.59872 A=0.0893258 W=0.321459 mAh_cumul=9.87339 Wh_cumul=0.0355318 
t=294 V=3.59871 A=0.0893111 W=0.321405 mAh_cumul=9.8982 Wh_cumul=0.0356211 
t=295 V=3.59871 A=0.0892354 W=0.321132 mAh_cumul=9.92299 Wh_cumul=0.0357103 
t=296 V=3.59873 A=0.0892132 W=0.321054 mAh_cumul=9.94777 Wh_cumul=0.0357995 
t=297 V=3.59872 A=0.0892223 W=0.321086 mAh_cumul=9.97255 Wh_cumul=0.0358887 
t=298 V=3.59874 A=0.08906 W=0.320504 mAh_cumul=9.99729 Wh_cumul=0.0359777 
t=299 V=3.59876 A=0.0889144 W=0.319982 mAh_cumul=10.022 Wh_cumul=0.0360666 
t=300 V=3.59875 A=0.0890673 W=0.320531 mAh_cumul=10.0467 Wh_cumul=0.0361556 
t=301 V=3.59875 A=0.0889716 W=0.320187 mAh_cumul=10.0714 Wh_cumul=0.0362445 
t=302 V=3.59875 A=0.0888491 W=0.319746 mAh_cumul=10.0961 Wh_cumul=0.0363334 
t=303 V=3.59878 A=0.0888642 W=0.319803 mAh_cumul=10.1208 Wh_cumul=0.0364222 
t=304 V=3.59874 A=0.088678 W=0.319129 mAh_cumul=10.1454 Wh_cumul=0.0365108 
t=305 V=3.59874 A=0.0882772 W=0.317687 mAh_cumul=10.17 Wh_cumul=0.0365991 
t=306 V=3.59872 A=0.0881632 W=0.317275 mAh_cumul=10.1945 Wh_cumul=0.0366872 
t=307 V=3.59872 A=0.0880327 W=0.316805 mAh_cumul=10.2189 Wh_cumul=0.0367752 
t=308 V=3.59874 A=0.0880679 W=0.316933 mAh_cumul=10.2434 Wh_cumul=0.0368633 
t=309 V=3.59872 A=0.0877883 W=0.315926 mAh_cumul=10.2678 Wh_cumul=0.036951 
t=310 V=3.5987 A=0.0874182 W=0.314592 mAh_cumul=10.292 Wh_cumul=0.0370384 
t=311 V=3.59874 A=0.0875573 W=0.315096 mAh_cumul=10.3164 Wh_cumul=0.0371259 
t=312 V=3.59876 A=0.0874701 W=0.314784 mAh_cumul=10.3407 Wh_cumul=0.0372134 
t=313 V=3.59875 A=0.087517 W=0.314952 mAh_cumul=10.365 Wh_cumul=0.0373009 
t=314 V=3.59878 A=0.0874191 W=0.314602 mAh_cumul=10.3892 Wh_cumul=0.0373882 
t=315 V=3.59874 A=0.0869769 W=0.313007 mAh_cumul=10.4134 Wh_cumul=0.0374752 
t=316 V=3.59873 A=0.0870406 W=0.313236 mAh_cumul=10.4376 Wh_cumul=0.0375622 
t=317 V=3.59872 A=0.0868057 W=0.312389 mAh_cumul=10.4617 Wh_cumul=0.037649 
t=318 V=3.59874 A=0.0866639 W=0.311881 mAh_cumul=10.4858 Wh_cumul=0.0377356 
t=319 V=3.59873 A=0.0867654 W=0.312245 mAh_cumul=10.5099 Wh_cumul=0.0378223 
t=320 V=3.59875 A=0.0867529 W=0.312202 mAh_cumul=10.534 Wh_cumul=0.0379091 
t=321 V=3.59875 A=0.0868415 W=0.312521 mAh_cumul=10.5581 Wh_cumul=0.0379959 
t=322 V=3.59877 A=0.0862426 W=0.310367 mAh_cumul=10.5821 Wh_cumul=0.0380821 
t=323 V=3.59872 A=0.0858755 W=0.309042 mAh_cumul=10.6059 Wh_cumul=0.0381679 
t=324 V=3.59872 A=0.086085 W=0.309796 mAh_cumul=10.6298 Wh_cumul=0.038254 
t=325 V=3.59877 A=0.0861991 W=0.310211 mAh_cumul=10.6538 Wh_cumul=0.0383402 
t=326 V=3.59875 A=0.085958 W=0.309341 mAh_cumul=10.6776 Wh_cumul=0.0384261 
t=327 V=3.59876 A=0.0858674 W=0.309016 mAh_cumul=10.7015 Wh_cumul=0.0385119 
t=328 V=3.59874 A=0.0854055 W=0.307352 mAh_cumul=10.7252 Wh_cumul=0.0385973 
t=329 V=3.59877 A=0.0855256 W=0.307787 mAh_cumul=10.749 Wh_cumul=0.0386828 
t=330 V=3.59871 A=0.0852126 W=0.306655 mAh_cumul=10.7726 Wh_cumul=0.038768 
t=331 V=3.5987 A=0.0850264 W=0.305985 mAh_cumul=10.7963 Wh_cumul=0.038853 
t=332 V=3.59872 A=0.0845259 W=0.304185 mAh_cumul=10.8197 Wh_cumul=0.0389375 
t=333 V=3.59872 A=0.0848049 W=0.305189 mAh_cumul=10.8433 Wh_cumul=0.0390223 
t=334 V=3.59876 A=0.0852005 W=0.306616 mAh_cumul=10.867 Wh_cumul=0.0391074 
t=335 V=3.59874 A=0.0847942 W=0.305152 mAh_cumul=10.8905 Wh_cumul=0.0391922 
t=336 V=3.59876 A=0.0850482 W=0.306068 mAh_cumul=10.9141 Wh_cumul=0.0392772 
t=337 V=3.59873 A=0.0846939 W=0.30479 mAh_cumul=10.9377 Wh_cumul=0.0393619 
t=338 V=3.59877 A=0.08481 W=0.305212 mAh_cumul=10.9612 Wh_cumul=0.0394467 
t=339 V=3.59875 A=0.0847731 W=0.305077 mAh_cumul=10.9848 Wh_cumul=0.0395314 
t=340 V=3.59878 A=0.0846463 W=0.304623 mAh_cumul=11.0083 Wh_cumul=0.039616 
t=341 V=3.59877 A=0.0846597 W=0.304671 mAh_cumul=11.0318 Wh_cumul=0.0397006 
t=342 V=3.59874 A=0.0846337 W=0.304575 mAh_cumul=11.0553 Wh_cumul=0.0397852 
t=343 V=3.59878 A=0.084503 W=0.304108 mAh_cumul=11.0788 Wh_cumul=0.0398697 
t=344 V=3.59874 A=0.0842477 W=0.303186 mAh_cumul=11.1022 Wh_cumul=0.0399539 
t=345 V=3.59878 A=0.0842611 W=0.303237 mAh_cumul=11.1256 Wh_cumul=0.0400382 
t=346 V=3.59876 A=0.0839517 W=0.302122 mAh_cumul=11.1489 Wh_cumul=0.0401221 
t=347 V=3.59875 A=0.0837432 W=0.301371 mAh_cumul=11.1722 Wh_cumul=0.0402058 
t=348 V=3.59876 A=0.0835044 W=0.300512 mAh_cumul=11.1954 Wh_cumul=0.0402893 
t=349 V=3.59876 A=0.0832362 W=0.299547 mAh_cumul=11.2185 Wh_cumul=0.0403725 
t=350 V=3.59874 A=0.0832314 W=0.299528 mAh_cumul=11.2416 Wh_cumul=0.0404557 
t=351 V=3.59871 A=0.082933 W=0.298452 mAh_cumul=11.2647 Wh_cumul=0.0405386 
t=352 V=3.59872 A=0.0829263 W=0.298429 mAh_cumul=11.2877 Wh_cumul=0.0406215 
t=353 V=3.59873 A=0.0826394 W=0.297397 mAh_cumul=11.3106 Wh_cumul=0.0407041 
t=354 V=3.59875 A=0.0828128 W=0.298023 mAh_cumul=11.3336 Wh_cumul=0.0407869 
t=355 V=3.59876 A=0.0829829 W=0.298636 mAh_cumul=11.3567 Wh_cumul=0.0408698 
t=356 V=3.59878 A=0.0827931 W=0.297954 mAh_cumul=11.3797 Wh_cumul=0.0409526 
t=357 V=3.59875 A=0.0824713 W=0.296794 mAh_cumul=11.4026 Wh_cumul=0.0410351 
t=358 V=3.59874 A=0.0824471 W=0.296706 mAh_cumul=11.4255 Wh_cumul=0.0411175 
t=359 V=3.59875 A=0.0819131 W=0.294785 mAh_cumul=11.4483 Wh_cumul=0.0411994 
t=360 V=3.59872 A=0.081804 W=0.29439 mAh_cumul=11.471 Wh_cumul=0.0412811 
t=361 V=3.59874 A=0.0816128 W=0.293703 mAh_cumul=11.4937 Wh_cumul=0.0413627 
t=362 V=3.59872 A=0.0818142 W=0.294426 mAh_cumul=11.5164 Wh_cumul=0.0414445 
t=363 V=3.59876 A=0.0818888 W=0.294698 mAh_cumul=11.5391 Wh_cumul=0.0415264 
t=364 V=3.59878 A=0.0818925 W=0.294713 mAh_cumul=11.5619 Wh_cumul=0.0416082 
t=365 V=3.59873 A=0.0817166 W=0.294076 mAh_cumul=11.5846 Wh_cumul=0.0416899 
t=366 V=3.59874 A=0.0815128 W=0.293343 mAh_cumul=11.6072 Wh_cumul=0.0417714 
t=367 V=3.59873 A=0.0814375 W=0.293072 mAh_cumul=11.6298 Wh_cumul=0.0418528 
t=368 V=3.59874 A=0.0812689 W=0.292466 mAh_cumul=11.6524 Wh_cumul=0.041934 
t=369 V=3.59877 A=0.0811945 W=0.2922 mAh_cumul=11.675 Wh_cumul=0.0420152 
t=370 V=3.59879 A=0.0813249 W=0.292671 mAh_cumul=11.6976 Wh_cumul=0.0420965 
t=371 V=3.59872 A=0.0810564 W=0.291699 mAh_cumul=11.7201 Wh_cumul=0.0421775 
t=372 V=3.59876 A=0.0810552 W=0.291698 mAh_cumul=11.7426 Wh_cumul=0.0422586 
t=373 V=3.59878 A=0.0811427 W=0.292015 mAh_cumul=11.7651 Wh_cumul=0.0423397 
t=374 V=3.59878 A=0.0809845 W=0.291445 mAh_cumul=11.7876 Wh_cumul=0.0424206 
t=375 V=3.59877 A=0.0807402 W=0.290565 mAh_cumul=11.81 Wh_cumul=0.0425013 
t=376 V=3.59876 A=0.0807965 W=0.290767 mAh_cumul=11.8325 Wh_cumul=0.0425821 
t=377 V=3.59876 A=0.0806108 W=0.290099 mAh_cumul=11.8549 Wh_cumul=0.0426627 
t=378 V=3.59876 A=0.080353 W=0.289171 mAh_cumul=11.8772 Wh_cumul=0.042743 
t=379 V=3.59873 A=0.0798273 W=0.287277 mAh_cumul=11.8994 Wh_cumul=0.0428228 
END

