0 errors cleared
t=0 V=4.15637 A=0.00944678 W=0.0392643 mAh_cumul=0 Wh_cumul=0 
t=2 V=4.15632 A=0.00945127 W=0.0392825 mAh_cumul=0.00525071 Wh_cumul=2.18236e-05 
t=3 V=4.20218 A=0.562883 W=2.36534 mAh_cumul=0.161607 Wh_cumul=0.000678861 
t=4 V=4.20213 A=0.53735 W=2.25801 mAh_cumul=0.310871 Wh_cumul=0.00130609 
t=5 V=4.20216 A=0.52479 W=2.20525 mAh_cumul=0.456646 Wh_cumul=0.00191866 
t=6 V=4.20215 A=0.514704 W=2.16286 mAh_cumul=0.599619 Wh_cumul=0.00251945 
t=7 V=4.20214 A=0.506273 W=2.12743 mAh_cumul=0.740251 Wh_cumul=0.00311041 
t=8 V=4.20217 A=0.498787 W=2.09599 mAh_cumul=0.878803 Wh_cumul=0.00369262 
t=9 V=4.20218 A=0.491607 W=2.06582 mAh_cumul=1.01536 Wh_cumul=0.00426646 
t=10 V=4.20217 A=0.485269 W=2.03918 mAh_cumul=1.15016 Wh_cumul=0.0048329 
t=11 V=4.20216 A=0.479054 W=2.01306 mAh_cumul=1.28323 Wh_cumul=0.00539209 
t=12 V=4.20217 A=0.473431 W=1.98944 mAh_cumul=1.41474 Wh_cumul=0.00594471 
t=13 V=4.20212 A=0.467931 W=1.9663 mAh_cumul=1.54472 Wh_cumul=0.0064909 
t=14 V=4.20216 A=0.463222 W=1.94653 mAh_cumul=1.67339 Wh_cumul=0.00703161 
t=15 V=4.20219 A=0.458259 W=1.92569 mAh_cumul=1.80068 Wh_cumul=0.00756652 
t=16 V=4.20219 A=0.453844 W=1.90714 mAh_cumul=1.92675 Wh_cumul=0.00809628 
t=17 V=4.20216 A=0.44923 W=1.88774 mAh_cumul=2.05154 Wh_cumul=0.00862065 
t=18 V=4.20217 A=0.445481 W=1.87199 mAh_cumul=2.17528 Wh_cumul=0.00914065 
t=19 V=4.20218 A=0.441614 W=1.85574 mAh_cumul=2.29795 Wh_cumul=0.00965613 
t=20 V=4.20219 A=0.438236 W=1.84155 mAh_cumul=2.41969 Wh_cumul=0.0101677 
t=21 V=4.20217 A=0.434595 W=1.82624 mAh_cumul=2.54041 Wh_cumul=0.010675 
t=22 V=4.20219 A=0.431434 W=1.81297 mAh_cumul=2.66025 Wh_cumul=0.0111786 
t=23 V=4.20218 A=0.427952 W=1.79833 mAh_cumul=2.77912 Wh_cumul=0.0116781 
t=24 V=4.20215 A=0.425064 W=1.78618 mAh_cumul=2.8972 Wh_cumul=0.0121743 
t=25 V=4.20217 A=0.421864 W=1.77274 mAh_cumul=3.01438 Wh_cumul=0.0126667 
t=26 V=4.20219 A=0.418997 W=1.76071 mAh_cumul=3.13077 Wh_cumul=0.0131558 
t=27 V=4.2022 A=0.41596 W=1.74795 mAh_cumul=3.24631 Wh_cumul=0.0136413 
t=28 V=4.20217 A=0.413185 W=1.73627 mAh_cumul=3.36109 Wh_cumul=0.0141236 
t=29 V=4.2022 A=0.410521 W=1.72509 mAh_cumul=3.47512 Wh_cumul=0.0146028 
t=30 V=4.20218 A=0.408112 W=1.71496 mAh_cumul=3.58849 Wh_cumul=0.0150792 
t=31 V=4.2022 A=0.405533 W=1.70413 mAh_cumul=3.70113 Wh_cumul=0.0155526 
t=32 V=4.2022 A=0.402809 W=1.69268 mAh_cumul=3.81303 Wh_cumul=0.0160227 
t=33 V=4.20219 A=0.400223 W=1.68181 mAh_cumul=3.9242 Wh_cumul=0.0164899 
t=34 V=4.20217 A=0.397783 W=1.67155 mAh_cumul=4.03469 Wh_cumul=0.0169542 
t=35 V=4.20219 A=0.395657 W=1.66263 mAh_cumul=4.1446 Wh_cumul=0.0174161 
t=36 V=4.20221 A=0.393428 W=1.65327 mAh_cumul=4.25388 Wh_cumul=0.0178753 
t=37 V=4.20219 A=0.390997 W=1.64304 mAh_cumul=4.36249 Wh_cumul=0.0183317 
t=38 V=4.20221 A=0.388899 W=1.63424 mAh_cumul=4.47052 Wh_cumul=0.0187857 
t=39 V=4.20221 A=0.386676 W=1.62489 mAh_cumul=4.57793 Wh_cumul=0.019237 
t=40 V=4.20221 A=0.384555 W=1.61598 mAh_cumul=4.68475 Wh_cumul=0.0196859 
t=41 V=4.20215 A=0.382311 W=1.60653 mAh_cumul=4.79095 Wh_cumul=0.0201322 
t=42 V=4.20217 A=0.380173 W=1.59755 mAh_cumul=4.89655 Wh_cumul=0.0205759 
t=43 V=4.20218 A=0.377995 W=1.5884 mAh_cumul=5.00155 Wh_cumul=0.0210172 
t=44 V=4.20218 A=0.376372 W=1.58158 mAh_cumul=5.1061 Wh_cumul=0.0214565 
t=45 V=4.20219 A=0.37446 W=1.57355 mAh_cumul=5.21012 Wh_cumul=0.0218936 
t=46 V=4.20219 A=0.372516 W=1.56538 mAh_cumul=5.31359 Wh_cumul=0.0223284 
t=47 V=4.20219 A=0.370476 W=1.55681 mAh_cumul=5.4165 Wh_cumul=0.0227609 
t=48 V=4.20216 A=0.36874 W=1.5495 mAh_cumul=5.51893 Wh_cumul=0.0231913 
t=49 V=4.20219 A=0.366898 W=1.54178 mAh_cumul=5.62085 Wh_cumul=0.0236196 
t=50 V=4.20215 A=0.365105 W=1.53423 mAh_cumul=5.72227 Wh_cumul=0.0240457 
t=51 V=4.20215 A=0.3632 W=1.52622 mAh_cumul=5.82315 Wh_cumul=0.0244697 
t=52 V=4.20215 A=0.361702 W=1.51993 mAh_cumul=5.92363 Wh_cumul=0.0248919 
t=53 V=4.20218 A=0.360167 W=1.51349 mAh_cumul=6.02367 Wh_cumul=0.0253123 
t=54 V=4.20214 A=0.358229 W=1.50533 mAh_cumul=6.12318 Wh_cumul=0.0257304 
t=55 V=4.20213 A=0.356412 W=1.49769 mAh_cumul=6.22219 Wh_cumul=0.0261465 
t=56 V=4.20215 A=0.355062 W=1.49202 mAh_cumul=6.32081 Wh_cumul=0.0265609 
t=57 V=4.20217 A=0.353583 W=1.48582 mAh_cumul=6.41903 Wh_cumul=0.0269736 
t=58 V=4.20217 A=0.352021 W=1.47925 mAh_cumul=6.51681 Wh_cumul=0.0273845 
t=59 V=4.20215 A=0.350126 W=1.47128 mAh_cumul=6.61407 Wh_cumul=0.0277932 
t=60 V=4.20215 A=0.348767 W=1.46557 mAh_cumul=6.71095 Wh_cumul=0.0282003 
t=61 V=4.20215 A=0.347232 W=1.45912 mAh_cumul=6.80741 Wh_cumul=0.0286056 
t=62 V=4.20214 A=0.345855 W=1.45333 mAh_cumul=6.90348 Wh_cumul=0.0290094 
t=63 V=4.20215 A=0.344544 W=1.44783 mAh_cumul=6.99918 Wh_cumul=0.0294115 
t=64 V=4.20217 A=0.34327 W=1.44248 mAh_cumul=7.09454 Wh_cumul=0.0298122 
t=65 V=4.20214 A=0.341873 W=1.4366 mAh_cumul=7.1895 Wh_cumul=0.0302113 
t=66 V=4.20219 A=0.340765 W=1.43196 mAh_cumul=7.28416 Wh_cumul=0.030609 
t=67 V=4.20218 A=0.339315 W=1.42586 mAh_cumul=7.37841 Wh_cumul=0.0310051 
t=68 V=4.20217 A=0.338057 W=1.42057 mAh_cumul=7.47232 Wh_cumul=0.0313997 
t=69 V=4.20219 A=0.336905 W=1.41574 mAh_cumul=7.5659 Wh_cumul=0.031793 
t=70 V=4.20219 A=0.335457 W=1.40965 mAh_cumul=7.65908 Wh_cumul=0.0321845 
t=71 V=4.20221 A=0.334402 W=1.40523 mAh_cumul=7.75197 Wh_cumul=0.0325749 
t=72 V=4.2022 A=0.332927 W=1.39903 mAh_cumul=7.84445 Wh_cumul=0.0329635 
t=73 V=4.20222 A=0.331492 W=1.393 mAh_cumul=7.93653 Wh_cumul=0.0333504 
t=74 V=4.20218 A=0.330368 W=1.38827 mAh_cumul=8.0283 Wh_cumul=0.0337361 
t=75 V=4.20216 A=0.328878 W=1.382 mAh_cumul=8.11966 Wh_cumul=0.03412 
t=76 V=4.20217 A=0.327875 W=1.37779 mAh_cumul=8.21073 Wh_cumul=0.0345027 
t=77 V=4.20219 A=0.32674 W=1.37302 mAh_cumul=8.30149 Wh_cumul=0.0348841 
t=78 V=4.20218 A=0.325791 W=1.36903 mAh_cumul=8.39199 Wh_cumul=0.0352644 
t=79 V=4.2022 A=0.324559 W=1.36386 mAh_cumul=8.48215 Wh_cumul=0.0356432 
t=80 V=4.20221 A=0.323142 W=1.35791 mAh_cumul=8.57191 Wh_cumul=0.0360204 
t=81 V=4.20217 A=0.321984 W=1.35303 mAh_cumul=8.66135 Wh_cumul=0.0363963 
t=82 V=4.20219 A=0.320984 W=1.34884 mAh_cumul=8.75051 Wh_cumul=0.0367709 
t=83 V=4.20218 A=0.319678 W=1.34334 mAh_cumul=8.83931 Wh_cumul=0.0371441 
t=84 V=4.20218 A=0.318551 W=1.33861 mAh_cumul=8.9278 Wh_cumul=0.0375159 
t=85 V=4.20217 A=0.317307 W=1.33338 mAh_cumul=9.01594 Wh_cumul=0.0378863 
t=86 V=4.20216 A=0.316206 W=1.32875 mAh_cumul=9.10377 Wh_cumul=0.0382554 
t=87 V=4.20219 A=0.315389 W=1.32532 mAh_cumul=9.19138 Wh_cumul=0.0386235 
t=88 V=4.20217 A=0.31456 W=1.32183 mAh_cumul=9.27876 Wh_cumul=0.0389907 
t=89 V=4.20219 A=0.313438 W=1.31713 mAh_cumul=9.36583 Wh_cumul=0.0393566 
t=90 V=4.2022 A=0.312717 W=1.3141 mAh_cumul=9.45269 Wh_cumul=0.0397216 
t=91 V=4.2022 A=0.311477 W=1.30889 mAh_cumul=9.53921 Wh_cumul=0.0400852 
t=92 V=4.20219 A=0.310407 W=1.30439 mAh_cumul=9.62544 Wh_cumul=0.0404475 
t=93 V=4.20217 A=0.309218 W=1.29939 mAh_cumul=9.71133 Wh_cumul=0.0408085 
t=94 V=4.20218 A=0.308354 W=1.29576 mAh_cumul=9.79698 Wh_cumul=0.0411684 
t=95 V=4.20218 A=0.30737 W=1.29162 mAh_cumul=9.88236 Wh_cumul=0.0415272 
t=96 V=4.20219 A=0.306423 W=1.28765 mAh_cumul=9.96748 Wh_cumul=0.0418849 
t=97 V=4.20217 A=0.305486 W=1.2837 mAh_cumul=10.0523 Wh_cumul=0.0422415 
t=98 V=4.20219 A=0.304416 W=1.27921 mAh_cumul=10.1369 Wh_cumul=0.0425968 
t=99 V=4.20217 A=0.303496 W=1.27534 mAh_cumul=10.2212 Wh_cumul=0.042951 
t=100 V=4.20217 A=0.302602 W=1.27159 mAh_cumul=10.3053 Wh_cumul=0.0433043 
t=101 V=4.20216 A=0.301568 W=1.26724 mAh_cumul=10.389 Wh_cumul=0.0436563 
t=102 V=4.20218 A=0.30068 W=1.26351 mAh_cumul=10.4726 Wh_cumul=0.0440073 
t=103 V=4.20219 A=0.300003 W=1.26067 mAh_cumul=10.5559 Wh_cumul=0.0443574 
t=104 V=4.20222 A=0.299022 W=1.25656 mAh_cumul=10.6389 Wh_cumul=0.0447065 
t=105 V=4.20218 A=0.297959 W=1.25208 mAh_cumul=10.7217 Wh_cumul=0.0450543 
t=106 V=4.20218 A=0.296929 W=1.24775 mAh_cumul=10.8042 Wh_cumul=0.0454009 
t=107 V=4.20219 A=0.296163 W=1.24453 mAh_cumul=10.8865 Wh_cumul=0.0457466 
t=108 V=4.20216 A=0.295265 W=1.24075 mAh_cumul=10.9685 Wh_cumul=0.0460912 
t=109 V=4.20218 A=0.294245 W=1.23647 mAh_cumul=11.0502 Wh_cumul=0.0464347 
t=110 V=4.20216 A=0.293467 W=1.2332 mAh_cumul=11.1317 Wh_cumul=0.0467773 
t=111 V=4.20218 A=0.292721 W=1.23007 mAh_cumul=11.213 Wh_cumul=0.0471189 
t=112 V=4.2022 A=0.29186 W=1.22645 mAh_cumul=11.2941 Wh_cumul=0.0474596 
t=113 V=4.20215 A=0.290822 W=1.22208 mAh_cumul=11.3749 Wh_cumul=0.0477991 
t=114 V=4.20217 A=0.290047 W=1.21883 mAh_cumul=11.4555 Wh_cumul=0.0481376 
t=115 V=4.20217 A=0.289212 W=1.21532 mAh_cumul=11.5358 Wh_cumul=0.0484752 
t=116 V=4.20219 A=0.288554 W=1.21256 mAh_cumul=11.616 Wh_cumul=0.0488121 
t=117 V=4.20218 A=0.287842 W=1.20956 mAh_cumul=11.6959 Wh_cumul=0.0491481 
t=118 V=4.20221 A=0.287044 W=1.20622 mAh_cumul=11.7756 Wh_cumul=0.0494831 
t=119 V=4.20219 A=0.286216 W=1.20273 mAh_cumul=11.8552 Wh_cumul=0.0498172 
t=120 V=4.2022 A=0.285312 W=1.19894 mAh_cumul=11.9344 Wh_cumul=0.0501502 
t=121 V=4.20219 A=0.284447 W=1.1953 mAh_cumul=12.0134 Wh_cumul=0.0504823 
t=122 V=4.20217 A=0.283581 W=1.19166 mAh_cumul=12.0922 Wh_cumul=0.0508133 
t=123 V=4.20217 A=0.282686 W=1.18789 mAh_cumul=12.1707 Wh_cumul=0.0511433 
t=124 V=4.20217 A=0.28206 W=1.18526 mAh_cumul=12.2491 Wh_cumul=0.0514725 
t=125 V=4.20219 A=0.28135 W=1.18229 mAh_cumul=12.3272 Wh_cumul=0.0518009 
t=126 V=4.20221 A=0.280633 W=1.17928 mAh_cumul=12.4052 Wh_cumul=0.0521285 
t=127 V=4.20221 A=0.279816 W=1.17585 mAh_cumul=12.4829 Wh_cumul=0.0524551 
t=128 V=4.20221 A=0.27905 W=1.17263 mAh_cumul=12.5604 Wh_cumul=0.0527808 
t=129 V=4.20219 A=0.278056 W=1.16844 mAh_cumul=12.6377 Wh_cumul=0.0531054 
t=130 V=4.20218 A=0.277573 W=1.16641 mAh_cumul=12.7148 Wh_cumul=0.0534294 
t=131 V=4.2022 A=0.276679 W=1.16266 mAh_cumul=12.7916 Wh_cumul=0.0537524 
t=132 V=4.20217 A=0.275663 W=1.15838 mAh_cumul=12.8682 Wh_cumul=0.0540741 
t=133 V=4.20217 A=0.27484 W=1.15492 mAh_cumul=12.9445 Wh_cumul=0.054395 
t=134 V=4.2022 A=0.274262 W=1.1525 mAh_cumul=13.0207 Wh_cumul=0.0547151 
t=135 V=4.20216 A=0.273366 W=1.14873 mAh_cumul=13.0966 Wh_cumul=0.0550342 
t=136 V=4.20216 A=0.272888 W=1.14672 mAh_cumul=13.1724 Wh_cumul=0.0553527 
t=137 V=4.20216 A=0.272281 W=1.14417 mAh_cumul=13.2481 Wh_cumul=0.0556705 
t=138 V=4.20216 A=0.271467 W=1.14075 mAh_cumul=13.3235 Wh_cumul=0.0559874 
t=139 V=4.20216 A=0.270595 W=1.13708 mAh_cumul=13.3987 Wh_cumul=0.0563033 
t=140 V=4.20218 A=0.270023 W=1.13469 mAh_cumul=13.4737 Wh_cumul=0.0566185 
t=141 V=4.20218 A=0.269301 W=1.13165 mAh_cumul=13.5485 Wh_cumul=0.0569328 
t=142 V=4.20217 A=0.268709 W=1.12916 mAh_cumul=13.6231 Wh_cumul=0.0572465 
t=143 V=4.20219 A=0.268054 W=1.12641 mAh_cumul=13.6976 Wh_cumul=0.0575594 
t=144 V=4.2022 A=0.267269 W=1.12312 mAh_cumul=13.7718 Wh_cumul=0.0578713 
t=145 V=4.20219 A=0.266639 W=1.12047 mAh_cumul=13.8459 Wh_cumul=0.0581826 
t=146 V=4.20218 A=0.26606 W=1.11803 mAh_cumul=13.9198 Wh_cumul=0.0584931 
t=147 V=4.2022 A=0.265214 W=1.11448 mAh_cumul=13.9935 Wh_cumul=0.0588027 
t=148 V=4.20218 A=0.264308 W=1.11067 mAh_cumul=14.0669 Wh_cumul=0.0591112 
t=149 V=4.20215 A=0.263655 W=1.10792 mAh_cumul=14.1401 Wh_cumul=0.059419 
t=150 V=4.20218 A=0.263034 W=1.10532 mAh_cumul=14.2132 Wh_cumul=0.059726 
t=151 V=4.20214 A=0.262456 W=1.10288 mAh_cumul=14.2861 Wh_cumul=0.0600324 
t=152 V=4.20218 A=0.261906 W=1.10058 mAh_cumul=14.3588 Wh_cumul=0.0603381 
t=153 V=4.20216 A=0.261185 W=1.09754 mAh_cumul=14.4314 Wh_cumul=0.060643 
t=154 V=4.20216 A=0.260446 W=1.09444 mAh_cumul=14.5037 Wh_cumul=0.060947 
t=155 V=4.20218 A=0.259829 W=1.09185 mAh_cumul=14.5759 Wh_cumul=0.0612503 
t=156 V=4.20215 A=0.25936 W=1.08987 mAh_cumul=14.6479 Wh_cumul=0.061553 
t=157 V=4.2022 A=0.258847 W=1.08773 mAh_cumul=14.7198 Wh_cumul=0.0618552 
t=158 V=4.20218 A=0.258164 W=1.08485 mAh_cumul=14.7916 Wh_cumul=0.0621565 
t=159 V=4.20217 A=0.257475 W=1.08195 mAh_cumul=14.8631 Wh_cumul=0.0624571 
t=160 V=4.2022 A=0.25723 W=1.08093 mAh_cumul=14.9345 Wh_cumul=0.0627573 
t=161 V=4.20221 A=0.256355 W=1.07726 mAh_cumul=15.0057 Wh_cumul=0.0630566 
t=162 V=4.2022 A=0.255674 W=1.07439 mAh_cumul=15.0768 Wh_cumul=0.063355 
t=163 V=4.20219 A=0.254833 W=1.07086 mAh_cumul=15.1476 Wh_cumul=0.0636525 
t=164 V=4.20218 A=0.25429 W=1.06857 mAh_cumul=15.2182 Wh_cumul=0.0639493 
t=165 V=4.20219 A=0.253694 W=1.06607 mAh_cumul=15.2887 Wh_cumul=0.0642454 
t=166 V=4.20219 A=0.253013 W=1.06321 mAh_cumul=15.3589 Wh_cumul=0.0645407 
t=167 V=4.20217 A=0.2524 W=1.06063 mAh_cumul=15.4291 Wh_cumul=0.0648354 
t=168 V=4.20218 A=0.251729 W=1.05781 mAh_cumul=15.499 Wh_cumul=0.0651292 
t=169 V=4.20212 A=0.250916 W=1.05438 mAh_cumul=15.5687 Wh_cumul=0.0654221 
t=170 V=4.20215 A=0.250514 W=1.0527 mAh_cumul=15.6383 Wh_cumul=0.0657145 
t=171 V=4.20217 A=0.24973 W=1.04941 mAh_cumul=15.7076 Wh_cumul=0.066006 
t=172 V=4.20215 A=0.249309 W=1.04763 mAh_cumul=15.7769 Wh_cumul=0.066297 
t=173 V=4.20218 A=0.248795 W=1.04548 mAh_cumul=15.846 Wh_cumul=0.0665874 
t=174 V=4.20218 A=0.248318 W=1.04348 mAh_cumul=15.915 Wh_cumul=0.0668773 
t=175 V=4.20218 A=0.247675 W=1.04077 mAh_cumul=15.9838 Wh_cumul=0.0671664 
t=176 V=4.20211 A=0.247169 W=1.03863 mAh_cumul=16.0524 Wh_cumul=0.0674549 
t=177 V=4.20219 A=0.246635 W=1.03641 mAh_cumul=16.1209 Wh_cumul=0.0677428 
t=178 V=4.2022 A=0.246211 W=1.03463 mAh_cumul=16.1893 Wh_cumul=0.0680302 
t=179 V=4.20219 A=0.245561 W=1.03189 mAh_cumul=16.2575 Wh_cumul=0.0683168 
t=180 V=4.20219 A=0.245215 W=1.03044 mAh_cumul=16.3257 Wh_cumul=0.068603 
t=181 V=4.20221 A=0.244502 W=1.02745 mAh_cumul=16.3936 Wh_cumul=0.0688885 
t=182 V=4.20222 A=0.244036 W=1.02549 mAh_cumul=16.4614 Wh_cumul=0.0691733 
t=183 V=4.20224 A=0.243521 W=1.02333 mAh_cumul=16.529 Wh_cumul=0.0694576 
t=184 V=4.2022 A=0.242913 W=1.02077 mAh_cumul=16.5965 Wh_cumul=0.0697411 
t=185 V=4.2022 A=0.242403 W=1.01863 mAh_cumul=16.6638 Wh_cumul=0.0700241 
t=186 V=4.20221 A=0.241665 W=1.01553 mAh_cumul=16.7309 Wh_cumul=0.0703062 
t=187 V=4.20218 A=0.241106 W=1.01317 mAh_cumul=16.7979 Wh_cumul=0.0705876 
t=188 V=4.20218 A=0.240183 W=1.00929 mAh_cumul=16.8646 Wh_cumul=0.070868 
t=189 V=4.20216 A=0.23967 W=1.00713 mAh_cumul=16.9312 Wh_cumul=0.0711477 
t=190 V=4.20216 A=0.239128 W=1.00485 mAh_cumul=16.9976 Wh_cumul=0.0714268 
t=191 V=4.20218 A=0.238439 W=1.00196 mAh_cumul=17.0639 Wh_cumul=0.0717052 
t=192 V=4.20215 A=0.237811 W=0.999317 mAh_cumul=17.1299 Wh_cumul=0.0719828 
t=193 V=4.20216 A=0.237034 W=0.996055 mAh_cumul=17.1958 Wh_cumul=0.0722594 
t=194 V=4.20214 A=0.236655 W=0.994457 mAh_cumul=17.2615 Wh_cumul=0.0725357 
t=195 V=4.20217 A=0.236003 W=0.991725 mAh_cumul=17.3271 Wh_cumul=0.0728111 
t=196 V=4.20215 A=0.235641 W=0.990199 mAh_cumul=17.3925 Wh_cumul=0.0730862 
t=197 V=4.20216 A=0.235097 W=0.987915 mAh_cumul=17.4578 Wh_cumul=0.0733606 
t=198 V=4.20213 A=0.234661 W=0.986076 mAh_cumul=17.523 Wh_cumul=0.0736345 
t=199 V=4.20218 A=0.234024 W=0.983411 mAh_cumul=17.588 Wh_cumul=0.0739077 
t=200 V=4.20218 A=0.233651 W=0.981844 mAh_cumul=17.6529 Wh_cumul=0.0741804 
t=201 V=4.20216 A=0.232967 W=0.978965 mAh_cumul=17.7176 Wh_cumul=0.0744524 
t=202 V=4.20219 A=0.232899 W=0.978686 mAh_cumul=17.7823 Wh_cumul=0.0747242 
t=203 V=4.20218 A=0.232459 W=0.976835 mAh_cumul=17.8469 Wh_cumul=0.0749956 
t=204 V=4.20218 A=0.231876 W=0.974385 mAh_cumul=17.9113 Wh_cumul=0.0752662 
t=205 V=4.20215 A=0.231232 W=0.971672 mAh_cumul=17.9755 Wh_cumul=0.0755361 
t=206 V=4.20217 A=0.230682 W=0.969365 mAh_cumul=18.0396 Wh_cumul=0.0758054 
t=207 V=4.20214 A=0.2301 W=0.966912 mAh_cumul=18.1035 Wh_cumul=0.076074 
t=208 V=4.20215 A=0.22963 W=0.96494 mAh_cumul=18.1673 Wh_cumul=0.076342 
t=209 V=4.20216 A=0.229287 W=0.963501 mAh_cumul=18.231 Wh_cumul=0.0766097 
t=210 V=4.20217 A=0.228735 W=0.961183 mAh_cumul=18.2945 Wh_cumul=0.0768767 
t=211 V=4.20215 A=0.228202 W=0.958939 mAh_cumul=18.3579 Wh_cumul=0.077143 
t=212 V=4.20214 A=0.227607 W=0.956436 mAh_cumul=18.4212 Wh_cumul=0.0774087 
t=213 V=4.20215 A=0.226895 W=0.953447 mAh_cumul=18.4842 Wh_cumul=0.0776736 
t=214 V=4.20215 A=0.226585 W=0.952144 mAh_cumul=18.5471 Wh_cumul=0.0779381 
t=215 V=4.20212 A=0.226115 W=0.950162 mAh_cumul=18.6099 Wh_cumul=0.078202 
t=216 V=4.20214 A=0.225504 W=0.947599 mAh_cumul=18.6726 Wh_cumul=0.0784652 
t=217 V=4.20212 A=0.224915 W=0.94512 mAh_cumul=18.7351 Wh_cumul=0.0787277 
t=218 V=4.20215 A=0.2245 W=0.943383 mAh_cumul=18.7974 Wh_cumul=0.0789898 
t=219 V=4.20212 A=0.223968 W=0.94114 mAh_cumul=18.8596 Wh_cumul=0.0792512 
t=220 V=4.20215 A=0.223551 W=0.939395 mAh_cumul=18.9217 Wh_cumul=0.0795122 
t=221 V=4.20211 A=0.223046 W=0.937264 mAh_cumul=18.9837 Wh_cumul=0.0797725 
t=222 V=4.20216 A=0.222867 W=0.936523 mAh_cumul=19.0456 Wh_cumul=0.0800327 
t=223 V=4.20216 A=0.221999 W=0.932875 mAh_cumul=19.1073 Wh_cumul=0.0802918 
t=224 V=4.20212 A=0.221716 W=0.931677 mAh_cumul=19.1688 Wh_cumul=0.0805506 
t=225 V=4.20214 A=0.221174 W=0.929404 mAh_cumul=19.2303 Wh_cumul=0.0808088 
t=226 V=4.20215 A=0.220919 W=0.928335 mAh_cumul=19.2916 Wh_cumul=0.0810666 
t=227 V=4.20213 A=0.220283 W=0.925658 mAh_cumul=19.3528 Wh_cumul=0.0813238 
t=228 V=4.20215 A=0.219839 W=0.923796 mAh_cumul=19.4139 Wh_cumul=0.0815804 
t=229 V=4.20212 A=0.219319 W=0.921605 mAh_cumul=19.4748 Wh_cumul=0.0818364 
t=230 V=4.20218 A=0.219035 W=0.920424 mAh_cumul=19.5357 Wh_cumul=0.082092 
t=231 V=4.20216 A=0.218425 W=0.917857 mAh_cumul=19.5963 Wh_cumul=0.082347 
t=232 V=4.20216 A=0.218307 W=0.917361 mAh_cumul=19.657 Wh_cumul=0.0826018 
t=233 V=4.20218 A=0.217844 W=0.91542 mAh_cumul=19.7175 Wh_cumul=0.0828561 
t=234 V=4.20218 A=0.217499 W=0.91397 mAh_cumul=19.7779 Wh_cumul=0.08311 
t=235 V=4.20217 A=0.21666 W=0.910442 mAh_cumul=19.8381 Wh_cumul=0.0833629 
t=236 V=4.2022 A=0.216595 W=0.910176 mAh_cumul=19.8983 Wh_cumul=0.0836157 
t=237 V=4.20218 A=0.216094 W=0.908066 mAh_cumul=19.9583 Wh_cumul=0.083868 
t=238 V=4.20218 A=0.21575 W=0.90662 mAh_cumul=20.0182 Wh_cumul=0.0841198 
t=239 V=4.20217 A=0.215121 W=0.903975 mAh_cumul=20.078 Wh_cumul=0.0843709 
t=240 V=4.20217 A=0.214819 W=0.902706 mAh_cumul=20.1376 Wh_cumul=0.0846217 
t=241 V=4.20218 A=0.214251 W=0.900321 mAh_cumul=20.1972 Wh_cumul=0.0848717 
t=242 V=4.20217 A=0.214021 W=0.899353 mAh_cumul=20.2566 Wh_cumul=0.0851216 
t=243 V=4.20222 A=0.213608 W=0.897628 mAh_cumul=20.3159 Wh_cumul=0.0853709 
t=244 V=4.2022 A=0.213281 W=0.896249 mAh_cumul=20.3752 Wh_cumul=0.0856199 
t=245 V=4.20224 A=0.212773 W=0.894123 mAh_cumul=20.4343 Wh_cumul=0.0858682 
t=246 V=4.20221 A=0.212122 W=0.891381 mAh_cumul=20.4932 Wh_cumul=0.0861158 
t=247 V=4.2022 A=0.211508 W=0.888799 mAh_cumul=20.552 Wh_cumul=0.0863627 
t=248 V=4.20219 A=0.211197 W=0.88749 mAh_cumul=20.6106 Wh_cumul=0.0866092 
t=249 V=4.20218 A=0.210853 W=0.886042 mAh_cumul=20.6692 Wh_cumul=0.0868554 
t=250 V=4.2022 A=0.210466 W=0.88442 mAh_cumul=20.7277 Wh_cumul=0.087101 
t=251 V=4.20217 A=0.209692 W=0.881161 mAh_cumul=20.7859 Wh_cumul=0.0873458 
t=252 V=4.20216 A=0.209389 W=0.879886 mAh_cumul=20.8441 Wh_cumul=0.0875902 
t=253 V=4.20216 A=0.208937 W=0.877987 mAh_cumul=20.9021 Wh_cumul=0.0878341 
t=254 V=4.20214 A=0.208723 W=0.877083 mAh_cumul=20.9601 Wh_cumul=0.0880777 
t=255 V=4.20217 A=0.208328 W=0.87543 mAh_cumul=21.018 Wh_cumul=0.0883209 
t=256 V=4.20221 A=0.207889 W=0.873593 mAh_cumul=21.0757 Wh_cumul=0.0885636 
t=257 V=4.20216 A=0.207497 W=0.871936 mAh_cumul=21.1333 Wh_cumul=0.0888058 
t=258 V=4.20215 A=0.207293 W=0.871076 mAh_cumul=21.1909 Wh_cumul=0.0890478 
t=259 V=4.20217 A=0.207124 W=0.87037 mAh_cumul=21.2485 Wh_cumul=0.0892895 
t=260 V=4.20221 A=0.206695 W=0.868576 mAh_cumul=21.3059 Wh_cumul=0.0895308 
t=261 V=4.2022 A=0.205951 W=0.865447 mAh_cumul=21.3631 Wh_cumul=0.0897712 
t=262 V=4.20216 A=0.205329 W=0.862825 mAh_cumul=21.4201 Wh_cumul=0.0900109 
t=263 V=4.20217 A=0.204769 W=0.860474 mAh_cumul=21.477 Wh_cumul=0.0902499 
t=264 V=4.20219 A=0.204734 W=0.860331 mAh_cumul=21.5339 Wh_cumul=0.0904889 
t=265 V=4.20217 A=0.204148 W=0.857865 mAh_cumul=21.5906 Wh_cumul=0.0907272 
t=266 V=4.2022 A=0.203788 W=0.856358 mAh_cumul=21.6472 Wh_cumul=0.090965 
t=267 V=4.20218 A=0.203352 W=0.854522 mAh_cumul=21.7037 Wh_cumul=0.0912024 
t=268 V=4.20218 A=0.203116 W=0.85353 mAh_cumul=21.7601 Wh_cumul=0.0914395 
t=269 V=4.20221 A=0.202639 W=0.851532 mAh_cumul=21.8164 Wh_cumul=0.091676 
t=270 V=4.2022 A=0.202254 W=0.849912 mAh_cumul=21.8726 Wh_cumul=0.0919121 
t=271 V=4.20218 A=0.201676 W=0.847479 mAh_cumul=21.9286 Wh_cumul=0.0921475 
t=272 V=4.20219 A=0.201447 W=0.846519 mAh_cumul=21.9845 Wh_cumul=0.0923827 
t=273 V=4.20214 A=0.200803 W=0.843802 mAh_cumul=22.0403 Wh_cumul=0.0926171 
t=274 V=4.20218 A=0.20048 W=0.842453 mAh_cumul=22.096 Wh_cumul=0.0928511 
t=275 V=4.20216 A=0.199991 W=0.840394 mAh_cumul=22.1516 Wh_cumul=0.0930845 
t=276 V=4.20217 A=0.199647 W=0.838951 mAh_cumul=22.207 Wh_cumul=0.0933176 
t=277 V=4.20215 A=0.199233 W=0.837207 mAh_cumul=22.2624 Wh_cumul=0.0935501 
t=278 V=4.20217 A=0.198727 W=0.835085 mAh_cumul=22.3176 Wh_cumul=0.0937821 
t=279 V=4.20216 A=0.198291 W=0.833251 mAh_cumul=22.3727 Wh_cumul=0.0940136 
t=280 V=4.20217 A=0.197996 W=0.832013 mAh_cumul=22.4277 Wh_cumul=0.0942447 
t=281 V=4.20218 A=0.197622 W=0.830443 mAh_cumul=22.4825 Wh_cumul=0.0944753 
t=282 V=4.20215 A=0.197082 W=0.828168 mAh_cumul=22.5373 Wh_cumul=0.0947054 
t=283 V=4.20214 A=0.196576 W=0.82604 mAh_cumul=22.5919 Wh_cumul=0.0949348 
t=284 V=4.20211 A=0.196269 W=0.824744 mAh_cumul=22.6464 Wh_cumul=0.0951639 
t=285 V=4.20212 A=0.19583 W=0.822901 mAh_cumul=22.7008 Wh_cumul=0.0953925 
t=286 V=4.20214 A=0.195462 W=0.821359 mAh_cumul=22.7551 Wh_cumul=0.0956207 
t=287 V=4.20214 A=0.195156 W=0.820073 mAh_cumul=22.8093 Wh_cumul=0.0958485 
t=288 V=4.20214 A=0.194867 W=0.818858 mAh_cumul=22.8634 Wh_cumul=0.0960759 
t=289 V=4.20215 A=0.194314 W=0.816537 mAh_cumul=22.9174 Wh_cumul=0.0963028 
t=290 V=4.20218 A=0.194157 W=0.815883 mAh_cumul=22.9714 Wh_cumul=0.0965294 
t=291 V=4.20214 A=0.193755 W=0.814186 mAh_cumul=23.0252 Wh_cumul=0.0967556 
t=292 V=4.20216 A=0.193645 W=0.813727 mAh_cumul=23.079 Wh_cumul=0.0969816 
t=293 V=4.20216 A=0.193146 W=0.81163 mAh_cumul=23.1326 Wh_cumul=0.097207 
t=294 V=4.20218 A=0.193146 W=0.811634 mAh_cumul=23.1863 Wh_cumul=0.0974325 
t=295 V=4.20218 A=0.192585 W=0.809277 mAh_cumul=23.2398 Wh_cumul=0.0976573 
t=296 V=4.20216 A=0.192254 W=0.807882 mAh_cumul=23.2932 Wh_cumul=0.0978817 
t=297 V=4.20216 A=0.191536 W=0.804865 mAh_cumul=23.3464 Wh_cumul=0.0981053 
t=298 V=4.20217 A=0.191304 W=0.803892 mAh_cumul=23.3995 Wh_cumul=0.0983286 
t=299 V=4.20219 A=0.190803 W=0.80179 mAh_cumul=23.4525 Wh_cumul=0.0985513 
t=300 V=4.20216 A=0.190609 W=0.80097 mAh_cumul=23.5055 Wh_cumul=0.0987738 
t=301 V=4.20217 A=0.190099 W=0.798828 mAh_cumul=23.5583 Wh_cumul=0.0989957 
t=302 V=4.20215 A=0.189812 W=0.797618 mAh_cumul=23.611 Wh_cumul=0.0992173 
t=303 V=4.20215 A=0.189464 W=0.796156 mAh_cumul=23.6636 Wh_cumul=0.0994384 
t=304 V=4.20219 A=0.189206 W=0.79508 mAh_cumul=23.7162 Wh_cumul=0.0996593 
t=305 V=4.20217 A=0.188883 W=0.793718 mAh_cumul=23.7686 Wh_cumul=0.0998797 
t=306 V=4.20215 A=0.188292 W=0.791231 mAh_cumul=23.8209 Wh_cumul=0.1001 
t=307 V=4.20218 A=0.188045 W=0.790199 mAh_cumul=23.8732 Wh_cumul=0.100319 
t=308 V=4.20218 A=0.187872 W=0.789472 mAh_cumul=23.9254 Wh_cumul=0.100538 
t=309 V=4.20218 A=0.187458 W=0.787732 mAh_cumul=23.9774 Wh_cumul=0.100757 
t=310 V=4.20218 A=0.186957 W=0.785627 mAh_cumul=24.0294 Wh_cumul=0.100975 
t=311 V=4.20218 A=0.186844 W=0.785152 mAh_cumul=24.0813 Wh_cumul=0.101193 
t=312 V=4.20219 A=0.186416 W=0.783355 mAh_cumul=24.1331 Wh_cumul=0.101411 
t=313 V=4.20218 A=0.186216 W=0.782513 mAh_cumul=24.1848 Wh_cumul=0.101628 
t=314 V=4.20214 A=0.18572 W=0.780421 mAh_cumul=24.2364 Wh_cumul=0.101845 
t=315 V=4.20216 A=0.185485 W=0.779438 mAh_cumul=24.2879 Wh_cumul=0.102062 
t=316 V=4.2022 A=0.18543 W=0.779214 mAh_cumul=24.3394 Wh_cumul=0.102278 
t=317 V=4.20222 A=0.184993 W=0.777381 mAh_cumul=24.3908 Wh_cumul=0.102494 
t=318 V=4.2022 A=0.184704 W=0.776163 mAh_cumul=24.4421 Wh_cumul=0.10271 
t=319 V=4.20222 A=0.184369 W=0.774759 mAh_cumul=24.4933 Wh_cumul=0.102925 
t=320 V=4.20221 A=0.183926 W=0.772896 mAh_cumul=24.5444 Wh_cumul=0.10314 
t=321 V=4.2022 A=0.183584 W=0.771457 mAh_cumul=24.5954 Wh_cumul=0.103354 
t=322 V=4.20217 A=0.183279 W=0.77017 mAh_cumul=24.6463 Wh_cumul=0.103568 
t=323 V=4.2022 A=0.182867 W=0.768444 mAh_cumul=24.6971 Wh_cumul=0.103781 
t=324 V=4.20214 A=0.182572 W=0.767193 mAh_cumul=24.7478 Wh_cumul=0.103994 
t=325 V=4.20221 A=0.182292 W=0.766029 mAh_cumul=24.7985 Wh_cumul=0.104207 
t=326 V=4.2022 A=0.182045 W=0.764989 mAh_cumul=24.849 Wh_cumul=0.10442 
t=327 V=4.2022 A=0.181516 W=0.762767 mAh_cumul=24.8994 Wh_cumul=0.104632 
t=328 V=4.20218 A=0.18105 W=0.760805 mAh_cumul=24.9497 Wh_cumul=0.104843 
t=329 V=4.20215 A=0.180781 W=0.759669 mAh_cumul=25 Wh_cumul=0.105054 
t=330 V=4.20219 A=0.180469 W=0.758365 mAh_cumul=25.0501 Wh_cumul=0.105265 
t=331 V=4.20218 A=0.180221 W=0.757321 mAh_cumul=25.1001 Wh_cumul=0.105475 
t=332 V=4.2022 A=0.180104 W=0.756833 mAh_cumul=25.1502 Wh_cumul=0.105685 
t=333 V=4.20222 A=0.179658 W=0.754962 mAh_cumul=25.2001 Wh_cumul=0.105895 
t=334 V=4.20223 A=0.179309 W=0.753498 mAh_cumul=25.2499 Wh_cumul=0.106104 
t=335 V=4.20219 A=0.179019 W=0.752272 mAh_cumul=25.2996 Wh_cumul=0.106313 
t=336 V=4.20221 A=0.178595 W=0.750494 mAh_cumul=25.3492 Wh_cumul=0.106522 
t=337 V=4.20217 A=0.1783 W=0.749247 mAh_cumul=25.3988 Wh_cumul=0.10673 
t=338 V=4.20219 A=0.177965 W=0.747843 mAh_cumul=25.4482 Wh_cumul=0.106937 
t=339 V=4.2022 A=0.177492 W=0.745857 mAh_cumul=25.4975 Wh_cumul=0.107145 
t=340 V=4.20218 A=0.177367 W=0.745328 mAh_cumul=25.5468 Wh_cumul=0.107352 
t=341 V=4.20218 A=0.177092 W=0.744172 mAh_cumul=25.596 Wh_cumul=0.107558 
t=342 V=4.2022 A=0.17677 W=0.742823 mAh_cumul=25.6451 Wh_cumul=0.107765 
t=343 V=4.20217 A=0.176239 W=0.740586 mAh_cumul=25.694 Wh_cumul=0.10797 
t=344 V=4.20218 A=0.175863 W=0.739008 mAh_cumul=25.7429 Wh_cumul=0.108176 
t=345 V=4.20214 A=0.175363 W=0.7369 mAh_cumul=25.7916 Wh_cumul=0.10838 
t=346 V=4.20214 A=0.174732 W=0.734248 mAh_cumul=25.8401 Wh_cumul=0.108584 
t=347 V=4.20215 A=0.174342 W=0.732611 mAh_cumul=25.8885 Wh_cumul=0.108788 
t=348 V=4.20213 A=0.174264 W=0.73228 mAh_cumul=25.9369 Wh_cumul=0.108991 
t=349 V=4.20214 A=0.174001 W=0.731177 mAh_cumul=25.9853 Wh_cumul=0.109194 
t=350 V=4.20216 A=0.173679 W=0.729827 mAh_cumul=26.0335 Wh_cumul=0.109397 
t=351 V=4.20212 A=0.173349 W=0.728433 mAh_cumul=26.0817 Wh_cumul=0.1096 
t=352 V=4.20216 A=0.173174 W=0.727705 mAh_cumul=26.1298 Wh_cumul=0.109802 
t=353 V=4.20215 A=0.172901 W=0.726556 mAh_cumul=26.1778 Wh_cumul=0.110003 
t=354 V=4.20215 A=0.172477 W=0.724774 mAh_cumul=26.2257 Wh_cumul=0.110205 
t=355 V=4.20214 A=0.172003 W=0.722781 mAh_cumul=26.2735 Wh_cumul=0.110406 
t=356 V=4.20214 A=0.171923 W=0.722445 mAh_cumul=26.3213 Wh_cumul=0.110606 
t=357 V=4.20217 A=0.171462 W=0.720512 mAh_cumul=26.3689 Wh_cumul=0.110806 
t=358 V=4.20214 A=0.171171 W=0.719285 mAh_cumul=26.4164 Wh_cumul=0.111006 
t=359 V=4.20213 A=0.170767 W=0.717585 mAh_cumul=26.4639 Wh_cumul=0.111206 
t=360 V=4.20215 A=0.17064 W=0.717055 mAh_cumul=26.5113 Wh_cumul=0.111405 
t=361 V=4.20214 A=0.170217 W=0.715276 mAh_cumul=26.5585 Wh_cumul=0.111603 
t=362 V=4.20216 A=0.170118 W=0.714863 mAh_cumul=26.6058 Wh_cumul=0.111802 
t=363 V=4.20217 A=0.169913 W=0.714003 mAh_cumul=26.653 Wh_cumul=0.112 
t=364 V=4.20217 A=0.169535 W=0.712415 mAh_cumul=26.7001 Wh_cumul=0.112198 
t=365 V=4.20214 A=0.169218 W=0.711078 mAh_cumul=26.7471 Wh_cumul=0.112396 
t=366 V=4.20218 A=0.16909 W=0.710547 mAh_cumul=26.7941 Wh_cumul=0.112593 
t=367 V=4.20216 A=0.168793 W=0.709295 mAh_cumul=26.841 Wh_cumul=0.11279 
t=368 V=4.20217 A=0.168579 W=0.708398 mAh_cumul=26.8878 Wh_cumul=0.112987 
t=369 V=4.20217 A=0.168179 W=0.706717 mAh_cumul=26.9345 Wh_cumul=0.113183 
t=370 V=4.20219 A=0.168031 W=0.706098 mAh_cumul=26.9812 Wh_cumul=0.113379 
t=371 V=4.20218 A=0.167471 W=0.703743 mAh_cumul=27.0277 Wh_cumul=0.113575 
t=372 V=4.20218 A=0.167259 W=0.702852 mAh_cumul=27.0742 Wh_cumul=0.11377 
t=373 V=4.20217 A=0.166679 W=0.700413 mAh_cumul=27.1205 Wh_cumul=0.113965 
t=374 V=4.20217 A=0.166396 W=0.699224 mAh_cumul=27.1667 Wh_cumul=0.114159 
t=375 V=4.20217 A=0.166254 W=0.698628 mAh_cumul=27.2129 Wh_cumul=0.114353 
t=376 V=4.20218 A=0.166162 W=0.698243 mAh_cumul=27.259 Wh_cumul=0.114547 
t=377 V=4.20219 A=0.16568 W=0.696219 mAh_cumul=27.305 Wh_cumul=0.11474 
t=378 V=4.20217 A=0.165457 W=0.695278 mAh_cumul=27.351 Wh_cumul=0.114933 
t=379 V=4.20217 A=0.165184 W=0.694131 mAh_cumul=27.3969 Wh_cumul=0.115126 
t=380 V=4.20217 A=0.1647 W=0.692097 mAh_cumul=27.4426 Wh_cumul=0.115318 
t=381 V=4.20215 A=0.16447 W=0.691128 mAh_cumul=27.4883 Wh_cumul=0.11551 
t=382 V=4.20218 A=0.164267 W=0.69028 mAh_cumul=27.5339 Wh_cumul=0.115702 
t=383 V=4.20212 A=0.163882 W=0.688652 mAh_cumul=27.5795 Wh_cumul=0.115893 
t=384 V=4.20216 A=0.163562 W=0.687314 mAh_cumul=27.6249 Wh_cumul=0.116084 
t=385 V=4.20213 A=0.163209 W=0.685825 mAh_cumul=27.6702 Wh_cumul=0.116275 
t=386 V=4.20213 A=0.163245 W=0.685977 mAh_cumul=27.7156 Wh_cumul=0.116465 
t=387 V=4.20217 A=0.162903 W=0.684546 mAh_cumul=27.7608 Wh_cumul=0.116656 
t=388 V=4.20218 A=0.162482 W=0.682779 mAh_cumul=27.806 Wh_cumul=0.116845 
t=389 V=4.20218 A=0.16243 W=0.68256 mAh_cumul=27.8511 Wh_cumul=0.117035 
t=390 V=4.20219 A=0.162056 W=0.68099 mAh_cumul=27.8961 Wh_cumul=0.117224 
t=391 V=4.20217 A=0.161806 W=0.679936 mAh_cumul=27.941 Wh_cumul=0.117413 
t=392 V=4.20215 A=0.161581 W=0.678988 mAh_cumul=27.9859 Wh_cumul=0.117602 
t=393 V=4.20215 A=0.161123 W=0.677063 mAh_cumul=28.0307 Wh_cumul=0.11779 
t=394 V=4.20213 A=0.160822 W=0.675795 mAh_cumul=28.0754 Wh_cumul=0.117977 
t=395 V=4.20214 A=0.160499 W=0.674439 mAh_cumul=28.1199 Wh_cumul=0.118165 
t=396 V=4.20217 A=0.160332 W=0.673742 mAh_cumul=28.1645 Wh_cumul=0.118352 
t=397 V=4.2022 A=0.160197 W=0.67318 mAh_cumul=28.209 Wh_cumul=0.118539 
t=398 V=4.20215 A=0.159992 W=0.67231 mAh_cumul=28.2534 Wh_cumul=0.118726 
t=399 V=4.20216 A=0.159696 W=0.671068 mAh_cumul=28.2978 Wh_cumul=0.118912 
t=400 V=4.20219 A=0.159778 W=0.671418 mAh_cumul=28.3422 Wh_cumul=0.119098 
t=401 V=4.20216 A=0.159143 W=0.668744 mAh_cumul=28.3864 Wh_cumul=0.119284 
t=402 V=4.20218 A=0.15878 W=0.667222 mAh_cumul=28.4305 Wh_cumul=0.11947 
t=403 V=4.20217 A=0.158897 W=0.667712 mAh_cumul=28.4746 Wh_cumul=0.119655 
t=404 V=4.20218 A=0.158861 W=0.667563 mAh_cumul=28.5187 Wh_cumul=0.11984 
t=405 V=4.20223 A=0.158434 W=0.665776 mAh_cumul=28.5628 Wh_cumul=0.120025 
t=406 V=4.20217 A=0.157985 W=0.66388 mAh_cumul=28.6066 Wh_cumul=0.12021 
t=407 V=4.20218 A=0.15774 W=0.662852 mAh_cumul=28.6505 Wh_cumul=0.120394 
t=408 V=4.20219 A=0.157401 W=0.661429 mAh_cumul=28.6942 Wh_cumul=0.120578 
t=409 V=4.20218 A=0.157218 W=0.660658 mAh_cumul=28.7378 Wh_cumul=0.120761 
t=410 V=4.20217 A=0.156717 W=0.658551 mAh_cumul=28.7814 Wh_cumul=0.120944 
t=411 V=4.20217 A=0.156403 W=0.657232 mAh_cumul=28.8248 Wh_cumul=0.121127 
t=412 V=4.20218 A=0.156292 W=0.656767 mAh_cumul=28.8682 Wh_cumul=0.121309 
t=413 V=4.20221 A=0.156142 W=0.656141 mAh_cumul=28.9116 Wh_cumul=0.121491 
t=414 V=4.20217 A=0.156148 W=0.65616 mAh_cumul=28.955 Wh_cumul=0.121674 
t=415 V=4.20221 A=0.155519 W=0.653523 mAh_cumul=28.9982 Wh_cumul=0.121855 
t=416 V=4.20214 A=0.155178 W=0.65208 mAh_cumul=29.0413 Wh_cumul=0.122036 
t=417 V=4.20217 A=0.155034 W=0.651479 mAh_cumul=29.0844 Wh_cumul=0.122217 
t=418 V=4.2022 A=0.154793 W=0.650471 mAh_cumul=29.1274 Wh_cumul=0.122398 
t=419 V=4.20219 A=0.154476 W=0.649138 mAh_cumul=29.1703 Wh_cumul=0.122578 
t=420 V=4.20217 A=0.154184 W=0.647907 mAh_cumul=29.2131 Wh_cumul=0.122758 
t=421 V=4.20215 A=0.153618 W=0.645526 mAh_cumul=29.2558 Wh_cumul=0.122938 
t=422 V=4.20215 A=0.153577 W=0.645354 mAh_cumul=29.2984 Wh_cumul=0.123117 
t=423 V=4.20217 A=0.153072 W=0.643235 mAh_cumul=29.3409 Wh_cumul=0.123296 
t=424 V=4.20214 A=0.1528 W=0.642087 mAh_cumul=29.3834 Wh_cumul=0.123474 
t=425 V=4.20214 A=0.152436 W=0.640557 mAh_cumul=29.4257 Wh_cumul=0.123652 
t=426 V=4.20216 A=0.152307 W=0.640018 mAh_cumul=29.468 Wh_cumul=0.12383 
t=427 V=4.20216 A=0.152098 W=0.63914 mAh_cumul=29.5103 Wh_cumul=0.124007 
t=428 V=4.20216 A=0.152008 W=0.638762 mAh_cumul=29.5525 Wh_cumul=0.124185 
t=429 V=4.20218 A=0.151562 W=0.636891 mAh_cumul=29.5946 Wh_cumul=0.124361 
t=430 V=4.20219 A=0.15142 W=0.636296 mAh_cumul=29.6367 Wh_cumul=0.124538 
t=431 V=4.20218 A=0.151401 W=0.636214 mAh_cumul=29.6787 Wh_cumul=0.124715 
t=432 V=4.20219 A=0.151087 W=0.634896 mAh_cumul=29.7207 Wh_cumul=0.124891 
t=433 V=4.20216 A=0.150565 W=0.632698 mAh_cumul=29.7625 Wh_cumul=0.125067 
t=434 V=4.20214 A=0.150115 W=0.630804 mAh_cumul=29.8042 Wh_cumul=0.125242 
t=435 V=4.20215 A=0.149792 W=0.629448 mAh_cumul=29.8458 Wh_cumul=0.125417 
t=436 V=4.20215 A=0.149624 W=0.628742 mAh_cumul=29.8874 Wh_cumul=0.125592 
t=437 V=4.20215 A=0.14913 W=0.626667 mAh_cumul=29.9288 Wh_cumul=0.125766 
t=438 V=4.20212 A=0.149098 W=0.626528 mAh_cumul=29.9702 Wh_cumul=0.12594 
t=439 V=4.20215 A=0.148843 W=0.625461 mAh_cumul=30.0116 Wh_cumul=0.126114 
t=440 V=4.20217 A=0.148991 W=0.626086 mAh_cumul=30.053 Wh_cumul=0.126288 
t=441 V=4.20219 A=0.148722 W=0.624958 mAh_cumul=30.0943 Wh_cumul=0.126461 
t=442 V=4.20219 A=0.148361 W=0.623441 mAh_cumul=30.1355 Wh_cumul=0.126634 
t=443 V=4.20215 A=0.147818 W=0.621153 mAh_cumul=30.1766 Wh_cumul=0.126807 
t=444 V=4.20215 A=0.14798 W=0.621834 mAh_cumul=30.2177 Wh_cumul=0.12698 
t=445 V=4.20217 A=0.147581 W=0.62016 mAh_cumul=30.2587 Wh_cumul=0.127152 
t=446 V=4.20218 A=0.147382 W=0.619326 mAh_cumul=30.2996 Wh_cumul=0.127324 
t=447 V=4.20216 A=0.146875 W=0.617192 mAh_cumul=30.3404 Wh_cumul=0.127495 
t=448 V=4.20215 A=0.14688 W=0.617212 mAh_cumul=30.3812 Wh_cumul=0.127667 
t=449 V=4.20217 A=0.1464 W=0.615198 mAh_cumul=30.4219 Wh_cumul=0.127838 
t=450 V=4.20213 A=0.146016 W=0.613578 mAh_cumul=30.4624 Wh_cumul=0.128008 
t=451 V=4.20214 A=0.145604 W=0.611848 mAh_cumul=30.5029 Wh_cumul=0.128178 
t=452 V=4.20215 A=0.145572 W=0.611715 mAh_cumul=30.5433 Wh_cumul=0.128348 
t=453 V=4.20215 A=0.145192 W=0.610119 mAh_cumul=30.5836 Wh_cumul=0.128517 
t=454 V=4.20213 A=0.144997 W=0.609296 mAh_cumul=30.6239 Wh_cumul=0.128687 
t=455 V=4.20211 A=0.144564 W=0.607474 mAh_cumul=30.6641 Wh_cumul=0.128855 
t=456 V=4.20215 A=0.144721 W=0.608139 mAh_cumul=30.7043 Wh_cumul=0.129024 
t=457 V=4.20213 A=0.144313 W=0.606422 mAh_cumul=30.7444 Wh_cumul=0.129193 
t=458 V=4.20217 A=0.144355 W=0.606604 mAh_cumul=30.7844 Wh_cumul=0.129361 
t=459 V=4.20213 A=0.144018 W=0.605182 mAh_cumul=30.8245 Wh_cumul=0.129529 
t=460 V=4.20214 A=0.143894 W=0.604663 mAh_cumul=30.8644 Wh_cumul=0.129697 
t=461 V=4.20216 A=0.143535 W=0.603157 mAh_cumul=30.9043 Wh_cumul=0.129865 
t=462 V=4.20216 A=0.143462 W=0.60285 mAh_cumul=30.9441 Wh_cumul=0.130032 
t=463 V=4.20216 A=0.143081 W=0.601249 mAh_cumul=30.9839 Wh_cumul=0.130199 
t=464 V=4.20214 A=0.142814 W=0.600124 mAh_cumul=31.0236 Wh_cumul=0.130366 
t=465 V=4.20217 A=0.142325 W=0.598074 mAh_cumul=31.0631 Wh_cumul=0.130532 
t=466 V=4.20212 A=0.142438 W=0.598542 mAh_cumul=31.1027 Wh_cumul=0.130699 
t=467 V=4.20214 A=0.142278 W=0.597872 mAh_cumul=31.1422 Wh_cumul=0.130865 
t=468 V=4.20218 A=0.141978 W=0.596617 mAh_cumul=31.1816 Wh_cumul=0.13103 
t=469 V=4.20214 A=0.141663 W=0.595288 mAh_cumul=31.221 Wh_cumul=0.131196 
t=470 V=4.20215 A=0.141621 W=0.595113 mAh_cumul=31.2603 Wh_cumul=0.131361 
t=471 V=4.20217 A=0.141122 W=0.593019 mAh_cumul=31.2995 Wh_cumul=0.131526 
t=472 V=4.20214 A=0.14129 W=0.59372 mAh_cumul=31.3388 Wh_cumul=0.131691 
t=473 V=4.20217 A=0.140787 W=0.591611 mAh_cumul=31.3779 Wh_cumul=0.131855 
t=474 V=4.20213 A=0.140536 W=0.590551 mAh_cumul=31.4169 Wh_cumul=0.132019 
t=475 V=4.20213 A=0.14022 W=0.589223 mAh_cumul=31.4559 Wh_cumul=0.132183 
t=476 V=4.20216 A=0.140258 W=0.589387 mAh_cumul=31.4948 Wh_cumul=0.132346 
t=477 V=4.20213 A=0.139944 W=0.588063 mAh_cumul=31.5337 Wh_cumul=0.13251 
t=478 V=4.20216 A=0.139815 W=0.587525 mAh_cumul=31.5725 Wh_cumul=0.132673 
t=479 V=4.20215 A=0.139562 W=0.58646 mAh_cumul=31.6113 Wh_cumul=0.132836 
t=480 V=4.20216 A=0.139425 W=0.585886 mAh_cumul=31.65 Wh_cumul=0.132999 
t=481 V=4.20219 A=0.139071 W=0.584403 mAh_cumul=31.6887 Wh_cumul=0.133161 
t=482 V=4.20216 A=0.138958 W=0.583924 mAh_cumul=31.7273 Wh_cumul=0.133323 
t=483 V=4.20216 A=0.138575 W=0.582314 mAh_cumul=31.7657 Wh_cumul=0.133485 
t=484 V=4.20215 A=0.138624 W=0.582519 mAh_cumul=31.8043 Wh_cumul=0.133647 
t=485 V=4.20215 A=0.13846 W=0.58183 mAh_cumul=31.8427 Wh_cumul=0.133808 
t=486 V=4.20216 A=0.138296 W=0.581142 mAh_cumul=31.8811 Wh_cumul=0.13397 
t=487 V=4.20218 A=0.137875 W=0.579376 mAh_cumul=31.9194 Wh_cumul=0.134131 
t=488 V=4.2022 A=0.137794 W=0.579038 mAh_cumul=31.9577 Wh_cumul=0.134292 
t=489 V=4.20217 A=0.137253 W=0.57676 mAh_cumul=31.9958 Wh_cumul=0.134452 
t=490 V=4.20212 A=0.13715 W=0.576321 mAh_cumul=32.0339 Wh_cumul=0.134612 
t=491 V=4.20217 A=0.136925 W=0.575382 mAh_cumul=32.072 Wh_cumul=0.134772 
t=492 V=4.20218 A=0.137119 W=0.576199 mAh_cumul=32.1101 Wh_cumul=0.134932 
t=493 V=4.20219 A=0.136756 W=0.574675 mAh_cumul=32.148 Wh_cumul=0.135091 
t=494 V=4.20219 A=0.136571 W=0.573897 mAh_cumul=32.186 Wh_cumul=0.135251 
t=495 V=4.2022 A=0.136313 W=0.572814 mAh_cumul=32.2238 Wh_cumul=0.13541 
t=496 V=4.20216 A=0.136328 W=0.572872 mAh_cumul=32.2617 Wh_cumul=0.135569 
t=497 V=4.2022 A=0.1359 W=0.571079 mAh_cumul=32.2995 Wh_cumul=0.135728 
t=498 V=4.20218 A=0.135598 W=0.569807 mAh_cumul=32.3371 Wh_cumul=0.135886 
t=499 V=4.20216 A=0.135355 W=0.568783 mAh_cumul=32.3747 Wh_cumul=0.136044 
t=500 V=4.20217 A=0.135233 W=0.568272 mAh_cumul=32.4123 Wh_cumul=0.136202 
t=501 V=4.20214 A=0.134657 W=0.565848 mAh_cumul=32.4497 Wh_cumul=0.136359 
t=502 V=4.20217 A=0.134697 W=0.56602 mAh_cumul=32.4871 Wh_cumul=0.136516 
t=503 V=4.20216 A=0.134086 W=0.563451 mAh_cumul=32.5244 Wh_cumul=0.136673 
t=504 V=4.20215 A=0.13411 W=0.56355 mAh_cumul=32.5616 Wh_cumul=0.136829 
t=505 V=4.20215 A=0.133657 W=0.561647 mAh_cumul=32.5987 Wh_cumul=0.136985 
t=506 V=4.20215 A=0.133631 W=0.561538 mAh_cumul=32.6359 Wh_cumul=0.137141 
t=507 V=4.20216 A=0.133197 W=0.559715 mAh_cumul=32.6729 Wh_cumul=0.137297 
t=508 V=4.20213 A=0.133064 W=0.559152 mAh_cumul=32.7098 Wh_cumul=0.137452 
t=509 V=4.20214 A=0.132887 W=0.55841 mAh_cumul=32.7467 Wh_cumul=0.137607 
t=510 V=4.20211 A=0.132741 W=0.557792 mAh_cumul=32.7836 Wh_cumul=0.137762 
t=511 V=4.20219 A=0.132442 W=0.556546 mAh_cumul=32.8204 Wh_cumul=0.137917 
t=512 V=4.20218 A=0.132319 W=0.556028 mAh_cumul=32.8571 Wh_cumul=0.138071 
t=513 V=4.20214 A=0.132 W=0.554682 mAh_cumul=32.8938 Wh_cumul=0.138225 
t=514 V=4.20218 A=0.132014 W=0.554747 mAh_cumul=32.9305 Wh_cumul=0.138379 
t=515 V=4.20219 A=0.131684 W=0.553361 mAh_cumul=32.9671 Wh_cumul=0.138533 
t=516 V=4.20216 A=0.131607 W=0.553034 mAh_cumul=33.0036 Wh_cumul=0.138687 
t=517 V=4.20215 A=0.131155 W=0.551133 mAh_cumul=33.0401 Wh_cumul=0.13884 
t=518 V=4.20217 A=0.131457 W=0.552405 mAh_cumul=33.0766 Wh_cumul=0.138993 
t=519 V=4.20217 A=0.130956 W=0.550299 mAh_cumul=33.1129 Wh_cumul=0.139146 
t=520 V=4.20221 A=0.131254 W=0.551557 mAh_cumul=33.1494 Wh_cumul=0.139299 
t=521 V=4.2022 A=0.130728 W=0.549345 mAh_cumul=33.1857 Wh_cumul=0.139452 
t=522 V=4.2022 A=0.13057 W=0.548681 mAh_cumul=33.222 Wh_cumul=0.139604 
t=523 V=4.2022 A=0.130137 W=0.546862 mAh_cumul=33.2581 Wh_cumul=0.139756 
t=524 V=4.20213 A=0.12992 W=0.545941 mAh_cumul=33.2942 Wh_cumul=0.139908 
t=525 V=4.20216 A=0.129385 W=0.543696 mAh_cumul=33.3302 Wh_cumul=0.140059 
t=526 V=4.20216 A=0.129471 W=0.544058 mAh_cumul=33.3661 Wh_cumul=0.14021 
t=527 V=4.20215 A=0.129117 W=0.542569 mAh_cumul=33.402 Wh_cumul=0.140361 
t=528 V=4.20212 A=0.12903 W=0.5422 mAh_cumul=33.4378 Wh_cumul=0.140511 
t=529 V=4.20216 A=0.12857 W=0.540272 mAh_cumul=33.4735 Wh_cumul=0.140661 
t=530 V=4.20215 A=0.128794 W=0.541212 mAh_cumul=33.5093 Wh_cumul=0.140812 
t=531 V=4.20216 A=0.128233 W=0.538856 mAh_cumul=33.5449 Wh_cumul=0.140961 
t=532 V=4.20213 A=0.128121 W=0.538381 mAh_cumul=33.5805 Wh_cumul=0.141111 
t=533 V=4.20212 A=0.127818 W=0.537107 mAh_cumul=33.616 Wh_cumul=0.14126 
t=534 V=4.20213 A=0.127991 W=0.537835 mAh_cumul=33.6516 Wh_cumul=0.14141 
t=535 V=4.20216 A=0.127763 W=0.536881 mAh_cumul=33.6871 Wh_cumul=0.141559 
t=536 V=4.20213 A=0.127755 W=0.536843 mAh_cumul=33.7226 Wh_cumul=0.141708 
t=537 V=4.20215 A=0.127367 W=0.535215 mAh_cumul=33.758 Wh_cumul=0.141856 
t=538 V=4.20214 A=0.127139 W=0.534256 mAh_cumul=33.7933 Wh_cumul=0.142005 
t=539 V=4.20215 A=0.126787 W=0.532778 mAh_cumul=33.8285 Wh_cumul=0.142153 
t=540 V=4.20214 A=0.126712 W=0.532462 mAh_cumul=33.8637 Wh_cumul=0.142301 
t=541 V=4.20211 A=0.12634 W=0.530895 mAh_cumul=33.8988 Wh_cumul=0.142448 
t=542 V=4.20215 A=0.126598 W=0.531984 mAh_cumul=33.9339 Wh_cumul=0.142596 
t=543 V=4.20215 A=0.126211 W=0.530358 mAh_cumul=33.969 Wh_cumul=0.142743 
t=544 V=4.20215 A=0.126261 W=0.530568 mAh_cumul=34.0041 Wh_cumul=0.142891 
t=545 V=4.20217 A=0.125753 W=0.528435 mAh_cumul=34.039 Wh_cumul=0.143037 
t=546 V=4.20215 A=0.125826 W=0.52874 mAh_cumul=34.074 Wh_cumul=0.143184 
t=547 V=4.20218 A=0.125482 W=0.527298 mAh_cumul=34.1088 Wh_cumul=0.143331 
t=548 V=4.20219 A=0.125503 W=0.527387 mAh_cumul=34.1437 Wh_cumul=0.143477 
t=549 V=4.20218 A=0.125169 W=0.525983 mAh_cumul=34.1784 Wh_cumul=0.143623 
t=550 V=4.2022 A=0.12524 W=0.526284 mAh_cumul=34.2132 Wh_cumul=0.14377 
t=551 V=4.2022 A=0.124739 W=0.524178 mAh_cumul=34.2479 Wh_cumul=0.143915 
t=552 V=4.20213 A=0.124582 W=0.52351 mAh_cumul=34.2825 Wh_cumul=0.144061 
t=553 V=4.20216 A=0.124161 W=0.521744 mAh_cumul=34.317 Wh_cumul=0.144206 
t=554 V=4.20219 A=0.124328 W=0.52245 mAh_cumul=34.3515 Wh_cumul=0.144351 
t=555 V=4.20219 A=0.123826 W=0.52034 mAh_cumul=34.3859 Wh_cumul=0.144495 
t=556 V=4.2022 A=0.123908 W=0.520686 mAh_cumul=34.4203 Wh_cumul=0.14464 
t=557 V=4.20218 A=0.123353 W=0.518352 mAh_cumul=34.4546 Wh_cumul=0.144784 
t=558 V=4.20219 A=0.123599 W=0.519386 mAh_cumul=34.4889 Wh_cumul=0.144928 
t=559 V=4.20218 A=0.12321 W=0.517751 mAh_cumul=34.5232 Wh_cumul=0.145072 
t=560 V=4.20215 A=0.123034 W=0.517007 mAh_cumul=34.5573 Wh_cumul=0.145216 
t=561 V=4.20215 A=0.122583 W=0.515112 mAh_cumul=34.5914 Wh_cumul=0.145359 
t=562 V=4.20218 A=0.122488 W=0.514717 mAh_cumul=34.6254 Wh_cumul=0.145502 
t=563 V=4.20217 A=0.122315 W=0.513988 mAh_cumul=34.6594 Wh_cumul=0.145644 
t=564 V=4.20217 A=0.122351 W=0.51414 mAh_cumul=34.6934 Wh_cumul=0.145787 
t=565 V=4.20218 A=0.121964 W=0.512515 mAh_cumul=34.7272 Wh_cumul=0.14593 
t=566 V=4.20219 A=0.122197 W=0.513495 mAh_cumul=34.7612 Wh_cumul=0.146072 
t=567 V=4.20221 A=0.121971 W=0.512548 mAh_cumul=34.7951 Wh_cumul=0.146215 
t=568 V=4.20218 A=0.121799 W=0.511821 mAh_cumul=34.8289 Wh_cumul=0.146357 
t=569 V=4.20216 A=0.121334 W=0.509865 mAh_cumul=34.8626 Wh_cumul=0.146498 
t=570 V=4.20215 A=0.121407 W=0.51017 mAh_cumul=34.8963 Wh_cumul=0.14664 
t=571 V=4.20217 A=0.120868 W=0.507908 mAh_cumul=34.9299 Wh_cumul=0.146781 
t=572 V=4.20218 A=0.121014 W=0.508523 mAh_cumul=34.9635 Wh_cumul=0.146922 
t=573 V=4.20216 A=0.120457 W=0.50618 mAh_cumul=34.997 Wh_cumul=0.147063 
t=574 V=4.20216 A=0.120562 W=0.506621 mAh_cumul=35.0305 Wh_cumul=0.147204 
t=575 V=4.20218 A=0.12031 W=0.505564 mAh_cumul=35.0639 Wh_cumul=0.147344 
t=576 V=4.20216 A=0.120388 W=0.50589 mAh_cumul=35.0973 Wh_cumul=0.147485 
t=577 V=4.20219 A=0.119798 W=0.503414 mAh_cumul=35.1306 Wh_cumul=0.147625 
t=578 V=4.20215 A=0.119654 W=0.502804 mAh_cumul=35.1638 Wh_cumul=0.147764 
t=579 V=4.20217 A=0.119385 W=0.501676 mAh_cumul=35.197 Wh_cumul=0.147904 
t=580 V=4.20222 A=0.119623 W=0.502682 mAh_cumul=35.2302 Wh_cumul=0.148043 
t=581 V=4.20219 A=0.119246 W=0.501094 mAh_cumul=35.2634 Wh_cumul=0.148182 
t=582 V=4.20216 A=0.119238 W=0.501057 mAh_cumul=35.2965 Wh_cumul=0.148322 
t=583 V=4.20221 A=0.118903 W=0.499655 mAh_cumul=35.3295 Wh_cumul=0.14846 
t=584 V=4.20219 A=0.11873 W=0.498926 mAh_cumul=35.3625 Wh_cumul=0.148599 
t=585 V=4.20217 A=0.118257 W=0.496936 mAh_cumul=35.3953 Wh_cumul=0.148737 
t=586 V=4.20217 A=0.118108 W=0.49631 mAh_cumul=35.4281 Wh_cumul=0.148875 
t=587 V=4.20215 A=0.11757 W=0.494047 mAh_cumul=35.4608 Wh_cumul=0.149012 
t=588 V=4.20215 A=0.117692 W=0.494559 mAh_cumul=35.4935 Wh_cumul=0.14915 
t=589 V=4.20214 A=0.117268 W=0.492777 mAh_cumul=35.5261 Wh_cumul=0.149286 
t=590 V=4.20217 A=0.117443 W=0.493515 mAh_cumul=35.5587 Wh_cumul=0.149423 
t=591 V=4.20215 A=0.116994 W=0.491626 mAh_cumul=35.5912 Wh_cumul=0.14956 
t=592 V=4.20217 A=0.117246 W=0.492688 mAh_cumul=35.6238 Wh_cumul=0.149697 
t=593 V=4.20216 A=0.116995 W=0.491632 mAh_cumul=35.6563 Wh_cumul=0.149833 
t=594 V=4.20214 A=0.116942 W=0.491407 mAh_cumul=35.6887 Wh_cumul=0.14997 
t=595 V=4.20216 A=0.116595 W=0.489951 mAh_cumul=35.7211 Wh_cumul=0.150106 
t=596 V=4.20216 A=0.116505 W=0.489573 mAh_cumul=35.7535 Wh_cumul=0.150242 
t=597 V=4.20215 A=0.11618 W=0.488206 mAh_cumul=35.7858 Wh_cumul=0.150378 
t=598 V=4.20217 A=0.115941 W=0.487204 mAh_cumul=35.818 Wh_cumul=0.150513 
t=599 V=4.20213 A=0.115588 W=0.485716 mAh_cumul=35.8501 Wh_cumul=0.150648 
t=600 V=4.20215 A=0.115853 W=0.486832 mAh_cumul=35.8823 Wh_cumul=0.150783 
t=601 V=4.20217 A=0.11566 W=0.486023 mAh_cumul=35.9144 Wh_cumul=0.150918 
t=602 V=4.20215 A=0.115674 W=0.486079 mAh_cumul=35.9465 Wh_cumul=0.151053 
t=603 V=4.20219 A=0.115276 W=0.484412 mAh_cumul=35.9785 Wh_cumul=0.151188 
t=604 V=4.20215 A=0.115252 W=0.484306 mAh_cumul=36.0106 Wh_cumul=0.151322 
t=605 V=4.20217 A=0.114998 W=0.483241 mAh_cumul=36.0425 Wh_cumul=0.151457 
t=606 V=4.20219 A=0.115017 W=0.483323 mAh_cumul=36.0745 Wh_cumul=0.151591 
t=607 V=4.20216 A=0.11456 W=0.481399 mAh_cumul=36.1063 Wh_cumul=0.151724 
t=608 V=4.20218 A=0.11482 W=0.482494 mAh_cumul=36.1382 Wh_cumul=0.151859 
t=609 V=4.20218 A=0.114236 W=0.48004 mAh_cumul=36.1699 Wh_cumul=0.151992 
t=610 V=4.2022 A=0.114432 W=0.480866 mAh_cumul=36.2017 Wh_cumul=0.152125 
t=611 V=4.20218 A=0.114084 W=0.479402 mAh_cumul=36.2334 Wh_cumul=0.152259 
t=612 V=4.20215 A=0.113993 W=0.479016 mAh_cumul=36.265 Wh_cumul=0.152392 
t=613 V=4.20217 A=0.11358 W=0.477282 mAh_cumul=36.2966 Wh_cumul=0.152524 
t=614 V=4.20218 A=0.113849 W=0.478414 mAh_cumul=36.3282 Wh_cumul=0.152657 
t=615 V=4.20217 A=0.113217 W=0.475757 mAh_cumul=36.3597 Wh_cumul=0.152789 
t=616 V=4.20215 A=0.113436 W=0.476675 mAh_cumul=36.3912 Wh_cumul=0.152922 
t=617 V=4.20219 A=0.112978 W=0.474755 mAh_cumul=36.4226 Wh_cumul=0.153054 
t=618 V=4.20218 A=0.112908 W=0.47446 mAh_cumul=36.4539 Wh_cumul=0.153185 
t=619 V=4.20216 A=0.112643 W=0.473344 mAh_cumul=36.4852 Wh_cumul=0.153317 
t=620 V=4.20213 A=0.112471 W=0.472618 mAh_cumul=36.5165 Wh_cumul=0.153448 
t=621 V=4.20215 A=0.112247 W=0.471679 mAh_cumul=36.5476 Wh_cumul=0.153579 
t=622 V=4.20215 A=0.112209 W=0.471519 mAh_cumul=36.5788 Wh_cumul=0.15371 
t=623 V=4.20213 A=0.111882 W=0.470143 mAh_cumul=36.6099 Wh_cumul=0.153841 
t=624 V=4.20213 A=0.111846 W=0.469991 mAh_cumul=36.6409 Wh_cumul=0.153971 
t=625 V=4.20217 A=0.111812 W=0.469853 mAh_cumul=36.672 Wh_cumul=0.154102 
t=626 V=4.20218 A=0.111693 W=0.469354 mAh_cumul=36.703 Wh_cumul=0.154232 
t=627 V=4.20219 A=0.111375 W=0.468019 mAh_cumul=36.734 Wh_cumul=0.154362 
t=628 V=4.2022 A=0.111666 W=0.469243 mAh_cumul=36.765 Wh_cumul=0.154493 
t=629 V=4.2022 A=0.11133 W=0.467831 mAh_cumul=36.7959 Wh_cumul=0.154622 
t=630 V=4.2022 A=0.111067 W=0.466726 mAh_cumul=36.8268 Wh_cumul=0.154752 
t=631 V=4.20216 A=0.110667 W=0.46504 mAh_cumul=36.8575 Wh_cumul=0.154881 
t=632 V=4.20214 A=0.110762 W=0.465437 mAh_cumul=36.8883 Wh_cumul=0.155011 
t=633 V=4.20218 A=0.110578 W=0.464669 mAh_cumul=36.919 Wh_cumul=0.15514 
t=634 V=4.20216 A=0.110393 W=0.463889 mAh_cumul=36.9497 Wh_cumul=0.155269 
t=635 V=4.20219 A=0.110216 W=0.463149 mAh_cumul=36.9803 Wh_cumul=0.155397 
t=636 V=4.20218 A=0.110404 W=0.463937 mAh_cumul=37.0109 Wh_cumul=0.155526 
t=637 V=4.2022 A=0.109927 W=0.461935 mAh_cumul=37.0415 Wh_cumul=0.155654 
t=638 V=4.20221 A=0.110104 W=0.46268 mAh_cumul=37.0721 Wh_cumul=0.155783 
t=639 V=4.20219 A=0.109567 W=0.460421 mAh_cumul=37.1025 Wh_cumul=0.155911 
t=640 V=4.2022 A=0.10966 W=0.460813 mAh_cumul=37.133 Wh_cumul=0.156039 
t=641 V=4.20219 A=0.109218 W=0.458955 mAh_cumul=37.1633 Wh_cumul=0.156166 
t=642 V=4.20221 A=0.10931 W=0.459344 mAh_cumul=37.1937 Wh_cumul=0.156294 
t=643 V=4.20217 A=0.10875 W=0.456986 mAh_cumul=37.2239 Wh_cumul=0.156421 
t=644 V=4.20216 A=0.108973 W=0.457922 mAh_cumul=37.2541 Wh_cumul=0.156548 
t=645 V=4.20218 A=0.108746 W=0.45697 mAh_cumul=37.2843 Wh_cumul=0.156675 
t=646 V=4.20221 A=0.108733 W=0.456919 mAh_cumul=37.3145 Wh_cumul=0.156802 
t=647 V=4.2022 A=0.108296 W=0.455081 mAh_cumul=37.3446 Wh_cumul=0.156928 
t=648 V=4.20219 A=0.108414 W=0.455576 mAh_cumul=37.3747 Wh_cumul=0.157055 
t=649 V=4.20217 A=0.108161 W=0.454511 mAh_cumul=37.4048 Wh_cumul=0.157181 
t=650 V=4.20221 A=0.108492 W=0.455906 mAh_cumul=37.4349 Wh_cumul=0.157308 
t=651 V=4.20221 A=0.107897 W=0.453406 mAh_cumul=37.4649 Wh_cumul=0.157434 
t=652 V=4.20218 A=0.107727 W=0.452688 mAh_cumul=37.4948 Wh_cumul=0.157559 
t=653 V=4.20219 A=0.107281 W=0.450815 mAh_cumul=37.5246 Wh_cumul=0.157685 
t=654 V=4.20221 A=0.107391 W=0.45128 mAh_cumul=37.5545 Wh_cumul=0.15781 
t=655 V=4.20217 A=0.106891 W=0.449174 mAh_cumul=37.5841 Wh_cumul=0.157935 
t=656 V=4.20213 A=0.107038 W=0.449788 mAh_cumul=37.6139 Wh_cumul=0.15806 
t=657 V=4.20218 A=0.106696 W=0.448356 mAh_cumul=37.6435 Wh_cumul=0.158184 
t=658 V=4.20218 A=0.106931 W=0.449343 mAh_cumul=37.6732 Wh_cumul=0.158309 
t=659 V=4.20219 A=0.106601 W=0.447958 mAh_cumul=37.7028 Wh_cumul=0.158434 
t=660 V=4.20216 A=0.106377 W=0.447013 mAh_cumul=37.7324 Wh_cumul=0.158558 
t=661 V=4.20218 A=0.106042 W=0.445608 mAh_cumul=37.7618 Wh_cumul=0.158681 
t=662 V=4.20219 A=0.106203 W=0.446285 mAh_cumul=37.7913 Wh_cumul=0.158805 
t=663 V=4.20215 A=0.105643 W=0.443928 mAh_cumul=37.8207 Wh_cumul=0.158929 
t=664 V=4.20217 A=0.105777 W=0.444493 mAh_cumul=37.8501 Wh_cumul=0.159052 
t=665 V=4.20218 A=0.105559 W=0.443578 mAh_cumul=37.8794 Wh_cumul=0.159175 
t=666 V=4.20219 A=0.105576 W=0.44365 mAh_cumul=37.9087 Wh_cumul=0.159299 
t=667 V=4.20213 A=0.10518 W=0.44198 mAh_cumul=37.9379 Wh_cumul=0.159421 
t=668 V=4.20218 A=0.105173 W=0.441956 mAh_cumul=37.9671 Wh_cumul=0.159544 
t=669 V=4.20219 A=0.104883 W=0.440738 mAh_cumul=37.9963 Wh_cumul=0.159667 
t=670 V=4.20216 A=0.104982 W=0.441151 mAh_cumul=38.0254 Wh_cumul=0.159789 
t=671 V=4.20219 A=0.10457 W=0.439423 mAh_cumul=38.0545 Wh_cumul=0.159911 
t=672 V=4.20217 A=0.104615 W=0.43961 mAh_cumul=38.0835 Wh_cumul=0.160033 
t=673 V=4.20216 A=0.104397 W=0.438693 mAh_cumul=38.1125 Wh_cumul=0.160155 
t=674 V=4.20219 A=0.10447 W=0.439003 mAh_cumul=38.1416 Wh_cumul=0.160277 
t=675 V=4.20216 A=0.10385 W=0.436394 mAh_cumul=38.1704 Wh_cumul=0.160398 
t=676 V=4.20214 A=0.103936 W=0.436754 mAh_cumul=38.1993 Wh_cumul=0.16052 
t=677 V=4.20215 A=0.103343 W=0.434263 mAh_cumul=38.228 Wh_cumul=0.16064 
t=678 V=4.20218 A=0.103687 W=0.435711 mAh_cumul=38.2568 Wh_cumul=0.160761 
t=679 V=4.20217 A=0.103468 W=0.43479 mAh_cumul=38.2855 Wh_cumul=0.160882 
t=680 V=4.20219 A=0.103602 W=0.435355 mAh_cumul=38.3143 Wh_cumul=0.161003 
t=681 V=4.20218 A=0.103125 W=0.43335 mAh_cumul=38.343 Wh_cumul=0.161123 
t=682 V=4.20219 A=0.103273 W=0.433973 mAh_cumul=38.3716 Wh_cumul=0.161244 
t=683 V=4.20219 A=0.102816 W=0.432052 mAh_cumul=38.4002 Wh_cumul=0.161364 
t=684 V=4.20218 A=0.102918 W=0.43248 mAh_cumul=38.4288 Wh_cumul=0.161484 
t=685 V=4.20217 A=0.102432 W=0.430437 mAh_cumul=38.4572 Wh_cumul=0.161604 
t=686 V=4.20215 A=0.102327 W=0.429993 mAh_cumul=38.4857 Wh_cumul=0.161723 
t=687 V=4.20214 A=0.101904 W=0.428215 mAh_cumul=38.514 Wh_cumul=0.161842 
t=688 V=4.20214 A=0.102112 W=0.429089 mAh_cumul=38.5423 Wh_cumul=0.161961 
t=689 V=4.20215 A=0.101788 W=0.427728 mAh_cumul=38.5706 Wh_cumul=0.16208 
t=690 V=4.20215 A=0.101828 W=0.427897 mAh_cumul=38.5989 Wh_cumul=0.162199 
t=691 V=4.20213 A=0.101451 W=0.42631 mAh_cumul=38.6271 Wh_cumul=0.162317 
t=692 V=4.20214 A=0.101521 W=0.426605 mAh_cumul=38.6553 Wh_cumul=0.162436 
t=693 V=4.20215 A=0.101105 W=0.424858 mAh_cumul=38.6834 Wh_cumul=0.162554 
t=694 V=4.20215 A=0.101229 W=0.425379 mAh_cumul=38.7115 Wh_cumul=0.162672 
t=695 V=4.20215 A=0.100927 W=0.42411 mAh_cumul=38.7395 Wh_cumul=0.16279 
t=696 V=4.20217 A=0.101219 W=0.425339 mAh_cumul=38.7676 Wh_cumul=0.162908 
t=697 V=4.20218 A=0.100841 W=0.423752 mAh_cumul=38.7956 Wh_cumul=0.163026 
t=698 V=4.20216 A=0.100934 W=0.424141 mAh_cumul=38.8237 Wh_cumul=0.163144 
t=699 V=4.20217 A=0.100642 W=0.422915 mAh_cumul=38.8516 Wh_cumul=0.163261 
t=700 V=4.20218 A=0.100785 W=0.423517 mAh_cumul=38.8796 Wh_cumul=0.163379 
t=701 V=4.2022 A=0.100573 W=0.422628 mAh_cumul=38.9076 Wh_cumul=0.163496 
t=702 V=4.20221 A=0.100759 W=0.42341 mAh_cumul=38.9356 Wh_cumul=0.163614 
t=703 V=4.2022 A=0.100326 W=0.42159 mAh_cumul=38.9634 Wh_cumul=0.163731 
t=704 V=4.20218 A=0.100562 W=0.42258 mAh_cumul=38.9914 Wh_cumul=0.163848 
t=705 V=4.20218 A=0.10013 W=0.420764 mAh_cumul=39.0192 Wh_cumul=0.163965 
t=706 V=4.20219 A=0.0999304 W=0.419927 mAh_cumul=39.0469 Wh_cumul=0.164082 
t=707 V=4.20219 A=0.0997202 W=0.419043 mAh_cumul=39.0746 Wh_cumul=0.164198 
t=708 V=4.20222 A=0.0996846 W=0.418897 mAh_cumul=39.1023 Wh_cumul=0.164314 
t=709 V=4.20219 A=0.0991762 W=0.416757 mAh_cumul=39.1299 Wh_cumul=0.16443 
t=710 V=4.20215 A=0.0991722 W=0.416736 mAh_cumul=39.1574 Wh_cumul=0.164546 
t=711 V=4.20216 A=0.0989245 W=0.415697 mAh_cumul=39.1849 Wh_cumul=0.164661 
t=712 V=4.20216 A=0.0989795 W=0.415928 mAh_cumul=39.2124 Wh_cumul=0.164777 
t=713 V=4.20218 A=0.0986764 W=0.414656 mAh_cumul=39.2398 Wh_cumul=0.164892 
t=714 V=4.20217 A=0.0986443 W=0.41452 mAh_cumul=39.2672 Wh_cumul=0.165007 
t=715 V=4.20217 A=0.0984182 W=0.41357 mAh_cumul=39.2945 Wh_cumul=0.165122 
t=716 V=4.20218 A=0.0986268 W=0.414448 mAh_cumul=39.3219 Wh_cumul=0.165237 
t=717 V=4.20219 A=0.0984347 W=0.413641 mAh_cumul=39.3493 Wh_cumul=0.165352 
t=718 V=4.20218 A=0.0982186 W=0.412732 mAh_cumul=39.3766 Wh_cumul=0.165467 
t=719 V=4.20217 A=0.0977374 W=0.410709 mAh_cumul=39.4037 Wh_cumul=0.165581 
t=720 V=4.20215 A=0.0980159 W=0.411878 mAh_cumul=39.4309 Wh_cumul=0.165695 
t=721 V=4.20216 A=0.0978641 W=0.411241 mAh_cumul=39.4581 Wh_cumul=0.16581 
t=722 V=4.20219 A=0.0976826 W=0.410481 mAh_cumul=39.4853 Wh_cumul=0.165924 
t=723 V=4.20215 A=0.0973351 W=0.409017 mAh_cumul=39.5123 Wh_cumul=0.166037 
t=724 V=4.20218 A=0.0973635 W=0.409139 mAh_cumul=39.5393 Wh_cumul=0.166151 
t=725 V=4.20215 A=0.096932 W=0.407323 mAh_cumul=39.5663 Wh_cumul=0.166264 
t=726 V=4.20213 A=0.0969523 W=0.407406 mAh_cumul=39.5932 Wh_cumul=0.166377 
t=727 V=4.20216 A=0.0966942 W=0.406324 mAh_cumul=39.6201 Wh_cumul=0.16649 
t=728 V=4.20215 A=0.0967159 W=0.406415 mAh_cumul=39.6469 Wh_cumul=0.166603 
t=729 V=4.20217 A=0.0963739 W=0.40498 mAh_cumul=39.6737 Wh_cumul=0.166715 
t=730 V=4.20214 A=0.0964623 W=0.405348 mAh_cumul=39.7005 Wh_cumul=0.166828 
t=731 V=4.20219 A=0.0963242 W=0.404773 mAh_cumul=39.7272 Wh_cumul=0.16694 
t=732 V=4.20215 A=0.0963817 W=0.40501 mAh_cumul=39.754 Wh_cumul=0.167053 
t=733 V=4.20215 A=0.0959834 W=0.403337 mAh_cumul=39.7807 Wh_cumul=0.167165 
t=734 V=4.20217 A=0.0960516 W=0.403625 mAh_cumul=39.8074 Wh_cumul=0.167277 
t=735 V=4.20212 A=0.0956696 W=0.402015 mAh_cumul=39.8339 Wh_cumul=0.167389 
t=736 V=4.20216 A=0.0959614 W=0.403245 mAh_cumul=39.8606 Wh_cumul=0.167501 
t=737 V=4.20217 A=0.0953069 W=0.400496 mAh_cumul=39.8871 Wh_cumul=0.167612 
t=738 V=4.20214 A=0.0953418 W=0.40064 mAh_cumul=39.9136 Wh_cumul=0.167723 
t=739 V=4.20213 A=0.0950201 W=0.399287 mAh_cumul=39.9399 Wh_cumul=0.167834 
t=740 V=4.20217 A=0.0952084 W=0.400082 mAh_cumul=39.9664 Wh_cumul=0.167945 
t=741 V=4.20216 A=0.0950002 W=0.399206 mAh_cumul=39.9928 Wh_cumul=0.168056 
t=742 V=4.20216 A=0.0950009 W=0.399209 mAh_cumul=40.0192 Wh_cumul=0.168167 
t=743 V=4.20217 A=0.0945985 W=0.397519 mAh_cumul=40.0455 Wh_cumul=0.168278 
t=744 V=4.20214 A=0.0946356 W=0.397672 mAh_cumul=40.0717 Wh_cumul=0.168388 
t=745 V=4.20216 A=0.0940322 W=0.395138 mAh_cumul=40.0979 Wh_cumul=0.168498 
t=746 V=4.20213 A=0.0942947 W=0.396239 mAh_cumul=40.1241 Wh_cumul=0.168608 
t=747 V=4.20214 A=0.0939277 W=0.394697 mAh_cumul=40.1501 Wh_cumul=0.168718 
t=748 V=4.20212 A=0.0942147 W=0.395901 mAh_cumul=40.1763 Wh_cumul=0.168828 
t=749 V=4.20217 A=0.0940168 W=0.395075 mAh_cumul=40.2024 Wh_cumul=0.168937 
t=750 V=4.20218 A=0.0942143 W=0.395905 mAh_cumul=40.2286 Wh_cumul=0.169047 
t=751 V=4.20218 A=0.0936992 W=0.393741 mAh_cumul=40.2546 Wh_cumul=0.169157 
t=752 V=4.20219 A=0.0937471 W=0.393943 mAh_cumul=40.2807 Wh_cumul=0.169266 
t=753 V=4.20216 A=0.0933764 W=0.392383 mAh_cumul=40.3066 Wh_cumul=0.169375 
t=754 V=4.20219 A=0.0933841 W=0.392418 mAh_cumul=40.3325 Wh_cumul=0.169484 
t=755 V=4.20214 A=0.0930616 W=0.391058 mAh_cumul=40.3584 Wh_cumul=0.169593 
t=756 V=4.20217 A=0.0931831 W=0.391571 mAh_cumul=40.3843 Wh_cumul=0.169701 
t=757 V=4.20217 A=0.0926176 W=0.389195 mAh_cumul=40.41 Wh_cumul=0.16981 
t=758 V=4.20216 A=0.0927527 W=0.389762 mAh_cumul=40.4358 Wh_cumul=0.169918 
t=759 V=4.20213 A=0.0922875 W=0.387804 mAh_cumul=40.4614 Wh_cumul=0.170026 
t=760 V=4.20217 A=0.0926151 W=0.389184 mAh_cumul=40.4871 Wh_cumul=0.170134 
t=761 V=4.20217 A=0.0922713 W=0.38774 mAh_cumul=40.5128 Wh_cumul=0.170241 
t=762 V=4.20214 A=0.0923034 W=0.387872 mAh_cumul=40.5384 Wh_cumul=0.170349 
t=763 V=4.20218 A=0.0919751 W=0.386496 mAh_cumul=40.564 Wh_cumul=0.170456 
t=764 V=4.20217 A=0.092053 W=0.386822 mAh_cumul=40.5895 Wh_cumul=0.170564 
t=765 V=4.20214 A=0.0917254 W=0.385443 mAh_cumul=40.615 Wh_cumul=0.170671 
t=766 V=4.20215 A=0.0918685 W=0.386045 mAh_cumul=40.6405 Wh_cumul=0.170778 
t=767 V=4.20215 A=0.0914641 W=0.384346 mAh_cumul=40.6659 Wh_cumul=0.170885 
t=768 V=4.20217 A=0.0916757 W=0.385237 mAh_cumul=40.6914 Wh_cumul=0.170992 
t=769 V=4.20219 A=0.0912773 W=0.383565 mAh_cumul=40.7167 Wh_cumul=0.171099 
t=770 V=4.20214 A=0.0912812 W=0.383576 mAh_cumul=40.7421 Wh_cumul=0.171205 
t=771 V=4.20218 A=0.0910828 W=0.382746 mAh_cumul=40.7674 Wh_cumul=0.171311 
t=772 V=4.20214 A=0.0908563 W=0.381791 mAh_cumul=40.7926 Wh_cumul=0.171417 
t=773 V=4.20214 A=0.0904883 W=0.380245 mAh_cumul=40.8178 Wh_cumul=0.171523 
t=774 V=4.20215 A=0.0907336 W=0.381276 mAh_cumul=40.843 Wh_cumul=0.171629 
t=775 V=4.20218 A=0.0905531 W=0.38052 mAh_cumul=40.8681 Wh_cumul=0.171735 
t=776 V=4.20215 A=0.0905845 W=0.38065 mAh_cumul=40.8933 Wh_cumul=0.17184 
t=777 V=4.20218 A=0.090411 W=0.379923 mAh_cumul=40.9184 Wh_cumul=0.171946 
t=778 V=4.20218 A=0.0905433 W=0.380479 mAh_cumul=40.9436 Wh_cumul=0.172052 
t=779 V=4.20218 A=0.090194 W=0.379011 mAh_cumul=40.9686 Wh_cumul=0.172157 
t=780 V=4.20219 A=0.09043 W=0.380004 mAh_cumul=40.9937 Wh_cumul=0.172262 
t=781 V=4.2022 A=0.0900343 W=0.378342 mAh_cumul=41.0187 Wh_cumul=0.172368 
t=782 V=4.2022 A=0.090231 W=0.379169 mAh_cumul=41.0438 Wh_cumul=0.172473 
t=783 V=4.20216 A=0.0896393 W=0.376679 mAh_cumul=41.0687 Wh_cumul=0.172578 
t=784 V=4.20216 A=0.0897664 W=0.377213 mAh_cumul=41.0936 Wh_cumul=0.172682 
t=785 V=4.2022 A=0.0893623 W=0.375518 mAh_cumul=41.1185 Wh_cumul=0.172787 
t=786 V=4.20214 A=0.0895552 W=0.376323 mAh_cumul=41.1433 Wh_cumul=0.172891 
t=787 V=4.20216 A=0.0891779 W=0.37474 mAh_cumul=41.1681 Wh_cumul=0.172995 
t=788 V=4.2022 A=0.0892716 W=0.375137 mAh_cumul=41.1929 Wh_cumul=0.173099 
t=789 V=4.2022 A=0.089003 W=0.374008 mAh_cumul=41.2176 Wh_cumul=0.173203 
t=790 V=4.20219 A=0.0889641 W=0.373844 mAh_cumul=41.2424 Wh_cumul=0.173307 
t=791 V=4.20217 A=0.0885494 W=0.3721 mAh_cumul=41.2669 Wh_cumul=0.173411 
t=792 V=4.20213 A=0.0886624 W=0.372571 mAh_cumul=41.2916 Wh_cumul=0.173514 
t=793 V=4.20216 A=0.0883166 W=0.37112 mAh_cumul=41.3161 Wh_cumul=0.173617 
t=794 V=4.20217 A=0.0887546 W=0.372962 mAh_cumul=41.3408 Wh_cumul=0.173721 
t=795 V=4.20217 A=0.0884203 W=0.371557 mAh_cumul=41.3653 Wh_cumul=0.173824 
t=796 V=4.20217 A=0.0885349 W=0.372039 mAh_cumul=41.3899 Wh_cumul=0.173927 
t=797 V=4.20218 A=0.0880374 W=0.369949 mAh_cumul=41.4144 Wh_cumul=0.17403 
t=798 V=4.20213 A=0.0879715 W=0.369668 mAh_cumul=41.4388 Wh_cumul=0.174133 
t=799 V=4.20214 A=0.0875148 W=0.367749 mAh_cumul=41.4631 Wh_cumul=0.174235 
t=800 V=4.20215 A=0.0874791 W=0.3676 mAh_cumul=41.4874 Wh_cumul=0.174337 
t=801 V=4.20212 A=0.0871433 W=0.366187 mAh_cumul=41.5116 Wh_cumul=0.174439 
t=802 V=4.20215 A=0.0874392 W=0.367433 mAh_cumul=41.5359 Wh_cumul=0.174541 
t=803 V=4.20214 A=0.0872541 W=0.366654 mAh_cumul=41.5601 Wh_cumul=0.174643 
t=804 V=4.20218 A=0.0875592 W=0.36794 mAh_cumul=41.5845 Wh_cumul=0.174745 
t=805 V=4.2022 A=0.0871387 W=0.366174 mAh_cumul=41.6087 Wh_cumul=0.174847 
t=806 V=4.20218 A=0.0873332 W=0.36699 mAh_cumul=41.6329 Wh_cumul=0.174948 
t=807 V=4.20214 A=0.0868694 W=0.365037 mAh_cumul=41.6571 Wh_cumul=0.17505 
t=808 V=4.20214 A=0.0867838 W=0.364678 mAh_cumul=41.6812 Wh_cumul=0.175151 
t=809 V=4.20215 A=0.0866065 W=0.363934 mAh_cumul=41.7052 Wh_cumul=0.175252 
t=810 V=4.20215 A=0.0866216 W=0.363997 mAh_cumul=41.7293 Wh_cumul=0.175353 
t=811 V=4.20213 A=0.0863379 W=0.362803 mAh_cumul=41.7533 Wh_cumul=0.175454 
t=812 V=4.20214 A=0.0864458 W=0.363257 mAh_cumul=41.7773 Wh_cumul=0.175555 
t=813 V=4.20217 A=0.0861778 W=0.362134 mAh_cumul=41.8012 Wh_cumul=0.175656 
t=814 V=4.20216 A=0.08616 W=0.362058 mAh_cumul=41.8252 Wh_cumul=0.175756 
t=815 V=4.20215 A=0.0857709 W=0.360422 mAh_cumul=41.849 Wh_cumul=0.175856 
t=816 V=4.20216 A=0.0860633 W=0.361652 mAh_cumul=41.8729 Wh_cumul=0.175957 
t=817 V=4.20217 A=0.0857335 W=0.360267 mAh_cumul=41.8967 Wh_cumul=0.176057 
t=818 V=4.20217 A=0.0857535 W=0.360351 mAh_cumul=41.9205 Wh_cumul=0.176157 
t=819 V=4.20213 A=0.085545 W=0.359471 mAh_cumul=41.9443 Wh_cumul=0.176257 
t=820 V=4.20213 A=0.0855904 W=0.359662 mAh_cumul=41.9681 Wh_cumul=0.176357 
t=821 V=4.20213 A=0.085105 W=0.357622 mAh_cumul=41.9917 Wh_cumul=0.176456 
t=822 V=4.20212 A=0.0851993 W=0.358018 mAh_cumul=42.0154 Wh_cumul=0.176556 
t=823 V=4.20214 A=0.0849055 W=0.356785 mAh_cumul=42.039 Wh_cumul=0.176655 
t=824 V=4.20213 A=0.0850494 W=0.357389 mAh_cumul=42.0626 Wh_cumul=0.176754 
t=825 V=4.20216 A=0.0847204 W=0.356009 mAh_cumul=42.0861 Wh_cumul=0.176853 
t=826 V=4.20213 A=0.0847148 W=0.355983 mAh_cumul=42.1096 Wh_cumul=0.176952 
t=827 V=4.20213 A=0.084373 W=0.354546 mAh_cumul=42.1331 Wh_cumul=0.17705 
t=828 V=4.20212 A=0.0842681 W=0.354105 mAh_cumul=42.1565 Wh_cumul=0.177149 
t=829 V=4.20213 A=0.0840436 W=0.353162 mAh_cumul=42.1798 Wh_cumul=0.177247 
t=830 V=4.20215 A=0.0842308 W=0.35395 mAh_cumul=42.2032 Wh_cumul=0.177345 
t=831 V=4.20212 A=0.0840486 W=0.353182 mAh_cumul=42.2266 Wh_cumul=0.177443 
t=832 V=4.20215 A=0.084169 W=0.353691 mAh_cumul=42.25 Wh_cumul=0.177541 
t=833 V=4.20214 A=0.083889 W=0.352513 mAh_cumul=42.2733 Wh_cumul=0.177639 
t=834 V=4.20217 A=0.0840509 W=0.353196 mAh_cumul=42.2966 Wh_cumul=0.177737 
t=835 V=4.20217 A=0.0835783 W=0.35121 mAh_cumul=42.3198 Wh_cumul=0.177835 
END

