0 errors cleared
t=0 V=3.58497 A=0.00816956 W=0.0292876 mAh_cumul=0 Wh_cumul=0 
t=2 V=3.58494 A=0.00816881 W=0.0292847 mAh_cumul=0.00453823 Wh_cumul=1.62693e-05 
t=3 V=3.59885 A=0.239108 W=0.860514 mAh_cumul=0.0709571 Wh_cumul=0.000255301 
t=4 V=3.59882 A=0.231967 W=0.834807 mAh_cumul=0.135392 Wh_cumul=0.000487192 
t=5 V=3.59883 A=0.227295 W=0.817996 mAh_cumul=0.19853 Wh_cumul=0.000714413 
t=6 V=3.59881 A=0.223052 W=0.802722 mAh_cumul=0.260489 Wh_cumul=0.000937391 
t=7 V=3.59887 A=0.219072 W=0.788412 mAh_cumul=0.321342 Wh_cumul=0.00115639 
t=8 V=3.5988 A=0.215758 W=0.77647 mAh_cumul=0.381275 Wh_cumul=0.00137208 
t=9 V=3.59884 A=0.212847 W=0.766002 mAh_cumul=0.440399 Wh_cumul=0.00158486 
t=10 V=3.59884 A=0.210307 W=0.756861 mAh_cumul=0.498818 Wh_cumul=0.0017951 
t=11 V=3.59885 A=0.207729 W=0.747586 mAh_cumul=0.55652 Wh_cumul=0.00200276 
t=12 V=3.59881 A=0.205505 W=0.739573 mAh_cumul=0.613605 Wh_cumul=0.0022082 
t=13 V=3.59885 A=0.203346 W=0.731812 mAh_cumul=0.67009 Wh_cumul=0.00241148 
t=14 V=3.59885 A=0.200952 W=0.723196 mAh_cumul=0.72591 Wh_cumul=0.00261237 
t=15 V=3.59882 A=0.199043 W=0.71632 mAh_cumul=0.7812 Wh_cumul=0.00281134 
t=16 V=3.59884 A=0.197318 W=0.710116 mAh_cumul=0.83601 Wh_cumul=0.0030086 
t=17 V=3.59884 A=0.195544 W=0.703732 mAh_cumul=0.890328 Wh_cumul=0.00320408 
t=18 V=3.59885 A=0.193981 W=0.698109 mAh_cumul=0.944212 Wh_cumul=0.003398 
t=19 V=3.59882 A=0.191952 W=0.690801 mAh_cumul=0.997532 Wh_cumul=0.00358989 
t=20 V=3.59886 A=0.190628 W=0.686043 mAh_cumul=1.05048 Wh_cumul=0.00378046 
t=21 V=3.59882 A=0.188945 W=0.679979 mAh_cumul=1.10297 Wh_cumul=0.00396934 
t=22 V=3.59886 A=0.187478 W=0.674707 mAh_cumul=1.15505 Wh_cumul=0.00415676 
t=23 V=3.59887 A=0.186013 W=0.669437 mAh_cumul=1.20672 Wh_cumul=0.00434271 
t=24 V=3.59885 A=0.184468 W=0.663873 mAh_cumul=1.25796 Wh_cumul=0.00452712 
t=25 V=3.59882 A=0.182927 W=0.658321 mAh_cumul=1.30877 Wh_cumul=0.00470999 
t=26 V=3.59886 A=0.181838 W=0.65441 mAh_cumul=1.35928 Wh_cumul=0.00489177 
t=27 V=3.59887 A=0.180758 W=0.650525 mAh_cumul=1.40949 Wh_cumul=0.00507247 
t=28 V=3.59883 A=0.179487 W=0.645943 mAh_cumul=1.45935 Wh_cumul=0.0052519 
t=29 V=3.59884 A=0.178199 W=0.64131 mAh_cumul=1.50885 Wh_cumul=0.00543004 
t=30 V=3.59883 A=0.17706 W=0.637209 mAh_cumul=1.55803 Wh_cumul=0.00560704 
t=31 V=3.59885 A=0.176107 W=0.633783 mAh_cumul=1.60695 Wh_cumul=0.00578309 
t=32 V=3.59884 A=0.175052 W=0.629984 mAh_cumul=1.65558 Wh_cumul=0.00595809 
t=33 V=3.59884 A=0.17414 W=0.626702 mAh_cumul=1.70395 Wh_cumul=0.00613217 
t=34 V=3.59888 A=0.173266 W=0.623564 mAh_cumul=1.75208 Wh_cumul=0.00630538 
t=35 V=3.59887 A=0.172215 W=0.619779 mAh_cumul=1.79992 Wh_cumul=0.00647755 
t=36 V=3.59883 A=0.171106 W=0.615781 mAh_cumul=1.84744 Wh_cumul=0.0066486 
t=37 V=3.59886 A=0.170179 W=0.61245 mAh_cumul=1.89472 Wh_cumul=0.00681872 
t=38 V=3.59883 A=0.169192 W=0.608893 mAh_cumul=1.94171 Wh_cumul=0.00698786 
t=39 V=3.59882 A=0.168393 W=0.606016 mAh_cumul=1.98849 Wh_cumul=0.0071562 
t=40 V=3.59885 A=0.167522 W=0.602887 mAh_cumul=2.03502 Wh_cumul=0.00732366 
t=41 V=3.59883 A=0.166692 W=0.599896 mAh_cumul=2.08133 Wh_cumul=0.0074903 
t=42 V=3.59886 A=0.165685 W=0.596277 mAh_cumul=2.12735 Wh_cumul=0.00765593 
t=43 V=3.59882 A=0.164807 W=0.593111 mAh_cumul=2.17313 Wh_cumul=0.00782069 
t=44 V=3.59882 A=0.163745 W=0.589289 mAh_cumul=2.21862 Wh_cumul=0.00798438 
t=45 V=3.59884 A=0.162976 W=0.586525 mAh_cumul=2.26389 Wh_cumul=0.0081473 
t=46 V=3.59883 A=0.162212 W=0.583773 mAh_cumul=2.30895 Wh_cumul=0.00830946 
t=47 V=3.59882 A=0.161366 W=0.580727 mAh_cumul=2.35377 Wh_cumul=0.00847078 
t=48 V=3.59885 A=0.160699 W=0.578332 mAh_cumul=2.39841 Wh_cumul=0.00863142 
t=49 V=3.59884 A=0.159818 W=0.575159 mAh_cumul=2.4428 Wh_cumul=0.00879119 
t=50 V=3.59881 A=0.15873 W=0.571239 mAh_cumul=2.48689 Wh_cumul=0.00894987 
t=51 V=3.5988 A=0.158124 W=0.569057 mAh_cumul=2.53082 Wh_cumul=0.00910794 
t=52 V=3.59881 A=0.157518 W=0.566877 mAh_cumul=2.57457 Wh_cumul=0.0092654 
t=53 V=3.59881 A=0.156585 W=0.56352 mAh_cumul=2.61807 Wh_cumul=0.00942194 
t=54 V=3.59881 A=0.156037 W=0.561548 mAh_cumul=2.66141 Wh_cumul=0.00957792 
t=55 V=3.59878 A=0.155343 W=0.559045 mAh_cumul=2.70456 Wh_cumul=0.00973321 
t=56 V=3.59882 A=0.155059 W=0.558029 mAh_cumul=2.74763 Wh_cumul=0.00988822 
t=57 V=3.59882 A=0.154322 W=0.555377 mAh_cumul=2.7905 Wh_cumul=0.0100425 
t=58 V=3.59883 A=0.153499 W=0.552417 mAh_cumul=2.83314 Wh_cumul=0.0101959 
t=59 V=3.5988 A=0.153123 W=0.551059 mAh_cumul=2.87567 Wh_cumul=0.010349 
t=60 V=3.59883 A=0.152032 W=0.547137 mAh_cumul=2.91791 Wh_cumul=0.010501 
t=61 V=3.59882 A=0.151631 W=0.545693 mAh_cumul=2.96002 Wh_cumul=0.0106526 
t=62 V=3.59882 A=0.151062 W=0.543645 mAh_cumul=3.00199 Wh_cumul=0.0108036 
t=63 V=3.59882 A=0.150524 W=0.541709 mAh_cumul=3.0438 Wh_cumul=0.0109541 
t=64 V=3.59883 A=0.149996 W=0.53981 mAh_cumul=3.08546 Wh_cumul=0.011104 
t=65 V=3.59881 A=0.149474 W=0.537929 mAh_cumul=3.12698 Wh_cumul=0.0112534 
t=66 V=3.59881 A=0.148873 W=0.535766 mAh_cumul=3.16834 Wh_cumul=0.0114023 
t=67 V=3.59881 A=0.148286 W=0.533653 mAh_cumul=3.20953 Wh_cumul=0.0115505 
t=68 V=3.59883 A=0.147876 W=0.532181 mAh_cumul=3.25061 Wh_cumul=0.0116983 
t=69 V=3.59883 A=0.147157 W=0.529593 mAh_cumul=3.29148 Wh_cumul=0.0118454 
t=70 V=3.59883 A=0.146341 W=0.526656 mAh_cumul=3.33213 Wh_cumul=0.0119917 
t=71 V=3.59885 A=0.145876 W=0.524986 mAh_cumul=3.37265 Wh_cumul=0.0121376 
t=72 V=3.59884 A=0.145307 W=0.522937 mAh_cumul=3.41302 Wh_cumul=0.0122828 
t=73 V=3.59883 A=0.144769 W=0.520999 mAh_cumul=3.45323 Wh_cumul=0.0124275 
t=74 V=3.5988 A=0.14401 W=0.518263 mAh_cumul=3.49323 Wh_cumul=0.0125715 
t=75 V=3.59878 A=0.143585 W=0.516731 mAh_cumul=3.53312 Wh_cumul=0.012715 
t=76 V=3.59882 A=0.143259 W=0.515563 mAh_cumul=3.57291 Wh_cumul=0.0128582 
t=77 V=3.59883 A=0.142865 W=0.514147 mAh_cumul=3.6126 Wh_cumul=0.0130011 
t=78 V=3.59882 A=0.142243 W=0.511907 mAh_cumul=3.65211 Wh_cumul=0.0131433 
t=79 V=3.59882 A=0.142035 W=0.511158 mAh_cumul=3.69156 Wh_cumul=0.0132853 
t=80 V=3.59883 A=0.141836 W=0.510444 mAh_cumul=3.73096 Wh_cumul=0.013427 
t=81 V=3.59883 A=0.141353 W=0.508705 mAh_cumul=3.77023 Wh_cumul=0.0135684 
t=82 V=3.59881 A=0.140484 W=0.505575 mAh_cumul=3.80925 Wh_cumul=0.0137088 
t=83 V=3.5988 A=0.140213 W=0.504599 mAh_cumul=3.8482 Wh_cumul=0.013849 
t=84 V=3.59883 A=0.139745 W=0.502918 mAh_cumul=3.88702 Wh_cumul=0.0139887 
t=85 V=3.59882 A=0.139555 W=0.502233 mAh_cumul=3.92578 Wh_cumul=0.0141282 
t=86 V=3.59881 A=0.138943 W=0.500029 mAh_cumul=3.96438 Wh_cumul=0.0142671 
t=87 V=3.59879 A=0.138657 W=0.498997 mAh_cumul=4.00289 Wh_cumul=0.0144057 
t=88 V=3.59885 A=0.138385 W=0.498027 mAh_cumul=4.04133 Wh_cumul=0.014544 
t=89 V=3.59883 A=0.137591 W=0.495167 mAh_cumul=4.07955 Wh_cumul=0.0146816 
t=90 V=3.59878 A=0.137316 W=0.49417 mAh_cumul=4.1177 Wh_cumul=0.0148188 
t=91 V=3.5988 A=0.136828 W=0.492417 mAh_cumul=4.1557 Wh_cumul=0.0149556 
t=92 V=3.59881 A=0.136501 W=0.491241 mAh_cumul=4.19362 Wh_cumul=0.0150921 
t=93 V=3.5988 A=0.135946 W=0.489242 mAh_cumul=4.23138 Wh_cumul=0.015228 
t=94 V=3.5988 A=0.13566 W=0.488213 mAh_cumul=4.26907 Wh_cumul=0.0153636 
t=95 V=3.59884 A=0.135427 W=0.48738 mAh_cumul=4.30669 Wh_cumul=0.015499 
t=96 V=3.59886 A=0.135226 W=0.486659 mAh_cumul=4.34425 Wh_cumul=0.0156341 
t=97 V=3.59882 A=0.134902 W=0.485488 mAh_cumul=4.38172 Wh_cumul=0.015769 
t=98 V=3.59882 A=0.134231 W=0.483073 mAh_cumul=4.41901 Wh_cumul=0.0159032 
t=99 V=3.59881 A=0.133716 W=0.481218 mAh_cumul=4.45615 Wh_cumul=0.0160369 
t=100 V=3.59883 A=0.133412 W=0.480127 mAh_cumul=4.49321 Wh_cumul=0.0161702 
t=101 V=3.59885 A=0.133324 W=0.479813 mAh_cumul=4.53024 Wh_cumul=0.0163035 
t=102 V=3.59882 A=0.132664 W=0.477434 mAh_cumul=4.5671 Wh_cumul=0.0164361 
t=103 V=3.59883 A=0.132139 W=0.475546 mAh_cumul=4.6038 Wh_cumul=0.0165682 
t=104 V=3.59882 A=0.131395 W=0.472867 mAh_cumul=4.6403 Wh_cumul=0.0166996 
t=105 V=3.59882 A=0.131209 W=0.472198 mAh_cumul=4.67675 Wh_cumul=0.0168307 
t=106 V=3.59881 A=0.13096 W=0.4713 mAh_cumul=4.71312 Wh_cumul=0.0169617 
t=107 V=3.59882 A=0.13066 W=0.470222 mAh_cumul=4.74942 Wh_cumul=0.0170923 
t=108 V=3.59882 A=0.130523 W=0.469729 mAh_cumul=4.78567 Wh_cumul=0.0172228 
t=109 V=3.59885 A=0.130254 W=0.468765 mAh_cumul=4.82186 Wh_cumul=0.017353 
t=110 V=3.59883 A=0.129937 W=0.467621 mAh_cumul=4.85795 Wh_cumul=0.0174829 
t=111 V=3.59883 A=0.129629 W=0.466513 mAh_cumul=4.89396 Wh_cumul=0.0176125 
t=112 V=3.59885 A=0.129445 W=0.465853 mAh_cumul=4.92991 Wh_cumul=0.0177419 
t=113 V=3.59884 A=0.129175 W=0.46488 mAh_cumul=4.9658 Wh_cumul=0.017871 
t=114 V=3.59885 A=0.128853 W=0.463723 mAh_cumul=5.00159 Wh_cumul=0.0179998 
t=115 V=3.59884 A=0.128504 W=0.462465 mAh_cumul=5.03728 Wh_cumul=0.0181283 
t=116 V=3.59886 A=0.12828 W=0.461662 mAh_cumul=5.07292 Wh_cumul=0.0182565 
t=117 V=3.59885 A=0.127752 W=0.45976 mAh_cumul=5.1084 Wh_cumul=0.0183842 
t=118 V=3.59881 A=0.127372 W=0.458388 mAh_cumul=5.14379 Wh_cumul=0.0185115 
t=119 V=3.59883 A=0.127178 W=0.457692 mAh_cumul=5.17911 Wh_cumul=0.0186387 
t=120 V=3.59882 A=0.126717 W=0.456032 mAh_cumul=5.21431 Wh_cumul=0.0187654 
t=121 V=3.5988 A=0.126293 W=0.454503 mAh_cumul=5.24939 Wh_cumul=0.0188916 
t=122 V=3.59881 A=0.126164 W=0.45404 mAh_cumul=5.28444 Wh_cumul=0.0190177 
t=123 V=3.5988 A=0.12576 W=0.452585 mAh_cumul=5.31937 Wh_cumul=0.0191435 
t=124 V=3.5988 A=0.125555 W=0.451847 mAh_cumul=5.35425 Wh_cumul=0.019269 
t=125 V=3.59882 A=0.125405 W=0.45131 mAh_cumul=5.38908 Wh_cumul=0.0193943 
t=126 V=3.59883 A=0.125211 W=0.450613 mAh_cumul=5.42386 Wh_cumul=0.0195195 
t=127 V=3.59882 A=0.124841 W=0.44928 mAh_cumul=5.45854 Wh_cumul=0.0196443 
t=128 V=3.59882 A=0.124676 W=0.448686 mAh_cumul=5.49317 Wh_cumul=0.0197689 
t=129 V=3.5988 A=0.123897 W=0.445881 mAh_cumul=5.52759 Wh_cumul=0.0198928 
t=130 V=3.59882 A=0.123822 W=0.445613 mAh_cumul=5.56199 Wh_cumul=0.0200166 
t=131 V=3.59882 A=0.123512 W=0.444497 mAh_cumul=5.59629 Wh_cumul=0.02014 
t=132 V=3.59882 A=0.123254 W=0.443569 mAh_cumul=5.63053 Wh_cumul=0.0202633 
t=133 V=3.59882 A=0.122946 W=0.442461 mAh_cumul=5.66468 Wh_cumul=0.0203862 
t=134 V=3.59881 A=0.122513 W=0.440901 mAh_cumul=5.69871 Wh_cumul=0.0205086 
t=135 V=3.5988 A=0.122268 W=0.440018 mAh_cumul=5.73268 Wh_cumul=0.0206309 
t=136 V=3.59881 A=0.121961 W=0.438914 mAh_cumul=5.76656 Wh_cumul=0.0207528 
t=137 V=3.59882 A=0.121658 W=0.437825 mAh_cumul=5.80035 Wh_cumul=0.0208744 
t=138 V=3.59881 A=0.121299 W=0.436532 mAh_cumul=5.83404 Wh_cumul=0.0209957 
t=139 V=3.59881 A=0.121008 W=0.435485 mAh_cumul=5.86766 Wh_cumul=0.0211166 
t=140 V=3.59879 A=0.120857 W=0.434939 mAh_cumul=5.90123 Wh_cumul=0.0212374 
t=141 V=3.59885 A=0.120958 W=0.43531 mAh_cumul=5.93483 Wh_cumul=0.0213584 
t=142 V=3.59885 A=0.12053 W=0.433769 mAh_cumul=5.96831 Wh_cumul=0.0214789 
t=143 V=3.59882 A=0.120092 W=0.432189 mAh_cumul=6.00167 Wh_cumul=0.0215989 
t=144 V=3.59881 A=0.119987 W=0.43181 mAh_cumul=6.035 Wh_cumul=0.0217189 
t=145 V=3.59881 A=0.119604 W=0.430432 mAh_cumul=6.06822 Wh_cumul=0.0218384 
t=146 V=3.59881 A=0.119138 W=0.428755 mAh_cumul=6.10131 Wh_cumul=0.0219575 
t=147 V=3.59881 A=0.119039 W=0.428399 mAh_cumul=6.13438 Wh_cumul=0.0220765 
t=148 V=3.5988 A=0.118522 W=0.426537 mAh_cumul=6.1673 Wh_cumul=0.022195 
t=149 V=3.59881 A=0.118314 W=0.42579 mAh_cumul=6.20017 Wh_cumul=0.0223133 
t=150 V=3.59879 A=0.118149 W=0.425193 mAh_cumul=6.23299 Wh_cumul=0.0224314 
t=151 V=3.59881 A=0.118132 W=0.425135 mAh_cumul=6.2658 Wh_cumul=0.0225495 
t=152 V=3.59882 A=0.118315 W=0.425794 mAh_cumul=6.29867 Wh_cumul=0.0226678 
t=153 V=3.59884 A=0.118102 W=0.42503 mAh_cumul=6.33147 Wh_cumul=0.0227858 
t=154 V=3.59886 A=0.117757 W=0.423791 mAh_cumul=6.36418 Wh_cumul=0.0229035 
t=155 V=3.59883 A=0.117588 W=0.423179 mAh_cumul=6.39685 Wh_cumul=0.0230211 
t=156 V=3.59884 A=0.11721 W=0.42182 mAh_cumul=6.42941 Wh_cumul=0.0231383 
t=157 V=3.59879 A=0.116784 W=0.420281 mAh_cumul=6.46185 Wh_cumul=0.023255 
t=158 V=3.59881 A=0.116541 W=0.419409 mAh_cumul=6.49422 Wh_cumul=0.0233715 
t=159 V=3.59879 A=0.116155 W=0.418017 mAh_cumul=6.52648 Wh_cumul=0.0234876 
t=160 V=3.59881 A=0.116074 W=0.417728 mAh_cumul=6.55873 Wh_cumul=0.0236037 
t=161 V=3.59882 A=0.115903 W=0.417114 mAh_cumul=6.59092 Wh_cumul=0.0237195 
t=162 V=3.59883 A=0.115943 W=0.417259 mAh_cumul=6.62313 Wh_cumul=0.0238354 
t=163 V=3.59883 A=0.115583 W=0.415964 mAh_cumul=6.65523 Wh_cumul=0.023951 
t=164 V=3.59885 A=0.115502 W=0.415674 mAh_cumul=6.68732 Wh_cumul=0.0240664 
t=165 V=3.59884 A=0.115318 W=0.415011 mAh_cumul=6.71935 Wh_cumul=0.0241817 
t=166 V=3.59884 A=0.114989 W=0.413827 mAh_cumul=6.75129 Wh_cumul=0.0242967 
t=167 V=3.59883 A=0.114693 W=0.412761 mAh_cumul=6.78315 Wh_cumul=0.0244113 
t=168 V=3.59883 A=0.114618 W=0.412491 mAh_cumul=6.81499 Wh_cumul=0.0245259 
t=169 V=3.59882 A=0.114187 W=0.410938 mAh_cumul=6.84671 Wh_cumul=0.0246401 
t=170 V=3.59882 A=0.114106 W=0.410647 mAh_cumul=6.8784 Wh_cumul=0.0247541 
t=171 V=3.59884 A=0.113793 W=0.409523 mAh_cumul=6.91001 Wh_cumul=0.0248679 
t=172 V=3.59882 A=0.113473 W=0.408369 mAh_cumul=6.94153 Wh_cumul=0.0249813 
t=173 V=3.59882 A=0.113133 W=0.407145 mAh_cumul=6.97296 Wh_cumul=0.0250944 
t=174 V=3.59881 A=0.113185 W=0.407331 mAh_cumul=7.0044 Wh_cumul=0.0252076 
t=175 V=3.5988 A=0.113025 W=0.406754 mAh_cumul=7.0358 Wh_cumul=0.0253205 
t=176 V=3.59882 A=0.113143 W=0.407181 mAh_cumul=7.06722 Wh_cumul=0.0254337 
t=177 V=3.59884 A=0.112792 W=0.40592 mAh_cumul=7.09856 Wh_cumul=0.0255464 
t=178 V=3.59886 A=0.112578 W=0.405152 mAh_cumul=7.12983 Wh_cumul=0.025659 
t=179 V=3.59882 A=0.112478 W=0.404788 mAh_cumul=7.16107 Wh_cumul=0.0257714 
t=180 V=3.59886 A=0.11244 W=0.404656 mAh_cumul=7.1923 Wh_cumul=0.0258838 
t=181 V=3.59887 A=0.112513 W=0.40492 mAh_cumul=7.22356 Wh_cumul=0.0259963 
t=182 V=3.59884 A=0.1118 W=0.40235 mAh_cumul=7.25461 Wh_cumul=0.026108 
t=183 V=3.59884 A=0.111488 W=0.401227 mAh_cumul=7.28558 Wh_cumul=0.0262195 
t=184 V=3.59885 A=0.111435 W=0.401038 mAh_cumul=7.31654 Wh_cumul=0.0263309 
t=185 V=3.59884 A=0.111222 W=0.40027 mAh_cumul=7.34743 Wh_cumul=0.0264421 
t=186 V=3.59884 A=0.110842 W=0.398903 mAh_cumul=7.37822 Wh_cumul=0.0265529 
t=187 V=3.59882 A=0.11073 W=0.398497 mAh_cumul=7.40898 Wh_cumul=0.0266636 
t=188 V=3.59885 A=0.110741 W=0.39854 mAh_cumul=7.43974 Wh_cumul=0.0267743 
t=189 V=3.59883 A=0.110404 W=0.397325 mAh_cumul=7.47041 Wh_cumul=0.0268847 
t=190 V=3.59885 A=0.11027 W=0.396845 mAh_cumul=7.50104 Wh_cumul=0.0269949 
t=191 V=3.59884 A=0.109784 W=0.395095 mAh_cumul=7.53154 Wh_cumul=0.0271046 
t=192 V=3.59883 A=0.109477 W=0.393989 mAh_cumul=7.56195 Wh_cumul=0.0272141 
t=193 V=3.59886 A=0.109511 W=0.394115 mAh_cumul=7.59237 Wh_cumul=0.0273236 
t=194 V=3.59885 A=0.109666 W=0.394671 mAh_cumul=7.62283 Wh_cumul=0.0274332 
t=195 V=3.59886 A=0.109473 W=0.393978 mAh_cumul=7.65324 Wh_cumul=0.0275426 
t=196 V=3.59884 A=0.1091 W=0.392633 mAh_cumul=7.68354 Wh_cumul=0.0276517 
t=197 V=3.59885 A=0.108845 W=0.391717 mAh_cumul=7.71378 Wh_cumul=0.0277605 
t=198 V=3.59883 A=0.108469 W=0.390361 mAh_cumul=7.74391 Wh_cumul=0.0278689 
t=199 V=3.59889 A=0.108722 W=0.391279 mAh_cumul=7.77411 Wh_cumul=0.0279776 
t=200 V=3.59889 A=0.108699 W=0.391196 mAh_cumul=7.8043 Wh_cumul=0.0280863 
t=201 V=3.59888 A=0.108705 W=0.391216 mAh_cumul=7.8345 Wh_cumul=0.028195 
t=202 V=3.59885 A=0.108238 W=0.389532 mAh_cumul=7.86456 Wh_cumul=0.0283032 
t=203 V=3.59888 A=0.10802 W=0.388751 mAh_cumul=7.89457 Wh_cumul=0.0284111 
t=204 V=3.59886 A=0.107753 W=0.387788 mAh_cumul=7.9245 Wh_cumul=0.0285189 
t=205 V=3.59885 A=0.107318 W=0.386221 mAh_cumul=7.95431 Wh_cumul=0.0286261 
t=206 V=3.59884 A=0.106798 W=0.384349 mAh_cumul=7.98398 Wh_cumul=0.0287329 
t=207 V=3.59883 A=0.106602 W=0.383642 mAh_cumul=8.01359 Wh_cumul=0.0288395 
t=208 V=3.59884 A=0.106577 W=0.383554 mAh_cumul=8.04319 Wh_cumul=0.028946 
t=209 V=3.59886 A=0.106094 W=0.381817 mAh_cumul=8.07266 Wh_cumul=0.0290521 
t=210 V=3.59884 A=0.105938 W=0.381254 mAh_cumul=8.10209 Wh_cumul=0.029158 
t=211 V=3.59885 A=0.105877 W=0.381035 mAh_cumul=8.1315 Wh_cumul=0.0292638 
t=212 V=3.59883 A=0.105753 W=0.380587 mAh_cumul=8.16088 Wh_cumul=0.0293695 
t=213 V=3.59884 A=0.105514 W=0.379728 mAh_cumul=8.19019 Wh_cumul=0.029475 
t=214 V=3.59881 A=0.105325 W=0.379045 mAh_cumul=8.21944 Wh_cumul=0.0295803 
t=215 V=3.59883 A=0.105089 W=0.378197 mAh_cumul=8.24864 Wh_cumul=0.0296854 
t=216 V=3.59882 A=0.104857 W=0.377361 mAh_cumul=8.27776 Wh_cumul=0.0297902 
t=217 V=3.59885 A=0.105033 W=0.377998 mAh_cumul=8.30694 Wh_cumul=0.0298952 
t=218 V=3.59882 A=0.104525 W=0.376167 mAh_cumul=8.33597 Wh_cumul=0.0299997 
t=219 V=3.5988 A=0.104139 W=0.374775 mAh_cumul=8.3649 Wh_cumul=0.0301038 
t=220 V=3.59883 A=0.104135 W=0.374764 mAh_cumul=8.39383 Wh_cumul=0.0302079 
t=221 V=3.59877 A=0.10386 W=0.373768 mAh_cumul=8.42268 Wh_cumul=0.0303117 
t=222 V=3.5988 A=0.104037 W=0.374408 mAh_cumul=8.45158 Wh_cumul=0.0304157 
t=223 V=3.59882 A=0.103969 W=0.374166 mAh_cumul=8.48046 Wh_cumul=0.0305197 
t=224 V=3.59881 A=0.103648 W=0.373009 mAh_cumul=8.50925 Wh_cumul=0.0306233 
t=225 V=3.59881 A=0.103882 W=0.373852 mAh_cumul=8.5381 Wh_cumul=0.0307271 
t=226 V=3.59883 A=0.103651 W=0.373022 mAh_cumul=8.5669 Wh_cumul=0.0308307 
t=227 V=3.59884 A=0.103365 W=0.371994 mAh_cumul=8.59561 Wh_cumul=0.0309341 
t=228 V=3.59882 A=0.103044 W=0.370837 mAh_cumul=8.62423 Wh_cumul=0.0310371 
t=229 V=3.59881 A=0.102897 W=0.370307 mAh_cumul=8.65281 Wh_cumul=0.0311399 
t=230 V=3.59884 A=0.102926 W=0.370414 mAh_cumul=8.6814 Wh_cumul=0.0312428 
t=231 V=3.59884 A=0.102983 W=0.370619 mAh_cumul=8.71001 Wh_cumul=0.0313458 
t=232 V=3.59886 A=0.102662 W=0.369466 mAh_cumul=8.73853 Wh_cumul=0.0314484 
t=233 V=3.59885 A=0.102349 W=0.368339 mAh_cumul=8.76696 Wh_cumul=0.0315507 
t=234 V=3.59882 A=0.102252 W=0.367987 mAh_cumul=8.79536 Wh_cumul=0.0316529 
t=235 V=3.59882 A=0.101872 W=0.366619 mAh_cumul=8.82366 Wh_cumul=0.0317548 
t=236 V=3.59882 A=0.101968 W=0.366964 mAh_cumul=8.85198 Wh_cumul=0.0318567 
t=237 V=3.59885 A=0.101924 W=0.366809 mAh_cumul=8.8803 Wh_cumul=0.0319586 
t=238 V=3.59886 A=0.101811 W=0.366404 mAh_cumul=8.90858 Wh_cumul=0.0320604 
t=239 V=3.59888 A=0.101794 W=0.366344 mAh_cumul=8.93685 Wh_cumul=0.0321621 
t=240 V=3.59887 A=0.101686 W=0.365955 mAh_cumul=8.9651 Wh_cumul=0.0322638 
t=241 V=3.59883 A=0.101418 W=0.364986 mAh_cumul=8.99327 Wh_cumul=0.0323652 
t=242 V=3.59885 A=0.101427 W=0.365021 mAh_cumul=9.02145 Wh_cumul=0.0324666 
t=243 V=3.59886 A=0.101106 W=0.363866 mAh_cumul=9.04953 Wh_cumul=0.0325677 
t=244 V=3.59884 A=0.100745 W=0.362565 mAh_cumul=9.07752 Wh_cumul=0.0326684 
t=245 V=3.59885 A=0.100674 W=0.362311 mAh_cumul=9.10548 Wh_cumul=0.032769 
t=246 V=3.59886 A=0.100464 W=0.361556 mAh_cumul=9.13339 Wh_cumul=0.0328694 
t=247 V=3.59887 A=0.100476 W=0.3616 mAh_cumul=9.1613 Wh_cumul=0.0329699 
t=248 V=3.59884 A=0.0999992 W=0.359881 mAh_cumul=9.18907 Wh_cumul=0.0330699 
t=249 V=3.59882 A=0.10018 W=0.36053 mAh_cumul=9.2169 Wh_cumul=0.03317 
t=250 V=3.59884 A=0.100146 W=0.360409 mAh_cumul=9.24472 Wh_cumul=0.0332701 
t=251 V=3.59887 A=0.10014 W=0.360391 mAh_cumul=9.27254 Wh_cumul=0.0333702 
t=252 V=3.59885 A=0.100059 W=0.360097 mAh_cumul=9.30033 Wh_cumul=0.0334703 
t=253 V=3.59889 A=0.0997764 W=0.359084 mAh_cumul=9.32805 Wh_cumul=0.03357 
t=254 V=3.59884 A=0.0993816 W=0.357658 mAh_cumul=9.35565 Wh_cumul=0.0336693 
t=255 V=3.59884 A=0.098991 W=0.356253 mAh_cumul=9.38315 Wh_cumul=0.0337683 
t=256 V=3.59883 A=0.0988493 W=0.355742 mAh_cumul=9.41061 Wh_cumul=0.0338671 
t=257 V=3.59885 A=0.0986365 W=0.354978 mAh_cumul=9.43801 Wh_cumul=0.0339657 
t=258 V=3.59884 A=0.0989276 W=0.356025 mAh_cumul=9.46549 Wh_cumul=0.0340646 
t=259 V=3.59885 A=0.0986722 W=0.355106 mAh_cumul=9.4929 Wh_cumul=0.0341633 
t=260 V=3.59882 A=0.0985533 W=0.354676 mAh_cumul=9.52027 Wh_cumul=0.0342618 
t=261 V=3.59887 A=0.0984231 W=0.354212 mAh_cumul=9.54761 Wh_cumul=0.0343602 
t=262 V=3.59884 A=0.0978964 W=0.352313 mAh_cumul=9.57481 Wh_cumul=0.034458 
t=263 V=3.59883 A=0.0976816 W=0.351539 mAh_cumul=9.60194 Wh_cumul=0.0345557 
t=264 V=3.59884 A=0.097511 W=0.350926 mAh_cumul=9.62903 Wh_cumul=0.0346532 
t=265 V=3.59884 A=0.0975471 W=0.351056 mAh_cumul=9.65612 Wh_cumul=0.0347507 
t=266 V=3.59887 A=0.0976151 W=0.351304 mAh_cumul=9.68324 Wh_cumul=0.0348483 
t=267 V=3.59885 A=0.0975388 W=0.351028 mAh_cumul=9.71033 Wh_cumul=0.0349458 
t=268 V=3.59885 A=0.0972117 W=0.34985 mAh_cumul=9.73733 Wh_cumul=0.035043 
t=269 V=3.59885 A=0.0974417 W=0.350678 mAh_cumul=9.7644 Wh_cumul=0.0351404 
t=270 V=3.59886 A=0.0972868 W=0.350122 mAh_cumul=9.79143 Wh_cumul=0.0352376 
t=271 V=3.59885 A=0.0969156 W=0.348785 mAh_cumul=9.81835 Wh_cumul=0.0353345 
t=272 V=3.59886 A=0.096916 W=0.348787 mAh_cumul=9.84527 Wh_cumul=0.0354314 
t=273 V=3.59885 A=0.0967705 W=0.348263 mAh_cumul=9.87215 Wh_cumul=0.0355281 
t=274 V=3.59885 A=0.0965249 W=0.347379 mAh_cumul=9.89896 Wh_cumul=0.0356246 
t=275 V=3.59885 A=0.0962799 W=0.346497 mAh_cumul=9.92571 Wh_cumul=0.0357209 
t=276 V=3.59883 A=0.0959539 W=0.345322 mAh_cumul=9.95236 Wh_cumul=0.0358168 
t=277 V=3.59883 A=0.0957808 W=0.344699 mAh_cumul=9.97897 Wh_cumul=0.0359126 
t=278 V=3.59885 A=0.0953894 W=0.343292 mAh_cumul=10.0055 Wh_cumul=0.0360079 
t=279 V=3.59884 A=0.0952067 W=0.342634 mAh_cumul=10.0319 Wh_cumul=0.0361031 
t=280 V=3.59882 A=0.0952525 W=0.342797 mAh_cumul=10.0584 Wh_cumul=0.0361983 
t=281 V=3.59884 A=0.0950207 W=0.341964 mAh_cumul=10.0848 Wh_cumul=0.0362933 
t=282 V=3.59886 A=0.0950522 W=0.34208 mAh_cumul=10.1112 Wh_cumul=0.0363883 
t=283 V=3.59883 A=0.0949932 W=0.341864 mAh_cumul=10.1376 Wh_cumul=0.0364833 
t=284 V=3.59884 A=0.0943608 W=0.339589 mAh_cumul=10.1638 Wh_cumul=0.0365776 
t=285 V=3.59881 A=0.094201 W=0.339012 mAh_cumul=10.1899 Wh_cumul=0.0366718 
t=286 V=3.59885 A=0.0947197 W=0.340882 mAh_cumul=10.2162 Wh_cumul=0.0367665 
t=287 V=3.59885 A=0.0945857 W=0.3404 mAh_cumul=10.2425 Wh_cumul=0.036861 
t=288 V=3.59888 A=0.0944624 W=0.339959 mAh_cumul=10.2688 Wh_cumul=0.0369555 
t=289 V=3.59886 A=0.0940446 W=0.338453 mAh_cumul=10.2949 Wh_cumul=0.0370495 
t=290 V=3.59883 A=0.0939171 W=0.337992 mAh_cumul=10.321 Wh_cumul=0.0371434 
t=291 V=3.59884 A=0.0938752 W=0.337842 mAh_cumul=10.347 Wh_cumul=0.0372372 
t=292 V=3.59884 A=0.0937122 W=0.337255 mAh_cumul=10.3731 Wh_cumul=0.0373309 
t=293 V=3.59886 A=0.093403 W=0.336144 mAh_cumul=10.399 Wh_cumul=0.0374243 
t=294 V=3.59886 A=0.0931409 W=0.335201 mAh_cumul=10.4249 Wh_cumul=0.0375174 
t=295 V=3.59884 A=0.0929819 W=0.334627 mAh_cumul=10.4507 Wh_cumul=0.0376103 
t=296 V=3.59885 A=0.0930188 W=0.334761 mAh_cumul=10.4766 Wh_cumul=0.0377033 
t=297 V=3.59883 A=0.0929925 W=0.334664 mAh_cumul=10.5024 Wh_cumul=0.0377963 
t=298 V=3.59886 A=0.0928544 W=0.33417 mAh_cumul=10.5282 Wh_cumul=0.0378891 
t=299 V=3.59887 A=0.0927816 W=0.333909 mAh_cumul=10.554 Wh_cumul=0.0379819 
t=300 V=3.5988 A=0.0926284 W=0.333351 mAh_cumul=10.5797 Wh_cumul=0.0380745 
t=301 V=3.59884 A=0.0924864 W=0.332844 mAh_cumul=10.6054 Wh_cumul=0.0381669 
t=302 V=3.59886 A=0.0923985 W=0.332529 mAh_cumul=10.631 Wh_cumul=0.0382593 
t=303 V=3.59885 A=0.0922444 W=0.331974 mAh_cumul=10.6567 Wh_cumul=0.0383515 
t=304 V=3.59885 A=0.0920668 W=0.331335 mAh_cumul=10.6822 Wh_cumul=0.0384435 
t=305 V=3.59883 A=0.0920059 W=0.331114 mAh_cumul=10.7078 Wh_cumul=0.0385355 
t=306 V=3.59884 A=0.0917991 W=0.33037 mAh_cumul=10.7333 Wh_cumul=0.0386273 
t=307 V=3.59884 A=0.091702 W=0.330021 mAh_cumul=10.7588 Wh_cumul=0.0387189 
t=308 V=3.59886 A=0.0916033 W=0.329667 mAh_cumul=10.7842 Wh_cumul=0.0388105 
t=309 V=3.59887 A=0.0918358 W=0.330505 mAh_cumul=10.8097 Wh_cumul=0.0389023 
t=310 V=3.59889 A=0.0916278 W=0.329758 mAh_cumul=10.8352 Wh_cumul=0.0389939 
t=311 V=3.59886 A=0.0914987 W=0.329291 mAh_cumul=10.8606 Wh_cumul=0.0390854 
t=312 V=3.59886 A=0.0912019 W=0.328223 mAh_cumul=10.8859 Wh_cumul=0.0391766 
t=313 V=3.59886 A=0.0910141 W=0.327547 mAh_cumul=10.9112 Wh_cumul=0.0392676 
t=314 V=3.59886 A=0.0907642 W=0.326648 mAh_cumul=10.9364 Wh_cumul=0.0393583 
t=315 V=3.59884 A=0.0905162 W=0.325753 mAh_cumul=10.9616 Wh_cumul=0.0394488 
t=316 V=3.59884 A=0.0903175 W=0.325038 mAh_cumul=10.9867 Wh_cumul=0.0395391 
t=317 V=3.59881 A=0.0900345 W=0.324017 mAh_cumul=11.0117 Wh_cumul=0.0396291 
t=318 V=3.59881 A=0.0898736 W=0.323438 mAh_cumul=11.0366 Wh_cumul=0.0397189 
t=319 V=3.59885 A=0.0900291 W=0.324001 mAh_cumul=11.0616 Wh_cumul=0.0398089 
t=320 V=3.59884 A=0.0899593 W=0.323749 mAh_cumul=11.0866 Wh_cumul=0.0398988 
t=321 V=3.59888 A=0.0900013 W=0.323904 mAh_cumul=11.1116 Wh_cumul=0.0399888 
t=322 V=3.59886 A=0.0898789 W=0.323462 mAh_cumul=11.1366 Wh_cumul=0.0400787 
t=323 V=3.59885 A=0.0900557 W=0.324097 mAh_cumul=11.1616 Wh_cumul=0.0401687 
t=324 V=3.59885 A=0.0895564 W=0.3223 mAh_cumul=11.1865 Wh_cumul=0.0402582 
t=325 V=3.59888 A=0.0895873 W=0.322414 mAh_cumul=11.2114 Wh_cumul=0.0403478 
t=326 V=3.59884 A=0.0893357 W=0.321505 mAh_cumul=11.2362 Wh_cumul=0.0404371 
t=327 V=3.59884 A=0.0890766 W=0.320572 mAh_cumul=11.2609 Wh_cumul=0.0405261 
t=328 V=3.59881 A=0.0887675 W=0.319457 mAh_cumul=11.2856 Wh_cumul=0.0406149 
t=329 V=3.59883 A=0.0888614 W=0.319797 mAh_cumul=11.3103 Wh_cumul=0.0407037 
t=330 V=3.59885 A=0.0887837 W=0.319519 mAh_cumul=11.3349 Wh_cumul=0.0407925 
t=331 V=3.59885 A=0.0887799 W=0.319506 mAh_cumul=11.3596 Wh_cumul=0.0408812 
t=332 V=3.59884 A=0.0886316 W=0.318971 mAh_cumul=11.3842 Wh_cumul=0.0409698 
t=333 V=3.59886 A=0.0886893 W=0.31918 mAh_cumul=11.4088 Wh_cumul=0.0410585 
t=334 V=3.59888 A=0.0883126 W=0.317826 mAh_cumul=11.4334 Wh_cumul=0.0411468 
t=335 V=3.59886 A=0.0884177 W=0.318203 mAh_cumul=11.4579 Wh_cumul=0.0412352 
t=336 V=3.59886 A=0.0885932 W=0.318835 mAh_cumul=11.4825 Wh_cumul=0.0413237 
t=337 V=3.59887 A=0.088322 W=0.317859 mAh_cumul=11.5071 Wh_cumul=0.041412 
t=338 V=3.59889 A=0.0884369 W=0.318275 mAh_cumul=11.5316 Wh_cumul=0.0415004 
t=339 V=3.59888 A=0.0883055 W=0.317801 mAh_cumul=11.5562 Wh_cumul=0.0415887 
t=340 V=3.59886 A=0.0881132 W=0.317107 mAh_cumul=11.5807 Wh_cumul=0.0416768 
t=341 V=3.59885 A=0.0878342 W=0.316102 mAh_cumul=11.6051 Wh_cumul=0.0417646 
t=342 V=3.59887 A=0.0875037 W=0.314914 mAh_cumul=11.6294 Wh_cumul=0.0418521 
t=343 V=3.59885 A=0.0871898 W=0.313783 mAh_cumul=11.6536 Wh_cumul=0.0419392 
t=344 V=3.59883 A=0.087254 W=0.314012 mAh_cumul=11.6778 Wh_cumul=0.0420265 
t=345 V=3.59886 A=0.0869269 W=0.312838 mAh_cumul=11.702 Wh_cumul=0.0421134 
t=346 V=3.59885 A=0.0868879 W=0.312697 mAh_cumul=11.7261 Wh_cumul=0.0422002 
t=347 V=3.59887 A=0.0868605 W=0.3126 mAh_cumul=11.7502 Wh_cumul=0.0422871 
t=348 V=3.59885 A=0.0870718 W=0.313358 mAh_cumul=11.7744 Wh_cumul=0.0423741 
t=349 V=3.59885 A=0.0869248 W=0.312829 mAh_cumul=11.7986 Wh_cumul=0.042461 
t=350 V=3.59888 A=0.0865729 W=0.311565 mAh_cumul=11.8226 Wh_cumul=0.0425475 
t=351 V=3.59886 A=0.0864517 W=0.311128 mAh_cumul=11.8466 Wh_cumul=0.042634 
t=352 V=3.59884 A=0.0865774 W=0.311578 mAh_cumul=11.8707 Wh_cumul=0.0427205 
t=353 V=3.59885 A=0.0863989 W=0.310937 mAh_cumul=11.8947 Wh_cumul=0.0428069 
t=354 V=3.59886 A=0.0862156 W=0.310278 mAh_cumul=11.9186 Wh_cumul=0.0428931 
t=355 V=3.59885 A=0.0858844 W=0.309085 mAh_cumul=11.9425 Wh_cumul=0.0429789 
t=356 V=3.59883 A=0.0856221 W=0.308139 mAh_cumul=11.9663 Wh_cumul=0.0430645 
t=357 V=3.59887 A=0.0856182 W=0.308129 mAh_cumul=11.99 Wh_cumul=0.0431501 
t=358 V=3.59884 A=0.0857179 W=0.308485 mAh_cumul=12.0139 Wh_cumul=0.0432358 
t=359 V=3.59885 A=0.08544 W=0.307486 mAh_cumul=12.0376 Wh_cumul=0.0433212 
t=360 V=3.59882 A=0.0854051 W=0.307358 mAh_cumul=12.0613 Wh_cumul=0.0434066 
t=361 V=3.59886 A=0.0856017 W=0.308069 mAh_cumul=12.0851 Wh_cumul=0.0434922 
t=362 V=3.59885 A=0.0849684 W=0.305789 mAh_cumul=12.1087 Wh_cumul=0.0435771 
t=363 V=3.59884 A=0.0848906 W=0.305508 mAh_cumul=12.1323 Wh_cumul=0.043662 
t=364 V=3.59882 A=0.0846835 W=0.304761 mAh_cumul=12.1558 Wh_cumul=0.0437466 
t=365 V=3.59884 A=0.0847817 W=0.305116 mAh_cumul=12.1793 Wh_cumul=0.0438314 
t=366 V=3.59885 A=0.0847036 W=0.304836 mAh_cumul=12.2029 Wh_cumul=0.0439161 
t=367 V=3.59884 A=0.0847714 W=0.305079 mAh_cumul=12.2264 Wh_cumul=0.0440008 
t=368 V=3.59888 A=0.0847907 W=0.305152 mAh_cumul=12.25 Wh_cumul=0.0440856 
t=369 V=3.59884 A=0.084607 W=0.304487 mAh_cumul=12.2735 Wh_cumul=0.0441701 
t=370 V=3.59886 A=0.0844532 W=0.303935 mAh_cumul=12.2969 Wh_cumul=0.0442546 
t=371 V=3.59886 A=0.0846494 W=0.304641 mAh_cumul=12.3204 Wh_cumul=0.0443392 
t=372 V=3.59887 A=0.0842516 W=0.303211 mAh_cumul=12.3439 Wh_cumul=0.0444234 
t=373 V=3.59886 A=0.0841828 W=0.302962 mAh_cumul=12.3672 Wh_cumul=0.0445076 
t=374 V=3.59885 A=0.0841094 W=0.302697 mAh_cumul=12.3906 Wh_cumul=0.0445917 
t=375 V=3.59887 A=0.0841958 W=0.30301 mAh_cumul=12.414 Wh_cumul=0.0446758 
t=376 V=3.59887 A=0.0839622 W=0.302169 mAh_cumul=12.4373 Wh_cumul=0.0447598 
t=377 V=3.59888 A=0.0837598 W=0.301441 mAh_cumul=12.4606 Wh_cumul=0.0448435 
t=378 V=3.59887 A=0.083811 W=0.301625 mAh_cumul=12.4839 Wh_cumul=0.0449273 
t=379 V=3.59882 A=0.0833794 W=0.300067 mAh_cumul=12.507 Wh_cumul=0.0450106 
END

