Info: CV phase will be skipped.
0 errors cleared
t=0 V=3.64705 A=0.00842354 W=0.0307211 mAh_cumul=0 Wh_cumul=0 
t=2 V=3.64705 A=0.00840983 W=0.0306711 mAh_cumul=0.00467213 Wh_cumul=1.70395e-05 
t=3 V=3.51088 A=2.00046 W=7.02338 mAh_cumul=0.560355 Wh_cumul=0.00196798 
t=4 V=3.50714 A=2.00042 W=7.01575 mAh_cumul=1.11603 Wh_cumul=0.0039168 
t=5 V=3.50527 A=2.00041 W=7.01198 mAh_cumul=1.6717 Wh_cumul=0.00586457 
t=6 V=3.50377 A=2.00041 W=7.00898 mAh_cumul=2.22737 Wh_cumul=0.00781151 
t=7 V=3.50231 A=2.00039 W=7.00599 mAh_cumul=2.78303 Wh_cumul=0.00975761 
t=8 V=3.50098 A=2.00039 W=7.00333 mAh_cumul=3.33869 Wh_cumul=0.011703 
t=9 V=3.49976 A=2.00039 W=7.00088 mAh_cumul=3.89436 Wh_cumul=0.0136477 
t=10 V=3.49862 A=2.0004 W=6.99864 mAh_cumul=4.45002 Wh_cumul=0.0155917 
t=11 V=3.49751 A=2.00039 W=6.99638 mAh_cumul=5.00569 Wh_cumul=0.0175352 
t=12 V=3.49646 A=2.0004 W=6.99432 mAh_cumul=5.56136 Wh_cumul=0.019478 
t=13 V=3.49548 A=2.0004 W=6.99236 mAh_cumul=6.11702 Wh_cumul=0.0214204 
t=14 V=3.49453 A=2.00039 W=6.99042 mAh_cumul=6.67269 Wh_cumul=0.0233622 
t=15 V=3.49359 A=2.0004 W=6.98858 mAh_cumul=7.22835 Wh_cumul=0.0253034 

ABORTED
Info: CV phase will be skipped.
0 errors cleared
t=0 V=3.64361 A=0.00841478 W=0.0306602 mAh_cumul=0 Wh_cumul=0 
t=2 V=3.64369 A=0.00840799 W=0.0306361 mAh_cumul=0.00467111 Wh_cumul=1.70201e-05 
t=3 V=3.50795 A=2.00047 W=7.01755 mAh_cumul=0.560357 Wh_cumul=0.00196634 
t=4 V=3.50417 A=2.00043 W=7.00985 mAh_cumul=1.11603 Wh_cumul=0.00391352 
t=5 V=3.50204 A=2.0004 W=7.00548 mAh_cumul=1.6717 Wh_cumul=0.00585949 
t=6 V=3.50034 A=2.0004 W=7.00208 mAh_cumul=2.22737 Wh_cumul=0.00780451 
t=7 V=3.49887 A=2.0004 W=6.99914 mAh_cumul=2.78303 Wh_cumul=0.00974871 
t=8 V=3.49762 A=2.0004 W=6.99664 mAh_cumul=3.3387 Wh_cumul=0.0116922 
t=9 V=3.49644 A=2.0004 W=6.99428 mAh_cumul=3.89437 Wh_cumul=0.0136351 
t=10 V=3.49537 A=2.00039 W=6.9921 mAh_cumul=4.45003 Wh_cumul=0.0155773 
t=11 V=3.49431 A=2.00039 W=6.98998 mAh_cumul=5.00569 Wh_cumul=0.017519 
t=12 V=3.49336 A=2.00039 W=6.98808 mAh_cumul=5.56136 Wh_cumul=0.0194601 
t=13 V=3.49239 A=2.0004 W=6.98618 mAh_cumul=6.11702 Wh_cumul=0.0214007 
t=14 V=3.4915 A=2.00039 W=6.98436 mAh_cumul=6.67269 Wh_cumul=0.0233408 
t=15 V=3.49067 A=2.00041 W=6.98277 mAh_cumul=7.22836 Wh_cumul=0.0252805 
t=16 V=3.4898 A=2.00041 W=6.98103 mAh_cumul=7.78403 Wh_cumul=0.0272197 
t=17 V=3.48899 A=2.00041 W=6.97941 mAh_cumul=8.3397 Wh_cumul=0.0291584 
t=18 V=3.48824 A=2.00041 W=6.97791 mAh_cumul=8.89537 Wh_cumul=0.0310967 
t=19 V=3.48748 A=2.00041 W=6.97639 mAh_cumul=9.45103 Wh_cumul=0.0330346 
t=20 V=3.48673 A=2.00041 W=6.97489 mAh_cumul=10.0067 Wh_cumul=0.0349721 
t=21 V=3.48604 A=2.0004 W=6.97347 mAh_cumul=10.5624 Wh_cumul=0.0369091 
t=22 V=3.48537 A=2.00041 W=6.97217 mAh_cumul=11.118 Wh_cumul=0.0388458 
t=23 V=3.48473 A=2.0004 W=6.97085 mAh_cumul=11.6737 Wh_cumul=0.0407822 
t=24 V=3.4841 A=2.0004 W=6.96959 mAh_cumul=12.2294 Wh_cumul=0.0427182 
t=25 V=3.48347 A=2.0004 W=6.96833 mAh_cumul=12.785 Wh_cumul=0.0446538 
t=26 V=3.48289 A=2.0004 W=6.96717 mAh_cumul=13.3407 Wh_cumul=0.0465892 
t=27 V=3.48229 A=2.0004 W=6.96597 mAh_cumul=13.8964 Wh_cumul=0.0485242 
t=28 V=3.48173 A=2.0004 W=6.96485 mAh_cumul=14.452 Wh_cumul=0.0504588 
t=29 V=3.48116 A=2.00041 W=6.96375 mAh_cumul=15.0077 Wh_cumul=0.0523932 
t=30 V=3.48067 A=2.0004 W=6.96273 mAh_cumul=15.5634 Wh_cumul=0.0543273 
t=31 V=3.48015 A=2.00041 W=6.96173 mAh_cumul=16.119 Wh_cumul=0.0562611 
t=32 V=3.47967 A=2.0004 W=6.96073 mAh_cumul=16.6747 Wh_cumul=0.0581947 
t=33 V=3.47919 A=2.0004 W=6.95977 mAh_cumul=17.2304 Wh_cumul=0.0601279 
t=34 V=3.47872 A=2.00041 W=6.95887 mAh_cumul=17.786 Wh_cumul=0.0620609 
t=35 V=3.47825 A=2.00041 W=6.95793 mAh_cumul=18.3417 Wh_cumul=0.0639937 
t=36 V=3.47777 A=2.0004 W=6.95693 mAh_cumul=18.8974 Wh_cumul=0.0659262 
t=37 V=3.47733 A=2.00042 W=6.95612 mAh_cumul=19.4531 Wh_cumul=0.0678584 
t=38 V=3.47689 A=2.00041 W=6.95521 mAh_cumul=20.0087 Wh_cumul=0.0697904 
t=39 V=3.47647 A=2.00041 W=6.95437 mAh_cumul=20.5644 Wh_cumul=0.0717222 
t=40 V=3.47608 A=2.0004 W=6.95355 mAh_cumul=21.1201 Wh_cumul=0.0736537 
t=41 V=3.47566 A=2.0004 W=6.95271 mAh_cumul=21.6757 Wh_cumul=0.0755851 
t=42 V=3.47527 A=2.00041 W=6.95196 mAh_cumul=22.2314 Wh_cumul=0.0775162 
t=43 V=3.47492 A=2.0004 W=6.95123 mAh_cumul=22.7871 Wh_cumul=0.0794471 
t=44 V=3.47453 A=2.0004 W=6.95045 mAh_cumul=23.3427 Wh_cumul=0.0813777 
t=45 V=3.47418 A=2.00041 W=6.94978 mAh_cumul=23.8984 Wh_cumul=0.0833082 
t=46 V=3.47381 A=2.00041 W=6.94904 mAh_cumul=24.4541 Wh_cumul=0.0852385 
t=47 V=3.47345 A=2.00042 W=6.94836 mAh_cumul=25.0097 Wh_cumul=0.0871686 
t=48 V=3.47311 A=2.00041 W=6.94764 mAh_cumul=25.5654 Wh_cumul=0.0890985 
t=49 V=3.4728 A=2.00041 W=6.94702 mAh_cumul=26.1211 Wh_cumul=0.0910283 
t=50 V=3.47246 A=2.00041 W=6.94634 mAh_cumul=26.6768 Wh_cumul=0.0929578 
t=51 V=3.47212 A=2.00041 W=6.94566 mAh_cumul=27.2324 Wh_cumul=0.0948871 
t=52 V=3.47182 A=2.00042 W=6.9451 mAh_cumul=27.7881 Wh_cumul=0.0968163 
t=53 V=3.47153 A=2.0004 W=6.94445 mAh_cumul=28.3438 Wh_cumul=0.0987453 
t=54 V=3.47121 A=2.0004 W=6.94381 mAh_cumul=28.8994 Wh_cumul=0.100674 
t=55 V=3.47093 A=2.00041 W=6.94328 mAh_cumul=29.4551 Wh_cumul=0.102603 
t=56 V=3.47061 A=2.00041 W=6.94264 mAh_cumul=30.0108 Wh_cumul=0.104531 
t=57 V=3.47035 A=2.00041 W=6.94212 mAh_cumul=30.5664 Wh_cumul=0.10646 
t=58 V=3.47008 A=2.0004 W=6.94155 mAh_cumul=31.1221 Wh_cumul=0.108388 
t=59 V=3.4698 A=2.00041 W=6.94102 mAh_cumul=31.6778 Wh_cumul=0.110316 
t=60 V=3.46955 A=2.0004 W=6.94049 mAh_cumul=32.2334 Wh_cumul=0.112244 
t=61 V=3.46929 A=2.00041 W=6.94 mAh_cumul=32.7891 Wh_cumul=0.114172 
t=62 V=3.469 A=2.00042 W=6.93946 mAh_cumul=33.3448 Wh_cumul=0.116099 
t=63 V=3.46876 A=2.00042 W=6.93898 mAh_cumul=33.9005 Wh_cumul=0.118027 
t=64 V=3.46853 A=2.00042 W=6.93852 mAh_cumul=34.4561 Wh_cumul=0.119954 
t=65 V=3.46827 A=2.00042 W=6.938 mAh_cumul=35.0118 Wh_cumul=0.121881 
t=66 V=3.46807 A=2.00041 W=6.93756 mAh_cumul=35.5675 Wh_cumul=0.123809 
t=67 V=3.46778 A=2.00042 W=6.93702 mAh_cumul=36.1231 Wh_cumul=0.125735 
t=68 V=3.46759 A=2.00041 W=6.9366 mAh_cumul=36.6788 Wh_cumul=0.127662 
t=69 V=3.46733 A=2.00043 W=6.93615 mAh_cumul=37.2345 Wh_cumul=0.129589 
t=70 V=3.46711 A=2.00042 W=6.93568 mAh_cumul=37.7902 Wh_cumul=0.131516 
t=71 V=3.4669 A=2.00042 W=6.93526 mAh_cumul=38.3458 Wh_cumul=0.133442 
t=72 V=3.46668 A=2.00042 W=6.93482 mAh_cumul=38.9015 Wh_cumul=0.135368 
t=73 V=3.46643 A=2.00041 W=6.93428 mAh_cumul=39.4572 Wh_cumul=0.137295 
t=74 V=3.46626 A=2.00042 W=6.93398 mAh_cumul=40.0128 Wh_cumul=0.139221 
t=75 V=3.46609 A=2.00042 W=6.93364 mAh_cumul=40.5685 Wh_cumul=0.141147 
t=76 V=3.46587 A=2.00042 W=6.9332 mAh_cumul=41.1242 Wh_cumul=0.143073 
t=77 V=3.46569 A=2.00041 W=6.9328 mAh_cumul=41.6799 Wh_cumul=0.144998 
t=78 V=3.4655 A=2.00042 W=6.93246 mAh_cumul=42.2355 Wh_cumul=0.146924 
t=79 V=3.46529 A=2.00042 W=6.93204 mAh_cumul=42.7912 Wh_cumul=0.14885 
t=80 V=3.46508 A=2.00042 W=6.93162 mAh_cumul=43.3469 Wh_cumul=0.150775 
t=81 V=3.46494 A=2.00043 W=6.93137 mAh_cumul=43.9025 Wh_cumul=0.1527 
t=82 V=3.46484 A=2.00042 W=6.93114 mAh_cumul=44.4582 Wh_cumul=0.154626 
t=83 V=3.46444 A=2.00044 W=6.9304 mAh_cumul=45.0139 Wh_cumul=0.156551 
t=84 V=3.46423 A=2.00044 W=6.92998 mAh_cumul=45.5696 Wh_cumul=0.158476 
t=85 V=3.46412 A=2.00044 W=6.92976 mAh_cumul=46.1253 Wh_cumul=0.160401 
t=86 V=3.46401 A=2.00043 W=6.92951 mAh_cumul=46.6809 Wh_cumul=0.162326 
t=87 V=3.46382 A=2.00043 W=6.92913 mAh_cumul=47.2366 Wh_cumul=0.16425 
t=88 V=3.4637 A=2.00043 W=6.92889 mAh_cumul=47.7923 Wh_cumul=0.166175 
t=89 V=3.46351 A=2.00042 W=6.92847 mAh_cumul=48.3479 Wh_cumul=0.1681 
t=90 V=3.46338 A=2.00043 W=6.92825 mAh_cumul=48.9036 Wh_cumul=0.170024 
t=91 V=3.46323 A=2.00043 W=6.92795 mAh_cumul=49.4593 Wh_cumul=0.171949 
t=92 V=3.46307 A=2.00043 W=6.92763 mAh_cumul=50.015 Wh_cumul=0.173873 
t=93 V=3.46292 A=2.00044 W=6.92736 mAh_cumul=50.5707 Wh_cumul=0.175797 
t=94 V=3.46279 A=2.00043 W=6.92707 mAh_cumul=51.1263 Wh_cumul=0.177721 
t=95 V=3.46261 A=2.00044 W=6.92674 mAh_cumul=51.682 Wh_cumul=0.179646 
t=96 V=3.46246 A=2.00044 W=6.92644 mAh_cumul=52.2377 Wh_cumul=0.18157 
t=97 V=3.46234 A=2.00044 W=6.9262 mAh_cumul=52.7934 Wh_cumul=0.183493 
t=98 V=3.46218 A=2.00043 W=6.92585 mAh_cumul=53.349 Wh_cumul=0.185417 
t=99 V=3.46205 A=2.00044 W=6.92562 mAh_cumul=53.9047 Wh_cumul=0.187341 
t=100 V=3.46188 A=2.00043 W=6.92525 mAh_cumul=54.4604 Wh_cumul=0.189265 
t=101 V=3.46173 A=2.00045 W=6.92502 mAh_cumul=55.0161 Wh_cumul=0.191188 
t=102 V=3.46161 A=2.00044 W=6.92474 mAh_cumul=55.5717 Wh_cumul=0.193112 
t=103 V=3.46146 A=2.00044 W=6.92444 mAh_cumul=56.1274 Wh_cumul=0.195035 
t=104 V=3.46131 A=2.00043 W=6.92411 mAh_cumul=56.6831 Wh_cumul=0.196959 
t=105 V=3.46114 A=2.00044 W=6.9238 mAh_cumul=57.2388 Wh_cumul=0.198882 
t=106 V=3.46104 A=2.00043 W=6.92357 mAh_cumul=57.7945 Wh_cumul=0.200805 
t=107 V=3.46089 A=2.00042 W=6.92323 mAh_cumul=58.3501 Wh_cumul=0.202728 
t=108 V=3.46072 A=2.00043 W=6.92293 mAh_cumul=58.9058 Wh_cumul=0.204651 
t=109 V=3.46058 A=2.00044 W=6.92268 mAh_cumul=59.4615 Wh_cumul=0.206574 
t=110 V=3.46048 A=2.00043 W=6.92245 mAh_cumul=60.0172 Wh_cumul=0.208497 
t=111 V=3.46035 A=2.00043 W=6.92219 mAh_cumul=60.5728 Wh_cumul=0.21042 
t=112 V=3.46023 A=2.00043 W=6.92195 mAh_cumul=61.1285 Wh_cumul=0.212343 
t=113 V=3.4601 A=2.00044 W=6.92172 mAh_cumul=61.6842 Wh_cumul=0.214266 
t=114 V=3.45997 A=2.00044 W=6.92146 mAh_cumul=62.2399 Wh_cumul=0.216188 
t=115 V=3.45985 A=2.00044 W=6.92122 mAh_cumul=62.7955 Wh_cumul=0.218111 
t=116 V=3.45972 A=2.00044 W=6.92096 mAh_cumul=63.3512 Wh_cumul=0.220033 
t=117 V=3.4596 A=2.00045 W=6.92076 mAh_cumul=63.9069 Wh_cumul=0.221956 
t=118 V=3.45947 A=2.00043 W=6.92043 mAh_cumul=64.4626 Wh_cumul=0.223878 
t=119 V=3.45935 A=2.00044 W=6.92022 mAh_cumul=65.0182 Wh_cumul=0.2258 
t=120 V=3.45922 A=2.00044 W=6.91996 mAh_cumul=65.5739 Wh_cumul=0.227723 
t=121 V=3.45911 A=2.00044 W=6.91974 mAh_cumul=66.1296 Wh_cumul=0.229645 
t=122 V=3.45899 A=2.00046 W=6.91957 mAh_cumul=66.6853 Wh_cumul=0.231567  r_start 
t=123 V=3.47896 A=1.69977 W=5.91343 mAh_cumul=67.1574 Wh_cumul=0.233209 
t=124 V=3.47928 A=1.69977 W=5.91398 mAh_cumul=67.6296 Wh_cumul=0.234852 
t=125 V=3.47944 A=1.69977 W=5.91425 mAh_cumul=68.1018 Wh_cumul=0.236495 
t=126 V=3.47957 A=1.69977 W=5.91447 mAh_cumul=68.5739 Wh_cumul=0.238138 
t=127 V=3.47966 A=1.69978 W=5.91466 mAh_cumul=69.0461 Wh_cumul=0.239781 
t=128 V=3.47974 A=1.69978 W=5.91479 mAh_cumul=69.5182 Wh_cumul=0.241424 
t=129 V=3.47983 A=1.69979 W=5.91498 mAh_cumul=69.9904 Wh_cumul=0.243067 
t=130 V=3.47984 A=1.69977 W=5.91493 mAh_cumul=70.4626 Wh_cumul=0.24471 
t=131 V=3.47993 A=1.69978 W=5.91512 mAh_cumul=70.9347 Wh_cumul=0.246353 
t=132 V=3.47992 A=1.69977 W=5.91506 mAh_cumul=71.4069 Wh_cumul=0.247996  r_2 
t=133 V=3.41956 A=2.60035 W=8.89205 mAh_cumul=72.1292 Wh_cumul=0.250466 
t=134 V=3.41823 A=2.60034 W=8.88856 mAh_cumul=72.8515 Wh_cumul=0.252935 
t=135 V=3.41737 A=2.60034 W=8.88632 mAh_cumul=73.5738 Wh_cumul=0.255404 
t=136 V=3.41665 A=2.60035 W=8.88449 mAh_cumul=74.2962 Wh_cumul=0.257872 
t=137 V=3.41602 A=2.60035 W=8.88285 mAh_cumul=75.0185 Wh_cumul=0.260339 
t=138 V=3.41546 A=2.60036 W=8.88143 mAh_cumul=75.7408 Wh_cumul=0.262806 
t=139 V=3.4149 A=2.60035 W=8.87994 mAh_cumul=76.4631 Wh_cumul=0.265273 
t=140 V=3.41439 A=2.60036 W=8.87864 mAh_cumul=77.1854 Wh_cumul=0.267739 
t=141 V=3.41393 A=2.60036 W=8.87745 mAh_cumul=77.9078 Wh_cumul=0.270205 
t=142 V=3.41348 A=2.60035 W=8.87624 mAh_cumul=78.6301 Wh_cumul=0.272671  r_3 
t=143 V=3.47353 A=1.69979 W=5.90427 mAh_cumul=79.1022 Wh_cumul=0.274311 
t=144 V=3.47437 A=1.69979 W=5.9057 mAh_cumul=79.5744 Wh_cumul=0.275951 
t=145 V=3.47487 A=1.6998 W=5.90658 mAh_cumul=80.0466 Wh_cumul=0.277592 
t=146 V=3.47521 A=1.6998 W=5.90716 mAh_cumul=80.5187 Wh_cumul=0.279233 
t=147 V=3.47546 A=1.69978 W=5.90752 mAh_cumul=80.9909 Wh_cumul=0.280874 
t=148 V=3.47568 A=1.69979 W=5.90793 mAh_cumul=81.4631 Wh_cumul=0.282515 
t=149 V=3.47586 A=1.69979 W=5.90823 mAh_cumul=81.9352 Wh_cumul=0.284156 
t=150 V=3.47603 A=1.69979 W=5.90852 mAh_cumul=82.4074 Wh_cumul=0.285797 
t=151 V=3.4762 A=1.69978 W=5.90878 mAh_cumul=82.8796 Wh_cumul=0.287439 
t=152 V=3.4763 A=1.69978 W=5.90895 mAh_cumul=83.3517 Wh_cumul=0.28908  r_end r=0.0717653 
t=153 V=3.45635 A=2.00044 W=6.91422 mAh_cumul=83.9074 Wh_cumul=0.291001 
t=154 V=3.45601 A=2.00045 W=6.91358 mAh_cumul=84.4631 Wh_cumul=0.292921 
t=155 V=3.45577 A=2.00044 W=6.91306 mAh_cumul=85.0188 Wh_cumul=0.294841 
t=156 V=3.45559 A=2.00045 W=6.91274 mAh_cumul=85.5744 Wh_cumul=0.296761 
t=157 V=3.45542 A=2.00044 W=6.91236 mAh_cumul=86.1301 Wh_cumul=0.298682 
t=158 V=3.45528 A=2.00045 W=6.91211 mAh_cumul=86.6858 Wh_cumul=0.300602 
t=159 V=3.45516 A=2.00044 W=6.91184 mAh_cumul=87.2415 Wh_cumul=0.302522 
t=160 V=3.45505 A=2.00044 W=6.91162 mAh_cumul=87.7971 Wh_cumul=0.304441 
t=161 V=3.4549 A=2.00044 W=6.91132 mAh_cumul=88.3528 Wh_cumul=0.306361 
t=162 V=3.45479 A=2.00045 W=6.91113 mAh_cumul=88.9085 Wh_cumul=0.308281 
t=163 V=3.4547 A=2.00046 W=6.91099 mAh_cumul=89.4642 Wh_cumul=0.310201 
t=164 V=3.45454 A=2.00044 W=6.9106 mAh_cumul=90.0199 Wh_cumul=0.31212 
t=165 V=3.45449 A=2.00044 W=6.9105 mAh_cumul=90.5755 Wh_cumul=0.31404 
t=166 V=3.45434 A=2.00045 W=6.91023 mAh_cumul=91.1312 Wh_cumul=0.315959 
t=167 V=3.45427 A=2.00047 W=6.91016 mAh_cumul=91.6869 Wh_cumul=0.317879 
t=168 V=3.45412 A=2.00045 W=6.90979 mAh_cumul=92.2426 Wh_cumul=0.319798 
t=169 V=3.454 A=2.00047 W=6.90962 mAh_cumul=92.7983 Wh_cumul=0.321718 
t=170 V=3.45391 A=2.00045 W=6.90937 mAh_cumul=93.354 Wh_cumul=0.323637 
t=171 V=3.45384 A=2.00045 W=6.90923 mAh_cumul=93.9096 Wh_cumul=0.325556 
t=172 V=3.4537 A=2.00043 W=6.90889 mAh_cumul=94.4653 Wh_cumul=0.327475 
t=173 V=3.45362 A=2.00043 W=6.90873 mAh_cumul=95.021 Wh_cumul=0.329394 
t=174 V=3.45353 A=2.00044 W=6.90858 mAh_cumul=95.5767 Wh_cumul=0.331313 
t=175 V=3.45343 A=2.00044 W=6.90838 mAh_cumul=96.1323 Wh_cumul=0.333232 
t=176 V=3.4533 A=2.00045 W=6.90815 mAh_cumul=96.688 Wh_cumul=0.335151 
t=177 V=3.45322 A=2.00045 W=6.90799 mAh_cumul=97.2437 Wh_cumul=0.33707 
t=178 V=3.45311 A=2.00044 W=6.90774 mAh_cumul=97.7994 Wh_cumul=0.338989 
t=179 V=3.45301 A=2.00045 W=6.90757 mAh_cumul=98.3551 Wh_cumul=0.340908 
t=180 V=3.45292 A=2.00044 W=6.90736 mAh_cumul=98.9107 Wh_cumul=0.342827 
t=181 V=3.45284 A=2.00044 W=6.9072 mAh_cumul=99.4664 Wh_cumul=0.344745 
t=182 V=3.45274 A=2.00044 W=6.907 mAh_cumul=100.022 Wh_cumul=0.346664 
t=183 V=3.45263 A=2.00045 W=6.90681 mAh_cumul=100.578 Wh_cumul=0.348582 
t=184 V=3.45251 A=2.00045 W=6.90657 mAh_cumul=101.133 Wh_cumul=0.350501 
t=185 V=3.45245 A=2.00046 W=6.90649 mAh_cumul=101.689 Wh_cumul=0.352419 
t=186 V=3.45233 A=2.00045 W=6.90621 mAh_cumul=102.245 Wh_cumul=0.354338 
t=187 V=3.45224 A=2.00046 W=6.90607 mAh_cumul=102.801 Wh_cumul=0.356256 
t=188 V=3.45216 A=2.00046 W=6.90591 mAh_cumul=103.356 Wh_cumul=0.358174 
t=189 V=3.45206 A=2.00046 W=6.90571 mAh_cumul=103.912 Wh_cumul=0.360093 
t=190 V=3.45198 A=2.00045 W=6.90551 mAh_cumul=104.468 Wh_cumul=0.362011 
t=191 V=3.45184 A=2.00046 W=6.90527 mAh_cumul=105.023 Wh_cumul=0.363929 
t=192 V=3.45177 A=2.00045 W=6.90509 mAh_cumul=105.579 Wh_cumul=0.365847 
t=193 V=3.45166 A=2.00045 W=6.90487 mAh_cumul=106.135 Wh_cumul=0.367765 
t=194 V=3.45156 A=2.00046 W=6.90471 mAh_cumul=106.69 Wh_cumul=0.369683 
t=195 V=3.4515 A=2.00046 W=6.90459 mAh_cumul=107.246 Wh_cumul=0.371601 
t=196 V=3.45138 A=2.00046 W=6.90435 mAh_cumul=107.802 Wh_cumul=0.373519 
t=197 V=3.45129 A=2.00045 W=6.90413 mAh_cumul=108.357 Wh_cumul=0.375437 
t=198 V=3.4512 A=2.00046 W=6.90399 mAh_cumul=108.913 Wh_cumul=0.377354 
t=199 V=3.45112 A=2.00045 W=6.90379 mAh_cumul=109.469 Wh_cumul=0.379272 
t=200 V=3.45103 A=2.00045 W=6.90361 mAh_cumul=110.024 Wh_cumul=0.38119 
t=201 V=3.4509 A=2.00046 W=6.90339 mAh_cumul=110.58 Wh_cumul=0.383107 
t=202 V=3.45084 A=2.00046 W=6.90327 mAh_cumul=111.136 Wh_cumul=0.385025 
t=203 V=3.45075 A=2.00044 W=6.90302 mAh_cumul=111.691 Wh_cumul=0.386943 
t=204 V=3.45066 A=2.00045 W=6.90287 mAh_cumul=112.247 Wh_cumul=0.38886 
t=205 V=3.45056 A=2.00044 W=6.90264 mAh_cumul=112.803 Wh_cumul=0.390777 
t=206 V=3.45048 A=2.00043 W=6.90244 mAh_cumul=113.358 Wh_cumul=0.392695 
t=207 V=3.45039 A=2.00044 W=6.9023 mAh_cumul=113.914 Wh_cumul=0.394612 
t=208 V=3.45025 A=2.00044 W=6.90202 mAh_cumul=114.47 Wh_cumul=0.396529 
t=209 V=3.45023 A=2.00045 W=6.90201 mAh_cumul=115.025 Wh_cumul=0.398446 
t=210 V=3.45015 A=2.00046 W=6.90189 mAh_cumul=115.581 Wh_cumul=0.400364 
t=211 V=3.45005 A=2.00046 W=6.90169 mAh_cumul=116.137 Wh_cumul=0.402281 
t=212 V=3.44995 A=2.00045 W=6.90145 mAh_cumul=116.693 Wh_cumul=0.404198 
t=213 V=3.44984 A=2.00045 W=6.90123 mAh_cumul=117.248 Wh_cumul=0.406115 
t=214 V=3.44974 A=2.00044 W=6.901 mAh_cumul=117.804 Wh_cumul=0.408032 
t=215 V=3.44964 A=2.00045 W=6.90083 mAh_cumul=118.36 Wh_cumul=0.409949 
t=216 V=3.44958 A=2.00045 W=6.90071 mAh_cumul=118.915 Wh_cumul=0.411866 
t=217 V=3.44949 A=2.00044 W=6.9005 mAh_cumul=119.471 Wh_cumul=0.413782 
t=218 V=3.44939 A=2.00045 W=6.90033 mAh_cumul=120.027 Wh_cumul=0.415699 
t=219 V=3.44933 A=2.00045 W=6.90021 mAh_cumul=120.582 Wh_cumul=0.417616 
t=220 V=3.44924 A=2.00044 W=6.9 mAh_cumul=121.138 Wh_cumul=0.419533 
t=221 V=3.44915 A=2.00044 W=6.89982 mAh_cumul=121.694 Wh_cumul=0.421449 
t=222 V=3.44905 A=2.00045 W=6.89965 mAh_cumul=122.249 Wh_cumul=0.423366 
t=223 V=3.44896 A=2.00045 W=6.89947 mAh_cumul=122.805 Wh_cumul=0.425282 
t=224 V=3.44888 A=2.00044 W=6.89928 mAh_cumul=123.361 Wh_cumul=0.427199 
t=225 V=3.44878 A=2.00045 W=6.89911 mAh_cumul=123.916 Wh_cumul=0.429115 
t=226 V=3.4487 A=2.00046 W=6.89899 mAh_cumul=124.472 Wh_cumul=0.431032 
t=227 V=3.4486 A=2.00045 W=6.89875 mAh_cumul=125.028 Wh_cumul=0.432948 
t=228 V=3.44851 A=2.00045 W=6.89857 mAh_cumul=125.583 Wh_cumul=0.434864 
t=229 V=3.44842 A=2.00044 W=6.89836 mAh_cumul=126.139 Wh_cumul=0.43678 
t=230 V=3.44834 A=2.00044 W=6.8982 mAh_cumul=126.695 Wh_cumul=0.438697 
t=231 V=3.44826 A=2.00044 W=6.89804 mAh_cumul=127.25 Wh_cumul=0.440613 
t=232 V=3.44817 A=2.00045 W=6.89789 mAh_cumul=127.806 Wh_cumul=0.442529 
t=233 V=3.44808 A=2.00045 W=6.89771 mAh_cumul=128.362 Wh_cumul=0.444445 
t=234 V=3.44799 A=2.00045 W=6.89753 mAh_cumul=128.917 Wh_cumul=0.446361 
t=235 V=3.4479 A=2.00045 W=6.89735 mAh_cumul=129.473 Wh_cumul=0.448277 
t=236 V=3.44779 A=2.00046 W=6.89717 mAh_cumul=130.029 Wh_cumul=0.450193 
t=237 V=3.44773 A=2.00044 W=6.89698 mAh_cumul=130.585 Wh_cumul=0.452108 
t=238 V=3.44765 A=2.00044 W=6.89682 mAh_cumul=131.14 Wh_cumul=0.454024 
t=239 V=3.44755 A=2.00044 W=6.89662 mAh_cumul=131.696 Wh_cumul=0.45594 
t=240 V=3.44748 A=2.00043 W=6.89644 mAh_cumul=132.252 Wh_cumul=0.457856 
t=241 V=3.44738 A=2.00044 W=6.89628 mAh_cumul=132.807 Wh_cumul=0.459771 
t=242 V=3.44729 A=2.00044 W=6.8961 mAh_cumul=133.363 Wh_cumul=0.461687  r_start 
t=243 V=3.46712 A=1.69979 W=5.89338 mAh_cumul=133.835 Wh_cumul=0.463324 
t=244 V=3.46749 A=1.6998 W=5.89404 mAh_cumul=134.307 Wh_cumul=0.464961 
t=245 V=3.4677 A=1.69979 W=5.89436 mAh_cumul=134.779 Wh_cumul=0.466598 
t=246 V=3.46785 A=1.69981 W=5.89469 mAh_cumul=135.252 Wh_cumul=0.468236 
t=247 V=3.46801 A=1.6998 W=5.89492 mAh_cumul=135.724 Wh_cumul=0.469873 
t=248 V=3.46816 A=1.6998 W=5.89518 mAh_cumul=136.196 Wh_cumul=0.471511 
t=249 V=3.46822 A=1.6998 W=5.89528 mAh_cumul=136.668 Wh_cumul=0.473148 
t=250 V=3.46833 A=1.6998 W=5.89547 mAh_cumul=137.14 Wh_cumul=0.474786 
t=251 V=3.46841 A=1.6998 W=5.8956 mAh_cumul=137.612 Wh_cumul=0.476424 
t=252 V=3.46847 A=1.6998 W=5.89571 mAh_cumul=138.085 Wh_cumul=0.478061  r_2 
t=253 V=3.40892 A=2.60037 W=8.86445 mAh_cumul=138.807 Wh_cumul=0.480524 
t=254 V=3.4076 A=2.60036 W=8.86099 mAh_cumul=139.529 Wh_cumul=0.482985 
t=255 V=3.40674 A=2.60037 W=8.85878 mAh_cumul=140.252 Wh_cumul=0.485446 
t=256 V=3.40599 A=2.60037 W=8.85683 mAh_cumul=140.974 Wh_cumul=0.487906 
t=257 V=3.40534 A=2.60035 W=8.85508 mAh_cumul=141.696 Wh_cumul=0.490366 
t=258 V=3.40476 A=2.60036 W=8.8536 mAh_cumul=142.419 Wh_cumul=0.492825 
t=259 V=3.40422 A=2.60035 W=8.85216 mAh_cumul=143.141 Wh_cumul=0.495284 
t=260 V=3.40369 A=2.60035 W=8.85079 mAh_cumul=143.863 Wh_cumul=0.497743 
t=261 V=3.40323 A=2.60036 W=8.84962 mAh_cumul=144.585 Wh_cumul=0.500201 
t=262 V=3.40278 A=2.60036 W=8.84845 mAh_cumul=145.308 Wh_cumul=0.502659  r_3 
t=263 V=3.46233 A=1.69979 W=5.88523 mAh_cumul=145.78 Wh_cumul=0.504294 
t=264 V=3.4632 A=1.69978 W=5.88668 mAh_cumul=146.252 Wh_cumul=0.505929 
t=265 V=3.46366 A=1.69979 W=5.88749 mAh_cumul=146.724 Wh_cumul=0.507564 
t=266 V=3.46403 A=1.69978 W=5.88809 mAh_cumul=147.196 Wh_cumul=0.5092 
t=267 V=3.46432 A=1.69978 W=5.88858 mAh_cumul=147.669 Wh_cumul=0.510835 
t=268 V=3.46458 A=1.69979 W=5.88906 mAh_cumul=148.141 Wh_cumul=0.512471 
t=269 V=3.46479 A=1.69979 W=5.88942 mAh_cumul=148.613 Wh_cumul=0.514107 
t=270 V=3.46498 A=1.69979 W=5.88974 mAh_cumul=149.085 Wh_cumul=0.515743 
t=271 V=3.46517 A=1.69978 W=5.89003 mAh_cumul=149.557 Wh_cumul=0.517379 
t=272 V=3.46531 A=1.69978 W=5.89026 mAh_cumul=150.029 Wh_cumul=0.519016  r_end r=0.0711882 
t=273 V=3.44551 A=2.00043 W=6.8925 mAh_cumul=150.585 Wh_cumul=0.52093 
t=274 V=3.44519 A=2.00045 W=6.89193 mAh_cumul=151.141 Wh_cumul=0.522845 
t=275 V=3.44498 A=2.00045 W=6.89151 mAh_cumul=151.696 Wh_cumul=0.524759 
t=276 V=3.44484 A=2.00044 W=6.8912 mAh_cumul=152.252 Wh_cumul=0.526673 
t=277 V=3.44471 A=2.00042 W=6.89087 mAh_cumul=152.808 Wh_cumul=0.528587 
t=278 V=3.44459 A=2.00045 W=6.89073 mAh_cumul=153.363 Wh_cumul=0.530501 
t=279 V=3.44445 A=2.00044 W=6.89042 mAh_cumul=153.919 Wh_cumul=0.532415 
t=280 V=3.44434 A=2.00045 W=6.89023 mAh_cumul=154.475 Wh_cumul=0.534329 
t=281 V=3.44424 A=2.00044 W=6.89 mAh_cumul=155.031 Wh_cumul=0.536243 
t=282 V=3.44413 A=2.00044 W=6.88978 mAh_cumul=155.586 Wh_cumul=0.538157 
t=283 V=3.444 A=2.00045 W=6.88955 mAh_cumul=156.142 Wh_cumul=0.540071 
t=284 V=3.44394 A=2.00044 W=6.8894 mAh_cumul=156.698 Wh_cumul=0.541985 
t=285 V=3.44385 A=2.00045 W=6.88925 mAh_cumul=157.253 Wh_cumul=0.543898 
t=286 V=3.44375 A=2.00045 W=6.88905 mAh_cumul=157.809 Wh_cumul=0.545812 
t=287 V=3.44368 A=2.00044 W=6.88888 mAh_cumul=158.365 Wh_cumul=0.547725 
t=288 V=3.44355 A=2.00045 W=6.88865 mAh_cumul=158.92 Wh_cumul=0.549639 
t=289 V=3.44348 A=2.00046 W=6.88854 mAh_cumul=159.476 Wh_cumul=0.551552 
t=290 V=3.44339 A=2.00045 W=6.88833 mAh_cumul=160.032 Wh_cumul=0.553466 
t=291 V=3.44333 A=2.00045 W=6.88821 mAh_cumul=160.587 Wh_cumul=0.555379 
t=292 V=3.44322 A=2.00045 W=6.88799 mAh_cumul=161.143 Wh_cumul=0.557293 
t=293 V=3.44313 A=2.00045 W=6.88781 mAh_cumul=161.699 Wh_cumul=0.559206 
t=294 V=3.44306 A=2.00045 W=6.88767 mAh_cumul=162.254 Wh_cumul=0.561119 
t=295 V=3.44296 A=2.00046 W=6.8875 mAh_cumul=162.81 Wh_cumul=0.563032 
t=296 V=3.44289 A=2.00045 W=6.88733 mAh_cumul=163.366 Wh_cumul=0.564945 
t=297 V=3.44279 A=2.00046 W=6.88716 mAh_cumul=163.921 Wh_cumul=0.566859 
t=298 V=3.44269 A=2.00044 W=6.88689 mAh_cumul=164.477 Wh_cumul=0.568772 
t=299 V=3.44261 A=2.00046 W=6.8868 mAh_cumul=165.033 Wh_cumul=0.570685 
t=300 V=3.44256 A=2.00045 W=6.88667 mAh_cumul=165.588 Wh_cumul=0.572598 
t=301 V=3.44245 A=2.00046 W=6.88648 mAh_cumul=166.144 Wh_cumul=0.57451 
t=302 V=3.44236 A=2.00044 W=6.88623 mAh_cumul=166.7 Wh_cumul=0.576423 
t=303 V=3.44229 A=2.00045 W=6.88613 mAh_cumul=167.255 Wh_cumul=0.578336 
t=304 V=3.44221 A=2.00044 W=6.88593 mAh_cumul=167.811 Wh_cumul=0.580249 
t=305 V=3.44208 A=2.00045 W=6.88571 mAh_cumul=168.367 Wh_cumul=0.582162 
t=306 V=3.44204 A=2.00045 W=6.88563 mAh_cumul=168.923 Wh_cumul=0.584074 
t=307 V=3.44193 A=2.00044 W=6.88537 mAh_cumul=169.478 Wh_cumul=0.585987 
t=308 V=3.44187 A=2.00045 W=6.88529 mAh_cumul=170.034 Wh_cumul=0.587899 
t=309 V=3.4418 A=2.00045 W=6.88515 mAh_cumul=170.59 Wh_cumul=0.589812 
t=310 V=3.44172 A=2.00044 W=6.88495 mAh_cumul=171.145 Wh_cumul=0.591724 
t=311 V=3.44162 A=2.00045 W=6.88479 mAh_cumul=171.701 Wh_cumul=0.593637 
t=312 V=3.44153 A=2.00045 W=6.88461 mAh_cumul=172.257 Wh_cumul=0.595549 
t=313 V=3.44146 A=2.00045 W=6.88447 mAh_cumul=172.812 Wh_cumul=0.597462 
t=314 V=3.44137 A=2.00045 W=6.88429 mAh_cumul=173.368 Wh_cumul=0.599374 
t=315 V=3.44127 A=2.00044 W=6.88405 mAh_cumul=173.924 Wh_cumul=0.601286 
t=316 V=3.44119 A=2.00044 W=6.88389 mAh_cumul=174.479 Wh_cumul=0.603198 
t=317 V=3.4411 A=2.00044 W=6.88371 mAh_cumul=175.035 Wh_cumul=0.605111 
t=318 V=3.44104 A=2.00045 W=6.88363 mAh_cumul=175.591 Wh_cumul=0.607023 
t=319 V=3.44094 A=2.00045 W=6.88343 mAh_cumul=176.146 Wh_cumul=0.608935 
t=320 V=3.44086 A=2.00045 W=6.88327 mAh_cumul=176.702 Wh_cumul=0.610847 
t=321 V=3.44078 A=2.00045 W=6.88311 mAh_cumul=177.258 Wh_cumul=0.612759 

ABORTED
Info: CV phase will be skipped.
0 errors cleared
t=0 V=3.6161 A=0.0083503 W=0.0301955 mAh_cumul=0 Wh_cumul=0 
t=2 V=3.61616 A=0.00834788 W=0.0301873 mAh_cumul=0.00463771 Wh_cumul=1.67707e-05 
t=3 V=3.48444 A=2.00048 W=6.97055 mAh_cumul=0.560327 Wh_cumul=0.00195304 
t=4 V=3.48094 A=2.00043 W=6.96338 mAh_cumul=1.116 Wh_cumul=0.00388731 
t=15 V=3.46555 A=2.00042 W=6.93256 mAh_cumul=7.2284 Wh_cumul=0.0250701 
t=17 V=3.46401 A=2.00042 W=6.92947 mAh_cumul=8.33974 Wh_cumul=0.0289198 
t=18 V=3.46315 A=2.00042 W=6.92775 mAh_cumul=8.89541 Wh_cumul=0.0308442 
t=19 V=3.46229 A=2.00042 W=6.92603 mAh_cumul=9.45108 Wh_cumul=0.0327681 
t=20 V=3.46143 A=2.00041 W=6.92428 mAh_cumul=10.0068 Wh_cumul=0.0346915 
t=21 V=3.46063 A=2.00041 W=6.92268 mAh_cumul=10.5624 Wh_cumul=0.0366145 
t=22 V=3.45987 A=2.00043 W=6.92123 mAh_cumul=11.1181 Wh_cumul=0.038537 

ABORTED
Info: CV phase will be skipped.
0 errors cleared
t=0 V=3.59339 A=0.00830067 W=0.0298275 mAh_cumul=0 Wh_cumul=0 
t=2 V=3.59523 A=0.00831381 W=0.0298901 mAh_cumul=0.00461878 Wh_cumul=1.66056e-05 
t=3 V=3.46448 A=2.00047 W=6.93059 mAh_cumul=0.560305 Wh_cumul=0.00194177 
t=4 V=3.46174 A=2.00044 W=6.925 mAh_cumul=1.11598 Wh_cumul=0.00386538 
t=5 V=3.46033 A=2.00044 W=6.92218 mAh_cumul=1.67166 Wh_cumul=0.00578821 
t=6 V=3.4592 A=2.00044 W=6.91992 mAh_cumul=2.22734 Wh_cumul=0.00771041 
t=7 V=3.45821 A=2.00043 W=6.91791 mAh_cumul=2.78301 Wh_cumul=0.00963205 
t=8 V=3.45733 A=2.00043 W=6.91615 mAh_cumul=3.33869 Wh_cumul=0.0115532 
t=9 V=3.45646 A=2.00043 W=6.91441 mAh_cumul=3.89436 Wh_cumul=0.0134739 
t=10 V=3.45572 A=2.00042 W=6.91289 mAh_cumul=4.45004 Wh_cumul=0.0153941 
t=11 V=3.45502 A=2.00043 W=6.91153 mAh_cumul=5.00571 Wh_cumul=0.017314 
t=12 V=3.45435 A=2.00042 W=6.91015 mAh_cumul=5.56138 Wh_cumul=0.0192335 
t=13 V=3.45368 A=2.00042 W=6.90881 mAh_cumul=6.11705 Wh_cumul=0.0211526 

ABORTED
