0 errors cleared
t=0 V=3.59346 A=0.00819985 W=0.0294658 mAh_cumul=0 Wh_cumul=0 
t=2 V=3.59204 A=0.00819712 W=0.0294444 mAh_cumul=0.00455396 Wh_cumul=1.6358e-05 
t=3 V=3.59878 A=0.29028 W=1.04465 mAh_cumul=0.0851873 Wh_cumul=0.00030654 
t=4 V=3.59879 A=0.277218 W=0.997649 mAh_cumul=0.162192 Wh_cumul=0.000583664 
t=5 V=3.59879 A=0.268624 W=0.966721 mAh_cumul=0.23681 Wh_cumul=0.000852198 
t=6 V=3.59878 A=0.260999 W=0.939278 mAh_cumul=0.30931 Wh_cumul=0.00111311 
t=7 V=3.59874 A=0.255929 W=0.921022 mAh_cumul=0.380401 Wh_cumul=0.00136895 
t=8 V=3.59877 A=0.251301 W=0.904374 mAh_cumul=0.450207 Wh_cumul=0.00162016 
t=9 V=3.59878 A=0.246596 W=0.887445 mAh_cumul=0.518706 Wh_cumul=0.00186668 
t=10 V=3.59877 A=0.241757 W=0.870028 mAh_cumul=0.585861 Wh_cumul=0.00210835 
t=11 V=3.59881 A=0.237998 W=0.85651 mAh_cumul=0.651971 Wh_cumul=0.00234627 
t=12 V=3.59879 A=0.233815 W=0.841451 mAh_cumul=0.71692 Wh_cumul=0.00258001 
t=13 V=3.5988 A=0.229539 W=0.826065 mAh_cumul=0.780681 Wh_cumul=0.00280947 
t=14 V=3.59879 A=0.225846 W=0.812772 mAh_cumul=0.843416 Wh_cumul=0.00303524 
t=15 V=3.5988 A=0.222983 W=0.802471 mAh_cumul=0.905355 Wh_cumul=0.00325815 
t=16 V=3.59881 A=0.219736 W=0.790788 mAh_cumul=0.966393 Wh_cumul=0.00347781 
t=17 V=3.5988 A=0.215817 W=0.776682 mAh_cumul=1.02634 Wh_cumul=0.00369356 
t=18 V=3.5988 A=0.212038 W=0.763082 mAh_cumul=1.08524 Wh_cumul=0.00390552 
t=19 V=3.59877 A=0.209383 W=0.753521 mAh_cumul=1.1434 Wh_cumul=0.00411483 
t=20 V=3.59879 A=0.206035 W=0.741477 mAh_cumul=1.20064 Wh_cumul=0.0043208 
t=21 V=3.59876 A=0.203366 W=0.731865 mAh_cumul=1.25713 Wh_cumul=0.0045241 
t=22 V=3.59881 A=0.201573 W=0.725423 mAh_cumul=1.31312 Wh_cumul=0.0047256 
t=23 V=3.59879 A=0.199352 W=0.717426 mAh_cumul=1.36849 Wh_cumul=0.00492489 
t=24 V=3.5988 A=0.196528 W=0.707265 mAh_cumul=1.42309 Wh_cumul=0.00512135 
t=25 V=3.59875 A=0.19411 W=0.698553 mAh_cumul=1.477 Wh_cumul=0.00531539 
t=26 V=3.59878 A=0.191842 W=0.690397 mAh_cumul=1.53029 Wh_cumul=0.00550717 
t=27 V=3.59875 A=0.189935 W=0.683529 mAh_cumul=1.58305 Wh_cumul=0.00569704 
t=28 V=3.59877 A=0.188446 W=0.678174 mAh_cumul=1.6354 Wh_cumul=0.00588542 
t=29 V=3.59875 A=0.186524 W=0.671253 mAh_cumul=1.68721 Wh_cumul=0.00607188 
t=30 V=3.59875 A=0.184909 W=0.665441 mAh_cumul=1.73858 Wh_cumul=0.00625672 
t=31 V=3.59877 A=0.182659 W=0.657348 mAh_cumul=1.78931 Wh_cumul=0.00643932 
t=32 V=3.59876 A=0.18021 W=0.648533 mAh_cumul=1.83937 Wh_cumul=0.00661947 
t=33 V=3.59875 A=0.179059 W=0.644389 mAh_cumul=1.88911 Wh_cumul=0.00679847 
t=34 V=3.59878 A=0.177658 W=0.639352 mAh_cumul=1.93846 Wh_cumul=0.00697606 
t=35 V=3.59879 A=0.177124 W=0.637432 mAh_cumul=1.98766 Wh_cumul=0.00715313 
t=36 V=3.59876 A=0.174935 W=0.629549 mAh_cumul=2.03626 Wh_cumul=0.007328 
t=37 V=3.59878 A=0.174383 W=0.627566 mAh_cumul=2.08469 Wh_cumul=0.00750233 
t=38 V=3.5988 A=0.173653 W=0.624942 mAh_cumul=2.13293 Wh_cumul=0.00767592 
t=39 V=3.59881 A=0.171373 W=0.616739 mAh_cumul=2.18054 Wh_cumul=0.00784724 
t=40 V=3.59879 A=0.170116 W=0.612212 mAh_cumul=2.22779 Wh_cumul=0.0080173 
t=41 V=3.59881 A=0.168985 W=0.608145 mAh_cumul=2.27473 Wh_cumul=0.00818623 
t=42 V=3.59879 A=0.167958 W=0.604446 mAh_cumul=2.32139 Wh_cumul=0.00835413 
t=43 V=3.59877 A=0.166201 W=0.598119 mAh_cumul=2.36755 Wh_cumul=0.00852027 
t=44 V=3.59878 A=0.164352 W=0.591467 mAh_cumul=2.41321 Wh_cumul=0.00868457 
t=45 V=3.59876 A=0.162927 W=0.586335 mAh_cumul=2.45846 Wh_cumul=0.00884744 
t=46 V=3.59875 A=0.162038 W=0.583134 mAh_cumul=2.50347 Wh_cumul=0.00900942 
t=47 V=3.59879 A=0.161463 W=0.581071 mAh_cumul=2.54832 Wh_cumul=0.00917083 
t=48 V=3.59881 A=0.160626 W=0.578062 mAh_cumul=2.59294 Wh_cumul=0.0093314 
t=49 V=3.5988 A=0.160101 W=0.576171 mAh_cumul=2.63742 Wh_cumul=0.00949145 
t=50 V=3.59882 A=0.159026 W=0.572306 mAh_cumul=2.68159 Wh_cumul=0.00965042 
t=51 V=3.59881 A=0.158266 W=0.569569 mAh_cumul=2.72555 Wh_cumul=0.00980864 
t=52 V=3.59882 A=0.157424 W=0.566541 mAh_cumul=2.76928 Wh_cumul=0.00996601 
t=53 V=3.59882 A=0.15715 W=0.565555 mAh_cumul=2.81293 Wh_cumul=0.0101231 
t=54 V=3.59879 A=0.155591 W=0.559939 mAh_cumul=2.85615 Wh_cumul=0.0102786 
t=55 V=3.59882 A=0.154384 W=0.5556 mAh_cumul=2.89904 Wh_cumul=0.010433 
t=56 V=3.59878 A=0.152957 W=0.550459 mAh_cumul=2.94153 Wh_cumul=0.0105859 
t=57 V=3.59877 A=0.151423 W=0.544937 mAh_cumul=2.98359 Wh_cumul=0.0107373 
t=58 V=3.59876 A=0.150668 W=0.542218 mAh_cumul=3.02544 Wh_cumul=0.0108879 
t=59 V=3.59877 A=0.148858 W=0.535706 mAh_cumul=3.06679 Wh_cumul=0.0110367 
t=60 V=3.59879 A=0.148183 W=0.533279 mAh_cumul=3.10795 Wh_cumul=0.0111848 
t=61 V=3.59875 A=0.147448 W=0.530628 mAh_cumul=3.14891 Wh_cumul=0.0113322 
t=62 V=3.59878 A=0.146639 W=0.527722 mAh_cumul=3.18964 Wh_cumul=0.0114788 
t=63 V=3.59876 A=0.145824 W=0.524786 mAh_cumul=3.23015 Wh_cumul=0.0116246 
t=64 V=3.59876 A=0.145235 W=0.522666 mAh_cumul=3.27049 Wh_cumul=0.0117698 
t=65 V=3.59876 A=0.143831 W=0.517613 mAh_cumul=3.31044 Wh_cumul=0.0119135 
t=66 V=3.59876 A=0.143373 W=0.515965 mAh_cumul=3.35027 Wh_cumul=0.0120569 
t=67 V=3.59877 A=0.143004 W=0.514639 mAh_cumul=3.38999 Wh_cumul=0.0121998 
t=68 V=3.59878 A=0.142083 W=0.511325 mAh_cumul=3.42946 Wh_cumul=0.0123419 
t=69 V=3.59879 A=0.141643 W=0.509743 mAh_cumul=3.46881 Wh_cumul=0.0124834 
t=70 V=3.59879 A=0.140937 W=0.507203 mAh_cumul=3.50796 Wh_cumul=0.0126243 
t=71 V=3.59877 A=0.140601 W=0.505991 mAh_cumul=3.54701 Wh_cumul=0.0127649 
t=72 V=3.59881 A=0.139787 W=0.503067 mAh_cumul=3.58584 Wh_cumul=0.0129046 
t=73 V=3.59878 A=0.138903 W=0.499881 mAh_cumul=3.62443 Wh_cumul=0.0130435 
t=74 V=3.5988 A=0.138273 W=0.497617 mAh_cumul=3.66283 Wh_cumul=0.0131817 
t=75 V=3.59879 A=0.137819 W=0.495982 mAh_cumul=3.70112 Wh_cumul=0.0133195 
t=76 V=3.59879 A=0.137207 W=0.493779 mAh_cumul=3.73923 Wh_cumul=0.0134566 
t=77 V=3.5988 A=0.136627 W=0.491693 mAh_cumul=3.77718 Wh_cumul=0.0135932 
t=78 V=3.59881 A=0.136326 W=0.490611 mAh_cumul=3.81505 Wh_cumul=0.0137295 
t=79 V=3.5988 A=0.135907 W=0.489102 mAh_cumul=3.8528 Wh_cumul=0.0138654 
t=80 V=3.59879 A=0.134755 W=0.484955 mAh_cumul=3.89024 Wh_cumul=0.0140001 
t=81 V=3.59879 A=0.13397 W=0.48213 mAh_cumul=3.92745 Wh_cumul=0.014134 
t=82 V=3.5988 A=0.13381 W=0.481555 mAh_cumul=3.96462 Wh_cumul=0.0142678 
t=83 V=3.59879 A=0.132865 W=0.478153 mAh_cumul=4.00153 Wh_cumul=0.0144006 
t=84 V=3.5988 A=0.132427 W=0.476578 mAh_cumul=4.03831 Wh_cumul=0.014533 
t=85 V=3.5988 A=0.131519 W=0.473311 mAh_cumul=4.07484 Wh_cumul=0.0146645 
t=86 V=3.59881 A=0.130279 W=0.468849 mAh_cumul=4.11103 Wh_cumul=0.0147947 
t=87 V=3.5988 A=0.129481 W=0.465976 mAh_cumul=4.147 Wh_cumul=0.0149241 
t=88 V=3.59876 A=0.128399 W=0.462077 mAh_cumul=4.18267 Wh_cumul=0.0150525 
t=89 V=3.59879 A=0.12859 W=0.462768 mAh_cumul=4.21839 Wh_cumul=0.015181 
t=90 V=3.5988 A=0.129264 W=0.465195 mAh_cumul=4.25429 Wh_cumul=0.0153102 
t=91 V=3.59881 A=0.128737 W=0.4633 mAh_cumul=4.29005 Wh_cumul=0.0154389 
t=92 V=3.5988 A=0.127305 W=0.458145 mAh_cumul=4.32541 Wh_cumul=0.0155662 
t=93 V=3.59878 A=0.127398 W=0.458477 mAh_cumul=4.3608 Wh_cumul=0.0156936 
t=94 V=3.59881 A=0.127524 W=0.458935 mAh_cumul=4.39623 Wh_cumul=0.015821 
t=95 V=3.5988 A=0.126902 W=0.456695 mAh_cumul=4.43148 Wh_cumul=0.0159479 
t=96 V=3.59883 A=0.126386 W=0.454842 mAh_cumul=4.46658 Wh_cumul=0.0160742 
t=97 V=3.59881 A=0.126369 W=0.454778 mAh_cumul=4.50169 Wh_cumul=0.0162006 
t=98 V=3.59881 A=0.126106 W=0.453832 mAh_cumul=4.53672 Wh_cumul=0.0163266 
t=99 V=3.59883 A=0.125159 W=0.450426 mAh_cumul=4.57148 Wh_cumul=0.0164518 
t=100 V=3.59881 A=0.124915 W=0.449545 mAh_cumul=4.60618 Wh_cumul=0.0165766 
t=101 V=3.59883 A=0.124466 W=0.447932 mAh_cumul=4.64075 Wh_cumul=0.0167011 
t=102 V=3.59886 A=0.123876 W=0.445812 mAh_cumul=4.67516 Wh_cumul=0.0168249 
t=103 V=3.59882 A=0.123746 W=0.44534 mAh_cumul=4.70954 Wh_cumul=0.0169486 
t=104 V=3.59883 A=0.123686 W=0.445125 mAh_cumul=4.7439 Wh_cumul=0.0170722 
t=105 V=3.59883 A=0.123001 W=0.44266 mAh_cumul=4.77806 Wh_cumul=0.0171952 
t=106 V=3.59884 A=0.123107 W=0.443042 mAh_cumul=4.81226 Wh_cumul=0.0173183 
t=107 V=3.59888 A=0.121727 W=0.438081 mAh_cumul=4.84607 Wh_cumul=0.01744 
t=108 V=3.59884 A=0.120196 W=0.432566 mAh_cumul=4.87946 Wh_cumul=0.0175601 
t=109 V=3.59884 A=0.119558 W=0.43027 mAh_cumul=4.91267 Wh_cumul=0.0176796 
t=110 V=3.59881 A=0.119202 W=0.428985 mAh_cumul=4.94578 Wh_cumul=0.0177988 
t=111 V=3.59879 A=0.118611 W=0.426856 mAh_cumul=4.97873 Wh_cumul=0.0179174 
t=112 V=3.59881 A=0.117864 W=0.42417 mAh_cumul=5.01147 Wh_cumul=0.0180352 
t=113 V=3.59879 A=0.116973 W=0.420961 mAh_cumul=5.04396 Wh_cumul=0.0181521 
t=114 V=3.59878 A=0.116192 W=0.418149 mAh_cumul=5.07624 Wh_cumul=0.0182683 
t=115 V=3.59878 A=0.115855 W=0.416937 mAh_cumul=5.10842 Wh_cumul=0.0183841 
t=116 V=3.59878 A=0.115372 W=0.415198 mAh_cumul=5.14047 Wh_cumul=0.0184994 
t=117 V=3.5988 A=0.115732 W=0.416496 mAh_cumul=5.17262 Wh_cumul=0.0186151 
t=118 V=3.59883 A=0.114957 W=0.413711 mAh_cumul=5.20455 Wh_cumul=0.01873 
t=119 V=3.59882 A=0.114423 W=0.411788 mAh_cumul=5.23633 Wh_cumul=0.0188444 
t=120 V=3.59878 A=0.114357 W=0.411546 mAh_cumul=5.2681 Wh_cumul=0.0189587 
t=121 V=3.59882 A=0.114756 W=0.412986 mAh_cumul=5.29997 Wh_cumul=0.0190735 
t=122 V=3.5988 A=0.114816 W=0.4132 mAh_cumul=5.33187 Wh_cumul=0.0191882 
t=123 V=3.5988 A=0.11366 W=0.40904 mAh_cumul=5.36344 Wh_cumul=0.0193019 
t=124 V=3.59877 A=0.11275 W=0.405761 mAh_cumul=5.39476 Wh_cumul=0.0194146 
t=125 V=3.59878 A=0.111513 W=0.401311 mAh_cumul=5.42574 Wh_cumul=0.0195261 
t=126 V=3.59876 A=0.111286 W=0.400492 mAh_cumul=5.45665 Wh_cumul=0.0196373 
t=127 V=3.59877 A=0.110922 W=0.399183 mAh_cumul=5.48746 Wh_cumul=0.0197482 
t=128 V=3.59877 A=0.110599 W=0.39802 mAh_cumul=5.51818 Wh_cumul=0.0198587 
t=129 V=3.5988 A=0.110898 W=0.3991 mAh_cumul=5.54899 Wh_cumul=0.0199696 
t=130 V=3.59878 A=0.110314 W=0.396996 mAh_cumul=5.57963 Wh_cumul=0.0200799 
t=131 V=3.59883 A=0.109859 W=0.395364 mAh_cumul=5.61015 Wh_cumul=0.0201897 
t=132 V=3.59878 A=0.108704 W=0.391202 mAh_cumul=5.64034 Wh_cumul=0.0202984 
t=133 V=3.59878 A=0.108657 W=0.391033 mAh_cumul=5.67052 Wh_cumul=0.020407 
t=134 V=3.59877 A=0.107944 W=0.388466 mAh_cumul=5.70051 Wh_cumul=0.0205149 
t=135 V=3.59878 A=0.107446 W=0.386675 mAh_cumul=5.73035 Wh_cumul=0.0206223 
t=136 V=3.59877 A=0.106859 W=0.384561 mAh_cumul=5.76004 Wh_cumul=0.0207291 
t=137 V=3.59876 A=0.106509 W=0.3833 mAh_cumul=5.78962 Wh_cumul=0.0208356 
t=138 V=3.5988 A=0.107295 W=0.386133 mAh_cumul=5.81943 Wh_cumul=0.0209429 
t=139 V=3.5988 A=0.107146 W=0.385597 mAh_cumul=5.84919 Wh_cumul=0.02105 
t=140 V=3.59878 A=0.106964 W=0.38494 mAh_cumul=5.8789 Wh_cumul=0.0211569 
t=141 V=3.59879 A=0.106527 W=0.383368 mAh_cumul=5.90849 Wh_cumul=0.0212634 
t=142 V=3.59882 A=0.106642 W=0.383785 mAh_cumul=5.93812 Wh_cumul=0.02137 
t=143 V=3.59886 A=0.107201 W=0.385801 mAh_cumul=5.96789 Wh_cumul=0.0214772 
t=144 V=3.59884 A=0.107372 W=0.386415 mAh_cumul=5.99772 Wh_cumul=0.0215845 
t=145 V=3.59882 A=0.106436 W=0.383044 mAh_cumul=6.02729 Wh_cumul=0.0216909 
t=146 V=3.59883 A=0.105759 W=0.380609 mAh_cumul=6.05666 Wh_cumul=0.0217966 
t=147 V=3.59879 A=0.104943 W=0.377668 mAh_cumul=6.08581 Wh_cumul=0.0219015 
t=148 V=3.59882 A=0.104785 W=0.377102 mAh_cumul=6.11492 Wh_cumul=0.0220063 
t=149 V=3.59881 A=0.104837 W=0.377288 mAh_cumul=6.14404 Wh_cumul=0.0221111 
t=150 V=3.59883 A=0.104504 W=0.376092 mAh_cumul=6.17307 Wh_cumul=0.0222156 
t=151 V=3.59881 A=0.104877 W=0.377432 mAh_cumul=6.2022 Wh_cumul=0.0223204 
t=152 V=3.59884 A=0.10432 W=0.375431 mAh_cumul=6.23118 Wh_cumul=0.0224247 
t=153 V=3.59886 A=0.104316 W=0.375419 mAh_cumul=6.26016 Wh_cumul=0.022529 
t=154 V=3.59883 A=0.102869 W=0.370208 mAh_cumul=6.28873 Wh_cumul=0.0226318 
t=155 V=3.59884 A=0.101939 W=0.366862 mAh_cumul=6.31705 Wh_cumul=0.0227337 
t=156 V=3.59879 A=0.100837 W=0.362891 mAh_cumul=6.34506 Wh_cumul=0.0228345 
t=157 V=3.59879 A=0.0999666 W=0.359759 mAh_cumul=6.37283 Wh_cumul=0.0229345 
t=158 V=3.59877 A=0.100719 W=0.362465 mAh_cumul=6.40081 Wh_cumul=0.0230351 
t=159 V=3.59885 A=0.101001 W=0.363487 mAh_cumul=6.42886 Wh_cumul=0.0231361 
t=160 V=3.59881 A=0.100524 W=0.361767 mAh_cumul=6.45678 Wh_cumul=0.0232366 
t=161 V=3.59885 A=0.100904 W=0.363138 mAh_cumul=6.48481 Wh_cumul=0.0233375 
t=162 V=3.59883 A=0.100208 W=0.360632 mAh_cumul=6.51265 Wh_cumul=0.0234376 
t=163 V=3.59882 A=0.09961 W=0.358478 mAh_cumul=6.54032 Wh_cumul=0.0235372 
t=164 V=3.5988 A=0.0990554 W=0.356481 mAh_cumul=6.56783 Wh_cumul=0.0236362 
t=165 V=3.59881 A=0.0980531 W=0.352874 mAh_cumul=6.59507 Wh_cumul=0.0237343 
t=166 V=3.59883 A=0.0969486 W=0.348902 mAh_cumul=6.622 Wh_cumul=0.0238312 
t=167 V=3.59881 A=0.096176 W=0.346119 mAh_cumul=6.64872 Wh_cumul=0.0239273 
t=168 V=3.5988 A=0.0972455 W=0.349967 mAh_cumul=6.67573 Wh_cumul=0.0240245 
t=169 V=3.59881 A=0.0964192 W=0.346994 mAh_cumul=6.70251 Wh_cumul=0.0241209 
t=170 V=3.5988 A=0.0967758 W=0.348277 mAh_cumul=6.72939 Wh_cumul=0.0242177 
t=171 V=3.59882 A=0.0960933 W=0.345822 mAh_cumul=6.75609 Wh_cumul=0.0243137 
t=172 V=3.59879 A=0.0948939 W=0.341503 mAh_cumul=6.78245 Wh_cumul=0.0244086 
t=173 V=3.59877 A=0.0945555 W=0.340283 mAh_cumul=6.80871 Wh_cumul=0.0245031 
t=174 V=3.59881 A=0.0945674 W=0.34033 mAh_cumul=6.83498 Wh_cumul=0.0245977 
t=175 V=3.59882 A=0.0947091 W=0.340841 mAh_cumul=6.86129 Wh_cumul=0.0246923 
t=176 V=3.59878 A=0.0941291 W=0.33875 mAh_cumul=6.88744 Wh_cumul=0.0247864 
t=177 V=3.59877 A=0.0936152 W=0.3369 mAh_cumul=6.91344 Wh_cumul=0.02488 
t=178 V=3.59882 A=0.0943706 W=0.339623 mAh_cumul=6.93965 Wh_cumul=0.0249743 
t=179 V=3.59883 A=0.0937786 W=0.337493 mAh_cumul=6.9657 Wh_cumul=0.0250681 
t=180 V=3.59883 A=0.0929625 W=0.334556 mAh_cumul=6.99153 Wh_cumul=0.025161 
t=181 V=3.59879 A=0.0927328 W=0.333726 mAh_cumul=7.01729 Wh_cumul=0.0252537 
t=182 V=3.59877 A=0.0916265 W=0.329743 mAh_cumul=7.04274 Wh_cumul=0.0253453 
t=183 V=3.59877 A=0.0916367 W=0.329779 mAh_cumul=7.06819 Wh_cumul=0.0254369 
t=184 V=3.59878 A=0.0920517 W=0.331274 mAh_cumul=7.09376 Wh_cumul=0.025529 
t=185 V=3.5988 A=0.092015 W=0.331144 mAh_cumul=7.11932 Wh_cumul=0.0256209 
t=186 V=3.59877 A=0.0909911 W=0.327456 mAh_cumul=7.1446 Wh_cumul=0.0257119 
t=187 V=3.59877 A=0.0903631 W=0.325196 mAh_cumul=7.1697 Wh_cumul=0.0258022 
t=188 V=3.59879 A=0.090074 W=0.324157 mAh_cumul=7.19472 Wh_cumul=0.0258923 
t=189 V=3.59875 A=0.0898243 W=0.323255 mAh_cumul=7.21967 Wh_cumul=0.0259821 
t=190 V=3.59878 A=0.0894946 W=0.322071 mAh_cumul=7.24453 Wh_cumul=0.0260715 
t=191 V=3.59875 A=0.0893652 W=0.321603 mAh_cumul=7.26935 Wh_cumul=0.0261609 
t=192 V=3.59877 A=0.0886922 W=0.319183 mAh_cumul=7.29399 Wh_cumul=0.0262495 
t=193 V=3.59876 A=0.0881443 W=0.31721 mAh_cumul=7.31847 Wh_cumul=0.0263376 
t=194 V=3.59874 A=0.0888522 W=0.319756 mAh_cumul=7.34316 Wh_cumul=0.0264265 
t=195 V=3.59878 A=0.0885076 W=0.318519 mAh_cumul=7.36774 Wh_cumul=0.0265149 
t=196 V=3.59876 A=0.0886979 W=0.319202 mAh_cumul=7.39238 Wh_cumul=0.0266036 
t=197 V=3.59877 A=0.0879068 W=0.316356 mAh_cumul=7.4168 Wh_cumul=0.0266915 
t=198 V=3.59876 A=0.0878405 W=0.316117 mAh_cumul=7.4412 Wh_cumul=0.0267793 
t=199 V=3.5988 A=0.0872533 W=0.314007 mAh_cumul=7.46543 Wh_cumul=0.0268665 
t=200 V=3.59879 A=0.0872084 W=0.313845 mAh_cumul=7.48966 Wh_cumul=0.0269537 
t=201 V=3.59881 A=0.0882405 W=0.317561 mAh_cumul=7.51417 Wh_cumul=0.0270419 
t=202 V=3.59882 A=0.0888219 W=0.319654 mAh_cumul=7.53884 Wh_cumul=0.0271307 
t=203 V=3.59883 A=0.0893206 W=0.32145 mAh_cumul=7.56365 Wh_cumul=0.02722 
t=204 V=3.59887 A=0.0887945 W=0.31956 mAh_cumul=7.58832 Wh_cumul=0.0273088 
t=205 V=3.59881 A=0.0871844 W=0.31376 mAh_cumul=7.61254 Wh_cumul=0.0273959 
t=206 V=3.59879 A=0.086488 W=0.311252 mAh_cumul=7.63656 Wh_cumul=0.0274824 
t=207 V=3.59878 A=0.0856655 W=0.308291 mAh_cumul=7.66036 Wh_cumul=0.027568 
t=208 V=3.5988 A=0.0859912 W=0.309465 mAh_cumul=7.68424 Wh_cumul=0.027654 
t=209 V=3.59879 A=0.0861948 W=0.310197 mAh_cumul=7.70819 Wh_cumul=0.0277401 
t=210 V=3.5988 A=0.0853171 W=0.307039 mAh_cumul=7.73189 Wh_cumul=0.0278254 
t=211 V=3.59877 A=0.0852236 W=0.3067 mAh_cumul=7.75556 Wh_cumul=0.0279106 
t=212 V=3.59882 A=0.0851512 W=0.306444 mAh_cumul=7.77921 Wh_cumul=0.0279957 
t=213 V=3.59875 A=0.0844832 W=0.304034 mAh_cumul=7.80268 Wh_cumul=0.0280802 
t=214 V=3.5988 A=0.0847455 W=0.304982 mAh_cumul=7.82622 Wh_cumul=0.0281649 
t=215 V=3.59879 A=0.0847618 W=0.30504 mAh_cumul=7.84977 Wh_cumul=0.0282496 
t=216 V=3.59883 A=0.0849388 W=0.30568 mAh_cumul=7.87336 Wh_cumul=0.0283346 
t=217 V=3.59884 A=0.0853648 W=0.307214 mAh_cumul=7.89707 Wh_cumul=0.0284199 
t=218 V=3.59883 A=0.0844911 W=0.304069 mAh_cumul=7.92054 Wh_cumul=0.0285044 
t=219 V=3.59882 A=0.0835829 W=0.3008 mAh_cumul=7.94376 Wh_cumul=0.0285879 
t=220 V=3.5988 A=0.0831268 W=0.299157 mAh_cumul=7.96685 Wh_cumul=0.028671 
t=221 V=3.59876 A=0.0828072 W=0.298003 mAh_cumul=7.98985 Wh_cumul=0.0287538 
t=222 V=3.59879 A=0.0822771 W=0.296098 mAh_cumul=8.01271 Wh_cumul=0.028836 
t=223 V=3.59877 A=0.0820928 W=0.295433 mAh_cumul=8.03551 Wh_cumul=0.0289181 
t=224 V=3.59881 A=0.0818934 W=0.294719 mAh_cumul=8.05826 Wh_cumul=0.029 
t=225 V=3.59879 A=0.0811987 W=0.292217 mAh_cumul=8.08081 Wh_cumul=0.0290811 
t=226 V=3.59875 A=0.0811751 W=0.292129 mAh_cumul=8.10336 Wh_cumul=0.0291623 
t=227 V=3.59878 A=0.0818462 W=0.294546 mAh_cumul=8.1261 Wh_cumul=0.0292441 
t=228 V=3.59879 A=0.0819806 W=0.295031 mAh_cumul=8.14887 Wh_cumul=0.0293261 
t=229 V=3.59882 A=0.082057 W=0.295308 mAh_cumul=8.17166 Wh_cumul=0.0294081 
t=230 V=3.5988 A=0.0818203 W=0.294455 mAh_cumul=8.19439 Wh_cumul=0.0294899 
t=231 V=3.59881 A=0.0828987 W=0.298337 mAh_cumul=8.21742 Wh_cumul=0.0295728 
t=232 V=3.59882 A=0.0827482 W=0.297796 mAh_cumul=8.2404 Wh_cumul=0.0296555 
t=233 V=3.59883 A=0.082143 W=0.295619 mAh_cumul=8.26322 Wh_cumul=0.0297376 
t=234 V=3.59881 A=0.0815908 W=0.29363 mAh_cumul=8.28589 Wh_cumul=0.0298192 
t=235 V=3.59883 A=0.0802809 W=0.288917 mAh_cumul=8.30819 Wh_cumul=0.0298994 
t=236 V=3.59879 A=0.080063 W=0.28813 mAh_cumul=8.33043 Wh_cumul=0.0299795 
t=237 V=3.59877 A=0.079845 W=0.287344 mAh_cumul=8.35261 Wh_cumul=0.0300593 
t=238 V=3.59879 A=0.0795918 W=0.286434 mAh_cumul=8.37471 Wh_cumul=0.0301388 
t=239 V=3.59882 A=0.0789683 W=0.284193 mAh_cumul=8.39665 Wh_cumul=0.0302178 
t=240 V=3.59878 A=0.07872 W=0.283296 mAh_cumul=8.41852 Wh_cumul=0.0302965 
t=241 V=3.5988 A=0.0784373 W=0.28228 mAh_cumul=8.4403 Wh_cumul=0.0303749 
t=242 V=3.59878 A=0.0781026 W=0.281074 mAh_cumul=8.462 Wh_cumul=0.030453 
t=243 V=3.5988 A=0.0778541 W=0.280181 mAh_cumul=8.48363 Wh_cumul=0.0305308 
t=244 V=3.5988 A=0.0771365 W=0.277599 mAh_cumul=8.50505 Wh_cumul=0.0306079 
t=245 V=3.59877 A=0.0769389 W=0.276885 mAh_cumul=8.52642 Wh_cumul=0.0306848 
t=246 V=3.59879 A=0.0778879 W=0.280302 mAh_cumul=8.54806 Wh_cumul=0.0307627 
t=247 V=3.59882 A=0.0780889 W=0.281028 mAh_cumul=8.56975 Wh_cumul=0.0308407 
t=248 V=3.59883 A=0.0782223 W=0.281509 mAh_cumul=8.59148 Wh_cumul=0.0309189 
t=249 V=3.59883 A=0.0780773 W=0.280987 mAh_cumul=8.61317 Wh_cumul=0.030997 
t=250 V=3.59882 A=0.0776101 W=0.279305 mAh_cumul=8.63473 Wh_cumul=0.0310746 
t=251 V=3.59882 A=0.0771351 W=0.277595 mAh_cumul=8.65615 Wh_cumul=0.0311517 
t=252 V=3.59882 A=0.0774009 W=0.278552 mAh_cumul=8.67765 Wh_cumul=0.0312291 
t=253 V=3.59881 A=0.0768035 W=0.276401 mAh_cumul=8.69899 Wh_cumul=0.0313058 
t=254 V=3.59881 A=0.0765667 W=0.275549 mAh_cumul=8.72026 Wh_cumul=0.0313824 
t=255 V=3.59881 A=0.0758855 W=0.273097 mAh_cumul=8.74134 Wh_cumul=0.0314582 
t=256 V=3.5988 A=0.0753934 W=0.271326 mAh_cumul=8.76228 Wh_cumul=0.0315336 
t=257 V=3.59879 A=0.074851 W=0.269373 mAh_cumul=8.78307 Wh_cumul=0.0316084 
t=258 V=3.59876 A=0.0747655 W=0.269063 mAh_cumul=8.80384 Wh_cumul=0.0316832 
t=259 V=3.5988 A=0.0746755 W=0.268742 mAh_cumul=8.82458 Wh_cumul=0.0317578 
t=260 V=3.59878 A=0.0752952 W=0.270971 mAh_cumul=8.8455 Wh_cumul=0.0318331 
t=261 V=3.59882 A=0.0749364 W=0.269683 mAh_cumul=8.86631 Wh_cumul=0.031908 
t=262 V=3.59879 A=0.0740302 W=0.266419 mAh_cumul=8.88688 Wh_cumul=0.031982 
t=263 V=3.5988 A=0.0745312 W=0.268223 mAh_cumul=8.90758 Wh_cumul=0.0320565 
t=264 V=3.59883 A=0.0748446 W=0.269353 mAh_cumul=8.92837 Wh_cumul=0.0321313 
t=265 V=3.59882 A=0.0743427 W=0.267546 mAh_cumul=8.94902 Wh_cumul=0.0322056 
t=266 V=3.5988 A=0.0736812 W=0.265164 mAh_cumul=8.96949 Wh_cumul=0.0322793 
t=267 V=3.59881 A=0.0735918 W=0.264843 mAh_cumul=8.98993 Wh_cumul=0.0323529 
t=268 V=3.59881 A=0.0739062 W=0.265974 mAh_cumul=9.01046 Wh_cumul=0.0324268 
t=269 V=3.59878 A=0.0735995 W=0.264868 mAh_cumul=9.0309 Wh_cumul=0.0325003 
t=270 V=3.59879 A=0.0730753 W=0.262983 mAh_cumul=9.0512 Wh_cumul=0.0325734 
t=271 V=3.5988 A=0.0730512 W=0.262897 mAh_cumul=9.07149 Wh_cumul=0.0326464 
t=272 V=3.59878 A=0.0720872 W=0.259426 mAh_cumul=9.09152 Wh_cumul=0.0327185 
t=273 V=3.59879 A=0.0722515 W=0.260018 mAh_cumul=9.11159 Wh_cumul=0.0327907 
t=274 V=3.59878 A=0.0721218 W=0.25955 mAh_cumul=9.13162 Wh_cumul=0.0328628 
t=275 V=3.59882 A=0.071953 W=0.258946 mAh_cumul=9.15161 Wh_cumul=0.0329347 
t=276 V=3.59882 A=0.0722238 W=0.25992 mAh_cumul=9.17167 Wh_cumul=0.0330069 
t=277 V=3.59881 A=0.0728239 W=0.262079 mAh_cumul=9.1919 Wh_cumul=0.0330797 
t=278 V=3.59885 A=0.0724913 W=0.260885 mAh_cumul=9.21204 Wh_cumul=0.0331522 
t=279 V=3.5988 A=0.0714822 W=0.25725 mAh_cumul=9.23189 Wh_cumul=0.0332236 
t=280 V=3.59881 A=0.0713688 W=0.256843 mAh_cumul=9.25172 Wh_cumul=0.033295 
t=281 V=3.59881 A=0.0717104 W=0.258072 mAh_cumul=9.27164 Wh_cumul=0.0333667 
t=282 V=3.5988 A=0.0705024 W=0.253724 mAh_cumul=9.29122 Wh_cumul=0.0334372 
t=283 V=3.59877 A=0.0697473 W=0.251004 mAh_cumul=9.31059 Wh_cumul=0.0335069 
t=284 V=3.59875 A=0.0696664 W=0.250712 mAh_cumul=9.32995 Wh_cumul=0.0335765 
t=285 V=3.59878 A=0.0699824 W=0.251851 mAh_cumul=9.34939 Wh_cumul=0.0336465 
t=286 V=3.59877 A=0.0698775 W=0.251473 mAh_cumul=9.3688 Wh_cumul=0.0337163 
t=287 V=3.59881 A=0.0699513 W=0.251741 mAh_cumul=9.38823 Wh_cumul=0.0337863 
t=288 V=3.5988 A=0.0700066 W=0.25194 mAh_cumul=9.40767 Wh_cumul=0.0338563 
t=289 V=3.5988 A=0.069577 W=0.250394 mAh_cumul=9.427 Wh_cumul=0.0339258 
t=290 V=3.59877 A=0.0694765 W=0.25003 mAh_cumul=9.4463 Wh_cumul=0.0339953 
t=291 V=3.59879 A=0.068243 W=0.245592 mAh_cumul=9.46526 Wh_cumul=0.0340635 
t=292 V=3.59875 A=0.0679106 W=0.244393 mAh_cumul=9.48412 Wh_cumul=0.0341314 
t=293 V=3.59875 A=0.0676445 W=0.243436 mAh_cumul=9.50291 Wh_cumul=0.034199 
t=294 V=3.59877 A=0.0680847 W=0.245021 mAh_cumul=9.52182 Wh_cumul=0.034267 
t=295 V=3.59879 A=0.0683217 W=0.245875 mAh_cumul=9.5408 Wh_cumul=0.0343353 
t=296 V=3.59877 A=0.0678373 W=0.244131 mAh_cumul=9.55964 Wh_cumul=0.0344032 
t=297 V=3.59877 A=0.0673246 W=0.242286 mAh_cumul=9.57835 Wh_cumul=0.0344705 
t=298 V=3.5988 A=0.0678551 W=0.244197 mAh_cumul=9.59719 Wh_cumul=0.0345383 
t=299 V=3.59878 A=0.0671489 W=0.241654 mAh_cumul=9.61585 Wh_cumul=0.0346054 
t=300 V=3.59881 A=0.0678294 W=0.244105 mAh_cumul=9.63469 Wh_cumul=0.0346732 
t=301 V=3.59879 A=0.0683605 W=0.246015 mAh_cumul=9.65368 Wh_cumul=0.0347416 
t=302 V=3.59879 A=0.0673712 W=0.242455 mAh_cumul=9.67239 Wh_cumul=0.0348089 
t=303 V=3.59878 A=0.0665621 W=0.239542 mAh_cumul=9.69088 Wh_cumul=0.0348755 
t=304 V=3.59879 A=0.0667084 W=0.24007 mAh_cumul=9.70941 Wh_cumul=0.0349421 
t=305 V=3.59878 A=0.0661297 W=0.237986 mAh_cumul=9.72778 Wh_cumul=0.0350082 
t=306 V=3.59875 A=0.0661053 W=0.237896 mAh_cumul=9.74614 Wh_cumul=0.0350743 
t=307 V=3.59879 A=0.066662 W=0.239903 mAh_cumul=9.76466 Wh_cumul=0.035141 
t=308 V=3.5988 A=0.066342 W=0.238752 mAh_cumul=9.78309 Wh_cumul=0.0352073 
t=309 V=3.59881 A=0.0664653 W=0.239196 mAh_cumul=9.80155 Wh_cumul=0.0352737 
t=310 V=3.59879 A=0.0663102 W=0.238636 mAh_cumul=9.81997 Wh_cumul=0.03534 
t=311 V=3.59879 A=0.0657132 W=0.236488 mAh_cumul=9.83822 Wh_cumul=0.0354057 
t=312 V=3.59877 A=0.06608 W=0.237807 mAh_cumul=9.85658 Wh_cumul=0.0354718 
t=313 V=3.59881 A=0.0658898 W=0.237125 mAh_cumul=9.87488 Wh_cumul=0.0355376 
t=314 V=3.59882 A=0.0659528 W=0.237352 mAh_cumul=9.8932 Wh_cumul=0.0356036 
t=315 V=3.59876 A=0.064778 W=0.23312 mAh_cumul=9.9112 Wh_cumul=0.0356683 
END

